[2023-01-20T21:00:02.361-0300] {taskinstance.py:1087} INFO - Dependencies all met for <TaskInstance: download_catnap.download_files scheduled__2023-01-20T00:00:00+00:00 [queued]>
[2023-01-20T21:00:02.376-0300] {taskinstance.py:1087} INFO - Dependencies all met for <TaskInstance: download_catnap.download_files scheduled__2023-01-20T00:00:00+00:00 [queued]>
[2023-01-20T21:00:02.376-0300] {taskinstance.py:1283} INFO - 
--------------------------------------------------------------------------------
[2023-01-20T21:00:02.376-0300] {taskinstance.py:1284} INFO - Starting attempt 1 of 1
[2023-01-20T21:00:02.377-0300] {taskinstance.py:1285} INFO - 
--------------------------------------------------------------------------------
[2023-01-20T21:00:02.400-0300] {taskinstance.py:1304} INFO - Executing <Task(PythonOperator): download_files> on 2023-01-20 00:00:00+00:00
[2023-01-20T21:00:02.407-0300] {standard_task_runner.py:55} INFO - Started process 25370 to run task
[2023-01-20T21:00:02.409-0300] {standard_task_runner.py:82} INFO - Running: ['***', 'tasks', 'run', 'download_catnap', 'download_files', 'scheduled__2023-01-20T00:00:00+00:00', '--job-id', '330', '--raw', '--subdir', 'DAGS_FOLDER/download_catnap.py', '--cfg-path', '/tmp/tmpo3txhubk']
[2023-01-20T21:00:02.410-0300] {standard_task_runner.py:83} INFO - Job 330: Subtask download_files
[2023-01-20T21:00:02.496-0300] {task_command.py:389} INFO - Running <TaskInstance: download_catnap.download_files scheduled__2023-01-20T00:00:00+00:00 [running]> on host kallo-Ubuntu
[2023-01-20T21:00:02.589-0300] {taskinstance.py:1513} INFO - Exporting the following env vars:
AIRFLOW_CTX_DAG_OWNER=admin
AIRFLOW_CTX_DAG_ID=download_catnap
AIRFLOW_CTX_TASK_ID=download_files
AIRFLOW_CTX_EXECUTION_DATE=2023-01-20T00:00:00+00:00
AIRFLOW_CTX_TRY_NUMBER=1
AIRFLOW_CTX_DAG_RUN_ID=scheduled__2023-01-20T00:00:00+00:00
[2023-01-20T21:00:41.781-0300] {logging_mixin.py:137} INFO - Assay downloaded.
[2023-01-20T21:00:41.801-0300] {logging_mixin.py:137} INFO - Assay.tsv saved.
[2023-01-20T21:00:44.294-0300] {logging_mixin.py:137} INFO - Antibodies downloaded.
[2023-01-20T21:00:44.295-0300] {logging_mixin.py:137} INFO - Antibodies.tsv saved.
[2023-01-20T21:00:45.473-0300] {logging_mixin.py:137} INFO - Antibodies_germlines downloaded.
[2023-01-20T21:00:45.475-0300] {logging_mixin.py:137} INFO - Antibodies_germlines.tsv saved.
[2023-01-20T21:00:47.111-0300] {logging_mixin.py:137} INFO - Antibody_heavy_chain_na_sequences downloaded.
[2023-01-20T21:00:47.112-0300] {logging_mixin.py:137} INFO - Antibody_heavy_chain_na_sequences.fasta saved.
[2023-01-20T21:00:48.450-0300] {logging_mixin.py:137} INFO - Antibody_heavy_chain_aa_sequences downloaded.
[2023-01-20T21:00:48.452-0300] {logging_mixin.py:137} INFO - Antibody_heavy_chain_aa_sequences.fasta saved.
[2023-01-20T21:00:50.105-0300] {logging_mixin.py:137} INFO - Antibody_light_chain_na_sequences downloaded.
[2023-01-20T21:00:50.106-0300] {logging_mixin.py:137} INFO - Antibody_light_chain_na_sequences.fasta saved.
[2023-01-20T21:00:51.634-0300] {logging_mixin.py:137} INFO - Antibody_light_chain_aa_sequences downloaded.
[2023-01-20T21:00:51.635-0300] {logging_mixin.py:137} INFO - Antibody_light_chain_aa_sequences.fasta saved.
[2023-01-20T21:00:53.562-0300] {logging_mixin.py:137} INFO - Viruses downloaded.
[2023-01-20T21:00:53.564-0300] {logging_mixin.py:137} INFO - Viruses.tsv saved.
[2023-01-20T21:01:10.713-0300] {logging_mixin.py:137} INFO - Virus_na_alignment downloaded.
[2023-01-20T21:01:10.720-0300] {logging_mixin.py:137} INFO - Virus_na_alignment.tsv saved.
[2023-01-20T21:01:16.910-0300] {logging_mixin.py:137} INFO - Virus_aa_alignment downloaded.
[2023-01-20T21:01:16.915-0300] {logging_mixin.py:137} INFO - Virus_aa_alignment.tsv saved.
[2023-01-20T21:01:16.915-0300] {python.py:177} INFO - Done. Returned value was: None
[2023-01-20T21:01:16.940-0300] {taskinstance.py:1327} INFO - Marking task as SUCCESS. dag_id=download_catnap, task_id=download_files, execution_date=20230120T000000, start_date=20230121T000002, end_date=20230121T000116
[2023-01-20T21:01:17.006-0300] {local_task_job.py:159} INFO - Task exited with return code 0
[2023-01-20T21:01:17.048-0300] {taskinstance.py:2582} INFO - 1 downstream tasks scheduled from follow-on schedule check
