[2022-12-29T17:26:59.954-0300] {taskinstance.py:1087} INFO - Dependencies all met for <TaskInstance: download_catnap.download_files manual__2022-12-29T20:26:57.032005+00:00 [queued]>
[2022-12-29T17:26:59.975-0300] {taskinstance.py:1087} INFO - Dependencies all met for <TaskInstance: download_catnap.download_files manual__2022-12-29T20:26:57.032005+00:00 [queued]>
[2022-12-29T17:26:59.975-0300] {taskinstance.py:1283} INFO - 
--------------------------------------------------------------------------------
[2022-12-29T17:26:59.975-0300] {taskinstance.py:1284} INFO - Starting attempt 1 of 1
[2022-12-29T17:26:59.976-0300] {taskinstance.py:1285} INFO - 
--------------------------------------------------------------------------------
[2022-12-29T17:27:00.006-0300] {taskinstance.py:1304} INFO - Executing <Task(PythonOperator): download_files> on 2022-12-29 20:26:57.032005+00:00
[2022-12-29T17:27:00.014-0300] {standard_task_runner.py:55} INFO - Started process 25017 to run task
[2022-12-29T17:27:00.020-0300] {standard_task_runner.py:82} INFO - Running: ['***', 'tasks', 'run', 'download_catnap', 'download_files', 'manual__2022-12-29T20:26:57.032005+00:00', '--job-id', '32', '--raw', '--subdir', 'DAGS_FOLDER/download_catnap.py', '--cfg-path', '/tmp/tmpdmxjibhr']
[2022-12-29T17:27:00.022-0300] {standard_task_runner.py:83} INFO - Job 32: Subtask download_files
[2022-12-29T17:27:00.162-0300] {task_command.py:389} INFO - Running <TaskInstance: download_catnap.download_files manual__2022-12-29T20:26:57.032005+00:00 [running]> on host kallo-Ubuntu
[2022-12-29T17:27:00.332-0300] {taskinstance.py:1513} INFO - Exporting the following env vars:
AIRFLOW_CTX_DAG_OWNER=admin
AIRFLOW_CTX_DAG_ID=download_catnap
AIRFLOW_CTX_TASK_ID=download_files
AIRFLOW_CTX_EXECUTION_DATE=2022-12-29T20:26:57.032005+00:00
AIRFLOW_CTX_TRY_NUMBER=1
AIRFLOW_CTX_DAG_RUN_ID=manual__2022-12-29T20:26:57.032005+00:00
[2022-12-29T17:27:38.444-0300] {logging_mixin.py:137} INFO - Assay downloaded.
[2022-12-29T17:27:38.455-0300] {logging_mixin.py:137} INFO - Assay.tsv saved.
[2022-12-29T17:27:40.799-0300] {logging_mixin.py:137} INFO - Antibodies downloaded.
[2022-12-29T17:27:40.800-0300] {logging_mixin.py:137} INFO - Antibodies.tsv saved.
[2022-12-29T17:27:42.041-0300] {logging_mixin.py:137} INFO - Antibodies_germlines downloaded.
[2022-12-29T17:27:42.042-0300] {logging_mixin.py:137} INFO - Antibodies_germlines.tsv saved.
[2022-12-29T17:27:43.828-0300] {logging_mixin.py:137} INFO - Antibody_heavy_chain_na_sequences downloaded.
[2022-12-29T17:27:43.829-0300] {logging_mixin.py:137} INFO - Antibody_heavy_chain_na_sequences.fasta saved.
[2022-12-29T17:27:45.449-0300] {logging_mixin.py:137} INFO - Antibody_heavy_chain_aa_sequences downloaded.
[2022-12-29T17:27:45.451-0300] {logging_mixin.py:137} INFO - Antibody_heavy_chain_aa_sequences.fasta saved.
[2022-12-29T17:27:47.116-0300] {logging_mixin.py:137} INFO - Antibody_light_chain_na_sequences downloaded.
[2022-12-29T17:27:47.118-0300] {logging_mixin.py:137} INFO - Antibody_light_chain_na_sequences.fasta saved.
[2022-12-29T17:27:48.447-0300] {logging_mixin.py:137} INFO - Antibody_light_chain_aa_sequences downloaded.
[2022-12-29T17:27:48.448-0300] {logging_mixin.py:137} INFO - Antibody_light_chain_aa_sequences.fasta saved.
[2022-12-29T17:27:50.647-0300] {logging_mixin.py:137} INFO - Viruses downloaded.
[2022-12-29T17:27:50.648-0300] {logging_mixin.py:137} INFO - Viruses.tsv saved.
[2022-12-29T17:28:07.212-0300] {logging_mixin.py:137} INFO - Virus_na_alignment downloaded.
[2022-12-29T17:28:07.222-0300] {logging_mixin.py:137} INFO - Virus_na_alignment.tsv saved.
[2022-12-29T17:28:13.714-0300] {logging_mixin.py:137} INFO - Virus_aa_alignment downloaded.
[2022-12-29T17:28:13.719-0300] {logging_mixin.py:137} INFO - Virus_aa_alignment.tsv saved.
[2022-12-29T17:28:13.719-0300] {python.py:177} INFO - Done. Returned value was: None
[2022-12-29T17:28:13.740-0300] {taskinstance.py:1327} INFO - Marking task as SUCCESS. dag_id=download_catnap, task_id=download_files, execution_date=20221229T202657, start_date=20221229T202659, end_date=20221229T202813
[2022-12-29T17:28:13.865-0300] {local_task_job.py:159} INFO - Task exited with return code 0
[2022-12-29T17:28:13.924-0300] {taskinstance.py:2582} INFO - 1 downstream tasks scheduled from follow-on schedule check
