[2022-12-29T17:27:01.893-0300] {taskinstance.py:1087} INFO - Dependencies all met for <TaskInstance: download_catnap.download_files scheduled__2022-11-11T00:00:00+00:00 [queued]>
[2022-12-29T17:27:01.916-0300] {taskinstance.py:1087} INFO - Dependencies all met for <TaskInstance: download_catnap.download_files scheduled__2022-11-11T00:00:00+00:00 [queued]>
[2022-12-29T17:27:01.916-0300] {taskinstance.py:1283} INFO - 
--------------------------------------------------------------------------------
[2022-12-29T17:27:01.917-0300] {taskinstance.py:1284} INFO - Starting attempt 1 of 1
[2022-12-29T17:27:01.917-0300] {taskinstance.py:1285} INFO - 
--------------------------------------------------------------------------------
[2022-12-29T17:27:02.080-0300] {taskinstance.py:1304} INFO - Executing <Task(PythonOperator): download_files> on 2022-11-11 00:00:00+00:00
[2022-12-29T17:27:02.086-0300] {standard_task_runner.py:55} INFO - Started process 25232 to run task
[2022-12-29T17:27:02.090-0300] {standard_task_runner.py:82} INFO - Running: ['***', 'tasks', 'run', 'download_catnap', 'download_files', 'scheduled__2022-11-11T00:00:00+00:00', '--job-id', '41', '--raw', '--subdir', 'DAGS_FOLDER/download_catnap.py', '--cfg-path', '/tmp/tmpw8j_n_le']
[2022-12-29T17:27:02.092-0300] {standard_task_runner.py:83} INFO - Job 41: Subtask download_files
[2022-12-29T17:27:02.228-0300] {task_command.py:389} INFO - Running <TaskInstance: download_catnap.download_files scheduled__2022-11-11T00:00:00+00:00 [running]> on host kallo-Ubuntu
[2022-12-29T17:27:02.404-0300] {taskinstance.py:1513} INFO - Exporting the following env vars:
AIRFLOW_CTX_DAG_OWNER=admin
AIRFLOW_CTX_DAG_ID=download_catnap
AIRFLOW_CTX_TASK_ID=download_files
AIRFLOW_CTX_EXECUTION_DATE=2022-11-11T00:00:00+00:00
AIRFLOW_CTX_TRY_NUMBER=1
AIRFLOW_CTX_DAG_RUN_ID=scheduled__2022-11-11T00:00:00+00:00
[2022-12-29T17:27:41.146-0300] {logging_mixin.py:137} INFO - Assay downloaded.
[2022-12-29T17:27:41.166-0300] {logging_mixin.py:137} INFO - Assay.tsv saved.
[2022-12-29T17:27:42.763-0300] {logging_mixin.py:137} INFO - Antibodies downloaded.
[2022-12-29T17:27:42.764-0300] {logging_mixin.py:137} INFO - Antibodies.tsv saved.
[2022-12-29T17:27:44.172-0300] {logging_mixin.py:137} INFO - Antibodies_germlines downloaded.
[2022-12-29T17:27:44.173-0300] {logging_mixin.py:137} INFO - Antibodies_germlines.tsv saved.
[2022-12-29T17:27:45.984-0300] {logging_mixin.py:137} INFO - Antibody_heavy_chain_na_sequences downloaded.
[2022-12-29T17:27:45.986-0300] {logging_mixin.py:137} INFO - Antibody_heavy_chain_na_sequences.fasta saved.
[2022-12-29T17:27:47.668-0300] {logging_mixin.py:137} INFO - Antibody_heavy_chain_aa_sequences downloaded.
[2022-12-29T17:27:47.669-0300] {logging_mixin.py:137} INFO - Antibody_heavy_chain_aa_sequences.fasta saved.
[2022-12-29T17:27:49.585-0300] {logging_mixin.py:137} INFO - Antibody_light_chain_na_sequences downloaded.
[2022-12-29T17:27:49.587-0300] {logging_mixin.py:137} INFO - Antibody_light_chain_na_sequences.fasta saved.
[2022-12-29T17:27:50.970-0300] {logging_mixin.py:137} INFO - Antibody_light_chain_aa_sequences downloaded.
[2022-12-29T17:27:50.970-0300] {logging_mixin.py:137} INFO - Antibody_light_chain_aa_sequences.fasta saved.
[2022-12-29T17:27:53.020-0300] {logging_mixin.py:137} INFO - Viruses downloaded.
[2022-12-29T17:27:53.022-0300] {logging_mixin.py:137} INFO - Viruses.tsv saved.
[2022-12-29T17:28:08.318-0300] {logging_mixin.py:137} INFO - Virus_na_alignment downloaded.
[2022-12-29T17:28:08.327-0300] {logging_mixin.py:137} INFO - Virus_na_alignment.tsv saved.
[2022-12-29T17:28:14.911-0300] {logging_mixin.py:137} INFO - Virus_aa_alignment downloaded.
[2022-12-29T17:28:14.917-0300] {logging_mixin.py:137} INFO - Virus_aa_alignment.tsv saved.
[2022-12-29T17:28:14.918-0300] {python.py:177} INFO - Done. Returned value was: None
[2022-12-29T17:28:14.941-0300] {taskinstance.py:1327} INFO - Marking task as SUCCESS. dag_id=download_catnap, task_id=download_files, execution_date=20221111T000000, start_date=20221229T202701, end_date=20221229T202814
[2022-12-29T17:28:15.003-0300] {local_task_job.py:159} INFO - Task exited with return code 0
[2022-12-29T17:28:15.282-0300] {taskinstance.py:2582} INFO - 0 downstream tasks scheduled from follow-on schedule check
