[2022-12-14T21:44:02.088-0300] {taskinstance.py:1087} INFO - Dependencies all met for <TaskInstance: download_uniprot.join_antibodies_files manual__2022-12-15T00:43:45.917872+00:00 [queued]>
[2022-12-14T21:44:02.101-0300] {taskinstance.py:1087} INFO - Dependencies all met for <TaskInstance: download_uniprot.join_antibodies_files manual__2022-12-15T00:43:45.917872+00:00 [queued]>
[2022-12-14T21:44:02.101-0300] {taskinstance.py:1283} INFO - 
--------------------------------------------------------------------------------
[2022-12-14T21:44:02.101-0300] {taskinstance.py:1284} INFO - Starting attempt 1 of 1
[2022-12-14T21:44:02.101-0300] {taskinstance.py:1285} INFO - 
--------------------------------------------------------------------------------
[2022-12-14T21:44:02.115-0300] {taskinstance.py:1304} INFO - Executing <Task(PythonOperator): join_antibodies_files> on 2022-12-15 00:43:45.917872+00:00
[2022-12-14T21:44:02.119-0300] {standard_task_runner.py:55} INFO - Started process 140842 to run task
[2022-12-14T21:44:02.121-0300] {standard_task_runner.py:82} INFO - Running: ['***', 'tasks', 'run', 'download_uniprot', 'join_antibodies_files', 'manual__2022-12-15T00:43:45.917872+00:00', '--job-id', '18', '--raw', '--subdir', 'DAGS_FOLDER/download_uniprot.py', '--cfg-path', '/tmp/tmpedulj6dn']
[2022-12-14T21:44:02.122-0300] {standard_task_runner.py:83} INFO - Job 18: Subtask join_antibodies_files
[2022-12-14T21:44:02.205-0300] {task_command.py:389} INFO - Running <TaskInstance: download_uniprot.join_antibodies_files manual__2022-12-15T00:43:45.917872+00:00 [running]> on host kallo-Ubuntu
[2022-12-14T21:44:02.287-0300] {taskinstance.py:1513} INFO - Exporting the following env vars:
AIRFLOW_CTX_DAG_OWNER=Kallox
AIRFLOW_CTX_DAG_ID=download_uniprot
AIRFLOW_CTX_TASK_ID=join_antibodies_files
AIRFLOW_CTX_EXECUTION_DATE=2022-12-15T00:43:45.917872+00:00
AIRFLOW_CTX_TRY_NUMBER=1
AIRFLOW_CTX_DAG_RUN_ID=manual__2022-12-15T00:43:45.917872+00:00
[2022-12-14T21:44:04.462-0300] {python.py:177} INFO - Done. Returned value was: None
[2022-12-14T21:44:04.480-0300] {taskinstance.py:1327} INFO - Marking task as SUCCESS. dag_id=download_uniprot, task_id=join_antibodies_files, execution_date=20221215T004345, start_date=20221215T004402, end_date=20221215T004404
[2022-12-14T21:44:04.539-0300] {local_task_job.py:159} INFO - Task exited with return code 0
[2022-12-14T21:44:04.569-0300] {taskinstance.py:2582} INFO - 1 downstream tasks scheduled from follow-on schedule check
