[2023-01-01T22:18:42.724-0300] {taskinstance.py:1087} INFO - Dependencies all met for <TaskInstance: get_interactions.string.string_download_files manual__2023-01-02T01:18:40.037126+00:00 [queued]>
[2023-01-01T22:18:42.738-0300] {taskinstance.py:1087} INFO - Dependencies all met for <TaskInstance: get_interactions.string.string_download_files manual__2023-01-02T01:18:40.037126+00:00 [queued]>
[2023-01-01T22:18:42.738-0300] {taskinstance.py:1283} INFO - 
--------------------------------------------------------------------------------
[2023-01-01T22:18:42.738-0300] {taskinstance.py:1284} INFO - Starting attempt 1 of 1
[2023-01-01T22:18:42.739-0300] {taskinstance.py:1285} INFO - 
--------------------------------------------------------------------------------
[2023-01-01T22:18:42.760-0300] {taskinstance.py:1304} INFO - Executing <Task(PythonOperator): string.string_download_files> on 2023-01-02 01:18:40.037126+00:00
[2023-01-01T22:18:42.764-0300] {standard_task_runner.py:55} INFO - Started process 26371 to run task
[2023-01-01T22:18:42.767-0300] {standard_task_runner.py:82} INFO - Running: ['***', 'tasks', 'run', 'get_interactions', 'string.string_download_files', 'manual__2023-01-02T01:18:40.037126+00:00', '--job-id', '205', '--raw', '--subdir', 'DAGS_FOLDER/get_interactions.py', '--cfg-path', '/tmp/tmpnj59bb00']
[2023-01-01T22:18:42.769-0300] {standard_task_runner.py:83} INFO - Job 205: Subtask string.string_download_files
[2023-01-01T22:18:42.835-0300] {task_command.py:389} INFO - Running <TaskInstance: get_interactions.string.string_download_files manual__2023-01-02T01:18:40.037126+00:00 [running]> on host kallo-Ubuntu
[2023-01-01T22:18:42.909-0300] {taskinstance.py:1513} INFO - Exporting the following env vars:
AIRFLOW_CTX_DAG_OWNER=Kallox
AIRFLOW_CTX_DAG_ID=get_interactions
AIRFLOW_CTX_TASK_ID=string.string_download_files
AIRFLOW_CTX_EXECUTION_DATE=2023-01-02T01:18:40.037126+00:00
AIRFLOW_CTX_TRY_NUMBER=1
AIRFLOW_CTX_DAG_RUN_ID=manual__2023-01-02T01:18:40.037126+00:00
[2023-01-01T22:18:44.082-0300] {logging_mixin.py:137} INFO - 0
[2023-01-01T22:18:44.660-0300] {logging_mixin.py:137} INFO - 1
[2023-01-01T22:18:45.166-0300] {logging_mixin.py:137} INFO - 2
[2023-01-01T22:18:45.685-0300] {logging_mixin.py:137} INFO - 3
[2023-01-01T22:18:46.185-0300] {logging_mixin.py:137} INFO - 4
[2023-01-01T22:18:46.746-0300] {logging_mixin.py:137} INFO - 5
[2023-01-01T22:18:47.280-0300] {logging_mixin.py:137} INFO - 6
[2023-01-01T22:18:48.253-0300] {logging_mixin.py:137} INFO - 7
[2023-01-01T22:18:48.832-0300] {logging_mixin.py:137} INFO - 8
[2023-01-01T22:18:48.835-0300] {python.py:177} INFO - Done. Returned value was: None
[2023-01-01T22:18:48.851-0300] {taskinstance.py:1327} INFO - Marking task as SUCCESS. dag_id=get_interactions, task_id=string.string_download_files, execution_date=20230102T011840, start_date=20230102T011842, end_date=20230102T011848
[2023-01-01T22:18:48.909-0300] {local_task_job.py:159} INFO - Task exited with return code 0
[2023-01-01T22:18:48.956-0300] {taskinstance.py:2582} INFO - 1 downstream tasks scheduled from follow-on schedule check
