[2023-01-20T19:44:54.096-0300] {taskinstance.py:1087} INFO - Dependencies all met for <TaskInstance: get_antibodies.covabdab manual__2023-01-20T22:44:49.587029+00:00 [queued]>
[2023-01-20T19:44:54.106-0300] {taskinstance.py:1087} INFO - Dependencies all met for <TaskInstance: get_antibodies.covabdab manual__2023-01-20T22:44:49.587029+00:00 [queued]>
[2023-01-20T19:44:54.106-0300] {taskinstance.py:1283} INFO - 
--------------------------------------------------------------------------------
[2023-01-20T19:44:54.106-0300] {taskinstance.py:1284} INFO - Starting attempt 1 of 1
[2023-01-20T19:44:54.107-0300] {taskinstance.py:1285} INFO - 
--------------------------------------------------------------------------------
[2023-01-20T19:44:54.117-0300] {taskinstance.py:1304} INFO - Executing <Task(PythonOperator): covabdab> on 2023-01-20 22:44:49.587029+00:00
[2023-01-20T19:44:54.121-0300] {standard_task_runner.py:55} INFO - Started process 11532 to run task
[2023-01-20T19:44:54.124-0300] {standard_task_runner.py:82} INFO - Running: ['***', 'tasks', 'run', 'get_antibodies', 'covabdab', 'manual__2023-01-20T22:44:49.587029+00:00', '--job-id', '316', '--raw', '--subdir', 'DAGS_FOLDER/get_antibodies.py', '--cfg-path', '/tmp/tmpwj6pcjst']
[2023-01-20T19:44:54.125-0300] {standard_task_runner.py:83} INFO - Job 316: Subtask covabdab
[2023-01-20T19:44:54.185-0300] {task_command.py:389} INFO - Running <TaskInstance: get_antibodies.covabdab manual__2023-01-20T22:44:49.587029+00:00 [running]> on host kallo-Ubuntu
[2023-01-20T19:44:54.250-0300] {taskinstance.py:1513} INFO - Exporting the following env vars:
AIRFLOW_CTX_DAG_OWNER=Kallox
AIRFLOW_CTX_DAG_ID=get_antibodies
AIRFLOW_CTX_TASK_ID=covabdab
AIRFLOW_CTX_EXECUTION_DATE=2023-01-20T22:44:49.587029+00:00
AIRFLOW_CTX_TRY_NUMBER=1
AIRFLOW_CTX_DAG_RUN_ID=manual__2023-01-20T22:44:49.587029+00:00
[2023-01-20T19:44:54.346-0300] {python.py:177} INFO - Done. Returned value was: None
[2023-01-20T19:44:54.358-0300] {taskinstance.py:1327} INFO - Marking task as SUCCESS. dag_id=get_antibodies, task_id=covabdab, execution_date=20230120T224449, start_date=20230120T224454, end_date=20230120T224454
[2023-01-20T19:44:54.375-0300] {local_task_job.py:159} INFO - Task exited with return code 0
[2023-01-20T19:44:54.413-0300] {taskinstance.py:2582} INFO - 1 downstream tasks scheduled from follow-on schedule check
