[2023-01-08T21:00:17.061-0300] {processor.py:153} INFO - Started process (PID=23111) to work on /home/kallox/airflow/dags/download_uniprot.py
[2023-01-08T21:00:17.062-0300] {processor.py:743} INFO - Processing file /home/kallox/airflow/dags/download_uniprot.py for tasks to queue
[2023-01-08T21:00:17.062-0300] {logging_mixin.py:137} INFO - [2023-01-08T21:00:17.062-0300] {dagbag.py:538} INFO - Filling up the DagBag from /home/kallox/airflow/dags/download_uniprot.py
[2023-01-08T21:00:17.313-0300] {processor.py:753} INFO - DAG(s) dict_keys(['download_uniprot']) retrieved from /home/kallox/airflow/dags/download_uniprot.py
[2023-01-08T21:00:17.339-0300] {logging_mixin.py:137} INFO - [2023-01-08T21:00:17.338-0300] {dag.py:2676} INFO - Sync 1 DAGs
[2023-01-08T21:00:17.359-0300] {logging_mixin.py:137} INFO - [2023-01-08T21:00:17.358-0300] {dag.py:3427} INFO - Setting next_dagrun for download_uniprot to 2023-01-01T00:00:00+00:00, run_after=2023-02-01T00:00:00+00:00
[2023-01-08T21:00:17.376-0300] {processor.py:175} INFO - Processing /home/kallox/airflow/dags/download_uniprot.py took 0.318 seconds
[2023-01-08T21:00:47.655-0300] {processor.py:153} INFO - Started process (PID=23233) to work on /home/kallox/airflow/dags/download_uniprot.py
[2023-01-08T21:00:47.656-0300] {processor.py:743} INFO - Processing file /home/kallox/airflow/dags/download_uniprot.py for tasks to queue
[2023-01-08T21:00:47.656-0300] {logging_mixin.py:137} INFO - [2023-01-08T21:00:47.656-0300] {dagbag.py:538} INFO - Filling up the DagBag from /home/kallox/airflow/dags/download_uniprot.py
[2023-01-08T21:00:47.910-0300] {processor.py:753} INFO - DAG(s) dict_keys(['download_uniprot']) retrieved from /home/kallox/airflow/dags/download_uniprot.py
[2023-01-08T21:00:47.941-0300] {logging_mixin.py:137} INFO - [2023-01-08T21:00:47.941-0300] {dag.py:2676} INFO - Sync 1 DAGs
[2023-01-08T21:00:47.962-0300] {logging_mixin.py:137} INFO - [2023-01-08T21:00:47.962-0300] {dag.py:3427} INFO - Setting next_dagrun for download_uniprot to 2023-01-01T00:00:00+00:00, run_after=2023-02-01T00:00:00+00:00
[2023-01-08T21:00:47.976-0300] {processor.py:175} INFO - Processing /home/kallox/airflow/dags/download_uniprot.py took 0.325 seconds
[2023-01-08T21:01:18.224-0300] {processor.py:153} INFO - Started process (PID=23340) to work on /home/kallox/airflow/dags/download_uniprot.py
[2023-01-08T21:01:18.224-0300] {processor.py:743} INFO - Processing file /home/kallox/airflow/dags/download_uniprot.py for tasks to queue
[2023-01-08T21:01:18.225-0300] {logging_mixin.py:137} INFO - [2023-01-08T21:01:18.225-0300] {dagbag.py:538} INFO - Filling up the DagBag from /home/kallox/airflow/dags/download_uniprot.py
[2023-01-08T21:01:18.482-0300] {processor.py:753} INFO - DAG(s) dict_keys(['download_uniprot']) retrieved from /home/kallox/airflow/dags/download_uniprot.py
[2023-01-08T21:01:18.506-0300] {logging_mixin.py:137} INFO - [2023-01-08T21:01:18.506-0300] {dag.py:2676} INFO - Sync 1 DAGs
[2023-01-08T21:01:18.526-0300] {logging_mixin.py:137} INFO - [2023-01-08T21:01:18.526-0300] {dag.py:3427} INFO - Setting next_dagrun for download_uniprot to 2023-01-01T00:00:00+00:00, run_after=2023-02-01T00:00:00+00:00
[2023-01-08T21:01:18.542-0300] {processor.py:175} INFO - Processing /home/kallox/airflow/dags/download_uniprot.py took 0.320 seconds
[2023-01-08T21:01:48.822-0300] {processor.py:153} INFO - Started process (PID=23458) to work on /home/kallox/airflow/dags/download_uniprot.py
[2023-01-08T21:01:48.823-0300] {processor.py:743} INFO - Processing file /home/kallox/airflow/dags/download_uniprot.py for tasks to queue
[2023-01-08T21:01:48.824-0300] {logging_mixin.py:137} INFO - [2023-01-08T21:01:48.824-0300] {dagbag.py:538} INFO - Filling up the DagBag from /home/kallox/airflow/dags/download_uniprot.py
[2023-01-08T21:01:49.078-0300] {processor.py:753} INFO - DAG(s) dict_keys(['download_uniprot']) retrieved from /home/kallox/airflow/dags/download_uniprot.py
[2023-01-08T21:01:49.109-0300] {logging_mixin.py:137} INFO - [2023-01-08T21:01:49.109-0300] {dag.py:2676} INFO - Sync 1 DAGs
[2023-01-08T21:01:49.141-0300] {logging_mixin.py:137} INFO - [2023-01-08T21:01:49.141-0300] {dag.py:3427} INFO - Setting next_dagrun for download_uniprot to 2023-01-01T00:00:00+00:00, run_after=2023-02-01T00:00:00+00:00
[2023-01-08T21:01:49.165-0300] {processor.py:175} INFO - Processing /home/kallox/airflow/dags/download_uniprot.py took 0.345 seconds
[2023-01-08T21:02:19.460-0300] {processor.py:153} INFO - Started process (PID=23554) to work on /home/kallox/airflow/dags/download_uniprot.py
[2023-01-08T21:02:19.461-0300] {processor.py:743} INFO - Processing file /home/kallox/airflow/dags/download_uniprot.py for tasks to queue
[2023-01-08T21:02:19.461-0300] {logging_mixin.py:137} INFO - [2023-01-08T21:02:19.461-0300] {dagbag.py:538} INFO - Filling up the DagBag from /home/kallox/airflow/dags/download_uniprot.py
[2023-01-08T21:02:19.711-0300] {processor.py:753} INFO - DAG(s) dict_keys(['download_uniprot']) retrieved from /home/kallox/airflow/dags/download_uniprot.py
[2023-01-08T21:02:19.735-0300] {logging_mixin.py:137} INFO - [2023-01-08T21:02:19.735-0300] {dag.py:2676} INFO - Sync 1 DAGs
[2023-01-08T21:02:19.755-0300] {logging_mixin.py:137} INFO - [2023-01-08T21:02:19.755-0300] {dag.py:3427} INFO - Setting next_dagrun for download_uniprot to 2023-01-01T00:00:00+00:00, run_after=2023-02-01T00:00:00+00:00
[2023-01-08T21:02:19.775-0300] {processor.py:175} INFO - Processing /home/kallox/airflow/dags/download_uniprot.py took 0.317 seconds
[2023-01-08T21:02:50.038-0300] {processor.py:153} INFO - Started process (PID=23646) to work on /home/kallox/airflow/dags/download_uniprot.py
[2023-01-08T21:02:50.038-0300] {processor.py:743} INFO - Processing file /home/kallox/airflow/dags/download_uniprot.py for tasks to queue
[2023-01-08T21:02:50.039-0300] {logging_mixin.py:137} INFO - [2023-01-08T21:02:50.039-0300] {dagbag.py:538} INFO - Filling up the DagBag from /home/kallox/airflow/dags/download_uniprot.py
[2023-01-08T21:02:50.303-0300] {processor.py:753} INFO - DAG(s) dict_keys(['download_uniprot']) retrieved from /home/kallox/airflow/dags/download_uniprot.py
[2023-01-08T21:02:50.328-0300] {logging_mixin.py:137} INFO - [2023-01-08T21:02:50.327-0300] {dag.py:2676} INFO - Sync 1 DAGs
[2023-01-08T21:02:50.347-0300] {logging_mixin.py:137} INFO - [2023-01-08T21:02:50.347-0300] {dag.py:3427} INFO - Setting next_dagrun for download_uniprot to 2023-01-01T00:00:00+00:00, run_after=2023-02-01T00:00:00+00:00
[2023-01-08T21:02:50.364-0300] {processor.py:175} INFO - Processing /home/kallox/airflow/dags/download_uniprot.py took 0.329 seconds
[2023-01-08T21:03:20.634-0300] {processor.py:153} INFO - Started process (PID=23743) to work on /home/kallox/airflow/dags/download_uniprot.py
[2023-01-08T21:03:20.635-0300] {processor.py:743} INFO - Processing file /home/kallox/airflow/dags/download_uniprot.py for tasks to queue
[2023-01-08T21:03:20.635-0300] {logging_mixin.py:137} INFO - [2023-01-08T21:03:20.635-0300] {dagbag.py:538} INFO - Filling up the DagBag from /home/kallox/airflow/dags/download_uniprot.py
[2023-01-08T21:03:20.890-0300] {processor.py:753} INFO - DAG(s) dict_keys(['download_uniprot']) retrieved from /home/kallox/airflow/dags/download_uniprot.py
[2023-01-08T21:03:20.916-0300] {logging_mixin.py:137} INFO - [2023-01-08T21:03:20.916-0300] {dag.py:2676} INFO - Sync 1 DAGs
[2023-01-08T21:03:20.939-0300] {logging_mixin.py:137} INFO - [2023-01-08T21:03:20.939-0300] {dag.py:3427} INFO - Setting next_dagrun for download_uniprot to 2023-01-01T00:00:00+00:00, run_after=2023-02-01T00:00:00+00:00
[2023-01-08T21:03:20.956-0300] {processor.py:175} INFO - Processing /home/kallox/airflow/dags/download_uniprot.py took 0.324 seconds
[2023-01-08T21:03:51.167-0300] {processor.py:153} INFO - Started process (PID=23834) to work on /home/kallox/airflow/dags/download_uniprot.py
[2023-01-08T21:03:51.167-0300] {processor.py:743} INFO - Processing file /home/kallox/airflow/dags/download_uniprot.py for tasks to queue
[2023-01-08T21:03:51.168-0300] {logging_mixin.py:137} INFO - [2023-01-08T21:03:51.168-0300] {dagbag.py:538} INFO - Filling up the DagBag from /home/kallox/airflow/dags/download_uniprot.py
[2023-01-08T21:03:51.409-0300] {processor.py:753} INFO - DAG(s) dict_keys(['download_uniprot']) retrieved from /home/kallox/airflow/dags/download_uniprot.py
[2023-01-08T21:03:51.432-0300] {logging_mixin.py:137} INFO - [2023-01-08T21:03:51.432-0300] {dag.py:2676} INFO - Sync 1 DAGs
[2023-01-08T21:03:51.453-0300] {logging_mixin.py:137} INFO - [2023-01-08T21:03:51.453-0300] {dag.py:3427} INFO - Setting next_dagrun for download_uniprot to 2023-01-01T00:00:00+00:00, run_after=2023-02-01T00:00:00+00:00
[2023-01-08T21:03:51.471-0300] {processor.py:175} INFO - Processing /home/kallox/airflow/dags/download_uniprot.py took 0.307 seconds
[2023-01-08T21:04:21.739-0300] {processor.py:153} INFO - Started process (PID=23925) to work on /home/kallox/airflow/dags/download_uniprot.py
[2023-01-08T21:04:21.740-0300] {processor.py:743} INFO - Processing file /home/kallox/airflow/dags/download_uniprot.py for tasks to queue
[2023-01-08T21:04:21.741-0300] {logging_mixin.py:137} INFO - [2023-01-08T21:04:21.741-0300] {dagbag.py:538} INFO - Filling up the DagBag from /home/kallox/airflow/dags/download_uniprot.py
[2023-01-08T21:04:21.979-0300] {processor.py:753} INFO - DAG(s) dict_keys(['download_uniprot']) retrieved from /home/kallox/airflow/dags/download_uniprot.py
[2023-01-08T21:04:22.003-0300] {logging_mixin.py:137} INFO - [2023-01-08T21:04:22.002-0300] {dag.py:2676} INFO - Sync 1 DAGs
[2023-01-08T21:04:22.023-0300] {logging_mixin.py:137} INFO - [2023-01-08T21:04:22.023-0300] {dag.py:3427} INFO - Setting next_dagrun for download_uniprot to 2023-01-01T00:00:00+00:00, run_after=2023-02-01T00:00:00+00:00
[2023-01-08T21:04:22.042-0300] {processor.py:175} INFO - Processing /home/kallox/airflow/dags/download_uniprot.py took 0.304 seconds
[2023-01-08T21:04:52.980-0300] {processor.py:153} INFO - Started process (PID=24020) to work on /home/kallox/airflow/dags/download_uniprot.py
[2023-01-08T21:04:52.981-0300] {processor.py:743} INFO - Processing file /home/kallox/airflow/dags/download_uniprot.py for tasks to queue
[2023-01-08T21:04:52.981-0300] {logging_mixin.py:137} INFO - [2023-01-08T21:04:52.981-0300] {dagbag.py:538} INFO - Filling up the DagBag from /home/kallox/airflow/dags/download_uniprot.py
[2023-01-08T21:04:53.251-0300] {processor.py:753} INFO - DAG(s) dict_keys(['download_uniprot']) retrieved from /home/kallox/airflow/dags/download_uniprot.py
[2023-01-08T21:04:53.281-0300] {logging_mixin.py:137} INFO - [2023-01-08T21:04:53.280-0300] {dag.py:2676} INFO - Sync 1 DAGs
[2023-01-08T21:04:53.305-0300] {logging_mixin.py:137} INFO - [2023-01-08T21:04:53.305-0300] {dag.py:3427} INFO - Setting next_dagrun for download_uniprot to 2023-01-01T00:00:00+00:00, run_after=2023-02-01T00:00:00+00:00
[2023-01-08T21:04:53.321-0300] {processor.py:175} INFO - Processing /home/kallox/airflow/dags/download_uniprot.py took 0.344 seconds
[2023-01-08T21:05:23.611-0300] {processor.py:153} INFO - Started process (PID=24123) to work on /home/kallox/airflow/dags/download_uniprot.py
[2023-01-08T21:05:23.612-0300] {processor.py:743} INFO - Processing file /home/kallox/airflow/dags/download_uniprot.py for tasks to queue
[2023-01-08T21:05:23.613-0300] {logging_mixin.py:137} INFO - [2023-01-08T21:05:23.612-0300] {dagbag.py:538} INFO - Filling up the DagBag from /home/kallox/airflow/dags/download_uniprot.py
[2023-01-08T21:05:23.868-0300] {processor.py:753} INFO - DAG(s) dict_keys(['download_uniprot']) retrieved from /home/kallox/airflow/dags/download_uniprot.py
[2023-01-08T21:05:23.893-0300] {logging_mixin.py:137} INFO - [2023-01-08T21:05:23.893-0300] {dag.py:2676} INFO - Sync 1 DAGs
[2023-01-08T21:05:23.913-0300] {logging_mixin.py:137} INFO - [2023-01-08T21:05:23.913-0300] {dag.py:3427} INFO - Setting next_dagrun for download_uniprot to 2023-01-01T00:00:00+00:00, run_after=2023-02-01T00:00:00+00:00
[2023-01-08T21:05:23.932-0300] {processor.py:175} INFO - Processing /home/kallox/airflow/dags/download_uniprot.py took 0.323 seconds
[2023-01-08T21:05:54.224-0300] {processor.py:153} INFO - Started process (PID=24217) to work on /home/kallox/airflow/dags/download_uniprot.py
[2023-01-08T21:05:54.224-0300] {processor.py:743} INFO - Processing file /home/kallox/airflow/dags/download_uniprot.py for tasks to queue
[2023-01-08T21:05:54.225-0300] {logging_mixin.py:137} INFO - [2023-01-08T21:05:54.225-0300] {dagbag.py:538} INFO - Filling up the DagBag from /home/kallox/airflow/dags/download_uniprot.py
[2023-01-08T21:05:54.476-0300] {processor.py:753} INFO - DAG(s) dict_keys(['download_uniprot']) retrieved from /home/kallox/airflow/dags/download_uniprot.py
[2023-01-08T21:05:54.500-0300] {logging_mixin.py:137} INFO - [2023-01-08T21:05:54.500-0300] {dag.py:2676} INFO - Sync 1 DAGs
[2023-01-08T21:05:54.522-0300] {logging_mixin.py:137} INFO - [2023-01-08T21:05:54.522-0300] {dag.py:3427} INFO - Setting next_dagrun for download_uniprot to 2023-01-01T00:00:00+00:00, run_after=2023-02-01T00:00:00+00:00
[2023-01-08T21:05:54.538-0300] {processor.py:175} INFO - Processing /home/kallox/airflow/dags/download_uniprot.py took 0.317 seconds
[2023-01-08T21:06:24.823-0300] {processor.py:153} INFO - Started process (PID=24306) to work on /home/kallox/airflow/dags/download_uniprot.py
[2023-01-08T21:06:24.824-0300] {processor.py:743} INFO - Processing file /home/kallox/airflow/dags/download_uniprot.py for tasks to queue
[2023-01-08T21:06:24.824-0300] {logging_mixin.py:137} INFO - [2023-01-08T21:06:24.824-0300] {dagbag.py:538} INFO - Filling up the DagBag from /home/kallox/airflow/dags/download_uniprot.py
[2023-01-08T21:06:25.074-0300] {processor.py:753} INFO - DAG(s) dict_keys(['download_uniprot']) retrieved from /home/kallox/airflow/dags/download_uniprot.py
[2023-01-08T21:06:25.098-0300] {logging_mixin.py:137} INFO - [2023-01-08T21:06:25.097-0300] {dag.py:2676} INFO - Sync 1 DAGs
[2023-01-08T21:06:25.117-0300] {logging_mixin.py:137} INFO - [2023-01-08T21:06:25.117-0300] {dag.py:3427} INFO - Setting next_dagrun for download_uniprot to 2023-01-01T00:00:00+00:00, run_after=2023-02-01T00:00:00+00:00
[2023-01-08T21:06:25.131-0300] {processor.py:175} INFO - Processing /home/kallox/airflow/dags/download_uniprot.py took 0.310 seconds
[2023-01-08T21:06:55.441-0300] {processor.py:153} INFO - Started process (PID=24401) to work on /home/kallox/airflow/dags/download_uniprot.py
[2023-01-08T21:06:55.442-0300] {processor.py:743} INFO - Processing file /home/kallox/airflow/dags/download_uniprot.py for tasks to queue
[2023-01-08T21:06:55.442-0300] {logging_mixin.py:137} INFO - [2023-01-08T21:06:55.442-0300] {dagbag.py:538} INFO - Filling up the DagBag from /home/kallox/airflow/dags/download_uniprot.py
[2023-01-08T21:06:55.699-0300] {processor.py:753} INFO - DAG(s) dict_keys(['download_uniprot']) retrieved from /home/kallox/airflow/dags/download_uniprot.py
[2023-01-08T21:06:55.724-0300] {logging_mixin.py:137} INFO - [2023-01-08T21:06:55.724-0300] {dag.py:2676} INFO - Sync 1 DAGs
[2023-01-08T21:06:55.744-0300] {logging_mixin.py:137} INFO - [2023-01-08T21:06:55.744-0300] {dag.py:3427} INFO - Setting next_dagrun for download_uniprot to 2023-01-01T00:00:00+00:00, run_after=2023-02-01T00:00:00+00:00
[2023-01-08T21:06:55.761-0300] {processor.py:175} INFO - Processing /home/kallox/airflow/dags/download_uniprot.py took 0.323 seconds
[2023-01-08T21:07:25.989-0300] {processor.py:153} INFO - Started process (PID=24491) to work on /home/kallox/airflow/dags/download_uniprot.py
[2023-01-08T21:07:25.989-0300] {processor.py:743} INFO - Processing file /home/kallox/airflow/dags/download_uniprot.py for tasks to queue
[2023-01-08T21:07:25.990-0300] {logging_mixin.py:137} INFO - [2023-01-08T21:07:25.990-0300] {dagbag.py:538} INFO - Filling up the DagBag from /home/kallox/airflow/dags/download_uniprot.py
[2023-01-08T21:07:26.233-0300] {processor.py:753} INFO - DAG(s) dict_keys(['download_uniprot']) retrieved from /home/kallox/airflow/dags/download_uniprot.py
[2023-01-08T21:07:26.255-0300] {logging_mixin.py:137} INFO - [2023-01-08T21:07:26.255-0300] {dag.py:2676} INFO - Sync 1 DAGs
[2023-01-08T21:07:26.275-0300] {logging_mixin.py:137} INFO - [2023-01-08T21:07:26.275-0300] {dag.py:3427} INFO - Setting next_dagrun for download_uniprot to 2023-01-01T00:00:00+00:00, run_after=2023-02-01T00:00:00+00:00
[2023-01-08T21:07:26.289-0300] {processor.py:175} INFO - Processing /home/kallox/airflow/dags/download_uniprot.py took 0.303 seconds
[2023-01-08T21:07:56.561-0300] {processor.py:153} INFO - Started process (PID=24583) to work on /home/kallox/airflow/dags/download_uniprot.py
[2023-01-08T21:07:56.562-0300] {processor.py:743} INFO - Processing file /home/kallox/airflow/dags/download_uniprot.py for tasks to queue
[2023-01-08T21:07:56.562-0300] {logging_mixin.py:137} INFO - [2023-01-08T21:07:56.562-0300] {dagbag.py:538} INFO - Filling up the DagBag from /home/kallox/airflow/dags/download_uniprot.py
[2023-01-08T21:07:56.821-0300] {processor.py:753} INFO - DAG(s) dict_keys(['download_uniprot']) retrieved from /home/kallox/airflow/dags/download_uniprot.py
[2023-01-08T21:07:56.844-0300] {logging_mixin.py:137} INFO - [2023-01-08T21:07:56.844-0300] {dag.py:2676} INFO - Sync 1 DAGs
[2023-01-08T21:07:56.863-0300] {logging_mixin.py:137} INFO - [2023-01-08T21:07:56.863-0300] {dag.py:3427} INFO - Setting next_dagrun for download_uniprot to 2023-01-01T00:00:00+00:00, run_after=2023-02-01T00:00:00+00:00
[2023-01-08T21:07:56.877-0300] {processor.py:175} INFO - Processing /home/kallox/airflow/dags/download_uniprot.py took 0.320 seconds
[2023-01-08T21:08:27.136-0300] {processor.py:153} INFO - Started process (PID=24675) to work on /home/kallox/airflow/dags/download_uniprot.py
[2023-01-08T21:08:27.137-0300] {processor.py:743} INFO - Processing file /home/kallox/airflow/dags/download_uniprot.py for tasks to queue
[2023-01-08T21:08:27.138-0300] {logging_mixin.py:137} INFO - [2023-01-08T21:08:27.137-0300] {dagbag.py:538} INFO - Filling up the DagBag from /home/kallox/airflow/dags/download_uniprot.py
[2023-01-08T21:08:27.384-0300] {processor.py:753} INFO - DAG(s) dict_keys(['download_uniprot']) retrieved from /home/kallox/airflow/dags/download_uniprot.py
[2023-01-08T21:08:27.407-0300] {logging_mixin.py:137} INFO - [2023-01-08T21:08:27.407-0300] {dag.py:2676} INFO - Sync 1 DAGs
[2023-01-08T21:08:27.427-0300] {logging_mixin.py:137} INFO - [2023-01-08T21:08:27.427-0300] {dag.py:3427} INFO - Setting next_dagrun for download_uniprot to 2023-01-01T00:00:00+00:00, run_after=2023-02-01T00:00:00+00:00
[2023-01-08T21:08:27.444-0300] {processor.py:175} INFO - Processing /home/kallox/airflow/dags/download_uniprot.py took 0.310 seconds
[2023-01-08T21:08:57.771-0300] {processor.py:153} INFO - Started process (PID=24769) to work on /home/kallox/airflow/dags/download_uniprot.py
[2023-01-08T21:08:57.772-0300] {processor.py:743} INFO - Processing file /home/kallox/airflow/dags/download_uniprot.py for tasks to queue
[2023-01-08T21:08:57.772-0300] {logging_mixin.py:137} INFO - [2023-01-08T21:08:57.772-0300] {dagbag.py:538} INFO - Filling up the DagBag from /home/kallox/airflow/dags/download_uniprot.py
[2023-01-08T21:08:58.006-0300] {processor.py:753} INFO - DAG(s) dict_keys(['download_uniprot']) retrieved from /home/kallox/airflow/dags/download_uniprot.py
[2023-01-08T21:08:58.027-0300] {logging_mixin.py:137} INFO - [2023-01-08T21:08:58.027-0300] {dag.py:2676} INFO - Sync 1 DAGs
[2023-01-08T21:08:58.046-0300] {logging_mixin.py:137} INFO - [2023-01-08T21:08:58.046-0300] {dag.py:3427} INFO - Setting next_dagrun for download_uniprot to 2023-01-01T00:00:00+00:00, run_after=2023-02-01T00:00:00+00:00
[2023-01-08T21:08:58.063-0300] {processor.py:175} INFO - Processing /home/kallox/airflow/dags/download_uniprot.py took 0.294 seconds
[2023-01-08T21:09:28.963-0300] {processor.py:153} INFO - Started process (PID=24855) to work on /home/kallox/airflow/dags/download_uniprot.py
[2023-01-08T21:09:28.964-0300] {processor.py:743} INFO - Processing file /home/kallox/airflow/dags/download_uniprot.py for tasks to queue
[2023-01-08T21:09:28.964-0300] {logging_mixin.py:137} INFO - [2023-01-08T21:09:28.964-0300] {dagbag.py:538} INFO - Filling up the DagBag from /home/kallox/airflow/dags/download_uniprot.py
[2023-01-08T21:09:29.228-0300] {processor.py:753} INFO - DAG(s) dict_keys(['download_uniprot']) retrieved from /home/kallox/airflow/dags/download_uniprot.py
[2023-01-08T21:09:29.254-0300] {logging_mixin.py:137} INFO - [2023-01-08T21:09:29.254-0300] {dag.py:2676} INFO - Sync 1 DAGs
[2023-01-08T21:09:29.275-0300] {logging_mixin.py:137} INFO - [2023-01-08T21:09:29.275-0300] {dag.py:3427} INFO - Setting next_dagrun for download_uniprot to 2023-01-01T00:00:00+00:00, run_after=2023-02-01T00:00:00+00:00
[2023-01-08T21:09:29.296-0300] {processor.py:175} INFO - Processing /home/kallox/airflow/dags/download_uniprot.py took 0.335 seconds
[2023-01-08T21:09:59.633-0300] {processor.py:153} INFO - Started process (PID=24952) to work on /home/kallox/airflow/dags/download_uniprot.py
[2023-01-08T21:09:59.634-0300] {processor.py:743} INFO - Processing file /home/kallox/airflow/dags/download_uniprot.py for tasks to queue
[2023-01-08T21:09:59.635-0300] {logging_mixin.py:137} INFO - [2023-01-08T21:09:59.635-0300] {dagbag.py:538} INFO - Filling up the DagBag from /home/kallox/airflow/dags/download_uniprot.py
[2023-01-08T21:09:59.880-0300] {processor.py:753} INFO - DAG(s) dict_keys(['download_uniprot']) retrieved from /home/kallox/airflow/dags/download_uniprot.py
[2023-01-08T21:09:59.903-0300] {logging_mixin.py:137} INFO - [2023-01-08T21:09:59.903-0300] {dag.py:2676} INFO - Sync 1 DAGs
[2023-01-08T21:09:59.924-0300] {logging_mixin.py:137} INFO - [2023-01-08T21:09:59.923-0300] {dag.py:3427} INFO - Setting next_dagrun for download_uniprot to 2023-01-01T00:00:00+00:00, run_after=2023-02-01T00:00:00+00:00
[2023-01-08T21:09:59.939-0300] {processor.py:175} INFO - Processing /home/kallox/airflow/dags/download_uniprot.py took 0.308 seconds
[2023-01-08T21:10:30.226-0300] {processor.py:153} INFO - Started process (PID=25044) to work on /home/kallox/airflow/dags/download_uniprot.py
[2023-01-08T21:10:30.226-0300] {processor.py:743} INFO - Processing file /home/kallox/airflow/dags/download_uniprot.py for tasks to queue
[2023-01-08T21:10:30.227-0300] {logging_mixin.py:137} INFO - [2023-01-08T21:10:30.227-0300] {dagbag.py:538} INFO - Filling up the DagBag from /home/kallox/airflow/dags/download_uniprot.py
[2023-01-08T21:10:30.463-0300] {processor.py:753} INFO - DAG(s) dict_keys(['download_uniprot']) retrieved from /home/kallox/airflow/dags/download_uniprot.py
[2023-01-08T21:10:30.484-0300] {logging_mixin.py:137} INFO - [2023-01-08T21:10:30.484-0300] {dag.py:2676} INFO - Sync 1 DAGs
[2023-01-08T21:10:30.503-0300] {logging_mixin.py:137} INFO - [2023-01-08T21:10:30.503-0300] {dag.py:3427} INFO - Setting next_dagrun for download_uniprot to 2023-01-01T00:00:00+00:00, run_after=2023-02-01T00:00:00+00:00
[2023-01-08T21:10:30.518-0300] {processor.py:175} INFO - Processing /home/kallox/airflow/dags/download_uniprot.py took 0.295 seconds
[2023-01-08T21:11:00.780-0300] {processor.py:153} INFO - Started process (PID=25137) to work on /home/kallox/airflow/dags/download_uniprot.py
[2023-01-08T21:11:00.780-0300] {processor.py:743} INFO - Processing file /home/kallox/airflow/dags/download_uniprot.py for tasks to queue
[2023-01-08T21:11:00.781-0300] {logging_mixin.py:137} INFO - [2023-01-08T21:11:00.781-0300] {dagbag.py:538} INFO - Filling up the DagBag from /home/kallox/airflow/dags/download_uniprot.py
[2023-01-08T21:11:01.016-0300] {processor.py:753} INFO - DAG(s) dict_keys(['download_uniprot']) retrieved from /home/kallox/airflow/dags/download_uniprot.py
[2023-01-08T21:11:01.039-0300] {logging_mixin.py:137} INFO - [2023-01-08T21:11:01.039-0300] {dag.py:2676} INFO - Sync 1 DAGs
[2023-01-08T21:11:01.058-0300] {logging_mixin.py:137} INFO - [2023-01-08T21:11:01.057-0300] {dag.py:3427} INFO - Setting next_dagrun for download_uniprot to 2023-01-01T00:00:00+00:00, run_after=2023-02-01T00:00:00+00:00
[2023-01-08T21:11:01.075-0300] {processor.py:175} INFO - Processing /home/kallox/airflow/dags/download_uniprot.py took 0.297 seconds
[2023-01-08T21:11:31.337-0300] {processor.py:153} INFO - Started process (PID=25231) to work on /home/kallox/airflow/dags/download_uniprot.py
[2023-01-08T21:11:31.337-0300] {processor.py:743} INFO - Processing file /home/kallox/airflow/dags/download_uniprot.py for tasks to queue
[2023-01-08T21:11:31.338-0300] {logging_mixin.py:137} INFO - [2023-01-08T21:11:31.338-0300] {dagbag.py:538} INFO - Filling up the DagBag from /home/kallox/airflow/dags/download_uniprot.py
[2023-01-08T21:11:31.592-0300] {processor.py:753} INFO - DAG(s) dict_keys(['download_uniprot']) retrieved from /home/kallox/airflow/dags/download_uniprot.py
[2023-01-08T21:11:31.618-0300] {logging_mixin.py:137} INFO - [2023-01-08T21:11:31.618-0300] {dag.py:2676} INFO - Sync 1 DAGs
[2023-01-08T21:11:31.640-0300] {logging_mixin.py:137} INFO - [2023-01-08T21:11:31.640-0300] {dag.py:3427} INFO - Setting next_dagrun for download_uniprot to 2023-01-01T00:00:00+00:00, run_after=2023-02-01T00:00:00+00:00
[2023-01-08T21:11:31.659-0300] {processor.py:175} INFO - Processing /home/kallox/airflow/dags/download_uniprot.py took 0.325 seconds
[2023-01-08T21:12:03.695-0300] {processor.py:153} INFO - Started process (PID=25329) to work on /home/kallox/airflow/dags/download_uniprot.py
[2023-01-08T21:12:03.695-0300] {processor.py:743} INFO - Processing file /home/kallox/airflow/dags/download_uniprot.py for tasks to queue
[2023-01-08T21:12:03.696-0300] {logging_mixin.py:137} INFO - [2023-01-08T21:12:03.696-0300] {dagbag.py:538} INFO - Filling up the DagBag from /home/kallox/airflow/dags/download_uniprot.py
[2023-01-08T21:12:03.953-0300] {processor.py:753} INFO - DAG(s) dict_keys(['download_uniprot']) retrieved from /home/kallox/airflow/dags/download_uniprot.py
[2023-01-08T21:12:03.974-0300] {logging_mixin.py:137} INFO - [2023-01-08T21:12:03.974-0300] {dag.py:2676} INFO - Sync 1 DAGs
[2023-01-08T21:12:03.992-0300] {logging_mixin.py:137} INFO - [2023-01-08T21:12:03.992-0300] {dag.py:3427} INFO - Setting next_dagrun for download_uniprot to 2023-01-01T00:00:00+00:00, run_after=2023-02-01T00:00:00+00:00
[2023-01-08T21:12:04.005-0300] {processor.py:175} INFO - Processing /home/kallox/airflow/dags/download_uniprot.py took 0.313 seconds
[2023-01-08T21:12:35.182-0300] {processor.py:153} INFO - Started process (PID=25423) to work on /home/kallox/airflow/dags/download_uniprot.py
[2023-01-08T21:12:35.183-0300] {processor.py:743} INFO - Processing file /home/kallox/airflow/dags/download_uniprot.py for tasks to queue
[2023-01-08T21:12:35.183-0300] {logging_mixin.py:137} INFO - [2023-01-08T21:12:35.183-0300] {dagbag.py:538} INFO - Filling up the DagBag from /home/kallox/airflow/dags/download_uniprot.py
[2023-01-08T21:12:35.407-0300] {processor.py:753} INFO - DAG(s) dict_keys(['download_uniprot']) retrieved from /home/kallox/airflow/dags/download_uniprot.py
[2023-01-08T21:12:35.432-0300] {logging_mixin.py:137} INFO - [2023-01-08T21:12:35.432-0300] {dag.py:2676} INFO - Sync 1 DAGs
[2023-01-08T21:12:35.456-0300] {logging_mixin.py:137} INFO - [2023-01-08T21:12:35.456-0300] {dag.py:3427} INFO - Setting next_dagrun for download_uniprot to 2023-01-01T00:00:00+00:00, run_after=2023-02-01T00:00:00+00:00
[2023-01-08T21:12:35.469-0300] {processor.py:175} INFO - Processing /home/kallox/airflow/dags/download_uniprot.py took 0.289 seconds
[2023-01-08T21:13:06.756-0300] {processor.py:153} INFO - Started process (PID=25516) to work on /home/kallox/airflow/dags/download_uniprot.py
[2023-01-08T21:13:06.757-0300] {processor.py:743} INFO - Processing file /home/kallox/airflow/dags/download_uniprot.py for tasks to queue
[2023-01-08T21:13:06.758-0300] {logging_mixin.py:137} INFO - [2023-01-08T21:13:06.758-0300] {dagbag.py:538} INFO - Filling up the DagBag from /home/kallox/airflow/dags/download_uniprot.py
[2023-01-08T21:13:06.990-0300] {processor.py:753} INFO - DAG(s) dict_keys(['download_uniprot']) retrieved from /home/kallox/airflow/dags/download_uniprot.py
[2023-01-08T21:13:07.012-0300] {logging_mixin.py:137} INFO - [2023-01-08T21:13:07.012-0300] {dag.py:2676} INFO - Sync 1 DAGs
[2023-01-08T21:13:07.030-0300] {logging_mixin.py:137} INFO - [2023-01-08T21:13:07.030-0300] {dag.py:3427} INFO - Setting next_dagrun for download_uniprot to 2023-01-01T00:00:00+00:00, run_after=2023-02-01T00:00:00+00:00
[2023-01-08T21:13:07.048-0300] {processor.py:175} INFO - Processing /home/kallox/airflow/dags/download_uniprot.py took 0.294 seconds
[2023-01-08T21:13:37.537-0300] {processor.py:153} INFO - Started process (PID=25623) to work on /home/kallox/airflow/dags/download_uniprot.py
[2023-01-08T21:13:37.538-0300] {processor.py:743} INFO - Processing file /home/kallox/airflow/dags/download_uniprot.py for tasks to queue
[2023-01-08T21:13:37.539-0300] {logging_mixin.py:137} INFO - [2023-01-08T21:13:37.539-0300] {dagbag.py:538} INFO - Filling up the DagBag from /home/kallox/airflow/dags/download_uniprot.py
[2023-01-08T21:13:37.791-0300] {processor.py:753} INFO - DAG(s) dict_keys(['download_uniprot']) retrieved from /home/kallox/airflow/dags/download_uniprot.py
[2023-01-08T21:13:37.811-0300] {logging_mixin.py:137} INFO - [2023-01-08T21:13:37.811-0300] {dag.py:2676} INFO - Sync 1 DAGs
[2023-01-08T21:13:37.829-0300] {logging_mixin.py:137} INFO - [2023-01-08T21:13:37.829-0300] {dag.py:3427} INFO - Setting next_dagrun for download_uniprot to 2023-01-01T00:00:00+00:00, run_after=2023-02-01T00:00:00+00:00
[2023-01-08T21:13:37.846-0300] {processor.py:175} INFO - Processing /home/kallox/airflow/dags/download_uniprot.py took 0.311 seconds
[2023-01-08T21:14:09.796-0300] {processor.py:153} INFO - Started process (PID=25726) to work on /home/kallox/airflow/dags/download_uniprot.py
[2023-01-08T21:14:09.797-0300] {processor.py:743} INFO - Processing file /home/kallox/airflow/dags/download_uniprot.py for tasks to queue
[2023-01-08T21:14:09.797-0300] {logging_mixin.py:137} INFO - [2023-01-08T21:14:09.797-0300] {dagbag.py:538} INFO - Filling up the DagBag from /home/kallox/airflow/dags/download_uniprot.py
[2023-01-08T21:14:10.166-0300] {processor.py:753} INFO - DAG(s) dict_keys(['download_uniprot']) retrieved from /home/kallox/airflow/dags/download_uniprot.py
[2023-01-08T21:14:10.195-0300] {logging_mixin.py:137} INFO - [2023-01-08T21:14:10.195-0300] {dag.py:2676} INFO - Sync 1 DAGs
[2023-01-08T21:14:10.218-0300] {logging_mixin.py:137} INFO - [2023-01-08T21:14:10.217-0300] {dag.py:3427} INFO - Setting next_dagrun for download_uniprot to 2023-01-01T00:00:00+00:00, run_after=2023-02-01T00:00:00+00:00
[2023-01-08T21:14:10.236-0300] {processor.py:175} INFO - Processing /home/kallox/airflow/dags/download_uniprot.py took 0.445 seconds
[2023-01-08T21:14:41.277-0300] {processor.py:153} INFO - Started process (PID=25818) to work on /home/kallox/airflow/dags/download_uniprot.py
[2023-01-08T21:14:41.278-0300] {processor.py:743} INFO - Processing file /home/kallox/airflow/dags/download_uniprot.py for tasks to queue
[2023-01-08T21:14:41.278-0300] {logging_mixin.py:137} INFO - [2023-01-08T21:14:41.278-0300] {dagbag.py:538} INFO - Filling up the DagBag from /home/kallox/airflow/dags/download_uniprot.py
[2023-01-08T21:14:41.498-0300] {processor.py:753} INFO - DAG(s) dict_keys(['download_uniprot']) retrieved from /home/kallox/airflow/dags/download_uniprot.py
[2023-01-08T21:14:41.522-0300] {logging_mixin.py:137} INFO - [2023-01-08T21:14:41.521-0300] {dag.py:2676} INFO - Sync 1 DAGs
[2023-01-08T21:14:41.540-0300] {logging_mixin.py:137} INFO - [2023-01-08T21:14:41.540-0300] {dag.py:3427} INFO - Setting next_dagrun for download_uniprot to 2023-01-01T00:00:00+00:00, run_after=2023-02-01T00:00:00+00:00
[2023-01-08T21:14:41.556-0300] {processor.py:175} INFO - Processing /home/kallox/airflow/dags/download_uniprot.py took 0.281 seconds
[2023-01-08T21:15:13.223-0300] {processor.py:153} INFO - Started process (PID=25916) to work on /home/kallox/airflow/dags/download_uniprot.py
[2023-01-08T21:15:13.224-0300] {processor.py:743} INFO - Processing file /home/kallox/airflow/dags/download_uniprot.py for tasks to queue
[2023-01-08T21:15:13.225-0300] {logging_mixin.py:137} INFO - [2023-01-08T21:15:13.225-0300] {dagbag.py:538} INFO - Filling up the DagBag from /home/kallox/airflow/dags/download_uniprot.py
[2023-01-08T21:15:13.456-0300] {processor.py:753} INFO - DAG(s) dict_keys(['download_uniprot']) retrieved from /home/kallox/airflow/dags/download_uniprot.py
[2023-01-08T21:15:13.483-0300] {logging_mixin.py:137} INFO - [2023-01-08T21:15:13.483-0300] {dag.py:2676} INFO - Sync 1 DAGs
[2023-01-08T21:15:13.501-0300] {logging_mixin.py:137} INFO - [2023-01-08T21:15:13.501-0300] {dag.py:3427} INFO - Setting next_dagrun for download_uniprot to 2023-01-01T00:00:00+00:00, run_after=2023-02-01T00:00:00+00:00
[2023-01-08T21:15:13.516-0300] {processor.py:175} INFO - Processing /home/kallox/airflow/dags/download_uniprot.py took 0.296 seconds
[2023-01-08T21:15:48.235-0300] {processor.py:153} INFO - Started process (PID=26008) to work on /home/kallox/airflow/dags/download_uniprot.py
[2023-01-08T21:15:48.236-0300] {processor.py:743} INFO - Processing file /home/kallox/airflow/dags/download_uniprot.py for tasks to queue
[2023-01-08T21:15:48.237-0300] {logging_mixin.py:137} INFO - [2023-01-08T21:15:48.237-0300] {dagbag.py:538} INFO - Filling up the DagBag from /home/kallox/airflow/dags/download_uniprot.py
[2023-01-08T21:15:48.754-0300] {processor.py:753} INFO - DAG(s) dict_keys(['download_uniprot']) retrieved from /home/kallox/airflow/dags/download_uniprot.py
[2023-01-08T21:15:48.777-0300] {logging_mixin.py:137} INFO - [2023-01-08T21:15:48.777-0300] {dag.py:2676} INFO - Sync 1 DAGs
[2023-01-08T21:15:48.795-0300] {logging_mixin.py:137} INFO - [2023-01-08T21:15:48.795-0300] {dag.py:3427} INFO - Setting next_dagrun for download_uniprot to 2023-01-01T00:00:00+00:00, run_after=2023-02-01T00:00:00+00:00
[2023-01-08T21:15:48.827-0300] {processor.py:175} INFO - Processing /home/kallox/airflow/dags/download_uniprot.py took 0.593 seconds
[2023-01-08T21:16:22.643-0300] {processor.py:153} INFO - Started process (PID=26109) to work on /home/kallox/airflow/dags/download_uniprot.py
[2023-01-08T21:16:22.644-0300] {processor.py:743} INFO - Processing file /home/kallox/airflow/dags/download_uniprot.py for tasks to queue
[2023-01-08T21:16:22.644-0300] {logging_mixin.py:137} INFO - [2023-01-08T21:16:22.644-0300] {dagbag.py:538} INFO - Filling up the DagBag from /home/kallox/airflow/dags/download_uniprot.py
[2023-01-08T21:16:23.081-0300] {processor.py:753} INFO - DAG(s) dict_keys(['download_uniprot']) retrieved from /home/kallox/airflow/dags/download_uniprot.py
[2023-01-08T21:16:23.133-0300] {logging_mixin.py:137} INFO - [2023-01-08T21:16:23.132-0300] {dag.py:2676} INFO - Sync 1 DAGs
[2023-01-08T21:16:23.151-0300] {logging_mixin.py:137} INFO - [2023-01-08T21:16:23.151-0300] {dag.py:3427} INFO - Setting next_dagrun for download_uniprot to 2023-01-01T00:00:00+00:00, run_after=2023-02-01T00:00:00+00:00
[2023-01-08T21:16:23.170-0300] {processor.py:175} INFO - Processing /home/kallox/airflow/dags/download_uniprot.py took 0.529 seconds
[2023-01-08T21:16:55.024-0300] {processor.py:153} INFO - Started process (PID=26206) to work on /home/kallox/airflow/dags/download_uniprot.py
[2023-01-08T21:16:55.025-0300] {processor.py:743} INFO - Processing file /home/kallox/airflow/dags/download_uniprot.py for tasks to queue
[2023-01-08T21:16:55.025-0300] {logging_mixin.py:137} INFO - [2023-01-08T21:16:55.025-0300] {dagbag.py:538} INFO - Filling up the DagBag from /home/kallox/airflow/dags/download_uniprot.py
[2023-01-08T21:16:55.258-0300] {processor.py:753} INFO - DAG(s) dict_keys(['download_uniprot']) retrieved from /home/kallox/airflow/dags/download_uniprot.py
[2023-01-08T21:16:55.292-0300] {logging_mixin.py:137} INFO - [2023-01-08T21:16:55.292-0300] {dag.py:2676} INFO - Sync 1 DAGs
[2023-01-08T21:16:55.328-0300] {logging_mixin.py:137} INFO - [2023-01-08T21:16:55.328-0300] {dag.py:3427} INFO - Setting next_dagrun for download_uniprot to 2023-01-01T00:00:00+00:00, run_after=2023-02-01T00:00:00+00:00
[2023-01-08T21:16:55.343-0300] {processor.py:175} INFO - Processing /home/kallox/airflow/dags/download_uniprot.py took 0.321 seconds
[2023-01-08T21:17:29.451-0300] {processor.py:153} INFO - Started process (PID=26308) to work on /home/kallox/airflow/dags/download_uniprot.py
[2023-01-08T21:17:29.452-0300] {processor.py:743} INFO - Processing file /home/kallox/airflow/dags/download_uniprot.py for tasks to queue
[2023-01-08T21:17:29.452-0300] {logging_mixin.py:137} INFO - [2023-01-08T21:17:29.452-0300] {dagbag.py:538} INFO - Filling up the DagBag from /home/kallox/airflow/dags/download_uniprot.py
[2023-01-08T21:17:29.681-0300] {processor.py:753} INFO - DAG(s) dict_keys(['download_uniprot']) retrieved from /home/kallox/airflow/dags/download_uniprot.py
[2023-01-08T21:17:29.702-0300] {logging_mixin.py:137} INFO - [2023-01-08T21:17:29.702-0300] {dag.py:2676} INFO - Sync 1 DAGs
[2023-01-08T21:17:29.721-0300] {logging_mixin.py:137} INFO - [2023-01-08T21:17:29.721-0300] {dag.py:3427} INFO - Setting next_dagrun for download_uniprot to 2023-01-01T00:00:00+00:00, run_after=2023-02-01T00:00:00+00:00
[2023-01-08T21:17:29.787-0300] {processor.py:175} INFO - Processing /home/kallox/airflow/dags/download_uniprot.py took 0.339 seconds
[2023-01-08T21:18:04.226-0300] {processor.py:153} INFO - Started process (PID=26403) to work on /home/kallox/airflow/dags/download_uniprot.py
[2023-01-08T21:18:04.227-0300] {processor.py:743} INFO - Processing file /home/kallox/airflow/dags/download_uniprot.py for tasks to queue
[2023-01-08T21:18:04.227-0300] {logging_mixin.py:137} INFO - [2023-01-08T21:18:04.227-0300] {dagbag.py:538} INFO - Filling up the DagBag from /home/kallox/airflow/dags/download_uniprot.py
[2023-01-08T21:18:04.594-0300] {processor.py:753} INFO - DAG(s) dict_keys(['download_uniprot']) retrieved from /home/kallox/airflow/dags/download_uniprot.py
[2023-01-08T21:18:04.620-0300] {logging_mixin.py:137} INFO - [2023-01-08T21:18:04.620-0300] {dag.py:2676} INFO - Sync 1 DAGs
[2023-01-08T21:18:04.638-0300] {logging_mixin.py:137} INFO - [2023-01-08T21:18:04.637-0300] {dag.py:3427} INFO - Setting next_dagrun for download_uniprot to 2023-01-01T00:00:00+00:00, run_after=2023-02-01T00:00:00+00:00
[2023-01-08T21:18:04.766-0300] {processor.py:175} INFO - Processing /home/kallox/airflow/dags/download_uniprot.py took 0.542 seconds
[2023-01-08T21:18:37.166-0300] {processor.py:153} INFO - Started process (PID=26500) to work on /home/kallox/airflow/dags/download_uniprot.py
[2023-01-08T21:18:37.167-0300] {processor.py:743} INFO - Processing file /home/kallox/airflow/dags/download_uniprot.py for tasks to queue
[2023-01-08T21:18:37.168-0300] {logging_mixin.py:137} INFO - [2023-01-08T21:18:37.168-0300] {dagbag.py:538} INFO - Filling up the DagBag from /home/kallox/airflow/dags/download_uniprot.py
[2023-01-08T21:18:37.541-0300] {processor.py:753} INFO - DAG(s) dict_keys(['download_uniprot']) retrieved from /home/kallox/airflow/dags/download_uniprot.py
[2023-01-08T21:18:37.564-0300] {logging_mixin.py:137} INFO - [2023-01-08T21:18:37.564-0300] {dag.py:2676} INFO - Sync 1 DAGs
[2023-01-08T21:18:37.585-0300] {logging_mixin.py:137} INFO - [2023-01-08T21:18:37.585-0300] {dag.py:3427} INFO - Setting next_dagrun for download_uniprot to 2023-01-01T00:00:00+00:00, run_after=2023-02-01T00:00:00+00:00
[2023-01-08T21:18:37.601-0300] {processor.py:175} INFO - Processing /home/kallox/airflow/dags/download_uniprot.py took 0.438 seconds
[2023-01-08T21:19:10.693-0300] {processor.py:153} INFO - Started process (PID=26601) to work on /home/kallox/airflow/dags/download_uniprot.py
[2023-01-08T21:19:10.694-0300] {processor.py:743} INFO - Processing file /home/kallox/airflow/dags/download_uniprot.py for tasks to queue
[2023-01-08T21:19:10.695-0300] {logging_mixin.py:137} INFO - [2023-01-08T21:19:10.694-0300] {dagbag.py:538} INFO - Filling up the DagBag from /home/kallox/airflow/dags/download_uniprot.py
[2023-01-08T21:19:12.091-0300] {processor.py:753} INFO - DAG(s) dict_keys(['download_uniprot']) retrieved from /home/kallox/airflow/dags/download_uniprot.py
[2023-01-08T21:19:12.326-0300] {logging_mixin.py:137} INFO - [2023-01-08T21:19:12.326-0300] {dag.py:2676} INFO - Sync 1 DAGs
[2023-01-08T21:19:12.345-0300] {logging_mixin.py:137} INFO - [2023-01-08T21:19:12.345-0300] {dag.py:3427} INFO - Setting next_dagrun for download_uniprot to 2023-01-01T00:00:00+00:00, run_after=2023-02-01T00:00:00+00:00
[2023-01-08T21:19:12.392-0300] {processor.py:175} INFO - Processing /home/kallox/airflow/dags/download_uniprot.py took 1.702 seconds
[2023-01-08T21:20:00.301-0300] {processor.py:153} INFO - Started process (PID=26712) to work on /home/kallox/airflow/dags/download_uniprot.py
[2023-01-08T21:20:00.302-0300] {processor.py:743} INFO - Processing file /home/kallox/airflow/dags/download_uniprot.py for tasks to queue
[2023-01-08T21:20:00.302-0300] {logging_mixin.py:137} INFO - [2023-01-08T21:20:00.302-0300] {dagbag.py:538} INFO - Filling up the DagBag from /home/kallox/airflow/dags/download_uniprot.py
[2023-01-08T21:20:00.570-0300] {processor.py:753} INFO - DAG(s) dict_keys(['download_uniprot']) retrieved from /home/kallox/airflow/dags/download_uniprot.py
[2023-01-08T21:20:00.602-0300] {logging_mixin.py:137} INFO - [2023-01-08T21:20:00.602-0300] {dag.py:2676} INFO - Sync 1 DAGs
[2023-01-08T21:20:00.629-0300] {logging_mixin.py:137} INFO - [2023-01-08T21:20:00.629-0300] {dag.py:3427} INFO - Setting next_dagrun for download_uniprot to 2023-01-01T00:00:00+00:00, run_after=2023-02-01T00:00:00+00:00
[2023-01-08T21:20:00.652-0300] {processor.py:175} INFO - Processing /home/kallox/airflow/dags/download_uniprot.py took 0.354 seconds
[2023-01-08T21:20:32.872-0300] {processor.py:153} INFO - Started process (PID=26811) to work on /home/kallox/airflow/dags/download_uniprot.py
[2023-01-08T21:20:32.872-0300] {processor.py:743} INFO - Processing file /home/kallox/airflow/dags/download_uniprot.py for tasks to queue
[2023-01-08T21:20:32.873-0300] {logging_mixin.py:137} INFO - [2023-01-08T21:20:32.873-0300] {dagbag.py:538} INFO - Filling up the DagBag from /home/kallox/airflow/dags/download_uniprot.py
[2023-01-08T21:20:33.084-0300] {processor.py:753} INFO - DAG(s) dict_keys(['download_uniprot']) retrieved from /home/kallox/airflow/dags/download_uniprot.py
[2023-01-08T21:20:33.104-0300] {logging_mixin.py:137} INFO - [2023-01-08T21:20:33.104-0300] {dag.py:2676} INFO - Sync 1 DAGs
[2023-01-08T21:20:33.122-0300] {logging_mixin.py:137} INFO - [2023-01-08T21:20:33.122-0300] {dag.py:3427} INFO - Setting next_dagrun for download_uniprot to 2023-01-01T00:00:00+00:00, run_after=2023-02-01T00:00:00+00:00
[2023-01-08T21:20:33.136-0300] {processor.py:175} INFO - Processing /home/kallox/airflow/dags/download_uniprot.py took 0.267 seconds
[2023-01-08T21:21:04.875-0300] {processor.py:153} INFO - Started process (PID=26903) to work on /home/kallox/airflow/dags/download_uniprot.py
[2023-01-08T21:21:04.876-0300] {processor.py:743} INFO - Processing file /home/kallox/airflow/dags/download_uniprot.py for tasks to queue
[2023-01-08T21:21:04.877-0300] {logging_mixin.py:137} INFO - [2023-01-08T21:21:04.877-0300] {dagbag.py:538} INFO - Filling up the DagBag from /home/kallox/airflow/dags/download_uniprot.py
[2023-01-08T21:21:05.116-0300] {processor.py:753} INFO - DAG(s) dict_keys(['download_uniprot']) retrieved from /home/kallox/airflow/dags/download_uniprot.py
[2023-01-08T21:21:05.137-0300] {logging_mixin.py:137} INFO - [2023-01-08T21:21:05.137-0300] {dag.py:2676} INFO - Sync 1 DAGs
[2023-01-08T21:21:05.154-0300] {logging_mixin.py:137} INFO - [2023-01-08T21:21:05.154-0300] {dag.py:3427} INFO - Setting next_dagrun for download_uniprot to 2023-01-01T00:00:00+00:00, run_after=2023-02-01T00:00:00+00:00
[2023-01-08T21:21:05.169-0300] {processor.py:175} INFO - Processing /home/kallox/airflow/dags/download_uniprot.py took 0.297 seconds
[2023-01-08T21:21:38.923-0300] {processor.py:153} INFO - Started process (PID=26998) to work on /home/kallox/airflow/dags/download_uniprot.py
[2023-01-08T21:21:38.924-0300] {processor.py:743} INFO - Processing file /home/kallox/airflow/dags/download_uniprot.py for tasks to queue
[2023-01-08T21:21:38.924-0300] {logging_mixin.py:137} INFO - [2023-01-08T21:21:38.924-0300] {dagbag.py:538} INFO - Filling up the DagBag from /home/kallox/airflow/dags/download_uniprot.py
[2023-01-08T21:21:39.167-0300] {processor.py:753} INFO - DAG(s) dict_keys(['download_uniprot']) retrieved from /home/kallox/airflow/dags/download_uniprot.py
[2023-01-08T21:21:39.189-0300] {logging_mixin.py:137} INFO - [2023-01-08T21:21:39.189-0300] {dag.py:2676} INFO - Sync 1 DAGs
[2023-01-08T21:21:39.206-0300] {logging_mixin.py:137} INFO - [2023-01-08T21:21:39.206-0300] {dag.py:3427} INFO - Setting next_dagrun for download_uniprot to 2023-01-01T00:00:00+00:00, run_after=2023-02-01T00:00:00+00:00
[2023-01-08T21:21:39.280-0300] {processor.py:175} INFO - Processing /home/kallox/airflow/dags/download_uniprot.py took 0.359 seconds
[2023-01-08T21:22:10.222-0300] {processor.py:153} INFO - Started process (PID=27087) to work on /home/kallox/airflow/dags/download_uniprot.py
[2023-01-08T21:22:10.234-0300] {processor.py:743} INFO - Processing file /home/kallox/airflow/dags/download_uniprot.py for tasks to queue
[2023-01-08T21:22:10.234-0300] {logging_mixin.py:137} INFO - [2023-01-08T21:22:10.234-0300] {dagbag.py:538} INFO - Filling up the DagBag from /home/kallox/airflow/dags/download_uniprot.py
[2023-01-08T21:22:10.482-0300] {processor.py:753} INFO - DAG(s) dict_keys(['download_uniprot']) retrieved from /home/kallox/airflow/dags/download_uniprot.py
[2023-01-08T21:22:10.506-0300] {logging_mixin.py:137} INFO - [2023-01-08T21:22:10.506-0300] {dag.py:2676} INFO - Sync 1 DAGs
[2023-01-08T21:22:10.526-0300] {logging_mixin.py:137} INFO - [2023-01-08T21:22:10.525-0300] {dag.py:3427} INFO - Setting next_dagrun for download_uniprot to 2023-01-01T00:00:00+00:00, run_after=2023-02-01T00:00:00+00:00
[2023-01-08T21:22:10.548-0300] {processor.py:175} INFO - Processing /home/kallox/airflow/dags/download_uniprot.py took 0.328 seconds
[2023-01-08T21:22:41.558-0300] {processor.py:153} INFO - Started process (PID=27185) to work on /home/kallox/airflow/dags/download_uniprot.py
[2023-01-08T21:22:41.559-0300] {processor.py:743} INFO - Processing file /home/kallox/airflow/dags/download_uniprot.py for tasks to queue
[2023-01-08T21:22:41.560-0300] {logging_mixin.py:137} INFO - [2023-01-08T21:22:41.560-0300] {dagbag.py:538} INFO - Filling up the DagBag from /home/kallox/airflow/dags/download_uniprot.py
[2023-01-08T21:22:41.870-0300] {processor.py:753} INFO - DAG(s) dict_keys(['download_uniprot']) retrieved from /home/kallox/airflow/dags/download_uniprot.py
[2023-01-08T21:22:41.893-0300] {logging_mixin.py:137} INFO - [2023-01-08T21:22:41.893-0300] {dag.py:2676} INFO - Sync 1 DAGs
[2023-01-08T21:22:41.913-0300] {logging_mixin.py:137} INFO - [2023-01-08T21:22:41.913-0300] {dag.py:3427} INFO - Setting next_dagrun for download_uniprot to 2023-01-01T00:00:00+00:00, run_after=2023-02-01T00:00:00+00:00
[2023-01-08T21:22:41.931-0300] {processor.py:175} INFO - Processing /home/kallox/airflow/dags/download_uniprot.py took 0.376 seconds
[2023-01-08T21:23:15.928-0300] {processor.py:153} INFO - Started process (PID=27288) to work on /home/kallox/airflow/dags/download_uniprot.py
[2023-01-08T21:23:15.935-0300] {processor.py:743} INFO - Processing file /home/kallox/airflow/dags/download_uniprot.py for tasks to queue
[2023-01-08T21:23:15.936-0300] {logging_mixin.py:137} INFO - [2023-01-08T21:23:15.935-0300] {dagbag.py:538} INFO - Filling up the DagBag from /home/kallox/airflow/dags/download_uniprot.py
[2023-01-08T21:23:16.158-0300] {processor.py:753} INFO - DAG(s) dict_keys(['download_uniprot']) retrieved from /home/kallox/airflow/dags/download_uniprot.py
[2023-01-08T21:23:16.181-0300] {logging_mixin.py:137} INFO - [2023-01-08T21:23:16.181-0300] {dag.py:2676} INFO - Sync 1 DAGs
[2023-01-08T21:23:16.200-0300] {logging_mixin.py:137} INFO - [2023-01-08T21:23:16.200-0300] {dag.py:3427} INFO - Setting next_dagrun for download_uniprot to 2023-01-01T00:00:00+00:00, run_after=2023-02-01T00:00:00+00:00
[2023-01-08T21:23:16.217-0300] {processor.py:175} INFO - Processing /home/kallox/airflow/dags/download_uniprot.py took 0.291 seconds
[2023-01-08T21:23:48.219-0300] {processor.py:153} INFO - Started process (PID=27383) to work on /home/kallox/airflow/dags/download_uniprot.py
[2023-01-08T21:23:48.220-0300] {processor.py:743} INFO - Processing file /home/kallox/airflow/dags/download_uniprot.py for tasks to queue
[2023-01-08T21:23:48.221-0300] {logging_mixin.py:137} INFO - [2023-01-08T21:23:48.221-0300] {dagbag.py:538} INFO - Filling up the DagBag from /home/kallox/airflow/dags/download_uniprot.py
[2023-01-08T21:23:48.457-0300] {processor.py:753} INFO - DAG(s) dict_keys(['download_uniprot']) retrieved from /home/kallox/airflow/dags/download_uniprot.py
[2023-01-08T21:23:48.512-0300] {logging_mixin.py:137} INFO - [2023-01-08T21:23:48.512-0300] {dag.py:2676} INFO - Sync 1 DAGs
[2023-01-08T21:23:48.535-0300] {logging_mixin.py:137} INFO - [2023-01-08T21:23:48.535-0300] {dag.py:3427} INFO - Setting next_dagrun for download_uniprot to 2023-01-01T00:00:00+00:00, run_after=2023-02-01T00:00:00+00:00
[2023-01-08T21:23:48.557-0300] {processor.py:175} INFO - Processing /home/kallox/airflow/dags/download_uniprot.py took 0.340 seconds
[2023-01-08T21:24:19.540-0300] {processor.py:153} INFO - Started process (PID=27481) to work on /home/kallox/airflow/dags/download_uniprot.py
[2023-01-08T21:24:19.541-0300] {processor.py:743} INFO - Processing file /home/kallox/airflow/dags/download_uniprot.py for tasks to queue
[2023-01-08T21:24:19.541-0300] {logging_mixin.py:137} INFO - [2023-01-08T21:24:19.541-0300] {dagbag.py:538} INFO - Filling up the DagBag from /home/kallox/airflow/dags/download_uniprot.py
[2023-01-08T21:24:19.791-0300] {processor.py:753} INFO - DAG(s) dict_keys(['download_uniprot']) retrieved from /home/kallox/airflow/dags/download_uniprot.py
[2023-01-08T21:24:19.814-0300] {logging_mixin.py:137} INFO - [2023-01-08T21:24:19.814-0300] {dag.py:2676} INFO - Sync 1 DAGs
[2023-01-08T21:24:19.836-0300] {logging_mixin.py:137} INFO - [2023-01-08T21:24:19.836-0300] {dag.py:3427} INFO - Setting next_dagrun for download_uniprot to 2023-01-01T00:00:00+00:00, run_after=2023-02-01T00:00:00+00:00
[2023-01-08T21:24:19.853-0300] {processor.py:175} INFO - Processing /home/kallox/airflow/dags/download_uniprot.py took 0.315 seconds
[2023-01-08T21:24:49.479-0300] {processor.py:153} INFO - Started process (PID=27530) to work on /home/kallox/airflow/dags/download_uniprot.py
[2023-01-08T21:24:49.481-0300] {processor.py:743} INFO - Processing file /home/kallox/airflow/dags/download_uniprot.py for tasks to queue
[2023-01-08T21:24:49.484-0300] {logging_mixin.py:137} INFO - [2023-01-08T21:24:49.483-0300] {dagbag.py:538} INFO - Filling up the DagBag from /home/kallox/airflow/dags/download_uniprot.py
[2023-01-08T21:24:52.273-0300] {processor.py:753} INFO - DAG(s) dict_keys(['download_uniprot']) retrieved from /home/kallox/airflow/dags/download_uniprot.py
[2023-01-08T21:24:52.301-0300] {logging_mixin.py:137} INFO - [2023-01-08T21:24:52.301-0300] {taskinstance.py:1774} ERROR - {'DAG Id': 'download_uniprot', 'Task Id': 'extract_files', 'Run Id': 'manual__2023-01-08T00:07:11.395065+00:00', 'Hostname': 'kallo-Ubuntu'}
[2023-01-08T21:24:52.316-0300] {logging_mixin.py:137} INFO - [2023-01-08T21:24:52.316-0300] {taskinstance.py:1327} INFO - Marking task as FAILED. dag_id=download_uniprot, task_id=extract_files, execution_date=20230108T000711, start_date=20230108T225921, end_date=20230109T002452
[2023-01-08T21:24:52.330-0300] {processor.py:713} INFO - Executed failure callback for <TaskInstance: download_uniprot.extract_files manual__2023-01-08T00:07:11.395065+00:00 [failed]> in state failed
[2023-01-08T21:24:52.345-0300] {logging_mixin.py:137} INFO - [2023-01-08T21:24:52.345-0300] {dag.py:2676} INFO - Sync 1 DAGs
[2023-01-08T21:24:52.361-0300] {logging_mixin.py:137} INFO - [2023-01-08T21:24:52.361-0300] {dag.py:3427} INFO - Setting next_dagrun for download_uniprot to 2023-01-01T00:00:00+00:00, run_after=2023-02-01T00:00:00+00:00
[2023-01-08T21:24:52.375-0300] {processor.py:175} INFO - Processing /home/kallox/airflow/dags/download_uniprot.py took 2.934 seconds
[2023-01-08T21:25:22.595-0300] {processor.py:153} INFO - Started process (PID=27625) to work on /home/kallox/airflow/dags/download_uniprot.py
[2023-01-08T21:25:22.596-0300] {processor.py:743} INFO - Processing file /home/kallox/airflow/dags/download_uniprot.py for tasks to queue
[2023-01-08T21:25:22.596-0300] {logging_mixin.py:137} INFO - [2023-01-08T21:25:22.596-0300] {dagbag.py:538} INFO - Filling up the DagBag from /home/kallox/airflow/dags/download_uniprot.py
[2023-01-08T21:25:22.821-0300] {processor.py:753} INFO - DAG(s) dict_keys(['download_uniprot']) retrieved from /home/kallox/airflow/dags/download_uniprot.py
[2023-01-08T21:25:22.845-0300] {logging_mixin.py:137} INFO - [2023-01-08T21:25:22.845-0300] {dag.py:2676} INFO - Sync 1 DAGs
[2023-01-08T21:25:22.864-0300] {logging_mixin.py:137} INFO - [2023-01-08T21:25:22.864-0300] {dag.py:3427} INFO - Setting next_dagrun for download_uniprot to 2023-01-01T00:00:00+00:00, run_after=2023-02-01T00:00:00+00:00
[2023-01-08T21:25:22.879-0300] {processor.py:175} INFO - Processing /home/kallox/airflow/dags/download_uniprot.py took 0.286 seconds
[2023-01-08T21:25:53.082-0300] {processor.py:153} INFO - Started process (PID=27709) to work on /home/kallox/airflow/dags/download_uniprot.py
[2023-01-08T21:25:53.083-0300] {processor.py:743} INFO - Processing file /home/kallox/airflow/dags/download_uniprot.py for tasks to queue
[2023-01-08T21:25:53.083-0300] {logging_mixin.py:137} INFO - [2023-01-08T21:25:53.083-0300] {dagbag.py:538} INFO - Filling up the DagBag from /home/kallox/airflow/dags/download_uniprot.py
[2023-01-08T21:25:53.305-0300] {processor.py:753} INFO - DAG(s) dict_keys(['download_uniprot']) retrieved from /home/kallox/airflow/dags/download_uniprot.py
[2023-01-08T21:25:53.328-0300] {logging_mixin.py:137} INFO - [2023-01-08T21:25:53.328-0300] {dag.py:2676} INFO - Sync 1 DAGs
[2023-01-08T21:25:53.348-0300] {logging_mixin.py:137} INFO - [2023-01-08T21:25:53.348-0300] {dag.py:3427} INFO - Setting next_dagrun for download_uniprot to 2023-01-01T00:00:00+00:00, run_after=2023-02-01T00:00:00+00:00
[2023-01-08T21:25:53.364-0300] {processor.py:175} INFO - Processing /home/kallox/airflow/dags/download_uniprot.py took 0.284 seconds
[2023-01-08T21:26:23.519-0300] {processor.py:153} INFO - Started process (PID=27783) to work on /home/kallox/airflow/dags/download_uniprot.py
[2023-01-08T21:26:23.519-0300] {processor.py:743} INFO - Processing file /home/kallox/airflow/dags/download_uniprot.py for tasks to queue
[2023-01-08T21:26:23.520-0300] {logging_mixin.py:137} INFO - [2023-01-08T21:26:23.520-0300] {dagbag.py:538} INFO - Filling up the DagBag from /home/kallox/airflow/dags/download_uniprot.py
[2023-01-08T21:26:23.735-0300] {processor.py:753} INFO - DAG(s) dict_keys(['download_uniprot']) retrieved from /home/kallox/airflow/dags/download_uniprot.py
[2023-01-08T21:26:23.756-0300] {logging_mixin.py:137} INFO - [2023-01-08T21:26:23.756-0300] {dag.py:2676} INFO - Sync 1 DAGs
[2023-01-08T21:26:23.775-0300] {logging_mixin.py:137} INFO - [2023-01-08T21:26:23.775-0300] {dag.py:3427} INFO - Setting next_dagrun for download_uniprot to 2023-01-01T00:00:00+00:00, run_after=2023-02-01T00:00:00+00:00
[2023-01-08T21:26:23.789-0300] {processor.py:175} INFO - Processing /home/kallox/airflow/dags/download_uniprot.py took 0.273 seconds
[2023-01-08T21:26:53.996-0300] {processor.py:153} INFO - Started process (PID=27860) to work on /home/kallox/airflow/dags/download_uniprot.py
[2023-01-08T21:26:53.996-0300] {processor.py:743} INFO - Processing file /home/kallox/airflow/dags/download_uniprot.py for tasks to queue
[2023-01-08T21:26:53.997-0300] {logging_mixin.py:137} INFO - [2023-01-08T21:26:53.997-0300] {dagbag.py:538} INFO - Filling up the DagBag from /home/kallox/airflow/dags/download_uniprot.py
[2023-01-08T21:26:54.215-0300] {processor.py:753} INFO - DAG(s) dict_keys(['download_uniprot']) retrieved from /home/kallox/airflow/dags/download_uniprot.py
[2023-01-08T21:26:54.237-0300] {logging_mixin.py:137} INFO - [2023-01-08T21:26:54.237-0300] {dag.py:2676} INFO - Sync 1 DAGs
[2023-01-08T21:26:54.256-0300] {logging_mixin.py:137} INFO - [2023-01-08T21:26:54.255-0300] {dag.py:3427} INFO - Setting next_dagrun for download_uniprot to 2023-01-01T00:00:00+00:00, run_after=2023-02-01T00:00:00+00:00
[2023-01-08T21:26:54.272-0300] {processor.py:175} INFO - Processing /home/kallox/airflow/dags/download_uniprot.py took 0.279 seconds
[2023-01-08T21:27:24.452-0300] {processor.py:153} INFO - Started process (PID=27934) to work on /home/kallox/airflow/dags/download_uniprot.py
[2023-01-08T21:27:24.453-0300] {processor.py:743} INFO - Processing file /home/kallox/airflow/dags/download_uniprot.py for tasks to queue
[2023-01-08T21:27:24.454-0300] {logging_mixin.py:137} INFO - [2023-01-08T21:27:24.453-0300] {dagbag.py:538} INFO - Filling up the DagBag from /home/kallox/airflow/dags/download_uniprot.py
[2023-01-08T21:27:24.672-0300] {processor.py:753} INFO - DAG(s) dict_keys(['download_uniprot']) retrieved from /home/kallox/airflow/dags/download_uniprot.py
[2023-01-08T21:27:24.693-0300] {logging_mixin.py:137} INFO - [2023-01-08T21:27:24.693-0300] {dag.py:2676} INFO - Sync 1 DAGs
[2023-01-08T21:27:24.711-0300] {logging_mixin.py:137} INFO - [2023-01-08T21:27:24.711-0300] {dag.py:3427} INFO - Setting next_dagrun for download_uniprot to 2023-01-01T00:00:00+00:00, run_after=2023-02-01T00:00:00+00:00
[2023-01-08T21:27:24.726-0300] {processor.py:175} INFO - Processing /home/kallox/airflow/dags/download_uniprot.py took 0.276 seconds
[2023-01-08T21:27:45.307-0300] {processor.py:153} INFO - Started process (PID=28204) to work on /home/kallox/airflow/dags/download_uniprot.py
[2023-01-08T21:27:45.309-0300] {processor.py:743} INFO - Processing file /home/kallox/airflow/dags/download_uniprot.py for tasks to queue
[2023-01-08T21:27:45.309-0300] {logging_mixin.py:137} INFO - [2023-01-08T21:27:45.309-0300] {dagbag.py:538} INFO - Filling up the DagBag from /home/kallox/airflow/dags/download_uniprot.py
[2023-01-08T21:27:45.422-0300] {processor.py:753} INFO - DAG(s) dict_keys(['download_uniprot']) retrieved from /home/kallox/airflow/dags/download_uniprot.py
[2023-01-08T21:27:45.528-0300] {logging_mixin.py:137} INFO - [2023-01-08T21:27:45.528-0300] {dag.py:2676} INFO - Sync 1 DAGs
[2023-01-08T21:27:45.546-0300] {logging_mixin.py:137} INFO - [2023-01-08T21:27:45.546-0300] {dag.py:3427} INFO - Setting next_dagrun for download_uniprot to 2023-01-01T00:00:00+00:00, run_after=2023-02-01T00:00:00+00:00
[2023-01-08T21:27:45.569-0300] {processor.py:175} INFO - Processing /home/kallox/airflow/dags/download_uniprot.py took 0.264 seconds
[2023-01-08T21:28:16.037-0300] {processor.py:153} INFO - Started process (PID=28283) to work on /home/kallox/airflow/dags/download_uniprot.py
[2023-01-08T21:28:16.037-0300] {processor.py:743} INFO - Processing file /home/kallox/airflow/dags/download_uniprot.py for tasks to queue
[2023-01-08T21:28:16.038-0300] {logging_mixin.py:137} INFO - [2023-01-08T21:28:16.038-0300] {dagbag.py:538} INFO - Filling up the DagBag from /home/kallox/airflow/dags/download_uniprot.py
[2023-01-08T21:28:16.241-0300] {processor.py:753} INFO - DAG(s) dict_keys(['download_uniprot']) retrieved from /home/kallox/airflow/dags/download_uniprot.py
[2023-01-08T21:28:16.264-0300] {logging_mixin.py:137} INFO - [2023-01-08T21:28:16.264-0300] {dag.py:2676} INFO - Sync 1 DAGs
[2023-01-08T21:28:16.283-0300] {logging_mixin.py:137} INFO - [2023-01-08T21:28:16.283-0300] {dag.py:3427} INFO - Setting next_dagrun for download_uniprot to 2023-01-01T00:00:00+00:00, run_after=2023-02-01T00:00:00+00:00
[2023-01-08T21:28:16.298-0300] {processor.py:175} INFO - Processing /home/kallox/airflow/dags/download_uniprot.py took 0.263 seconds
[2023-01-08T21:28:46.482-0300] {processor.py:153} INFO - Started process (PID=28364) to work on /home/kallox/airflow/dags/download_uniprot.py
[2023-01-08T21:28:46.483-0300] {processor.py:743} INFO - Processing file /home/kallox/airflow/dags/download_uniprot.py for tasks to queue
[2023-01-08T21:28:46.483-0300] {logging_mixin.py:137} INFO - [2023-01-08T21:28:46.483-0300] {dagbag.py:538} INFO - Filling up the DagBag from /home/kallox/airflow/dags/download_uniprot.py
[2023-01-08T21:28:46.593-0300] {processor.py:753} INFO - DAG(s) dict_keys(['download_uniprot']) retrieved from /home/kallox/airflow/dags/download_uniprot.py
[2023-01-08T21:28:46.618-0300] {logging_mixin.py:137} INFO - [2023-01-08T21:28:46.617-0300] {dag.py:2676} INFO - Sync 1 DAGs
[2023-01-08T21:28:46.720-0300] {logging_mixin.py:137} INFO - [2023-01-08T21:28:46.720-0300] {dag.py:3427} INFO - Setting next_dagrun for download_uniprot to 2023-01-01T00:00:00+00:00, run_after=2023-02-01T00:00:00+00:00
[2023-01-08T21:28:46.734-0300] {processor.py:175} INFO - Processing /home/kallox/airflow/dags/download_uniprot.py took 0.254 seconds
[2023-01-08T21:29:16.880-0300] {processor.py:153} INFO - Started process (PID=28444) to work on /home/kallox/airflow/dags/download_uniprot.py
[2023-01-08T21:29:16.880-0300] {processor.py:743} INFO - Processing file /home/kallox/airflow/dags/download_uniprot.py for tasks to queue
[2023-01-08T21:29:16.881-0300] {logging_mixin.py:137} INFO - [2023-01-08T21:29:16.881-0300] {dagbag.py:538} INFO - Filling up the DagBag from /home/kallox/airflow/dags/download_uniprot.py
[2023-01-08T21:29:16.987-0300] {processor.py:753} INFO - DAG(s) dict_keys(['download_uniprot']) retrieved from /home/kallox/airflow/dags/download_uniprot.py
[2023-01-08T21:29:17.012-0300] {logging_mixin.py:137} INFO - [2023-01-08T21:29:17.012-0300] {dag.py:2676} INFO - Sync 1 DAGs
[2023-01-08T21:29:17.120-0300] {logging_mixin.py:137} INFO - [2023-01-08T21:29:17.120-0300] {dag.py:3427} INFO - Setting next_dagrun for download_uniprot to 2023-01-01T00:00:00+00:00, run_after=2023-02-01T00:00:00+00:00
[2023-01-08T21:29:17.140-0300] {processor.py:175} INFO - Processing /home/kallox/airflow/dags/download_uniprot.py took 0.262 seconds
[2023-01-08T21:29:47.811-0300] {processor.py:153} INFO - Started process (PID=28532) to work on /home/kallox/airflow/dags/download_uniprot.py
[2023-01-08T21:29:47.812-0300] {processor.py:743} INFO - Processing file /home/kallox/airflow/dags/download_uniprot.py for tasks to queue
[2023-01-08T21:29:47.812-0300] {logging_mixin.py:137} INFO - [2023-01-08T21:29:47.812-0300] {dagbag.py:538} INFO - Filling up the DagBag from /home/kallox/airflow/dags/download_uniprot.py
[2023-01-08T21:29:47.920-0300] {processor.py:753} INFO - DAG(s) dict_keys(['download_uniprot']) retrieved from /home/kallox/airflow/dags/download_uniprot.py
[2023-01-08T21:29:47.943-0300] {logging_mixin.py:137} INFO - [2023-01-08T21:29:47.943-0300] {dag.py:2676} INFO - Sync 1 DAGs
[2023-01-08T21:29:48.051-0300] {logging_mixin.py:137} INFO - [2023-01-08T21:29:48.050-0300] {dag.py:3427} INFO - Setting next_dagrun for download_uniprot to 2023-01-01T00:00:00+00:00, run_after=2023-02-01T00:00:00+00:00
[2023-01-08T21:29:48.073-0300] {processor.py:175} INFO - Processing /home/kallox/airflow/dags/download_uniprot.py took 0.264 seconds
[2023-01-08T21:30:18.759-0300] {processor.py:153} INFO - Started process (PID=28614) to work on /home/kallox/airflow/dags/download_uniprot.py
[2023-01-08T21:30:18.764-0300] {processor.py:743} INFO - Processing file /home/kallox/airflow/dags/download_uniprot.py for tasks to queue
[2023-01-08T21:30:18.765-0300] {logging_mixin.py:137} INFO - [2023-01-08T21:30:18.765-0300] {dagbag.py:538} INFO - Filling up the DagBag from /home/kallox/airflow/dags/download_uniprot.py
[2023-01-08T21:30:18.882-0300] {processor.py:753} INFO - DAG(s) dict_keys(['download_uniprot']) retrieved from /home/kallox/airflow/dags/download_uniprot.py
[2023-01-08T21:30:18.996-0300] {logging_mixin.py:137} INFO - [2023-01-08T21:30:18.996-0300] {dag.py:2676} INFO - Sync 1 DAGs
[2023-01-08T21:30:19.014-0300] {logging_mixin.py:137} INFO - [2023-01-08T21:30:19.014-0300] {dag.py:3427} INFO - Setting next_dagrun for download_uniprot to 2023-01-01T00:00:00+00:00, run_after=2023-02-01T00:00:00+00:00
[2023-01-08T21:30:19.038-0300] {processor.py:175} INFO - Processing /home/kallox/airflow/dags/download_uniprot.py took 0.281 seconds
[2023-01-08T21:30:49.487-0300] {processor.py:153} INFO - Started process (PID=28697) to work on /home/kallox/airflow/dags/download_uniprot.py
[2023-01-08T21:30:49.488-0300] {processor.py:743} INFO - Processing file /home/kallox/airflow/dags/download_uniprot.py for tasks to queue
[2023-01-08T21:30:49.488-0300] {logging_mixin.py:137} INFO - [2023-01-08T21:30:49.488-0300] {dagbag.py:538} INFO - Filling up the DagBag from /home/kallox/airflow/dags/download_uniprot.py
[2023-01-08T21:30:49.604-0300] {processor.py:753} INFO - DAG(s) dict_keys(['download_uniprot']) retrieved from /home/kallox/airflow/dags/download_uniprot.py
[2023-01-08T21:30:49.717-0300] {logging_mixin.py:137} INFO - [2023-01-08T21:30:49.717-0300] {dag.py:2676} INFO - Sync 1 DAGs
[2023-01-08T21:30:49.735-0300] {logging_mixin.py:137} INFO - [2023-01-08T21:30:49.735-0300] {dag.py:3427} INFO - Setting next_dagrun for download_uniprot to 2023-01-01T00:00:00+00:00, run_after=2023-02-01T00:00:00+00:00
[2023-01-08T21:30:49.759-0300] {processor.py:175} INFO - Processing /home/kallox/airflow/dags/download_uniprot.py took 0.273 seconds
[2023-01-08T21:31:20.200-0300] {processor.py:153} INFO - Started process (PID=28776) to work on /home/kallox/airflow/dags/download_uniprot.py
[2023-01-08T21:31:20.201-0300] {processor.py:743} INFO - Processing file /home/kallox/airflow/dags/download_uniprot.py for tasks to queue
[2023-01-08T21:31:20.201-0300] {logging_mixin.py:137} INFO - [2023-01-08T21:31:20.201-0300] {dagbag.py:538} INFO - Filling up the DagBag from /home/kallox/airflow/dags/download_uniprot.py
[2023-01-08T21:31:20.392-0300] {processor.py:753} INFO - DAG(s) dict_keys(['download_uniprot']) retrieved from /home/kallox/airflow/dags/download_uniprot.py
[2023-01-08T21:31:20.415-0300] {logging_mixin.py:137} INFO - [2023-01-08T21:31:20.415-0300] {dag.py:2676} INFO - Sync 1 DAGs
[2023-01-08T21:31:20.433-0300] {logging_mixin.py:137} INFO - [2023-01-08T21:31:20.433-0300] {dag.py:3427} INFO - Setting next_dagrun for download_uniprot to 2023-01-01T00:00:00+00:00, run_after=2023-02-01T00:00:00+00:00
[2023-01-08T21:31:20.459-0300] {processor.py:175} INFO - Processing /home/kallox/airflow/dags/download_uniprot.py took 0.260 seconds
[2023-01-08T21:31:51.167-0300] {processor.py:153} INFO - Started process (PID=28852) to work on /home/kallox/airflow/dags/download_uniprot.py
[2023-01-08T21:31:51.167-0300] {processor.py:743} INFO - Processing file /home/kallox/airflow/dags/download_uniprot.py for tasks to queue
[2023-01-08T21:31:51.168-0300] {logging_mixin.py:137} INFO - [2023-01-08T21:31:51.168-0300] {dagbag.py:538} INFO - Filling up the DagBag from /home/kallox/airflow/dags/download_uniprot.py
[2023-01-08T21:31:51.382-0300] {processor.py:753} INFO - DAG(s) dict_keys(['download_uniprot']) retrieved from /home/kallox/airflow/dags/download_uniprot.py
[2023-01-08T21:31:51.402-0300] {logging_mixin.py:137} INFO - [2023-01-08T21:31:51.401-0300] {dag.py:2676} INFO - Sync 1 DAGs
[2023-01-08T21:31:51.420-0300] {logging_mixin.py:137} INFO - [2023-01-08T21:31:51.420-0300] {dag.py:3427} INFO - Setting next_dagrun for download_uniprot to 2023-01-01T00:00:00+00:00, run_after=2023-02-01T00:00:00+00:00
[2023-01-08T21:31:51.433-0300] {processor.py:175} INFO - Processing /home/kallox/airflow/dags/download_uniprot.py took 0.269 seconds
[2023-01-08T21:32:21.564-0300] {processor.py:153} INFO - Started process (PID=28931) to work on /home/kallox/airflow/dags/download_uniprot.py
[2023-01-08T21:32:21.565-0300] {processor.py:743} INFO - Processing file /home/kallox/airflow/dags/download_uniprot.py for tasks to queue
[2023-01-08T21:32:21.565-0300] {logging_mixin.py:137} INFO - [2023-01-08T21:32:21.565-0300] {dagbag.py:538} INFO - Filling up the DagBag from /home/kallox/airflow/dags/download_uniprot.py
[2023-01-08T21:32:21.673-0300] {processor.py:753} INFO - DAG(s) dict_keys(['download_uniprot']) retrieved from /home/kallox/airflow/dags/download_uniprot.py
[2023-01-08T21:32:21.698-0300] {logging_mixin.py:137} INFO - [2023-01-08T21:32:21.698-0300] {dag.py:2676} INFO - Sync 1 DAGs
[2023-01-08T21:32:21.803-0300] {logging_mixin.py:137} INFO - [2023-01-08T21:32:21.803-0300] {dag.py:3427} INFO - Setting next_dagrun for download_uniprot to 2023-01-01T00:00:00+00:00, run_after=2023-02-01T00:00:00+00:00
[2023-01-08T21:32:21.819-0300] {processor.py:175} INFO - Processing /home/kallox/airflow/dags/download_uniprot.py took 0.256 seconds
[2023-01-08T21:32:52.721-0300] {processor.py:153} INFO - Started process (PID=29012) to work on /home/kallox/airflow/dags/download_uniprot.py
[2023-01-08T21:32:52.722-0300] {processor.py:743} INFO - Processing file /home/kallox/airflow/dags/download_uniprot.py for tasks to queue
[2023-01-08T21:32:52.722-0300] {logging_mixin.py:137} INFO - [2023-01-08T21:32:52.722-0300] {dagbag.py:538} INFO - Filling up the DagBag from /home/kallox/airflow/dags/download_uniprot.py
[2023-01-08T21:32:52.834-0300] {processor.py:753} INFO - DAG(s) dict_keys(['download_uniprot']) retrieved from /home/kallox/airflow/dags/download_uniprot.py
[2023-01-08T21:32:52.951-0300] {logging_mixin.py:137} INFO - [2023-01-08T21:32:52.951-0300] {dag.py:2676} INFO - Sync 1 DAGs
[2023-01-08T21:32:52.969-0300] {logging_mixin.py:137} INFO - [2023-01-08T21:32:52.969-0300] {dag.py:3427} INFO - Setting next_dagrun for download_uniprot to 2023-01-01T00:00:00+00:00, run_after=2023-02-01T00:00:00+00:00
[2023-01-08T21:32:52.982-0300] {processor.py:175} INFO - Processing /home/kallox/airflow/dags/download_uniprot.py took 0.263 seconds
[2023-01-08T21:33:23.433-0300] {processor.py:153} INFO - Started process (PID=29092) to work on /home/kallox/airflow/dags/download_uniprot.py
[2023-01-08T21:33:23.433-0300] {processor.py:743} INFO - Processing file /home/kallox/airflow/dags/download_uniprot.py for tasks to queue
[2023-01-08T21:33:23.434-0300] {logging_mixin.py:137} INFO - [2023-01-08T21:33:23.434-0300] {dagbag.py:538} INFO - Filling up the DagBag from /home/kallox/airflow/dags/download_uniprot.py
[2023-01-08T21:33:23.548-0300] {processor.py:753} INFO - DAG(s) dict_keys(['download_uniprot']) retrieved from /home/kallox/airflow/dags/download_uniprot.py
[2023-01-08T21:33:23.652-0300] {logging_mixin.py:137} INFO - [2023-01-08T21:33:23.652-0300] {dag.py:2676} INFO - Sync 1 DAGs
[2023-01-08T21:33:23.669-0300] {logging_mixin.py:137} INFO - [2023-01-08T21:33:23.669-0300] {dag.py:3427} INFO - Setting next_dagrun for download_uniprot to 2023-01-01T00:00:00+00:00, run_after=2023-02-01T00:00:00+00:00
[2023-01-08T21:33:23.683-0300] {processor.py:175} INFO - Processing /home/kallox/airflow/dags/download_uniprot.py took 0.252 seconds
[2023-01-08T21:33:54.089-0300] {processor.py:153} INFO - Started process (PID=29171) to work on /home/kallox/airflow/dags/download_uniprot.py
[2023-01-08T21:33:54.090-0300] {processor.py:743} INFO - Processing file /home/kallox/airflow/dags/download_uniprot.py for tasks to queue
[2023-01-08T21:33:54.090-0300] {logging_mixin.py:137} INFO - [2023-01-08T21:33:54.090-0300] {dagbag.py:538} INFO - Filling up the DagBag from /home/kallox/airflow/dags/download_uniprot.py
[2023-01-08T21:33:54.293-0300] {processor.py:753} INFO - DAG(s) dict_keys(['download_uniprot']) retrieved from /home/kallox/airflow/dags/download_uniprot.py
[2023-01-08T21:33:54.319-0300] {logging_mixin.py:137} INFO - [2023-01-08T21:33:54.319-0300] {dag.py:2676} INFO - Sync 1 DAGs
[2023-01-08T21:33:54.338-0300] {logging_mixin.py:137} INFO - [2023-01-08T21:33:54.338-0300] {dag.py:3427} INFO - Setting next_dagrun for download_uniprot to 2023-01-01T00:00:00+00:00, run_after=2023-02-01T00:00:00+00:00
[2023-01-08T21:33:54.352-0300] {processor.py:175} INFO - Processing /home/kallox/airflow/dags/download_uniprot.py took 0.265 seconds
[2023-01-08T21:34:24.505-0300] {processor.py:153} INFO - Started process (PID=29253) to work on /home/kallox/airflow/dags/download_uniprot.py
[2023-01-08T21:34:24.506-0300] {processor.py:743} INFO - Processing file /home/kallox/airflow/dags/download_uniprot.py for tasks to queue
[2023-01-08T21:34:24.507-0300] {logging_mixin.py:137} INFO - [2023-01-08T21:34:24.507-0300] {dagbag.py:538} INFO - Filling up the DagBag from /home/kallox/airflow/dags/download_uniprot.py
[2023-01-08T21:34:24.715-0300] {processor.py:753} INFO - DAG(s) dict_keys(['download_uniprot']) retrieved from /home/kallox/airflow/dags/download_uniprot.py
[2023-01-08T21:34:24.738-0300] {logging_mixin.py:137} INFO - [2023-01-08T21:34:24.738-0300] {dag.py:2676} INFO - Sync 1 DAGs
[2023-01-08T21:34:24.756-0300] {logging_mixin.py:137} INFO - [2023-01-08T21:34:24.756-0300] {dag.py:3427} INFO - Setting next_dagrun for download_uniprot to 2023-01-01T00:00:00+00:00, run_after=2023-02-01T00:00:00+00:00
[2023-01-08T21:34:24.769-0300] {processor.py:175} INFO - Processing /home/kallox/airflow/dags/download_uniprot.py took 0.266 seconds
[2023-01-08T21:34:55.003-0300] {processor.py:153} INFO - Started process (PID=29342) to work on /home/kallox/airflow/dags/download_uniprot.py
[2023-01-08T21:34:55.004-0300] {processor.py:743} INFO - Processing file /home/kallox/airflow/dags/download_uniprot.py for tasks to queue
[2023-01-08T21:34:55.005-0300] {logging_mixin.py:137} INFO - [2023-01-08T21:34:55.005-0300] {dagbag.py:538} INFO - Filling up the DagBag from /home/kallox/airflow/dags/download_uniprot.py
[2023-01-08T21:34:55.123-0300] {processor.py:753} INFO - DAG(s) dict_keys(['download_uniprot']) retrieved from /home/kallox/airflow/dags/download_uniprot.py
[2023-01-08T21:34:55.148-0300] {logging_mixin.py:137} INFO - [2023-01-08T21:34:55.148-0300] {dag.py:2676} INFO - Sync 1 DAGs
[2023-01-08T21:34:55.253-0300] {logging_mixin.py:137} INFO - [2023-01-08T21:34:55.253-0300] {dag.py:3427} INFO - Setting next_dagrun for download_uniprot to 2023-01-01T00:00:00+00:00, run_after=2023-02-01T00:00:00+00:00
[2023-01-08T21:34:55.268-0300] {processor.py:175} INFO - Processing /home/kallox/airflow/dags/download_uniprot.py took 0.267 seconds
[2023-01-08T21:35:25.465-0300] {processor.py:153} INFO - Started process (PID=29426) to work on /home/kallox/airflow/dags/download_uniprot.py
[2023-01-08T21:35:25.465-0300] {processor.py:743} INFO - Processing file /home/kallox/airflow/dags/download_uniprot.py for tasks to queue
[2023-01-08T21:35:25.466-0300] {logging_mixin.py:137} INFO - [2023-01-08T21:35:25.466-0300] {dagbag.py:538} INFO - Filling up the DagBag from /home/kallox/airflow/dags/download_uniprot.py
[2023-01-08T21:35:25.577-0300] {processor.py:753} INFO - DAG(s) dict_keys(['download_uniprot']) retrieved from /home/kallox/airflow/dags/download_uniprot.py
[2023-01-08T21:35:25.602-0300] {logging_mixin.py:137} INFO - [2023-01-08T21:35:25.602-0300] {dag.py:2676} INFO - Sync 1 DAGs
[2023-01-08T21:35:25.710-0300] {logging_mixin.py:137} INFO - [2023-01-08T21:35:25.710-0300] {dag.py:3427} INFO - Setting next_dagrun for download_uniprot to 2023-01-01T00:00:00+00:00, run_after=2023-02-01T00:00:00+00:00
[2023-01-08T21:35:25.727-0300] {processor.py:175} INFO - Processing /home/kallox/airflow/dags/download_uniprot.py took 0.264 seconds
[2023-01-08T21:35:55.972-0300] {processor.py:153} INFO - Started process (PID=29505) to work on /home/kallox/airflow/dags/download_uniprot.py
[2023-01-08T21:35:55.972-0300] {processor.py:743} INFO - Processing file /home/kallox/airflow/dags/download_uniprot.py for tasks to queue
[2023-01-08T21:35:55.973-0300] {logging_mixin.py:137} INFO - [2023-01-08T21:35:55.973-0300] {dagbag.py:538} INFO - Filling up the DagBag from /home/kallox/airflow/dags/download_uniprot.py
[2023-01-08T21:35:56.089-0300] {processor.py:753} INFO - DAG(s) dict_keys(['download_uniprot']) retrieved from /home/kallox/airflow/dags/download_uniprot.py
[2023-01-08T21:35:56.200-0300] {logging_mixin.py:137} INFO - [2023-01-08T21:35:56.200-0300] {dag.py:2676} INFO - Sync 1 DAGs
[2023-01-08T21:35:56.218-0300] {logging_mixin.py:137} INFO - [2023-01-08T21:35:56.218-0300] {dag.py:3427} INFO - Setting next_dagrun for download_uniprot to 2023-01-01T00:00:00+00:00, run_after=2023-02-01T00:00:00+00:00
[2023-01-08T21:35:56.240-0300] {processor.py:175} INFO - Processing /home/kallox/airflow/dags/download_uniprot.py took 0.271 seconds
[2023-01-08T21:36:26.426-0300] {processor.py:153} INFO - Started process (PID=29584) to work on /home/kallox/airflow/dags/download_uniprot.py
[2023-01-08T21:36:26.427-0300] {processor.py:743} INFO - Processing file /home/kallox/airflow/dags/download_uniprot.py for tasks to queue
[2023-01-08T21:36:26.427-0300] {logging_mixin.py:137} INFO - [2023-01-08T21:36:26.427-0300] {dagbag.py:538} INFO - Filling up the DagBag from /home/kallox/airflow/dags/download_uniprot.py
[2023-01-08T21:36:26.536-0300] {processor.py:753} INFO - DAG(s) dict_keys(['download_uniprot']) retrieved from /home/kallox/airflow/dags/download_uniprot.py
[2023-01-08T21:36:26.650-0300] {logging_mixin.py:137} INFO - [2023-01-08T21:36:26.650-0300] {dag.py:2676} INFO - Sync 1 DAGs
[2023-01-08T21:36:26.667-0300] {logging_mixin.py:137} INFO - [2023-01-08T21:36:26.667-0300] {dag.py:3427} INFO - Setting next_dagrun for download_uniprot to 2023-01-01T00:00:00+00:00, run_after=2023-02-01T00:00:00+00:00
[2023-01-08T21:36:26.690-0300] {processor.py:175} INFO - Processing /home/kallox/airflow/dags/download_uniprot.py took 0.266 seconds
[2023-01-08T21:36:56.859-0300] {processor.py:153} INFO - Started process (PID=29663) to work on /home/kallox/airflow/dags/download_uniprot.py
[2023-01-08T21:36:56.859-0300] {processor.py:743} INFO - Processing file /home/kallox/airflow/dags/download_uniprot.py for tasks to queue
[2023-01-08T21:36:56.860-0300] {logging_mixin.py:137} INFO - [2023-01-08T21:36:56.860-0300] {dagbag.py:538} INFO - Filling up the DagBag from /home/kallox/airflow/dags/download_uniprot.py
[2023-01-08T21:36:57.059-0300] {processor.py:753} INFO - DAG(s) dict_keys(['download_uniprot']) retrieved from /home/kallox/airflow/dags/download_uniprot.py
[2023-01-08T21:36:57.081-0300] {logging_mixin.py:137} INFO - [2023-01-08T21:36:57.081-0300] {dag.py:2676} INFO - Sync 1 DAGs
[2023-01-08T21:36:57.098-0300] {logging_mixin.py:137} INFO - [2023-01-08T21:36:57.098-0300] {dag.py:3427} INFO - Setting next_dagrun for download_uniprot to 2023-01-01T00:00:00+00:00, run_after=2023-02-01T00:00:00+00:00
[2023-01-08T21:36:57.112-0300] {processor.py:175} INFO - Processing /home/kallox/airflow/dags/download_uniprot.py took 0.255 seconds
[2023-01-08T21:37:27.316-0300] {processor.py:153} INFO - Started process (PID=29744) to work on /home/kallox/airflow/dags/download_uniprot.py
[2023-01-08T21:37:27.317-0300] {processor.py:743} INFO - Processing file /home/kallox/airflow/dags/download_uniprot.py for tasks to queue
[2023-01-08T21:37:27.317-0300] {logging_mixin.py:137} INFO - [2023-01-08T21:37:27.317-0300] {dagbag.py:538} INFO - Filling up the DagBag from /home/kallox/airflow/dags/download_uniprot.py
[2023-01-08T21:37:27.509-0300] {processor.py:753} INFO - DAG(s) dict_keys(['download_uniprot']) retrieved from /home/kallox/airflow/dags/download_uniprot.py
[2023-01-08T21:37:27.529-0300] {logging_mixin.py:137} INFO - [2023-01-08T21:37:27.529-0300] {dag.py:2676} INFO - Sync 1 DAGs
[2023-01-08T21:37:27.547-0300] {logging_mixin.py:137} INFO - [2023-01-08T21:37:27.546-0300] {dag.py:3427} INFO - Setting next_dagrun for download_uniprot to 2023-01-01T00:00:00+00:00, run_after=2023-02-01T00:00:00+00:00
[2023-01-08T21:37:27.559-0300] {processor.py:175} INFO - Processing /home/kallox/airflow/dags/download_uniprot.py took 0.246 seconds
[2023-01-08T21:37:58.136-0300] {processor.py:153} INFO - Started process (PID=29824) to work on /home/kallox/airflow/dags/download_uniprot.py
[2023-01-08T21:37:58.136-0300] {processor.py:743} INFO - Processing file /home/kallox/airflow/dags/download_uniprot.py for tasks to queue
[2023-01-08T21:37:58.136-0300] {logging_mixin.py:137} INFO - [2023-01-08T21:37:58.136-0300] {dagbag.py:538} INFO - Filling up the DagBag from /home/kallox/airflow/dags/download_uniprot.py
[2023-01-08T21:37:58.244-0300] {processor.py:753} INFO - DAG(s) dict_keys(['download_uniprot']) retrieved from /home/kallox/airflow/dags/download_uniprot.py
[2023-01-08T21:37:58.268-0300] {logging_mixin.py:137} INFO - [2023-01-08T21:37:58.268-0300] {dag.py:2676} INFO - Sync 1 DAGs
[2023-01-08T21:37:58.373-0300] {logging_mixin.py:137} INFO - [2023-01-08T21:37:58.373-0300] {dag.py:3427} INFO - Setting next_dagrun for download_uniprot to 2023-01-01T00:00:00+00:00, run_after=2023-02-01T00:00:00+00:00
[2023-01-08T21:37:58.388-0300] {processor.py:175} INFO - Processing /home/kallox/airflow/dags/download_uniprot.py took 0.254 seconds
[2023-01-08T21:38:29.054-0300] {processor.py:153} INFO - Started process (PID=29908) to work on /home/kallox/airflow/dags/download_uniprot.py
[2023-01-08T21:38:29.054-0300] {processor.py:743} INFO - Processing file /home/kallox/airflow/dags/download_uniprot.py for tasks to queue
[2023-01-08T21:38:29.055-0300] {logging_mixin.py:137} INFO - [2023-01-08T21:38:29.054-0300] {dagbag.py:538} INFO - Filling up the DagBag from /home/kallox/airflow/dags/download_uniprot.py
[2023-01-08T21:38:29.161-0300] {processor.py:753} INFO - DAG(s) dict_keys(['download_uniprot']) retrieved from /home/kallox/airflow/dags/download_uniprot.py
[2023-01-08T21:38:29.273-0300] {logging_mixin.py:137} INFO - [2023-01-08T21:38:29.273-0300] {dag.py:2676} INFO - Sync 1 DAGs
[2023-01-08T21:38:29.292-0300] {logging_mixin.py:137} INFO - [2023-01-08T21:38:29.292-0300] {dag.py:3427} INFO - Setting next_dagrun for download_uniprot to 2023-01-01T00:00:00+00:00, run_after=2023-02-01T00:00:00+00:00
[2023-01-08T21:38:29.314-0300] {processor.py:175} INFO - Processing /home/kallox/airflow/dags/download_uniprot.py took 0.263 seconds
[2023-01-08T21:38:59.738-0300] {processor.py:153} INFO - Started process (PID=29986) to work on /home/kallox/airflow/dags/download_uniprot.py
[2023-01-08T21:38:59.739-0300] {processor.py:743} INFO - Processing file /home/kallox/airflow/dags/download_uniprot.py for tasks to queue
[2023-01-08T21:38:59.739-0300] {logging_mixin.py:137} INFO - [2023-01-08T21:38:59.739-0300] {dagbag.py:538} INFO - Filling up the DagBag from /home/kallox/airflow/dags/download_uniprot.py
[2023-01-08T21:38:59.848-0300] {processor.py:753} INFO - DAG(s) dict_keys(['download_uniprot']) retrieved from /home/kallox/airflow/dags/download_uniprot.py
[2023-01-08T21:38:59.954-0300] {logging_mixin.py:137} INFO - [2023-01-08T21:38:59.954-0300] {dag.py:2676} INFO - Sync 1 DAGs
[2023-01-08T21:38:59.973-0300] {logging_mixin.py:137} INFO - [2023-01-08T21:38:59.973-0300] {dag.py:3427} INFO - Setting next_dagrun for download_uniprot to 2023-01-01T00:00:00+00:00, run_after=2023-02-01T00:00:00+00:00
[2023-01-08T21:38:59.986-0300] {processor.py:175} INFO - Processing /home/kallox/airflow/dags/download_uniprot.py took 0.249 seconds
[2023-01-08T21:39:30.409-0300] {processor.py:153} INFO - Started process (PID=30068) to work on /home/kallox/airflow/dags/download_uniprot.py
[2023-01-08T21:39:30.410-0300] {processor.py:743} INFO - Processing file /home/kallox/airflow/dags/download_uniprot.py for tasks to queue
[2023-01-08T21:39:30.410-0300] {logging_mixin.py:137} INFO - [2023-01-08T21:39:30.410-0300] {dagbag.py:538} INFO - Filling up the DagBag from /home/kallox/airflow/dags/download_uniprot.py
[2023-01-08T21:39:30.601-0300] {processor.py:753} INFO - DAG(s) dict_keys(['download_uniprot']) retrieved from /home/kallox/airflow/dags/download_uniprot.py
[2023-01-08T21:39:30.623-0300] {logging_mixin.py:137} INFO - [2023-01-08T21:39:30.623-0300] {dag.py:2676} INFO - Sync 1 DAGs
[2023-01-08T21:39:30.640-0300] {logging_mixin.py:137} INFO - [2023-01-08T21:39:30.640-0300] {dag.py:3427} INFO - Setting next_dagrun for download_uniprot to 2023-01-01T00:00:00+00:00, run_after=2023-02-01T00:00:00+00:00
[2023-01-08T21:39:30.653-0300] {processor.py:175} INFO - Processing /home/kallox/airflow/dags/download_uniprot.py took 0.246 seconds
[2023-01-08T21:40:01.095-0300] {processor.py:153} INFO - Started process (PID=30150) to work on /home/kallox/airflow/dags/download_uniprot.py
[2023-01-08T21:40:01.095-0300] {processor.py:743} INFO - Processing file /home/kallox/airflow/dags/download_uniprot.py for tasks to queue
[2023-01-08T21:40:01.096-0300] {logging_mixin.py:137} INFO - [2023-01-08T21:40:01.095-0300] {dagbag.py:538} INFO - Filling up the DagBag from /home/kallox/airflow/dags/download_uniprot.py
[2023-01-08T21:40:01.289-0300] {processor.py:753} INFO - DAG(s) dict_keys(['download_uniprot']) retrieved from /home/kallox/airflow/dags/download_uniprot.py
[2023-01-08T21:40:01.312-0300] {logging_mixin.py:137} INFO - [2023-01-08T21:40:01.311-0300] {dag.py:2676} INFO - Sync 1 DAGs
[2023-01-08T21:40:01.330-0300] {logging_mixin.py:137} INFO - [2023-01-08T21:40:01.330-0300] {dag.py:3427} INFO - Setting next_dagrun for download_uniprot to 2023-01-01T00:00:00+00:00, run_after=2023-02-01T00:00:00+00:00
[2023-01-08T21:40:01.345-0300] {processor.py:175} INFO - Processing /home/kallox/airflow/dags/download_uniprot.py took 0.252 seconds
[2023-01-08T21:40:31.486-0300] {processor.py:153} INFO - Started process (PID=30230) to work on /home/kallox/airflow/dags/download_uniprot.py
[2023-01-08T21:40:31.487-0300] {processor.py:743} INFO - Processing file /home/kallox/airflow/dags/download_uniprot.py for tasks to queue
[2023-01-08T21:40:31.487-0300] {logging_mixin.py:137} INFO - [2023-01-08T21:40:31.487-0300] {dagbag.py:538} INFO - Filling up the DagBag from /home/kallox/airflow/dags/download_uniprot.py
[2023-01-08T21:40:31.682-0300] {processor.py:753} INFO - DAG(s) dict_keys(['download_uniprot']) retrieved from /home/kallox/airflow/dags/download_uniprot.py
[2023-01-08T21:40:31.704-0300] {logging_mixin.py:137} INFO - [2023-01-08T21:40:31.704-0300] {dag.py:2676} INFO - Sync 1 DAGs
[2023-01-08T21:40:31.722-0300] {logging_mixin.py:137} INFO - [2023-01-08T21:40:31.722-0300] {dag.py:3427} INFO - Setting next_dagrun for download_uniprot to 2023-01-01T00:00:00+00:00, run_after=2023-02-01T00:00:00+00:00
[2023-01-08T21:40:31.736-0300] {processor.py:175} INFO - Processing /home/kallox/airflow/dags/download_uniprot.py took 0.251 seconds
[2023-01-08T21:41:01.900-0300] {processor.py:153} INFO - Started process (PID=30312) to work on /home/kallox/airflow/dags/download_uniprot.py
[2023-01-08T21:41:01.900-0300] {processor.py:743} INFO - Processing file /home/kallox/airflow/dags/download_uniprot.py for tasks to queue
[2023-01-08T21:41:01.901-0300] {logging_mixin.py:137} INFO - [2023-01-08T21:41:01.900-0300] {dagbag.py:538} INFO - Filling up the DagBag from /home/kallox/airflow/dags/download_uniprot.py
[2023-01-08T21:41:02.009-0300] {processor.py:753} INFO - DAG(s) dict_keys(['download_uniprot']) retrieved from /home/kallox/airflow/dags/download_uniprot.py
[2023-01-08T21:41:02.032-0300] {logging_mixin.py:137} INFO - [2023-01-08T21:41:02.032-0300] {dag.py:2676} INFO - Sync 1 DAGs
[2023-01-08T21:41:02.138-0300] {logging_mixin.py:137} INFO - [2023-01-08T21:41:02.138-0300] {dag.py:3427} INFO - Setting next_dagrun for download_uniprot to 2023-01-01T00:00:00+00:00, run_after=2023-02-01T00:00:00+00:00
[2023-01-08T21:41:02.157-0300] {processor.py:175} INFO - Processing /home/kallox/airflow/dags/download_uniprot.py took 0.259 seconds
[2023-01-08T21:41:32.840-0300] {processor.py:153} INFO - Started process (PID=30391) to work on /home/kallox/airflow/dags/download_uniprot.py
[2023-01-08T21:41:32.841-0300] {processor.py:743} INFO - Processing file /home/kallox/airflow/dags/download_uniprot.py for tasks to queue
[2023-01-08T21:41:32.841-0300] {logging_mixin.py:137} INFO - [2023-01-08T21:41:32.841-0300] {dagbag.py:538} INFO - Filling up the DagBag from /home/kallox/airflow/dags/download_uniprot.py
[2023-01-08T21:41:32.948-0300] {processor.py:753} INFO - DAG(s) dict_keys(['download_uniprot']) retrieved from /home/kallox/airflow/dags/download_uniprot.py
[2023-01-08T21:41:33.063-0300] {logging_mixin.py:137} INFO - [2023-01-08T21:41:33.063-0300] {dag.py:2676} INFO - Sync 1 DAGs
[2023-01-08T21:41:33.081-0300] {logging_mixin.py:137} INFO - [2023-01-08T21:41:33.081-0300] {dag.py:3427} INFO - Setting next_dagrun for download_uniprot to 2023-01-01T00:00:00+00:00, run_after=2023-02-01T00:00:00+00:00
[2023-01-08T21:41:33.103-0300] {processor.py:175} INFO - Processing /home/kallox/airflow/dags/download_uniprot.py took 0.266 seconds
[2023-01-08T21:42:03.730-0300] {processor.py:153} INFO - Started process (PID=30474) to work on /home/kallox/airflow/dags/download_uniprot.py
[2023-01-08T21:42:03.731-0300] {processor.py:743} INFO - Processing file /home/kallox/airflow/dags/download_uniprot.py for tasks to queue
[2023-01-08T21:42:03.731-0300] {logging_mixin.py:137} INFO - [2023-01-08T21:42:03.731-0300] {dagbag.py:538} INFO - Filling up the DagBag from /home/kallox/airflow/dags/download_uniprot.py
[2023-01-08T21:42:03.841-0300] {processor.py:753} INFO - DAG(s) dict_keys(['download_uniprot']) retrieved from /home/kallox/airflow/dags/download_uniprot.py
[2023-01-08T21:42:03.951-0300] {logging_mixin.py:137} INFO - [2023-01-08T21:42:03.951-0300] {dag.py:2676} INFO - Sync 1 DAGs
[2023-01-08T21:42:03.969-0300] {logging_mixin.py:137} INFO - [2023-01-08T21:42:03.969-0300] {dag.py:3427} INFO - Setting next_dagrun for download_uniprot to 2023-01-01T00:00:00+00:00, run_after=2023-02-01T00:00:00+00:00
[2023-01-08T21:42:03.991-0300] {processor.py:175} INFO - Processing /home/kallox/airflow/dags/download_uniprot.py took 0.263 seconds
[2023-01-08T21:42:34.166-0300] {processor.py:153} INFO - Started process (PID=30552) to work on /home/kallox/airflow/dags/download_uniprot.py
[2023-01-08T21:42:34.167-0300] {processor.py:743} INFO - Processing file /home/kallox/airflow/dags/download_uniprot.py for tasks to queue
[2023-01-08T21:42:34.167-0300] {logging_mixin.py:137} INFO - [2023-01-08T21:42:34.167-0300] {dagbag.py:538} INFO - Filling up the DagBag from /home/kallox/airflow/dags/download_uniprot.py
[2023-01-08T21:42:34.364-0300] {processor.py:753} INFO - DAG(s) dict_keys(['download_uniprot']) retrieved from /home/kallox/airflow/dags/download_uniprot.py
[2023-01-08T21:42:34.387-0300] {logging_mixin.py:137} INFO - [2023-01-08T21:42:34.387-0300] {dag.py:2676} INFO - Sync 1 DAGs
[2023-01-08T21:42:34.405-0300] {logging_mixin.py:137} INFO - [2023-01-08T21:42:34.405-0300] {dag.py:3427} INFO - Setting next_dagrun for download_uniprot to 2023-01-01T00:00:00+00:00, run_after=2023-02-01T00:00:00+00:00
[2023-01-08T21:42:34.421-0300] {processor.py:175} INFO - Processing /home/kallox/airflow/dags/download_uniprot.py took 0.256 seconds
[2023-01-08T21:43:05.287-0300] {processor.py:153} INFO - Started process (PID=30653) to work on /home/kallox/airflow/dags/download_uniprot.py
[2023-01-08T21:43:05.288-0300] {processor.py:743} INFO - Processing file /home/kallox/airflow/dags/download_uniprot.py for tasks to queue
[2023-01-08T21:43:05.288-0300] {logging_mixin.py:137} INFO - [2023-01-08T21:43:05.288-0300] {dagbag.py:538} INFO - Filling up the DagBag from /home/kallox/airflow/dags/download_uniprot.py
[2023-01-08T21:43:05.517-0300] {processor.py:753} INFO - DAG(s) dict_keys(['download_uniprot']) retrieved from /home/kallox/airflow/dags/download_uniprot.py
[2023-01-08T21:43:05.549-0300] {logging_mixin.py:137} INFO - [2023-01-08T21:43:05.549-0300] {dag.py:2676} INFO - Sync 1 DAGs
[2023-01-08T21:43:05.577-0300] {logging_mixin.py:137} INFO - [2023-01-08T21:43:05.577-0300] {dag.py:3427} INFO - Setting next_dagrun for download_uniprot to 2023-01-01T00:00:00+00:00, run_after=2023-02-01T00:00:00+00:00
[2023-01-08T21:43:05.596-0300] {processor.py:175} INFO - Processing /home/kallox/airflow/dags/download_uniprot.py took 0.312 seconds
