[2023-01-08T21:00:16.695-0300] {processor.py:153} INFO - Started process (PID=23092) to work on /home/kallox/airflow/dags/download_hivmidb.py
[2023-01-08T21:00:16.695-0300] {processor.py:743} INFO - Processing file /home/kallox/airflow/dags/download_hivmidb.py for tasks to queue
[2023-01-08T21:00:16.696-0300] {logging_mixin.py:137} INFO - [2023-01-08T21:00:16.696-0300] {dagbag.py:538} INFO - Filling up the DagBag from /home/kallox/airflow/dags/download_hivmidb.py
[2023-01-08T21:00:16.942-0300] {processor.py:753} INFO - DAG(s) dict_keys(['download_hivmidb']) retrieved from /home/kallox/airflow/dags/download_hivmidb.py
[2023-01-08T21:00:16.967-0300] {logging_mixin.py:137} INFO - [2023-01-08T21:00:16.967-0300] {dag.py:2676} INFO - Sync 1 DAGs
[2023-01-08T21:00:16.986-0300] {logging_mixin.py:137} INFO - [2023-01-08T21:00:16.986-0300] {dag.py:3427} INFO - Setting next_dagrun for download_hivmidb to 2023-01-01T00:00:00+00:00, run_after=2023-02-01T00:00:00+00:00
[2023-01-08T21:00:17.005-0300] {processor.py:175} INFO - Processing /home/kallox/airflow/dags/download_hivmidb.py took 0.312 seconds
[2023-01-08T21:00:47.234-0300] {processor.py:153} INFO - Started process (PID=23212) to work on /home/kallox/airflow/dags/download_hivmidb.py
[2023-01-08T21:00:47.234-0300] {processor.py:743} INFO - Processing file /home/kallox/airflow/dags/download_hivmidb.py for tasks to queue
[2023-01-08T21:00:47.235-0300] {logging_mixin.py:137} INFO - [2023-01-08T21:00:47.235-0300] {dagbag.py:538} INFO - Filling up the DagBag from /home/kallox/airflow/dags/download_hivmidb.py
[2023-01-08T21:00:47.469-0300] {processor.py:753} INFO - DAG(s) dict_keys(['download_hivmidb']) retrieved from /home/kallox/airflow/dags/download_hivmidb.py
[2023-01-08T21:00:47.495-0300] {logging_mixin.py:137} INFO - [2023-01-08T21:00:47.495-0300] {dag.py:2676} INFO - Sync 1 DAGs
[2023-01-08T21:00:47.518-0300] {logging_mixin.py:137} INFO - [2023-01-08T21:00:47.518-0300] {dag.py:3427} INFO - Setting next_dagrun for download_hivmidb to 2023-01-01T00:00:00+00:00, run_after=2023-02-01T00:00:00+00:00
[2023-01-08T21:00:47.534-0300] {processor.py:175} INFO - Processing /home/kallox/airflow/dags/download_hivmidb.py took 0.302 seconds
[2023-01-08T21:01:17.861-0300] {processor.py:153} INFO - Started process (PID=23321) to work on /home/kallox/airflow/dags/download_hivmidb.py
[2023-01-08T21:01:17.861-0300] {processor.py:743} INFO - Processing file /home/kallox/airflow/dags/download_hivmidb.py for tasks to queue
[2023-01-08T21:01:17.862-0300] {logging_mixin.py:137} INFO - [2023-01-08T21:01:17.862-0300] {dagbag.py:538} INFO - Filling up the DagBag from /home/kallox/airflow/dags/download_hivmidb.py
[2023-01-08T21:01:18.112-0300] {processor.py:753} INFO - DAG(s) dict_keys(['download_hivmidb']) retrieved from /home/kallox/airflow/dags/download_hivmidb.py
[2023-01-08T21:01:18.136-0300] {logging_mixin.py:137} INFO - [2023-01-08T21:01:18.136-0300] {dag.py:2676} INFO - Sync 1 DAGs
[2023-01-08T21:01:18.156-0300] {logging_mixin.py:137} INFO - [2023-01-08T21:01:18.156-0300] {dag.py:3427} INFO - Setting next_dagrun for download_hivmidb to 2023-01-01T00:00:00+00:00, run_after=2023-02-01T00:00:00+00:00
[2023-01-08T21:01:18.176-0300] {processor.py:175} INFO - Processing /home/kallox/airflow/dags/download_hivmidb.py took 0.317 seconds
[2023-01-08T21:01:48.445-0300] {processor.py:153} INFO - Started process (PID=23439) to work on /home/kallox/airflow/dags/download_hivmidb.py
[2023-01-08T21:01:48.446-0300] {processor.py:743} INFO - Processing file /home/kallox/airflow/dags/download_hivmidb.py for tasks to queue
[2023-01-08T21:01:48.446-0300] {logging_mixin.py:137} INFO - [2023-01-08T21:01:48.446-0300] {dagbag.py:538} INFO - Filling up the DagBag from /home/kallox/airflow/dags/download_hivmidb.py
[2023-01-08T21:01:48.711-0300] {processor.py:753} INFO - DAG(s) dict_keys(['download_hivmidb']) retrieved from /home/kallox/airflow/dags/download_hivmidb.py
[2023-01-08T21:01:48.735-0300] {logging_mixin.py:137} INFO - [2023-01-08T21:01:48.735-0300] {dag.py:2676} INFO - Sync 1 DAGs
[2023-01-08T21:01:48.754-0300] {logging_mixin.py:137} INFO - [2023-01-08T21:01:48.754-0300] {dag.py:3427} INFO - Setting next_dagrun for download_hivmidb to 2023-01-01T00:00:00+00:00, run_after=2023-02-01T00:00:00+00:00
[2023-01-08T21:01:48.772-0300] {processor.py:175} INFO - Processing /home/kallox/airflow/dags/download_hivmidb.py took 0.330 seconds
[2023-01-08T21:02:19.045-0300] {processor.py:153} INFO - Started process (PID=23531) to work on /home/kallox/airflow/dags/download_hivmidb.py
[2023-01-08T21:02:19.045-0300] {processor.py:743} INFO - Processing file /home/kallox/airflow/dags/download_hivmidb.py for tasks to queue
[2023-01-08T21:02:19.046-0300] {logging_mixin.py:137} INFO - [2023-01-08T21:02:19.046-0300] {dagbag.py:538} INFO - Filling up the DagBag from /home/kallox/airflow/dags/download_hivmidb.py
[2023-01-08T21:02:19.297-0300] {processor.py:753} INFO - DAG(s) dict_keys(['download_hivmidb']) retrieved from /home/kallox/airflow/dags/download_hivmidb.py
[2023-01-08T21:02:19.323-0300] {logging_mixin.py:137} INFO - [2023-01-08T21:02:19.323-0300] {dag.py:2676} INFO - Sync 1 DAGs
[2023-01-08T21:02:19.344-0300] {logging_mixin.py:137} INFO - [2023-01-08T21:02:19.344-0300] {dag.py:3427} INFO - Setting next_dagrun for download_hivmidb to 2023-01-01T00:00:00+00:00, run_after=2023-02-01T00:00:00+00:00
[2023-01-08T21:02:19.361-0300] {processor.py:175} INFO - Processing /home/kallox/airflow/dags/download_hivmidb.py took 0.319 seconds
[2023-01-08T21:02:49.650-0300] {processor.py:153} INFO - Started process (PID=23624) to work on /home/kallox/airflow/dags/download_hivmidb.py
[2023-01-08T21:02:49.651-0300] {processor.py:743} INFO - Processing file /home/kallox/airflow/dags/download_hivmidb.py for tasks to queue
[2023-01-08T21:02:49.651-0300] {logging_mixin.py:137} INFO - [2023-01-08T21:02:49.651-0300] {dagbag.py:538} INFO - Filling up the DagBag from /home/kallox/airflow/dags/download_hivmidb.py
[2023-01-08T21:02:49.921-0300] {processor.py:753} INFO - DAG(s) dict_keys(['download_hivmidb']) retrieved from /home/kallox/airflow/dags/download_hivmidb.py
[2023-01-08T21:02:49.944-0300] {logging_mixin.py:137} INFO - [2023-01-08T21:02:49.944-0300] {dag.py:2676} INFO - Sync 1 DAGs
[2023-01-08T21:02:49.963-0300] {logging_mixin.py:137} INFO - [2023-01-08T21:02:49.963-0300] {dag.py:3427} INFO - Setting next_dagrun for download_hivmidb to 2023-01-01T00:00:00+00:00, run_after=2023-02-01T00:00:00+00:00
[2023-01-08T21:02:49.979-0300] {processor.py:175} INFO - Processing /home/kallox/airflow/dags/download_hivmidb.py took 0.331 seconds
[2023-01-08T21:03:20.236-0300] {processor.py:153} INFO - Started process (PID=23719) to work on /home/kallox/airflow/dags/download_hivmidb.py
[2023-01-08T21:03:20.236-0300] {processor.py:743} INFO - Processing file /home/kallox/airflow/dags/download_hivmidb.py for tasks to queue
[2023-01-08T21:03:20.237-0300] {logging_mixin.py:137} INFO - [2023-01-08T21:03:20.237-0300] {dagbag.py:538} INFO - Filling up the DagBag from /home/kallox/airflow/dags/download_hivmidb.py
[2023-01-08T21:03:20.507-0300] {processor.py:753} INFO - DAG(s) dict_keys(['download_hivmidb']) retrieved from /home/kallox/airflow/dags/download_hivmidb.py
[2023-01-08T21:03:20.530-0300] {logging_mixin.py:137} INFO - [2023-01-08T21:03:20.530-0300] {dag.py:2676} INFO - Sync 1 DAGs
[2023-01-08T21:03:20.550-0300] {logging_mixin.py:137} INFO - [2023-01-08T21:03:20.549-0300] {dag.py:3427} INFO - Setting next_dagrun for download_hivmidb to 2023-01-01T00:00:00+00:00, run_after=2023-02-01T00:00:00+00:00
[2023-01-08T21:03:20.566-0300] {processor.py:175} INFO - Processing /home/kallox/airflow/dags/download_hivmidb.py took 0.333 seconds
[2023-01-08T21:03:50.807-0300] {processor.py:153} INFO - Started process (PID=23812) to work on /home/kallox/airflow/dags/download_hivmidb.py
[2023-01-08T21:03:50.808-0300] {processor.py:743} INFO - Processing file /home/kallox/airflow/dags/download_hivmidb.py for tasks to queue
[2023-01-08T21:03:50.809-0300] {logging_mixin.py:137} INFO - [2023-01-08T21:03:50.808-0300] {dagbag.py:538} INFO - Filling up the DagBag from /home/kallox/airflow/dags/download_hivmidb.py
[2023-01-08T21:03:51.059-0300] {processor.py:753} INFO - DAG(s) dict_keys(['download_hivmidb']) retrieved from /home/kallox/airflow/dags/download_hivmidb.py
[2023-01-08T21:03:51.083-0300] {logging_mixin.py:137} INFO - [2023-01-08T21:03:51.083-0300] {dag.py:2676} INFO - Sync 1 DAGs
[2023-01-08T21:03:51.103-0300] {logging_mixin.py:137} INFO - [2023-01-08T21:03:51.103-0300] {dag.py:3427} INFO - Setting next_dagrun for download_hivmidb to 2023-01-01T00:00:00+00:00, run_after=2023-02-01T00:00:00+00:00
[2023-01-08T21:03:51.119-0300] {processor.py:175} INFO - Processing /home/kallox/airflow/dags/download_hivmidb.py took 0.314 seconds
[2023-01-08T21:04:21.639-0300] {processor.py:153} INFO - Started process (PID=23910) to work on /home/kallox/airflow/dags/download_hivmidb.py
[2023-01-08T21:04:21.640-0300] {processor.py:743} INFO - Processing file /home/kallox/airflow/dags/download_hivmidb.py for tasks to queue
[2023-01-08T21:04:21.641-0300] {logging_mixin.py:137} INFO - [2023-01-08T21:04:21.641-0300] {dagbag.py:538} INFO - Filling up the DagBag from /home/kallox/airflow/dags/download_hivmidb.py
[2023-01-08T21:04:21.899-0300] {processor.py:753} INFO - DAG(s) dict_keys(['download_hivmidb']) retrieved from /home/kallox/airflow/dags/download_hivmidb.py
[2023-01-08T21:04:21.926-0300] {logging_mixin.py:137} INFO - [2023-01-08T21:04:21.926-0300] {dag.py:2676} INFO - Sync 1 DAGs
[2023-01-08T21:04:21.949-0300] {logging_mixin.py:137} INFO - [2023-01-08T21:04:21.948-0300] {dag.py:3427} INFO - Setting next_dagrun for download_hivmidb to 2023-01-01T00:00:00+00:00, run_after=2023-02-01T00:00:00+00:00
[2023-01-08T21:04:21.965-0300] {processor.py:175} INFO - Processing /home/kallox/airflow/dags/download_hivmidb.py took 0.328 seconds
[2023-01-08T21:04:52.635-0300] {processor.py:153} INFO - Started process (PID=24007) to work on /home/kallox/airflow/dags/download_hivmidb.py
[2023-01-08T21:04:52.636-0300] {processor.py:743} INFO - Processing file /home/kallox/airflow/dags/download_hivmidb.py for tasks to queue
[2023-01-08T21:04:52.636-0300] {logging_mixin.py:137} INFO - [2023-01-08T21:04:52.636-0300] {dagbag.py:538} INFO - Filling up the DagBag from /home/kallox/airflow/dags/download_hivmidb.py
[2023-01-08T21:04:52.893-0300] {processor.py:753} INFO - DAG(s) dict_keys(['download_hivmidb']) retrieved from /home/kallox/airflow/dags/download_hivmidb.py
[2023-01-08T21:04:52.917-0300] {logging_mixin.py:137} INFO - [2023-01-08T21:04:52.917-0300] {dag.py:2676} INFO - Sync 1 DAGs
[2023-01-08T21:04:52.939-0300] {logging_mixin.py:137} INFO - [2023-01-08T21:04:52.939-0300] {dag.py:3427} INFO - Setting next_dagrun for download_hivmidb to 2023-01-01T00:00:00+00:00, run_after=2023-02-01T00:00:00+00:00
[2023-01-08T21:04:52.954-0300] {processor.py:175} INFO - Processing /home/kallox/airflow/dags/download_hivmidb.py took 0.322 seconds
[2023-01-08T21:05:23.200-0300] {processor.py:153} INFO - Started process (PID=24102) to work on /home/kallox/airflow/dags/download_hivmidb.py
[2023-01-08T21:05:23.201-0300] {processor.py:743} INFO - Processing file /home/kallox/airflow/dags/download_hivmidb.py for tasks to queue
[2023-01-08T21:05:23.201-0300] {logging_mixin.py:137} INFO - [2023-01-08T21:05:23.201-0300] {dagbag.py:538} INFO - Filling up the DagBag from /home/kallox/airflow/dags/download_hivmidb.py
[2023-01-08T21:05:23.440-0300] {processor.py:753} INFO - DAG(s) dict_keys(['download_hivmidb']) retrieved from /home/kallox/airflow/dags/download_hivmidb.py
[2023-01-08T21:05:23.463-0300] {logging_mixin.py:137} INFO - [2023-01-08T21:05:23.463-0300] {dag.py:2676} INFO - Sync 1 DAGs
[2023-01-08T21:05:23.482-0300] {logging_mixin.py:137} INFO - [2023-01-08T21:05:23.482-0300] {dag.py:3427} INFO - Setting next_dagrun for download_hivmidb to 2023-01-01T00:00:00+00:00, run_after=2023-02-01T00:00:00+00:00
[2023-01-08T21:05:23.500-0300] {processor.py:175} INFO - Processing /home/kallox/airflow/dags/download_hivmidb.py took 0.302 seconds
[2023-01-08T21:05:53.813-0300] {processor.py:153} INFO - Started process (PID=24196) to work on /home/kallox/airflow/dags/download_hivmidb.py
[2023-01-08T21:05:53.813-0300] {processor.py:743} INFO - Processing file /home/kallox/airflow/dags/download_hivmidb.py for tasks to queue
[2023-01-08T21:05:53.814-0300] {logging_mixin.py:137} INFO - [2023-01-08T21:05:53.814-0300] {dagbag.py:538} INFO - Filling up the DagBag from /home/kallox/airflow/dags/download_hivmidb.py
[2023-01-08T21:05:54.050-0300] {processor.py:753} INFO - DAG(s) dict_keys(['download_hivmidb']) retrieved from /home/kallox/airflow/dags/download_hivmidb.py
[2023-01-08T21:05:54.074-0300] {logging_mixin.py:137} INFO - [2023-01-08T21:05:54.074-0300] {dag.py:2676} INFO - Sync 1 DAGs
[2023-01-08T21:05:54.094-0300] {logging_mixin.py:137} INFO - [2023-01-08T21:05:54.094-0300] {dag.py:3427} INFO - Setting next_dagrun for download_hivmidb to 2023-01-01T00:00:00+00:00, run_after=2023-02-01T00:00:00+00:00
[2023-01-08T21:05:54.110-0300] {processor.py:175} INFO - Processing /home/kallox/airflow/dags/download_hivmidb.py took 0.300 seconds
[2023-01-08T21:06:24.448-0300] {processor.py:153} INFO - Started process (PID=24287) to work on /home/kallox/airflow/dags/download_hivmidb.py
[2023-01-08T21:06:24.449-0300] {processor.py:743} INFO - Processing file /home/kallox/airflow/dags/download_hivmidb.py for tasks to queue
[2023-01-08T21:06:24.449-0300] {logging_mixin.py:137} INFO - [2023-01-08T21:06:24.449-0300] {dagbag.py:538} INFO - Filling up the DagBag from /home/kallox/airflow/dags/download_hivmidb.py
[2023-01-08T21:06:24.691-0300] {processor.py:753} INFO - DAG(s) dict_keys(['download_hivmidb']) retrieved from /home/kallox/airflow/dags/download_hivmidb.py
[2023-01-08T21:06:24.715-0300] {logging_mixin.py:137} INFO - [2023-01-08T21:06:24.715-0300] {dag.py:2676} INFO - Sync 1 DAGs
[2023-01-08T21:06:24.737-0300] {logging_mixin.py:137} INFO - [2023-01-08T21:06:24.736-0300] {dag.py:3427} INFO - Setting next_dagrun for download_hivmidb to 2023-01-01T00:00:00+00:00, run_after=2023-02-01T00:00:00+00:00
[2023-01-08T21:06:24.752-0300] {processor.py:175} INFO - Processing /home/kallox/airflow/dags/download_hivmidb.py took 0.306 seconds
[2023-01-08T21:06:55.026-0300] {processor.py:153} INFO - Started process (PID=24380) to work on /home/kallox/airflow/dags/download_hivmidb.py
[2023-01-08T21:06:55.027-0300] {processor.py:743} INFO - Processing file /home/kallox/airflow/dags/download_hivmidb.py for tasks to queue
[2023-01-08T21:06:55.028-0300] {logging_mixin.py:137} INFO - [2023-01-08T21:06:55.028-0300] {dagbag.py:538} INFO - Filling up the DagBag from /home/kallox/airflow/dags/download_hivmidb.py
[2023-01-08T21:06:55.278-0300] {processor.py:753} INFO - DAG(s) dict_keys(['download_hivmidb']) retrieved from /home/kallox/airflow/dags/download_hivmidb.py
[2023-01-08T21:06:55.302-0300] {logging_mixin.py:137} INFO - [2023-01-08T21:06:55.302-0300] {dag.py:2676} INFO - Sync 1 DAGs
[2023-01-08T21:06:55.322-0300] {logging_mixin.py:137} INFO - [2023-01-08T21:06:55.321-0300] {dag.py:3427} INFO - Setting next_dagrun for download_hivmidb to 2023-01-01T00:00:00+00:00, run_after=2023-02-01T00:00:00+00:00
[2023-01-08T21:06:55.339-0300] {processor.py:175} INFO - Processing /home/kallox/airflow/dags/download_hivmidb.py took 0.315 seconds
[2023-01-08T21:07:25.621-0300] {processor.py:153} INFO - Started process (PID=24472) to work on /home/kallox/airflow/dags/download_hivmidb.py
[2023-01-08T21:07:25.621-0300] {processor.py:743} INFO - Processing file /home/kallox/airflow/dags/download_hivmidb.py for tasks to queue
[2023-01-08T21:07:25.622-0300] {logging_mixin.py:137} INFO - [2023-01-08T21:07:25.622-0300] {dagbag.py:538} INFO - Filling up the DagBag from /home/kallox/airflow/dags/download_hivmidb.py
[2023-01-08T21:07:25.881-0300] {processor.py:753} INFO - DAG(s) dict_keys(['download_hivmidb']) retrieved from /home/kallox/airflow/dags/download_hivmidb.py
[2023-01-08T21:07:25.906-0300] {logging_mixin.py:137} INFO - [2023-01-08T21:07:25.906-0300] {dag.py:2676} INFO - Sync 1 DAGs
[2023-01-08T21:07:25.927-0300] {logging_mixin.py:137} INFO - [2023-01-08T21:07:25.927-0300] {dag.py:3427} INFO - Setting next_dagrun for download_hivmidb to 2023-01-01T00:00:00+00:00, run_after=2023-02-01T00:00:00+00:00
[2023-01-08T21:07:25.944-0300] {processor.py:175} INFO - Processing /home/kallox/airflow/dags/download_hivmidb.py took 0.325 seconds
[2023-01-08T21:07:56.195-0300] {processor.py:153} INFO - Started process (PID=24564) to work on /home/kallox/airflow/dags/download_hivmidb.py
[2023-01-08T21:07:56.196-0300] {processor.py:743} INFO - Processing file /home/kallox/airflow/dags/download_hivmidb.py for tasks to queue
[2023-01-08T21:07:56.196-0300] {logging_mixin.py:137} INFO - [2023-01-08T21:07:56.196-0300] {dagbag.py:538} INFO - Filling up the DagBag from /home/kallox/airflow/dags/download_hivmidb.py
[2023-01-08T21:07:56.441-0300] {processor.py:753} INFO - DAG(s) dict_keys(['download_hivmidb']) retrieved from /home/kallox/airflow/dags/download_hivmidb.py
[2023-01-08T21:07:56.467-0300] {logging_mixin.py:137} INFO - [2023-01-08T21:07:56.466-0300] {dag.py:2676} INFO - Sync 1 DAGs
[2023-01-08T21:07:56.487-0300] {logging_mixin.py:137} INFO - [2023-01-08T21:07:56.487-0300] {dag.py:3427} INFO - Setting next_dagrun for download_hivmidb to 2023-01-01T00:00:00+00:00, run_after=2023-02-01T00:00:00+00:00
[2023-01-08T21:07:56.505-0300] {processor.py:175} INFO - Processing /home/kallox/airflow/dags/download_hivmidb.py took 0.312 seconds
[2023-01-08T21:08:26.784-0300] {processor.py:153} INFO - Started process (PID=24656) to work on /home/kallox/airflow/dags/download_hivmidb.py
[2023-01-08T21:08:26.785-0300] {processor.py:743} INFO - Processing file /home/kallox/airflow/dags/download_hivmidb.py for tasks to queue
[2023-01-08T21:08:26.786-0300] {logging_mixin.py:137} INFO - [2023-01-08T21:08:26.786-0300] {dagbag.py:538} INFO - Filling up the DagBag from /home/kallox/airflow/dags/download_hivmidb.py
[2023-01-08T21:08:27.033-0300] {processor.py:753} INFO - DAG(s) dict_keys(['download_hivmidb']) retrieved from /home/kallox/airflow/dags/download_hivmidb.py
[2023-01-08T21:08:27.058-0300] {logging_mixin.py:137} INFO - [2023-01-08T21:08:27.058-0300] {dag.py:2676} INFO - Sync 1 DAGs
[2023-01-08T21:08:27.078-0300] {logging_mixin.py:137} INFO - [2023-01-08T21:08:27.077-0300] {dag.py:3427} INFO - Setting next_dagrun for download_hivmidb to 2023-01-01T00:00:00+00:00, run_after=2023-02-01T00:00:00+00:00
[2023-01-08T21:08:27.093-0300] {processor.py:175} INFO - Processing /home/kallox/airflow/dags/download_hivmidb.py took 0.312 seconds
[2023-01-08T21:08:57.353-0300] {processor.py:153} INFO - Started process (PID=24747) to work on /home/kallox/airflow/dags/download_hivmidb.py
[2023-01-08T21:08:57.354-0300] {processor.py:743} INFO - Processing file /home/kallox/airflow/dags/download_hivmidb.py for tasks to queue
[2023-01-08T21:08:57.355-0300] {logging_mixin.py:137} INFO - [2023-01-08T21:08:57.355-0300] {dagbag.py:538} INFO - Filling up the DagBag from /home/kallox/airflow/dags/download_hivmidb.py
[2023-01-08T21:08:57.607-0300] {processor.py:753} INFO - DAG(s) dict_keys(['download_hivmidb']) retrieved from /home/kallox/airflow/dags/download_hivmidb.py
[2023-01-08T21:08:57.628-0300] {logging_mixin.py:137} INFO - [2023-01-08T21:08:57.628-0300] {dag.py:2676} INFO - Sync 1 DAGs
[2023-01-08T21:08:57.648-0300] {logging_mixin.py:137} INFO - [2023-01-08T21:08:57.648-0300] {dag.py:3427} INFO - Setting next_dagrun for download_hivmidb to 2023-01-01T00:00:00+00:00, run_after=2023-02-01T00:00:00+00:00
[2023-01-08T21:08:57.668-0300] {processor.py:175} INFO - Processing /home/kallox/airflow/dags/download_hivmidb.py took 0.317 seconds
[2023-01-08T21:09:28.577-0300] {processor.py:153} INFO - Started process (PID=24840) to work on /home/kallox/airflow/dags/download_hivmidb.py
[2023-01-08T21:09:28.577-0300] {processor.py:743} INFO - Processing file /home/kallox/airflow/dags/download_hivmidb.py for tasks to queue
[2023-01-08T21:09:28.578-0300] {logging_mixin.py:137} INFO - [2023-01-08T21:09:28.578-0300] {dagbag.py:538} INFO - Filling up the DagBag from /home/kallox/airflow/dags/download_hivmidb.py
[2023-01-08T21:09:28.846-0300] {processor.py:753} INFO - DAG(s) dict_keys(['download_hivmidb']) retrieved from /home/kallox/airflow/dags/download_hivmidb.py
[2023-01-08T21:09:28.868-0300] {logging_mixin.py:137} INFO - [2023-01-08T21:09:28.868-0300] {dag.py:2676} INFO - Sync 1 DAGs
[2023-01-08T21:09:28.886-0300] {logging_mixin.py:137} INFO - [2023-01-08T21:09:28.886-0300] {dag.py:3427} INFO - Setting next_dagrun for download_hivmidb to 2023-01-01T00:00:00+00:00, run_after=2023-02-01T00:00:00+00:00
[2023-01-08T21:09:28.900-0300] {processor.py:175} INFO - Processing /home/kallox/airflow/dags/download_hivmidb.py took 0.326 seconds
[2023-01-08T21:09:59.257-0300] {processor.py:153} INFO - Started process (PID=24937) to work on /home/kallox/airflow/dags/download_hivmidb.py
[2023-01-08T21:09:59.258-0300] {processor.py:743} INFO - Processing file /home/kallox/airflow/dags/download_hivmidb.py for tasks to queue
[2023-01-08T21:09:59.258-0300] {logging_mixin.py:137} INFO - [2023-01-08T21:09:59.258-0300] {dagbag.py:538} INFO - Filling up the DagBag from /home/kallox/airflow/dags/download_hivmidb.py
[2023-01-08T21:09:59.515-0300] {processor.py:753} INFO - DAG(s) dict_keys(['download_hivmidb']) retrieved from /home/kallox/airflow/dags/download_hivmidb.py
[2023-01-08T21:09:59.539-0300] {logging_mixin.py:137} INFO - [2023-01-08T21:09:59.539-0300] {dag.py:2676} INFO - Sync 1 DAGs
[2023-01-08T21:09:59.559-0300] {logging_mixin.py:137} INFO - [2023-01-08T21:09:59.559-0300] {dag.py:3427} INFO - Setting next_dagrun for download_hivmidb to 2023-01-01T00:00:00+00:00, run_after=2023-02-01T00:00:00+00:00
[2023-01-08T21:09:59.574-0300] {processor.py:175} INFO - Processing /home/kallox/airflow/dags/download_hivmidb.py took 0.319 seconds
[2023-01-08T21:10:29.881-0300] {processor.py:153} INFO - Started process (PID=25029) to work on /home/kallox/airflow/dags/download_hivmidb.py
[2023-01-08T21:10:29.881-0300] {processor.py:743} INFO - Processing file /home/kallox/airflow/dags/download_hivmidb.py for tasks to queue
[2023-01-08T21:10:29.882-0300] {logging_mixin.py:137} INFO - [2023-01-08T21:10:29.882-0300] {dagbag.py:538} INFO - Filling up the DagBag from /home/kallox/airflow/dags/download_hivmidb.py
[2023-01-08T21:10:30.138-0300] {processor.py:753} INFO - DAG(s) dict_keys(['download_hivmidb']) retrieved from /home/kallox/airflow/dags/download_hivmidb.py
[2023-01-08T21:10:30.162-0300] {logging_mixin.py:137} INFO - [2023-01-08T21:10:30.162-0300] {dag.py:2676} INFO - Sync 1 DAGs
[2023-01-08T21:10:30.183-0300] {logging_mixin.py:137} INFO - [2023-01-08T21:10:30.183-0300] {dag.py:3427} INFO - Setting next_dagrun for download_hivmidb to 2023-01-01T00:00:00+00:00, run_after=2023-02-01T00:00:00+00:00
[2023-01-08T21:10:30.198-0300] {processor.py:175} INFO - Processing /home/kallox/airflow/dags/download_hivmidb.py took 0.320 seconds
[2023-01-08T21:11:00.465-0300] {processor.py:153} INFO - Started process (PID=25123) to work on /home/kallox/airflow/dags/download_hivmidb.py
[2023-01-08T21:11:00.465-0300] {processor.py:743} INFO - Processing file /home/kallox/airflow/dags/download_hivmidb.py for tasks to queue
[2023-01-08T21:11:00.466-0300] {logging_mixin.py:137} INFO - [2023-01-08T21:11:00.466-0300] {dagbag.py:538} INFO - Filling up the DagBag from /home/kallox/airflow/dags/download_hivmidb.py
[2023-01-08T21:11:00.702-0300] {processor.py:753} INFO - DAG(s) dict_keys(['download_hivmidb']) retrieved from /home/kallox/airflow/dags/download_hivmidb.py
[2023-01-08T21:11:00.723-0300] {logging_mixin.py:137} INFO - [2023-01-08T21:11:00.723-0300] {dag.py:2676} INFO - Sync 1 DAGs
[2023-01-08T21:11:00.741-0300] {logging_mixin.py:137} INFO - [2023-01-08T21:11:00.741-0300] {dag.py:3427} INFO - Setting next_dagrun for download_hivmidb to 2023-01-01T00:00:00+00:00, run_after=2023-02-01T00:00:00+00:00
[2023-01-08T21:11:00.756-0300] {processor.py:175} INFO - Processing /home/kallox/airflow/dags/download_hivmidb.py took 0.294 seconds
[2023-01-08T21:11:30.962-0300] {processor.py:153} INFO - Started process (PID=25216) to work on /home/kallox/airflow/dags/download_hivmidb.py
[2023-01-08T21:11:30.963-0300] {processor.py:743} INFO - Processing file /home/kallox/airflow/dags/download_hivmidb.py for tasks to queue
[2023-01-08T21:11:30.964-0300] {logging_mixin.py:137} INFO - [2023-01-08T21:11:30.963-0300] {dagbag.py:538} INFO - Filling up the DagBag from /home/kallox/airflow/dags/download_hivmidb.py
[2023-01-08T21:11:31.213-0300] {processor.py:753} INFO - DAG(s) dict_keys(['download_hivmidb']) retrieved from /home/kallox/airflow/dags/download_hivmidb.py
[2023-01-08T21:11:31.236-0300] {logging_mixin.py:137} INFO - [2023-01-08T21:11:31.236-0300] {dag.py:2676} INFO - Sync 1 DAGs
[2023-01-08T21:11:31.257-0300] {logging_mixin.py:137} INFO - [2023-01-08T21:11:31.257-0300] {dag.py:3427} INFO - Setting next_dagrun for download_hivmidb to 2023-01-01T00:00:00+00:00, run_after=2023-02-01T00:00:00+00:00
[2023-01-08T21:11:31.274-0300] {processor.py:175} INFO - Processing /home/kallox/airflow/dags/download_hivmidb.py took 0.314 seconds
[2023-01-08T21:12:03.333-0300] {processor.py:153} INFO - Started process (PID=25316) to work on /home/kallox/airflow/dags/download_hivmidb.py
[2023-01-08T21:12:03.334-0300] {processor.py:743} INFO - Processing file /home/kallox/airflow/dags/download_hivmidb.py for tasks to queue
[2023-01-08T21:12:03.335-0300] {logging_mixin.py:137} INFO - [2023-01-08T21:12:03.335-0300] {dagbag.py:538} INFO - Filling up the DagBag from /home/kallox/airflow/dags/download_hivmidb.py
[2023-01-08T21:12:03.596-0300] {processor.py:753} INFO - DAG(s) dict_keys(['download_hivmidb']) retrieved from /home/kallox/airflow/dags/download_hivmidb.py
[2023-01-08T21:12:03.618-0300] {logging_mixin.py:137} INFO - [2023-01-08T21:12:03.618-0300] {dag.py:2676} INFO - Sync 1 DAGs
[2023-01-08T21:12:03.635-0300] {logging_mixin.py:137} INFO - [2023-01-08T21:12:03.635-0300] {dag.py:3427} INFO - Setting next_dagrun for download_hivmidb to 2023-01-01T00:00:00+00:00, run_after=2023-02-01T00:00:00+00:00
[2023-01-08T21:12:03.650-0300] {processor.py:175} INFO - Processing /home/kallox/airflow/dags/download_hivmidb.py took 0.319 seconds
[2023-01-08T21:12:34.848-0300] {processor.py:153} INFO - Started process (PID=25408) to work on /home/kallox/airflow/dags/download_hivmidb.py
[2023-01-08T21:12:34.849-0300] {processor.py:743} INFO - Processing file /home/kallox/airflow/dags/download_hivmidb.py for tasks to queue
[2023-01-08T21:12:34.849-0300] {logging_mixin.py:137} INFO - [2023-01-08T21:12:34.849-0300] {dagbag.py:538} INFO - Filling up the DagBag from /home/kallox/airflow/dags/download_hivmidb.py
[2023-01-08T21:12:35.068-0300] {processor.py:753} INFO - DAG(s) dict_keys(['download_hivmidb']) retrieved from /home/kallox/airflow/dags/download_hivmidb.py
[2023-01-08T21:12:35.090-0300] {logging_mixin.py:137} INFO - [2023-01-08T21:12:35.090-0300] {dag.py:2676} INFO - Sync 1 DAGs
[2023-01-08T21:12:35.107-0300] {logging_mixin.py:137} INFO - [2023-01-08T21:12:35.107-0300] {dag.py:3427} INFO - Setting next_dagrun for download_hivmidb to 2023-01-01T00:00:00+00:00, run_after=2023-02-01T00:00:00+00:00
[2023-01-08T21:12:35.120-0300] {processor.py:175} INFO - Processing /home/kallox/airflow/dags/download_hivmidb.py took 0.274 seconds
[2023-01-08T21:13:06.406-0300] {processor.py:153} INFO - Started process (PID=25501) to work on /home/kallox/airflow/dags/download_hivmidb.py
[2023-01-08T21:13:06.406-0300] {processor.py:743} INFO - Processing file /home/kallox/airflow/dags/download_hivmidb.py for tasks to queue
[2023-01-08T21:13:06.407-0300] {logging_mixin.py:137} INFO - [2023-01-08T21:13:06.407-0300] {dagbag.py:538} INFO - Filling up the DagBag from /home/kallox/airflow/dags/download_hivmidb.py
[2023-01-08T21:13:06.635-0300] {processor.py:753} INFO - DAG(s) dict_keys(['download_hivmidb']) retrieved from /home/kallox/airflow/dags/download_hivmidb.py
[2023-01-08T21:13:06.657-0300] {logging_mixin.py:137} INFO - [2023-01-08T21:13:06.657-0300] {dag.py:2676} INFO - Sync 1 DAGs
[2023-01-08T21:13:06.680-0300] {logging_mixin.py:137} INFO - [2023-01-08T21:13:06.679-0300] {dag.py:3427} INFO - Setting next_dagrun for download_hivmidb to 2023-01-01T00:00:00+00:00, run_after=2023-02-01T00:00:00+00:00
[2023-01-08T21:13:06.699-0300] {processor.py:175} INFO - Processing /home/kallox/airflow/dags/download_hivmidb.py took 0.296 seconds
[2023-01-08T21:13:37.191-0300] {processor.py:153} INFO - Started process (PID=25608) to work on /home/kallox/airflow/dags/download_hivmidb.py
[2023-01-08T21:13:37.192-0300] {processor.py:743} INFO - Processing file /home/kallox/airflow/dags/download_hivmidb.py for tasks to queue
[2023-01-08T21:13:37.192-0300] {logging_mixin.py:137} INFO - [2023-01-08T21:13:37.192-0300] {dagbag.py:538} INFO - Filling up the DagBag from /home/kallox/airflow/dags/download_hivmidb.py
[2023-01-08T21:13:37.423-0300] {processor.py:753} INFO - DAG(s) dict_keys(['download_hivmidb']) retrieved from /home/kallox/airflow/dags/download_hivmidb.py
[2023-01-08T21:13:37.446-0300] {logging_mixin.py:137} INFO - [2023-01-08T21:13:37.445-0300] {dag.py:2676} INFO - Sync 1 DAGs
[2023-01-08T21:13:37.464-0300] {logging_mixin.py:137} INFO - [2023-01-08T21:13:37.464-0300] {dag.py:3427} INFO - Setting next_dagrun for download_hivmidb to 2023-01-01T00:00:00+00:00, run_after=2023-02-01T00:00:00+00:00
[2023-01-08T21:13:37.480-0300] {processor.py:175} INFO - Processing /home/kallox/airflow/dags/download_hivmidb.py took 0.291 seconds
[2023-01-08T21:14:09.342-0300] {processor.py:153} INFO - Started process (PID=25711) to work on /home/kallox/airflow/dags/download_hivmidb.py
[2023-01-08T21:14:09.343-0300] {processor.py:743} INFO - Processing file /home/kallox/airflow/dags/download_hivmidb.py for tasks to queue
[2023-01-08T21:14:09.345-0300] {logging_mixin.py:137} INFO - [2023-01-08T21:14:09.345-0300] {dagbag.py:538} INFO - Filling up the DagBag from /home/kallox/airflow/dags/download_hivmidb.py
[2023-01-08T21:14:09.645-0300] {processor.py:753} INFO - DAG(s) dict_keys(['download_hivmidb']) retrieved from /home/kallox/airflow/dags/download_hivmidb.py
[2023-01-08T21:14:09.667-0300] {logging_mixin.py:137} INFO - [2023-01-08T21:14:09.667-0300] {dag.py:2676} INFO - Sync 1 DAGs
[2023-01-08T21:14:09.686-0300] {logging_mixin.py:137} INFO - [2023-01-08T21:14:09.686-0300] {dag.py:3427} INFO - Setting next_dagrun for download_hivmidb to 2023-01-01T00:00:00+00:00, run_after=2023-02-01T00:00:00+00:00
[2023-01-08T21:14:09.706-0300] {processor.py:175} INFO - Processing /home/kallox/airflow/dags/download_hivmidb.py took 0.368 seconds
[2023-01-08T21:14:40.957-0300] {processor.py:153} INFO - Started process (PID=25806) to work on /home/kallox/airflow/dags/download_hivmidb.py
[2023-01-08T21:14:40.958-0300] {processor.py:743} INFO - Processing file /home/kallox/airflow/dags/download_hivmidb.py for tasks to queue
[2023-01-08T21:14:40.959-0300] {logging_mixin.py:137} INFO - [2023-01-08T21:14:40.958-0300] {dagbag.py:538} INFO - Filling up the DagBag from /home/kallox/airflow/dags/download_hivmidb.py
[2023-01-08T21:14:41.189-0300] {processor.py:753} INFO - DAG(s) dict_keys(['download_hivmidb']) retrieved from /home/kallox/airflow/dags/download_hivmidb.py
[2023-01-08T21:14:41.213-0300] {logging_mixin.py:137} INFO - [2023-01-08T21:14:41.213-0300] {dag.py:2676} INFO - Sync 1 DAGs
[2023-01-08T21:14:41.231-0300] {logging_mixin.py:137} INFO - [2023-01-08T21:14:41.231-0300] {dag.py:3427} INFO - Setting next_dagrun for download_hivmidb to 2023-01-01T00:00:00+00:00, run_after=2023-02-01T00:00:00+00:00
[2023-01-08T21:14:41.247-0300] {processor.py:175} INFO - Processing /home/kallox/airflow/dags/download_hivmidb.py took 0.293 seconds
[2023-01-08T21:15:12.710-0300] {processor.py:153} INFO - Started process (PID=25901) to work on /home/kallox/airflow/dags/download_hivmidb.py
[2023-01-08T21:15:12.711-0300] {processor.py:743} INFO - Processing file /home/kallox/airflow/dags/download_hivmidb.py for tasks to queue
[2023-01-08T21:15:12.711-0300] {logging_mixin.py:137} INFO - [2023-01-08T21:15:12.711-0300] {dagbag.py:538} INFO - Filling up the DagBag from /home/kallox/airflow/dags/download_hivmidb.py
[2023-01-08T21:15:12.949-0300] {processor.py:753} INFO - DAG(s) dict_keys(['download_hivmidb']) retrieved from /home/kallox/airflow/dags/download_hivmidb.py
[2023-01-08T21:15:12.974-0300] {logging_mixin.py:137} INFO - [2023-01-08T21:15:12.973-0300] {dag.py:2676} INFO - Sync 1 DAGs
[2023-01-08T21:15:12.992-0300] {logging_mixin.py:137} INFO - [2023-01-08T21:15:12.992-0300] {dag.py:3427} INFO - Setting next_dagrun for download_hivmidb to 2023-01-01T00:00:00+00:00, run_after=2023-02-01T00:00:00+00:00
[2023-01-08T21:15:13.160-0300] {processor.py:175} INFO - Processing /home/kallox/airflow/dags/download_hivmidb.py took 0.452 seconds
[2023-01-08T21:15:48.186-0300] {processor.py:153} INFO - Started process (PID=25999) to work on /home/kallox/airflow/dags/download_hivmidb.py
[2023-01-08T21:15:48.187-0300] {processor.py:743} INFO - Processing file /home/kallox/airflow/dags/download_hivmidb.py for tasks to queue
[2023-01-08T21:15:48.188-0300] {logging_mixin.py:137} INFO - [2023-01-08T21:15:48.188-0300] {dagbag.py:538} INFO - Filling up the DagBag from /home/kallox/airflow/dags/download_hivmidb.py
[2023-01-08T21:15:48.751-0300] {processor.py:753} INFO - DAG(s) dict_keys(['download_hivmidb']) retrieved from /home/kallox/airflow/dags/download_hivmidb.py
[2023-01-08T21:15:48.775-0300] {logging_mixin.py:137} INFO - [2023-01-08T21:15:48.775-0300] {dag.py:2676} INFO - Sync 1 DAGs
[2023-01-08T21:15:48.792-0300] {logging_mixin.py:137} INFO - [2023-01-08T21:15:48.792-0300] {dag.py:3427} INFO - Setting next_dagrun for download_hivmidb to 2023-01-01T00:00:00+00:00, run_after=2023-02-01T00:00:00+00:00
[2023-01-08T21:15:48.826-0300] {processor.py:175} INFO - Processing /home/kallox/airflow/dags/download_hivmidb.py took 0.641 seconds
[2023-01-08T21:16:22.640-0300] {processor.py:153} INFO - Started process (PID=26106) to work on /home/kallox/airflow/dags/download_hivmidb.py
[2023-01-08T21:16:22.641-0300] {processor.py:743} INFO - Processing file /home/kallox/airflow/dags/download_hivmidb.py for tasks to queue
[2023-01-08T21:16:22.642-0300] {logging_mixin.py:137} INFO - [2023-01-08T21:16:22.642-0300] {dagbag.py:538} INFO - Filling up the DagBag from /home/kallox/airflow/dags/download_hivmidb.py
[2023-01-08T21:16:23.073-0300] {processor.py:753} INFO - DAG(s) dict_keys(['download_hivmidb']) retrieved from /home/kallox/airflow/dags/download_hivmidb.py
[2023-01-08T21:16:23.097-0300] {logging_mixin.py:137} INFO - [2023-01-08T21:16:23.097-0300] {dag.py:2676} INFO - Sync 1 DAGs
[2023-01-08T21:16:23.116-0300] {logging_mixin.py:137} INFO - [2023-01-08T21:16:23.116-0300] {dag.py:3427} INFO - Setting next_dagrun for download_hivmidb to 2023-01-01T00:00:00+00:00, run_after=2023-02-01T00:00:00+00:00
[2023-01-08T21:16:23.142-0300] {processor.py:175} INFO - Processing /home/kallox/airflow/dags/download_hivmidb.py took 0.504 seconds
[2023-01-08T21:16:54.982-0300] {processor.py:153} INFO - Started process (PID=26197) to work on /home/kallox/airflow/dags/download_hivmidb.py
[2023-01-08T21:16:54.983-0300] {processor.py:743} INFO - Processing file /home/kallox/airflow/dags/download_hivmidb.py for tasks to queue
[2023-01-08T21:16:54.983-0300] {logging_mixin.py:137} INFO - [2023-01-08T21:16:54.983-0300] {dagbag.py:538} INFO - Filling up the DagBag from /home/kallox/airflow/dags/download_hivmidb.py
[2023-01-08T21:16:55.216-0300] {processor.py:753} INFO - DAG(s) dict_keys(['download_hivmidb']) retrieved from /home/kallox/airflow/dags/download_hivmidb.py
[2023-01-08T21:16:55.240-0300] {logging_mixin.py:137} INFO - [2023-01-08T21:16:55.240-0300] {dag.py:2676} INFO - Sync 1 DAGs
[2023-01-08T21:16:55.260-0300] {logging_mixin.py:137} INFO - [2023-01-08T21:16:55.260-0300] {dag.py:3427} INFO - Setting next_dagrun for download_hivmidb to 2023-01-01T00:00:00+00:00, run_after=2023-02-01T00:00:00+00:00
[2023-01-08T21:16:55.294-0300] {processor.py:175} INFO - Processing /home/kallox/airflow/dags/download_hivmidb.py took 0.314 seconds
[2023-01-08T21:17:29.057-0300] {processor.py:153} INFO - Started process (PID=26293) to work on /home/kallox/airflow/dags/download_hivmidb.py
[2023-01-08T21:17:29.057-0300] {processor.py:743} INFO - Processing file /home/kallox/airflow/dags/download_hivmidb.py for tasks to queue
[2023-01-08T21:17:29.058-0300] {logging_mixin.py:137} INFO - [2023-01-08T21:17:29.058-0300] {dagbag.py:538} INFO - Filling up the DagBag from /home/kallox/airflow/dags/download_hivmidb.py
[2023-01-08T21:17:29.302-0300] {processor.py:753} INFO - DAG(s) dict_keys(['download_hivmidb']) retrieved from /home/kallox/airflow/dags/download_hivmidb.py
[2023-01-08T21:17:29.324-0300] {logging_mixin.py:137} INFO - [2023-01-08T21:17:29.324-0300] {dag.py:2676} INFO - Sync 1 DAGs
[2023-01-08T21:17:29.343-0300] {logging_mixin.py:137} INFO - [2023-01-08T21:17:29.343-0300] {dag.py:3427} INFO - Setting next_dagrun for download_hivmidb to 2023-01-01T00:00:00+00:00, run_after=2023-02-01T00:00:00+00:00
[2023-01-08T21:17:29.375-0300] {processor.py:175} INFO - Processing /home/kallox/airflow/dags/download_hivmidb.py took 0.320 seconds
[2023-01-08T21:18:03.885-0300] {processor.py:153} INFO - Started process (PID=26385) to work on /home/kallox/airflow/dags/download_hivmidb.py
[2023-01-08T21:18:03.886-0300] {processor.py:743} INFO - Processing file /home/kallox/airflow/dags/download_hivmidb.py for tasks to queue
[2023-01-08T21:18:03.886-0300] {logging_mixin.py:137} INFO - [2023-01-08T21:18:03.886-0300] {dagbag.py:538} INFO - Filling up the DagBag from /home/kallox/airflow/dags/download_hivmidb.py
[2023-01-08T21:18:04.103-0300] {processor.py:753} INFO - DAG(s) dict_keys(['download_hivmidb']) retrieved from /home/kallox/airflow/dags/download_hivmidb.py
[2023-01-08T21:18:04.124-0300] {logging_mixin.py:137} INFO - [2023-01-08T21:18:04.124-0300] {dag.py:2676} INFO - Sync 1 DAGs
[2023-01-08T21:18:04.144-0300] {logging_mixin.py:137} INFO - [2023-01-08T21:18:04.144-0300] {dag.py:3427} INFO - Setting next_dagrun for download_hivmidb to 2023-01-01T00:00:00+00:00, run_after=2023-02-01T00:00:00+00:00
[2023-01-08T21:18:04.160-0300] {processor.py:175} INFO - Processing /home/kallox/airflow/dags/download_hivmidb.py took 0.277 seconds
[2023-01-08T21:18:36.702-0300] {processor.py:153} INFO - Started process (PID=26490) to work on /home/kallox/airflow/dags/download_hivmidb.py
[2023-01-08T21:18:36.702-0300] {processor.py:743} INFO - Processing file /home/kallox/airflow/dags/download_hivmidb.py for tasks to queue
[2023-01-08T21:18:36.703-0300] {logging_mixin.py:137} INFO - [2023-01-08T21:18:36.703-0300] {dagbag.py:538} INFO - Filling up the DagBag from /home/kallox/airflow/dags/download_hivmidb.py
[2023-01-08T21:18:36.968-0300] {processor.py:753} INFO - DAG(s) dict_keys(['download_hivmidb']) retrieved from /home/kallox/airflow/dags/download_hivmidb.py
[2023-01-08T21:18:36.992-0300] {logging_mixin.py:137} INFO - [2023-01-08T21:18:36.991-0300] {dag.py:2676} INFO - Sync 1 DAGs
[2023-01-08T21:18:37.013-0300] {logging_mixin.py:137} INFO - [2023-01-08T21:18:37.013-0300] {dag.py:3427} INFO - Setting next_dagrun for download_hivmidb to 2023-01-01T00:00:00+00:00, run_after=2023-02-01T00:00:00+00:00
[2023-01-08T21:18:37.093-0300] {processor.py:175} INFO - Processing /home/kallox/airflow/dags/download_hivmidb.py took 0.393 seconds
[2023-01-08T21:19:10.345-0300] {processor.py:153} INFO - Started process (PID=26589) to work on /home/kallox/airflow/dags/download_hivmidb.py
[2023-01-08T21:19:10.352-0300] {processor.py:743} INFO - Processing file /home/kallox/airflow/dags/download_hivmidb.py for tasks to queue
[2023-01-08T21:19:10.353-0300] {logging_mixin.py:137} INFO - [2023-01-08T21:19:10.352-0300] {dagbag.py:538} INFO - Filling up the DagBag from /home/kallox/airflow/dags/download_hivmidb.py
[2023-01-08T21:19:10.581-0300] {processor.py:753} INFO - DAG(s) dict_keys(['download_hivmidb']) retrieved from /home/kallox/airflow/dags/download_hivmidb.py
[2023-01-08T21:19:10.603-0300] {logging_mixin.py:137} INFO - [2023-01-08T21:19:10.602-0300] {dag.py:2676} INFO - Sync 1 DAGs
[2023-01-08T21:19:10.621-0300] {logging_mixin.py:137} INFO - [2023-01-08T21:19:10.621-0300] {dag.py:3427} INFO - Setting next_dagrun for download_hivmidb to 2023-01-01T00:00:00+00:00, run_after=2023-02-01T00:00:00+00:00
[2023-01-08T21:19:10.662-0300] {processor.py:175} INFO - Processing /home/kallox/airflow/dags/download_hivmidb.py took 0.319 seconds
[2023-01-08T21:19:59.912-0300] {processor.py:153} INFO - Started process (PID=26697) to work on /home/kallox/airflow/dags/download_hivmidb.py
[2023-01-08T21:19:59.913-0300] {processor.py:743} INFO - Processing file /home/kallox/airflow/dags/download_hivmidb.py for tasks to queue
[2023-01-08T21:19:59.914-0300] {logging_mixin.py:137} INFO - [2023-01-08T21:19:59.913-0300] {dagbag.py:538} INFO - Filling up the DagBag from /home/kallox/airflow/dags/download_hivmidb.py
[2023-01-08T21:20:00.176-0300] {processor.py:753} INFO - DAG(s) dict_keys(['download_hivmidb']) retrieved from /home/kallox/airflow/dags/download_hivmidb.py
[2023-01-08T21:20:00.197-0300] {logging_mixin.py:137} INFO - [2023-01-08T21:20:00.197-0300] {dag.py:2676} INFO - Sync 1 DAGs
[2023-01-08T21:20:00.216-0300] {logging_mixin.py:137} INFO - [2023-01-08T21:20:00.216-0300] {dag.py:3427} INFO - Setting next_dagrun for download_hivmidb to 2023-01-01T00:00:00+00:00, run_after=2023-02-01T00:00:00+00:00
[2023-01-08T21:20:00.235-0300] {processor.py:175} INFO - Processing /home/kallox/airflow/dags/download_hivmidb.py took 0.324 seconds
[2023-01-08T21:20:32.401-0300] {processor.py:153} INFO - Started process (PID=26793) to work on /home/kallox/airflow/dags/download_hivmidb.py
[2023-01-08T21:20:32.402-0300] {processor.py:743} INFO - Processing file /home/kallox/airflow/dags/download_hivmidb.py for tasks to queue
[2023-01-08T21:20:32.402-0300] {logging_mixin.py:137} INFO - [2023-01-08T21:20:32.402-0300] {dagbag.py:538} INFO - Filling up the DagBag from /home/kallox/airflow/dags/download_hivmidb.py
[2023-01-08T21:20:32.645-0300] {processor.py:753} INFO - DAG(s) dict_keys(['download_hivmidb']) retrieved from /home/kallox/airflow/dags/download_hivmidb.py
[2023-01-08T21:20:32.720-0300] {logging_mixin.py:137} INFO - [2023-01-08T21:20:32.720-0300] {dag.py:2676} INFO - Sync 1 DAGs
[2023-01-08T21:20:32.740-0300] {logging_mixin.py:137} INFO - [2023-01-08T21:20:32.740-0300] {dag.py:3427} INFO - Setting next_dagrun for download_hivmidb to 2023-01-01T00:00:00+00:00, run_after=2023-02-01T00:00:00+00:00
[2023-01-08T21:20:32.768-0300] {processor.py:175} INFO - Processing /home/kallox/airflow/dags/download_hivmidb.py took 0.370 seconds
[2023-01-08T21:21:04.449-0300] {processor.py:153} INFO - Started process (PID=26888) to work on /home/kallox/airflow/dags/download_hivmidb.py
[2023-01-08T21:21:04.450-0300] {processor.py:743} INFO - Processing file /home/kallox/airflow/dags/download_hivmidb.py for tasks to queue
[2023-01-08T21:21:04.451-0300] {logging_mixin.py:137} INFO - [2023-01-08T21:21:04.451-0300] {dagbag.py:538} INFO - Filling up the DagBag from /home/kallox/airflow/dags/download_hivmidb.py
[2023-01-08T21:21:04.676-0300] {processor.py:753} INFO - DAG(s) dict_keys(['download_hivmidb']) retrieved from /home/kallox/airflow/dags/download_hivmidb.py
[2023-01-08T21:21:04.697-0300] {logging_mixin.py:137} INFO - [2023-01-08T21:21:04.697-0300] {dag.py:2676} INFO - Sync 1 DAGs
[2023-01-08T21:21:04.715-0300] {logging_mixin.py:137} INFO - [2023-01-08T21:21:04.715-0300] {dag.py:3427} INFO - Setting next_dagrun for download_hivmidb to 2023-01-01T00:00:00+00:00, run_after=2023-02-01T00:00:00+00:00
[2023-01-08T21:21:04.753-0300] {processor.py:175} INFO - Processing /home/kallox/airflow/dags/download_hivmidb.py took 0.306 seconds
[2023-01-08T21:21:38.466-0300] {processor.py:153} INFO - Started process (PID=26980) to work on /home/kallox/airflow/dags/download_hivmidb.py
[2023-01-08T21:21:38.466-0300] {processor.py:743} INFO - Processing file /home/kallox/airflow/dags/download_hivmidb.py for tasks to queue
[2023-01-08T21:21:38.467-0300] {logging_mixin.py:137} INFO - [2023-01-08T21:21:38.467-0300] {dagbag.py:538} INFO - Filling up the DagBag from /home/kallox/airflow/dags/download_hivmidb.py
[2023-01-08T21:21:38.805-0300] {processor.py:753} INFO - DAG(s) dict_keys(['download_hivmidb']) retrieved from /home/kallox/airflow/dags/download_hivmidb.py
[2023-01-08T21:21:38.828-0300] {logging_mixin.py:137} INFO - [2023-01-08T21:21:38.827-0300] {dag.py:2676} INFO - Sync 1 DAGs
[2023-01-08T21:21:38.846-0300] {logging_mixin.py:137} INFO - [2023-01-08T21:21:38.846-0300] {dag.py:3427} INFO - Setting next_dagrun for download_hivmidb to 2023-01-01T00:00:00+00:00, run_after=2023-02-01T00:00:00+00:00
[2023-01-08T21:21:38.862-0300] {processor.py:175} INFO - Processing /home/kallox/airflow/dags/download_hivmidb.py took 0.398 seconds
[2023-01-08T21:22:09.902-0300] {processor.py:153} INFO - Started process (PID=27075) to work on /home/kallox/airflow/dags/download_hivmidb.py
[2023-01-08T21:22:09.903-0300] {processor.py:743} INFO - Processing file /home/kallox/airflow/dags/download_hivmidb.py for tasks to queue
[2023-01-08T21:22:09.903-0300] {logging_mixin.py:137} INFO - [2023-01-08T21:22:09.903-0300] {dagbag.py:538} INFO - Filling up the DagBag from /home/kallox/airflow/dags/download_hivmidb.py
[2023-01-08T21:22:10.126-0300] {processor.py:753} INFO - DAG(s) dict_keys(['download_hivmidb']) retrieved from /home/kallox/airflow/dags/download_hivmidb.py
[2023-01-08T21:22:10.149-0300] {logging_mixin.py:137} INFO - [2023-01-08T21:22:10.149-0300] {dag.py:2676} INFO - Sync 1 DAGs
[2023-01-08T21:22:10.174-0300] {logging_mixin.py:137} INFO - [2023-01-08T21:22:10.174-0300] {dag.py:3427} INFO - Setting next_dagrun for download_hivmidb to 2023-01-01T00:00:00+00:00, run_after=2023-02-01T00:00:00+00:00
[2023-01-08T21:22:10.198-0300] {processor.py:175} INFO - Processing /home/kallox/airflow/dags/download_hivmidb.py took 0.298 seconds
[2023-01-08T21:22:41.173-0300] {processor.py:153} INFO - Started process (PID=27173) to work on /home/kallox/airflow/dags/download_hivmidb.py
[2023-01-08T21:22:41.174-0300] {processor.py:743} INFO - Processing file /home/kallox/airflow/dags/download_hivmidb.py for tasks to queue
[2023-01-08T21:22:41.174-0300] {logging_mixin.py:137} INFO - [2023-01-08T21:22:41.174-0300] {dagbag.py:538} INFO - Filling up the DagBag from /home/kallox/airflow/dags/download_hivmidb.py
[2023-01-08T21:22:41.437-0300] {processor.py:753} INFO - DAG(s) dict_keys(['download_hivmidb']) retrieved from /home/kallox/airflow/dags/download_hivmidb.py
[2023-01-08T21:22:41.466-0300] {logging_mixin.py:137} INFO - [2023-01-08T21:22:41.466-0300] {dag.py:2676} INFO - Sync 1 DAGs
[2023-01-08T21:22:41.492-0300] {logging_mixin.py:137} INFO - [2023-01-08T21:22:41.492-0300] {dag.py:3427} INFO - Setting next_dagrun for download_hivmidb to 2023-01-01T00:00:00+00:00, run_after=2023-02-01T00:00:00+00:00
[2023-01-08T21:22:41.521-0300] {processor.py:175} INFO - Processing /home/kallox/airflow/dags/download_hivmidb.py took 0.350 seconds
[2023-01-08T21:23:15.552-0300] {processor.py:153} INFO - Started process (PID=27275) to work on /home/kallox/airflow/dags/download_hivmidb.py
[2023-01-08T21:23:15.553-0300] {processor.py:743} INFO - Processing file /home/kallox/airflow/dags/download_hivmidb.py for tasks to queue
[2023-01-08T21:23:15.553-0300] {logging_mixin.py:137} INFO - [2023-01-08T21:23:15.553-0300] {dagbag.py:538} INFO - Filling up the DagBag from /home/kallox/airflow/dags/download_hivmidb.py
[2023-01-08T21:23:15.821-0300] {processor.py:753} INFO - DAG(s) dict_keys(['download_hivmidb']) retrieved from /home/kallox/airflow/dags/download_hivmidb.py
[2023-01-08T21:23:15.842-0300] {logging_mixin.py:137} INFO - [2023-01-08T21:23:15.842-0300] {dag.py:2676} INFO - Sync 1 DAGs
[2023-01-08T21:23:15.860-0300] {logging_mixin.py:137} INFO - [2023-01-08T21:23:15.860-0300] {dag.py:3427} INFO - Setting next_dagrun for download_hivmidb to 2023-01-01T00:00:00+00:00, run_after=2023-02-01T00:00:00+00:00
[2023-01-08T21:23:15.906-0300] {processor.py:175} INFO - Processing /home/kallox/airflow/dags/download_hivmidb.py took 0.356 seconds
[2023-01-08T21:23:48.179-0300] {processor.py:153} INFO - Started process (PID=27374) to work on /home/kallox/airflow/dags/download_hivmidb.py
[2023-01-08T21:23:48.179-0300] {processor.py:743} INFO - Processing file /home/kallox/airflow/dags/download_hivmidb.py for tasks to queue
[2023-01-08T21:23:48.180-0300] {logging_mixin.py:137} INFO - [2023-01-08T21:23:48.180-0300] {dagbag.py:538} INFO - Filling up the DagBag from /home/kallox/airflow/dags/download_hivmidb.py
[2023-01-08T21:23:48.403-0300] {processor.py:753} INFO - DAG(s) dict_keys(['download_hivmidb']) retrieved from /home/kallox/airflow/dags/download_hivmidb.py
[2023-01-08T21:23:48.431-0300] {logging_mixin.py:137} INFO - [2023-01-08T21:23:48.430-0300] {dag.py:2676} INFO - Sync 1 DAGs
[2023-01-08T21:23:48.451-0300] {logging_mixin.py:137} INFO - [2023-01-08T21:23:48.451-0300] {dag.py:3427} INFO - Setting next_dagrun for download_hivmidb to 2023-01-01T00:00:00+00:00, run_after=2023-02-01T00:00:00+00:00
[2023-01-08T21:23:48.505-0300] {processor.py:175} INFO - Processing /home/kallox/airflow/dags/download_hivmidb.py took 0.329 seconds
[2023-01-08T21:24:19.202-0300] {processor.py:153} INFO - Started process (PID=27468) to work on /home/kallox/airflow/dags/download_hivmidb.py
[2023-01-08T21:24:19.202-0300] {processor.py:743} INFO - Processing file /home/kallox/airflow/dags/download_hivmidb.py for tasks to queue
[2023-01-08T21:24:19.203-0300] {logging_mixin.py:137} INFO - [2023-01-08T21:24:19.203-0300] {dagbag.py:538} INFO - Filling up the DagBag from /home/kallox/airflow/dags/download_hivmidb.py
[2023-01-08T21:24:19.439-0300] {processor.py:753} INFO - DAG(s) dict_keys(['download_hivmidb']) retrieved from /home/kallox/airflow/dags/download_hivmidb.py
[2023-01-08T21:24:19.463-0300] {logging_mixin.py:137} INFO - [2023-01-08T21:24:19.463-0300] {dag.py:2676} INFO - Sync 1 DAGs
[2023-01-08T21:24:19.483-0300] {logging_mixin.py:137} INFO - [2023-01-08T21:24:19.483-0300] {dag.py:3427} INFO - Setting next_dagrun for download_hivmidb to 2023-01-01T00:00:00+00:00, run_after=2023-02-01T00:00:00+00:00
[2023-01-08T21:24:19.502-0300] {processor.py:175} INFO - Processing /home/kallox/airflow/dags/download_hivmidb.py took 0.302 seconds
[2023-01-08T21:24:52.707-0300] {processor.py:153} INFO - Started process (PID=27563) to work on /home/kallox/airflow/dags/download_hivmidb.py
[2023-01-08T21:24:52.708-0300] {processor.py:743} INFO - Processing file /home/kallox/airflow/dags/download_hivmidb.py for tasks to queue
[2023-01-08T21:24:52.708-0300] {logging_mixin.py:137} INFO - [2023-01-08T21:24:52.708-0300] {dagbag.py:538} INFO - Filling up the DagBag from /home/kallox/airflow/dags/download_hivmidb.py
[2023-01-08T21:24:52.940-0300] {processor.py:753} INFO - DAG(s) dict_keys(['download_hivmidb']) retrieved from /home/kallox/airflow/dags/download_hivmidb.py
[2023-01-08T21:24:52.962-0300] {logging_mixin.py:137} INFO - [2023-01-08T21:24:52.962-0300] {dag.py:2676} INFO - Sync 1 DAGs
[2023-01-08T21:24:52.979-0300] {logging_mixin.py:137} INFO - [2023-01-08T21:24:52.979-0300] {dag.py:3427} INFO - Setting next_dagrun for download_hivmidb to 2023-01-01T00:00:00+00:00, run_after=2023-02-01T00:00:00+00:00
[2023-01-08T21:24:52.993-0300] {processor.py:175} INFO - Processing /home/kallox/airflow/dags/download_hivmidb.py took 0.289 seconds
[2023-01-08T21:25:23.202-0300] {processor.py:153} INFO - Started process (PID=27652) to work on /home/kallox/airflow/dags/download_hivmidb.py
[2023-01-08T21:25:23.202-0300] {processor.py:743} INFO - Processing file /home/kallox/airflow/dags/download_hivmidb.py for tasks to queue
[2023-01-08T21:25:23.203-0300] {logging_mixin.py:137} INFO - [2023-01-08T21:25:23.203-0300] {dagbag.py:538} INFO - Filling up the DagBag from /home/kallox/airflow/dags/download_hivmidb.py
[2023-01-08T21:25:23.418-0300] {processor.py:753} INFO - DAG(s) dict_keys(['download_hivmidb']) retrieved from /home/kallox/airflow/dags/download_hivmidb.py
[2023-01-08T21:25:23.440-0300] {logging_mixin.py:137} INFO - [2023-01-08T21:25:23.440-0300] {dag.py:2676} INFO - Sync 1 DAGs
[2023-01-08T21:25:23.457-0300] {logging_mixin.py:137} INFO - [2023-01-08T21:25:23.457-0300] {dag.py:3427} INFO - Setting next_dagrun for download_hivmidb to 2023-01-01T00:00:00+00:00, run_after=2023-02-01T00:00:00+00:00
[2023-01-08T21:25:23.476-0300] {processor.py:175} INFO - Processing /home/kallox/airflow/dags/download_hivmidb.py took 0.277 seconds
[2023-01-08T21:25:53.644-0300] {processor.py:153} INFO - Started process (PID=27734) to work on /home/kallox/airflow/dags/download_hivmidb.py
[2023-01-08T21:25:53.644-0300] {processor.py:743} INFO - Processing file /home/kallox/airflow/dags/download_hivmidb.py for tasks to queue
[2023-01-08T21:25:53.645-0300] {logging_mixin.py:137} INFO - [2023-01-08T21:25:53.645-0300] {dagbag.py:538} INFO - Filling up the DagBag from /home/kallox/airflow/dags/download_hivmidb.py
[2023-01-08T21:25:53.858-0300] {processor.py:753} INFO - DAG(s) dict_keys(['download_hivmidb']) retrieved from /home/kallox/airflow/dags/download_hivmidb.py
[2023-01-08T21:25:53.880-0300] {logging_mixin.py:137} INFO - [2023-01-08T21:25:53.880-0300] {dag.py:2676} INFO - Sync 1 DAGs
[2023-01-08T21:25:53.899-0300] {logging_mixin.py:137} INFO - [2023-01-08T21:25:53.899-0300] {dag.py:3427} INFO - Setting next_dagrun for download_hivmidb to 2023-01-01T00:00:00+00:00, run_after=2023-02-01T00:00:00+00:00
[2023-01-08T21:25:53.914-0300] {processor.py:175} INFO - Processing /home/kallox/airflow/dags/download_hivmidb.py took 0.272 seconds
[2023-01-08T21:26:24.104-0300] {processor.py:153} INFO - Started process (PID=27810) to work on /home/kallox/airflow/dags/download_hivmidb.py
[2023-01-08T21:26:24.104-0300] {processor.py:743} INFO - Processing file /home/kallox/airflow/dags/download_hivmidb.py for tasks to queue
[2023-01-08T21:26:24.105-0300] {logging_mixin.py:137} INFO - [2023-01-08T21:26:24.104-0300] {dagbag.py:538} INFO - Filling up the DagBag from /home/kallox/airflow/dags/download_hivmidb.py
[2023-01-08T21:26:24.319-0300] {processor.py:753} INFO - DAG(s) dict_keys(['download_hivmidb']) retrieved from /home/kallox/airflow/dags/download_hivmidb.py
[2023-01-08T21:26:24.342-0300] {logging_mixin.py:137} INFO - [2023-01-08T21:26:24.342-0300] {dag.py:2676} INFO - Sync 1 DAGs
[2023-01-08T21:26:24.360-0300] {logging_mixin.py:137} INFO - [2023-01-08T21:26:24.360-0300] {dag.py:3427} INFO - Setting next_dagrun for download_hivmidb to 2023-01-01T00:00:00+00:00, run_after=2023-02-01T00:00:00+00:00
[2023-01-08T21:26:24.376-0300] {processor.py:175} INFO - Processing /home/kallox/airflow/dags/download_hivmidb.py took 0.275 seconds
[2023-01-08T21:26:54.571-0300] {processor.py:153} INFO - Started process (PID=27885) to work on /home/kallox/airflow/dags/download_hivmidb.py
[2023-01-08T21:26:54.572-0300] {processor.py:743} INFO - Processing file /home/kallox/airflow/dags/download_hivmidb.py for tasks to queue
[2023-01-08T21:26:54.573-0300] {logging_mixin.py:137} INFO - [2023-01-08T21:26:54.573-0300] {dagbag.py:538} INFO - Filling up the DagBag from /home/kallox/airflow/dags/download_hivmidb.py
[2023-01-08T21:26:54.787-0300] {processor.py:753} INFO - DAG(s) dict_keys(['download_hivmidb']) retrieved from /home/kallox/airflow/dags/download_hivmidb.py
[2023-01-08T21:26:54.808-0300] {logging_mixin.py:137} INFO - [2023-01-08T21:26:54.808-0300] {dag.py:2676} INFO - Sync 1 DAGs
[2023-01-08T21:26:54.825-0300] {logging_mixin.py:137} INFO - [2023-01-08T21:26:54.825-0300] {dag.py:3427} INFO - Setting next_dagrun for download_hivmidb to 2023-01-01T00:00:00+00:00, run_after=2023-02-01T00:00:00+00:00
[2023-01-08T21:26:54.847-0300] {processor.py:175} INFO - Processing /home/kallox/airflow/dags/download_hivmidb.py took 0.278 seconds
[2023-01-08T21:27:25.048-0300] {processor.py:153} INFO - Started process (PID=27961) to work on /home/kallox/airflow/dags/download_hivmidb.py
[2023-01-08T21:27:25.049-0300] {processor.py:743} INFO - Processing file /home/kallox/airflow/dags/download_hivmidb.py for tasks to queue
[2023-01-08T21:27:25.049-0300] {logging_mixin.py:137} INFO - [2023-01-08T21:27:25.049-0300] {dagbag.py:538} INFO - Filling up the DagBag from /home/kallox/airflow/dags/download_hivmidb.py
[2023-01-08T21:27:25.259-0300] {processor.py:753} INFO - DAG(s) dict_keys(['download_hivmidb']) retrieved from /home/kallox/airflow/dags/download_hivmidb.py
[2023-01-08T21:27:25.282-0300] {logging_mixin.py:137} INFO - [2023-01-08T21:27:25.282-0300] {dag.py:2676} INFO - Sync 1 DAGs
[2023-01-08T21:27:25.300-0300] {logging_mixin.py:137} INFO - [2023-01-08T21:27:25.300-0300] {dag.py:3427} INFO - Setting next_dagrun for download_hivmidb to 2023-01-01T00:00:00+00:00, run_after=2023-02-01T00:00:00+00:00
[2023-01-08T21:27:25.325-0300] {processor.py:175} INFO - Processing /home/kallox/airflow/dags/download_hivmidb.py took 0.279 seconds
[2023-01-08T21:27:45.050-0300] {processor.py:153} INFO - Started process (PID=28192) to work on /home/kallox/airflow/dags/download_hivmidb.py
[2023-01-08T21:27:45.051-0300] {processor.py:743} INFO - Processing file /home/kallox/airflow/dags/download_hivmidb.py for tasks to queue
[2023-01-08T21:27:45.051-0300] {logging_mixin.py:137} INFO - [2023-01-08T21:27:45.051-0300] {dagbag.py:538} INFO - Filling up the DagBag from /home/kallox/airflow/dags/download_hivmidb.py
[2023-01-08T21:27:45.189-0300] {processor.py:753} INFO - DAG(s) dict_keys(['download_hivmidb']) retrieved from /home/kallox/airflow/dags/download_hivmidb.py
[2023-01-08T21:27:45.324-0300] {logging_mixin.py:137} INFO - [2023-01-08T21:27:45.324-0300] {dag.py:2676} INFO - Sync 1 DAGs
[2023-01-08T21:27:45.342-0300] {logging_mixin.py:137} INFO - [2023-01-08T21:27:45.342-0300] {dag.py:3427} INFO - Setting next_dagrun for download_hivmidb to 2023-01-01T00:00:00+00:00, run_after=2023-02-01T00:00:00+00:00
[2023-01-08T21:27:45.357-0300] {processor.py:175} INFO - Processing /home/kallox/airflow/dags/download_hivmidb.py took 0.309 seconds
[2023-01-08T21:28:15.990-0300] {processor.py:153} INFO - Started process (PID=28274) to work on /home/kallox/airflow/dags/download_hivmidb.py
[2023-01-08T21:28:15.990-0300] {processor.py:743} INFO - Processing file /home/kallox/airflow/dags/download_hivmidb.py for tasks to queue
[2023-01-08T21:28:15.991-0300] {logging_mixin.py:137} INFO - [2023-01-08T21:28:15.991-0300] {dagbag.py:538} INFO - Filling up the DagBag from /home/kallox/airflow/dags/download_hivmidb.py
[2023-01-08T21:28:16.194-0300] {processor.py:753} INFO - DAG(s) dict_keys(['download_hivmidb']) retrieved from /home/kallox/airflow/dags/download_hivmidb.py
[2023-01-08T21:28:16.219-0300] {logging_mixin.py:137} INFO - [2023-01-08T21:28:16.219-0300] {dag.py:2676} INFO - Sync 1 DAGs
[2023-01-08T21:28:16.238-0300] {logging_mixin.py:137} INFO - [2023-01-08T21:28:16.238-0300] {dag.py:3427} INFO - Setting next_dagrun for download_hivmidb to 2023-01-01T00:00:00+00:00, run_after=2023-02-01T00:00:00+00:00
[2023-01-08T21:28:16.264-0300] {processor.py:175} INFO - Processing /home/kallox/airflow/dags/download_hivmidb.py took 0.276 seconds
[2023-01-08T21:28:46.430-0300] {processor.py:153} INFO - Started process (PID=28359) to work on /home/kallox/airflow/dags/download_hivmidb.py
[2023-01-08T21:28:46.430-0300] {processor.py:743} INFO - Processing file /home/kallox/airflow/dags/download_hivmidb.py for tasks to queue
[2023-01-08T21:28:46.431-0300] {logging_mixin.py:137} INFO - [2023-01-08T21:28:46.431-0300] {dagbag.py:538} INFO - Filling up the DagBag from /home/kallox/airflow/dags/download_hivmidb.py
[2023-01-08T21:28:46.545-0300] {processor.py:753} INFO - DAG(s) dict_keys(['download_hivmidb']) retrieved from /home/kallox/airflow/dags/download_hivmidb.py
[2023-01-08T21:28:46.568-0300] {logging_mixin.py:137} INFO - [2023-01-08T21:28:46.568-0300] {dag.py:2676} INFO - Sync 1 DAGs
[2023-01-08T21:28:46.673-0300] {logging_mixin.py:137} INFO - [2023-01-08T21:28:46.673-0300] {dag.py:3427} INFO - Setting next_dagrun for download_hivmidb to 2023-01-01T00:00:00+00:00, run_after=2023-02-01T00:00:00+00:00
[2023-01-08T21:28:46.697-0300] {processor.py:175} INFO - Processing /home/kallox/airflow/dags/download_hivmidb.py took 0.270 seconds
[2023-01-08T21:29:16.875-0300] {processor.py:153} INFO - Started process (PID=28441) to work on /home/kallox/airflow/dags/download_hivmidb.py
[2023-01-08T21:29:16.876-0300] {processor.py:743} INFO - Processing file /home/kallox/airflow/dags/download_hivmidb.py for tasks to queue
[2023-01-08T21:29:16.876-0300] {logging_mixin.py:137} INFO - [2023-01-08T21:29:16.876-0300] {dagbag.py:538} INFO - Filling up the DagBag from /home/kallox/airflow/dags/download_hivmidb.py
[2023-01-08T21:29:16.986-0300] {processor.py:753} INFO - DAG(s) dict_keys(['download_hivmidb']) retrieved from /home/kallox/airflow/dags/download_hivmidb.py
[2023-01-08T21:29:17.009-0300] {logging_mixin.py:137} INFO - [2023-01-08T21:29:17.009-0300] {dag.py:2676} INFO - Sync 1 DAGs
[2023-01-08T21:29:17.114-0300] {logging_mixin.py:137} INFO - [2023-01-08T21:29:17.114-0300] {dag.py:3427} INFO - Setting next_dagrun for download_hivmidb to 2023-01-01T00:00:00+00:00, run_after=2023-02-01T00:00:00+00:00
[2023-01-08T21:29:17.138-0300] {processor.py:175} INFO - Processing /home/kallox/airflow/dags/download_hivmidb.py took 0.265 seconds
[2023-01-08T21:29:47.808-0300] {processor.py:153} INFO - Started process (PID=28529) to work on /home/kallox/airflow/dags/download_hivmidb.py
[2023-01-08T21:29:47.809-0300] {processor.py:743} INFO - Processing file /home/kallox/airflow/dags/download_hivmidb.py for tasks to queue
[2023-01-08T21:29:47.810-0300] {logging_mixin.py:137} INFO - [2023-01-08T21:29:47.810-0300] {dagbag.py:538} INFO - Filling up the DagBag from /home/kallox/airflow/dags/download_hivmidb.py
[2023-01-08T21:29:47.923-0300] {processor.py:753} INFO - DAG(s) dict_keys(['download_hivmidb']) retrieved from /home/kallox/airflow/dags/download_hivmidb.py
[2023-01-08T21:29:47.949-0300] {logging_mixin.py:137} INFO - [2023-01-08T21:29:47.948-0300] {dag.py:2676} INFO - Sync 1 DAGs
[2023-01-08T21:29:48.055-0300] {logging_mixin.py:137} INFO - [2023-01-08T21:29:48.055-0300] {dag.py:3427} INFO - Setting next_dagrun for download_hivmidb to 2023-01-01T00:00:00+00:00, run_after=2023-02-01T00:00:00+00:00
[2023-01-08T21:29:48.076-0300] {processor.py:175} INFO - Processing /home/kallox/airflow/dags/download_hivmidb.py took 0.270 seconds
[2023-01-08T21:30:18.517-0300] {processor.py:153} INFO - Started process (PID=28607) to work on /home/kallox/airflow/dags/download_hivmidb.py
[2023-01-08T21:30:18.518-0300] {processor.py:743} INFO - Processing file /home/kallox/airflow/dags/download_hivmidb.py for tasks to queue
[2023-01-08T21:30:18.519-0300] {logging_mixin.py:137} INFO - [2023-01-08T21:30:18.518-0300] {dagbag.py:538} INFO - Filling up the DagBag from /home/kallox/airflow/dags/download_hivmidb.py
[2023-01-08T21:30:18.628-0300] {processor.py:753} INFO - DAG(s) dict_keys(['download_hivmidb']) retrieved from /home/kallox/airflow/dags/download_hivmidb.py
[2023-01-08T21:30:18.735-0300] {logging_mixin.py:137} INFO - [2023-01-08T21:30:18.735-0300] {dag.py:2676} INFO - Sync 1 DAGs
[2023-01-08T21:30:18.753-0300] {logging_mixin.py:137} INFO - [2023-01-08T21:30:18.753-0300] {dag.py:3427} INFO - Setting next_dagrun for download_hivmidb to 2023-01-01T00:00:00+00:00, run_after=2023-02-01T00:00:00+00:00
[2023-01-08T21:30:18.775-0300] {processor.py:175} INFO - Processing /home/kallox/airflow/dags/download_hivmidb.py took 0.259 seconds
[2023-01-08T21:30:49.199-0300] {processor.py:153} INFO - Started process (PID=28687) to work on /home/kallox/airflow/dags/download_hivmidb.py
[2023-01-08T21:30:49.199-0300] {processor.py:743} INFO - Processing file /home/kallox/airflow/dags/download_hivmidb.py for tasks to queue
[2023-01-08T21:30:49.200-0300] {logging_mixin.py:137} INFO - [2023-01-08T21:30:49.200-0300] {dagbag.py:538} INFO - Filling up the DagBag from /home/kallox/airflow/dags/download_hivmidb.py
[2023-01-08T21:30:49.308-0300] {processor.py:753} INFO - DAG(s) dict_keys(['download_hivmidb']) retrieved from /home/kallox/airflow/dags/download_hivmidb.py
[2023-01-08T21:30:49.421-0300] {logging_mixin.py:137} INFO - [2023-01-08T21:30:49.420-0300] {dag.py:2676} INFO - Sync 1 DAGs
[2023-01-08T21:30:49.439-0300] {logging_mixin.py:137} INFO - [2023-01-08T21:30:49.438-0300] {dag.py:3427} INFO - Setting next_dagrun for download_hivmidb to 2023-01-01T00:00:00+00:00, run_after=2023-02-01T00:00:00+00:00
[2023-01-08T21:30:49.476-0300] {processor.py:175} INFO - Processing /home/kallox/airflow/dags/download_hivmidb.py took 0.279 seconds
[2023-01-08T21:31:19.916-0300] {processor.py:153} INFO - Started process (PID=28767) to work on /home/kallox/airflow/dags/download_hivmidb.py
[2023-01-08T21:31:19.917-0300] {processor.py:743} INFO - Processing file /home/kallox/airflow/dags/download_hivmidb.py for tasks to queue
[2023-01-08T21:31:19.917-0300] {logging_mixin.py:137} INFO - [2023-01-08T21:31:19.917-0300] {dagbag.py:538} INFO - Filling up the DagBag from /home/kallox/airflow/dags/download_hivmidb.py
[2023-01-08T21:31:20.122-0300] {processor.py:753} INFO - DAG(s) dict_keys(['download_hivmidb']) retrieved from /home/kallox/airflow/dags/download_hivmidb.py
[2023-01-08T21:31:20.143-0300] {logging_mixin.py:137} INFO - [2023-01-08T21:31:20.143-0300] {dag.py:2676} INFO - Sync 1 DAGs
[2023-01-08T21:31:20.159-0300] {logging_mixin.py:137} INFO - [2023-01-08T21:31:20.159-0300] {dag.py:3427} INFO - Setting next_dagrun for download_hivmidb to 2023-01-01T00:00:00+00:00, run_after=2023-02-01T00:00:00+00:00
[2023-01-08T21:31:20.178-0300] {processor.py:175} INFO - Processing /home/kallox/airflow/dags/download_hivmidb.py took 0.264 seconds
[2023-01-08T21:31:51.118-0300] {processor.py:153} INFO - Started process (PID=28843) to work on /home/kallox/airflow/dags/download_hivmidb.py
[2023-01-08T21:31:51.118-0300] {processor.py:743} INFO - Processing file /home/kallox/airflow/dags/download_hivmidb.py for tasks to queue
[2023-01-08T21:31:51.119-0300] {logging_mixin.py:137} INFO - [2023-01-08T21:31:51.119-0300] {dagbag.py:538} INFO - Filling up the DagBag from /home/kallox/airflow/dags/download_hivmidb.py
[2023-01-08T21:31:51.321-0300] {processor.py:753} INFO - DAG(s) dict_keys(['download_hivmidb']) retrieved from /home/kallox/airflow/dags/download_hivmidb.py
[2023-01-08T21:31:51.344-0300] {logging_mixin.py:137} INFO - [2023-01-08T21:31:51.344-0300] {dag.py:2676} INFO - Sync 1 DAGs
[2023-01-08T21:31:51.362-0300] {logging_mixin.py:137} INFO - [2023-01-08T21:31:51.362-0300] {dag.py:3427} INFO - Setting next_dagrun for download_hivmidb to 2023-01-01T00:00:00+00:00, run_after=2023-02-01T00:00:00+00:00
[2023-01-08T21:31:51.377-0300] {processor.py:175} INFO - Processing /home/kallox/airflow/dags/download_hivmidb.py took 0.261 seconds
[2023-01-08T21:32:21.537-0300] {processor.py:153} INFO - Started process (PID=28926) to work on /home/kallox/airflow/dags/download_hivmidb.py
[2023-01-08T21:32:21.538-0300] {processor.py:743} INFO - Processing file /home/kallox/airflow/dags/download_hivmidb.py for tasks to queue
[2023-01-08T21:32:21.539-0300] {logging_mixin.py:137} INFO - [2023-01-08T21:32:21.539-0300] {dagbag.py:538} INFO - Filling up the DagBag from /home/kallox/airflow/dags/download_hivmidb.py
[2023-01-08T21:32:21.653-0300] {processor.py:753} INFO - DAG(s) dict_keys(['download_hivmidb']) retrieved from /home/kallox/airflow/dags/download_hivmidb.py
[2023-01-08T21:32:21.674-0300] {logging_mixin.py:137} INFO - [2023-01-08T21:32:21.674-0300] {dag.py:2676} INFO - Sync 1 DAGs
[2023-01-08T21:32:21.779-0300] {logging_mixin.py:137} INFO - [2023-01-08T21:32:21.779-0300] {dag.py:3427} INFO - Setting next_dagrun for download_hivmidb to 2023-01-01T00:00:00+00:00, run_after=2023-02-01T00:00:00+00:00
[2023-01-08T21:32:21.800-0300] {processor.py:175} INFO - Processing /home/kallox/airflow/dags/download_hivmidb.py took 0.265 seconds
[2023-01-08T21:32:52.472-0300] {processor.py:153} INFO - Started process (PID=29005) to work on /home/kallox/airflow/dags/download_hivmidb.py
[2023-01-08T21:32:52.473-0300] {processor.py:743} INFO - Processing file /home/kallox/airflow/dags/download_hivmidb.py for tasks to queue
[2023-01-08T21:32:52.474-0300] {logging_mixin.py:137} INFO - [2023-01-08T21:32:52.474-0300] {dagbag.py:538} INFO - Filling up the DagBag from /home/kallox/airflow/dags/download_hivmidb.py
[2023-01-08T21:32:52.593-0300] {processor.py:753} INFO - DAG(s) dict_keys(['download_hivmidb']) retrieved from /home/kallox/airflow/dags/download_hivmidb.py
[2023-01-08T21:32:52.698-0300] {logging_mixin.py:137} INFO - [2023-01-08T21:32:52.698-0300] {dag.py:2676} INFO - Sync 1 DAGs
[2023-01-08T21:32:52.715-0300] {logging_mixin.py:137} INFO - [2023-01-08T21:32:52.715-0300] {dag.py:3427} INFO - Setting next_dagrun for download_hivmidb to 2023-01-01T00:00:00+00:00, run_after=2023-02-01T00:00:00+00:00
[2023-01-08T21:32:52.728-0300] {processor.py:175} INFO - Processing /home/kallox/airflow/dags/download_hivmidb.py took 0.259 seconds
[2023-01-08T21:33:23.382-0300] {processor.py:153} INFO - Started process (PID=29083) to work on /home/kallox/airflow/dags/download_hivmidb.py
[2023-01-08T21:33:23.383-0300] {processor.py:743} INFO - Processing file /home/kallox/airflow/dags/download_hivmidb.py for tasks to queue
[2023-01-08T21:33:23.384-0300] {logging_mixin.py:137} INFO - [2023-01-08T21:33:23.383-0300] {dagbag.py:538} INFO - Filling up the DagBag from /home/kallox/airflow/dags/download_hivmidb.py
[2023-01-08T21:33:23.495-0300] {processor.py:753} INFO - DAG(s) dict_keys(['download_hivmidb']) retrieved from /home/kallox/airflow/dags/download_hivmidb.py
[2023-01-08T21:33:23.605-0300] {logging_mixin.py:137} INFO - [2023-01-08T21:33:23.605-0300] {dag.py:2676} INFO - Sync 1 DAGs
[2023-01-08T21:33:23.623-0300] {logging_mixin.py:137} INFO - [2023-01-08T21:33:23.623-0300] {dag.py:3427} INFO - Setting next_dagrun for download_hivmidb to 2023-01-01T00:00:00+00:00, run_after=2023-02-01T00:00:00+00:00
[2023-01-08T21:33:23.646-0300] {processor.py:175} INFO - Processing /home/kallox/airflow/dags/download_hivmidb.py took 0.266 seconds
[2023-01-08T21:33:53.801-0300] {processor.py:153} INFO - Started process (PID=29159) to work on /home/kallox/airflow/dags/download_hivmidb.py
[2023-01-08T21:33:53.801-0300] {processor.py:743} INFO - Processing file /home/kallox/airflow/dags/download_hivmidb.py for tasks to queue
[2023-01-08T21:33:53.801-0300] {logging_mixin.py:137} INFO - [2023-01-08T21:33:53.801-0300] {dagbag.py:538} INFO - Filling up the DagBag from /home/kallox/airflow/dags/download_hivmidb.py
[2023-01-08T21:33:53.997-0300] {processor.py:753} INFO - DAG(s) dict_keys(['download_hivmidb']) retrieved from /home/kallox/airflow/dags/download_hivmidb.py
[2023-01-08T21:33:54.017-0300] {logging_mixin.py:137} INFO - [2023-01-08T21:33:54.017-0300] {dag.py:2676} INFO - Sync 1 DAGs
[2023-01-08T21:33:54.035-0300] {logging_mixin.py:137} INFO - [2023-01-08T21:33:54.034-0300] {dag.py:3427} INFO - Setting next_dagrun for download_hivmidb to 2023-01-01T00:00:00+00:00, run_after=2023-02-01T00:00:00+00:00
[2023-01-08T21:33:54.058-0300] {processor.py:175} INFO - Processing /home/kallox/airflow/dags/download_hivmidb.py took 0.259 seconds
[2023-01-08T21:34:24.400-0300] {processor.py:153} INFO - Started process (PID=29242) to work on /home/kallox/airflow/dags/download_hivmidb.py
[2023-01-08T21:34:24.401-0300] {processor.py:743} INFO - Processing file /home/kallox/airflow/dags/download_hivmidb.py for tasks to queue
[2023-01-08T21:34:24.401-0300] {logging_mixin.py:137} INFO - [2023-01-08T21:34:24.401-0300] {dagbag.py:538} INFO - Filling up the DagBag from /home/kallox/airflow/dags/download_hivmidb.py
[2023-01-08T21:34:24.600-0300] {processor.py:753} INFO - DAG(s) dict_keys(['download_hivmidb']) retrieved from /home/kallox/airflow/dags/download_hivmidb.py
[2023-01-08T21:34:24.623-0300] {logging_mixin.py:137} INFO - [2023-01-08T21:34:24.622-0300] {dag.py:2676} INFO - Sync 1 DAGs
[2023-01-08T21:34:24.642-0300] {logging_mixin.py:137} INFO - [2023-01-08T21:34:24.641-0300] {dag.py:3427} INFO - Setting next_dagrun for download_hivmidb to 2023-01-01T00:00:00+00:00, run_after=2023-02-01T00:00:00+00:00
[2023-01-08T21:34:24.665-0300] {processor.py:175} INFO - Processing /home/kallox/airflow/dags/download_hivmidb.py took 0.266 seconds
[2023-01-08T21:34:54.998-0300] {processor.py:153} INFO - Started process (PID=29339) to work on /home/kallox/airflow/dags/download_hivmidb.py
[2023-01-08T21:34:54.999-0300] {processor.py:743} INFO - Processing file /home/kallox/airflow/dags/download_hivmidb.py for tasks to queue
[2023-01-08T21:34:54.999-0300] {logging_mixin.py:137} INFO - [2023-01-08T21:34:54.999-0300] {dagbag.py:538} INFO - Filling up the DagBag from /home/kallox/airflow/dags/download_hivmidb.py
[2023-01-08T21:34:55.107-0300] {processor.py:753} INFO - DAG(s) dict_keys(['download_hivmidb']) retrieved from /home/kallox/airflow/dags/download_hivmidb.py
[2023-01-08T21:34:55.130-0300] {logging_mixin.py:137} INFO - [2023-01-08T21:34:55.130-0300] {dag.py:2676} INFO - Sync 1 DAGs
[2023-01-08T21:34:55.236-0300] {logging_mixin.py:137} INFO - [2023-01-08T21:34:55.236-0300] {dag.py:3427} INFO - Setting next_dagrun for download_hivmidb to 2023-01-01T00:00:00+00:00, run_after=2023-02-01T00:00:00+00:00
[2023-01-08T21:34:55.257-0300] {processor.py:175} INFO - Processing /home/kallox/airflow/dags/download_hivmidb.py took 0.261 seconds
[2023-01-08T21:35:25.460-0300] {processor.py:153} INFO - Started process (PID=29423) to work on /home/kallox/airflow/dags/download_hivmidb.py
[2023-01-08T21:35:25.461-0300] {processor.py:743} INFO - Processing file /home/kallox/airflow/dags/download_hivmidb.py for tasks to queue
[2023-01-08T21:35:25.461-0300] {logging_mixin.py:137} INFO - [2023-01-08T21:35:25.461-0300] {dagbag.py:538} INFO - Filling up the DagBag from /home/kallox/airflow/dags/download_hivmidb.py
[2023-01-08T21:35:25.573-0300] {processor.py:753} INFO - DAG(s) dict_keys(['download_hivmidb']) retrieved from /home/kallox/airflow/dags/download_hivmidb.py
[2023-01-08T21:35:25.596-0300] {logging_mixin.py:137} INFO - [2023-01-08T21:35:25.596-0300] {dag.py:2676} INFO - Sync 1 DAGs
[2023-01-08T21:35:25.704-0300] {logging_mixin.py:137} INFO - [2023-01-08T21:35:25.704-0300] {dag.py:3427} INFO - Setting next_dagrun for download_hivmidb to 2023-01-01T00:00:00+00:00, run_after=2023-02-01T00:00:00+00:00
[2023-01-08T21:35:25.725-0300] {processor.py:175} INFO - Processing /home/kallox/airflow/dags/download_hivmidb.py took 0.267 seconds
[2023-01-08T21:35:55.968-0300] {processor.py:153} INFO - Started process (PID=29502) to work on /home/kallox/airflow/dags/download_hivmidb.py
[2023-01-08T21:35:55.969-0300] {processor.py:743} INFO - Processing file /home/kallox/airflow/dags/download_hivmidb.py for tasks to queue
[2023-01-08T21:35:55.969-0300] {logging_mixin.py:137} INFO - [2023-01-08T21:35:55.969-0300] {dagbag.py:538} INFO - Filling up the DagBag from /home/kallox/airflow/dags/download_hivmidb.py
[2023-01-08T21:35:56.090-0300] {processor.py:753} INFO - DAG(s) dict_keys(['download_hivmidb']) retrieved from /home/kallox/airflow/dags/download_hivmidb.py
[2023-01-08T21:35:56.202-0300] {logging_mixin.py:137} INFO - [2023-01-08T21:35:56.202-0300] {dag.py:2676} INFO - Sync 1 DAGs
[2023-01-08T21:35:56.220-0300] {logging_mixin.py:137} INFO - [2023-01-08T21:35:56.220-0300] {dag.py:3427} INFO - Setting next_dagrun for download_hivmidb to 2023-01-01T00:00:00+00:00, run_after=2023-02-01T00:00:00+00:00
[2023-01-08T21:35:56.240-0300] {processor.py:175} INFO - Processing /home/kallox/airflow/dags/download_hivmidb.py took 0.275 seconds
[2023-01-08T21:36:26.403-0300] {processor.py:153} INFO - Started process (PID=29579) to work on /home/kallox/airflow/dags/download_hivmidb.py
[2023-01-08T21:36:26.404-0300] {processor.py:743} INFO - Processing file /home/kallox/airflow/dags/download_hivmidb.py for tasks to queue
[2023-01-08T21:36:26.404-0300] {logging_mixin.py:137} INFO - [2023-01-08T21:36:26.404-0300] {dagbag.py:538} INFO - Filling up the DagBag from /home/kallox/airflow/dags/download_hivmidb.py
[2023-01-08T21:36:26.518-0300] {processor.py:753} INFO - DAG(s) dict_keys(['download_hivmidb']) retrieved from /home/kallox/airflow/dags/download_hivmidb.py
[2023-01-08T21:36:26.633-0300] {logging_mixin.py:137} INFO - [2023-01-08T21:36:26.632-0300] {dag.py:2676} INFO - Sync 1 DAGs
[2023-01-08T21:36:26.651-0300] {logging_mixin.py:137} INFO - [2023-01-08T21:36:26.651-0300] {dag.py:3427} INFO - Setting next_dagrun for download_hivmidb to 2023-01-01T00:00:00+00:00, run_after=2023-02-01T00:00:00+00:00
[2023-01-08T21:36:26.672-0300] {processor.py:175} INFO - Processing /home/kallox/airflow/dags/download_hivmidb.py took 0.271 seconds
[2023-01-08T21:36:56.854-0300] {processor.py:153} INFO - Started process (PID=29660) to work on /home/kallox/airflow/dags/download_hivmidb.py
[2023-01-08T21:36:56.854-0300] {processor.py:743} INFO - Processing file /home/kallox/airflow/dags/download_hivmidb.py for tasks to queue
[2023-01-08T21:36:56.855-0300] {logging_mixin.py:137} INFO - [2023-01-08T21:36:56.855-0300] {dagbag.py:538} INFO - Filling up the DagBag from /home/kallox/airflow/dags/download_hivmidb.py
[2023-01-08T21:36:57.052-0300] {processor.py:753} INFO - DAG(s) dict_keys(['download_hivmidb']) retrieved from /home/kallox/airflow/dags/download_hivmidb.py
[2023-01-08T21:36:57.074-0300] {logging_mixin.py:137} INFO - [2023-01-08T21:36:57.074-0300] {dag.py:2676} INFO - Sync 1 DAGs
[2023-01-08T21:36:57.092-0300] {logging_mixin.py:137} INFO - [2023-01-08T21:36:57.092-0300] {dag.py:3427} INFO - Setting next_dagrun for download_hivmidb to 2023-01-01T00:00:00+00:00, run_after=2023-02-01T00:00:00+00:00
[2023-01-08T21:36:57.114-0300] {processor.py:175} INFO - Processing /home/kallox/airflow/dags/download_hivmidb.py took 0.262 seconds
[2023-01-08T21:37:27.287-0300] {processor.py:153} INFO - Started process (PID=29739) to work on /home/kallox/airflow/dags/download_hivmidb.py
[2023-01-08T21:37:27.287-0300] {processor.py:743} INFO - Processing file /home/kallox/airflow/dags/download_hivmidb.py for tasks to queue
[2023-01-08T21:37:27.288-0300] {logging_mixin.py:137} INFO - [2023-01-08T21:37:27.288-0300] {dagbag.py:538} INFO - Filling up the DagBag from /home/kallox/airflow/dags/download_hivmidb.py
[2023-01-08T21:37:27.492-0300] {processor.py:753} INFO - DAG(s) dict_keys(['download_hivmidb']) retrieved from /home/kallox/airflow/dags/download_hivmidb.py
[2023-01-08T21:37:27.515-0300] {logging_mixin.py:137} INFO - [2023-01-08T21:37:27.515-0300] {dag.py:2676} INFO - Sync 1 DAGs
[2023-01-08T21:37:27.533-0300] {logging_mixin.py:137} INFO - [2023-01-08T21:37:27.533-0300] {dag.py:3427} INFO - Setting next_dagrun for download_hivmidb to 2023-01-01T00:00:00+00:00, run_after=2023-02-01T00:00:00+00:00
[2023-01-08T21:37:27.555-0300] {processor.py:175} INFO - Processing /home/kallox/airflow/dags/download_hivmidb.py took 0.270 seconds
[2023-01-08T21:37:58.121-0300] {processor.py:153} INFO - Started process (PID=29821) to work on /home/kallox/airflow/dags/download_hivmidb.py
[2023-01-08T21:37:58.122-0300] {processor.py:743} INFO - Processing file /home/kallox/airflow/dags/download_hivmidb.py for tasks to queue
[2023-01-08T21:37:58.122-0300] {logging_mixin.py:137} INFO - [2023-01-08T21:37:58.122-0300] {dagbag.py:538} INFO - Filling up the DagBag from /home/kallox/airflow/dags/download_hivmidb.py
[2023-01-08T21:37:58.232-0300] {processor.py:753} INFO - DAG(s) dict_keys(['download_hivmidb']) retrieved from /home/kallox/airflow/dags/download_hivmidb.py
[2023-01-08T21:37:58.256-0300] {logging_mixin.py:137} INFO - [2023-01-08T21:37:58.256-0300] {dag.py:2676} INFO - Sync 1 DAGs
[2023-01-08T21:37:58.363-0300] {logging_mixin.py:137} INFO - [2023-01-08T21:37:58.362-0300] {dag.py:3427} INFO - Setting next_dagrun for download_hivmidb to 2023-01-01T00:00:00+00:00, run_after=2023-02-01T00:00:00+00:00
[2023-01-08T21:37:58.385-0300] {processor.py:175} INFO - Processing /home/kallox/airflow/dags/download_hivmidb.py took 0.266 seconds
[2023-01-08T21:38:28.737-0300] {processor.py:153} INFO - Started process (PID=29893) to work on /home/kallox/airflow/dags/download_hivmidb.py
[2023-01-08T21:38:28.738-0300] {processor.py:743} INFO - Processing file /home/kallox/airflow/dags/download_hivmidb.py for tasks to queue
[2023-01-08T21:38:28.738-0300] {logging_mixin.py:137} INFO - [2023-01-08T21:38:28.738-0300] {dagbag.py:538} INFO - Filling up the DagBag from /home/kallox/airflow/dags/download_hivmidb.py
[2023-01-08T21:38:28.855-0300] {processor.py:753} INFO - DAG(s) dict_keys(['download_hivmidb']) retrieved from /home/kallox/airflow/dags/download_hivmidb.py
[2023-01-08T21:38:28.966-0300] {logging_mixin.py:137} INFO - [2023-01-08T21:38:28.965-0300] {dag.py:2676} INFO - Sync 1 DAGs
[2023-01-08T21:38:28.982-0300] {logging_mixin.py:137} INFO - [2023-01-08T21:38:28.982-0300] {dag.py:3427} INFO - Setting next_dagrun for download_hivmidb to 2023-01-01T00:00:00+00:00, run_after=2023-02-01T00:00:00+00:00
[2023-01-08T21:38:28.995-0300] {processor.py:175} INFO - Processing /home/kallox/airflow/dags/download_hivmidb.py took 0.261 seconds
[2023-01-08T21:38:59.691-0300] {processor.py:153} INFO - Started process (PID=29977) to work on /home/kallox/airflow/dags/download_hivmidb.py
[2023-01-08T21:38:59.691-0300] {processor.py:743} INFO - Processing file /home/kallox/airflow/dags/download_hivmidb.py for tasks to queue
[2023-01-08T21:38:59.692-0300] {logging_mixin.py:137} INFO - [2023-01-08T21:38:59.692-0300] {dagbag.py:538} INFO - Filling up the DagBag from /home/kallox/airflow/dags/download_hivmidb.py
[2023-01-08T21:38:59.809-0300] {processor.py:753} INFO - DAG(s) dict_keys(['download_hivmidb']) retrieved from /home/kallox/airflow/dags/download_hivmidb.py
[2023-01-08T21:38:59.920-0300] {logging_mixin.py:137} INFO - [2023-01-08T21:38:59.920-0300] {dag.py:2676} INFO - Sync 1 DAGs
[2023-01-08T21:38:59.938-0300] {logging_mixin.py:137} INFO - [2023-01-08T21:38:59.938-0300] {dag.py:3427} INFO - Setting next_dagrun for download_hivmidb to 2023-01-01T00:00:00+00:00, run_after=2023-02-01T00:00:00+00:00
[2023-01-08T21:38:59.951-0300] {processor.py:175} INFO - Processing /home/kallox/airflow/dags/download_hivmidb.py took 0.262 seconds
[2023-01-08T21:39:30.094-0300] {processor.py:153} INFO - Started process (PID=30053) to work on /home/kallox/airflow/dags/download_hivmidb.py
[2023-01-08T21:39:30.095-0300] {processor.py:743} INFO - Processing file /home/kallox/airflow/dags/download_hivmidb.py for tasks to queue
[2023-01-08T21:39:30.095-0300] {logging_mixin.py:137} INFO - [2023-01-08T21:39:30.095-0300] {dagbag.py:538} INFO - Filling up the DagBag from /home/kallox/airflow/dags/download_hivmidb.py
[2023-01-08T21:39:30.290-0300] {processor.py:753} INFO - DAG(s) dict_keys(['download_hivmidb']) retrieved from /home/kallox/airflow/dags/download_hivmidb.py
[2023-01-08T21:39:30.310-0300] {logging_mixin.py:137} INFO - [2023-01-08T21:39:30.310-0300] {dag.py:2676} INFO - Sync 1 DAGs
[2023-01-08T21:39:30.327-0300] {logging_mixin.py:137} INFO - [2023-01-08T21:39:30.327-0300] {dag.py:3427} INFO - Setting next_dagrun for download_hivmidb to 2023-01-01T00:00:00+00:00, run_after=2023-02-01T00:00:00+00:00
[2023-01-08T21:39:30.351-0300] {processor.py:175} INFO - Processing /home/kallox/airflow/dags/download_hivmidb.py took 0.259 seconds
[2023-01-08T21:40:00.976-0300] {processor.py:153} INFO - Started process (PID=30137) to work on /home/kallox/airflow/dags/download_hivmidb.py
[2023-01-08T21:40:00.977-0300] {processor.py:743} INFO - Processing file /home/kallox/airflow/dags/download_hivmidb.py for tasks to queue
[2023-01-08T21:40:00.977-0300] {logging_mixin.py:137} INFO - [2023-01-08T21:40:00.977-0300] {dagbag.py:538} INFO - Filling up the DagBag from /home/kallox/airflow/dags/download_hivmidb.py
[2023-01-08T21:40:01.174-0300] {processor.py:753} INFO - DAG(s) dict_keys(['download_hivmidb']) retrieved from /home/kallox/airflow/dags/download_hivmidb.py
[2023-01-08T21:40:01.196-0300] {logging_mixin.py:137} INFO - [2023-01-08T21:40:01.196-0300] {dag.py:2676} INFO - Sync 1 DAGs
[2023-01-08T21:40:01.215-0300] {logging_mixin.py:137} INFO - [2023-01-08T21:40:01.215-0300] {dag.py:3427} INFO - Setting next_dagrun for download_hivmidb to 2023-01-01T00:00:00+00:00, run_after=2023-02-01T00:00:00+00:00
[2023-01-08T21:40:01.238-0300] {processor.py:175} INFO - Processing /home/kallox/airflow/dags/download_hivmidb.py took 0.265 seconds
[2023-01-08T21:40:31.463-0300] {processor.py:153} INFO - Started process (PID=30225) to work on /home/kallox/airflow/dags/download_hivmidb.py
[2023-01-08T21:40:31.464-0300] {processor.py:743} INFO - Processing file /home/kallox/airflow/dags/download_hivmidb.py for tasks to queue
[2023-01-08T21:40:31.464-0300] {logging_mixin.py:137} INFO - [2023-01-08T21:40:31.464-0300] {dagbag.py:538} INFO - Filling up the DagBag from /home/kallox/airflow/dags/download_hivmidb.py
[2023-01-08T21:40:31.661-0300] {processor.py:753} INFO - DAG(s) dict_keys(['download_hivmidb']) retrieved from /home/kallox/airflow/dags/download_hivmidb.py
[2023-01-08T21:40:31.683-0300] {logging_mixin.py:137} INFO - [2023-01-08T21:40:31.683-0300] {dag.py:2676} INFO - Sync 1 DAGs
[2023-01-08T21:40:31.702-0300] {logging_mixin.py:137} INFO - [2023-01-08T21:40:31.702-0300] {dag.py:3427} INFO - Setting next_dagrun for download_hivmidb to 2023-01-01T00:00:00+00:00, run_after=2023-02-01T00:00:00+00:00
[2023-01-08T21:40:31.725-0300] {processor.py:175} INFO - Processing /home/kallox/airflow/dags/download_hivmidb.py took 0.263 seconds
[2023-01-08T21:41:01.880-0300] {processor.py:153} INFO - Started process (PID=30307) to work on /home/kallox/airflow/dags/download_hivmidb.py
[2023-01-08T21:41:01.881-0300] {processor.py:743} INFO - Processing file /home/kallox/airflow/dags/download_hivmidb.py for tasks to queue
[2023-01-08T21:41:01.881-0300] {logging_mixin.py:137} INFO - [2023-01-08T21:41:01.881-0300] {dagbag.py:538} INFO - Filling up the DagBag from /home/kallox/airflow/dags/download_hivmidb.py
[2023-01-08T21:41:01.992-0300] {processor.py:753} INFO - DAG(s) dict_keys(['download_hivmidb']) retrieved from /home/kallox/airflow/dags/download_hivmidb.py
[2023-01-08T21:41:02.017-0300] {logging_mixin.py:137} INFO - [2023-01-08T21:41:02.017-0300] {dag.py:2676} INFO - Sync 1 DAGs
[2023-01-08T21:41:02.126-0300] {logging_mixin.py:137} INFO - [2023-01-08T21:41:02.126-0300] {dag.py:3427} INFO - Setting next_dagrun for download_hivmidb to 2023-01-01T00:00:00+00:00, run_after=2023-02-01T00:00:00+00:00
[2023-01-08T21:41:02.149-0300] {processor.py:175} INFO - Processing /home/kallox/airflow/dags/download_hivmidb.py took 0.270 seconds
[2023-01-08T21:41:32.836-0300] {processor.py:153} INFO - Started process (PID=30388) to work on /home/kallox/airflow/dags/download_hivmidb.py
[2023-01-08T21:41:32.837-0300] {processor.py:743} INFO - Processing file /home/kallox/airflow/dags/download_hivmidb.py for tasks to queue
[2023-01-08T21:41:32.837-0300] {logging_mixin.py:137} INFO - [2023-01-08T21:41:32.837-0300] {dagbag.py:538} INFO - Filling up the DagBag from /home/kallox/airflow/dags/download_hivmidb.py
[2023-01-08T21:41:32.953-0300] {processor.py:753} INFO - DAG(s) dict_keys(['download_hivmidb']) retrieved from /home/kallox/airflow/dags/download_hivmidb.py
[2023-01-08T21:41:33.065-0300] {logging_mixin.py:137} INFO - [2023-01-08T21:41:33.065-0300] {dag.py:2676} INFO - Sync 1 DAGs
[2023-01-08T21:41:33.084-0300] {logging_mixin.py:137} INFO - [2023-01-08T21:41:33.084-0300] {dag.py:3427} INFO - Setting next_dagrun for download_hivmidb to 2023-01-01T00:00:00+00:00, run_after=2023-02-01T00:00:00+00:00
[2023-01-08T21:41:33.104-0300] {processor.py:175} INFO - Processing /home/kallox/airflow/dags/download_hivmidb.py took 0.271 seconds
[2023-01-08T21:42:03.501-0300] {processor.py:153} INFO - Started process (PID=30467) to work on /home/kallox/airflow/dags/download_hivmidb.py
[2023-01-08T21:42:03.502-0300] {processor.py:743} INFO - Processing file /home/kallox/airflow/dags/download_hivmidb.py for tasks to queue
[2023-01-08T21:42:03.502-0300] {logging_mixin.py:137} INFO - [2023-01-08T21:42:03.502-0300] {dagbag.py:538} INFO - Filling up the DagBag from /home/kallox/airflow/dags/download_hivmidb.py
[2023-01-08T21:42:03.609-0300] {processor.py:753} INFO - DAG(s) dict_keys(['download_hivmidb']) retrieved from /home/kallox/airflow/dags/download_hivmidb.py
[2023-01-08T21:42:03.714-0300] {logging_mixin.py:137} INFO - [2023-01-08T21:42:03.713-0300] {dag.py:2676} INFO - Sync 1 DAGs
[2023-01-08T21:42:03.734-0300] {logging_mixin.py:137} INFO - [2023-01-08T21:42:03.733-0300] {dag.py:3427} INFO - Setting next_dagrun for download_hivmidb to 2023-01-01T00:00:00+00:00, run_after=2023-02-01T00:00:00+00:00
[2023-01-08T21:42:03.747-0300] {processor.py:175} INFO - Processing /home/kallox/airflow/dags/download_hivmidb.py took 0.247 seconds
[2023-01-08T21:42:34.055-0300] {processor.py:153} INFO - Started process (PID=30540) to work on /home/kallox/airflow/dags/download_hivmidb.py
[2023-01-08T21:42:34.055-0300] {processor.py:743} INFO - Processing file /home/kallox/airflow/dags/download_hivmidb.py for tasks to queue
[2023-01-08T21:42:34.056-0300] {logging_mixin.py:137} INFO - [2023-01-08T21:42:34.056-0300] {dagbag.py:538} INFO - Filling up the DagBag from /home/kallox/airflow/dags/download_hivmidb.py
[2023-01-08T21:42:34.258-0300] {processor.py:753} INFO - DAG(s) dict_keys(['download_hivmidb']) retrieved from /home/kallox/airflow/dags/download_hivmidb.py
[2023-01-08T21:42:34.280-0300] {logging_mixin.py:137} INFO - [2023-01-08T21:42:34.280-0300] {dag.py:2676} INFO - Sync 1 DAGs
[2023-01-08T21:42:34.298-0300] {logging_mixin.py:137} INFO - [2023-01-08T21:42:34.298-0300] {dag.py:3427} INFO - Setting next_dagrun for download_hivmidb to 2023-01-01T00:00:00+00:00, run_after=2023-02-01T00:00:00+00:00
[2023-01-08T21:42:34.322-0300] {processor.py:175} INFO - Processing /home/kallox/airflow/dags/download_hivmidb.py took 0.270 seconds
[2023-01-08T21:43:05.235-0300] {processor.py:153} INFO - Started process (PID=30644) to work on /home/kallox/airflow/dags/download_hivmidb.py
[2023-01-08T21:43:05.235-0300] {processor.py:743} INFO - Processing file /home/kallox/airflow/dags/download_hivmidb.py for tasks to queue
[2023-01-08T21:43:05.236-0300] {logging_mixin.py:137} INFO - [2023-01-08T21:43:05.236-0300] {dagbag.py:538} INFO - Filling up the DagBag from /home/kallox/airflow/dags/download_hivmidb.py
[2023-01-08T21:43:05.444-0300] {processor.py:753} INFO - DAG(s) dict_keys(['download_hivmidb']) retrieved from /home/kallox/airflow/dags/download_hivmidb.py
[2023-01-08T21:43:05.466-0300] {logging_mixin.py:137} INFO - [2023-01-08T21:43:05.466-0300] {dag.py:2676} INFO - Sync 1 DAGs
[2023-01-08T21:43:05.494-0300] {logging_mixin.py:137} INFO - [2023-01-08T21:43:05.494-0300] {dag.py:3427} INFO - Setting next_dagrun for download_hivmidb to 2023-01-01T00:00:00+00:00, run_after=2023-02-01T00:00:00+00:00
[2023-01-08T21:43:05.514-0300] {processor.py:175} INFO - Processing /home/kallox/airflow/dags/download_hivmidb.py took 0.281 seconds
