[2023-01-08T21:00:18.424-0300] {processor.py:153} INFO - Started process (PID=23139) to work on /home/kallox/airflow/dags/download_catnap.py
[2023-01-08T21:00:18.425-0300] {processor.py:743} INFO - Processing file /home/kallox/airflow/dags/download_catnap.py for tasks to queue
[2023-01-08T21:00:18.426-0300] {logging_mixin.py:137} INFO - [2023-01-08T21:00:18.426-0300] {dagbag.py:538} INFO - Filling up the DagBag from /home/kallox/airflow/dags/download_catnap.py
[2023-01-08T21:00:18.654-0300] {processor.py:753} INFO - DAG(s) dict_keys(['download_catnap']) retrieved from /home/kallox/airflow/dags/download_catnap.py
[2023-01-08T21:00:18.679-0300] {logging_mixin.py:137} INFO - [2023-01-08T21:00:18.679-0300] {dag.py:2676} INFO - Sync 1 DAGs
[2023-01-08T21:00:18.698-0300] {logging_mixin.py:137} INFO - [2023-01-08T21:00:18.698-0300] {dag.py:3427} INFO - Setting next_dagrun for download_catnap to 2023-01-09T00:00:00+00:00, run_after=2023-01-10T00:00:00+00:00
[2023-01-08T21:00:18.716-0300] {processor.py:175} INFO - Processing /home/kallox/airflow/dags/download_catnap.py took 0.294 seconds
[2023-01-08T21:00:49.042-0300] {processor.py:153} INFO - Started process (PID=23257) to work on /home/kallox/airflow/dags/download_catnap.py
[2023-01-08T21:00:49.043-0300] {processor.py:743} INFO - Processing file /home/kallox/airflow/dags/download_catnap.py for tasks to queue
[2023-01-08T21:00:49.043-0300] {logging_mixin.py:137} INFO - [2023-01-08T21:00:49.043-0300] {dagbag.py:538} INFO - Filling up the DagBag from /home/kallox/airflow/dags/download_catnap.py
[2023-01-08T21:00:49.275-0300] {processor.py:753} INFO - DAG(s) dict_keys(['download_catnap']) retrieved from /home/kallox/airflow/dags/download_catnap.py
[2023-01-08T21:00:49.297-0300] {logging_mixin.py:137} INFO - [2023-01-08T21:00:49.296-0300] {dag.py:2676} INFO - Sync 1 DAGs
[2023-01-08T21:00:49.318-0300] {logging_mixin.py:137} INFO - [2023-01-08T21:00:49.318-0300] {dag.py:3427} INFO - Setting next_dagrun for download_catnap to 2023-01-09T00:00:00+00:00, run_after=2023-01-10T00:00:00+00:00
[2023-01-08T21:00:49.331-0300] {processor.py:175} INFO - Processing /home/kallox/airflow/dags/download_catnap.py took 0.292 seconds
[2023-01-08T21:01:19.604-0300] {processor.py:153} INFO - Started process (PID=23367) to work on /home/kallox/airflow/dags/download_catnap.py
[2023-01-08T21:01:19.605-0300] {processor.py:743} INFO - Processing file /home/kallox/airflow/dags/download_catnap.py for tasks to queue
[2023-01-08T21:01:19.606-0300] {logging_mixin.py:137} INFO - [2023-01-08T21:01:19.606-0300] {dagbag.py:538} INFO - Filling up the DagBag from /home/kallox/airflow/dags/download_catnap.py
[2023-01-08T21:01:19.846-0300] {processor.py:753} INFO - DAG(s) dict_keys(['download_catnap']) retrieved from /home/kallox/airflow/dags/download_catnap.py
[2023-01-08T21:01:19.870-0300] {logging_mixin.py:137} INFO - [2023-01-08T21:01:19.870-0300] {dag.py:2676} INFO - Sync 1 DAGs
[2023-01-08T21:01:19.889-0300] {logging_mixin.py:137} INFO - [2023-01-08T21:01:19.889-0300] {dag.py:3427} INFO - Setting next_dagrun for download_catnap to 2023-01-09T00:00:00+00:00, run_after=2023-01-10T00:00:00+00:00
[2023-01-08T21:01:19.904-0300] {processor.py:175} INFO - Processing /home/kallox/airflow/dags/download_catnap.py took 0.302 seconds
[2023-01-08T21:01:50.199-0300] {processor.py:153} INFO - Started process (PID=23481) to work on /home/kallox/airflow/dags/download_catnap.py
[2023-01-08T21:01:50.200-0300] {processor.py:743} INFO - Processing file /home/kallox/airflow/dags/download_catnap.py for tasks to queue
[2023-01-08T21:01:50.201-0300] {logging_mixin.py:137} INFO - [2023-01-08T21:01:50.200-0300] {dagbag.py:538} INFO - Filling up the DagBag from /home/kallox/airflow/dags/download_catnap.py
[2023-01-08T21:01:50.427-0300] {processor.py:753} INFO - DAG(s) dict_keys(['download_catnap']) retrieved from /home/kallox/airflow/dags/download_catnap.py
[2023-01-08T21:01:50.451-0300] {logging_mixin.py:137} INFO - [2023-01-08T21:01:50.451-0300] {dag.py:2676} INFO - Sync 1 DAGs
[2023-01-08T21:01:50.470-0300] {logging_mixin.py:137} INFO - [2023-01-08T21:01:50.470-0300] {dag.py:3427} INFO - Setting next_dagrun for download_catnap to 2023-01-09T00:00:00+00:00, run_after=2023-01-10T00:00:00+00:00
[2023-01-08T21:01:50.487-0300] {processor.py:175} INFO - Processing /home/kallox/airflow/dags/download_catnap.py took 0.290 seconds
[2023-01-08T21:02:20.838-0300] {processor.py:153} INFO - Started process (PID=23575) to work on /home/kallox/airflow/dags/download_catnap.py
[2023-01-08T21:02:20.839-0300] {processor.py:743} INFO - Processing file /home/kallox/airflow/dags/download_catnap.py for tasks to queue
[2023-01-08T21:02:20.840-0300] {logging_mixin.py:137} INFO - [2023-01-08T21:02:20.840-0300] {dagbag.py:538} INFO - Filling up the DagBag from /home/kallox/airflow/dags/download_catnap.py
[2023-01-08T21:02:21.071-0300] {processor.py:753} INFO - DAG(s) dict_keys(['download_catnap']) retrieved from /home/kallox/airflow/dags/download_catnap.py
[2023-01-08T21:02:21.094-0300] {logging_mixin.py:137} INFO - [2023-01-08T21:02:21.094-0300] {dag.py:2676} INFO - Sync 1 DAGs
[2023-01-08T21:02:21.113-0300] {logging_mixin.py:137} INFO - [2023-01-08T21:02:21.113-0300] {dag.py:3427} INFO - Setting next_dagrun for download_catnap to 2023-01-09T00:00:00+00:00, run_after=2023-01-10T00:00:00+00:00
[2023-01-08T21:02:21.127-0300] {processor.py:175} INFO - Processing /home/kallox/airflow/dags/download_catnap.py took 0.292 seconds
[2023-01-08T21:02:51.398-0300] {processor.py:153} INFO - Started process (PID=23666) to work on /home/kallox/airflow/dags/download_catnap.py
[2023-01-08T21:02:51.399-0300] {processor.py:743} INFO - Processing file /home/kallox/airflow/dags/download_catnap.py for tasks to queue
[2023-01-08T21:02:51.399-0300] {logging_mixin.py:137} INFO - [2023-01-08T21:02:51.399-0300] {dagbag.py:538} INFO - Filling up the DagBag from /home/kallox/airflow/dags/download_catnap.py
[2023-01-08T21:02:51.626-0300] {processor.py:753} INFO - DAG(s) dict_keys(['download_catnap']) retrieved from /home/kallox/airflow/dags/download_catnap.py
[2023-01-08T21:02:51.650-0300] {logging_mixin.py:137} INFO - [2023-01-08T21:02:51.649-0300] {dag.py:2676} INFO - Sync 1 DAGs
[2023-01-08T21:02:51.669-0300] {logging_mixin.py:137} INFO - [2023-01-08T21:02:51.669-0300] {dag.py:3427} INFO - Setting next_dagrun for download_catnap to 2023-01-09T00:00:00+00:00, run_after=2023-01-10T00:00:00+00:00
[2023-01-08T21:02:51.686-0300] {processor.py:175} INFO - Processing /home/kallox/airflow/dags/download_catnap.py took 0.290 seconds
[2023-01-08T21:03:21.991-0300] {processor.py:153} INFO - Started process (PID=23763) to work on /home/kallox/airflow/dags/download_catnap.py
[2023-01-08T21:03:21.992-0300] {processor.py:743} INFO - Processing file /home/kallox/airflow/dags/download_catnap.py for tasks to queue
[2023-01-08T21:03:21.992-0300] {logging_mixin.py:137} INFO - [2023-01-08T21:03:21.992-0300] {dagbag.py:538} INFO - Filling up the DagBag from /home/kallox/airflow/dags/download_catnap.py
[2023-01-08T21:03:22.227-0300] {processor.py:753} INFO - DAG(s) dict_keys(['download_catnap']) retrieved from /home/kallox/airflow/dags/download_catnap.py
[2023-01-08T21:03:22.250-0300] {logging_mixin.py:137} INFO - [2023-01-08T21:03:22.250-0300] {dag.py:2676} INFO - Sync 1 DAGs
[2023-01-08T21:03:22.269-0300] {logging_mixin.py:137} INFO - [2023-01-08T21:03:22.269-0300] {dag.py:3427} INFO - Setting next_dagrun for download_catnap to 2023-01-09T00:00:00+00:00, run_after=2023-01-10T00:00:00+00:00
[2023-01-08T21:03:22.284-0300] {processor.py:175} INFO - Processing /home/kallox/airflow/dags/download_catnap.py took 0.296 seconds
[2023-01-08T21:03:52.557-0300] {processor.py:153} INFO - Started process (PID=23854) to work on /home/kallox/airflow/dags/download_catnap.py
[2023-01-08T21:03:52.558-0300] {processor.py:743} INFO - Processing file /home/kallox/airflow/dags/download_catnap.py for tasks to queue
[2023-01-08T21:03:52.558-0300] {logging_mixin.py:137} INFO - [2023-01-08T21:03:52.558-0300] {dagbag.py:538} INFO - Filling up the DagBag from /home/kallox/airflow/dags/download_catnap.py
[2023-01-08T21:03:52.789-0300] {processor.py:753} INFO - DAG(s) dict_keys(['download_catnap']) retrieved from /home/kallox/airflow/dags/download_catnap.py
[2023-01-08T21:03:52.811-0300] {logging_mixin.py:137} INFO - [2023-01-08T21:03:52.811-0300] {dag.py:2676} INFO - Sync 1 DAGs
[2023-01-08T21:03:52.831-0300] {logging_mixin.py:137} INFO - [2023-01-08T21:03:52.831-0300] {dag.py:3427} INFO - Setting next_dagrun for download_catnap to 2023-01-09T00:00:00+00:00, run_after=2023-01-10T00:00:00+00:00
[2023-01-08T21:03:52.846-0300] {processor.py:175} INFO - Processing /home/kallox/airflow/dags/download_catnap.py took 0.292 seconds
[2023-01-08T21:04:23.342-0300] {processor.py:153} INFO - Started process (PID=23946) to work on /home/kallox/airflow/dags/download_catnap.py
[2023-01-08T21:04:23.343-0300] {processor.py:743} INFO - Processing file /home/kallox/airflow/dags/download_catnap.py for tasks to queue
[2023-01-08T21:04:23.344-0300] {logging_mixin.py:137} INFO - [2023-01-08T21:04:23.344-0300] {dagbag.py:538} INFO - Filling up the DagBag from /home/kallox/airflow/dags/download_catnap.py
[2023-01-08T21:04:23.571-0300] {processor.py:753} INFO - DAG(s) dict_keys(['download_catnap']) retrieved from /home/kallox/airflow/dags/download_catnap.py
[2023-01-08T21:04:23.593-0300] {logging_mixin.py:137} INFO - [2023-01-08T21:04:23.593-0300] {dag.py:2676} INFO - Sync 1 DAGs
[2023-01-08T21:04:23.611-0300] {logging_mixin.py:137} INFO - [2023-01-08T21:04:23.611-0300] {dag.py:3427} INFO - Setting next_dagrun for download_catnap to 2023-01-09T00:00:00+00:00, run_after=2023-01-10T00:00:00+00:00
[2023-01-08T21:04:23.625-0300] {processor.py:175} INFO - Processing /home/kallox/airflow/dags/download_catnap.py took 0.285 seconds
[2023-01-08T21:04:53.677-0300] {processor.py:153} INFO - Started process (PID=24046) to work on /home/kallox/airflow/dags/download_catnap.py
[2023-01-08T21:04:53.678-0300] {processor.py:743} INFO - Processing file /home/kallox/airflow/dags/download_catnap.py for tasks to queue
[2023-01-08T21:04:53.678-0300] {logging_mixin.py:137} INFO - [2023-01-08T21:04:53.678-0300] {dagbag.py:538} INFO - Filling up the DagBag from /home/kallox/airflow/dags/download_catnap.py
[2023-01-08T21:04:53.904-0300] {processor.py:753} INFO - DAG(s) dict_keys(['download_catnap']) retrieved from /home/kallox/airflow/dags/download_catnap.py
[2023-01-08T21:04:53.928-0300] {logging_mixin.py:137} INFO - [2023-01-08T21:04:53.927-0300] {dag.py:2676} INFO - Sync 1 DAGs
[2023-01-08T21:04:53.948-0300] {logging_mixin.py:137} INFO - [2023-01-08T21:04:53.947-0300] {dag.py:3427} INFO - Setting next_dagrun for download_catnap to 2023-01-09T00:00:00+00:00, run_after=2023-01-10T00:00:00+00:00
[2023-01-08T21:04:53.962-0300] {processor.py:175} INFO - Processing /home/kallox/airflow/dags/download_catnap.py took 0.289 seconds
[2023-01-08T21:05:24.283-0300] {processor.py:153} INFO - Started process (PID=24141) to work on /home/kallox/airflow/dags/download_catnap.py
[2023-01-08T21:05:24.283-0300] {processor.py:743} INFO - Processing file /home/kallox/airflow/dags/download_catnap.py for tasks to queue
[2023-01-08T21:05:24.284-0300] {logging_mixin.py:137} INFO - [2023-01-08T21:05:24.284-0300] {dagbag.py:538} INFO - Filling up the DagBag from /home/kallox/airflow/dags/download_catnap.py
[2023-01-08T21:05:24.514-0300] {processor.py:753} INFO - DAG(s) dict_keys(['download_catnap']) retrieved from /home/kallox/airflow/dags/download_catnap.py
[2023-01-08T21:05:24.538-0300] {logging_mixin.py:137} INFO - [2023-01-08T21:05:24.538-0300] {dag.py:2676} INFO - Sync 1 DAGs
[2023-01-08T21:05:24.557-0300] {logging_mixin.py:137} INFO - [2023-01-08T21:05:24.557-0300] {dag.py:3427} INFO - Setting next_dagrun for download_catnap to 2023-01-09T00:00:00+00:00, run_after=2023-01-10T00:00:00+00:00
[2023-01-08T21:05:24.573-0300] {processor.py:175} INFO - Processing /home/kallox/airflow/dags/download_catnap.py took 0.293 seconds
[2023-01-08T21:05:54.886-0300] {processor.py:153} INFO - Started process (PID=24235) to work on /home/kallox/airflow/dags/download_catnap.py
[2023-01-08T21:05:54.887-0300] {processor.py:743} INFO - Processing file /home/kallox/airflow/dags/download_catnap.py for tasks to queue
[2023-01-08T21:05:54.887-0300] {logging_mixin.py:137} INFO - [2023-01-08T21:05:54.887-0300] {dagbag.py:538} INFO - Filling up the DagBag from /home/kallox/airflow/dags/download_catnap.py
[2023-01-08T21:05:55.113-0300] {processor.py:753} INFO - DAG(s) dict_keys(['download_catnap']) retrieved from /home/kallox/airflow/dags/download_catnap.py
[2023-01-08T21:05:55.138-0300] {logging_mixin.py:137} INFO - [2023-01-08T21:05:55.138-0300] {dag.py:2676} INFO - Sync 1 DAGs
[2023-01-08T21:05:55.160-0300] {logging_mixin.py:137} INFO - [2023-01-08T21:05:55.160-0300] {dag.py:3427} INFO - Setting next_dagrun for download_catnap to 2023-01-09T00:00:00+00:00, run_after=2023-01-10T00:00:00+00:00
[2023-01-08T21:05:55.178-0300] {processor.py:175} INFO - Processing /home/kallox/airflow/dags/download_catnap.py took 0.294 seconds
[2023-01-08T21:06:25.497-0300] {processor.py:153} INFO - Started process (PID=24326) to work on /home/kallox/airflow/dags/download_catnap.py
[2023-01-08T21:06:25.498-0300] {processor.py:743} INFO - Processing file /home/kallox/airflow/dags/download_catnap.py for tasks to queue
[2023-01-08T21:06:25.498-0300] {logging_mixin.py:137} INFO - [2023-01-08T21:06:25.498-0300] {dagbag.py:538} INFO - Filling up the DagBag from /home/kallox/airflow/dags/download_catnap.py
[2023-01-08T21:06:25.724-0300] {processor.py:753} INFO - DAG(s) dict_keys(['download_catnap']) retrieved from /home/kallox/airflow/dags/download_catnap.py
[2023-01-08T21:06:25.744-0300] {logging_mixin.py:137} INFO - [2023-01-08T21:06:25.744-0300] {dag.py:2676} INFO - Sync 1 DAGs
[2023-01-08T21:06:25.763-0300] {logging_mixin.py:137} INFO - [2023-01-08T21:06:25.763-0300] {dag.py:3427} INFO - Setting next_dagrun for download_catnap to 2023-01-09T00:00:00+00:00, run_after=2023-01-10T00:00:00+00:00
[2023-01-08T21:06:25.777-0300] {processor.py:175} INFO - Processing /home/kallox/airflow/dags/download_catnap.py took 0.282 seconds
[2023-01-08T21:06:55.802-0300] {processor.py:153} INFO - Started process (PID=24416) to work on /home/kallox/airflow/dags/download_catnap.py
[2023-01-08T21:06:55.803-0300] {processor.py:743} INFO - Processing file /home/kallox/airflow/dags/download_catnap.py for tasks to queue
[2023-01-08T21:06:55.803-0300] {logging_mixin.py:137} INFO - [2023-01-08T21:06:55.803-0300] {dagbag.py:538} INFO - Filling up the DagBag from /home/kallox/airflow/dags/download_catnap.py
[2023-01-08T21:06:56.059-0300] {processor.py:753} INFO - DAG(s) dict_keys(['download_catnap']) retrieved from /home/kallox/airflow/dags/download_catnap.py
[2023-01-08T21:06:56.083-0300] {logging_mixin.py:137} INFO - [2023-01-08T21:06:56.083-0300] {dag.py:2676} INFO - Sync 1 DAGs
[2023-01-08T21:06:56.103-0300] {logging_mixin.py:137} INFO - [2023-01-08T21:06:56.103-0300] {dag.py:3427} INFO - Setting next_dagrun for download_catnap to 2023-01-09T00:00:00+00:00, run_after=2023-01-10T00:00:00+00:00
[2023-01-08T21:06:56.118-0300] {processor.py:175} INFO - Processing /home/kallox/airflow/dags/download_catnap.py took 0.318 seconds
[2023-01-08T21:07:26.366-0300] {processor.py:153} INFO - Started process (PID=24508) to work on /home/kallox/airflow/dags/download_catnap.py
[2023-01-08T21:07:26.366-0300] {processor.py:743} INFO - Processing file /home/kallox/airflow/dags/download_catnap.py for tasks to queue
[2023-01-08T21:07:26.367-0300] {logging_mixin.py:137} INFO - [2023-01-08T21:07:26.367-0300] {dagbag.py:538} INFO - Filling up the DagBag from /home/kallox/airflow/dags/download_catnap.py
[2023-01-08T21:07:26.603-0300] {processor.py:753} INFO - DAG(s) dict_keys(['download_catnap']) retrieved from /home/kallox/airflow/dags/download_catnap.py
[2023-01-08T21:07:26.627-0300] {logging_mixin.py:137} INFO - [2023-01-08T21:07:26.627-0300] {dag.py:2676} INFO - Sync 1 DAGs
[2023-01-08T21:07:26.647-0300] {logging_mixin.py:137} INFO - [2023-01-08T21:07:26.647-0300] {dag.py:3427} INFO - Setting next_dagrun for download_catnap to 2023-01-09T00:00:00+00:00, run_after=2023-01-10T00:00:00+00:00
[2023-01-08T21:07:26.666-0300] {processor.py:175} INFO - Processing /home/kallox/airflow/dags/download_catnap.py took 0.303 seconds
[2023-01-08T21:07:56.913-0300] {processor.py:153} INFO - Started process (PID=24600) to work on /home/kallox/airflow/dags/download_catnap.py
[2023-01-08T21:07:56.914-0300] {processor.py:743} INFO - Processing file /home/kallox/airflow/dags/download_catnap.py for tasks to queue
[2023-01-08T21:07:56.914-0300] {logging_mixin.py:137} INFO - [2023-01-08T21:07:56.914-0300] {dagbag.py:538} INFO - Filling up the DagBag from /home/kallox/airflow/dags/download_catnap.py
[2023-01-08T21:07:57.152-0300] {processor.py:753} INFO - DAG(s) dict_keys(['download_catnap']) retrieved from /home/kallox/airflow/dags/download_catnap.py
[2023-01-08T21:07:57.177-0300] {logging_mixin.py:137} INFO - [2023-01-08T21:07:57.176-0300] {dag.py:2676} INFO - Sync 1 DAGs
[2023-01-08T21:07:57.196-0300] {logging_mixin.py:137} INFO - [2023-01-08T21:07:57.196-0300] {dag.py:3427} INFO - Setting next_dagrun for download_catnap to 2023-01-09T00:00:00+00:00, run_after=2023-01-10T00:00:00+00:00
[2023-01-08T21:07:57.214-0300] {processor.py:175} INFO - Processing /home/kallox/airflow/dags/download_catnap.py took 0.303 seconds
[2023-01-08T21:08:27.517-0300] {processor.py:153} INFO - Started process (PID=24692) to work on /home/kallox/airflow/dags/download_catnap.py
[2023-01-08T21:08:27.518-0300] {processor.py:743} INFO - Processing file /home/kallox/airflow/dags/download_catnap.py for tasks to queue
[2023-01-08T21:08:27.518-0300] {logging_mixin.py:137} INFO - [2023-01-08T21:08:27.518-0300] {dagbag.py:538} INFO - Filling up the DagBag from /home/kallox/airflow/dags/download_catnap.py
[2023-01-08T21:08:27.754-0300] {processor.py:753} INFO - DAG(s) dict_keys(['download_catnap']) retrieved from /home/kallox/airflow/dags/download_catnap.py
[2023-01-08T21:08:27.779-0300] {logging_mixin.py:137} INFO - [2023-01-08T21:08:27.779-0300] {dag.py:2676} INFO - Sync 1 DAGs
[2023-01-08T21:08:27.800-0300] {logging_mixin.py:137} INFO - [2023-01-08T21:08:27.800-0300] {dag.py:3427} INFO - Setting next_dagrun for download_catnap to 2023-01-09T00:00:00+00:00, run_after=2023-01-10T00:00:00+00:00
[2023-01-08T21:08:27.816-0300] {processor.py:175} INFO - Processing /home/kallox/airflow/dags/download_catnap.py took 0.302 seconds
[2023-01-08T21:08:58.131-0300] {processor.py:153} INFO - Started process (PID=24784) to work on /home/kallox/airflow/dags/download_catnap.py
[2023-01-08T21:08:58.131-0300] {processor.py:743} INFO - Processing file /home/kallox/airflow/dags/download_catnap.py for tasks to queue
[2023-01-08T21:08:58.132-0300] {logging_mixin.py:137} INFO - [2023-01-08T21:08:58.131-0300] {dagbag.py:538} INFO - Filling up the DagBag from /home/kallox/airflow/dags/download_catnap.py
[2023-01-08T21:08:58.382-0300] {processor.py:753} INFO - DAG(s) dict_keys(['download_catnap']) retrieved from /home/kallox/airflow/dags/download_catnap.py
[2023-01-08T21:08:58.407-0300] {logging_mixin.py:137} INFO - [2023-01-08T21:08:58.406-0300] {dag.py:2676} INFO - Sync 1 DAGs
[2023-01-08T21:08:58.428-0300] {logging_mixin.py:137} INFO - [2023-01-08T21:08:58.428-0300] {dag.py:3427} INFO - Setting next_dagrun for download_catnap to 2023-01-09T00:00:00+00:00, run_after=2023-01-10T00:00:00+00:00
[2023-01-08T21:08:58.445-0300] {processor.py:175} INFO - Processing /home/kallox/airflow/dags/download_catnap.py took 0.317 seconds
[2023-01-08T21:09:29.376-0300] {processor.py:153} INFO - Started process (PID=24876) to work on /home/kallox/airflow/dags/download_catnap.py
[2023-01-08T21:09:29.376-0300] {processor.py:743} INFO - Processing file /home/kallox/airflow/dags/download_catnap.py for tasks to queue
[2023-01-08T21:09:29.377-0300] {logging_mixin.py:137} INFO - [2023-01-08T21:09:29.377-0300] {dagbag.py:538} INFO - Filling up the DagBag from /home/kallox/airflow/dags/download_catnap.py
[2023-01-08T21:09:29.639-0300] {processor.py:753} INFO - DAG(s) dict_keys(['download_catnap']) retrieved from /home/kallox/airflow/dags/download_catnap.py
[2023-01-08T21:09:29.665-0300] {logging_mixin.py:137} INFO - [2023-01-08T21:09:29.665-0300] {dag.py:2676} INFO - Sync 1 DAGs
[2023-01-08T21:09:29.687-0300] {logging_mixin.py:137} INFO - [2023-01-08T21:09:29.687-0300] {dag.py:3427} INFO - Setting next_dagrun for download_catnap to 2023-01-09T00:00:00+00:00, run_after=2023-01-10T00:00:00+00:00
[2023-01-08T21:09:29.703-0300] {processor.py:175} INFO - Processing /home/kallox/airflow/dags/download_catnap.py took 0.330 seconds
[2023-01-08T21:10:00.019-0300] {processor.py:153} INFO - Started process (PID=24973) to work on /home/kallox/airflow/dags/download_catnap.py
[2023-01-08T21:10:00.019-0300] {processor.py:743} INFO - Processing file /home/kallox/airflow/dags/download_catnap.py for tasks to queue
[2023-01-08T21:10:00.020-0300] {logging_mixin.py:137} INFO - [2023-01-08T21:10:00.020-0300] {dagbag.py:538} INFO - Filling up the DagBag from /home/kallox/airflow/dags/download_catnap.py
[2023-01-08T21:10:00.282-0300] {processor.py:753} INFO - DAG(s) dict_keys(['download_catnap']) retrieved from /home/kallox/airflow/dags/download_catnap.py
[2023-01-08T21:10:00.308-0300] {logging_mixin.py:137} INFO - [2023-01-08T21:10:00.308-0300] {dag.py:2676} INFO - Sync 1 DAGs
[2023-01-08T21:10:00.328-0300] {logging_mixin.py:137} INFO - [2023-01-08T21:10:00.328-0300] {dag.py:3427} INFO - Setting next_dagrun for download_catnap to 2023-01-09T00:00:00+00:00, run_after=2023-01-10T00:00:00+00:00
[2023-01-08T21:10:00.345-0300] {processor.py:175} INFO - Processing /home/kallox/airflow/dags/download_catnap.py took 0.329 seconds
[2023-01-08T21:10:30.600-0300] {processor.py:153} INFO - Started process (PID=25065) to work on /home/kallox/airflow/dags/download_catnap.py
[2023-01-08T21:10:30.600-0300] {processor.py:743} INFO - Processing file /home/kallox/airflow/dags/download_catnap.py for tasks to queue
[2023-01-08T21:10:30.601-0300] {logging_mixin.py:137} INFO - [2023-01-08T21:10:30.601-0300] {dagbag.py:538} INFO - Filling up the DagBag from /home/kallox/airflow/dags/download_catnap.py
[2023-01-08T21:10:30.866-0300] {processor.py:753} INFO - DAG(s) dict_keys(['download_catnap']) retrieved from /home/kallox/airflow/dags/download_catnap.py
[2023-01-08T21:10:30.889-0300] {logging_mixin.py:137} INFO - [2023-01-08T21:10:30.889-0300] {dag.py:2676} INFO - Sync 1 DAGs
[2023-01-08T21:10:30.908-0300] {logging_mixin.py:137} INFO - [2023-01-08T21:10:30.908-0300] {dag.py:3427} INFO - Setting next_dagrun for download_catnap to 2023-01-09T00:00:00+00:00, run_after=2023-01-10T00:00:00+00:00
[2023-01-08T21:10:30.923-0300] {processor.py:175} INFO - Processing /home/kallox/airflow/dags/download_catnap.py took 0.325 seconds
[2023-01-08T21:11:01.147-0300] {processor.py:153} INFO - Started process (PID=25161) to work on /home/kallox/airflow/dags/download_catnap.py
[2023-01-08T21:11:01.148-0300] {processor.py:743} INFO - Processing file /home/kallox/airflow/dags/download_catnap.py for tasks to queue
[2023-01-08T21:11:01.149-0300] {logging_mixin.py:137} INFO - [2023-01-08T21:11:01.149-0300] {dagbag.py:538} INFO - Filling up the DagBag from /home/kallox/airflow/dags/download_catnap.py
[2023-01-08T21:11:01.382-0300] {processor.py:753} INFO - DAG(s) dict_keys(['download_catnap']) retrieved from /home/kallox/airflow/dags/download_catnap.py
[2023-01-08T21:11:01.407-0300] {logging_mixin.py:137} INFO - [2023-01-08T21:11:01.407-0300] {dag.py:2676} INFO - Sync 1 DAGs
[2023-01-08T21:11:01.433-0300] {logging_mixin.py:137} INFO - [2023-01-08T21:11:01.432-0300] {dag.py:3427} INFO - Setting next_dagrun for download_catnap to 2023-01-09T00:00:00+00:00, run_after=2023-01-10T00:00:00+00:00
[2023-01-08T21:11:01.447-0300] {processor.py:175} INFO - Processing /home/kallox/airflow/dags/download_catnap.py took 0.302 seconds
[2023-01-08T21:11:31.720-0300] {processor.py:153} INFO - Started process (PID=25252) to work on /home/kallox/airflow/dags/download_catnap.py
[2023-01-08T21:11:31.720-0300] {processor.py:743} INFO - Processing file /home/kallox/airflow/dags/download_catnap.py for tasks to queue
[2023-01-08T21:11:31.721-0300] {logging_mixin.py:137} INFO - [2023-01-08T21:11:31.721-0300] {dagbag.py:538} INFO - Filling up the DagBag from /home/kallox/airflow/dags/download_catnap.py
[2023-01-08T21:11:31.950-0300] {processor.py:753} INFO - DAG(s) dict_keys(['download_catnap']) retrieved from /home/kallox/airflow/dags/download_catnap.py
[2023-01-08T21:11:31.973-0300] {logging_mixin.py:137} INFO - [2023-01-08T21:11:31.973-0300] {dag.py:2676} INFO - Sync 1 DAGs
[2023-01-08T21:11:31.994-0300] {logging_mixin.py:137} INFO - [2023-01-08T21:11:31.994-0300] {dag.py:3427} INFO - Setting next_dagrun for download_catnap to 2023-01-09T00:00:00+00:00, run_after=2023-01-10T00:00:00+00:00
[2023-01-08T21:11:32.011-0300] {processor.py:175} INFO - Processing /home/kallox/airflow/dags/download_catnap.py took 0.293 seconds
[2023-01-08T21:12:04.093-0300] {processor.py:153} INFO - Started process (PID=25346) to work on /home/kallox/airflow/dags/download_catnap.py
[2023-01-08T21:12:04.093-0300] {processor.py:743} INFO - Processing file /home/kallox/airflow/dags/download_catnap.py for tasks to queue
[2023-01-08T21:12:04.094-0300] {logging_mixin.py:137} INFO - [2023-01-08T21:12:04.094-0300] {dagbag.py:538} INFO - Filling up the DagBag from /home/kallox/airflow/dags/download_catnap.py
[2023-01-08T21:12:04.334-0300] {processor.py:753} INFO - DAG(s) dict_keys(['download_catnap']) retrieved from /home/kallox/airflow/dags/download_catnap.py
[2023-01-08T21:12:04.357-0300] {logging_mixin.py:137} INFO - [2023-01-08T21:12:04.357-0300] {dag.py:2676} INFO - Sync 1 DAGs
[2023-01-08T21:12:04.376-0300] {logging_mixin.py:137} INFO - [2023-01-08T21:12:04.376-0300] {dag.py:3427} INFO - Setting next_dagrun for download_catnap to 2023-01-09T00:00:00+00:00, run_after=2023-01-10T00:00:00+00:00
[2023-01-08T21:12:04.390-0300] {processor.py:175} INFO - Processing /home/kallox/airflow/dags/download_catnap.py took 0.300 seconds
[2023-01-08T21:12:35.789-0300] {processor.py:153} INFO - Started process (PID=25441) to work on /home/kallox/airflow/dags/download_catnap.py
[2023-01-08T21:12:35.790-0300] {processor.py:743} INFO - Processing file /home/kallox/airflow/dags/download_catnap.py for tasks to queue
[2023-01-08T21:12:35.790-0300] {logging_mixin.py:137} INFO - [2023-01-08T21:12:35.790-0300] {dagbag.py:538} INFO - Filling up the DagBag from /home/kallox/airflow/dags/download_catnap.py
[2023-01-08T21:12:36.004-0300] {processor.py:753} INFO - DAG(s) dict_keys(['download_catnap']) retrieved from /home/kallox/airflow/dags/download_catnap.py
[2023-01-08T21:12:36.025-0300] {logging_mixin.py:137} INFO - [2023-01-08T21:12:36.025-0300] {dag.py:2676} INFO - Sync 1 DAGs
[2023-01-08T21:12:36.043-0300] {logging_mixin.py:137} INFO - [2023-01-08T21:12:36.043-0300] {dag.py:3427} INFO - Setting next_dagrun for download_catnap to 2023-01-09T00:00:00+00:00, run_after=2023-01-10T00:00:00+00:00
[2023-01-08T21:12:36.057-0300] {processor.py:175} INFO - Processing /home/kallox/airflow/dags/download_catnap.py took 0.270 seconds
[2023-01-08T21:13:07.080-0300] {processor.py:153} INFO - Started process (PID=25531) to work on /home/kallox/airflow/dags/download_catnap.py
[2023-01-08T21:13:07.080-0300] {processor.py:743} INFO - Processing file /home/kallox/airflow/dags/download_catnap.py for tasks to queue
[2023-01-08T21:13:07.081-0300] {logging_mixin.py:137} INFO - [2023-01-08T21:13:07.081-0300] {dagbag.py:538} INFO - Filling up the DagBag from /home/kallox/airflow/dags/download_catnap.py
[2023-01-08T21:13:07.304-0300] {processor.py:753} INFO - DAG(s) dict_keys(['download_catnap']) retrieved from /home/kallox/airflow/dags/download_catnap.py
[2023-01-08T21:13:07.325-0300] {logging_mixin.py:137} INFO - [2023-01-08T21:13:07.325-0300] {dag.py:2676} INFO - Sync 1 DAGs
[2023-01-08T21:13:07.343-0300] {logging_mixin.py:137} INFO - [2023-01-08T21:13:07.343-0300] {dag.py:3427} INFO - Setting next_dagrun for download_catnap to 2023-01-09T00:00:00+00:00, run_after=2023-01-10T00:00:00+00:00
[2023-01-08T21:13:07.357-0300] {processor.py:175} INFO - Processing /home/kallox/airflow/dags/download_catnap.py took 0.279 seconds
[2023-01-08T21:13:37.895-0300] {processor.py:153} INFO - Started process (PID=25638) to work on /home/kallox/airflow/dags/download_catnap.py
[2023-01-08T21:13:37.896-0300] {processor.py:743} INFO - Processing file /home/kallox/airflow/dags/download_catnap.py for tasks to queue
[2023-01-08T21:13:37.897-0300] {logging_mixin.py:137} INFO - [2023-01-08T21:13:37.896-0300] {dagbag.py:538} INFO - Filling up the DagBag from /home/kallox/airflow/dags/download_catnap.py
[2023-01-08T21:13:38.141-0300] {processor.py:753} INFO - DAG(s) dict_keys(['download_catnap']) retrieved from /home/kallox/airflow/dags/download_catnap.py
[2023-01-08T21:13:38.166-0300] {logging_mixin.py:137} INFO - [2023-01-08T21:13:38.166-0300] {dag.py:2676} INFO - Sync 1 DAGs
[2023-01-08T21:13:38.192-0300] {logging_mixin.py:137} INFO - [2023-01-08T21:13:38.192-0300] {dag.py:3427} INFO - Setting next_dagrun for download_catnap to 2023-01-09T00:00:00+00:00, run_after=2023-01-10T00:00:00+00:00
[2023-01-08T21:13:38.213-0300] {processor.py:175} INFO - Processing /home/kallox/airflow/dags/download_catnap.py took 0.320 seconds
[2023-01-08T21:14:10.689-0300] {processor.py:153} INFO - Started process (PID=25742) to work on /home/kallox/airflow/dags/download_catnap.py
[2023-01-08T21:14:10.690-0300] {processor.py:743} INFO - Processing file /home/kallox/airflow/dags/download_catnap.py for tasks to queue
[2023-01-08T21:14:10.691-0300] {logging_mixin.py:137} INFO - [2023-01-08T21:14:10.691-0300] {dagbag.py:538} INFO - Filling up the DagBag from /home/kallox/airflow/dags/download_catnap.py
[2023-01-08T21:14:10.949-0300] {processor.py:753} INFO - DAG(s) dict_keys(['download_catnap']) retrieved from /home/kallox/airflow/dags/download_catnap.py
[2023-01-08T21:14:10.972-0300] {logging_mixin.py:137} INFO - [2023-01-08T21:14:10.972-0300] {dag.py:2676} INFO - Sync 1 DAGs
[2023-01-08T21:14:10.990-0300] {logging_mixin.py:137} INFO - [2023-01-08T21:14:10.990-0300] {dag.py:3427} INFO - Setting next_dagrun for download_catnap to 2023-01-09T00:00:00+00:00, run_after=2023-01-10T00:00:00+00:00
[2023-01-08T21:14:11.004-0300] {processor.py:175} INFO - Processing /home/kallox/airflow/dags/download_catnap.py took 0.319 seconds
[2023-01-08T21:14:41.679-0300] {processor.py:153} INFO - Started process (PID=25842) to work on /home/kallox/airflow/dags/download_catnap.py
[2023-01-08T21:14:41.679-0300] {processor.py:743} INFO - Processing file /home/kallox/airflow/dags/download_catnap.py for tasks to queue
[2023-01-08T21:14:41.680-0300] {logging_mixin.py:137} INFO - [2023-01-08T21:14:41.680-0300] {dagbag.py:538} INFO - Filling up the DagBag from /home/kallox/airflow/dags/download_catnap.py
[2023-01-08T21:14:41.925-0300] {processor.py:753} INFO - DAG(s) dict_keys(['download_catnap']) retrieved from /home/kallox/airflow/dags/download_catnap.py
[2023-01-08T21:14:41.948-0300] {logging_mixin.py:137} INFO - [2023-01-08T21:14:41.947-0300] {dag.py:2676} INFO - Sync 1 DAGs
[2023-01-08T21:14:41.966-0300] {logging_mixin.py:137} INFO - [2023-01-08T21:14:41.966-0300] {dag.py:3427} INFO - Setting next_dagrun for download_catnap to 2023-01-09T00:00:00+00:00, run_after=2023-01-10T00:00:00+00:00
[2023-01-08T21:14:41.982-0300] {processor.py:175} INFO - Processing /home/kallox/airflow/dags/download_catnap.py took 0.305 seconds
[2023-01-08T21:15:13.884-0300] {processor.py:153} INFO - Started process (PID=25934) to work on /home/kallox/airflow/dags/download_catnap.py
[2023-01-08T21:15:13.885-0300] {processor.py:743} INFO - Processing file /home/kallox/airflow/dags/download_catnap.py for tasks to queue
[2023-01-08T21:15:13.885-0300] {logging_mixin.py:137} INFO - [2023-01-08T21:15:13.885-0300] {dagbag.py:538} INFO - Filling up the DagBag from /home/kallox/airflow/dags/download_catnap.py
[2023-01-08T21:15:14.118-0300] {processor.py:753} INFO - DAG(s) dict_keys(['download_catnap']) retrieved from /home/kallox/airflow/dags/download_catnap.py
[2023-01-08T21:15:14.141-0300] {logging_mixin.py:137} INFO - [2023-01-08T21:15:14.141-0300] {dag.py:2676} INFO - Sync 1 DAGs
[2023-01-08T21:15:14.159-0300] {logging_mixin.py:137} INFO - [2023-01-08T21:15:14.159-0300] {dag.py:3427} INFO - Setting next_dagrun for download_catnap to 2023-01-09T00:00:00+00:00, run_after=2023-01-10T00:00:00+00:00
[2023-01-08T21:15:14.174-0300] {processor.py:175} INFO - Processing /home/kallox/airflow/dags/download_catnap.py took 0.293 seconds
[2023-01-08T21:15:49.464-0300] {processor.py:153} INFO - Started process (PID=26026) to work on /home/kallox/airflow/dags/download_catnap.py
[2023-01-08T21:15:49.465-0300] {processor.py:743} INFO - Processing file /home/kallox/airflow/dags/download_catnap.py for tasks to queue
[2023-01-08T21:15:49.465-0300] {logging_mixin.py:137} INFO - [2023-01-08T21:15:49.465-0300] {dagbag.py:538} INFO - Filling up the DagBag from /home/kallox/airflow/dags/download_catnap.py
[2023-01-08T21:15:49.684-0300] {processor.py:753} INFO - DAG(s) dict_keys(['download_catnap']) retrieved from /home/kallox/airflow/dags/download_catnap.py
[2023-01-08T21:15:49.707-0300] {logging_mixin.py:137} INFO - [2023-01-08T21:15:49.707-0300] {dag.py:2676} INFO - Sync 1 DAGs
[2023-01-08T21:15:49.726-0300] {logging_mixin.py:137} INFO - [2023-01-08T21:15:49.726-0300] {dag.py:3427} INFO - Setting next_dagrun for download_catnap to 2023-01-09T00:00:00+00:00, run_after=2023-01-10T00:00:00+00:00
[2023-01-08T21:15:49.743-0300] {processor.py:175} INFO - Processing /home/kallox/airflow/dags/download_catnap.py took 0.281 seconds
[2023-01-08T21:16:23.631-0300] {processor.py:153} INFO - Started process (PID=26128) to work on /home/kallox/airflow/dags/download_catnap.py
[2023-01-08T21:16:23.720-0300] {processor.py:743} INFO - Processing file /home/kallox/airflow/dags/download_catnap.py for tasks to queue
[2023-01-08T21:16:23.721-0300] {logging_mixin.py:137} INFO - [2023-01-08T21:16:23.721-0300] {dagbag.py:538} INFO - Filling up the DagBag from /home/kallox/airflow/dags/download_catnap.py
[2023-01-08T21:16:23.984-0300] {processor.py:753} INFO - DAG(s) dict_keys(['download_catnap']) retrieved from /home/kallox/airflow/dags/download_catnap.py
[2023-01-08T21:16:24.004-0300] {logging_mixin.py:137} INFO - [2023-01-08T21:16:24.003-0300] {dag.py:2676} INFO - Sync 1 DAGs
[2023-01-08T21:16:24.020-0300] {logging_mixin.py:137} INFO - [2023-01-08T21:16:24.020-0300] {dag.py:3427} INFO - Setting next_dagrun for download_catnap to 2023-01-09T00:00:00+00:00, run_after=2023-01-10T00:00:00+00:00
[2023-01-08T21:16:24.036-0300] {processor.py:175} INFO - Processing /home/kallox/airflow/dags/download_catnap.py took 0.408 seconds
[2023-01-08T21:16:55.668-0300] {processor.py:153} INFO - Started process (PID=26225) to work on /home/kallox/airflow/dags/download_catnap.py
[2023-01-08T21:16:55.669-0300] {processor.py:743} INFO - Processing file /home/kallox/airflow/dags/download_catnap.py for tasks to queue
[2023-01-08T21:16:55.669-0300] {logging_mixin.py:137} INFO - [2023-01-08T21:16:55.669-0300] {dagbag.py:538} INFO - Filling up the DagBag from /home/kallox/airflow/dags/download_catnap.py
[2023-01-08T21:16:55.897-0300] {processor.py:753} INFO - DAG(s) dict_keys(['download_catnap']) retrieved from /home/kallox/airflow/dags/download_catnap.py
[2023-01-08T21:16:55.919-0300] {logging_mixin.py:137} INFO - [2023-01-08T21:16:55.919-0300] {dag.py:2676} INFO - Sync 1 DAGs
[2023-01-08T21:16:55.938-0300] {logging_mixin.py:137} INFO - [2023-01-08T21:16:55.938-0300] {dag.py:3427} INFO - Setting next_dagrun for download_catnap to 2023-01-09T00:00:00+00:00, run_after=2023-01-10T00:00:00+00:00
[2023-01-08T21:16:55.954-0300] {processor.py:175} INFO - Processing /home/kallox/airflow/dags/download_catnap.py took 0.289 seconds
[2023-01-08T21:17:29.904-0300] {processor.py:153} INFO - Started process (PID=26323) to work on /home/kallox/airflow/dags/download_catnap.py
[2023-01-08T21:17:29.905-0300] {processor.py:743} INFO - Processing file /home/kallox/airflow/dags/download_catnap.py for tasks to queue
[2023-01-08T21:17:29.906-0300] {logging_mixin.py:137} INFO - [2023-01-08T21:17:29.906-0300] {dagbag.py:538} INFO - Filling up the DagBag from /home/kallox/airflow/dags/download_catnap.py
[2023-01-08T21:17:30.143-0300] {processor.py:753} INFO - DAG(s) dict_keys(['download_catnap']) retrieved from /home/kallox/airflow/dags/download_catnap.py
[2023-01-08T21:17:30.168-0300] {logging_mixin.py:137} INFO - [2023-01-08T21:17:30.168-0300] {dag.py:2676} INFO - Sync 1 DAGs
[2023-01-08T21:17:30.189-0300] {logging_mixin.py:137} INFO - [2023-01-08T21:17:30.189-0300] {dag.py:3427} INFO - Setting next_dagrun for download_catnap to 2023-01-09T00:00:00+00:00, run_after=2023-01-10T00:00:00+00:00
[2023-01-08T21:17:30.219-0300] {processor.py:175} INFO - Processing /home/kallox/airflow/dags/download_catnap.py took 0.319 seconds
[2023-01-08T21:18:05.454-0300] {processor.py:153} INFO - Started process (PID=26421) to work on /home/kallox/airflow/dags/download_catnap.py
[2023-01-08T21:18:05.465-0300] {processor.py:743} INFO - Processing file /home/kallox/airflow/dags/download_catnap.py for tasks to queue
[2023-01-08T21:18:05.466-0300] {logging_mixin.py:137} INFO - [2023-01-08T21:18:05.465-0300] {dagbag.py:538} INFO - Filling up the DagBag from /home/kallox/airflow/dags/download_catnap.py
[2023-01-08T21:18:05.782-0300] {processor.py:753} INFO - DAG(s) dict_keys(['download_catnap']) retrieved from /home/kallox/airflow/dags/download_catnap.py
[2023-01-08T21:18:05.806-0300] {logging_mixin.py:137} INFO - [2023-01-08T21:18:05.805-0300] {dag.py:2676} INFO - Sync 1 DAGs
[2023-01-08T21:18:05.823-0300] {logging_mixin.py:137} INFO - [2023-01-08T21:18:05.823-0300] {dag.py:3427} INFO - Setting next_dagrun for download_catnap to 2023-01-09T00:00:00+00:00, run_after=2023-01-10T00:00:00+00:00
[2023-01-08T21:18:05.839-0300] {processor.py:175} INFO - Processing /home/kallox/airflow/dags/download_catnap.py took 0.387 seconds
[2023-01-08T21:18:37.645-0300] {processor.py:153} INFO - Started process (PID=26520) to work on /home/kallox/airflow/dags/download_catnap.py
[2023-01-08T21:18:37.646-0300] {processor.py:743} INFO - Processing file /home/kallox/airflow/dags/download_catnap.py for tasks to queue
[2023-01-08T21:18:37.647-0300] {logging_mixin.py:137} INFO - [2023-01-08T21:18:37.646-0300] {dagbag.py:538} INFO - Filling up the DagBag from /home/kallox/airflow/dags/download_catnap.py
[2023-01-08T21:18:37.891-0300] {processor.py:753} INFO - DAG(s) dict_keys(['download_catnap']) retrieved from /home/kallox/airflow/dags/download_catnap.py
[2023-01-08T21:18:37.912-0300] {logging_mixin.py:137} INFO - [2023-01-08T21:18:37.912-0300] {dag.py:2676} INFO - Sync 1 DAGs
[2023-01-08T21:18:37.931-0300] {logging_mixin.py:137} INFO - [2023-01-08T21:18:37.930-0300] {dag.py:3427} INFO - Setting next_dagrun for download_catnap to 2023-01-09T00:00:00+00:00, run_after=2023-01-10T00:00:00+00:00
[2023-01-08T21:18:37.948-0300] {processor.py:175} INFO - Processing /home/kallox/airflow/dags/download_catnap.py took 0.305 seconds
[2023-01-08T21:19:12.522-0300] {processor.py:153} INFO - Started process (PID=26619) to work on /home/kallox/airflow/dags/download_catnap.py
[2023-01-08T21:19:12.568-0300] {processor.py:743} INFO - Processing file /home/kallox/airflow/dags/download_catnap.py for tasks to queue
[2023-01-08T21:19:12.569-0300] {logging_mixin.py:137} INFO - [2023-01-08T21:19:12.568-0300] {dagbag.py:538} INFO - Filling up the DagBag from /home/kallox/airflow/dags/download_catnap.py
[2023-01-08T21:19:12.902-0300] {processor.py:753} INFO - DAG(s) dict_keys(['download_catnap']) retrieved from /home/kallox/airflow/dags/download_catnap.py
[2023-01-08T21:19:12.960-0300] {logging_mixin.py:137} INFO - [2023-01-08T21:19:12.960-0300] {dag.py:2676} INFO - Sync 1 DAGs
[2023-01-08T21:19:12.981-0300] {logging_mixin.py:137} INFO - [2023-01-08T21:19:12.981-0300] {dag.py:3427} INFO - Setting next_dagrun for download_catnap to 2023-01-09T00:00:00+00:00, run_after=2023-01-10T00:00:00+00:00
[2023-01-08T21:19:13.172-0300] {processor.py:175} INFO - Processing /home/kallox/airflow/dags/download_catnap.py took 0.653 seconds
[2023-01-08T21:20:00.711-0300] {processor.py:153} INFO - Started process (PID=26727) to work on /home/kallox/airflow/dags/download_catnap.py
[2023-01-08T21:20:00.712-0300] {processor.py:743} INFO - Processing file /home/kallox/airflow/dags/download_catnap.py for tasks to queue
[2023-01-08T21:20:00.713-0300] {logging_mixin.py:137} INFO - [2023-01-08T21:20:00.713-0300] {dagbag.py:538} INFO - Filling up the DagBag from /home/kallox/airflow/dags/download_catnap.py
[2023-01-08T21:20:01.024-0300] {processor.py:753} INFO - DAG(s) dict_keys(['download_catnap']) retrieved from /home/kallox/airflow/dags/download_catnap.py
[2023-01-08T21:20:01.053-0300] {logging_mixin.py:137} INFO - [2023-01-08T21:20:01.052-0300] {dag.py:2676} INFO - Sync 1 DAGs
[2023-01-08T21:20:01.081-0300] {logging_mixin.py:137} INFO - [2023-01-08T21:20:01.081-0300] {dag.py:3427} INFO - Setting next_dagrun for download_catnap to 2023-01-09T00:00:00+00:00, run_after=2023-01-10T00:00:00+00:00
[2023-01-08T21:20:01.104-0300] {processor.py:175} INFO - Processing /home/kallox/airflow/dags/download_catnap.py took 0.396 seconds
[2023-01-08T21:20:33.590-0300] {processor.py:153} INFO - Started process (PID=26829) to work on /home/kallox/airflow/dags/download_catnap.py
[2023-01-08T21:20:33.590-0300] {processor.py:743} INFO - Processing file /home/kallox/airflow/dags/download_catnap.py for tasks to queue
[2023-01-08T21:20:33.591-0300] {logging_mixin.py:137} INFO - [2023-01-08T21:20:33.591-0300] {dagbag.py:538} INFO - Filling up the DagBag from /home/kallox/airflow/dags/download_catnap.py
[2023-01-08T21:20:33.821-0300] {processor.py:753} INFO - DAG(s) dict_keys(['download_catnap']) retrieved from /home/kallox/airflow/dags/download_catnap.py
[2023-01-08T21:20:33.841-0300] {logging_mixin.py:137} INFO - [2023-01-08T21:20:33.841-0300] {dag.py:2676} INFO - Sync 1 DAGs
[2023-01-08T21:20:33.859-0300] {logging_mixin.py:137} INFO - [2023-01-08T21:20:33.859-0300] {dag.py:3427} INFO - Setting next_dagrun for download_catnap to 2023-01-09T00:00:00+00:00, run_after=2023-01-10T00:00:00+00:00
[2023-01-08T21:20:33.873-0300] {processor.py:175} INFO - Processing /home/kallox/airflow/dags/download_catnap.py took 0.287 seconds
[2023-01-08T21:21:05.486-0300] {processor.py:153} INFO - Started process (PID=26921) to work on /home/kallox/airflow/dags/download_catnap.py
[2023-01-08T21:21:05.487-0300] {processor.py:743} INFO - Processing file /home/kallox/airflow/dags/download_catnap.py for tasks to queue
[2023-01-08T21:21:05.487-0300] {logging_mixin.py:137} INFO - [2023-01-08T21:21:05.487-0300] {dagbag.py:538} INFO - Filling up the DagBag from /home/kallox/airflow/dags/download_catnap.py
[2023-01-08T21:21:05.702-0300] {processor.py:753} INFO - DAG(s) dict_keys(['download_catnap']) retrieved from /home/kallox/airflow/dags/download_catnap.py
[2023-01-08T21:21:05.723-0300] {logging_mixin.py:137} INFO - [2023-01-08T21:21:05.723-0300] {dag.py:2676} INFO - Sync 1 DAGs
[2023-01-08T21:21:05.741-0300] {logging_mixin.py:137} INFO - [2023-01-08T21:21:05.741-0300] {dag.py:3427} INFO - Setting next_dagrun for download_catnap to 2023-01-09T00:00:00+00:00, run_after=2023-01-10T00:00:00+00:00
[2023-01-08T21:21:05.756-0300] {processor.py:175} INFO - Processing /home/kallox/airflow/dags/download_catnap.py took 0.273 seconds
[2023-01-08T21:21:39.399-0300] {processor.py:153} INFO - Started process (PID=27013) to work on /home/kallox/airflow/dags/download_catnap.py
[2023-01-08T21:21:39.399-0300] {processor.py:743} INFO - Processing file /home/kallox/airflow/dags/download_catnap.py for tasks to queue
[2023-01-08T21:21:39.400-0300] {logging_mixin.py:137} INFO - [2023-01-08T21:21:39.400-0300] {dagbag.py:538} INFO - Filling up the DagBag from /home/kallox/airflow/dags/download_catnap.py
[2023-01-08T21:21:39.618-0300] {processor.py:753} INFO - DAG(s) dict_keys(['download_catnap']) retrieved from /home/kallox/airflow/dags/download_catnap.py
[2023-01-08T21:21:39.639-0300] {logging_mixin.py:137} INFO - [2023-01-08T21:21:39.639-0300] {dag.py:2676} INFO - Sync 1 DAGs
[2023-01-08T21:21:39.657-0300] {logging_mixin.py:137} INFO - [2023-01-08T21:21:39.657-0300] {dag.py:3427} INFO - Setting next_dagrun for download_catnap to 2023-01-09T00:00:00+00:00, run_after=2023-01-10T00:00:00+00:00
[2023-01-08T21:21:39.672-0300] {processor.py:175} INFO - Processing /home/kallox/airflow/dags/download_catnap.py took 0.275 seconds
[2023-01-08T21:22:10.623-0300] {processor.py:153} INFO - Started process (PID=27105) to work on /home/kallox/airflow/dags/download_catnap.py
[2023-01-08T21:22:10.624-0300] {processor.py:743} INFO - Processing file /home/kallox/airflow/dags/download_catnap.py for tasks to queue
[2023-01-08T21:22:10.624-0300] {logging_mixin.py:137} INFO - [2023-01-08T21:22:10.624-0300] {dagbag.py:538} INFO - Filling up the DagBag from /home/kallox/airflow/dags/download_catnap.py
[2023-01-08T21:22:10.862-0300] {processor.py:753} INFO - DAG(s) dict_keys(['download_catnap']) retrieved from /home/kallox/airflow/dags/download_catnap.py
[2023-01-08T21:22:10.886-0300] {logging_mixin.py:137} INFO - [2023-01-08T21:22:10.886-0300] {dag.py:2676} INFO - Sync 1 DAGs
[2023-01-08T21:22:10.907-0300] {logging_mixin.py:137} INFO - [2023-01-08T21:22:10.906-0300] {dag.py:3427} INFO - Setting next_dagrun for download_catnap to 2023-01-09T00:00:00+00:00, run_after=2023-01-10T00:00:00+00:00
[2023-01-08T21:22:10.928-0300] {processor.py:175} INFO - Processing /home/kallox/airflow/dags/download_catnap.py took 0.307 seconds
[2023-01-08T21:22:42.008-0300] {processor.py:153} INFO - Started process (PID=27203) to work on /home/kallox/airflow/dags/download_catnap.py
[2023-01-08T21:22:42.010-0300] {processor.py:743} INFO - Processing file /home/kallox/airflow/dags/download_catnap.py for tasks to queue
[2023-01-08T21:22:42.010-0300] {logging_mixin.py:137} INFO - [2023-01-08T21:22:42.010-0300] {dagbag.py:538} INFO - Filling up the DagBag from /home/kallox/airflow/dags/download_catnap.py
[2023-01-08T21:22:42.260-0300] {processor.py:753} INFO - DAG(s) dict_keys(['download_catnap']) retrieved from /home/kallox/airflow/dags/download_catnap.py
[2023-01-08T21:22:42.286-0300] {logging_mixin.py:137} INFO - [2023-01-08T21:22:42.286-0300] {dag.py:2676} INFO - Sync 1 DAGs
[2023-01-08T21:22:42.311-0300] {logging_mixin.py:137} INFO - [2023-01-08T21:22:42.311-0300] {dag.py:3427} INFO - Setting next_dagrun for download_catnap to 2023-01-09T00:00:00+00:00, run_after=2023-01-10T00:00:00+00:00
[2023-01-08T21:22:42.328-0300] {processor.py:175} INFO - Processing /home/kallox/airflow/dags/download_catnap.py took 0.322 seconds
[2023-01-08T21:23:16.290-0300] {processor.py:153} INFO - Started process (PID=27305) to work on /home/kallox/airflow/dags/download_catnap.py
[2023-01-08T21:23:16.290-0300] {processor.py:743} INFO - Processing file /home/kallox/airflow/dags/download_catnap.py for tasks to queue
[2023-01-08T21:23:16.291-0300] {logging_mixin.py:137} INFO - [2023-01-08T21:23:16.291-0300] {dagbag.py:538} INFO - Filling up the DagBag from /home/kallox/airflow/dags/download_catnap.py
[2023-01-08T21:23:16.523-0300] {processor.py:753} INFO - DAG(s) dict_keys(['download_catnap']) retrieved from /home/kallox/airflow/dags/download_catnap.py
[2023-01-08T21:23:16.546-0300] {logging_mixin.py:137} INFO - [2023-01-08T21:23:16.546-0300] {dag.py:2676} INFO - Sync 1 DAGs
[2023-01-08T21:23:16.566-0300] {logging_mixin.py:137} INFO - [2023-01-08T21:23:16.566-0300] {dag.py:3427} INFO - Setting next_dagrun for download_catnap to 2023-01-09T00:00:00+00:00, run_after=2023-01-10T00:00:00+00:00
[2023-01-08T21:23:16.599-0300] {processor.py:175} INFO - Processing /home/kallox/airflow/dags/download_catnap.py took 0.311 seconds
[2023-01-08T21:23:48.895-0300] {processor.py:153} INFO - Started process (PID=27402) to work on /home/kallox/airflow/dags/download_catnap.py
[2023-01-08T21:23:48.905-0300] {processor.py:743} INFO - Processing file /home/kallox/airflow/dags/download_catnap.py for tasks to queue
[2023-01-08T21:23:48.906-0300] {logging_mixin.py:137} INFO - [2023-01-08T21:23:48.906-0300] {dagbag.py:538} INFO - Filling up the DagBag from /home/kallox/airflow/dags/download_catnap.py
[2023-01-08T21:23:49.158-0300] {processor.py:753} INFO - DAG(s) dict_keys(['download_catnap']) retrieved from /home/kallox/airflow/dags/download_catnap.py
[2023-01-08T21:23:49.178-0300] {logging_mixin.py:137} INFO - [2023-01-08T21:23:49.178-0300] {dag.py:2676} INFO - Sync 1 DAGs
[2023-01-08T21:23:49.196-0300] {logging_mixin.py:137} INFO - [2023-01-08T21:23:49.196-0300] {dag.py:3427} INFO - Setting next_dagrun for download_catnap to 2023-01-09T00:00:00+00:00, run_after=2023-01-10T00:00:00+00:00
[2023-01-08T21:23:49.211-0300] {processor.py:175} INFO - Processing /home/kallox/airflow/dags/download_catnap.py took 0.318 seconds
[2023-01-08T21:24:19.956-0300] {processor.py:153} INFO - Started process (PID=27504) to work on /home/kallox/airflow/dags/download_catnap.py
[2023-01-08T21:24:19.957-0300] {processor.py:743} INFO - Processing file /home/kallox/airflow/dags/download_catnap.py for tasks to queue
[2023-01-08T21:24:19.957-0300] {logging_mixin.py:137} INFO - [2023-01-08T21:24:19.957-0300] {dagbag.py:538} INFO - Filling up the DagBag from /home/kallox/airflow/dags/download_catnap.py
[2023-01-08T21:24:20.212-0300] {processor.py:753} INFO - DAG(s) dict_keys(['download_catnap']) retrieved from /home/kallox/airflow/dags/download_catnap.py
[2023-01-08T21:24:20.235-0300] {logging_mixin.py:137} INFO - [2023-01-08T21:24:20.235-0300] {dag.py:2676} INFO - Sync 1 DAGs
[2023-01-08T21:24:20.253-0300] {logging_mixin.py:137} INFO - [2023-01-08T21:24:20.253-0300] {dag.py:3427} INFO - Setting next_dagrun for download_catnap to 2023-01-09T00:00:00+00:00, run_after=2023-01-10T00:00:00+00:00
[2023-01-08T21:24:20.267-0300] {processor.py:175} INFO - Processing /home/kallox/airflow/dags/download_catnap.py took 0.313 seconds
[2023-01-08T21:24:53.228-0300] {processor.py:153} INFO - Started process (PID=27587) to work on /home/kallox/airflow/dags/download_catnap.py
[2023-01-08T21:24:53.229-0300] {processor.py:743} INFO - Processing file /home/kallox/airflow/dags/download_catnap.py for tasks to queue
[2023-01-08T21:24:53.229-0300] {logging_mixin.py:137} INFO - [2023-01-08T21:24:53.229-0300] {dagbag.py:538} INFO - Filling up the DagBag from /home/kallox/airflow/dags/download_catnap.py
[2023-01-08T21:24:53.463-0300] {processor.py:753} INFO - DAG(s) dict_keys(['download_catnap']) retrieved from /home/kallox/airflow/dags/download_catnap.py
[2023-01-08T21:24:53.487-0300] {logging_mixin.py:137} INFO - [2023-01-08T21:24:53.487-0300] {dag.py:2676} INFO - Sync 1 DAGs
[2023-01-08T21:24:53.506-0300] {logging_mixin.py:137} INFO - [2023-01-08T21:24:53.506-0300] {dag.py:3427} INFO - Setting next_dagrun for download_catnap to 2023-01-09T00:00:00+00:00, run_after=2023-01-10T00:00:00+00:00
[2023-01-08T21:24:53.521-0300] {processor.py:175} INFO - Processing /home/kallox/airflow/dags/download_catnap.py took 0.295 seconds
[2023-01-08T21:25:23.869-0300] {processor.py:153} INFO - Started process (PID=27676) to work on /home/kallox/airflow/dags/download_catnap.py
[2023-01-08T21:25:23.870-0300] {processor.py:743} INFO - Processing file /home/kallox/airflow/dags/download_catnap.py for tasks to queue
[2023-01-08T21:25:23.870-0300] {logging_mixin.py:137} INFO - [2023-01-08T21:25:23.870-0300] {dagbag.py:538} INFO - Filling up the DagBag from /home/kallox/airflow/dags/download_catnap.py
[2023-01-08T21:25:24.088-0300] {processor.py:753} INFO - DAG(s) dict_keys(['download_catnap']) retrieved from /home/kallox/airflow/dags/download_catnap.py
[2023-01-08T21:25:24.109-0300] {logging_mixin.py:137} INFO - [2023-01-08T21:25:24.109-0300] {dag.py:2676} INFO - Sync 1 DAGs
[2023-01-08T21:25:24.126-0300] {logging_mixin.py:137} INFO - [2023-01-08T21:25:24.126-0300] {dag.py:3427} INFO - Setting next_dagrun for download_catnap to 2023-01-09T00:00:00+00:00, run_after=2023-01-10T00:00:00+00:00
[2023-01-08T21:25:24.141-0300] {processor.py:175} INFO - Processing /home/kallox/airflow/dags/download_catnap.py took 0.274 seconds
[2023-01-08T21:25:54.257-0300] {processor.py:153} INFO - Started process (PID=27757) to work on /home/kallox/airflow/dags/download_catnap.py
[2023-01-08T21:25:54.257-0300] {processor.py:743} INFO - Processing file /home/kallox/airflow/dags/download_catnap.py for tasks to queue
[2023-01-08T21:25:54.258-0300] {logging_mixin.py:137} INFO - [2023-01-08T21:25:54.258-0300] {dagbag.py:538} INFO - Filling up the DagBag from /home/kallox/airflow/dags/download_catnap.py
[2023-01-08T21:25:54.468-0300] {processor.py:753} INFO - DAG(s) dict_keys(['download_catnap']) retrieved from /home/kallox/airflow/dags/download_catnap.py
[2023-01-08T21:25:54.491-0300] {logging_mixin.py:137} INFO - [2023-01-08T21:25:54.491-0300] {dag.py:2676} INFO - Sync 1 DAGs
[2023-01-08T21:25:54.510-0300] {logging_mixin.py:137} INFO - [2023-01-08T21:25:54.510-0300] {dag.py:3427} INFO - Setting next_dagrun for download_catnap to 2023-01-09T00:00:00+00:00, run_after=2023-01-10T00:00:00+00:00
[2023-01-08T21:25:54.525-0300] {processor.py:175} INFO - Processing /home/kallox/airflow/dags/download_catnap.py took 0.270 seconds
[2023-01-08T21:26:24.721-0300] {processor.py:153} INFO - Started process (PID=27831) to work on /home/kallox/airflow/dags/download_catnap.py
[2023-01-08T21:26:24.722-0300] {processor.py:743} INFO - Processing file /home/kallox/airflow/dags/download_catnap.py for tasks to queue
[2023-01-08T21:26:24.722-0300] {logging_mixin.py:137} INFO - [2023-01-08T21:26:24.722-0300] {dagbag.py:538} INFO - Filling up the DagBag from /home/kallox/airflow/dags/download_catnap.py
[2023-01-08T21:26:24.935-0300] {processor.py:753} INFO - DAG(s) dict_keys(['download_catnap']) retrieved from /home/kallox/airflow/dags/download_catnap.py
[2023-01-08T21:26:24.957-0300] {logging_mixin.py:137} INFO - [2023-01-08T21:26:24.957-0300] {dag.py:2676} INFO - Sync 1 DAGs
[2023-01-08T21:26:24.976-0300] {logging_mixin.py:137} INFO - [2023-01-08T21:26:24.976-0300] {dag.py:3427} INFO - Setting next_dagrun for download_catnap to 2023-01-09T00:00:00+00:00, run_after=2023-01-10T00:00:00+00:00
[2023-01-08T21:26:24.992-0300] {processor.py:175} INFO - Processing /home/kallox/airflow/dags/download_catnap.py took 0.273 seconds
[2023-01-08T21:26:55.194-0300] {processor.py:153} INFO - Started process (PID=27908) to work on /home/kallox/airflow/dags/download_catnap.py
[2023-01-08T21:26:55.194-0300] {processor.py:743} INFO - Processing file /home/kallox/airflow/dags/download_catnap.py for tasks to queue
[2023-01-08T21:26:55.195-0300] {logging_mixin.py:137} INFO - [2023-01-08T21:26:55.195-0300] {dagbag.py:538} INFO - Filling up the DagBag from /home/kallox/airflow/dags/download_catnap.py
[2023-01-08T21:26:55.406-0300] {processor.py:753} INFO - DAG(s) dict_keys(['download_catnap']) retrieved from /home/kallox/airflow/dags/download_catnap.py
[2023-01-08T21:26:55.429-0300] {logging_mixin.py:137} INFO - [2023-01-08T21:26:55.429-0300] {dag.py:2676} INFO - Sync 1 DAGs
[2023-01-08T21:26:55.448-0300] {logging_mixin.py:137} INFO - [2023-01-08T21:26:55.447-0300] {dag.py:3427} INFO - Setting next_dagrun for download_catnap to 2023-01-09T00:00:00+00:00, run_after=2023-01-10T00:00:00+00:00
[2023-01-08T21:26:55.472-0300] {processor.py:175} INFO - Processing /home/kallox/airflow/dags/download_catnap.py took 0.280 seconds
[2023-01-08T21:27:25.715-0300] {processor.py:153} INFO - Started process (PID=27985) to work on /home/kallox/airflow/dags/download_catnap.py
[2023-01-08T21:27:25.716-0300] {processor.py:743} INFO - Processing file /home/kallox/airflow/dags/download_catnap.py for tasks to queue
[2023-01-08T21:27:25.716-0300] {logging_mixin.py:137} INFO - [2023-01-08T21:27:25.716-0300] {dagbag.py:538} INFO - Filling up the DagBag from /home/kallox/airflow/dags/download_catnap.py
[2023-01-08T21:27:25.926-0300] {processor.py:753} INFO - DAG(s) dict_keys(['download_catnap']) retrieved from /home/kallox/airflow/dags/download_catnap.py
[2023-01-08T21:27:25.947-0300] {logging_mixin.py:137} INFO - [2023-01-08T21:27:25.947-0300] {dag.py:2676} INFO - Sync 1 DAGs
[2023-01-08T21:27:25.965-0300] {logging_mixin.py:137} INFO - [2023-01-08T21:27:25.965-0300] {dag.py:3427} INFO - Setting next_dagrun for download_catnap to 2023-01-09T00:00:00+00:00, run_after=2023-01-10T00:00:00+00:00
[2023-01-08T21:27:25.987-0300] {processor.py:175} INFO - Processing /home/kallox/airflow/dags/download_catnap.py took 0.274 seconds
[2023-01-08T21:27:45.663-0300] {processor.py:153} INFO - Started process (PID=28222) to work on /home/kallox/airflow/dags/download_catnap.py
[2023-01-08T21:27:45.664-0300] {processor.py:743} INFO - Processing file /home/kallox/airflow/dags/download_catnap.py for tasks to queue
[2023-01-08T21:27:45.665-0300] {logging_mixin.py:137} INFO - [2023-01-08T21:27:45.664-0300] {dagbag.py:538} INFO - Filling up the DagBag from /home/kallox/airflow/dags/download_catnap.py
[2023-01-08T21:27:45.779-0300] {processor.py:753} INFO - DAG(s) dict_keys(['download_catnap']) retrieved from /home/kallox/airflow/dags/download_catnap.py
[2023-01-08T21:27:45.889-0300] {logging_mixin.py:137} INFO - [2023-01-08T21:27:45.889-0300] {dag.py:2676} INFO - Sync 1 DAGs
[2023-01-08T21:27:45.907-0300] {logging_mixin.py:137} INFO - [2023-01-08T21:27:45.907-0300] {dag.py:3427} INFO - Setting next_dagrun for download_catnap to 2023-01-09T00:00:00+00:00, run_after=2023-01-10T00:00:00+00:00
[2023-01-08T21:27:45.922-0300] {processor.py:175} INFO - Processing /home/kallox/airflow/dags/download_catnap.py took 0.260 seconds
[2023-01-08T21:28:16.575-0300] {processor.py:153} INFO - Started process (PID=28302) to work on /home/kallox/airflow/dags/download_catnap.py
[2023-01-08T21:28:16.576-0300] {processor.py:743} INFO - Processing file /home/kallox/airflow/dags/download_catnap.py for tasks to queue
[2023-01-08T21:28:16.576-0300] {logging_mixin.py:137} INFO - [2023-01-08T21:28:16.576-0300] {dagbag.py:538} INFO - Filling up the DagBag from /home/kallox/airflow/dags/download_catnap.py
[2023-01-08T21:28:16.764-0300] {processor.py:753} INFO - DAG(s) dict_keys(['download_catnap']) retrieved from /home/kallox/airflow/dags/download_catnap.py
[2023-01-08T21:28:16.787-0300] {logging_mixin.py:137} INFO - [2023-01-08T21:28:16.787-0300] {dag.py:2676} INFO - Sync 1 DAGs
[2023-01-08T21:28:16.805-0300] {logging_mixin.py:137} INFO - [2023-01-08T21:28:16.805-0300] {dag.py:3427} INFO - Setting next_dagrun for download_catnap to 2023-01-09T00:00:00+00:00, run_after=2023-01-10T00:00:00+00:00
[2023-01-08T21:28:16.827-0300] {processor.py:175} INFO - Processing /home/kallox/airflow/dags/download_catnap.py took 0.253 seconds
[2023-01-08T21:28:47.030-0300] {processor.py:153} INFO - Started process (PID=28389) to work on /home/kallox/airflow/dags/download_catnap.py
[2023-01-08T21:28:47.031-0300] {processor.py:743} INFO - Processing file /home/kallox/airflow/dags/download_catnap.py for tasks to queue
[2023-01-08T21:28:47.031-0300] {logging_mixin.py:137} INFO - [2023-01-08T21:28:47.031-0300] {dagbag.py:538} INFO - Filling up the DagBag from /home/kallox/airflow/dags/download_catnap.py
[2023-01-08T21:28:47.145-0300] {processor.py:753} INFO - DAG(s) dict_keys(['download_catnap']) retrieved from /home/kallox/airflow/dags/download_catnap.py
[2023-01-08T21:28:47.169-0300] {logging_mixin.py:137} INFO - [2023-01-08T21:28:47.169-0300] {dag.py:2676} INFO - Sync 1 DAGs
[2023-01-08T21:28:47.265-0300] {logging_mixin.py:137} INFO - [2023-01-08T21:28:47.265-0300] {dag.py:3427} INFO - Setting next_dagrun for download_catnap to 2023-01-09T00:00:00+00:00, run_after=2023-01-10T00:00:00+00:00
[2023-01-08T21:28:47.290-0300] {processor.py:175} INFO - Processing /home/kallox/airflow/dags/download_catnap.py took 0.262 seconds
[2023-01-08T21:29:17.483-0300] {processor.py:153} INFO - Started process (PID=28468) to work on /home/kallox/airflow/dags/download_catnap.py
[2023-01-08T21:29:17.483-0300] {processor.py:743} INFO - Processing file /home/kallox/airflow/dags/download_catnap.py for tasks to queue
[2023-01-08T21:29:17.484-0300] {logging_mixin.py:137} INFO - [2023-01-08T21:29:17.484-0300] {dagbag.py:538} INFO - Filling up the DagBag from /home/kallox/airflow/dags/download_catnap.py
[2023-01-08T21:29:17.591-0300] {processor.py:753} INFO - DAG(s) dict_keys(['download_catnap']) retrieved from /home/kallox/airflow/dags/download_catnap.py
[2023-01-08T21:29:17.613-0300] {logging_mixin.py:137} INFO - [2023-01-08T21:29:17.613-0300] {dag.py:2676} INFO - Sync 1 DAGs
[2023-01-08T21:29:17.715-0300] {logging_mixin.py:137} INFO - [2023-01-08T21:29:17.714-0300] {dag.py:3427} INFO - Setting next_dagrun for download_catnap to 2023-01-09T00:00:00+00:00, run_after=2023-01-10T00:00:00+00:00
[2023-01-08T21:29:17.730-0300] {processor.py:175} INFO - Processing /home/kallox/airflow/dags/download_catnap.py took 0.250 seconds
[2023-01-08T21:29:48.388-0300] {processor.py:153} INFO - Started process (PID=28550) to work on /home/kallox/airflow/dags/download_catnap.py
[2023-01-08T21:29:48.388-0300] {processor.py:743} INFO - Processing file /home/kallox/airflow/dags/download_catnap.py for tasks to queue
[2023-01-08T21:29:48.389-0300] {logging_mixin.py:137} INFO - [2023-01-08T21:29:48.389-0300] {dagbag.py:538} INFO - Filling up the DagBag from /home/kallox/airflow/dags/download_catnap.py
[2023-01-08T21:29:48.499-0300] {processor.py:753} INFO - DAG(s) dict_keys(['download_catnap']) retrieved from /home/kallox/airflow/dags/download_catnap.py
[2023-01-08T21:29:48.523-0300] {logging_mixin.py:137} INFO - [2023-01-08T21:29:48.523-0300] {dag.py:2676} INFO - Sync 1 DAGs
[2023-01-08T21:29:48.631-0300] {logging_mixin.py:137} INFO - [2023-01-08T21:29:48.630-0300] {dag.py:3427} INFO - Setting next_dagrun for download_catnap to 2023-01-09T00:00:00+00:00, run_after=2023-01-10T00:00:00+00:00
[2023-01-08T21:29:48.656-0300] {processor.py:175} INFO - Processing /home/kallox/airflow/dags/download_catnap.py took 0.271 seconds
[2023-01-08T21:30:19.098-0300] {processor.py:153} INFO - Started process (PID=28631) to work on /home/kallox/airflow/dags/download_catnap.py
[2023-01-08T21:30:19.098-0300] {processor.py:743} INFO - Processing file /home/kallox/airflow/dags/download_catnap.py for tasks to queue
[2023-01-08T21:30:19.099-0300] {logging_mixin.py:137} INFO - [2023-01-08T21:30:19.099-0300] {dagbag.py:538} INFO - Filling up the DagBag from /home/kallox/airflow/dags/download_catnap.py
[2023-01-08T21:30:19.208-0300] {processor.py:753} INFO - DAG(s) dict_keys(['download_catnap']) retrieved from /home/kallox/airflow/dags/download_catnap.py
[2023-01-08T21:30:19.315-0300] {logging_mixin.py:137} INFO - [2023-01-08T21:30:19.315-0300] {dag.py:2676} INFO - Sync 1 DAGs
[2023-01-08T21:30:19.332-0300] {logging_mixin.py:137} INFO - [2023-01-08T21:30:19.331-0300] {dag.py:3427} INFO - Setting next_dagrun for download_catnap to 2023-01-09T00:00:00+00:00, run_after=2023-01-10T00:00:00+00:00
[2023-01-08T21:30:19.349-0300] {processor.py:175} INFO - Processing /home/kallox/airflow/dags/download_catnap.py took 0.253 seconds
[2023-01-08T21:30:50.055-0300] {processor.py:153} INFO - Started process (PID=28715) to work on /home/kallox/airflow/dags/download_catnap.py
[2023-01-08T21:30:50.056-0300] {processor.py:743} INFO - Processing file /home/kallox/airflow/dags/download_catnap.py for tasks to queue
[2023-01-08T21:30:50.057-0300] {logging_mixin.py:137} INFO - [2023-01-08T21:30:50.056-0300] {dagbag.py:538} INFO - Filling up the DagBag from /home/kallox/airflow/dags/download_catnap.py
[2023-01-08T21:30:50.169-0300] {processor.py:753} INFO - DAG(s) dict_keys(['download_catnap']) retrieved from /home/kallox/airflow/dags/download_catnap.py
[2023-01-08T21:30:50.270-0300] {logging_mixin.py:137} INFO - [2023-01-08T21:30:50.270-0300] {dag.py:2676} INFO - Sync 1 DAGs
[2023-01-08T21:30:50.296-0300] {logging_mixin.py:137} INFO - [2023-01-08T21:30:50.296-0300] {dag.py:3427} INFO - Setting next_dagrun for download_catnap to 2023-01-09T00:00:00+00:00, run_after=2023-01-10T00:00:00+00:00
[2023-01-08T21:30:50.312-0300] {processor.py:175} INFO - Processing /home/kallox/airflow/dags/download_catnap.py took 0.258 seconds
[2023-01-08T21:31:20.778-0300] {processor.py:153} INFO - Started process (PID=28791) to work on /home/kallox/airflow/dags/download_catnap.py
[2023-01-08T21:31:20.779-0300] {processor.py:743} INFO - Processing file /home/kallox/airflow/dags/download_catnap.py for tasks to queue
[2023-01-08T21:31:20.779-0300] {logging_mixin.py:137} INFO - [2023-01-08T21:31:20.779-0300] {dagbag.py:538} INFO - Filling up the DagBag from /home/kallox/airflow/dags/download_catnap.py
[2023-01-08T21:31:20.990-0300] {processor.py:753} INFO - DAG(s) dict_keys(['download_catnap']) retrieved from /home/kallox/airflow/dags/download_catnap.py
[2023-01-08T21:31:21.010-0300] {logging_mixin.py:137} INFO - [2023-01-08T21:31:21.010-0300] {dag.py:2676} INFO - Sync 1 DAGs
[2023-01-08T21:31:21.026-0300] {logging_mixin.py:137} INFO - [2023-01-08T21:31:21.026-0300] {dag.py:3427} INFO - Setting next_dagrun for download_catnap to 2023-01-09T00:00:00+00:00, run_after=2023-01-10T00:00:00+00:00
[2023-01-08T21:31:21.042-0300] {processor.py:175} INFO - Processing /home/kallox/airflow/dags/download_catnap.py took 0.267 seconds
[2023-01-08T21:31:51.699-0300] {processor.py:153} INFO - Started process (PID=28871) to work on /home/kallox/airflow/dags/download_catnap.py
[2023-01-08T21:31:51.700-0300] {processor.py:743} INFO - Processing file /home/kallox/airflow/dags/download_catnap.py for tasks to queue
[2023-01-08T21:31:51.700-0300] {logging_mixin.py:137} INFO - [2023-01-08T21:31:51.700-0300] {dagbag.py:538} INFO - Filling up the DagBag from /home/kallox/airflow/dags/download_catnap.py
[2023-01-08T21:31:51.895-0300] {processor.py:753} INFO - DAG(s) dict_keys(['download_catnap']) retrieved from /home/kallox/airflow/dags/download_catnap.py
[2023-01-08T21:31:51.918-0300] {logging_mixin.py:137} INFO - [2023-01-08T21:31:51.918-0300] {dag.py:2676} INFO - Sync 1 DAGs
[2023-01-08T21:31:51.937-0300] {logging_mixin.py:137} INFO - [2023-01-08T21:31:51.937-0300] {dag.py:3427} INFO - Setting next_dagrun for download_catnap to 2023-01-09T00:00:00+00:00, run_after=2023-01-10T00:00:00+00:00
[2023-01-08T21:31:51.960-0300] {processor.py:175} INFO - Processing /home/kallox/airflow/dags/download_catnap.py took 0.263 seconds
[2023-01-08T21:32:22.165-0300] {processor.py:153} INFO - Started process (PID=28958) to work on /home/kallox/airflow/dags/download_catnap.py
[2023-01-08T21:32:22.165-0300] {processor.py:743} INFO - Processing file /home/kallox/airflow/dags/download_catnap.py for tasks to queue
[2023-01-08T21:32:22.166-0300] {logging_mixin.py:137} INFO - [2023-01-08T21:32:22.166-0300] {dagbag.py:538} INFO - Filling up the DagBag from /home/kallox/airflow/dags/download_catnap.py
[2023-01-08T21:32:22.275-0300] {processor.py:753} INFO - DAG(s) dict_keys(['download_catnap']) retrieved from /home/kallox/airflow/dags/download_catnap.py
[2023-01-08T21:32:22.297-0300] {logging_mixin.py:137} INFO - [2023-01-08T21:32:22.297-0300] {dag.py:2676} INFO - Sync 1 DAGs
[2023-01-08T21:32:22.392-0300] {logging_mixin.py:137} INFO - [2023-01-08T21:32:22.392-0300] {dag.py:3427} INFO - Setting next_dagrun for download_catnap to 2023-01-09T00:00:00+00:00, run_after=2023-01-10T00:00:00+00:00
[2023-01-08T21:32:22.412-0300] {processor.py:175} INFO - Processing /home/kallox/airflow/dags/download_catnap.py took 0.249 seconds
[2023-01-08T21:32:53.035-0300] {processor.py:153} INFO - Started process (PID=29029) to work on /home/kallox/airflow/dags/download_catnap.py
[2023-01-08T21:32:53.036-0300] {processor.py:743} INFO - Processing file /home/kallox/airflow/dags/download_catnap.py for tasks to queue
[2023-01-08T21:32:53.036-0300] {logging_mixin.py:137} INFO - [2023-01-08T21:32:53.036-0300] {dagbag.py:538} INFO - Filling up the DagBag from /home/kallox/airflow/dags/download_catnap.py
[2023-01-08T21:32:53.146-0300] {processor.py:753} INFO - DAG(s) dict_keys(['download_catnap']) retrieved from /home/kallox/airflow/dags/download_catnap.py
[2023-01-08T21:32:53.255-0300] {logging_mixin.py:137} INFO - [2023-01-08T21:32:53.255-0300] {dag.py:2676} INFO - Sync 1 DAGs
[2023-01-08T21:32:53.274-0300] {logging_mixin.py:137} INFO - [2023-01-08T21:32:53.274-0300] {dag.py:3427} INFO - Setting next_dagrun for download_catnap to 2023-01-09T00:00:00+00:00, run_after=2023-01-10T00:00:00+00:00
[2023-01-08T21:32:53.287-0300] {processor.py:175} INFO - Processing /home/kallox/airflow/dags/download_catnap.py took 0.254 seconds
[2023-01-08T21:33:23.966-0300] {processor.py:153} INFO - Started process (PID=29113) to work on /home/kallox/airflow/dags/download_catnap.py
[2023-01-08T21:33:23.966-0300] {processor.py:743} INFO - Processing file /home/kallox/airflow/dags/download_catnap.py for tasks to queue
[2023-01-08T21:33:23.966-0300] {logging_mixin.py:137} INFO - [2023-01-08T21:33:23.966-0300] {dagbag.py:538} INFO - Filling up the DagBag from /home/kallox/airflow/dags/download_catnap.py
[2023-01-08T21:33:24.079-0300] {processor.py:753} INFO - DAG(s) dict_keys(['download_catnap']) retrieved from /home/kallox/airflow/dags/download_catnap.py
[2023-01-08T21:33:24.182-0300] {logging_mixin.py:137} INFO - [2023-01-08T21:33:24.182-0300] {dag.py:2676} INFO - Sync 1 DAGs
[2023-01-08T21:33:24.200-0300] {logging_mixin.py:137} INFO - [2023-01-08T21:33:24.200-0300] {dag.py:3427} INFO - Setting next_dagrun for download_catnap to 2023-01-09T00:00:00+00:00, run_after=2023-01-10T00:00:00+00:00
[2023-01-08T21:33:24.214-0300] {processor.py:175} INFO - Processing /home/kallox/airflow/dags/download_catnap.py took 0.250 seconds
[2023-01-08T21:33:54.447-0300] {processor.py:153} INFO - Started process (PID=29195) to work on /home/kallox/airflow/dags/download_catnap.py
[2023-01-08T21:33:54.448-0300] {processor.py:743} INFO - Processing file /home/kallox/airflow/dags/download_catnap.py for tasks to queue
[2023-01-08T21:33:54.448-0300] {logging_mixin.py:137} INFO - [2023-01-08T21:33:54.448-0300] {dagbag.py:538} INFO - Filling up the DagBag from /home/kallox/airflow/dags/download_catnap.py
[2023-01-08T21:33:54.637-0300] {processor.py:753} INFO - DAG(s) dict_keys(['download_catnap']) retrieved from /home/kallox/airflow/dags/download_catnap.py
[2023-01-08T21:33:54.658-0300] {logging_mixin.py:137} INFO - [2023-01-08T21:33:54.658-0300] {dag.py:2676} INFO - Sync 1 DAGs
[2023-01-08T21:33:54.675-0300] {logging_mixin.py:137} INFO - [2023-01-08T21:33:54.675-0300] {dag.py:3427} INFO - Setting next_dagrun for download_catnap to 2023-01-09T00:00:00+00:00, run_after=2023-01-10T00:00:00+00:00
[2023-01-08T21:33:54.689-0300] {processor.py:175} INFO - Processing /home/kallox/airflow/dags/download_catnap.py took 0.243 seconds
[2023-01-08T21:34:24.985-0300] {processor.py:153} INFO - Started process (PID=29277) to work on /home/kallox/airflow/dags/download_catnap.py
[2023-01-08T21:34:24.986-0300] {processor.py:743} INFO - Processing file /home/kallox/airflow/dags/download_catnap.py for tasks to queue
[2023-01-08T21:34:24.987-0300] {logging_mixin.py:137} INFO - [2023-01-08T21:34:24.986-0300] {dagbag.py:538} INFO - Filling up the DagBag from /home/kallox/airflow/dags/download_catnap.py
[2023-01-08T21:34:25.191-0300] {processor.py:753} INFO - DAG(s) dict_keys(['download_catnap']) retrieved from /home/kallox/airflow/dags/download_catnap.py
[2023-01-08T21:34:25.212-0300] {logging_mixin.py:137} INFO - [2023-01-08T21:34:25.211-0300] {dag.py:2676} INFO - Sync 1 DAGs
[2023-01-08T21:34:25.230-0300] {logging_mixin.py:137} INFO - [2023-01-08T21:34:25.230-0300] {dag.py:3427} INFO - Setting next_dagrun for download_catnap to 2023-01-09T00:00:00+00:00, run_after=2023-01-10T00:00:00+00:00
[2023-01-08T21:34:25.251-0300] {processor.py:175} INFO - Processing /home/kallox/airflow/dags/download_catnap.py took 0.269 seconds
[2023-01-08T21:34:55.563-0300] {processor.py:153} INFO - Started process (PID=29367) to work on /home/kallox/airflow/dags/download_catnap.py
[2023-01-08T21:34:55.564-0300] {processor.py:743} INFO - Processing file /home/kallox/airflow/dags/download_catnap.py for tasks to queue
[2023-01-08T21:34:55.564-0300] {logging_mixin.py:137} INFO - [2023-01-08T21:34:55.564-0300] {dagbag.py:538} INFO - Filling up the DagBag from /home/kallox/airflow/dags/download_catnap.py
[2023-01-08T21:34:55.678-0300] {processor.py:753} INFO - DAG(s) dict_keys(['download_catnap']) retrieved from /home/kallox/airflow/dags/download_catnap.py
[2023-01-08T21:34:55.699-0300] {logging_mixin.py:137} INFO - [2023-01-08T21:34:55.699-0300] {dag.py:2676} INFO - Sync 1 DAGs
[2023-01-08T21:34:55.798-0300] {logging_mixin.py:137} INFO - [2023-01-08T21:34:55.798-0300] {dag.py:3427} INFO - Setting next_dagrun for download_catnap to 2023-01-09T00:00:00+00:00, run_after=2023-01-10T00:00:00+00:00
[2023-01-08T21:34:55.812-0300] {processor.py:175} INFO - Processing /home/kallox/airflow/dags/download_catnap.py took 0.251 seconds
[2023-01-08T21:35:26.089-0300] {processor.py:153} INFO - Started process (PID=29453) to work on /home/kallox/airflow/dags/download_catnap.py
[2023-01-08T21:35:26.090-0300] {processor.py:743} INFO - Processing file /home/kallox/airflow/dags/download_catnap.py for tasks to queue
[2023-01-08T21:35:26.090-0300] {logging_mixin.py:137} INFO - [2023-01-08T21:35:26.090-0300] {dagbag.py:538} INFO - Filling up the DagBag from /home/kallox/airflow/dags/download_catnap.py
[2023-01-08T21:35:26.200-0300] {processor.py:753} INFO - DAG(s) dict_keys(['download_catnap']) retrieved from /home/kallox/airflow/dags/download_catnap.py
[2023-01-08T21:35:26.223-0300] {logging_mixin.py:137} INFO - [2023-01-08T21:35:26.223-0300] {dag.py:2676} INFO - Sync 1 DAGs
[2023-01-08T21:35:26.321-0300] {logging_mixin.py:137} INFO - [2023-01-08T21:35:26.321-0300] {dag.py:3427} INFO - Setting next_dagrun for download_catnap to 2023-01-09T00:00:00+00:00, run_after=2023-01-10T00:00:00+00:00
[2023-01-08T21:35:26.344-0300] {processor.py:175} INFO - Processing /home/kallox/airflow/dags/download_catnap.py took 0.256 seconds
[2023-01-08T21:35:56.610-0300] {processor.py:153} INFO - Started process (PID=29532) to work on /home/kallox/airflow/dags/download_catnap.py
[2023-01-08T21:35:56.611-0300] {processor.py:743} INFO - Processing file /home/kallox/airflow/dags/download_catnap.py for tasks to queue
[2023-01-08T21:35:56.611-0300] {logging_mixin.py:137} INFO - [2023-01-08T21:35:56.611-0300] {dagbag.py:538} INFO - Filling up the DagBag from /home/kallox/airflow/dags/download_catnap.py
[2023-01-08T21:35:56.719-0300] {processor.py:753} INFO - DAG(s) dict_keys(['download_catnap']) retrieved from /home/kallox/airflow/dags/download_catnap.py
[2023-01-08T21:35:56.823-0300] {logging_mixin.py:137} INFO - [2023-01-08T21:35:56.823-0300] {dag.py:2676} INFO - Sync 1 DAGs
[2023-01-08T21:35:56.841-0300] {logging_mixin.py:137} INFO - [2023-01-08T21:35:56.841-0300] {dag.py:3427} INFO - Setting next_dagrun for download_catnap to 2023-01-09T00:00:00+00:00, run_after=2023-01-10T00:00:00+00:00
[2023-01-08T21:35:56.864-0300] {processor.py:175} INFO - Processing /home/kallox/airflow/dags/download_catnap.py took 0.256 seconds
[2023-01-08T21:36:27.003-0300] {processor.py:153} INFO - Started process (PID=29609) to work on /home/kallox/airflow/dags/download_catnap.py
[2023-01-08T21:36:27.004-0300] {processor.py:743} INFO - Processing file /home/kallox/airflow/dags/download_catnap.py for tasks to queue
[2023-01-08T21:36:27.004-0300] {logging_mixin.py:137} INFO - [2023-01-08T21:36:27.004-0300] {dagbag.py:538} INFO - Filling up the DagBag from /home/kallox/airflow/dags/download_catnap.py
[2023-01-08T21:36:27.117-0300] {processor.py:753} INFO - DAG(s) dict_keys(['download_catnap']) retrieved from /home/kallox/airflow/dags/download_catnap.py
[2023-01-08T21:36:27.221-0300] {logging_mixin.py:137} INFO - [2023-01-08T21:36:27.221-0300] {dag.py:2676} INFO - Sync 1 DAGs
[2023-01-08T21:36:27.239-0300] {logging_mixin.py:137} INFO - [2023-01-08T21:36:27.239-0300] {dag.py:3427} INFO - Setting next_dagrun for download_catnap to 2023-01-09T00:00:00+00:00, run_after=2023-01-10T00:00:00+00:00
[2023-01-08T21:36:27.261-0300] {processor.py:175} INFO - Processing /home/kallox/airflow/dags/download_catnap.py took 0.260 seconds
[2023-01-08T21:36:57.460-0300] {processor.py:153} INFO - Started process (PID=29690) to work on /home/kallox/airflow/dags/download_catnap.py
[2023-01-08T21:36:57.461-0300] {processor.py:743} INFO - Processing file /home/kallox/airflow/dags/download_catnap.py for tasks to queue
[2023-01-08T21:36:57.461-0300] {logging_mixin.py:137} INFO - [2023-01-08T21:36:57.461-0300] {dagbag.py:538} INFO - Filling up the DagBag from /home/kallox/airflow/dags/download_catnap.py
[2023-01-08T21:36:57.653-0300] {processor.py:753} INFO - DAG(s) dict_keys(['download_catnap']) retrieved from /home/kallox/airflow/dags/download_catnap.py
[2023-01-08T21:36:57.676-0300] {logging_mixin.py:137} INFO - [2023-01-08T21:36:57.676-0300] {dag.py:2676} INFO - Sync 1 DAGs
[2023-01-08T21:36:57.693-0300] {logging_mixin.py:137} INFO - [2023-01-08T21:36:57.693-0300] {dag.py:3427} INFO - Setting next_dagrun for download_catnap to 2023-01-09T00:00:00+00:00, run_after=2023-01-10T00:00:00+00:00
[2023-01-08T21:36:57.715-0300] {processor.py:175} INFO - Processing /home/kallox/airflow/dags/download_catnap.py took 0.256 seconds
[2023-01-08T21:37:27.918-0300] {processor.py:153} INFO - Started process (PID=29771) to work on /home/kallox/airflow/dags/download_catnap.py
[2023-01-08T21:37:27.919-0300] {processor.py:743} INFO - Processing file /home/kallox/airflow/dags/download_catnap.py for tasks to queue
[2023-01-08T21:37:27.919-0300] {logging_mixin.py:137} INFO - [2023-01-08T21:37:27.919-0300] {dagbag.py:538} INFO - Filling up the DagBag from /home/kallox/airflow/dags/download_catnap.py
[2023-01-08T21:37:28.110-0300] {processor.py:753} INFO - DAG(s) dict_keys(['download_catnap']) retrieved from /home/kallox/airflow/dags/download_catnap.py
[2023-01-08T21:37:28.131-0300] {logging_mixin.py:137} INFO - [2023-01-08T21:37:28.131-0300] {dag.py:2676} INFO - Sync 1 DAGs
[2023-01-08T21:37:28.148-0300] {logging_mixin.py:137} INFO - [2023-01-08T21:37:28.148-0300] {dag.py:3427} INFO - Setting next_dagrun for download_catnap to 2023-01-09T00:00:00+00:00, run_after=2023-01-10T00:00:00+00:00
[2023-01-08T21:37:28.168-0300] {processor.py:175} INFO - Processing /home/kallox/airflow/dags/download_catnap.py took 0.252 seconds
[2023-01-08T21:37:58.736-0300] {processor.py:153} INFO - Started process (PID=29848) to work on /home/kallox/airflow/dags/download_catnap.py
[2023-01-08T21:37:58.737-0300] {processor.py:743} INFO - Processing file /home/kallox/airflow/dags/download_catnap.py for tasks to queue
[2023-01-08T21:37:58.737-0300] {logging_mixin.py:137} INFO - [2023-01-08T21:37:58.737-0300] {dagbag.py:538} INFO - Filling up the DagBag from /home/kallox/airflow/dags/download_catnap.py
[2023-01-08T21:37:58.850-0300] {processor.py:753} INFO - DAG(s) dict_keys(['download_catnap']) retrieved from /home/kallox/airflow/dags/download_catnap.py
[2023-01-08T21:37:58.873-0300] {logging_mixin.py:137} INFO - [2023-01-08T21:37:58.873-0300] {dag.py:2676} INFO - Sync 1 DAGs
[2023-01-08T21:37:58.971-0300] {logging_mixin.py:137} INFO - [2023-01-08T21:37:58.971-0300] {dag.py:3427} INFO - Setting next_dagrun for download_catnap to 2023-01-09T00:00:00+00:00, run_after=2023-01-10T00:00:00+00:00
[2023-01-08T21:37:58.985-0300] {processor.py:175} INFO - Processing /home/kallox/airflow/dags/download_catnap.py took 0.252 seconds
[2023-01-08T21:38:29.615-0300] {processor.py:153} INFO - Started process (PID=29926) to work on /home/kallox/airflow/dags/download_catnap.py
[2023-01-08T21:38:29.616-0300] {processor.py:743} INFO - Processing file /home/kallox/airflow/dags/download_catnap.py for tasks to queue
[2023-01-08T21:38:29.616-0300] {logging_mixin.py:137} INFO - [2023-01-08T21:38:29.616-0300] {dagbag.py:538} INFO - Filling up the DagBag from /home/kallox/airflow/dags/download_catnap.py
[2023-01-08T21:38:29.723-0300] {processor.py:753} INFO - DAG(s) dict_keys(['download_catnap']) retrieved from /home/kallox/airflow/dags/download_catnap.py
[2023-01-08T21:38:29.826-0300] {logging_mixin.py:137} INFO - [2023-01-08T21:38:29.826-0300] {dag.py:2676} INFO - Sync 1 DAGs
[2023-01-08T21:38:29.843-0300] {logging_mixin.py:137} INFO - [2023-01-08T21:38:29.843-0300] {dag.py:3427} INFO - Setting next_dagrun for download_catnap to 2023-01-09T00:00:00+00:00, run_after=2023-01-10T00:00:00+00:00
[2023-01-08T21:38:29.856-0300] {processor.py:175} INFO - Processing /home/kallox/airflow/dags/download_catnap.py took 0.243 seconds
[2023-01-08T21:39:00.247-0300] {processor.py:153} INFO - Started process (PID=30005) to work on /home/kallox/airflow/dags/download_catnap.py
[2023-01-08T21:39:00.247-0300] {processor.py:743} INFO - Processing file /home/kallox/airflow/dags/download_catnap.py for tasks to queue
[2023-01-08T21:39:00.248-0300] {logging_mixin.py:137} INFO - [2023-01-08T21:39:00.247-0300] {dagbag.py:538} INFO - Filling up the DagBag from /home/kallox/airflow/dags/download_catnap.py
[2023-01-08T21:39:00.358-0300] {processor.py:753} INFO - DAG(s) dict_keys(['download_catnap']) retrieved from /home/kallox/airflow/dags/download_catnap.py
[2023-01-08T21:39:00.460-0300] {logging_mixin.py:137} INFO - [2023-01-08T21:39:00.460-0300] {dag.py:2676} INFO - Sync 1 DAGs
[2023-01-08T21:39:00.477-0300] {logging_mixin.py:137} INFO - [2023-01-08T21:39:00.477-0300] {dag.py:3427} INFO - Setting next_dagrun for download_catnap to 2023-01-09T00:00:00+00:00, run_after=2023-01-10T00:00:00+00:00
[2023-01-08T21:39:00.499-0300] {processor.py:175} INFO - Processing /home/kallox/airflow/dags/download_catnap.py took 0.255 seconds
[2023-01-08T21:39:30.966-0300] {processor.py:153} INFO - Started process (PID=30086) to work on /home/kallox/airflow/dags/download_catnap.py
[2023-01-08T21:39:30.967-0300] {processor.py:743} INFO - Processing file /home/kallox/airflow/dags/download_catnap.py for tasks to queue
[2023-01-08T21:39:30.967-0300] {logging_mixin.py:137} INFO - [2023-01-08T21:39:30.967-0300] {dagbag.py:538} INFO - Filling up the DagBag from /home/kallox/airflow/dags/download_catnap.py
[2023-01-08T21:39:31.155-0300] {processor.py:753} INFO - DAG(s) dict_keys(['download_catnap']) retrieved from /home/kallox/airflow/dags/download_catnap.py
[2023-01-08T21:39:31.178-0300] {logging_mixin.py:137} INFO - [2023-01-08T21:39:31.178-0300] {dag.py:2676} INFO - Sync 1 DAGs
[2023-01-08T21:39:31.196-0300] {logging_mixin.py:137} INFO - [2023-01-08T21:39:31.195-0300] {dag.py:3427} INFO - Setting next_dagrun for download_catnap to 2023-01-09T00:00:00+00:00, run_after=2023-01-10T00:00:00+00:00
[2023-01-08T21:39:31.218-0300] {processor.py:175} INFO - Processing /home/kallox/airflow/dags/download_catnap.py took 0.253 seconds
[2023-01-08T21:40:01.556-0300] {processor.py:153} INFO - Started process (PID=30168) to work on /home/kallox/airflow/dags/download_catnap.py
[2023-01-08T21:40:01.557-0300] {processor.py:743} INFO - Processing file /home/kallox/airflow/dags/download_catnap.py for tasks to queue
[2023-01-08T21:40:01.557-0300] {logging_mixin.py:137} INFO - [2023-01-08T21:40:01.557-0300] {dagbag.py:538} INFO - Filling up the DagBag from /home/kallox/airflow/dags/download_catnap.py
[2023-01-08T21:40:01.750-0300] {processor.py:753} INFO - DAG(s) dict_keys(['download_catnap']) retrieved from /home/kallox/airflow/dags/download_catnap.py
[2023-01-08T21:40:01.771-0300] {logging_mixin.py:137} INFO - [2023-01-08T21:40:01.770-0300] {dag.py:2676} INFO - Sync 1 DAGs
[2023-01-08T21:40:01.789-0300] {logging_mixin.py:137} INFO - [2023-01-08T21:40:01.789-0300] {dag.py:3427} INFO - Setting next_dagrun for download_catnap to 2023-01-09T00:00:00+00:00, run_after=2023-01-10T00:00:00+00:00
[2023-01-08T21:40:01.811-0300] {processor.py:175} INFO - Processing /home/kallox/airflow/dags/download_catnap.py took 0.257 seconds
[2023-01-08T21:40:32.081-0300] {processor.py:153} INFO - Started process (PID=30257) to work on /home/kallox/airflow/dags/download_catnap.py
[2023-01-08T21:40:32.082-0300] {processor.py:743} INFO - Processing file /home/kallox/airflow/dags/download_catnap.py for tasks to queue
[2023-01-08T21:40:32.083-0300] {logging_mixin.py:137} INFO - [2023-01-08T21:40:32.083-0300] {dagbag.py:538} INFO - Filling up the DagBag from /home/kallox/airflow/dags/download_catnap.py
[2023-01-08T21:40:32.276-0300] {processor.py:753} INFO - DAG(s) dict_keys(['download_catnap']) retrieved from /home/kallox/airflow/dags/download_catnap.py
[2023-01-08T21:40:32.298-0300] {logging_mixin.py:137} INFO - [2023-01-08T21:40:32.298-0300] {dag.py:2676} INFO - Sync 1 DAGs
[2023-01-08T21:40:32.317-0300] {logging_mixin.py:137} INFO - [2023-01-08T21:40:32.316-0300] {dag.py:3427} INFO - Setting next_dagrun for download_catnap to 2023-01-09T00:00:00+00:00, run_after=2023-01-10T00:00:00+00:00
[2023-01-08T21:40:32.338-0300] {processor.py:175} INFO - Processing /home/kallox/airflow/dags/download_catnap.py took 0.260 seconds
[2023-01-08T21:41:02.497-0300] {processor.py:153} INFO - Started process (PID=30336) to work on /home/kallox/airflow/dags/download_catnap.py
[2023-01-08T21:41:02.498-0300] {processor.py:743} INFO - Processing file /home/kallox/airflow/dags/download_catnap.py for tasks to queue
[2023-01-08T21:41:02.498-0300] {logging_mixin.py:137} INFO - [2023-01-08T21:41:02.498-0300] {dagbag.py:538} INFO - Filling up the DagBag from /home/kallox/airflow/dags/download_catnap.py
[2023-01-08T21:41:02.611-0300] {processor.py:753} INFO - DAG(s) dict_keys(['download_catnap']) retrieved from /home/kallox/airflow/dags/download_catnap.py
[2023-01-08T21:41:02.636-0300] {logging_mixin.py:137} INFO - [2023-01-08T21:41:02.636-0300] {dag.py:2676} INFO - Sync 1 DAGs
[2023-01-08T21:41:02.736-0300] {logging_mixin.py:137} INFO - [2023-01-08T21:41:02.736-0300] {dag.py:3427} INFO - Setting next_dagrun for download_catnap to 2023-01-09T00:00:00+00:00, run_after=2023-01-10T00:00:00+00:00
[2023-01-08T21:41:02.749-0300] {processor.py:175} INFO - Processing /home/kallox/airflow/dags/download_catnap.py took 0.254 seconds
[2023-01-08T21:41:33.403-0300] {processor.py:153} INFO - Started process (PID=30409) to work on /home/kallox/airflow/dags/download_catnap.py
[2023-01-08T21:41:33.404-0300] {processor.py:743} INFO - Processing file /home/kallox/airflow/dags/download_catnap.py for tasks to queue
[2023-01-08T21:41:33.405-0300] {logging_mixin.py:137} INFO - [2023-01-08T21:41:33.404-0300] {dagbag.py:538} INFO - Filling up the DagBag from /home/kallox/airflow/dags/download_catnap.py
[2023-01-08T21:41:33.516-0300] {processor.py:753} INFO - DAG(s) dict_keys(['download_catnap']) retrieved from /home/kallox/airflow/dags/download_catnap.py
[2023-01-08T21:41:33.627-0300] {logging_mixin.py:137} INFO - [2023-01-08T21:41:33.627-0300] {dag.py:2676} INFO - Sync 1 DAGs
[2023-01-08T21:41:33.645-0300] {logging_mixin.py:137} INFO - [2023-01-08T21:41:33.645-0300] {dag.py:3427} INFO - Setting next_dagrun for download_catnap to 2023-01-09T00:00:00+00:00, run_after=2023-01-10T00:00:00+00:00
[2023-01-08T21:41:33.662-0300] {processor.py:175} INFO - Processing /home/kallox/airflow/dags/download_catnap.py took 0.261 seconds
[2023-01-08T21:42:04.043-0300] {processor.py:153} INFO - Started process (PID=30491) to work on /home/kallox/airflow/dags/download_catnap.py
[2023-01-08T21:42:04.043-0300] {processor.py:743} INFO - Processing file /home/kallox/airflow/dags/download_catnap.py for tasks to queue
[2023-01-08T21:42:04.044-0300] {logging_mixin.py:137} INFO - [2023-01-08T21:42:04.044-0300] {dagbag.py:538} INFO - Filling up the DagBag from /home/kallox/airflow/dags/download_catnap.py
[2023-01-08T21:42:04.151-0300] {processor.py:753} INFO - DAG(s) dict_keys(['download_catnap']) retrieved from /home/kallox/airflow/dags/download_catnap.py
[2023-01-08T21:42:04.258-0300] {logging_mixin.py:137} INFO - [2023-01-08T21:42:04.258-0300] {dag.py:2676} INFO - Sync 1 DAGs
[2023-01-08T21:42:04.276-0300] {logging_mixin.py:137} INFO - [2023-01-08T21:42:04.276-0300] {dag.py:3427} INFO - Setting next_dagrun for download_catnap to 2023-01-09T00:00:00+00:00, run_after=2023-01-10T00:00:00+00:00
[2023-01-08T21:42:04.289-0300] {processor.py:175} INFO - Processing /home/kallox/airflow/dags/download_catnap.py took 0.248 seconds
[2023-01-08T21:42:34.640-0300] {processor.py:153} INFO - Started process (PID=30570) to work on /home/kallox/airflow/dags/download_catnap.py
[2023-01-08T21:42:34.641-0300] {processor.py:743} INFO - Processing file /home/kallox/airflow/dags/download_catnap.py for tasks to queue
[2023-01-08T21:42:34.642-0300] {logging_mixin.py:137} INFO - [2023-01-08T21:42:34.642-0300] {dagbag.py:538} INFO - Filling up the DagBag from /home/kallox/airflow/dags/download_catnap.py
[2023-01-08T21:42:34.837-0300] {processor.py:753} INFO - DAG(s) dict_keys(['download_catnap']) retrieved from /home/kallox/airflow/dags/download_catnap.py
[2023-01-08T21:42:34.859-0300] {logging_mixin.py:137} INFO - [2023-01-08T21:42:34.859-0300] {dag.py:2676} INFO - Sync 1 DAGs
[2023-01-08T21:42:34.876-0300] {logging_mixin.py:137} INFO - [2023-01-08T21:42:34.876-0300] {dag.py:3427} INFO - Setting next_dagrun for download_catnap to 2023-01-09T00:00:00+00:00, run_after=2023-01-10T00:00:00+00:00
[2023-01-08T21:42:34.891-0300] {processor.py:175} INFO - Processing /home/kallox/airflow/dags/download_catnap.py took 0.253 seconds
[2023-01-08T21:43:05.875-0300] {processor.py:153} INFO - Started process (PID=30672) to work on /home/kallox/airflow/dags/download_catnap.py
[2023-01-08T21:43:05.876-0300] {processor.py:743} INFO - Processing file /home/kallox/airflow/dags/download_catnap.py for tasks to queue
[2023-01-08T21:43:05.876-0300] {logging_mixin.py:137} INFO - [2023-01-08T21:43:05.876-0300] {dagbag.py:538} INFO - Filling up the DagBag from /home/kallox/airflow/dags/download_catnap.py
[2023-01-08T21:43:06.070-0300] {processor.py:753} INFO - DAG(s) dict_keys(['download_catnap']) retrieved from /home/kallox/airflow/dags/download_catnap.py
[2023-01-08T21:43:06.090-0300] {logging_mixin.py:137} INFO - [2023-01-08T21:43:06.090-0300] {dag.py:2676} INFO - Sync 1 DAGs
[2023-01-08T21:43:06.107-0300] {logging_mixin.py:137} INFO - [2023-01-08T21:43:06.107-0300] {dag.py:3427} INFO - Setting next_dagrun for download_catnap to 2023-01-09T00:00:00+00:00, run_after=2023-01-10T00:00:00+00:00
[2023-01-08T21:43:06.121-0300] {processor.py:175} INFO - Processing /home/kallox/airflow/dags/download_catnap.py took 0.247 seconds
