[2023-01-08T21:00:16.272-0300] {processor.py:153} INFO - Started process (PID=23065) to work on /home/kallox/airflow/dags/download_iedb.py
[2023-01-08T21:00:16.273-0300] {processor.py:743} INFO - Processing file /home/kallox/airflow/dags/download_iedb.py for tasks to queue
[2023-01-08T21:00:16.274-0300] {logging_mixin.py:137} INFO - [2023-01-08T21:00:16.273-0300] {dagbag.py:538} INFO - Filling up the DagBag from /home/kallox/airflow/dags/download_iedb.py
[2023-01-08T21:00:16.527-0300] {processor.py:753} INFO - DAG(s) dict_keys(['download_iedb']) retrieved from /home/kallox/airflow/dags/download_iedb.py
[2023-01-08T21:00:16.550-0300] {logging_mixin.py:137} INFO - [2023-01-08T21:00:16.549-0300] {dag.py:2676} INFO - Sync 1 DAGs
[2023-01-08T21:00:16.568-0300] {logging_mixin.py:137} INFO - [2023-01-08T21:00:16.568-0300] {dag.py:3427} INFO - Setting next_dagrun for download_iedb to 2023-01-01T00:00:00+00:00, run_after=2023-02-01T00:00:00+00:00
[2023-01-08T21:00:16.587-0300] {processor.py:175} INFO - Processing /home/kallox/airflow/dags/download_iedb.py took 0.317 seconds
[2023-01-08T21:00:46.846-0300] {processor.py:153} INFO - Started process (PID=23188) to work on /home/kallox/airflow/dags/download_iedb.py
[2023-01-08T21:00:46.847-0300] {processor.py:743} INFO - Processing file /home/kallox/airflow/dags/download_iedb.py for tasks to queue
[2023-01-08T21:00:46.847-0300] {logging_mixin.py:137} INFO - [2023-01-08T21:00:46.847-0300] {dagbag.py:538} INFO - Filling up the DagBag from /home/kallox/airflow/dags/download_iedb.py
[2023-01-08T21:00:47.105-0300] {processor.py:753} INFO - DAG(s) dict_keys(['download_iedb']) retrieved from /home/kallox/airflow/dags/download_iedb.py
[2023-01-08T21:00:47.128-0300] {logging_mixin.py:137} INFO - [2023-01-08T21:00:47.128-0300] {dag.py:2676} INFO - Sync 1 DAGs
[2023-01-08T21:00:47.151-0300] {logging_mixin.py:137} INFO - [2023-01-08T21:00:47.150-0300] {dag.py:3427} INFO - Setting next_dagrun for download_iedb to 2023-01-01T00:00:00+00:00, run_after=2023-02-01T00:00:00+00:00
[2023-01-08T21:00:47.169-0300] {processor.py:175} INFO - Processing /home/kallox/airflow/dags/download_iedb.py took 0.327 seconds
[2023-01-08T21:01:17.454-0300] {processor.py:153} INFO - Started process (PID=23297) to work on /home/kallox/airflow/dags/download_iedb.py
[2023-01-08T21:01:17.454-0300] {processor.py:743} INFO - Processing file /home/kallox/airflow/dags/download_iedb.py for tasks to queue
[2023-01-08T21:01:17.455-0300] {logging_mixin.py:137} INFO - [2023-01-08T21:01:17.455-0300] {dagbag.py:538} INFO - Filling up the DagBag from /home/kallox/airflow/dags/download_iedb.py
[2023-01-08T21:01:17.714-0300] {processor.py:753} INFO - DAG(s) dict_keys(['download_iedb']) retrieved from /home/kallox/airflow/dags/download_iedb.py
[2023-01-08T21:01:17.742-0300] {logging_mixin.py:137} INFO - [2023-01-08T21:01:17.742-0300] {dag.py:2676} INFO - Sync 1 DAGs
[2023-01-08T21:01:17.773-0300] {logging_mixin.py:137} INFO - [2023-01-08T21:01:17.772-0300] {dag.py:3427} INFO - Setting next_dagrun for download_iedb to 2023-01-01T00:00:00+00:00, run_after=2023-02-01T00:00:00+00:00
[2023-01-08T21:01:17.796-0300] {processor.py:175} INFO - Processing /home/kallox/airflow/dags/download_iedb.py took 0.345 seconds
[2023-01-08T21:01:48.011-0300] {processor.py:153} INFO - Started process (PID=23415) to work on /home/kallox/airflow/dags/download_iedb.py
[2023-01-08T21:01:48.012-0300] {processor.py:743} INFO - Processing file /home/kallox/airflow/dags/download_iedb.py for tasks to queue
[2023-01-08T21:01:48.012-0300] {logging_mixin.py:137} INFO - [2023-01-08T21:01:48.012-0300] {dagbag.py:538} INFO - Filling up the DagBag from /home/kallox/airflow/dags/download_iedb.py
[2023-01-08T21:01:48.280-0300] {processor.py:753} INFO - DAG(s) dict_keys(['download_iedb']) retrieved from /home/kallox/airflow/dags/download_iedb.py
[2023-01-08T21:01:48.304-0300] {logging_mixin.py:137} INFO - [2023-01-08T21:01:48.303-0300] {dag.py:2676} INFO - Sync 1 DAGs
[2023-01-08T21:01:48.322-0300] {logging_mixin.py:137} INFO - [2023-01-08T21:01:48.322-0300] {dag.py:3427} INFO - Setting next_dagrun for download_iedb to 2023-01-01T00:00:00+00:00, run_after=2023-02-01T00:00:00+00:00
[2023-01-08T21:01:48.337-0300] {processor.py:175} INFO - Processing /home/kallox/airflow/dags/download_iedb.py took 0.330 seconds
[2023-01-08T21:02:18.622-0300] {processor.py:153} INFO - Started process (PID=23507) to work on /home/kallox/airflow/dags/download_iedb.py
[2023-01-08T21:02:18.623-0300] {processor.py:743} INFO - Processing file /home/kallox/airflow/dags/download_iedb.py for tasks to queue
[2023-01-08T21:02:18.623-0300] {logging_mixin.py:137} INFO - [2023-01-08T21:02:18.623-0300] {dagbag.py:538} INFO - Filling up the DagBag from /home/kallox/airflow/dags/download_iedb.py
[2023-01-08T21:02:18.886-0300] {processor.py:753} INFO - DAG(s) dict_keys(['download_iedb']) retrieved from /home/kallox/airflow/dags/download_iedb.py
[2023-01-08T21:02:18.909-0300] {logging_mixin.py:137} INFO - [2023-01-08T21:02:18.909-0300] {dag.py:2676} INFO - Sync 1 DAGs
[2023-01-08T21:02:18.928-0300] {logging_mixin.py:137} INFO - [2023-01-08T21:02:18.928-0300] {dag.py:3427} INFO - Setting next_dagrun for download_iedb to 2023-01-01T00:00:00+00:00, run_after=2023-02-01T00:00:00+00:00
[2023-01-08T21:02:18.943-0300] {processor.py:175} INFO - Processing /home/kallox/airflow/dags/download_iedb.py took 0.325 seconds
[2023-01-08T21:02:49.244-0300] {processor.py:153} INFO - Started process (PID=23600) to work on /home/kallox/airflow/dags/download_iedb.py
[2023-01-08T21:02:49.244-0300] {processor.py:743} INFO - Processing file /home/kallox/airflow/dags/download_iedb.py for tasks to queue
[2023-01-08T21:02:49.245-0300] {logging_mixin.py:137} INFO - [2023-01-08T21:02:49.245-0300] {dagbag.py:538} INFO - Filling up the DagBag from /home/kallox/airflow/dags/download_iedb.py
[2023-01-08T21:02:49.498-0300] {processor.py:753} INFO - DAG(s) dict_keys(['download_iedb']) retrieved from /home/kallox/airflow/dags/download_iedb.py
[2023-01-08T21:02:49.521-0300] {logging_mixin.py:137} INFO - [2023-01-08T21:02:49.521-0300] {dag.py:2676} INFO - Sync 1 DAGs
[2023-01-08T21:02:49.540-0300] {logging_mixin.py:137} INFO - [2023-01-08T21:02:49.540-0300] {dag.py:3427} INFO - Setting next_dagrun for download_iedb to 2023-01-01T00:00:00+00:00, run_after=2023-02-01T00:00:00+00:00
[2023-01-08T21:02:49.555-0300] {processor.py:175} INFO - Processing /home/kallox/airflow/dags/download_iedb.py took 0.314 seconds
[2023-01-08T21:03:19.834-0300] {processor.py:153} INFO - Started process (PID=23695) to work on /home/kallox/airflow/dags/download_iedb.py
[2023-01-08T21:03:19.834-0300] {processor.py:743} INFO - Processing file /home/kallox/airflow/dags/download_iedb.py for tasks to queue
[2023-01-08T21:03:19.835-0300] {logging_mixin.py:137} INFO - [2023-01-08T21:03:19.835-0300] {dagbag.py:538} INFO - Filling up the DagBag from /home/kallox/airflow/dags/download_iedb.py
[2023-01-08T21:03:20.096-0300] {processor.py:753} INFO - DAG(s) dict_keys(['download_iedb']) retrieved from /home/kallox/airflow/dags/download_iedb.py
[2023-01-08T21:03:20.118-0300] {logging_mixin.py:137} INFO - [2023-01-08T21:03:20.118-0300] {dag.py:2676} INFO - Sync 1 DAGs
[2023-01-08T21:03:20.138-0300] {logging_mixin.py:137} INFO - [2023-01-08T21:03:20.138-0300] {dag.py:3427} INFO - Setting next_dagrun for download_iedb to 2023-01-01T00:00:00+00:00, run_after=2023-02-01T00:00:00+00:00
[2023-01-08T21:03:20.154-0300] {processor.py:175} INFO - Processing /home/kallox/airflow/dags/download_iedb.py took 0.323 seconds
[2023-01-08T21:03:50.425-0300] {processor.py:153} INFO - Started process (PID=23788) to work on /home/kallox/airflow/dags/download_iedb.py
[2023-01-08T21:03:50.426-0300] {processor.py:743} INFO - Processing file /home/kallox/airflow/dags/download_iedb.py for tasks to queue
[2023-01-08T21:03:50.427-0300] {logging_mixin.py:137} INFO - [2023-01-08T21:03:50.427-0300] {dagbag.py:538} INFO - Filling up the DagBag from /home/kallox/airflow/dags/download_iedb.py
[2023-01-08T21:03:50.687-0300] {processor.py:753} INFO - DAG(s) dict_keys(['download_iedb']) retrieved from /home/kallox/airflow/dags/download_iedb.py
[2023-01-08T21:03:50.709-0300] {logging_mixin.py:137} INFO - [2023-01-08T21:03:50.709-0300] {dag.py:2676} INFO - Sync 1 DAGs
[2023-01-08T21:03:50.729-0300] {logging_mixin.py:137} INFO - [2023-01-08T21:03:50.729-0300] {dag.py:3427} INFO - Setting next_dagrun for download_iedb to 2023-01-01T00:00:00+00:00, run_after=2023-02-01T00:00:00+00:00
[2023-01-08T21:03:50.744-0300] {processor.py:175} INFO - Processing /home/kallox/airflow/dags/download_iedb.py took 0.322 seconds
[2023-01-08T21:04:20.952-0300] {processor.py:153} INFO - Started process (PID=23880) to work on /home/kallox/airflow/dags/download_iedb.py
[2023-01-08T21:04:20.953-0300] {processor.py:743} INFO - Processing file /home/kallox/airflow/dags/download_iedb.py for tasks to queue
[2023-01-08T21:04:20.953-0300] {logging_mixin.py:137} INFO - [2023-01-08T21:04:20.953-0300] {dagbag.py:538} INFO - Filling up the DagBag from /home/kallox/airflow/dags/download_iedb.py
[2023-01-08T21:04:21.210-0300] {processor.py:753} INFO - DAG(s) dict_keys(['download_iedb']) retrieved from /home/kallox/airflow/dags/download_iedb.py
[2023-01-08T21:04:21.233-0300] {logging_mixin.py:137} INFO - [2023-01-08T21:04:21.233-0300] {dag.py:2676} INFO - Sync 1 DAGs
[2023-01-08T21:04:21.253-0300] {logging_mixin.py:137} INFO - [2023-01-08T21:04:21.252-0300] {dag.py:3427} INFO - Setting next_dagrun for download_iedb to 2023-01-01T00:00:00+00:00, run_after=2023-02-01T00:00:00+00:00
[2023-01-08T21:04:21.269-0300] {processor.py:175} INFO - Processing /home/kallox/airflow/dags/download_iedb.py took 0.319 seconds
[2023-01-08T21:04:52.244-0300] {processor.py:153} INFO - Started process (PID=23983) to work on /home/kallox/airflow/dags/download_iedb.py
[2023-01-08T21:04:52.245-0300] {processor.py:743} INFO - Processing file /home/kallox/airflow/dags/download_iedb.py for tasks to queue
[2023-01-08T21:04:52.246-0300] {logging_mixin.py:137} INFO - [2023-01-08T21:04:52.246-0300] {dagbag.py:538} INFO - Filling up the DagBag from /home/kallox/airflow/dags/download_iedb.py
[2023-01-08T21:04:52.506-0300] {processor.py:753} INFO - DAG(s) dict_keys(['download_iedb']) retrieved from /home/kallox/airflow/dags/download_iedb.py
[2023-01-08T21:04:52.531-0300] {logging_mixin.py:137} INFO - [2023-01-08T21:04:52.531-0300] {dag.py:2676} INFO - Sync 1 DAGs
[2023-01-08T21:04:52.557-0300] {logging_mixin.py:137} INFO - [2023-01-08T21:04:52.556-0300] {dag.py:3427} INFO - Setting next_dagrun for download_iedb to 2023-01-01T00:00:00+00:00, run_after=2023-02-01T00:00:00+00:00
[2023-01-08T21:04:52.571-0300] {processor.py:175} INFO - Processing /home/kallox/airflow/dags/download_iedb.py took 0.329 seconds
[2023-01-08T21:05:22.820-0300] {processor.py:153} INFO - Started process (PID=24078) to work on /home/kallox/airflow/dags/download_iedb.py
[2023-01-08T21:05:22.820-0300] {processor.py:743} INFO - Processing file /home/kallox/airflow/dags/download_iedb.py for tasks to queue
[2023-01-08T21:05:22.821-0300] {logging_mixin.py:137} INFO - [2023-01-08T21:05:22.821-0300] {dagbag.py:538} INFO - Filling up the DagBag from /home/kallox/airflow/dags/download_iedb.py
[2023-01-08T21:05:23.062-0300] {processor.py:753} INFO - DAG(s) dict_keys(['download_iedb']) retrieved from /home/kallox/airflow/dags/download_iedb.py
[2023-01-08T21:05:23.084-0300] {logging_mixin.py:137} INFO - [2023-01-08T21:05:23.084-0300] {dag.py:2676} INFO - Sync 1 DAGs
[2023-01-08T21:05:23.103-0300] {logging_mixin.py:137} INFO - [2023-01-08T21:05:23.103-0300] {dag.py:3427} INFO - Setting next_dagrun for download_iedb to 2023-01-01T00:00:00+00:00, run_after=2023-02-01T00:00:00+00:00
[2023-01-08T21:05:23.120-0300] {processor.py:175} INFO - Processing /home/kallox/airflow/dags/download_iedb.py took 0.303 seconds
[2023-01-08T21:05:53.426-0300] {processor.py:153} INFO - Started process (PID=24172) to work on /home/kallox/airflow/dags/download_iedb.py
[2023-01-08T21:05:53.427-0300] {processor.py:743} INFO - Processing file /home/kallox/airflow/dags/download_iedb.py for tasks to queue
[2023-01-08T21:05:53.428-0300] {logging_mixin.py:137} INFO - [2023-01-08T21:05:53.427-0300] {dagbag.py:538} INFO - Filling up the DagBag from /home/kallox/airflow/dags/download_iedb.py
[2023-01-08T21:05:53.689-0300] {processor.py:753} INFO - DAG(s) dict_keys(['download_iedb']) retrieved from /home/kallox/airflow/dags/download_iedb.py
[2023-01-08T21:05:53.713-0300] {logging_mixin.py:137} INFO - [2023-01-08T21:05:53.713-0300] {dag.py:2676} INFO - Sync 1 DAGs
[2023-01-08T21:05:53.734-0300] {logging_mixin.py:137} INFO - [2023-01-08T21:05:53.734-0300] {dag.py:3427} INFO - Setting next_dagrun for download_iedb to 2023-01-01T00:00:00+00:00, run_after=2023-02-01T00:00:00+00:00
[2023-01-08T21:05:53.751-0300] {processor.py:175} INFO - Processing /home/kallox/airflow/dags/download_iedb.py took 0.328 seconds
[2023-01-08T21:06:24.030-0300] {processor.py:153} INFO - Started process (PID=24263) to work on /home/kallox/airflow/dags/download_iedb.py
[2023-01-08T21:06:24.031-0300] {processor.py:743} INFO - Processing file /home/kallox/airflow/dags/download_iedb.py for tasks to queue
[2023-01-08T21:06:24.032-0300] {logging_mixin.py:137} INFO - [2023-01-08T21:06:24.032-0300] {dagbag.py:538} INFO - Filling up the DagBag from /home/kallox/airflow/dags/download_iedb.py
[2023-01-08T21:06:24.295-0300] {processor.py:753} INFO - DAG(s) dict_keys(['download_iedb']) retrieved from /home/kallox/airflow/dags/download_iedb.py
[2023-01-08T21:06:24.318-0300] {logging_mixin.py:137} INFO - [2023-01-08T21:06:24.318-0300] {dag.py:2676} INFO - Sync 1 DAGs
[2023-01-08T21:06:24.339-0300] {logging_mixin.py:137} INFO - [2023-01-08T21:06:24.338-0300] {dag.py:3427} INFO - Setting next_dagrun for download_iedb to 2023-01-01T00:00:00+00:00, run_after=2023-02-01T00:00:00+00:00
[2023-01-08T21:06:24.354-0300] {processor.py:175} INFO - Processing /home/kallox/airflow/dags/download_iedb.py took 0.326 seconds
[2023-01-08T21:06:54.629-0300] {processor.py:153} INFO - Started process (PID=24356) to work on /home/kallox/airflow/dags/download_iedb.py
[2023-01-08T21:06:54.630-0300] {processor.py:743} INFO - Processing file /home/kallox/airflow/dags/download_iedb.py for tasks to queue
[2023-01-08T21:06:54.630-0300] {logging_mixin.py:137} INFO - [2023-01-08T21:06:54.630-0300] {dagbag.py:538} INFO - Filling up the DagBag from /home/kallox/airflow/dags/download_iedb.py
[2023-01-08T21:06:54.873-0300] {processor.py:753} INFO - DAG(s) dict_keys(['download_iedb']) retrieved from /home/kallox/airflow/dags/download_iedb.py
[2023-01-08T21:06:54.906-0300] {logging_mixin.py:137} INFO - [2023-01-08T21:06:54.906-0300] {dag.py:2676} INFO - Sync 1 DAGs
[2023-01-08T21:06:54.926-0300] {logging_mixin.py:137} INFO - [2023-01-08T21:06:54.926-0300] {dag.py:3427} INFO - Setting next_dagrun for download_iedb to 2023-01-01T00:00:00+00:00, run_after=2023-02-01T00:00:00+00:00
[2023-01-08T21:06:54.943-0300] {processor.py:175} INFO - Processing /home/kallox/airflow/dags/download_iedb.py took 0.317 seconds
[2023-01-08T21:07:25.241-0300] {processor.py:153} INFO - Started process (PID=24448) to work on /home/kallox/airflow/dags/download_iedb.py
[2023-01-08T21:07:25.242-0300] {processor.py:743} INFO - Processing file /home/kallox/airflow/dags/download_iedb.py for tasks to queue
[2023-01-08T21:07:25.243-0300] {logging_mixin.py:137} INFO - [2023-01-08T21:07:25.243-0300] {dagbag.py:538} INFO - Filling up the DagBag from /home/kallox/airflow/dags/download_iedb.py
[2023-01-08T21:07:25.490-0300] {processor.py:753} INFO - DAG(s) dict_keys(['download_iedb']) retrieved from /home/kallox/airflow/dags/download_iedb.py
[2023-01-08T21:07:25.514-0300] {logging_mixin.py:137} INFO - [2023-01-08T21:07:25.514-0300] {dag.py:2676} INFO - Sync 1 DAGs
[2023-01-08T21:07:25.532-0300] {logging_mixin.py:137} INFO - [2023-01-08T21:07:25.532-0300] {dag.py:3427} INFO - Setting next_dagrun for download_iedb to 2023-01-01T00:00:00+00:00, run_after=2023-02-01T00:00:00+00:00
[2023-01-08T21:07:25.549-0300] {processor.py:175} INFO - Processing /home/kallox/airflow/dags/download_iedb.py took 0.310 seconds
[2023-01-08T21:07:55.808-0300] {processor.py:153} INFO - Started process (PID=24540) to work on /home/kallox/airflow/dags/download_iedb.py
[2023-01-08T21:07:55.808-0300] {processor.py:743} INFO - Processing file /home/kallox/airflow/dags/download_iedb.py for tasks to queue
[2023-01-08T21:07:55.809-0300] {logging_mixin.py:137} INFO - [2023-01-08T21:07:55.809-0300] {dagbag.py:538} INFO - Filling up the DagBag from /home/kallox/airflow/dags/download_iedb.py
[2023-01-08T21:07:56.049-0300] {processor.py:753} INFO - DAG(s) dict_keys(['download_iedb']) retrieved from /home/kallox/airflow/dags/download_iedb.py
[2023-01-08T21:07:56.070-0300] {logging_mixin.py:137} INFO - [2023-01-08T21:07:56.070-0300] {dag.py:2676} INFO - Sync 1 DAGs
[2023-01-08T21:07:56.090-0300] {logging_mixin.py:137} INFO - [2023-01-08T21:07:56.090-0300] {dag.py:3427} INFO - Setting next_dagrun for download_iedb to 2023-01-01T00:00:00+00:00, run_after=2023-02-01T00:00:00+00:00
[2023-01-08T21:07:56.106-0300] {processor.py:175} INFO - Processing /home/kallox/airflow/dags/download_iedb.py took 0.301 seconds
[2023-01-08T21:08:26.398-0300] {processor.py:153} INFO - Started process (PID=24632) to work on /home/kallox/airflow/dags/download_iedb.py
[2023-01-08T21:08:26.399-0300] {processor.py:743} INFO - Processing file /home/kallox/airflow/dags/download_iedb.py for tasks to queue
[2023-01-08T21:08:26.399-0300] {logging_mixin.py:137} INFO - [2023-01-08T21:08:26.399-0300] {dagbag.py:538} INFO - Filling up the DagBag from /home/kallox/airflow/dags/download_iedb.py
[2023-01-08T21:08:26.652-0300] {processor.py:753} INFO - DAG(s) dict_keys(['download_iedb']) retrieved from /home/kallox/airflow/dags/download_iedb.py
[2023-01-08T21:08:26.676-0300] {logging_mixin.py:137} INFO - [2023-01-08T21:08:26.676-0300] {dag.py:2676} INFO - Sync 1 DAGs
[2023-01-08T21:08:26.695-0300] {logging_mixin.py:137} INFO - [2023-01-08T21:08:26.695-0300] {dag.py:3427} INFO - Setting next_dagrun for download_iedb to 2023-01-01T00:00:00+00:00, run_after=2023-02-01T00:00:00+00:00
[2023-01-08T21:08:26.710-0300] {processor.py:175} INFO - Processing /home/kallox/airflow/dags/download_iedb.py took 0.315 seconds
[2023-01-08T21:08:56.955-0300] {processor.py:153} INFO - Started process (PID=24723) to work on /home/kallox/airflow/dags/download_iedb.py
[2023-01-08T21:08:56.956-0300] {processor.py:743} INFO - Processing file /home/kallox/airflow/dags/download_iedb.py for tasks to queue
[2023-01-08T21:08:56.957-0300] {logging_mixin.py:137} INFO - [2023-01-08T21:08:56.957-0300] {dagbag.py:538} INFO - Filling up the DagBag from /home/kallox/airflow/dags/download_iedb.py
[2023-01-08T21:08:57.222-0300] {processor.py:753} INFO - DAG(s) dict_keys(['download_iedb']) retrieved from /home/kallox/airflow/dags/download_iedb.py
[2023-01-08T21:08:57.247-0300] {logging_mixin.py:137} INFO - [2023-01-08T21:08:57.247-0300] {dag.py:2676} INFO - Sync 1 DAGs
[2023-01-08T21:08:57.268-0300] {logging_mixin.py:137} INFO - [2023-01-08T21:08:57.268-0300] {dag.py:3427} INFO - Setting next_dagrun for download_iedb to 2023-01-01T00:00:00+00:00, run_after=2023-02-01T00:00:00+00:00
[2023-01-08T21:08:57.287-0300] {processor.py:175} INFO - Processing /home/kallox/airflow/dags/download_iedb.py took 0.335 seconds
[2023-01-08T21:09:28.180-0300] {processor.py:153} INFO - Started process (PID=24816) to work on /home/kallox/airflow/dags/download_iedb.py
[2023-01-08T21:09:28.180-0300] {processor.py:743} INFO - Processing file /home/kallox/airflow/dags/download_iedb.py for tasks to queue
[2023-01-08T21:09:28.181-0300] {logging_mixin.py:137} INFO - [2023-01-08T21:09:28.181-0300] {dagbag.py:538} INFO - Filling up the DagBag from /home/kallox/airflow/dags/download_iedb.py
[2023-01-08T21:09:28.447-0300] {processor.py:753} INFO - DAG(s) dict_keys(['download_iedb']) retrieved from /home/kallox/airflow/dags/download_iedb.py
[2023-01-08T21:09:28.473-0300] {logging_mixin.py:137} INFO - [2023-01-08T21:09:28.473-0300] {dag.py:2676} INFO - Sync 1 DAGs
[2023-01-08T21:09:28.492-0300] {logging_mixin.py:137} INFO - [2023-01-08T21:09:28.492-0300] {dag.py:3427} INFO - Setting next_dagrun for download_iedb to 2023-01-01T00:00:00+00:00, run_after=2023-02-01T00:00:00+00:00
[2023-01-08T21:09:28.508-0300] {processor.py:175} INFO - Processing /home/kallox/airflow/dags/download_iedb.py took 0.331 seconds
[2023-01-08T21:09:58.844-0300] {processor.py:153} INFO - Started process (PID=24913) to work on /home/kallox/airflow/dags/download_iedb.py
[2023-01-08T21:09:58.846-0300] {processor.py:743} INFO - Processing file /home/kallox/airflow/dags/download_iedb.py for tasks to queue
[2023-01-08T21:09:58.846-0300] {logging_mixin.py:137} INFO - [2023-01-08T21:09:58.846-0300] {dagbag.py:538} INFO - Filling up the DagBag from /home/kallox/airflow/dags/download_iedb.py
[2023-01-08T21:09:59.092-0300] {processor.py:753} INFO - DAG(s) dict_keys(['download_iedb']) retrieved from /home/kallox/airflow/dags/download_iedb.py
[2023-01-08T21:09:59.115-0300] {logging_mixin.py:137} INFO - [2023-01-08T21:09:59.115-0300] {dag.py:2676} INFO - Sync 1 DAGs
[2023-01-08T21:09:59.133-0300] {logging_mixin.py:137} INFO - [2023-01-08T21:09:59.132-0300] {dag.py:3427} INFO - Setting next_dagrun for download_iedb to 2023-01-01T00:00:00+00:00, run_after=2023-02-01T00:00:00+00:00
[2023-01-08T21:09:59.152-0300] {processor.py:175} INFO - Processing /home/kallox/airflow/dags/download_iedb.py took 0.310 seconds
[2023-01-08T21:10:29.479-0300] {processor.py:153} INFO - Started process (PID=25005) to work on /home/kallox/airflow/dags/download_iedb.py
[2023-01-08T21:10:29.480-0300] {processor.py:743} INFO - Processing file /home/kallox/airflow/dags/download_iedb.py for tasks to queue
[2023-01-08T21:10:29.480-0300] {logging_mixin.py:137} INFO - [2023-01-08T21:10:29.480-0300] {dagbag.py:538} INFO - Filling up the DagBag from /home/kallox/airflow/dags/download_iedb.py
[2023-01-08T21:10:29.754-0300] {processor.py:753} INFO - DAG(s) dict_keys(['download_iedb']) retrieved from /home/kallox/airflow/dags/download_iedb.py
[2023-01-08T21:10:29.779-0300] {logging_mixin.py:137} INFO - [2023-01-08T21:10:29.779-0300] {dag.py:2676} INFO - Sync 1 DAGs
[2023-01-08T21:10:29.800-0300] {logging_mixin.py:137} INFO - [2023-01-08T21:10:29.800-0300] {dag.py:3427} INFO - Setting next_dagrun for download_iedb to 2023-01-01T00:00:00+00:00, run_after=2023-02-01T00:00:00+00:00
[2023-01-08T21:10:29.815-0300] {processor.py:175} INFO - Processing /home/kallox/airflow/dags/download_iedb.py took 0.340 seconds
[2023-01-08T21:11:00.081-0300] {processor.py:153} INFO - Started process (PID=25099) to work on /home/kallox/airflow/dags/download_iedb.py
[2023-01-08T21:11:00.082-0300] {processor.py:743} INFO - Processing file /home/kallox/airflow/dags/download_iedb.py for tasks to queue
[2023-01-08T21:11:00.082-0300] {logging_mixin.py:137} INFO - [2023-01-08T21:11:00.082-0300] {dagbag.py:538} INFO - Filling up the DagBag from /home/kallox/airflow/dags/download_iedb.py
[2023-01-08T21:11:00.320-0300] {processor.py:753} INFO - DAG(s) dict_keys(['download_iedb']) retrieved from /home/kallox/airflow/dags/download_iedb.py
[2023-01-08T21:11:00.341-0300] {logging_mixin.py:137} INFO - [2023-01-08T21:11:00.341-0300] {dag.py:2676} INFO - Sync 1 DAGs
[2023-01-08T21:11:00.359-0300] {logging_mixin.py:137} INFO - [2023-01-08T21:11:00.359-0300] {dag.py:3427} INFO - Setting next_dagrun for download_iedb to 2023-01-01T00:00:00+00:00, run_after=2023-02-01T00:00:00+00:00
[2023-01-08T21:11:00.375-0300] {processor.py:175} INFO - Processing /home/kallox/airflow/dags/download_iedb.py took 0.296 seconds
[2023-01-08T21:11:30.573-0300] {processor.py:153} INFO - Started process (PID=25192) to work on /home/kallox/airflow/dags/download_iedb.py
[2023-01-08T21:11:30.573-0300] {processor.py:743} INFO - Processing file /home/kallox/airflow/dags/download_iedb.py for tasks to queue
[2023-01-08T21:11:30.574-0300] {logging_mixin.py:137} INFO - [2023-01-08T21:11:30.574-0300] {dagbag.py:538} INFO - Filling up the DagBag from /home/kallox/airflow/dags/download_iedb.py
[2023-01-08T21:11:30.818-0300] {processor.py:753} INFO - DAG(s) dict_keys(['download_iedb']) retrieved from /home/kallox/airflow/dags/download_iedb.py
[2023-01-08T21:11:30.840-0300] {logging_mixin.py:137} INFO - [2023-01-08T21:11:30.840-0300] {dag.py:2676} INFO - Sync 1 DAGs
[2023-01-08T21:11:30.860-0300] {logging_mixin.py:137} INFO - [2023-01-08T21:11:30.860-0300] {dag.py:3427} INFO - Setting next_dagrun for download_iedb to 2023-01-01T00:00:00+00:00, run_after=2023-02-01T00:00:00+00:00
[2023-01-08T21:11:30.874-0300] {processor.py:175} INFO - Processing /home/kallox/airflow/dags/download_iedb.py took 0.304 seconds
[2023-01-08T21:12:01.387-0300] {processor.py:153} INFO - Started process (PID=25286) to work on /home/kallox/airflow/dags/download_iedb.py
[2023-01-08T21:12:01.389-0300] {processor.py:743} INFO - Processing file /home/kallox/airflow/dags/download_iedb.py for tasks to queue
[2023-01-08T21:12:01.395-0300] {logging_mixin.py:137} INFO - [2023-01-08T21:12:01.394-0300] {dagbag.py:538} INFO - Filling up the DagBag from /home/kallox/airflow/dags/download_iedb.py
[2023-01-08T21:12:03.160-0300] {processor.py:753} INFO - DAG(s) dict_keys(['download_iedb']) retrieved from /home/kallox/airflow/dags/download_iedb.py
[2023-01-08T21:12:03.197-0300] {logging_mixin.py:137} INFO - [2023-01-08T21:12:03.197-0300] {dag.py:2676} INFO - Sync 1 DAGs
[2023-01-08T21:12:03.217-0300] {logging_mixin.py:137} INFO - [2023-01-08T21:12:03.217-0300] {dag.py:3427} INFO - Setting next_dagrun for download_iedb to 2023-01-01T00:00:00+00:00, run_after=2023-02-01T00:00:00+00:00
[2023-01-08T21:12:03.237-0300] {processor.py:175} INFO - Processing /home/kallox/airflow/dags/download_iedb.py took 1.885 seconds
[2023-01-08T21:12:33.587-0300] {processor.py:153} INFO - Started process (PID=25382) to work on /home/kallox/airflow/dags/download_iedb.py
[2023-01-08T21:12:33.588-0300] {processor.py:743} INFO - Processing file /home/kallox/airflow/dags/download_iedb.py for tasks to queue
[2023-01-08T21:12:33.590-0300] {logging_mixin.py:137} INFO - [2023-01-08T21:12:33.590-0300] {dagbag.py:538} INFO - Filling up the DagBag from /home/kallox/airflow/dags/download_iedb.py
[2023-01-08T21:12:34.706-0300] {processor.py:753} INFO - DAG(s) dict_keys(['download_iedb']) retrieved from /home/kallox/airflow/dags/download_iedb.py
[2023-01-08T21:12:34.750-0300] {logging_mixin.py:137} INFO - [2023-01-08T21:12:34.750-0300] {dag.py:2676} INFO - Sync 1 DAGs
[2023-01-08T21:12:34.773-0300] {logging_mixin.py:137} INFO - [2023-01-08T21:12:34.773-0300] {dag.py:3427} INFO - Setting next_dagrun for download_iedb to 2023-01-01T00:00:00+00:00, run_after=2023-02-01T00:00:00+00:00
[2023-01-08T21:12:34.790-0300] {processor.py:175} INFO - Processing /home/kallox/airflow/dags/download_iedb.py took 1.217 seconds
[2023-01-08T21:13:05.022-0300] {processor.py:153} INFO - Started process (PID=25475) to work on /home/kallox/airflow/dags/download_iedb.py
[2023-01-08T21:13:05.023-0300] {processor.py:743} INFO - Processing file /home/kallox/airflow/dags/download_iedb.py for tasks to queue
[2023-01-08T21:13:05.025-0300] {logging_mixin.py:137} INFO - [2023-01-08T21:13:05.025-0300] {dagbag.py:538} INFO - Filling up the DagBag from /home/kallox/airflow/dags/download_iedb.py
[2023-01-08T21:13:06.250-0300] {processor.py:753} INFO - DAG(s) dict_keys(['download_iedb']) retrieved from /home/kallox/airflow/dags/download_iedb.py
[2023-01-08T21:13:06.281-0300] {logging_mixin.py:137} INFO - [2023-01-08T21:13:06.281-0300] {dag.py:2676} INFO - Sync 1 DAGs
[2023-01-08T21:13:06.305-0300] {logging_mixin.py:137} INFO - [2023-01-08T21:13:06.305-0300] {dag.py:3427} INFO - Setting next_dagrun for download_iedb to 2023-01-01T00:00:00+00:00, run_after=2023-02-01T00:00:00+00:00
[2023-01-08T21:13:06.319-0300] {processor.py:175} INFO - Processing /home/kallox/airflow/dags/download_iedb.py took 1.306 seconds
[2023-01-08T21:13:36.499-0300] {processor.py:153} INFO - Started process (PID=25583) to work on /home/kallox/airflow/dags/download_iedb.py
[2023-01-08T21:13:36.499-0300] {processor.py:743} INFO - Processing file /home/kallox/airflow/dags/download_iedb.py for tasks to queue
[2023-01-08T21:13:36.500-0300] {logging_mixin.py:137} INFO - [2023-01-08T21:13:36.500-0300] {dagbag.py:538} INFO - Filling up the DagBag from /home/kallox/airflow/dags/download_iedb.py
[2023-01-08T21:13:37.026-0300] {processor.py:753} INFO - DAG(s) dict_keys(['download_iedb']) retrieved from /home/kallox/airflow/dags/download_iedb.py
[2023-01-08T21:13:37.059-0300] {logging_mixin.py:137} INFO - [2023-01-08T21:13:37.059-0300] {dag.py:2676} INFO - Sync 1 DAGs
[2023-01-08T21:13:37.078-0300] {logging_mixin.py:137} INFO - [2023-01-08T21:13:37.078-0300] {dag.py:3427} INFO - Setting next_dagrun for download_iedb to 2023-01-01T00:00:00+00:00, run_after=2023-02-01T00:00:00+00:00
[2023-01-08T21:13:37.094-0300] {processor.py:175} INFO - Processing /home/kallox/airflow/dags/download_iedb.py took 0.599 seconds
[2023-01-08T21:14:07.519-0300] {processor.py:153} INFO - Started process (PID=25680) to work on /home/kallox/airflow/dags/download_iedb.py
[2023-01-08T21:14:07.523-0300] {processor.py:743} INFO - Processing file /home/kallox/airflow/dags/download_iedb.py for tasks to queue
[2023-01-08T21:14:07.531-0300] {logging_mixin.py:137} INFO - [2023-01-08T21:14:07.530-0300] {dagbag.py:538} INFO - Filling up the DagBag from /home/kallox/airflow/dags/download_iedb.py
[2023-01-08T21:14:09.151-0300] {processor.py:753} INFO - DAG(s) dict_keys(['download_iedb']) retrieved from /home/kallox/airflow/dags/download_iedb.py
[2023-01-08T21:14:09.187-0300] {logging_mixin.py:137} INFO - [2023-01-08T21:14:09.187-0300] {dag.py:2676} INFO - Sync 1 DAGs
[2023-01-08T21:14:09.213-0300] {logging_mixin.py:137} INFO - [2023-01-08T21:14:09.213-0300] {dag.py:3427} INFO - Setting next_dagrun for download_iedb to 2023-01-01T00:00:00+00:00, run_after=2023-02-01T00:00:00+00:00
[2023-01-08T21:14:09.229-0300] {processor.py:175} INFO - Processing /home/kallox/airflow/dags/download_iedb.py took 1.755 seconds
[2023-01-08T21:14:39.494-0300] {processor.py:153} INFO - Started process (PID=25778) to work on /home/kallox/airflow/dags/download_iedb.py
[2023-01-08T21:14:39.495-0300] {processor.py:743} INFO - Processing file /home/kallox/airflow/dags/download_iedb.py for tasks to queue
[2023-01-08T21:14:39.495-0300] {logging_mixin.py:137} INFO - [2023-01-08T21:14:39.495-0300] {dagbag.py:538} INFO - Filling up the DagBag from /home/kallox/airflow/dags/download_iedb.py
[2023-01-08T21:14:40.798-0300] {processor.py:753} INFO - DAG(s) dict_keys(['download_iedb']) retrieved from /home/kallox/airflow/dags/download_iedb.py
[2023-01-08T21:14:40.829-0300] {logging_mixin.py:137} INFO - [2023-01-08T21:14:40.829-0300] {dag.py:2676} INFO - Sync 1 DAGs
[2023-01-08T21:14:40.847-0300] {logging_mixin.py:137} INFO - [2023-01-08T21:14:40.847-0300] {dag.py:3427} INFO - Setting next_dagrun for download_iedb to 2023-01-01T00:00:00+00:00, run_after=2023-02-01T00:00:00+00:00
[2023-01-08T21:14:40.863-0300] {processor.py:175} INFO - Processing /home/kallox/airflow/dags/download_iedb.py took 1.372 seconds
[2023-01-08T21:15:11.148-0300] {processor.py:153} INFO - Started process (PID=25874) to work on /home/kallox/airflow/dags/download_iedb.py
[2023-01-08T21:15:11.148-0300] {processor.py:743} INFO - Processing file /home/kallox/airflow/dags/download_iedb.py for tasks to queue
[2023-01-08T21:15:11.149-0300] {logging_mixin.py:137} INFO - [2023-01-08T21:15:11.149-0300] {dagbag.py:538} INFO - Filling up the DagBag from /home/kallox/airflow/dags/download_iedb.py
[2023-01-08T21:15:12.511-0300] {processor.py:753} INFO - DAG(s) dict_keys(['download_iedb']) retrieved from /home/kallox/airflow/dags/download_iedb.py
[2023-01-08T21:15:12.581-0300] {logging_mixin.py:137} INFO - [2023-01-08T21:15:12.580-0300] {dag.py:2676} INFO - Sync 1 DAGs
[2023-01-08T21:15:12.606-0300] {logging_mixin.py:137} INFO - [2023-01-08T21:15:12.606-0300] {dag.py:3427} INFO - Setting next_dagrun for download_iedb to 2023-01-01T00:00:00+00:00, run_after=2023-02-01T00:00:00+00:00
[2023-01-08T21:15:12.627-0300] {processor.py:175} INFO - Processing /home/kallox/airflow/dags/download_iedb.py took 1.484 seconds
[2023-01-08T21:15:43.277-0300] {processor.py:153} INFO - Started process (PID=25969) to work on /home/kallox/airflow/dags/download_iedb.py
[2023-01-08T21:15:43.280-0300] {processor.py:743} INFO - Processing file /home/kallox/airflow/dags/download_iedb.py for tasks to queue
[2023-01-08T21:15:43.283-0300] {logging_mixin.py:137} INFO - [2023-01-08T21:15:43.283-0300] {dagbag.py:538} INFO - Filling up the DagBag from /home/kallox/airflow/dags/download_iedb.py
[2023-01-08T21:15:47.730-0300] {processor.py:753} INFO - DAG(s) dict_keys(['download_iedb']) retrieved from /home/kallox/airflow/dags/download_iedb.py
[2023-01-08T21:15:47.760-0300] {logging_mixin.py:137} INFO - [2023-01-08T21:15:47.760-0300] {dag.py:2676} INFO - Sync 1 DAGs
[2023-01-08T21:15:47.780-0300] {logging_mixin.py:137} INFO - [2023-01-08T21:15:47.780-0300] {dag.py:3427} INFO - Setting next_dagrun for download_iedb to 2023-01-01T00:00:00+00:00, run_after=2023-02-01T00:00:00+00:00
[2023-01-08T21:15:47.797-0300] {processor.py:175} INFO - Processing /home/kallox/airflow/dags/download_iedb.py took 4.595 seconds
[2023-01-08T21:16:18.089-0300] {processor.py:153} INFO - Started process (PID=26068) to work on /home/kallox/airflow/dags/download_iedb.py
[2023-01-08T21:16:18.111-0300] {processor.py:743} INFO - Processing file /home/kallox/airflow/dags/download_iedb.py for tasks to queue
[2023-01-08T21:16:18.113-0300] {logging_mixin.py:137} INFO - [2023-01-08T21:16:18.112-0300] {dagbag.py:538} INFO - Filling up the DagBag from /home/kallox/airflow/dags/download_iedb.py
[2023-01-08T21:16:21.621-0300] {processor.py:753} INFO - DAG(s) dict_keys(['download_iedb']) retrieved from /home/kallox/airflow/dags/download_iedb.py
[2023-01-08T21:16:22.140-0300] {logging_mixin.py:137} INFO - [2023-01-08T21:16:22.140-0300] {dag.py:2676} INFO - Sync 1 DAGs
[2023-01-08T21:16:22.167-0300] {logging_mixin.py:137} INFO - [2023-01-08T21:16:22.167-0300] {dag.py:3427} INFO - Setting next_dagrun for download_iedb to 2023-01-01T00:00:00+00:00, run_after=2023-02-01T00:00:00+00:00
[2023-01-08T21:16:22.185-0300] {processor.py:175} INFO - Processing /home/kallox/airflow/dags/download_iedb.py took 4.235 seconds
[2023-01-08T21:16:52.267-0300] {processor.py:153} INFO - Started process (PID=26167) to work on /home/kallox/airflow/dags/download_iedb.py
[2023-01-08T21:16:52.267-0300] {processor.py:743} INFO - Processing file /home/kallox/airflow/dags/download_iedb.py for tasks to queue
[2023-01-08T21:16:52.268-0300] {logging_mixin.py:137} INFO - [2023-01-08T21:16:52.268-0300] {dagbag.py:538} INFO - Filling up the DagBag from /home/kallox/airflow/dags/download_iedb.py
[2023-01-08T21:16:54.459-0300] {processor.py:753} INFO - DAG(s) dict_keys(['download_iedb']) retrieved from /home/kallox/airflow/dags/download_iedb.py
[2023-01-08T21:16:54.485-0300] {logging_mixin.py:137} INFO - [2023-01-08T21:16:54.485-0300] {dag.py:2676} INFO - Sync 1 DAGs
[2023-01-08T21:16:54.507-0300] {logging_mixin.py:137} INFO - [2023-01-08T21:16:54.507-0300] {dag.py:3427} INFO - Setting next_dagrun for download_iedb to 2023-01-01T00:00:00+00:00, run_after=2023-02-01T00:00:00+00:00
[2023-01-08T21:16:54.588-0300] {processor.py:175} INFO - Processing /home/kallox/airflow/dags/download_iedb.py took 2.369 seconds
[2023-01-08T21:17:25.026-0300] {processor.py:153} INFO - Started process (PID=26263) to work on /home/kallox/airflow/dags/download_iedb.py
[2023-01-08T21:17:25.027-0300] {processor.py:743} INFO - Processing file /home/kallox/airflow/dags/download_iedb.py for tasks to queue
[2023-01-08T21:17:25.028-0300] {logging_mixin.py:137} INFO - [2023-01-08T21:17:25.028-0300] {dagbag.py:538} INFO - Filling up the DagBag from /home/kallox/airflow/dags/download_iedb.py
[2023-01-08T21:17:28.850-0300] {processor.py:753} INFO - DAG(s) dict_keys(['download_iedb']) retrieved from /home/kallox/airflow/dags/download_iedb.py
[2023-01-08T21:17:28.914-0300] {logging_mixin.py:137} INFO - [2023-01-08T21:17:28.913-0300] {dag.py:2676} INFO - Sync 1 DAGs
[2023-01-08T21:17:28.935-0300] {logging_mixin.py:137} INFO - [2023-01-08T21:17:28.935-0300] {dag.py:3427} INFO - Setting next_dagrun for download_iedb to 2023-01-01T00:00:00+00:00, run_after=2023-02-01T00:00:00+00:00
[2023-01-08T21:17:28.959-0300] {processor.py:175} INFO - Processing /home/kallox/airflow/dags/download_iedb.py took 3.981 seconds
[2023-01-08T21:17:59.475-0300] {processor.py:153} INFO - Started process (PID=26360) to work on /home/kallox/airflow/dags/download_iedb.py
[2023-01-08T21:17:59.478-0300] {processor.py:743} INFO - Processing file /home/kallox/airflow/dags/download_iedb.py for tasks to queue
[2023-01-08T21:17:59.483-0300] {logging_mixin.py:137} INFO - [2023-01-08T21:17:59.483-0300] {dagbag.py:538} INFO - Filling up the DagBag from /home/kallox/airflow/dags/download_iedb.py
[2023-01-08T21:18:03.712-0300] {processor.py:753} INFO - DAG(s) dict_keys(['download_iedb']) retrieved from /home/kallox/airflow/dags/download_iedb.py
[2023-01-08T21:18:03.756-0300] {logging_mixin.py:137} INFO - [2023-01-08T21:18:03.756-0300] {dag.py:2676} INFO - Sync 1 DAGs
[2023-01-08T21:18:03.784-0300] {logging_mixin.py:137} INFO - [2023-01-08T21:18:03.784-0300] {dag.py:3427} INFO - Setting next_dagrun for download_iedb to 2023-01-01T00:00:00+00:00, run_after=2023-02-01T00:00:00+00:00
[2023-01-08T21:18:03.807-0300] {processor.py:175} INFO - Processing /home/kallox/airflow/dags/download_iedb.py took 4.344 seconds
[2023-01-08T21:18:34.527-0300] {processor.py:153} INFO - Started process (PID=26462) to work on /home/kallox/airflow/dags/download_iedb.py
[2023-01-08T21:18:34.528-0300] {processor.py:743} INFO - Processing file /home/kallox/airflow/dags/download_iedb.py for tasks to queue
[2023-01-08T21:18:34.528-0300] {logging_mixin.py:137} INFO - [2023-01-08T21:18:34.528-0300] {dagbag.py:538} INFO - Filling up the DagBag from /home/kallox/airflow/dags/download_iedb.py
[2023-01-08T21:18:36.454-0300] {processor.py:753} INFO - DAG(s) dict_keys(['download_iedb']) retrieved from /home/kallox/airflow/dags/download_iedb.py
[2023-01-08T21:18:36.583-0300] {logging_mixin.py:137} INFO - [2023-01-08T21:18:36.583-0300] {dag.py:2676} INFO - Sync 1 DAGs
[2023-01-08T21:18:36.609-0300] {logging_mixin.py:137} INFO - [2023-01-08T21:18:36.609-0300] {dag.py:3427} INFO - Setting next_dagrun for download_iedb to 2023-01-01T00:00:00+00:00, run_after=2023-02-01T00:00:00+00:00
[2023-01-08T21:18:36.626-0300] {processor.py:175} INFO - Processing /home/kallox/airflow/dags/download_iedb.py took 2.644 seconds
[2023-01-08T21:19:07.204-0300] {processor.py:153} INFO - Started process (PID=26562) to work on /home/kallox/airflow/dags/download_iedb.py
[2023-01-08T21:19:07.232-0300] {processor.py:743} INFO - Processing file /home/kallox/airflow/dags/download_iedb.py for tasks to queue
[2023-01-08T21:19:07.232-0300] {logging_mixin.py:137} INFO - [2023-01-08T21:19:07.232-0300] {dagbag.py:538} INFO - Filling up the DagBag from /home/kallox/airflow/dags/download_iedb.py
[2023-01-08T21:19:09.804-0300] {processor.py:753} INFO - DAG(s) dict_keys(['download_iedb']) retrieved from /home/kallox/airflow/dags/download_iedb.py
[2023-01-08T21:19:09.835-0300] {logging_mixin.py:137} INFO - [2023-01-08T21:19:09.835-0300] {dag.py:2676} INFO - Sync 1 DAGs
[2023-01-08T21:19:09.855-0300] {logging_mixin.py:137} INFO - [2023-01-08T21:19:09.854-0300] {dag.py:3427} INFO - Setting next_dagrun for download_iedb to 2023-01-01T00:00:00+00:00, run_after=2023-02-01T00:00:00+00:00
[2023-01-08T21:19:09.872-0300] {processor.py:175} INFO - Processing /home/kallox/airflow/dags/download_iedb.py took 2.700 seconds
[2023-01-08T21:19:57.458-0300] {processor.py:153} INFO - Started process (PID=26669) to work on /home/kallox/airflow/dags/download_iedb.py
[2023-01-08T21:19:57.459-0300] {processor.py:743} INFO - Processing file /home/kallox/airflow/dags/download_iedb.py for tasks to queue
[2023-01-08T21:19:57.460-0300] {logging_mixin.py:137} INFO - [2023-01-08T21:19:57.459-0300] {dagbag.py:538} INFO - Filling up the DagBag from /home/kallox/airflow/dags/download_iedb.py
[2023-01-08T21:19:59.779-0300] {processor.py:753} INFO - DAG(s) dict_keys(['download_iedb']) retrieved from /home/kallox/airflow/dags/download_iedb.py
[2023-01-08T21:19:59.805-0300] {logging_mixin.py:137} INFO - [2023-01-08T21:19:59.805-0300] {dag.py:2676} INFO - Sync 1 DAGs
[2023-01-08T21:19:59.826-0300] {logging_mixin.py:137} INFO - [2023-01-08T21:19:59.826-0300] {dag.py:3427} INFO - Setting next_dagrun for download_iedb to 2023-01-01T00:00:00+00:00, run_after=2023-02-01T00:00:00+00:00
[2023-01-08T21:19:59.843-0300] {processor.py:175} INFO - Processing /home/kallox/airflow/dags/download_iedb.py took 2.420 seconds
[2023-01-08T21:20:30.268-0300] {processor.py:153} INFO - Started process (PID=26768) to work on /home/kallox/airflow/dags/download_iedb.py
[2023-01-08T21:20:30.275-0300] {processor.py:743} INFO - Processing file /home/kallox/airflow/dags/download_iedb.py for tasks to queue
[2023-01-08T21:20:30.276-0300] {logging_mixin.py:137} INFO - [2023-01-08T21:20:30.275-0300] {dagbag.py:538} INFO - Filling up the DagBag from /home/kallox/airflow/dags/download_iedb.py
[2023-01-08T21:20:32.053-0300] {processor.py:753} INFO - DAG(s) dict_keys(['download_iedb']) retrieved from /home/kallox/airflow/dags/download_iedb.py
[2023-01-08T21:20:32.204-0300] {logging_mixin.py:137} INFO - [2023-01-08T21:20:32.203-0300] {dag.py:2676} INFO - Sync 1 DAGs
[2023-01-08T21:20:32.243-0300] {logging_mixin.py:137} INFO - [2023-01-08T21:20:32.243-0300] {dag.py:3427} INFO - Setting next_dagrun for download_iedb to 2023-01-01T00:00:00+00:00, run_after=2023-02-01T00:00:00+00:00
[2023-01-08T21:20:32.315-0300] {processor.py:175} INFO - Processing /home/kallox/airflow/dags/download_iedb.py took 2.054 seconds
[2023-01-08T21:21:02.784-0300] {processor.py:153} INFO - Started process (PID=26859) to work on /home/kallox/airflow/dags/download_iedb.py
[2023-01-08T21:21:02.784-0300] {processor.py:743} INFO - Processing file /home/kallox/airflow/dags/download_iedb.py for tasks to queue
[2023-01-08T21:21:02.785-0300] {logging_mixin.py:137} INFO - [2023-01-08T21:21:02.785-0300] {dagbag.py:538} INFO - Filling up the DagBag from /home/kallox/airflow/dags/download_iedb.py
[2023-01-08T21:21:04.296-0300] {processor.py:753} INFO - DAG(s) dict_keys(['download_iedb']) retrieved from /home/kallox/airflow/dags/download_iedb.py
[2023-01-08T21:21:04.327-0300] {logging_mixin.py:137} INFO - [2023-01-08T21:21:04.327-0300] {dag.py:2676} INFO - Sync 1 DAGs
[2023-01-08T21:21:04.349-0300] {logging_mixin.py:137} INFO - [2023-01-08T21:21:04.348-0300] {dag.py:3427} INFO - Setting next_dagrun for download_iedb to 2023-01-01T00:00:00+00:00, run_after=2023-02-01T00:00:00+00:00
[2023-01-08T21:21:04.364-0300] {processor.py:175} INFO - Processing /home/kallox/airflow/dags/download_iedb.py took 1.589 seconds
[2023-01-08T21:21:34.736-0300] {processor.py:153} INFO - Started process (PID=26956) to work on /home/kallox/airflow/dags/download_iedb.py
[2023-01-08T21:21:34.737-0300] {processor.py:743} INFO - Processing file /home/kallox/airflow/dags/download_iedb.py for tasks to queue
[2023-01-08T21:21:34.738-0300] {logging_mixin.py:137} INFO - [2023-01-08T21:21:34.737-0300] {dagbag.py:538} INFO - Filling up the DagBag from /home/kallox/airflow/dags/download_iedb.py
[2023-01-08T21:21:38.126-0300] {processor.py:753} INFO - DAG(s) dict_keys(['download_iedb']) retrieved from /home/kallox/airflow/dags/download_iedb.py
[2023-01-08T21:21:38.157-0300] {logging_mixin.py:137} INFO - [2023-01-08T21:21:38.157-0300] {dag.py:2676} INFO - Sync 1 DAGs
[2023-01-08T21:21:38.355-0300] {logging_mixin.py:137} INFO - [2023-01-08T21:21:38.355-0300] {dag.py:3427} INFO - Setting next_dagrun for download_iedb to 2023-01-01T00:00:00+00:00, run_after=2023-02-01T00:00:00+00:00
[2023-01-08T21:21:38.378-0300] {processor.py:175} INFO - Processing /home/kallox/airflow/dags/download_iedb.py took 3.715 seconds
[2023-01-08T21:22:08.856-0300] {processor.py:153} INFO - Started process (PID=27046) to work on /home/kallox/airflow/dags/download_iedb.py
[2023-01-08T21:22:08.857-0300] {processor.py:743} INFO - Processing file /home/kallox/airflow/dags/download_iedb.py for tasks to queue
[2023-01-08T21:22:08.857-0300] {logging_mixin.py:137} INFO - [2023-01-08T21:22:08.857-0300] {dagbag.py:538} INFO - Filling up the DagBag from /home/kallox/airflow/dags/download_iedb.py
[2023-01-08T21:22:09.755-0300] {processor.py:753} INFO - DAG(s) dict_keys(['download_iedb']) retrieved from /home/kallox/airflow/dags/download_iedb.py
[2023-01-08T21:22:09.791-0300] {logging_mixin.py:137} INFO - [2023-01-08T21:22:09.791-0300] {dag.py:2676} INFO - Sync 1 DAGs
[2023-01-08T21:22:09.812-0300] {logging_mixin.py:137} INFO - [2023-01-08T21:22:09.812-0300] {dag.py:3427} INFO - Setting next_dagrun for download_iedb to 2023-01-01T00:00:00+00:00, run_after=2023-02-01T00:00:00+00:00
[2023-01-08T21:22:09.835-0300] {processor.py:175} INFO - Processing /home/kallox/airflow/dags/download_iedb.py took 0.982 seconds
[2023-01-08T21:22:40.111-0300] {processor.py:153} INFO - Started process (PID=27147) to work on /home/kallox/airflow/dags/download_iedb.py
[2023-01-08T21:22:40.112-0300] {processor.py:743} INFO - Processing file /home/kallox/airflow/dags/download_iedb.py for tasks to queue
[2023-01-08T21:22:40.113-0300] {logging_mixin.py:137} INFO - [2023-01-08T21:22:40.113-0300] {dagbag.py:538} INFO - Filling up the DagBag from /home/kallox/airflow/dags/download_iedb.py
[2023-01-08T21:22:40.999-0300] {processor.py:753} INFO - DAG(s) dict_keys(['download_iedb']) retrieved from /home/kallox/airflow/dags/download_iedb.py
[2023-01-08T21:22:41.031-0300] {logging_mixin.py:137} INFO - [2023-01-08T21:22:41.031-0300] {dag.py:2676} INFO - Sync 1 DAGs
[2023-01-08T21:22:41.053-0300] {logging_mixin.py:137} INFO - [2023-01-08T21:22:41.053-0300] {dag.py:3427} INFO - Setting next_dagrun for download_iedb to 2023-01-01T00:00:00+00:00, run_after=2023-02-01T00:00:00+00:00
[2023-01-08T21:22:41.089-0300] {processor.py:175} INFO - Processing /home/kallox/airflow/dags/download_iedb.py took 0.984 seconds
[2023-01-08T21:23:11.722-0300] {processor.py:153} INFO - Started process (PID=27245) to work on /home/kallox/airflow/dags/download_iedb.py
[2023-01-08T21:23:11.723-0300] {processor.py:743} INFO - Processing file /home/kallox/airflow/dags/download_iedb.py for tasks to queue
[2023-01-08T21:23:11.728-0300] {logging_mixin.py:137} INFO - [2023-01-08T21:23:11.727-0300] {dagbag.py:538} INFO - Filling up the DagBag from /home/kallox/airflow/dags/download_iedb.py
[2023-01-08T21:23:15.253-0300] {processor.py:753} INFO - DAG(s) dict_keys(['download_iedb']) retrieved from /home/kallox/airflow/dags/download_iedb.py
[2023-01-08T21:23:15.397-0300] {logging_mixin.py:137} INFO - [2023-01-08T21:23:15.397-0300] {dag.py:2676} INFO - Sync 1 DAGs
[2023-01-08T21:23:15.431-0300] {logging_mixin.py:137} INFO - [2023-01-08T21:23:15.431-0300] {dag.py:3427} INFO - Setting next_dagrun for download_iedb to 2023-01-01T00:00:00+00:00, run_after=2023-02-01T00:00:00+00:00
[2023-01-08T21:23:15.455-0300] {processor.py:175} INFO - Processing /home/kallox/airflow/dags/download_iedb.py took 3.782 seconds
[2023-01-08T21:23:45.744-0300] {processor.py:153} INFO - Started process (PID=27342) to work on /home/kallox/airflow/dags/download_iedb.py
[2023-01-08T21:23:45.745-0300] {processor.py:743} INFO - Processing file /home/kallox/airflow/dags/download_iedb.py for tasks to queue
[2023-01-08T21:23:45.746-0300] {logging_mixin.py:137} INFO - [2023-01-08T21:23:45.745-0300] {dagbag.py:538} INFO - Filling up the DagBag from /home/kallox/airflow/dags/download_iedb.py
[2023-01-08T21:23:47.370-0300] {processor.py:753} INFO - DAG(s) dict_keys(['download_iedb']) retrieved from /home/kallox/airflow/dags/download_iedb.py
[2023-01-08T21:23:47.549-0300] {logging_mixin.py:137} INFO - [2023-01-08T21:23:47.549-0300] {dag.py:2676} INFO - Sync 1 DAGs
[2023-01-08T21:23:47.570-0300] {logging_mixin.py:137} INFO - [2023-01-08T21:23:47.570-0300] {dag.py:3427} INFO - Setting next_dagrun for download_iedb to 2023-01-01T00:00:00+00:00, run_after=2023-02-01T00:00:00+00:00
[2023-01-08T21:23:47.662-0300] {processor.py:175} INFO - Processing /home/kallox/airflow/dags/download_iedb.py took 1.920 seconds
[2023-01-08T21:24:18.511-0300] {processor.py:153} INFO - Started process (PID=27442) to work on /home/kallox/airflow/dags/download_iedb.py
[2023-01-08T21:24:18.512-0300] {processor.py:743} INFO - Processing file /home/kallox/airflow/dags/download_iedb.py for tasks to queue
[2023-01-08T21:24:18.513-0300] {logging_mixin.py:137} INFO - [2023-01-08T21:24:18.513-0300] {dagbag.py:538} INFO - Filling up the DagBag from /home/kallox/airflow/dags/download_iedb.py
[2023-01-08T21:24:19.039-0300] {processor.py:753} INFO - DAG(s) dict_keys(['download_iedb']) retrieved from /home/kallox/airflow/dags/download_iedb.py
[2023-01-08T21:24:19.066-0300] {logging_mixin.py:137} INFO - [2023-01-08T21:24:19.065-0300] {dag.py:2676} INFO - Sync 1 DAGs
[2023-01-08T21:24:19.087-0300] {logging_mixin.py:137} INFO - [2023-01-08T21:24:19.087-0300] {dag.py:3427} INFO - Setting next_dagrun for download_iedb to 2023-01-01T00:00:00+00:00, run_after=2023-02-01T00:00:00+00:00
[2023-01-08T21:24:19.112-0300] {processor.py:175} INFO - Processing /home/kallox/airflow/dags/download_iedb.py took 0.607 seconds
[2023-01-08T21:24:52.361-0300] {processor.py:153} INFO - Started process (PID=27540) to work on /home/kallox/airflow/dags/download_iedb.py
[2023-01-08T21:24:52.362-0300] {processor.py:743} INFO - Processing file /home/kallox/airflow/dags/download_iedb.py for tasks to queue
[2023-01-08T21:24:52.362-0300] {logging_mixin.py:137} INFO - [2023-01-08T21:24:52.362-0300] {dagbag.py:538} INFO - Filling up the DagBag from /home/kallox/airflow/dags/download_iedb.py
[2023-01-08T21:24:52.615-0300] {processor.py:753} INFO - DAG(s) dict_keys(['download_iedb']) retrieved from /home/kallox/airflow/dags/download_iedb.py
[2023-01-08T21:24:52.639-0300] {logging_mixin.py:137} INFO - [2023-01-08T21:24:52.639-0300] {dag.py:2676} INFO - Sync 1 DAGs
[2023-01-08T21:24:52.658-0300] {logging_mixin.py:137} INFO - [2023-01-08T21:24:52.658-0300] {dag.py:3427} INFO - Setting next_dagrun for download_iedb to 2023-01-01T00:00:00+00:00, run_after=2023-02-01T00:00:00+00:00
[2023-01-08T21:24:52.676-0300] {processor.py:175} INFO - Processing /home/kallox/airflow/dags/download_iedb.py took 0.317 seconds
[2023-01-08T21:25:22.838-0300] {processor.py:153} INFO - Started process (PID=27632) to work on /home/kallox/airflow/dags/download_iedb.py
[2023-01-08T21:25:22.839-0300] {processor.py:743} INFO - Processing file /home/kallox/airflow/dags/download_iedb.py for tasks to queue
[2023-01-08T21:25:22.839-0300] {logging_mixin.py:137} INFO - [2023-01-08T21:25:22.839-0300] {dagbag.py:538} INFO - Filling up the DagBag from /home/kallox/airflow/dags/download_iedb.py
[2023-01-08T21:25:23.067-0300] {processor.py:753} INFO - DAG(s) dict_keys(['download_iedb']) retrieved from /home/kallox/airflow/dags/download_iedb.py
[2023-01-08T21:25:23.092-0300] {logging_mixin.py:137} INFO - [2023-01-08T21:25:23.092-0300] {dag.py:2676} INFO - Sync 1 DAGs
[2023-01-08T21:25:23.116-0300] {logging_mixin.py:137} INFO - [2023-01-08T21:25:23.115-0300] {dag.py:3427} INFO - Setting next_dagrun for download_iedb to 2023-01-01T00:00:00+00:00, run_after=2023-02-01T00:00:00+00:00
[2023-01-08T21:25:23.137-0300] {processor.py:175} INFO - Processing /home/kallox/airflow/dags/download_iedb.py took 0.301 seconds
[2023-01-08T21:25:53.308-0300] {processor.py:153} INFO - Started process (PID=27715) to work on /home/kallox/airflow/dags/download_iedb.py
[2023-01-08T21:25:53.309-0300] {processor.py:743} INFO - Processing file /home/kallox/airflow/dags/download_iedb.py for tasks to queue
[2023-01-08T21:25:53.309-0300] {logging_mixin.py:137} INFO - [2023-01-08T21:25:53.309-0300] {dagbag.py:538} INFO - Filling up the DagBag from /home/kallox/airflow/dags/download_iedb.py
[2023-01-08T21:25:53.525-0300] {processor.py:753} INFO - DAG(s) dict_keys(['download_iedb']) retrieved from /home/kallox/airflow/dags/download_iedb.py
[2023-01-08T21:25:53.547-0300] {logging_mixin.py:137} INFO - [2023-01-08T21:25:53.547-0300] {dag.py:2676} INFO - Sync 1 DAGs
[2023-01-08T21:25:53.565-0300] {logging_mixin.py:137} INFO - [2023-01-08T21:25:53.565-0300] {dag.py:3427} INFO - Setting next_dagrun for download_iedb to 2023-01-01T00:00:00+00:00, run_after=2023-02-01T00:00:00+00:00
[2023-01-08T21:25:53.582-0300] {processor.py:175} INFO - Processing /home/kallox/airflow/dags/download_iedb.py took 0.276 seconds
[2023-01-08T21:26:23.751-0300] {processor.py:153} INFO - Started process (PID=27790) to work on /home/kallox/airflow/dags/download_iedb.py
[2023-01-08T21:26:23.752-0300] {processor.py:743} INFO - Processing file /home/kallox/airflow/dags/download_iedb.py for tasks to queue
[2023-01-08T21:26:23.753-0300] {logging_mixin.py:137} INFO - [2023-01-08T21:26:23.752-0300] {dagbag.py:538} INFO - Filling up the DagBag from /home/kallox/airflow/dags/download_iedb.py
[2023-01-08T21:26:23.981-0300] {processor.py:753} INFO - DAG(s) dict_keys(['download_iedb']) retrieved from /home/kallox/airflow/dags/download_iedb.py
[2023-01-08T21:26:24.001-0300] {logging_mixin.py:137} INFO - [2023-01-08T21:26:24.001-0300] {dag.py:2676} INFO - Sync 1 DAGs
[2023-01-08T21:26:24.020-0300] {logging_mixin.py:137} INFO - [2023-01-08T21:26:24.020-0300] {dag.py:3427} INFO - Setting next_dagrun for download_iedb to 2023-01-01T00:00:00+00:00, run_after=2023-02-01T00:00:00+00:00
[2023-01-08T21:26:24.036-0300] {processor.py:175} INFO - Processing /home/kallox/airflow/dags/download_iedb.py took 0.288 seconds
[2023-01-08T21:26:54.216-0300] {processor.py:153} INFO - Started process (PID=27866) to work on /home/kallox/airflow/dags/download_iedb.py
[2023-01-08T21:26:54.217-0300] {processor.py:743} INFO - Processing file /home/kallox/airflow/dags/download_iedb.py for tasks to queue
[2023-01-08T21:26:54.217-0300] {logging_mixin.py:137} INFO - [2023-01-08T21:26:54.217-0300] {dagbag.py:538} INFO - Filling up the DagBag from /home/kallox/airflow/dags/download_iedb.py
[2023-01-08T21:26:54.440-0300] {processor.py:753} INFO - DAG(s) dict_keys(['download_iedb']) retrieved from /home/kallox/airflow/dags/download_iedb.py
[2023-01-08T21:26:54.464-0300] {logging_mixin.py:137} INFO - [2023-01-08T21:26:54.463-0300] {dag.py:2676} INFO - Sync 1 DAGs
[2023-01-08T21:26:54.482-0300] {logging_mixin.py:137} INFO - [2023-01-08T21:26:54.482-0300] {dag.py:3427} INFO - Setting next_dagrun for download_iedb to 2023-01-01T00:00:00+00:00, run_after=2023-02-01T00:00:00+00:00
[2023-01-08T21:26:54.506-0300] {processor.py:175} INFO - Processing /home/kallox/airflow/dags/download_iedb.py took 0.292 seconds
[2023-01-08T21:27:24.693-0300] {processor.py:153} INFO - Started process (PID=27941) to work on /home/kallox/airflow/dags/download_iedb.py
[2023-01-08T21:27:24.693-0300] {processor.py:743} INFO - Processing file /home/kallox/airflow/dags/download_iedb.py for tasks to queue
[2023-01-08T21:27:24.694-0300] {logging_mixin.py:137} INFO - [2023-01-08T21:27:24.694-0300] {dagbag.py:538} INFO - Filling up the DagBag from /home/kallox/airflow/dags/download_iedb.py
[2023-01-08T21:27:24.920-0300] {processor.py:753} INFO - DAG(s) dict_keys(['download_iedb']) retrieved from /home/kallox/airflow/dags/download_iedb.py
[2023-01-08T21:27:24.943-0300] {logging_mixin.py:137} INFO - [2023-01-08T21:27:24.943-0300] {dag.py:2676} INFO - Sync 1 DAGs
[2023-01-08T21:27:24.961-0300] {logging_mixin.py:137} INFO - [2023-01-08T21:27:24.961-0300] {dag.py:3427} INFO - Setting next_dagrun for download_iedb to 2023-01-01T00:00:00+00:00, run_after=2023-02-01T00:00:00+00:00
[2023-01-08T21:27:24.985-0300] {processor.py:175} INFO - Processing /home/kallox/airflow/dags/download_iedb.py took 0.295 seconds
[2023-01-08T21:27:44.772-0300] {processor.py:153} INFO - Started process (PID=28169) to work on /home/kallox/airflow/dags/download_iedb.py
[2023-01-08T21:27:44.773-0300] {processor.py:743} INFO - Processing file /home/kallox/airflow/dags/download_iedb.py for tasks to queue
[2023-01-08T21:27:44.773-0300] {logging_mixin.py:137} INFO - [2023-01-08T21:27:44.773-0300] {dagbag.py:538} INFO - Filling up the DagBag from /home/kallox/airflow/dags/download_iedb.py
[2023-01-08T21:27:44.885-0300] {processor.py:753} INFO - DAG(s) dict_keys(['download_iedb']) retrieved from /home/kallox/airflow/dags/download_iedb.py
[2023-01-08T21:27:44.992-0300] {logging_mixin.py:137} INFO - [2023-01-08T21:27:44.992-0300] {dag.py:2676} INFO - Sync 1 DAGs
[2023-01-08T21:27:45.010-0300] {logging_mixin.py:137} INFO - [2023-01-08T21:27:45.010-0300] {dag.py:3427} INFO - Setting next_dagrun for download_iedb to 2023-01-01T00:00:00+00:00, run_after=2023-02-01T00:00:00+00:00
[2023-01-08T21:27:45.026-0300] {processor.py:175} INFO - Processing /home/kallox/airflow/dags/download_iedb.py took 0.256 seconds
[2023-01-08T21:28:15.395-0300] {processor.py:153} INFO - Started process (PID=28250) to work on /home/kallox/airflow/dags/download_iedb.py
[2023-01-08T21:28:15.395-0300] {processor.py:743} INFO - Processing file /home/kallox/airflow/dags/download_iedb.py for tasks to queue
[2023-01-08T21:28:15.396-0300] {logging_mixin.py:137} INFO - [2023-01-08T21:28:15.396-0300] {dagbag.py:538} INFO - Filling up the DagBag from /home/kallox/airflow/dags/download_iedb.py
[2023-01-08T21:28:15.582-0300] {processor.py:753} INFO - DAG(s) dict_keys(['download_iedb']) retrieved from /home/kallox/airflow/dags/download_iedb.py
[2023-01-08T21:28:15.605-0300] {logging_mixin.py:137} INFO - [2023-01-08T21:28:15.604-0300] {dag.py:2676} INFO - Sync 1 DAGs
[2023-01-08T21:28:15.622-0300] {logging_mixin.py:137} INFO - [2023-01-08T21:28:15.622-0300] {dag.py:3427} INFO - Setting next_dagrun for download_iedb to 2023-01-01T00:00:00+00:00, run_after=2023-02-01T00:00:00+00:00
[2023-01-08T21:28:15.646-0300] {processor.py:175} INFO - Processing /home/kallox/airflow/dags/download_iedb.py took 0.253 seconds
[2023-01-08T21:28:46.108-0300] {processor.py:153} INFO - Started process (PID=28329) to work on /home/kallox/airflow/dags/download_iedb.py
[2023-01-08T21:28:46.109-0300] {processor.py:743} INFO - Processing file /home/kallox/airflow/dags/download_iedb.py for tasks to queue
[2023-01-08T21:28:46.109-0300] {logging_mixin.py:137} INFO - [2023-01-08T21:28:46.109-0300] {dagbag.py:538} INFO - Filling up the DagBag from /home/kallox/airflow/dags/download_iedb.py
[2023-01-08T21:28:46.218-0300] {processor.py:753} INFO - DAG(s) dict_keys(['download_iedb']) retrieved from /home/kallox/airflow/dags/download_iedb.py
[2023-01-08T21:28:46.242-0300] {logging_mixin.py:137} INFO - [2023-01-08T21:28:46.242-0300] {dag.py:2676} INFO - Sync 1 DAGs
[2023-01-08T21:28:46.263-0300] {logging_mixin.py:137} INFO - [2023-01-08T21:28:46.262-0300] {dag.py:3427} INFO - Setting next_dagrun for download_iedb to 2023-01-01T00:00:00+00:00, run_after=2023-02-01T00:00:00+00:00
[2023-01-08T21:28:46.360-0300] {processor.py:175} INFO - Processing /home/kallox/airflow/dags/download_iedb.py took 0.254 seconds
[2023-01-08T21:29:16.548-0300] {processor.py:153} INFO - Started process (PID=28421) to work on /home/kallox/airflow/dags/download_iedb.py
[2023-01-08T21:29:16.549-0300] {processor.py:743} INFO - Processing file /home/kallox/airflow/dags/download_iedb.py for tasks to queue
[2023-01-08T21:29:16.549-0300] {logging_mixin.py:137} INFO - [2023-01-08T21:29:16.549-0300] {dagbag.py:538} INFO - Filling up the DagBag from /home/kallox/airflow/dags/download_iedb.py
[2023-01-08T21:29:16.658-0300] {processor.py:753} INFO - DAG(s) dict_keys(['download_iedb']) retrieved from /home/kallox/airflow/dags/download_iedb.py
[2023-01-08T21:29:16.681-0300] {logging_mixin.py:137} INFO - [2023-01-08T21:29:16.681-0300] {dag.py:2676} INFO - Sync 1 DAGs
[2023-01-08T21:29:16.790-0300] {logging_mixin.py:137} INFO - [2023-01-08T21:29:16.790-0300] {dag.py:3427} INFO - Setting next_dagrun for download_iedb to 2023-01-01T00:00:00+00:00, run_after=2023-02-01T00:00:00+00:00
[2023-01-08T21:29:16.814-0300] {processor.py:175} INFO - Processing /home/kallox/airflow/dags/download_iedb.py took 0.267 seconds
[2023-01-08T21:29:47.192-0300] {processor.py:153} INFO - Started process (PID=28499) to work on /home/kallox/airflow/dags/download_iedb.py
[2023-01-08T21:29:47.193-0300] {processor.py:743} INFO - Processing file /home/kallox/airflow/dags/download_iedb.py for tasks to queue
[2023-01-08T21:29:47.193-0300] {logging_mixin.py:137} INFO - [2023-01-08T21:29:47.193-0300] {dagbag.py:538} INFO - Filling up the DagBag from /home/kallox/airflow/dags/download_iedb.py
[2023-01-08T21:29:47.300-0300] {processor.py:753} INFO - DAG(s) dict_keys(['download_iedb']) retrieved from /home/kallox/airflow/dags/download_iedb.py
[2023-01-08T21:29:47.322-0300] {logging_mixin.py:137} INFO - [2023-01-08T21:29:47.322-0300] {dag.py:2676} INFO - Sync 1 DAGs
[2023-01-08T21:29:47.420-0300] {logging_mixin.py:137} INFO - [2023-01-08T21:29:47.420-0300] {dag.py:3427} INFO - Setting next_dagrun for download_iedb to 2023-01-01T00:00:00+00:00, run_after=2023-02-01T00:00:00+00:00
[2023-01-08T21:29:47.444-0300] {processor.py:175} INFO - Processing /home/kallox/airflow/dags/download_iedb.py took 0.253 seconds
[2023-01-08T21:30:18.155-0300] {processor.py:153} INFO - Started process (PID=28580) to work on /home/kallox/airflow/dags/download_iedb.py
[2023-01-08T21:30:18.156-0300] {processor.py:743} INFO - Processing file /home/kallox/airflow/dags/download_iedb.py for tasks to queue
[2023-01-08T21:30:18.157-0300] {logging_mixin.py:137} INFO - [2023-01-08T21:30:18.157-0300] {dagbag.py:538} INFO - Filling up the DagBag from /home/kallox/airflow/dags/download_iedb.py
[2023-01-08T21:30:18.266-0300] {processor.py:753} INFO - DAG(s) dict_keys(['download_iedb']) retrieved from /home/kallox/airflow/dags/download_iedb.py
[2023-01-08T21:30:18.370-0300] {logging_mixin.py:137} INFO - [2023-01-08T21:30:18.369-0300] {dag.py:2676} INFO - Sync 1 DAGs
[2023-01-08T21:30:18.387-0300] {logging_mixin.py:137} INFO - [2023-01-08T21:30:18.386-0300] {dag.py:3427} INFO - Setting next_dagrun for download_iedb to 2023-01-01T00:00:00+00:00, run_after=2023-02-01T00:00:00+00:00
[2023-01-08T21:30:18.409-0300] {processor.py:175} INFO - Processing /home/kallox/airflow/dags/download_iedb.py took 0.255 seconds
[2023-01-08T21:30:48.839-0300] {processor.py:153} INFO - Started process (PID=28660) to work on /home/kallox/airflow/dags/download_iedb.py
[2023-01-08T21:30:48.840-0300] {processor.py:743} INFO - Processing file /home/kallox/airflow/dags/download_iedb.py for tasks to queue
[2023-01-08T21:30:48.841-0300] {logging_mixin.py:137} INFO - [2023-01-08T21:30:48.841-0300] {dagbag.py:538} INFO - Filling up the DagBag from /home/kallox/airflow/dags/download_iedb.py
[2023-01-08T21:30:48.955-0300] {processor.py:753} INFO - DAG(s) dict_keys(['download_iedb']) retrieved from /home/kallox/airflow/dags/download_iedb.py
[2023-01-08T21:30:49.056-0300] {logging_mixin.py:137} INFO - [2023-01-08T21:30:49.056-0300] {dag.py:2676} INFO - Sync 1 DAGs
[2023-01-08T21:30:49.072-0300] {logging_mixin.py:137} INFO - [2023-01-08T21:30:49.072-0300] {dag.py:3427} INFO - Setting next_dagrun for download_iedb to 2023-01-01T00:00:00+00:00, run_after=2023-02-01T00:00:00+00:00
[2023-01-08T21:30:49.095-0300] {processor.py:175} INFO - Processing /home/kallox/airflow/dags/download_iedb.py took 0.258 seconds
[2023-01-08T21:31:19.548-0300] {processor.py:153} INFO - Started process (PID=28740) to work on /home/kallox/airflow/dags/download_iedb.py
[2023-01-08T21:31:19.548-0300] {processor.py:743} INFO - Processing file /home/kallox/airflow/dags/download_iedb.py for tasks to queue
[2023-01-08T21:31:19.549-0300] {logging_mixin.py:137} INFO - [2023-01-08T21:31:19.549-0300] {dagbag.py:538} INFO - Filling up the DagBag from /home/kallox/airflow/dags/download_iedb.py
[2023-01-08T21:31:19.745-0300] {processor.py:753} INFO - DAG(s) dict_keys(['download_iedb']) retrieved from /home/kallox/airflow/dags/download_iedb.py
[2023-01-08T21:31:19.767-0300] {logging_mixin.py:137} INFO - [2023-01-08T21:31:19.767-0300] {dag.py:2676} INFO - Sync 1 DAGs
[2023-01-08T21:31:19.785-0300] {logging_mixin.py:137} INFO - [2023-01-08T21:31:19.785-0300] {dag.py:3427} INFO - Setting next_dagrun for download_iedb to 2023-01-01T00:00:00+00:00, run_after=2023-02-01T00:00:00+00:00
[2023-01-08T21:31:19.810-0300] {processor.py:175} INFO - Processing /home/kallox/airflow/dags/download_iedb.py took 0.265 seconds
[2023-01-08T21:31:50.530-0300] {processor.py:153} INFO - Started process (PID=28819) to work on /home/kallox/airflow/dags/download_iedb.py
[2023-01-08T21:31:50.530-0300] {processor.py:743} INFO - Processing file /home/kallox/airflow/dags/download_iedb.py for tasks to queue
[2023-01-08T21:31:50.530-0300] {logging_mixin.py:137} INFO - [2023-01-08T21:31:50.530-0300] {dagbag.py:538} INFO - Filling up the DagBag from /home/kallox/airflow/dags/download_iedb.py
[2023-01-08T21:31:50.637-0300] {processor.py:753} INFO - DAG(s) dict_keys(['download_iedb']) retrieved from /home/kallox/airflow/dags/download_iedb.py
[2023-01-08T21:31:50.661-0300] {logging_mixin.py:137} INFO - [2023-01-08T21:31:50.661-0300] {dag.py:2676} INFO - Sync 1 DAGs
[2023-01-08T21:31:50.758-0300] {logging_mixin.py:137} INFO - [2023-01-08T21:31:50.758-0300] {dag.py:3427} INFO - Setting next_dagrun for download_iedb to 2023-01-01T00:00:00+00:00, run_after=2023-02-01T00:00:00+00:00
[2023-01-08T21:31:50.782-0300] {processor.py:175} INFO - Processing /home/kallox/airflow/dags/download_iedb.py took 0.254 seconds
[2023-01-08T21:32:21.208-0300] {processor.py:153} INFO - Started process (PID=28898) to work on /home/kallox/airflow/dags/download_iedb.py
[2023-01-08T21:32:21.208-0300] {processor.py:743} INFO - Processing file /home/kallox/airflow/dags/download_iedb.py for tasks to queue
[2023-01-08T21:32:21.209-0300] {logging_mixin.py:137} INFO - [2023-01-08T21:32:21.209-0300] {dagbag.py:538} INFO - Filling up the DagBag from /home/kallox/airflow/dags/download_iedb.py
[2023-01-08T21:32:21.329-0300] {processor.py:753} INFO - DAG(s) dict_keys(['download_iedb']) retrieved from /home/kallox/airflow/dags/download_iedb.py
[2023-01-08T21:32:21.351-0300] {logging_mixin.py:137} INFO - [2023-01-08T21:32:21.351-0300] {dag.py:2676} INFO - Sync 1 DAGs
[2023-01-08T21:32:21.452-0300] {logging_mixin.py:137} INFO - [2023-01-08T21:32:21.452-0300] {dag.py:3427} INFO - Setting next_dagrun for download_iedb to 2023-01-01T00:00:00+00:00, run_after=2023-02-01T00:00:00+00:00
[2023-01-08T21:32:21.466-0300] {processor.py:175} INFO - Processing /home/kallox/airflow/dags/download_iedb.py took 0.261 seconds
[2023-01-08T21:32:52.114-0300] {processor.py:153} INFO - Started process (PID=28978) to work on /home/kallox/airflow/dags/download_iedb.py
[2023-01-08T21:32:52.115-0300] {processor.py:743} INFO - Processing file /home/kallox/airflow/dags/download_iedb.py for tasks to queue
[2023-01-08T21:32:52.116-0300] {logging_mixin.py:137} INFO - [2023-01-08T21:32:52.115-0300] {dagbag.py:538} INFO - Filling up the DagBag from /home/kallox/airflow/dags/download_iedb.py
[2023-01-08T21:32:52.231-0300] {processor.py:753} INFO - DAG(s) dict_keys(['download_iedb']) retrieved from /home/kallox/airflow/dags/download_iedb.py
[2023-01-08T21:32:52.337-0300] {logging_mixin.py:137} INFO - [2023-01-08T21:32:52.336-0300] {dag.py:2676} INFO - Sync 1 DAGs
[2023-01-08T21:32:52.355-0300] {logging_mixin.py:137} INFO - [2023-01-08T21:32:52.355-0300] {dag.py:3427} INFO - Setting next_dagrun for download_iedb to 2023-01-01T00:00:00+00:00, run_after=2023-02-01T00:00:00+00:00
[2023-01-08T21:32:52.370-0300] {processor.py:175} INFO - Processing /home/kallox/airflow/dags/download_iedb.py took 0.258 seconds
[2023-01-08T21:33:22.774-0300] {processor.py:153} INFO - Started process (PID=29059) to work on /home/kallox/airflow/dags/download_iedb.py
[2023-01-08T21:33:22.775-0300] {processor.py:743} INFO - Processing file /home/kallox/airflow/dags/download_iedb.py for tasks to queue
[2023-01-08T21:33:22.775-0300] {logging_mixin.py:137} INFO - [2023-01-08T21:33:22.775-0300] {dagbag.py:538} INFO - Filling up the DagBag from /home/kallox/airflow/dags/download_iedb.py
[2023-01-08T21:33:22.886-0300] {processor.py:753} INFO - DAG(s) dict_keys(['download_iedb']) retrieved from /home/kallox/airflow/dags/download_iedb.py
[2023-01-08T21:33:22.991-0300] {logging_mixin.py:137} INFO - [2023-01-08T21:33:22.991-0300] {dag.py:2676} INFO - Sync 1 DAGs
[2023-01-08T21:33:23.008-0300] {logging_mixin.py:137} INFO - [2023-01-08T21:33:23.008-0300] {dag.py:3427} INFO - Setting next_dagrun for download_iedb to 2023-01-01T00:00:00+00:00, run_after=2023-02-01T00:00:00+00:00
[2023-01-08T21:33:23.030-0300] {processor.py:175} INFO - Processing /home/kallox/airflow/dags/download_iedb.py took 0.258 seconds
[2023-01-08T21:33:53.482-0300] {processor.py:153} INFO - Started process (PID=29138) to work on /home/kallox/airflow/dags/download_iedb.py
[2023-01-08T21:33:53.483-0300] {processor.py:743} INFO - Processing file /home/kallox/airflow/dags/download_iedb.py for tasks to queue
[2023-01-08T21:33:53.483-0300] {logging_mixin.py:137} INFO - [2023-01-08T21:33:53.483-0300] {dagbag.py:538} INFO - Filling up the DagBag from /home/kallox/airflow/dags/download_iedb.py
[2023-01-08T21:33:53.669-0300] {processor.py:753} INFO - DAG(s) dict_keys(['download_iedb']) retrieved from /home/kallox/airflow/dags/download_iedb.py
[2023-01-08T21:33:53.691-0300] {logging_mixin.py:137} INFO - [2023-01-08T21:33:53.691-0300] {dag.py:2676} INFO - Sync 1 DAGs
[2023-01-08T21:33:53.711-0300] {logging_mixin.py:137} INFO - [2023-01-08T21:33:53.711-0300] {dag.py:3427} INFO - Setting next_dagrun for download_iedb to 2023-01-01T00:00:00+00:00, run_after=2023-02-01T00:00:00+00:00
[2023-01-08T21:33:53.734-0300] {processor.py:175} INFO - Processing /home/kallox/airflow/dags/download_iedb.py took 0.254 seconds
[2023-01-08T21:34:24.105-0300] {processor.py:153} INFO - Started process (PID=29220) to work on /home/kallox/airflow/dags/download_iedb.py
[2023-01-08T21:34:24.106-0300] {processor.py:743} INFO - Processing file /home/kallox/airflow/dags/download_iedb.py for tasks to queue
[2023-01-08T21:34:24.106-0300] {logging_mixin.py:137} INFO - [2023-01-08T21:34:24.106-0300] {dagbag.py:538} INFO - Filling up the DagBag from /home/kallox/airflow/dags/download_iedb.py
[2023-01-08T21:34:24.310-0300] {processor.py:753} INFO - DAG(s) dict_keys(['download_iedb']) retrieved from /home/kallox/airflow/dags/download_iedb.py
[2023-01-08T21:34:24.333-0300] {logging_mixin.py:137} INFO - [2023-01-08T21:34:24.333-0300] {dag.py:2676} INFO - Sync 1 DAGs
[2023-01-08T21:34:24.352-0300] {logging_mixin.py:137} INFO - [2023-01-08T21:34:24.352-0300] {dag.py:3427} INFO - Setting next_dagrun for download_iedb to 2023-01-01T00:00:00+00:00, run_after=2023-02-01T00:00:00+00:00
[2023-01-08T21:34:24.375-0300] {processor.py:175} INFO - Processing /home/kallox/airflow/dags/download_iedb.py took 0.272 seconds
[2023-01-08T21:34:54.669-0300] {processor.py:153} INFO - Started process (PID=29321) to work on /home/kallox/airflow/dags/download_iedb.py
[2023-01-08T21:34:54.670-0300] {processor.py:743} INFO - Processing file /home/kallox/airflow/dags/download_iedb.py for tasks to queue
[2023-01-08T21:34:54.670-0300] {logging_mixin.py:137} INFO - [2023-01-08T21:34:54.670-0300] {dagbag.py:538} INFO - Filling up the DagBag from /home/kallox/airflow/dags/download_iedb.py
[2023-01-08T21:34:54.784-0300] {processor.py:753} INFO - DAG(s) dict_keys(['download_iedb']) retrieved from /home/kallox/airflow/dags/download_iedb.py
[2023-01-08T21:34:54.805-0300] {logging_mixin.py:137} INFO - [2023-01-08T21:34:54.805-0300] {dag.py:2676} INFO - Sync 1 DAGs
[2023-01-08T21:34:54.913-0300] {logging_mixin.py:137} INFO - [2023-01-08T21:34:54.912-0300] {dag.py:3427} INFO - Setting next_dagrun for download_iedb to 2023-01-01T00:00:00+00:00, run_after=2023-02-01T00:00:00+00:00
[2023-01-08T21:34:54.933-0300] {processor.py:175} INFO - Processing /home/kallox/airflow/dags/download_iedb.py took 0.266 seconds
[2023-01-08T21:35:25.144-0300] {processor.py:153} INFO - Started process (PID=29405) to work on /home/kallox/airflow/dags/download_iedb.py
[2023-01-08T21:35:25.145-0300] {processor.py:743} INFO - Processing file /home/kallox/airflow/dags/download_iedb.py for tasks to queue
[2023-01-08T21:35:25.145-0300] {logging_mixin.py:137} INFO - [2023-01-08T21:35:25.145-0300] {dagbag.py:538} INFO - Filling up the DagBag from /home/kallox/airflow/dags/download_iedb.py
[2023-01-08T21:35:25.255-0300] {processor.py:753} INFO - DAG(s) dict_keys(['download_iedb']) retrieved from /home/kallox/airflow/dags/download_iedb.py
[2023-01-08T21:35:25.280-0300] {logging_mixin.py:137} INFO - [2023-01-08T21:35:25.280-0300] {dag.py:2676} INFO - Sync 1 DAGs
[2023-01-08T21:35:25.388-0300] {logging_mixin.py:137} INFO - [2023-01-08T21:35:25.388-0300] {dag.py:3427} INFO - Setting next_dagrun for download_iedb to 2023-01-01T00:00:00+00:00, run_after=2023-02-01T00:00:00+00:00
[2023-01-08T21:35:25.403-0300] {processor.py:175} INFO - Processing /home/kallox/airflow/dags/download_iedb.py took 0.261 seconds
[2023-01-08T21:35:55.619-0300] {processor.py:153} INFO - Started process (PID=29484) to work on /home/kallox/airflow/dags/download_iedb.py
[2023-01-08T21:35:55.619-0300] {processor.py:743} INFO - Processing file /home/kallox/airflow/dags/download_iedb.py for tasks to queue
[2023-01-08T21:35:55.620-0300] {logging_mixin.py:137} INFO - [2023-01-08T21:35:55.620-0300] {dagbag.py:538} INFO - Filling up the DagBag from /home/kallox/airflow/dags/download_iedb.py
[2023-01-08T21:35:55.734-0300] {processor.py:753} INFO - DAG(s) dict_keys(['download_iedb']) retrieved from /home/kallox/airflow/dags/download_iedb.py
[2023-01-08T21:35:55.847-0300] {logging_mixin.py:137} INFO - [2023-01-08T21:35:55.847-0300] {dag.py:2676} INFO - Sync 1 DAGs
[2023-01-08T21:35:55.873-0300] {logging_mixin.py:137} INFO - [2023-01-08T21:35:55.873-0300] {dag.py:3427} INFO - Setting next_dagrun for download_iedb to 2023-01-01T00:00:00+00:00, run_after=2023-02-01T00:00:00+00:00
[2023-01-08T21:35:55.902-0300] {processor.py:175} INFO - Processing /home/kallox/airflow/dags/download_iedb.py took 0.287 seconds
[2023-01-08T21:36:26.111-0300] {processor.py:153} INFO - Started process (PID=29563) to work on /home/kallox/airflow/dags/download_iedb.py
[2023-01-08T21:36:26.112-0300] {processor.py:743} INFO - Processing file /home/kallox/airflow/dags/download_iedb.py for tasks to queue
[2023-01-08T21:36:26.112-0300] {logging_mixin.py:137} INFO - [2023-01-08T21:36:26.112-0300] {dagbag.py:538} INFO - Filling up the DagBag from /home/kallox/airflow/dags/download_iedb.py
[2023-01-08T21:36:26.220-0300] {processor.py:753} INFO - DAG(s) dict_keys(['download_iedb']) retrieved from /home/kallox/airflow/dags/download_iedb.py
[2023-01-08T21:36:26.334-0300] {logging_mixin.py:137} INFO - [2023-01-08T21:36:26.333-0300] {dag.py:2676} INFO - Sync 1 DAGs
[2023-01-08T21:36:26.351-0300] {logging_mixin.py:137} INFO - [2023-01-08T21:36:26.351-0300] {dag.py:3427} INFO - Setting next_dagrun for download_iedb to 2023-01-01T00:00:00+00:00, run_after=2023-02-01T00:00:00+00:00
[2023-01-08T21:36:26.364-0300] {processor.py:175} INFO - Processing /home/kallox/airflow/dags/download_iedb.py took 0.255 seconds
[2023-01-08T21:36:56.531-0300] {processor.py:153} INFO - Started process (PID=29642) to work on /home/kallox/airflow/dags/download_iedb.py
[2023-01-08T21:36:56.532-0300] {processor.py:743} INFO - Processing file /home/kallox/airflow/dags/download_iedb.py for tasks to queue
[2023-01-08T21:36:56.533-0300] {logging_mixin.py:137} INFO - [2023-01-08T21:36:56.533-0300] {dagbag.py:538} INFO - Filling up the DagBag from /home/kallox/airflow/dags/download_iedb.py
[2023-01-08T21:36:56.743-0300] {processor.py:753} INFO - DAG(s) dict_keys(['download_iedb']) retrieved from /home/kallox/airflow/dags/download_iedb.py
[2023-01-08T21:36:56.765-0300] {logging_mixin.py:137} INFO - [2023-01-08T21:36:56.765-0300] {dag.py:2676} INFO - Sync 1 DAGs
[2023-01-08T21:36:56.783-0300] {logging_mixin.py:137} INFO - [2023-01-08T21:36:56.783-0300] {dag.py:3427} INFO - Setting next_dagrun for download_iedb to 2023-01-01T00:00:00+00:00, run_after=2023-02-01T00:00:00+00:00
[2023-01-08T21:36:56.798-0300] {processor.py:175} INFO - Processing /home/kallox/airflow/dags/download_iedb.py took 0.269 seconds
[2023-01-08T21:37:26.996-0300] {processor.py:153} INFO - Started process (PID=29723) to work on /home/kallox/airflow/dags/download_iedb.py
[2023-01-08T21:37:26.996-0300] {processor.py:743} INFO - Processing file /home/kallox/airflow/dags/download_iedb.py for tasks to queue
[2023-01-08T21:37:26.997-0300] {logging_mixin.py:137} INFO - [2023-01-08T21:37:26.997-0300] {dagbag.py:538} INFO - Filling up the DagBag from /home/kallox/airflow/dags/download_iedb.py
[2023-01-08T21:37:27.193-0300] {processor.py:753} INFO - DAG(s) dict_keys(['download_iedb']) retrieved from /home/kallox/airflow/dags/download_iedb.py
[2023-01-08T21:37:27.215-0300] {logging_mixin.py:137} INFO - [2023-01-08T21:37:27.215-0300] {dag.py:2676} INFO - Sync 1 DAGs
[2023-01-08T21:37:27.233-0300] {logging_mixin.py:137} INFO - [2023-01-08T21:37:27.232-0300] {dag.py:3427} INFO - Setting next_dagrun for download_iedb to 2023-01-01T00:00:00+00:00, run_after=2023-02-01T00:00:00+00:00
[2023-01-08T21:37:27.255-0300] {processor.py:175} INFO - Processing /home/kallox/airflow/dags/download_iedb.py took 0.261 seconds
[2023-01-08T21:37:57.787-0300] {processor.py:153} INFO - Started process (PID=29791) to work on /home/kallox/airflow/dags/download_iedb.py
[2023-01-08T21:37:57.788-0300] {processor.py:743} INFO - Processing file /home/kallox/airflow/dags/download_iedb.py for tasks to queue
[2023-01-08T21:37:57.788-0300] {logging_mixin.py:137} INFO - [2023-01-08T21:37:57.788-0300] {dagbag.py:538} INFO - Filling up the DagBag from /home/kallox/airflow/dags/download_iedb.py
[2023-01-08T21:37:57.901-0300] {processor.py:753} INFO - DAG(s) dict_keys(['download_iedb']) retrieved from /home/kallox/airflow/dags/download_iedb.py
[2023-01-08T21:37:57.926-0300] {logging_mixin.py:137} INFO - [2023-01-08T21:37:57.926-0300] {dag.py:2676} INFO - Sync 1 DAGs
[2023-01-08T21:37:58.028-0300] {logging_mixin.py:137} INFO - [2023-01-08T21:37:58.028-0300] {dag.py:3427} INFO - Setting next_dagrun for download_iedb to 2023-01-01T00:00:00+00:00, run_after=2023-02-01T00:00:00+00:00
[2023-01-08T21:37:58.051-0300] {processor.py:175} INFO - Processing /home/kallox/airflow/dags/download_iedb.py took 0.267 seconds
[2023-01-08T21:38:28.415-0300] {processor.py:153} INFO - Started process (PID=29872) to work on /home/kallox/airflow/dags/download_iedb.py
[2023-01-08T21:38:28.416-0300] {processor.py:743} INFO - Processing file /home/kallox/airflow/dags/download_iedb.py for tasks to queue
[2023-01-08T21:38:28.416-0300] {logging_mixin.py:137} INFO - [2023-01-08T21:38:28.416-0300] {dagbag.py:538} INFO - Filling up the DagBag from /home/kallox/airflow/dags/download_iedb.py
[2023-01-08T21:38:28.533-0300] {processor.py:753} INFO - DAG(s) dict_keys(['download_iedb']) retrieved from /home/kallox/airflow/dags/download_iedb.py
[2023-01-08T21:38:28.638-0300] {logging_mixin.py:137} INFO - [2023-01-08T21:38:28.638-0300] {dag.py:2676} INFO - Sync 1 DAGs
[2023-01-08T21:38:28.657-0300] {logging_mixin.py:137} INFO - [2023-01-08T21:38:28.657-0300] {dag.py:3427} INFO - Setting next_dagrun for download_iedb to 2023-01-01T00:00:00+00:00, run_after=2023-02-01T00:00:00+00:00
[2023-01-08T21:38:28.671-0300] {processor.py:175} INFO - Processing /home/kallox/airflow/dags/download_iedb.py took 0.259 seconds
[2023-01-08T21:38:59.105-0300] {processor.py:153} INFO - Started process (PID=29951) to work on /home/kallox/airflow/dags/download_iedb.py
[2023-01-08T21:38:59.106-0300] {processor.py:743} INFO - Processing file /home/kallox/airflow/dags/download_iedb.py for tasks to queue
[2023-01-08T21:38:59.106-0300] {logging_mixin.py:137} INFO - [2023-01-08T21:38:59.106-0300] {dagbag.py:538} INFO - Filling up the DagBag from /home/kallox/airflow/dags/download_iedb.py
[2023-01-08T21:38:59.218-0300] {processor.py:753} INFO - DAG(s) dict_keys(['download_iedb']) retrieved from /home/kallox/airflow/dags/download_iedb.py
[2023-01-08T21:38:59.322-0300] {logging_mixin.py:137} INFO - [2023-01-08T21:38:59.322-0300] {dag.py:2676} INFO - Sync 1 DAGs
[2023-01-08T21:38:59.347-0300] {logging_mixin.py:137} INFO - [2023-01-08T21:38:59.347-0300] {dag.py:3427} INFO - Setting next_dagrun for download_iedb to 2023-01-01T00:00:00+00:00, run_after=2023-02-01T00:00:00+00:00
[2023-01-08T21:38:59.360-0300] {processor.py:175} INFO - Processing /home/kallox/airflow/dags/download_iedb.py took 0.257 seconds
[2023-01-08T21:39:29.779-0300] {processor.py:153} INFO - Started process (PID=30032) to work on /home/kallox/airflow/dags/download_iedb.py
[2023-01-08T21:39:29.779-0300] {processor.py:743} INFO - Processing file /home/kallox/airflow/dags/download_iedb.py for tasks to queue
[2023-01-08T21:39:29.780-0300] {logging_mixin.py:137} INFO - [2023-01-08T21:39:29.779-0300] {dagbag.py:538} INFO - Filling up the DagBag from /home/kallox/airflow/dags/download_iedb.py
[2023-01-08T21:39:29.967-0300] {processor.py:753} INFO - DAG(s) dict_keys(['download_iedb']) retrieved from /home/kallox/airflow/dags/download_iedb.py
[2023-01-08T21:39:29.987-0300] {logging_mixin.py:137} INFO - [2023-01-08T21:39:29.987-0300] {dag.py:2676} INFO - Sync 1 DAGs
[2023-01-08T21:39:30.004-0300] {logging_mixin.py:137} INFO - [2023-01-08T21:39:30.003-0300] {dag.py:3427} INFO - Setting next_dagrun for download_iedb to 2023-01-01T00:00:00+00:00, run_after=2023-02-01T00:00:00+00:00
[2023-01-08T21:39:30.027-0300] {processor.py:175} INFO - Processing /home/kallox/airflow/dags/download_iedb.py took 0.250 seconds
[2023-01-08T21:40:00.692-0300] {processor.py:153} INFO - Started process (PID=30114) to work on /home/kallox/airflow/dags/download_iedb.py
[2023-01-08T21:40:00.692-0300] {processor.py:743} INFO - Processing file /home/kallox/airflow/dags/download_iedb.py for tasks to queue
[2023-01-08T21:40:00.693-0300] {logging_mixin.py:137} INFO - [2023-01-08T21:40:00.693-0300] {dagbag.py:538} INFO - Filling up the DagBag from /home/kallox/airflow/dags/download_iedb.py
[2023-01-08T21:40:00.887-0300] {processor.py:753} INFO - DAG(s) dict_keys(['download_iedb']) retrieved from /home/kallox/airflow/dags/download_iedb.py
[2023-01-08T21:40:00.909-0300] {logging_mixin.py:137} INFO - [2023-01-08T21:40:00.909-0300] {dag.py:2676} INFO - Sync 1 DAGs
[2023-01-08T21:40:00.929-0300] {logging_mixin.py:137} INFO - [2023-01-08T21:40:00.929-0300] {dag.py:3427} INFO - Setting next_dagrun for download_iedb to 2023-01-01T00:00:00+00:00, run_after=2023-02-01T00:00:00+00:00
[2023-01-08T21:40:00.951-0300] {processor.py:175} INFO - Processing /home/kallox/airflow/dags/download_iedb.py took 0.261 seconds
[2023-01-08T21:40:31.170-0300] {processor.py:153} INFO - Started process (PID=30207) to work on /home/kallox/airflow/dags/download_iedb.py
[2023-01-08T21:40:31.171-0300] {processor.py:743} INFO - Processing file /home/kallox/airflow/dags/download_iedb.py for tasks to queue
[2023-01-08T21:40:31.171-0300] {logging_mixin.py:137} INFO - [2023-01-08T21:40:31.171-0300] {dagbag.py:538} INFO - Filling up the DagBag from /home/kallox/airflow/dags/download_iedb.py
[2023-01-08T21:40:31.373-0300] {processor.py:753} INFO - DAG(s) dict_keys(['download_iedb']) retrieved from /home/kallox/airflow/dags/download_iedb.py
[2023-01-08T21:40:31.393-0300] {logging_mixin.py:137} INFO - [2023-01-08T21:40:31.393-0300] {dag.py:2676} INFO - Sync 1 DAGs
[2023-01-08T21:40:31.411-0300] {logging_mixin.py:137} INFO - [2023-01-08T21:40:31.411-0300] {dag.py:3427} INFO - Setting next_dagrun for download_iedb to 2023-01-01T00:00:00+00:00, run_after=2023-02-01T00:00:00+00:00
[2023-01-08T21:40:31.424-0300] {processor.py:175} INFO - Processing /home/kallox/airflow/dags/download_iedb.py took 0.255 seconds
[2023-01-08T21:41:01.584-0300] {processor.py:153} INFO - Started process (PID=30289) to work on /home/kallox/airflow/dags/download_iedb.py
[2023-01-08T21:41:01.584-0300] {processor.py:743} INFO - Processing file /home/kallox/airflow/dags/download_iedb.py for tasks to queue
[2023-01-08T21:41:01.585-0300] {logging_mixin.py:137} INFO - [2023-01-08T21:41:01.585-0300] {dagbag.py:538} INFO - Filling up the DagBag from /home/kallox/airflow/dags/download_iedb.py
[2023-01-08T21:41:01.692-0300] {processor.py:753} INFO - DAG(s) dict_keys(['download_iedb']) retrieved from /home/kallox/airflow/dags/download_iedb.py
[2023-01-08T21:41:01.716-0300] {logging_mixin.py:137} INFO - [2023-01-08T21:41:01.716-0300] {dag.py:2676} INFO - Sync 1 DAGs
[2023-01-08T21:41:01.823-0300] {logging_mixin.py:137} INFO - [2023-01-08T21:41:01.823-0300] {dag.py:3427} INFO - Setting next_dagrun for download_iedb to 2023-01-01T00:00:00+00:00, run_after=2023-02-01T00:00:00+00:00
[2023-01-08T21:41:01.837-0300] {processor.py:175} INFO - Processing /home/kallox/airflow/dags/download_iedb.py took 0.255 seconds
[2023-01-08T21:41:32.206-0300] {processor.py:153} INFO - Started process (PID=30358) to work on /home/kallox/airflow/dags/download_iedb.py
[2023-01-08T21:41:32.207-0300] {processor.py:743} INFO - Processing file /home/kallox/airflow/dags/download_iedb.py for tasks to queue
[2023-01-08T21:41:32.207-0300] {logging_mixin.py:137} INFO - [2023-01-08T21:41:32.207-0300] {dagbag.py:538} INFO - Filling up the DagBag from /home/kallox/airflow/dags/download_iedb.py
[2023-01-08T21:41:32.320-0300] {processor.py:753} INFO - DAG(s) dict_keys(['download_iedb']) retrieved from /home/kallox/airflow/dags/download_iedb.py
[2023-01-08T21:41:32.423-0300] {logging_mixin.py:137} INFO - [2023-01-08T21:41:32.423-0300] {dag.py:2676} INFO - Sync 1 DAGs
[2023-01-08T21:41:32.442-0300] {logging_mixin.py:137} INFO - [2023-01-08T21:41:32.442-0300] {dag.py:3427} INFO - Setting next_dagrun for download_iedb to 2023-01-01T00:00:00+00:00, run_after=2023-02-01T00:00:00+00:00
[2023-01-08T21:41:32.457-0300] {processor.py:175} INFO - Processing /home/kallox/airflow/dags/download_iedb.py took 0.252 seconds
[2023-01-08T21:42:03.144-0300] {processor.py:153} INFO - Started process (PID=30440) to work on /home/kallox/airflow/dags/download_iedb.py
[2023-01-08T21:42:03.145-0300] {processor.py:743} INFO - Processing file /home/kallox/airflow/dags/download_iedb.py for tasks to queue
[2023-01-08T21:42:03.145-0300] {logging_mixin.py:137} INFO - [2023-01-08T21:42:03.145-0300] {dagbag.py:538} INFO - Filling up the DagBag from /home/kallox/airflow/dags/download_iedb.py
[2023-01-08T21:42:03.249-0300] {processor.py:753} INFO - DAG(s) dict_keys(['download_iedb']) retrieved from /home/kallox/airflow/dags/download_iedb.py
[2023-01-08T21:42:03.351-0300] {logging_mixin.py:137} INFO - [2023-01-08T21:42:03.350-0300] {dag.py:2676} INFO - Sync 1 DAGs
[2023-01-08T21:42:03.369-0300] {logging_mixin.py:137} INFO - [2023-01-08T21:42:03.368-0300] {dag.py:3427} INFO - Setting next_dagrun for download_iedb to 2023-01-01T00:00:00+00:00, run_after=2023-02-01T00:00:00+00:00
[2023-01-08T21:42:03.391-0300] {processor.py:175} INFO - Processing /home/kallox/airflow/dags/download_iedb.py took 0.249 seconds
[2023-01-08T21:42:33.775-0300] {processor.py:153} INFO - Started process (PID=30519) to work on /home/kallox/airflow/dags/download_iedb.py
[2023-01-08T21:42:33.776-0300] {processor.py:743} INFO - Processing file /home/kallox/airflow/dags/download_iedb.py for tasks to queue
[2023-01-08T21:42:33.776-0300] {logging_mixin.py:137} INFO - [2023-01-08T21:42:33.776-0300] {dagbag.py:538} INFO - Filling up the DagBag from /home/kallox/airflow/dags/download_iedb.py
[2023-01-08T21:42:33.967-0300] {processor.py:753} INFO - DAG(s) dict_keys(['download_iedb']) retrieved from /home/kallox/airflow/dags/download_iedb.py
[2023-01-08T21:42:33.989-0300] {logging_mixin.py:137} INFO - [2023-01-08T21:42:33.989-0300] {dag.py:2676} INFO - Sync 1 DAGs
[2023-01-08T21:42:34.006-0300] {logging_mixin.py:137} INFO - [2023-01-08T21:42:34.006-0300] {dag.py:3427} INFO - Setting next_dagrun for download_iedb to 2023-01-01T00:00:00+00:00, run_after=2023-02-01T00:00:00+00:00
[2023-01-08T21:42:34.029-0300] {processor.py:175} INFO - Processing /home/kallox/airflow/dags/download_iedb.py took 0.256 seconds
[2023-01-08T21:43:04.657-0300] {processor.py:153} INFO - Started process (PID=30620) to work on /home/kallox/airflow/dags/download_iedb.py
[2023-01-08T21:43:04.658-0300] {processor.py:743} INFO - Processing file /home/kallox/airflow/dags/download_iedb.py for tasks to queue
[2023-01-08T21:43:04.659-0300] {logging_mixin.py:137} INFO - [2023-01-08T21:43:04.658-0300] {dagbag.py:538} INFO - Filling up the DagBag from /home/kallox/airflow/dags/download_iedb.py
[2023-01-08T21:43:04.845-0300] {processor.py:753} INFO - DAG(s) dict_keys(['download_iedb']) retrieved from /home/kallox/airflow/dags/download_iedb.py
[2023-01-08T21:43:04.867-0300] {logging_mixin.py:137} INFO - [2023-01-08T21:43:04.867-0300] {dag.py:2676} INFO - Sync 1 DAGs
[2023-01-08T21:43:04.886-0300] {logging_mixin.py:137} INFO - [2023-01-08T21:43:04.886-0300] {dag.py:3427} INFO - Setting next_dagrun for download_iedb to 2023-01-01T00:00:00+00:00, run_after=2023-02-01T00:00:00+00:00
[2023-01-08T21:43:04.907-0300] {processor.py:175} INFO - Processing /home/kallox/airflow/dags/download_iedb.py took 0.252 seconds
