[2023-01-08T21:00:17.081-0300] {processor.py:153} INFO - Started process (PID=23116) to work on /home/kallox/airflow/dags/download_covabdab.py
[2023-01-08T21:00:17.081-0300] {processor.py:743} INFO - Processing file /home/kallox/airflow/dags/download_covabdab.py for tasks to queue
[2023-01-08T21:00:17.082-0300] {logging_mixin.py:137} INFO - [2023-01-08T21:00:17.082-0300] {dagbag.py:538} INFO - Filling up the DagBag from /home/kallox/airflow/dags/download_covabdab.py
[2023-01-08T21:00:17.335-0300] {processor.py:753} INFO - DAG(s) dict_keys(['download_covabdab']) retrieved from /home/kallox/airflow/dags/download_covabdab.py
[2023-01-08T21:00:17.357-0300] {logging_mixin.py:137} INFO - [2023-01-08T21:00:17.356-0300] {dag.py:2676} INFO - Sync 1 DAGs
[2023-01-08T21:00:17.376-0300] {logging_mixin.py:137} INFO - [2023-01-08T21:00:17.376-0300] {dag.py:3427} INFO - Setting next_dagrun for download_covabdab to 2023-01-01T00:00:00+00:00, run_after=2023-02-01T00:00:00+00:00
[2023-01-08T21:00:17.392-0300] {processor.py:175} INFO - Processing /home/kallox/airflow/dags/download_covabdab.py took 0.314 seconds
[2023-01-08T21:00:47.659-0300] {processor.py:153} INFO - Started process (PID=23236) to work on /home/kallox/airflow/dags/download_covabdab.py
[2023-01-08T21:00:47.660-0300] {processor.py:743} INFO - Processing file /home/kallox/airflow/dags/download_covabdab.py for tasks to queue
[2023-01-08T21:00:47.660-0300] {logging_mixin.py:137} INFO - [2023-01-08T21:00:47.660-0300] {dagbag.py:538} INFO - Filling up the DagBag from /home/kallox/airflow/dags/download_covabdab.py
[2023-01-08T21:00:47.939-0300] {processor.py:753} INFO - DAG(s) dict_keys(['download_covabdab']) retrieved from /home/kallox/airflow/dags/download_covabdab.py
[2023-01-08T21:00:47.966-0300] {logging_mixin.py:137} INFO - [2023-01-08T21:00:47.966-0300] {dag.py:2676} INFO - Sync 1 DAGs
[2023-01-08T21:00:47.988-0300] {logging_mixin.py:137} INFO - [2023-01-08T21:00:47.988-0300] {dag.py:3427} INFO - Setting next_dagrun for download_covabdab to 2023-01-01T00:00:00+00:00, run_after=2023-02-01T00:00:00+00:00
[2023-01-08T21:00:48.005-0300] {processor.py:175} INFO - Processing /home/kallox/airflow/dags/download_covabdab.py took 0.349 seconds
[2023-01-08T21:01:18.251-0300] {processor.py:153} INFO - Started process (PID=23345) to work on /home/kallox/airflow/dags/download_covabdab.py
[2023-01-08T21:01:18.252-0300] {processor.py:743} INFO - Processing file /home/kallox/airflow/dags/download_covabdab.py for tasks to queue
[2023-01-08T21:01:18.252-0300] {logging_mixin.py:137} INFO - [2023-01-08T21:01:18.252-0300] {dagbag.py:538} INFO - Filling up the DagBag from /home/kallox/airflow/dags/download_covabdab.py
[2023-01-08T21:01:18.498-0300] {processor.py:753} INFO - DAG(s) dict_keys(['download_covabdab']) retrieved from /home/kallox/airflow/dags/download_covabdab.py
[2023-01-08T21:01:18.523-0300] {logging_mixin.py:137} INFO - [2023-01-08T21:01:18.522-0300] {dag.py:2676} INFO - Sync 1 DAGs
[2023-01-08T21:01:18.545-0300] {logging_mixin.py:137} INFO - [2023-01-08T21:01:18.545-0300] {dag.py:3427} INFO - Setting next_dagrun for download_covabdab to 2023-01-01T00:00:00+00:00, run_after=2023-02-01T00:00:00+00:00
[2023-01-08T21:01:18.567-0300] {processor.py:175} INFO - Processing /home/kallox/airflow/dags/download_covabdab.py took 0.318 seconds
[2023-01-08T21:01:48.852-0300] {processor.py:153} INFO - Started process (PID=23463) to work on /home/kallox/airflow/dags/download_covabdab.py
[2023-01-08T21:01:48.852-0300] {processor.py:743} INFO - Processing file /home/kallox/airflow/dags/download_covabdab.py for tasks to queue
[2023-01-08T21:01:48.853-0300] {logging_mixin.py:137} INFO - [2023-01-08T21:01:48.853-0300] {dagbag.py:538} INFO - Filling up the DagBag from /home/kallox/airflow/dags/download_covabdab.py
[2023-01-08T21:01:49.106-0300] {processor.py:753} INFO - DAG(s) dict_keys(['download_covabdab']) retrieved from /home/kallox/airflow/dags/download_covabdab.py
[2023-01-08T21:01:49.127-0300] {logging_mixin.py:137} INFO - [2023-01-08T21:01:49.127-0300] {dag.py:2676} INFO - Sync 1 DAGs
[2023-01-08T21:01:49.146-0300] {logging_mixin.py:137} INFO - [2023-01-08T21:01:49.146-0300] {dag.py:3427} INFO - Setting next_dagrun for download_covabdab to 2023-01-01T00:00:00+00:00, run_after=2023-02-01T00:00:00+00:00
[2023-01-08T21:01:49.167-0300] {processor.py:175} INFO - Processing /home/kallox/airflow/dags/download_covabdab.py took 0.318 seconds
[2023-01-08T21:02:19.465-0300] {processor.py:153} INFO - Started process (PID=23557) to work on /home/kallox/airflow/dags/download_covabdab.py
[2023-01-08T21:02:19.466-0300] {processor.py:743} INFO - Processing file /home/kallox/airflow/dags/download_covabdab.py for tasks to queue
[2023-01-08T21:02:19.467-0300] {logging_mixin.py:137} INFO - [2023-01-08T21:02:19.466-0300] {dagbag.py:538} INFO - Filling up the DagBag from /home/kallox/airflow/dags/download_covabdab.py
[2023-01-08T21:02:19.738-0300] {processor.py:753} INFO - DAG(s) dict_keys(['download_covabdab']) retrieved from /home/kallox/airflow/dags/download_covabdab.py
[2023-01-08T21:02:19.764-0300] {logging_mixin.py:137} INFO - [2023-01-08T21:02:19.763-0300] {dag.py:2676} INFO - Sync 1 DAGs
[2023-01-08T21:02:19.787-0300] {logging_mixin.py:137} INFO - [2023-01-08T21:02:19.787-0300] {dag.py:3427} INFO - Setting next_dagrun for download_covabdab to 2023-01-01T00:00:00+00:00, run_after=2023-02-01T00:00:00+00:00
[2023-01-08T21:02:19.803-0300] {processor.py:175} INFO - Processing /home/kallox/airflow/dags/download_covabdab.py took 0.340 seconds
[2023-01-08T21:02:50.058-0300] {processor.py:153} INFO - Started process (PID=23651) to work on /home/kallox/airflow/dags/download_covabdab.py
[2023-01-08T21:02:50.059-0300] {processor.py:743} INFO - Processing file /home/kallox/airflow/dags/download_covabdab.py for tasks to queue
[2023-01-08T21:02:50.059-0300] {logging_mixin.py:137} INFO - [2023-01-08T21:02:50.059-0300] {dagbag.py:538} INFO - Filling up the DagBag from /home/kallox/airflow/dags/download_covabdab.py
[2023-01-08T21:02:50.301-0300] {processor.py:753} INFO - DAG(s) dict_keys(['download_covabdab']) retrieved from /home/kallox/airflow/dags/download_covabdab.py
[2023-01-08T21:02:50.326-0300] {logging_mixin.py:137} INFO - [2023-01-08T21:02:50.326-0300] {dag.py:2676} INFO - Sync 1 DAGs
[2023-01-08T21:02:50.347-0300] {logging_mixin.py:137} INFO - [2023-01-08T21:02:50.347-0300] {dag.py:3427} INFO - Setting next_dagrun for download_covabdab to 2023-01-01T00:00:00+00:00, run_after=2023-02-01T00:00:00+00:00
[2023-01-08T21:02:50.363-0300] {processor.py:175} INFO - Processing /home/kallox/airflow/dags/download_covabdab.py took 0.308 seconds
[2023-01-08T21:03:20.639-0300] {processor.py:153} INFO - Started process (PID=23746) to work on /home/kallox/airflow/dags/download_covabdab.py
[2023-01-08T21:03:20.640-0300] {processor.py:743} INFO - Processing file /home/kallox/airflow/dags/download_covabdab.py for tasks to queue
[2023-01-08T21:03:20.640-0300] {logging_mixin.py:137} INFO - [2023-01-08T21:03:20.640-0300] {dagbag.py:538} INFO - Filling up the DagBag from /home/kallox/airflow/dags/download_covabdab.py
[2023-01-08T21:03:20.898-0300] {processor.py:753} INFO - DAG(s) dict_keys(['download_covabdab']) retrieved from /home/kallox/airflow/dags/download_covabdab.py
[2023-01-08T21:03:20.920-0300] {logging_mixin.py:137} INFO - [2023-01-08T21:03:20.919-0300] {dag.py:2676} INFO - Sync 1 DAGs
[2023-01-08T21:03:20.939-0300] {logging_mixin.py:137} INFO - [2023-01-08T21:03:20.939-0300] {dag.py:3427} INFO - Setting next_dagrun for download_covabdab to 2023-01-01T00:00:00+00:00, run_after=2023-02-01T00:00:00+00:00
[2023-01-08T21:03:20.953-0300] {processor.py:175} INFO - Processing /home/kallox/airflow/dags/download_covabdab.py took 0.317 seconds
[2023-01-08T21:03:51.197-0300] {processor.py:153} INFO - Started process (PID=23839) to work on /home/kallox/airflow/dags/download_covabdab.py
[2023-01-08T21:03:51.198-0300] {processor.py:743} INFO - Processing file /home/kallox/airflow/dags/download_covabdab.py for tasks to queue
[2023-01-08T21:03:51.198-0300] {logging_mixin.py:137} INFO - [2023-01-08T21:03:51.198-0300] {dagbag.py:538} INFO - Filling up the DagBag from /home/kallox/airflow/dags/download_covabdab.py
[2023-01-08T21:03:51.460-0300] {processor.py:753} INFO - DAG(s) dict_keys(['download_covabdab']) retrieved from /home/kallox/airflow/dags/download_covabdab.py
[2023-01-08T21:03:51.484-0300] {logging_mixin.py:137} INFO - [2023-01-08T21:03:51.484-0300] {dag.py:2676} INFO - Sync 1 DAGs
[2023-01-08T21:03:51.505-0300] {logging_mixin.py:137} INFO - [2023-01-08T21:03:51.505-0300] {dag.py:3427} INFO - Setting next_dagrun for download_covabdab to 2023-01-01T00:00:00+00:00, run_after=2023-02-01T00:00:00+00:00
[2023-01-08T21:03:51.521-0300] {processor.py:175} INFO - Processing /home/kallox/airflow/dags/download_covabdab.py took 0.327 seconds
[2023-01-08T21:04:21.992-0300] {processor.py:153} INFO - Started process (PID=23932) to work on /home/kallox/airflow/dags/download_covabdab.py
[2023-01-08T21:04:21.993-0300] {processor.py:743} INFO - Processing file /home/kallox/airflow/dags/download_covabdab.py for tasks to queue
[2023-01-08T21:04:21.993-0300] {logging_mixin.py:137} INFO - [2023-01-08T21:04:21.993-0300] {dagbag.py:538} INFO - Filling up the DagBag from /home/kallox/airflow/dags/download_covabdab.py
[2023-01-08T21:04:22.252-0300] {processor.py:753} INFO - DAG(s) dict_keys(['download_covabdab']) retrieved from /home/kallox/airflow/dags/download_covabdab.py
[2023-01-08T21:04:22.276-0300] {logging_mixin.py:137} INFO - [2023-01-08T21:04:22.276-0300] {dag.py:2676} INFO - Sync 1 DAGs
[2023-01-08T21:04:22.295-0300] {logging_mixin.py:137} INFO - [2023-01-08T21:04:22.295-0300] {dag.py:3427} INFO - Setting next_dagrun for download_covabdab to 2023-01-01T00:00:00+00:00, run_after=2023-02-01T00:00:00+00:00
[2023-01-08T21:04:22.309-0300] {processor.py:175} INFO - Processing /home/kallox/airflow/dags/download_covabdab.py took 0.320 seconds
[2023-01-08T21:04:53.044-0300] {processor.py:153} INFO - Started process (PID=24031) to work on /home/kallox/airflow/dags/download_covabdab.py
[2023-01-08T21:04:53.045-0300] {processor.py:743} INFO - Processing file /home/kallox/airflow/dags/download_covabdab.py for tasks to queue
[2023-01-08T21:04:53.046-0300] {logging_mixin.py:137} INFO - [2023-01-08T21:04:53.046-0300] {dagbag.py:538} INFO - Filling up the DagBag from /home/kallox/airflow/dags/download_covabdab.py
[2023-01-08T21:04:53.306-0300] {processor.py:753} INFO - DAG(s) dict_keys(['download_covabdab']) retrieved from /home/kallox/airflow/dags/download_covabdab.py
[2023-01-08T21:04:53.329-0300] {logging_mixin.py:137} INFO - [2023-01-08T21:04:53.329-0300] {dag.py:2676} INFO - Sync 1 DAGs
[2023-01-08T21:04:53.352-0300] {logging_mixin.py:137} INFO - [2023-01-08T21:04:53.352-0300] {dag.py:3427} INFO - Setting next_dagrun for download_covabdab to 2023-01-01T00:00:00+00:00, run_after=2023-02-01T00:00:00+00:00
[2023-01-08T21:04:53.366-0300] {processor.py:175} INFO - Processing /home/kallox/airflow/dags/download_covabdab.py took 0.324 seconds
[2023-01-08T21:05:23.615-0300] {processor.py:153} INFO - Started process (PID=24126) to work on /home/kallox/airflow/dags/download_covabdab.py
[2023-01-08T21:05:23.615-0300] {processor.py:743} INFO - Processing file /home/kallox/airflow/dags/download_covabdab.py for tasks to queue
[2023-01-08T21:05:23.616-0300] {logging_mixin.py:137} INFO - [2023-01-08T21:05:23.616-0300] {dagbag.py:538} INFO - Filling up the DagBag from /home/kallox/airflow/dags/download_covabdab.py
[2023-01-08T21:05:23.874-0300] {processor.py:753} INFO - DAG(s) dict_keys(['download_covabdab']) retrieved from /home/kallox/airflow/dags/download_covabdab.py
[2023-01-08T21:05:23.895-0300] {logging_mixin.py:137} INFO - [2023-01-08T21:05:23.895-0300] {dag.py:2676} INFO - Sync 1 DAGs
[2023-01-08T21:05:23.915-0300] {logging_mixin.py:137} INFO - [2023-01-08T21:05:23.915-0300] {dag.py:3427} INFO - Setting next_dagrun for download_covabdab to 2023-01-01T00:00:00+00:00, run_after=2023-02-01T00:00:00+00:00
[2023-01-08T21:05:23.931-0300] {processor.py:175} INFO - Processing /home/kallox/airflow/dags/download_covabdab.py took 0.318 seconds
[2023-01-08T21:05:54.227-0300] {processor.py:153} INFO - Started process (PID=24220) to work on /home/kallox/airflow/dags/download_covabdab.py
[2023-01-08T21:05:54.228-0300] {processor.py:743} INFO - Processing file /home/kallox/airflow/dags/download_covabdab.py for tasks to queue
[2023-01-08T21:05:54.229-0300] {logging_mixin.py:137} INFO - [2023-01-08T21:05:54.229-0300] {dagbag.py:538} INFO - Filling up the DagBag from /home/kallox/airflow/dags/download_covabdab.py
[2023-01-08T21:05:54.492-0300] {processor.py:753} INFO - DAG(s) dict_keys(['download_covabdab']) retrieved from /home/kallox/airflow/dags/download_covabdab.py
[2023-01-08T21:05:54.521-0300] {logging_mixin.py:137} INFO - [2023-01-08T21:05:54.520-0300] {dag.py:2676} INFO - Sync 1 DAGs
[2023-01-08T21:05:54.542-0300] {logging_mixin.py:137} INFO - [2023-01-08T21:05:54.542-0300] {dag.py:3427} INFO - Setting next_dagrun for download_covabdab to 2023-01-01T00:00:00+00:00, run_after=2023-02-01T00:00:00+00:00
[2023-01-08T21:05:54.558-0300] {processor.py:175} INFO - Processing /home/kallox/airflow/dags/download_covabdab.py took 0.333 seconds
[2023-01-08T21:06:24.837-0300] {processor.py:153} INFO - Started process (PID=24311) to work on /home/kallox/airflow/dags/download_covabdab.py
[2023-01-08T21:06:24.837-0300] {processor.py:743} INFO - Processing file /home/kallox/airflow/dags/download_covabdab.py for tasks to queue
[2023-01-08T21:06:24.838-0300] {logging_mixin.py:137} INFO - [2023-01-08T21:06:24.837-0300] {dagbag.py:538} INFO - Filling up the DagBag from /home/kallox/airflow/dags/download_covabdab.py
[2023-01-08T21:06:25.084-0300] {processor.py:753} INFO - DAG(s) dict_keys(['download_covabdab']) retrieved from /home/kallox/airflow/dags/download_covabdab.py
[2023-01-08T21:06:25.109-0300] {logging_mixin.py:137} INFO - [2023-01-08T21:06:25.109-0300] {dag.py:2676} INFO - Sync 1 DAGs
[2023-01-08T21:06:25.129-0300] {logging_mixin.py:137} INFO - [2023-01-08T21:06:25.129-0300] {dag.py:3427} INFO - Setting next_dagrun for download_covabdab to 2023-01-01T00:00:00+00:00, run_after=2023-02-01T00:00:00+00:00
[2023-01-08T21:06:25.146-0300] {processor.py:175} INFO - Processing /home/kallox/airflow/dags/download_covabdab.py took 0.311 seconds
[2023-01-08T21:06:55.445-0300] {processor.py:153} INFO - Started process (PID=24404) to work on /home/kallox/airflow/dags/download_covabdab.py
[2023-01-08T21:06:55.446-0300] {processor.py:743} INFO - Processing file /home/kallox/airflow/dags/download_covabdab.py for tasks to queue
[2023-01-08T21:06:55.447-0300] {logging_mixin.py:137} INFO - [2023-01-08T21:06:55.446-0300] {dagbag.py:538} INFO - Filling up the DagBag from /home/kallox/airflow/dags/download_covabdab.py
[2023-01-08T21:06:55.714-0300] {processor.py:753} INFO - DAG(s) dict_keys(['download_covabdab']) retrieved from /home/kallox/airflow/dags/download_covabdab.py
[2023-01-08T21:06:55.740-0300] {logging_mixin.py:137} INFO - [2023-01-08T21:06:55.739-0300] {dag.py:2676} INFO - Sync 1 DAGs
[2023-01-08T21:06:55.761-0300] {logging_mixin.py:137} INFO - [2023-01-08T21:06:55.760-0300] {dag.py:3427} INFO - Setting next_dagrun for download_covabdab to 2023-01-01T00:00:00+00:00, run_after=2023-02-01T00:00:00+00:00
[2023-01-08T21:06:55.776-0300] {processor.py:175} INFO - Processing /home/kallox/airflow/dags/download_covabdab.py took 0.334 seconds
[2023-01-08T21:07:26.019-0300] {processor.py:153} INFO - Started process (PID=24496) to work on /home/kallox/airflow/dags/download_covabdab.py
[2023-01-08T21:07:26.020-0300] {processor.py:743} INFO - Processing file /home/kallox/airflow/dags/download_covabdab.py for tasks to queue
[2023-01-08T21:07:26.020-0300] {logging_mixin.py:137} INFO - [2023-01-08T21:07:26.020-0300] {dagbag.py:538} INFO - Filling up the DagBag from /home/kallox/airflow/dags/download_covabdab.py
[2023-01-08T21:07:26.282-0300] {processor.py:753} INFO - DAG(s) dict_keys(['download_covabdab']) retrieved from /home/kallox/airflow/dags/download_covabdab.py
[2023-01-08T21:07:26.307-0300] {logging_mixin.py:137} INFO - [2023-01-08T21:07:26.306-0300] {dag.py:2676} INFO - Sync 1 DAGs
[2023-01-08T21:07:26.326-0300] {logging_mixin.py:137} INFO - [2023-01-08T21:07:26.326-0300] {dag.py:3427} INFO - Setting next_dagrun for download_covabdab to 2023-01-01T00:00:00+00:00, run_after=2023-02-01T00:00:00+00:00
[2023-01-08T21:07:26.341-0300] {processor.py:175} INFO - Processing /home/kallox/airflow/dags/download_covabdab.py took 0.324 seconds
[2023-01-08T21:07:56.576-0300] {processor.py:153} INFO - Started process (PID=24588) to work on /home/kallox/airflow/dags/download_covabdab.py
[2023-01-08T21:07:56.577-0300] {processor.py:743} INFO - Processing file /home/kallox/airflow/dags/download_covabdab.py for tasks to queue
[2023-01-08T21:07:56.578-0300] {logging_mixin.py:137} INFO - [2023-01-08T21:07:56.577-0300] {dagbag.py:538} INFO - Filling up the DagBag from /home/kallox/airflow/dags/download_covabdab.py
[2023-01-08T21:07:56.827-0300] {processor.py:753} INFO - DAG(s) dict_keys(['download_covabdab']) retrieved from /home/kallox/airflow/dags/download_covabdab.py
[2023-01-08T21:07:56.851-0300] {logging_mixin.py:137} INFO - [2023-01-08T21:07:56.851-0300] {dag.py:2676} INFO - Sync 1 DAGs
[2023-01-08T21:07:56.871-0300] {logging_mixin.py:137} INFO - [2023-01-08T21:07:56.871-0300] {dag.py:3427} INFO - Setting next_dagrun for download_covabdab to 2023-01-01T00:00:00+00:00, run_after=2023-02-01T00:00:00+00:00
[2023-01-08T21:07:56.889-0300] {processor.py:175} INFO - Processing /home/kallox/airflow/dags/download_covabdab.py took 0.315 seconds
[2023-01-08T21:08:27.175-0300] {processor.py:153} INFO - Started process (PID=24680) to work on /home/kallox/airflow/dags/download_covabdab.py
[2023-01-08T21:08:27.175-0300] {processor.py:743} INFO - Processing file /home/kallox/airflow/dags/download_covabdab.py for tasks to queue
[2023-01-08T21:08:27.176-0300] {logging_mixin.py:137} INFO - [2023-01-08T21:08:27.176-0300] {dagbag.py:538} INFO - Filling up the DagBag from /home/kallox/airflow/dags/download_covabdab.py
[2023-01-08T21:08:27.432-0300] {processor.py:753} INFO - DAG(s) dict_keys(['download_covabdab']) retrieved from /home/kallox/airflow/dags/download_covabdab.py
[2023-01-08T21:08:27.456-0300] {logging_mixin.py:137} INFO - [2023-01-08T21:08:27.456-0300] {dag.py:2676} INFO - Sync 1 DAGs
[2023-01-08T21:08:27.477-0300] {logging_mixin.py:137} INFO - [2023-01-08T21:08:27.476-0300] {dag.py:3427} INFO - Setting next_dagrun for download_covabdab to 2023-01-01T00:00:00+00:00, run_after=2023-02-01T00:00:00+00:00
[2023-01-08T21:08:27.491-0300] {processor.py:175} INFO - Processing /home/kallox/airflow/dags/download_covabdab.py took 0.318 seconds
[2023-01-08T21:08:57.776-0300] {processor.py:153} INFO - Started process (PID=24772) to work on /home/kallox/airflow/dags/download_covabdab.py
[2023-01-08T21:08:57.777-0300] {processor.py:743} INFO - Processing file /home/kallox/airflow/dags/download_covabdab.py for tasks to queue
[2023-01-08T21:08:57.778-0300] {logging_mixin.py:137} INFO - [2023-01-08T21:08:57.778-0300] {dagbag.py:538} INFO - Filling up the DagBag from /home/kallox/airflow/dags/download_covabdab.py
[2023-01-08T21:08:58.043-0300] {processor.py:753} INFO - DAG(s) dict_keys(['download_covabdab']) retrieved from /home/kallox/airflow/dags/download_covabdab.py
[2023-01-08T21:08:58.072-0300] {logging_mixin.py:137} INFO - [2023-01-08T21:08:58.072-0300] {dag.py:2676} INFO - Sync 1 DAGs
[2023-01-08T21:08:58.093-0300] {logging_mixin.py:137} INFO - [2023-01-08T21:08:58.093-0300] {dag.py:3427} INFO - Setting next_dagrun for download_covabdab to 2023-01-01T00:00:00+00:00, run_after=2023-02-01T00:00:00+00:00
[2023-01-08T21:08:58.107-0300] {processor.py:175} INFO - Processing /home/kallox/airflow/dags/download_covabdab.py took 0.335 seconds
[2023-01-08T21:09:28.967-0300] {processor.py:153} INFO - Started process (PID=24858) to work on /home/kallox/airflow/dags/download_covabdab.py
[2023-01-08T21:09:28.968-0300] {processor.py:743} INFO - Processing file /home/kallox/airflow/dags/download_covabdab.py for tasks to queue
[2023-01-08T21:09:28.968-0300] {logging_mixin.py:137} INFO - [2023-01-08T21:09:28.968-0300] {dagbag.py:538} INFO - Filling up the DagBag from /home/kallox/airflow/dags/download_covabdab.py
[2023-01-08T21:09:29.238-0300] {processor.py:753} INFO - DAG(s) dict_keys(['download_covabdab']) retrieved from /home/kallox/airflow/dags/download_covabdab.py
[2023-01-08T21:09:29.260-0300] {logging_mixin.py:137} INFO - [2023-01-08T21:09:29.260-0300] {dag.py:2676} INFO - Sync 1 DAGs
[2023-01-08T21:09:29.279-0300] {logging_mixin.py:137} INFO - [2023-01-08T21:09:29.279-0300] {dag.py:3427} INFO - Setting next_dagrun for download_covabdab to 2023-01-01T00:00:00+00:00, run_after=2023-02-01T00:00:00+00:00
[2023-01-08T21:09:29.295-0300] {processor.py:175} INFO - Processing /home/kallox/airflow/dags/download_covabdab.py took 0.330 seconds
[2023-01-08T21:09:59.638-0300] {processor.py:153} INFO - Started process (PID=24955) to work on /home/kallox/airflow/dags/download_covabdab.py
[2023-01-08T21:09:59.639-0300] {processor.py:743} INFO - Processing file /home/kallox/airflow/dags/download_covabdab.py for tasks to queue
[2023-01-08T21:09:59.639-0300] {logging_mixin.py:137} INFO - [2023-01-08T21:09:59.639-0300] {dagbag.py:538} INFO - Filling up the DagBag from /home/kallox/airflow/dags/download_covabdab.py
[2023-01-08T21:09:59.908-0300] {processor.py:753} INFO - DAG(s) dict_keys(['download_covabdab']) retrieved from /home/kallox/airflow/dags/download_covabdab.py
[2023-01-08T21:09:59.932-0300] {logging_mixin.py:137} INFO - [2023-01-08T21:09:59.932-0300] {dag.py:2676} INFO - Sync 1 DAGs
[2023-01-08T21:09:59.951-0300] {logging_mixin.py:137} INFO - [2023-01-08T21:09:59.951-0300] {dag.py:3427} INFO - Setting next_dagrun for download_covabdab to 2023-01-01T00:00:00+00:00, run_after=2023-02-01T00:00:00+00:00
[2023-01-08T21:09:59.968-0300] {processor.py:175} INFO - Processing /home/kallox/airflow/dags/download_covabdab.py took 0.332 seconds
[2023-01-08T21:10:30.235-0300] {processor.py:153} INFO - Started process (PID=25047) to work on /home/kallox/airflow/dags/download_covabdab.py
[2023-01-08T21:10:30.236-0300] {processor.py:743} INFO - Processing file /home/kallox/airflow/dags/download_covabdab.py for tasks to queue
[2023-01-08T21:10:30.236-0300] {logging_mixin.py:137} INFO - [2023-01-08T21:10:30.236-0300] {dagbag.py:538} INFO - Filling up the DagBag from /home/kallox/airflow/dags/download_covabdab.py
[2023-01-08T21:10:30.499-0300] {processor.py:753} INFO - DAG(s) dict_keys(['download_covabdab']) retrieved from /home/kallox/airflow/dags/download_covabdab.py
[2023-01-08T21:10:30.522-0300] {logging_mixin.py:137} INFO - [2023-01-08T21:10:30.522-0300] {dag.py:2676} INFO - Sync 1 DAGs
[2023-01-08T21:10:30.542-0300] {logging_mixin.py:137} INFO - [2023-01-08T21:10:30.542-0300] {dag.py:3427} INFO - Setting next_dagrun for download_covabdab to 2023-01-01T00:00:00+00:00, run_after=2023-02-01T00:00:00+00:00
[2023-01-08T21:10:30.556-0300] {processor.py:175} INFO - Processing /home/kallox/airflow/dags/download_covabdab.py took 0.323 seconds
[2023-01-08T21:11:00.813-0300] {processor.py:153} INFO - Started process (PID=25143) to work on /home/kallox/airflow/dags/download_covabdab.py
[2023-01-08T21:11:00.813-0300] {processor.py:743} INFO - Processing file /home/kallox/airflow/dags/download_covabdab.py for tasks to queue
[2023-01-08T21:11:00.814-0300] {logging_mixin.py:137} INFO - [2023-01-08T21:11:00.814-0300] {dagbag.py:538} INFO - Filling up the DagBag from /home/kallox/airflow/dags/download_covabdab.py
[2023-01-08T21:11:01.049-0300] {processor.py:753} INFO - DAG(s) dict_keys(['download_covabdab']) retrieved from /home/kallox/airflow/dags/download_covabdab.py
[2023-01-08T21:11:01.075-0300] {logging_mixin.py:137} INFO - [2023-01-08T21:11:01.075-0300] {dag.py:2676} INFO - Sync 1 DAGs
[2023-01-08T21:11:01.095-0300] {logging_mixin.py:137} INFO - [2023-01-08T21:11:01.095-0300] {dag.py:3427} INFO - Setting next_dagrun for download_covabdab to 2023-01-01T00:00:00+00:00, run_after=2023-02-01T00:00:00+00:00
[2023-01-08T21:11:01.108-0300] {processor.py:175} INFO - Processing /home/kallox/airflow/dags/download_covabdab.py took 0.298 seconds
[2023-01-08T21:11:31.340-0300] {processor.py:153} INFO - Started process (PID=25234) to work on /home/kallox/airflow/dags/download_covabdab.py
[2023-01-08T21:11:31.341-0300] {processor.py:743} INFO - Processing file /home/kallox/airflow/dags/download_covabdab.py for tasks to queue
[2023-01-08T21:11:31.341-0300] {logging_mixin.py:137} INFO - [2023-01-08T21:11:31.341-0300] {dagbag.py:538} INFO - Filling up the DagBag from /home/kallox/airflow/dags/download_covabdab.py
[2023-01-08T21:11:31.592-0300] {processor.py:753} INFO - DAG(s) dict_keys(['download_covabdab']) retrieved from /home/kallox/airflow/dags/download_covabdab.py
[2023-01-08T21:11:31.613-0300] {logging_mixin.py:137} INFO - [2023-01-08T21:11:31.613-0300] {dag.py:2676} INFO - Sync 1 DAGs
[2023-01-08T21:11:31.631-0300] {logging_mixin.py:137} INFO - [2023-01-08T21:11:31.631-0300] {dag.py:3427} INFO - Setting next_dagrun for download_covabdab to 2023-01-01T00:00:00+00:00, run_after=2023-02-01T00:00:00+00:00
[2023-01-08T21:11:31.645-0300] {processor.py:175} INFO - Processing /home/kallox/airflow/dags/download_covabdab.py took 0.307 seconds
[2023-01-08T21:12:03.725-0300] {processor.py:153} INFO - Started process (PID=25334) to work on /home/kallox/airflow/dags/download_covabdab.py
[2023-01-08T21:12:03.726-0300] {processor.py:743} INFO - Processing file /home/kallox/airflow/dags/download_covabdab.py for tasks to queue
[2023-01-08T21:12:03.726-0300] {logging_mixin.py:137} INFO - [2023-01-08T21:12:03.726-0300] {dagbag.py:538} INFO - Filling up the DagBag from /home/kallox/airflow/dags/download_covabdab.py
[2023-01-08T21:12:04.015-0300] {processor.py:753} INFO - DAG(s) dict_keys(['download_covabdab']) retrieved from /home/kallox/airflow/dags/download_covabdab.py
[2023-01-08T21:12:04.036-0300] {logging_mixin.py:137} INFO - [2023-01-08T21:12:04.036-0300] {dag.py:2676} INFO - Sync 1 DAGs
[2023-01-08T21:12:04.054-0300] {logging_mixin.py:137} INFO - [2023-01-08T21:12:04.054-0300] {dag.py:3427} INFO - Setting next_dagrun for download_covabdab to 2023-01-01T00:00:00+00:00, run_after=2023-02-01T00:00:00+00:00
[2023-01-08T21:12:04.068-0300] {processor.py:175} INFO - Processing /home/kallox/airflow/dags/download_covabdab.py took 0.346 seconds
[2023-01-08T21:12:35.187-0300] {processor.py:153} INFO - Started process (PID=25426) to work on /home/kallox/airflow/dags/download_covabdab.py
[2023-01-08T21:12:35.187-0300] {processor.py:743} INFO - Processing file /home/kallox/airflow/dags/download_covabdab.py for tasks to queue
[2023-01-08T21:12:35.188-0300] {logging_mixin.py:137} INFO - [2023-01-08T21:12:35.188-0300] {dagbag.py:538} INFO - Filling up the DagBag from /home/kallox/airflow/dags/download_covabdab.py
[2023-01-08T21:12:35.422-0300] {processor.py:753} INFO - DAG(s) dict_keys(['download_covabdab']) retrieved from /home/kallox/airflow/dags/download_covabdab.py
[2023-01-08T21:12:35.442-0300] {logging_mixin.py:137} INFO - [2023-01-08T21:12:35.442-0300] {dag.py:2676} INFO - Sync 1 DAGs
[2023-01-08T21:12:35.460-0300] {logging_mixin.py:137} INFO - [2023-01-08T21:12:35.459-0300] {dag.py:3427} INFO - Setting next_dagrun for download_covabdab to 2023-01-01T00:00:00+00:00, run_after=2023-02-01T00:00:00+00:00
[2023-01-08T21:12:35.474-0300] {processor.py:175} INFO - Processing /home/kallox/airflow/dags/download_covabdab.py took 0.290 seconds
[2023-01-08T21:13:06.761-0300] {processor.py:153} INFO - Started process (PID=25519) to work on /home/kallox/airflow/dags/download_covabdab.py
[2023-01-08T21:13:06.762-0300] {processor.py:743} INFO - Processing file /home/kallox/airflow/dags/download_covabdab.py for tasks to queue
[2023-01-08T21:13:06.762-0300] {logging_mixin.py:137} INFO - [2023-01-08T21:13:06.762-0300] {dagbag.py:538} INFO - Filling up the DagBag from /home/kallox/airflow/dags/download_covabdab.py
[2023-01-08T21:13:07.006-0300] {processor.py:753} INFO - DAG(s) dict_keys(['download_covabdab']) retrieved from /home/kallox/airflow/dags/download_covabdab.py
[2023-01-08T21:13:07.026-0300] {logging_mixin.py:137} INFO - [2023-01-08T21:13:07.026-0300] {dag.py:2676} INFO - Sync 1 DAGs
[2023-01-08T21:13:07.044-0300] {logging_mixin.py:137} INFO - [2023-01-08T21:13:07.043-0300] {dag.py:3427} INFO - Setting next_dagrun for download_covabdab to 2023-01-01T00:00:00+00:00, run_after=2023-02-01T00:00:00+00:00
[2023-01-08T21:13:07.057-0300] {processor.py:175} INFO - Processing /home/kallox/airflow/dags/download_covabdab.py took 0.299 seconds
[2023-01-08T21:13:37.542-0300] {processor.py:153} INFO - Started process (PID=25626) to work on /home/kallox/airflow/dags/download_covabdab.py
[2023-01-08T21:13:37.542-0300] {processor.py:743} INFO - Processing file /home/kallox/airflow/dags/download_covabdab.py for tasks to queue
[2023-01-08T21:13:37.543-0300] {logging_mixin.py:137} INFO - [2023-01-08T21:13:37.543-0300] {dagbag.py:538} INFO - Filling up the DagBag from /home/kallox/airflow/dags/download_covabdab.py
[2023-01-08T21:13:37.803-0300] {processor.py:753} INFO - DAG(s) dict_keys(['download_covabdab']) retrieved from /home/kallox/airflow/dags/download_covabdab.py
[2023-01-08T21:13:37.824-0300] {logging_mixin.py:137} INFO - [2023-01-08T21:13:37.824-0300] {dag.py:2676} INFO - Sync 1 DAGs
[2023-01-08T21:13:37.846-0300] {logging_mixin.py:137} INFO - [2023-01-08T21:13:37.846-0300] {dag.py:3427} INFO - Setting next_dagrun for download_covabdab to 2023-01-01T00:00:00+00:00, run_after=2023-02-01T00:00:00+00:00
[2023-01-08T21:13:37.864-0300] {processor.py:175} INFO - Processing /home/kallox/airflow/dags/download_covabdab.py took 0.325 seconds
[2023-01-08T21:14:10.268-0300] {processor.py:153} INFO - Started process (PID=25732) to work on /home/kallox/airflow/dags/download_covabdab.py
[2023-01-08T21:14:10.269-0300] {processor.py:743} INFO - Processing file /home/kallox/airflow/dags/download_covabdab.py for tasks to queue
[2023-01-08T21:14:10.269-0300] {logging_mixin.py:137} INFO - [2023-01-08T21:14:10.269-0300] {dagbag.py:538} INFO - Filling up the DagBag from /home/kallox/airflow/dags/download_covabdab.py
[2023-01-08T21:14:10.626-0300] {processor.py:753} INFO - DAG(s) dict_keys(['download_covabdab']) retrieved from /home/kallox/airflow/dags/download_covabdab.py
[2023-01-08T21:14:10.649-0300] {logging_mixin.py:137} INFO - [2023-01-08T21:14:10.648-0300] {dag.py:2676} INFO - Sync 1 DAGs
[2023-01-08T21:14:10.673-0300] {logging_mixin.py:137} INFO - [2023-01-08T21:14:10.673-0300] {dag.py:3427} INFO - Setting next_dagrun for download_covabdab to 2023-01-01T00:00:00+00:00, run_after=2023-02-01T00:00:00+00:00
[2023-01-08T21:14:10.692-0300] {processor.py:175} INFO - Processing /home/kallox/airflow/dags/download_covabdab.py took 0.430 seconds
[2023-01-08T21:14:41.313-0300] {processor.py:153} INFO - Started process (PID=25824) to work on /home/kallox/airflow/dags/download_covabdab.py
[2023-01-08T21:14:41.313-0300] {processor.py:743} INFO - Processing file /home/kallox/airflow/dags/download_covabdab.py for tasks to queue
[2023-01-08T21:14:41.314-0300] {logging_mixin.py:137} INFO - [2023-01-08T21:14:41.314-0300] {dagbag.py:538} INFO - Filling up the DagBag from /home/kallox/airflow/dags/download_covabdab.py
[2023-01-08T21:14:41.558-0300] {processor.py:753} INFO - DAG(s) dict_keys(['download_covabdab']) retrieved from /home/kallox/airflow/dags/download_covabdab.py
[2023-01-08T21:14:41.579-0300] {logging_mixin.py:137} INFO - [2023-01-08T21:14:41.579-0300] {dag.py:2676} INFO - Sync 1 DAGs
[2023-01-08T21:14:41.597-0300] {logging_mixin.py:137} INFO - [2023-01-08T21:14:41.597-0300] {dag.py:3427} INFO - Setting next_dagrun for download_covabdab to 2023-01-01T00:00:00+00:00, run_after=2023-02-01T00:00:00+00:00
[2023-01-08T21:14:41.611-0300] {processor.py:175} INFO - Processing /home/kallox/airflow/dags/download_covabdab.py took 0.300 seconds
[2023-01-08T21:15:13.225-0300] {processor.py:153} INFO - Started process (PID=25919) to work on /home/kallox/airflow/dags/download_covabdab.py
[2023-01-08T21:15:13.226-0300] {processor.py:743} INFO - Processing file /home/kallox/airflow/dags/download_covabdab.py for tasks to queue
[2023-01-08T21:15:13.226-0300] {logging_mixin.py:137} INFO - [2023-01-08T21:15:13.226-0300] {dagbag.py:538} INFO - Filling up the DagBag from /home/kallox/airflow/dags/download_covabdab.py
[2023-01-08T21:15:13.462-0300] {processor.py:753} INFO - DAG(s) dict_keys(['download_covabdab']) retrieved from /home/kallox/airflow/dags/download_covabdab.py
[2023-01-08T21:15:13.486-0300] {logging_mixin.py:137} INFO - [2023-01-08T21:15:13.486-0300] {dag.py:2676} INFO - Sync 1 DAGs
[2023-01-08T21:15:13.504-0300] {logging_mixin.py:137} INFO - [2023-01-08T21:15:13.504-0300] {dag.py:3427} INFO - Setting next_dagrun for download_covabdab to 2023-01-01T00:00:00+00:00, run_after=2023-02-01T00:00:00+00:00
[2023-01-08T21:15:13.519-0300] {processor.py:175} INFO - Processing /home/kallox/airflow/dags/download_covabdab.py took 0.296 seconds
[2023-01-08T21:15:48.855-0300] {processor.py:153} INFO - Started process (PID=26017) to work on /home/kallox/airflow/dags/download_covabdab.py
[2023-01-08T21:15:48.867-0300] {processor.py:743} INFO - Processing file /home/kallox/airflow/dags/download_covabdab.py for tasks to queue
[2023-01-08T21:15:48.867-0300] {logging_mixin.py:137} INFO - [2023-01-08T21:15:48.867-0300] {dagbag.py:538} INFO - Filling up the DagBag from /home/kallox/airflow/dags/download_covabdab.py
[2023-01-08T21:15:49.380-0300] {processor.py:753} INFO - DAG(s) dict_keys(['download_covabdab']) retrieved from /home/kallox/airflow/dags/download_covabdab.py
[2023-01-08T21:15:49.402-0300] {logging_mixin.py:137} INFO - [2023-01-08T21:15:49.401-0300] {dag.py:2676} INFO - Sync 1 DAGs
[2023-01-08T21:15:49.421-0300] {logging_mixin.py:137} INFO - [2023-01-08T21:15:49.421-0300] {dag.py:3427} INFO - Setting next_dagrun for download_covabdab to 2023-01-01T00:00:00+00:00, run_after=2023-02-01T00:00:00+00:00
[2023-01-08T21:15:49.438-0300] {processor.py:175} INFO - Processing /home/kallox/airflow/dags/download_covabdab.py took 0.585 seconds
[2023-01-08T21:16:23.167-0300] {processor.py:153} INFO - Started process (PID=26116) to work on /home/kallox/airflow/dags/download_covabdab.py
[2023-01-08T21:16:23.167-0300] {processor.py:743} INFO - Processing file /home/kallox/airflow/dags/download_covabdab.py for tasks to queue
[2023-01-08T21:16:23.168-0300] {logging_mixin.py:137} INFO - [2023-01-08T21:16:23.168-0300] {dagbag.py:538} INFO - Filling up the DagBag from /home/kallox/airflow/dags/download_covabdab.py
[2023-01-08T21:16:23.500-0300] {processor.py:753} INFO - DAG(s) dict_keys(['download_covabdab']) retrieved from /home/kallox/airflow/dags/download_covabdab.py
[2023-01-08T21:16:23.602-0300] {logging_mixin.py:137} INFO - [2023-01-08T21:16:23.602-0300] {dag.py:2676} INFO - Sync 1 DAGs
[2023-01-08T21:16:23.764-0300] {logging_mixin.py:137} INFO - [2023-01-08T21:16:23.763-0300] {dag.py:3427} INFO - Setting next_dagrun for download_covabdab to 2023-01-01T00:00:00+00:00, run_after=2023-02-01T00:00:00+00:00
[2023-01-08T21:16:23.779-0300] {processor.py:175} INFO - Processing /home/kallox/airflow/dags/download_covabdab.py took 0.615 seconds
[2023-01-08T21:16:55.318-0300] {processor.py:153} INFO - Started process (PID=26213) to work on /home/kallox/airflow/dags/download_covabdab.py
[2023-01-08T21:16:55.322-0300] {processor.py:743} INFO - Processing file /home/kallox/airflow/dags/download_covabdab.py for tasks to queue
[2023-01-08T21:16:55.323-0300] {logging_mixin.py:137} INFO - [2023-01-08T21:16:55.323-0300] {dagbag.py:538} INFO - Filling up the DagBag from /home/kallox/airflow/dags/download_covabdab.py
[2023-01-08T21:16:55.561-0300] {processor.py:753} INFO - DAG(s) dict_keys(['download_covabdab']) retrieved from /home/kallox/airflow/dags/download_covabdab.py
[2023-01-08T21:16:55.583-0300] {logging_mixin.py:137} INFO - [2023-01-08T21:16:55.582-0300] {dag.py:2676} INFO - Sync 1 DAGs
[2023-01-08T21:16:55.602-0300] {logging_mixin.py:137} INFO - [2023-01-08T21:16:55.602-0300] {dag.py:3427} INFO - Setting next_dagrun for download_covabdab to 2023-01-01T00:00:00+00:00, run_after=2023-02-01T00:00:00+00:00
[2023-01-08T21:16:55.643-0300] {processor.py:175} INFO - Processing /home/kallox/airflow/dags/download_covabdab.py took 0.327 seconds
[2023-01-08T21:17:29.455-0300] {processor.py:153} INFO - Started process (PID=26311) to work on /home/kallox/airflow/dags/download_covabdab.py
[2023-01-08T21:17:29.456-0300] {processor.py:743} INFO - Processing file /home/kallox/airflow/dags/download_covabdab.py for tasks to queue
[2023-01-08T21:17:29.456-0300] {logging_mixin.py:137} INFO - [2023-01-08T21:17:29.456-0300] {dagbag.py:538} INFO - Filling up the DagBag from /home/kallox/airflow/dags/download_covabdab.py
[2023-01-08T21:17:29.690-0300] {processor.py:753} INFO - DAG(s) dict_keys(['download_covabdab']) retrieved from /home/kallox/airflow/dags/download_covabdab.py
[2023-01-08T21:17:29.711-0300] {logging_mixin.py:137} INFO - [2023-01-08T21:17:29.711-0300] {dag.py:2676} INFO - Sync 1 DAGs
[2023-01-08T21:17:29.729-0300] {logging_mixin.py:137} INFO - [2023-01-08T21:17:29.729-0300] {dag.py:3427} INFO - Setting next_dagrun for download_covabdab to 2023-01-01T00:00:00+00:00, run_after=2023-02-01T00:00:00+00:00
[2023-01-08T21:17:29.874-0300] {processor.py:175} INFO - Processing /home/kallox/airflow/dags/download_covabdab.py took 0.422 seconds
[2023-01-08T21:18:04.799-0300] {processor.py:153} INFO - Started process (PID=26410) to work on /home/kallox/airflow/dags/download_covabdab.py
[2023-01-08T21:18:04.831-0300] {processor.py:743} INFO - Processing file /home/kallox/airflow/dags/download_covabdab.py for tasks to queue
[2023-01-08T21:18:04.831-0300] {logging_mixin.py:137} INFO - [2023-01-08T21:18:04.831-0300] {dagbag.py:538} INFO - Filling up the DagBag from /home/kallox/airflow/dags/download_covabdab.py
[2023-01-08T21:18:05.497-0300] {processor.py:753} INFO - DAG(s) dict_keys(['download_covabdab']) retrieved from /home/kallox/airflow/dags/download_covabdab.py
[2023-01-08T21:18:05.523-0300] {logging_mixin.py:137} INFO - [2023-01-08T21:18:05.522-0300] {dag.py:2676} INFO - Sync 1 DAGs
[2023-01-08T21:18:05.544-0300] {logging_mixin.py:137} INFO - [2023-01-08T21:18:05.544-0300] {dag.py:3427} INFO - Setting next_dagrun for download_covabdab to 2023-01-01T00:00:00+00:00, run_after=2023-02-01T00:00:00+00:00
[2023-01-08T21:18:05.586-0300] {processor.py:175} INFO - Processing /home/kallox/airflow/dags/download_covabdab.py took 0.790 seconds
[2023-01-08T21:18:37.217-0300] {processor.py:153} INFO - Started process (PID=26508) to work on /home/kallox/airflow/dags/download_covabdab.py
[2023-01-08T21:18:37.218-0300] {processor.py:743} INFO - Processing file /home/kallox/airflow/dags/download_covabdab.py for tasks to queue
[2023-01-08T21:18:37.219-0300] {logging_mixin.py:137} INFO - [2023-01-08T21:18:37.219-0300] {dagbag.py:538} INFO - Filling up the DagBag from /home/kallox/airflow/dags/download_covabdab.py
[2023-01-08T21:18:37.550-0300] {processor.py:753} INFO - DAG(s) dict_keys(['download_covabdab']) retrieved from /home/kallox/airflow/dags/download_covabdab.py
[2023-01-08T21:18:37.574-0300] {logging_mixin.py:137} INFO - [2023-01-08T21:18:37.574-0300] {dag.py:2676} INFO - Sync 1 DAGs
[2023-01-08T21:18:37.597-0300] {logging_mixin.py:137} INFO - [2023-01-08T21:18:37.597-0300] {dag.py:3427} INFO - Setting next_dagrun for download_covabdab to 2023-01-01T00:00:00+00:00, run_after=2023-02-01T00:00:00+00:00
[2023-01-08T21:18:37.622-0300] {processor.py:175} INFO - Processing /home/kallox/airflow/dags/download_covabdab.py took 0.408 seconds
[2023-01-08T21:19:10.732-0300] {processor.py:153} INFO - Started process (PID=26607) to work on /home/kallox/airflow/dags/download_covabdab.py
[2023-01-08T21:19:10.733-0300] {processor.py:743} INFO - Processing file /home/kallox/airflow/dags/download_covabdab.py for tasks to queue
[2023-01-08T21:19:10.733-0300] {logging_mixin.py:137} INFO - [2023-01-08T21:19:10.733-0300] {dagbag.py:538} INFO - Filling up the DagBag from /home/kallox/airflow/dags/download_covabdab.py
[2023-01-08T21:19:12.150-0300] {processor.py:753} INFO - DAG(s) dict_keys(['download_covabdab']) retrieved from /home/kallox/airflow/dags/download_covabdab.py
[2023-01-08T21:19:12.334-0300] {logging_mixin.py:137} INFO - [2023-01-08T21:19:12.333-0300] {dag.py:2676} INFO - Sync 1 DAGs
[2023-01-08T21:19:12.378-0300] {logging_mixin.py:137} INFO - [2023-01-08T21:19:12.377-0300] {dag.py:3427} INFO - Setting next_dagrun for download_covabdab to 2023-01-01T00:00:00+00:00, run_after=2023-02-01T00:00:00+00:00
[2023-01-08T21:19:12.471-0300] {processor.py:175} INFO - Processing /home/kallox/airflow/dags/download_covabdab.py took 1.741 seconds
[2023-01-08T21:20:00.305-0300] {processor.py:153} INFO - Started process (PID=26715) to work on /home/kallox/airflow/dags/download_covabdab.py
[2023-01-08T21:20:00.305-0300] {processor.py:743} INFO - Processing file /home/kallox/airflow/dags/download_covabdab.py for tasks to queue
[2023-01-08T21:20:00.306-0300] {logging_mixin.py:137} INFO - [2023-01-08T21:20:00.306-0300] {dagbag.py:538} INFO - Filling up the DagBag from /home/kallox/airflow/dags/download_covabdab.py
[2023-01-08T21:20:00.591-0300] {processor.py:753} INFO - DAG(s) dict_keys(['download_covabdab']) retrieved from /home/kallox/airflow/dags/download_covabdab.py
[2023-01-08T21:20:00.624-0300] {logging_mixin.py:137} INFO - [2023-01-08T21:20:00.622-0300] {dag.py:2676} INFO - Sync 1 DAGs
[2023-01-08T21:20:00.652-0300] {logging_mixin.py:137} INFO - [2023-01-08T21:20:00.652-0300] {dag.py:3427} INFO - Setting next_dagrun for download_covabdab to 2023-01-01T00:00:00+00:00, run_after=2023-02-01T00:00:00+00:00
[2023-01-08T21:20:00.678-0300] {processor.py:175} INFO - Processing /home/kallox/airflow/dags/download_covabdab.py took 0.375 seconds
[2023-01-08T21:20:33.157-0300] {processor.py:153} INFO - Started process (PID=26817) to work on /home/kallox/airflow/dags/download_covabdab.py
[2023-01-08T21:20:33.158-0300] {processor.py:743} INFO - Processing file /home/kallox/airflow/dags/download_covabdab.py for tasks to queue
[2023-01-08T21:20:33.158-0300] {logging_mixin.py:137} INFO - [2023-01-08T21:20:33.158-0300] {dagbag.py:538} INFO - Filling up the DagBag from /home/kallox/airflow/dags/download_covabdab.py
[2023-01-08T21:20:33.399-0300] {processor.py:753} INFO - DAG(s) dict_keys(['download_covabdab']) retrieved from /home/kallox/airflow/dags/download_covabdab.py
[2023-01-08T21:20:33.483-0300] {logging_mixin.py:137} INFO - [2023-01-08T21:20:33.483-0300] {dag.py:2676} INFO - Sync 1 DAGs
[2023-01-08T21:20:33.508-0300] {logging_mixin.py:137} INFO - [2023-01-08T21:20:33.507-0300] {dag.py:3427} INFO - Setting next_dagrun for download_covabdab to 2023-01-01T00:00:00+00:00, run_after=2023-02-01T00:00:00+00:00
[2023-01-08T21:20:33.576-0300] {processor.py:175} INFO - Processing /home/kallox/airflow/dags/download_covabdab.py took 0.421 seconds
[2023-01-08T21:21:04.879-0300] {processor.py:153} INFO - Started process (PID=26906) to work on /home/kallox/airflow/dags/download_covabdab.py
[2023-01-08T21:21:04.880-0300] {processor.py:743} INFO - Processing file /home/kallox/airflow/dags/download_covabdab.py for tasks to queue
[2023-01-08T21:21:04.880-0300] {logging_mixin.py:137} INFO - [2023-01-08T21:21:04.880-0300] {dagbag.py:538} INFO - Filling up the DagBag from /home/kallox/airflow/dags/download_covabdab.py
[2023-01-08T21:21:05.116-0300] {processor.py:753} INFO - DAG(s) dict_keys(['download_covabdab']) retrieved from /home/kallox/airflow/dags/download_covabdab.py
[2023-01-08T21:21:05.137-0300] {logging_mixin.py:137} INFO - [2023-01-08T21:21:05.136-0300] {dag.py:2676} INFO - Sync 1 DAGs
[2023-01-08T21:21:05.155-0300] {logging_mixin.py:137} INFO - [2023-01-08T21:21:05.155-0300] {dag.py:3427} INFO - Setting next_dagrun for download_covabdab to 2023-01-01T00:00:00+00:00, run_after=2023-02-01T00:00:00+00:00
[2023-01-08T21:21:05.171-0300] {processor.py:175} INFO - Processing /home/kallox/airflow/dags/download_covabdab.py took 0.295 seconds
[2023-01-08T21:21:38.927-0300] {processor.py:153} INFO - Started process (PID=27001) to work on /home/kallox/airflow/dags/download_covabdab.py
[2023-01-08T21:21:38.928-0300] {processor.py:743} INFO - Processing file /home/kallox/airflow/dags/download_covabdab.py for tasks to queue
[2023-01-08T21:21:38.928-0300] {logging_mixin.py:137} INFO - [2023-01-08T21:21:38.928-0300] {dagbag.py:538} INFO - Filling up the DagBag from /home/kallox/airflow/dags/download_covabdab.py
[2023-01-08T21:21:39.196-0300] {processor.py:753} INFO - DAG(s) dict_keys(['download_covabdab']) retrieved from /home/kallox/airflow/dags/download_covabdab.py
[2023-01-08T21:21:39.331-0300] {logging_mixin.py:137} INFO - [2023-01-08T21:21:39.331-0300] {dag.py:2676} INFO - Sync 1 DAGs
[2023-01-08T21:21:39.355-0300] {logging_mixin.py:137} INFO - [2023-01-08T21:21:39.355-0300] {dag.py:3427} INFO - Setting next_dagrun for download_covabdab to 2023-01-01T00:00:00+00:00, run_after=2023-02-01T00:00:00+00:00
[2023-01-08T21:21:39.372-0300] {processor.py:175} INFO - Processing /home/kallox/airflow/dags/download_covabdab.py took 0.447 seconds
[2023-01-08T21:22:10.272-0300] {processor.py:153} INFO - Started process (PID=27093) to work on /home/kallox/airflow/dags/download_covabdab.py
[2023-01-08T21:22:10.272-0300] {processor.py:743} INFO - Processing file /home/kallox/airflow/dags/download_covabdab.py for tasks to queue
[2023-01-08T21:22:10.273-0300] {logging_mixin.py:137} INFO - [2023-01-08T21:22:10.273-0300] {dagbag.py:538} INFO - Filling up the DagBag from /home/kallox/airflow/dags/download_covabdab.py
[2023-01-08T21:22:10.535-0300] {processor.py:753} INFO - DAG(s) dict_keys(['download_covabdab']) retrieved from /home/kallox/airflow/dags/download_covabdab.py
[2023-01-08T21:22:10.564-0300] {logging_mixin.py:137} INFO - [2023-01-08T21:22:10.563-0300] {dag.py:2676} INFO - Sync 1 DAGs
[2023-01-08T21:22:10.582-0300] {logging_mixin.py:137} INFO - [2023-01-08T21:22:10.582-0300] {dag.py:3427} INFO - Setting next_dagrun for download_covabdab to 2023-01-01T00:00:00+00:00, run_after=2023-02-01T00:00:00+00:00
[2023-01-08T21:22:10.597-0300] {processor.py:175} INFO - Processing /home/kallox/airflow/dags/download_covabdab.py took 0.328 seconds
[2023-01-08T21:22:41.592-0300] {processor.py:153} INFO - Started process (PID=27191) to work on /home/kallox/airflow/dags/download_covabdab.py
[2023-01-08T21:22:41.593-0300] {processor.py:743} INFO - Processing file /home/kallox/airflow/dags/download_covabdab.py for tasks to queue
[2023-01-08T21:22:41.593-0300] {logging_mixin.py:137} INFO - [2023-01-08T21:22:41.593-0300] {dagbag.py:538} INFO - Filling up the DagBag from /home/kallox/airflow/dags/download_covabdab.py
[2023-01-08T21:22:41.905-0300] {processor.py:753} INFO - DAG(s) dict_keys(['download_covabdab']) retrieved from /home/kallox/airflow/dags/download_covabdab.py
[2023-01-08T21:22:41.934-0300] {logging_mixin.py:137} INFO - [2023-01-08T21:22:41.933-0300] {dag.py:2676} INFO - Sync 1 DAGs
[2023-01-08T21:22:41.961-0300] {logging_mixin.py:137} INFO - [2023-01-08T21:22:41.961-0300] {dag.py:3427} INFO - Setting next_dagrun for download_covabdab to 2023-01-01T00:00:00+00:00, run_after=2023-02-01T00:00:00+00:00
[2023-01-08T21:22:41.983-0300] {processor.py:175} INFO - Processing /home/kallox/airflow/dags/download_covabdab.py took 0.393 seconds
[2023-01-08T21:23:15.965-0300] {processor.py:153} INFO - Started process (PID=27293) to work on /home/kallox/airflow/dags/download_covabdab.py
[2023-01-08T21:23:15.975-0300] {processor.py:743} INFO - Processing file /home/kallox/airflow/dags/download_covabdab.py for tasks to queue
[2023-01-08T21:23:15.976-0300] {logging_mixin.py:137} INFO - [2023-01-08T21:23:15.976-0300] {dagbag.py:538} INFO - Filling up the DagBag from /home/kallox/airflow/dags/download_covabdab.py
[2023-01-08T21:23:16.208-0300] {processor.py:753} INFO - DAG(s) dict_keys(['download_covabdab']) retrieved from /home/kallox/airflow/dags/download_covabdab.py
[2023-01-08T21:23:16.232-0300] {logging_mixin.py:137} INFO - [2023-01-08T21:23:16.231-0300] {dag.py:2676} INFO - Sync 1 DAGs
[2023-01-08T21:23:16.250-0300] {logging_mixin.py:137} INFO - [2023-01-08T21:23:16.250-0300] {dag.py:3427} INFO - Setting next_dagrun for download_covabdab to 2023-01-01T00:00:00+00:00, run_after=2023-02-01T00:00:00+00:00
[2023-01-08T21:23:16.266-0300] {processor.py:175} INFO - Processing /home/kallox/airflow/dags/download_covabdab.py took 0.303 seconds
[2023-01-08T21:23:48.528-0300] {processor.py:153} INFO - Started process (PID=27390) to work on /home/kallox/airflow/dags/download_covabdab.py
[2023-01-08T21:23:48.529-0300] {processor.py:743} INFO - Processing file /home/kallox/airflow/dags/download_covabdab.py for tasks to queue
[2023-01-08T21:23:48.529-0300] {logging_mixin.py:137} INFO - [2023-01-08T21:23:48.529-0300] {dagbag.py:538} INFO - Filling up the DagBag from /home/kallox/airflow/dags/download_covabdab.py
[2023-01-08T21:23:48.796-0300] {processor.py:753} INFO - DAG(s) dict_keys(['download_covabdab']) retrieved from /home/kallox/airflow/dags/download_covabdab.py
[2023-01-08T21:23:48.820-0300] {logging_mixin.py:137} INFO - [2023-01-08T21:23:48.819-0300] {dag.py:2676} INFO - Sync 1 DAGs
[2023-01-08T21:23:48.838-0300] {logging_mixin.py:137} INFO - [2023-01-08T21:23:48.838-0300] {dag.py:3427} INFO - Setting next_dagrun for download_covabdab to 2023-01-01T00:00:00+00:00, run_after=2023-02-01T00:00:00+00:00
[2023-01-08T21:23:48.868-0300] {processor.py:175} INFO - Processing /home/kallox/airflow/dags/download_covabdab.py took 0.343 seconds
[2023-01-08T21:24:19.563-0300] {processor.py:153} INFO - Started process (PID=27486) to work on /home/kallox/airflow/dags/download_covabdab.py
[2023-01-08T21:24:19.564-0300] {processor.py:743} INFO - Processing file /home/kallox/airflow/dags/download_covabdab.py for tasks to queue
[2023-01-08T21:24:19.564-0300] {logging_mixin.py:137} INFO - [2023-01-08T21:24:19.564-0300] {dagbag.py:538} INFO - Filling up the DagBag from /home/kallox/airflow/dags/download_covabdab.py
[2023-01-08T21:24:19.829-0300] {processor.py:753} INFO - DAG(s) dict_keys(['download_covabdab']) retrieved from /home/kallox/airflow/dags/download_covabdab.py
[2023-01-08T21:24:19.852-0300] {logging_mixin.py:137} INFO - [2023-01-08T21:24:19.851-0300] {dag.py:2676} INFO - Sync 1 DAGs
[2023-01-08T21:24:19.872-0300] {logging_mixin.py:137} INFO - [2023-01-08T21:24:19.872-0300] {dag.py:3427} INFO - Setting next_dagrun for download_covabdab to 2023-01-01T00:00:00+00:00, run_after=2023-02-01T00:00:00+00:00
[2023-01-08T21:24:19.890-0300] {processor.py:175} INFO - Processing /home/kallox/airflow/dags/download_covabdab.py took 0.330 seconds
[2023-01-08T21:24:52.891-0300] {processor.py:153} INFO - Started process (PID=27575) to work on /home/kallox/airflow/dags/download_covabdab.py
[2023-01-08T21:24:52.892-0300] {processor.py:743} INFO - Processing file /home/kallox/airflow/dags/download_covabdab.py for tasks to queue
[2023-01-08T21:24:52.892-0300] {logging_mixin.py:137} INFO - [2023-01-08T21:24:52.892-0300] {dagbag.py:538} INFO - Filling up the DagBag from /home/kallox/airflow/dags/download_covabdab.py
[2023-01-08T21:24:53.150-0300] {processor.py:753} INFO - DAG(s) dict_keys(['download_covabdab']) retrieved from /home/kallox/airflow/dags/download_covabdab.py
[2023-01-08T21:24:53.174-0300] {logging_mixin.py:137} INFO - [2023-01-08T21:24:53.173-0300] {dag.py:2676} INFO - Sync 1 DAGs
[2023-01-08T21:24:53.192-0300] {logging_mixin.py:137} INFO - [2023-01-08T21:24:53.192-0300] {dag.py:3427} INFO - Setting next_dagrun for download_covabdab to 2023-01-01T00:00:00+00:00, run_after=2023-02-01T00:00:00+00:00
[2023-01-08T21:24:53.206-0300] {processor.py:175} INFO - Processing /home/kallox/airflow/dags/download_covabdab.py took 0.317 seconds
[2023-01-08T21:25:23.503-0300] {processor.py:153} INFO - Started process (PID=27658) to work on /home/kallox/airflow/dags/download_covabdab.py
[2023-01-08T21:25:23.504-0300] {processor.py:743} INFO - Processing file /home/kallox/airflow/dags/download_covabdab.py for tasks to queue
[2023-01-08T21:25:23.505-0300] {logging_mixin.py:137} INFO - [2023-01-08T21:25:23.505-0300] {dagbag.py:538} INFO - Filling up the DagBag from /home/kallox/airflow/dags/download_covabdab.py
[2023-01-08T21:25:23.747-0300] {processor.py:753} INFO - DAG(s) dict_keys(['download_covabdab']) retrieved from /home/kallox/airflow/dags/download_covabdab.py
[2023-01-08T21:25:23.767-0300] {logging_mixin.py:137} INFO - [2023-01-08T21:25:23.767-0300] {dag.py:2676} INFO - Sync 1 DAGs
[2023-01-08T21:25:23.785-0300] {logging_mixin.py:137} INFO - [2023-01-08T21:25:23.785-0300] {dag.py:3427} INFO - Setting next_dagrun for download_covabdab to 2023-01-01T00:00:00+00:00, run_after=2023-02-01T00:00:00+00:00
[2023-01-08T21:25:23.800-0300] {processor.py:175} INFO - Processing /home/kallox/airflow/dags/download_covabdab.py took 0.300 seconds
[2023-01-08T21:25:53.940-0300] {processor.py:153} INFO - Started process (PID=27742) to work on /home/kallox/airflow/dags/download_covabdab.py
[2023-01-08T21:25:53.941-0300] {processor.py:743} INFO - Processing file /home/kallox/airflow/dags/download_covabdab.py for tasks to queue
[2023-01-08T21:25:53.941-0300] {logging_mixin.py:137} INFO - [2023-01-08T21:25:53.941-0300] {dagbag.py:538} INFO - Filling up the DagBag from /home/kallox/airflow/dags/download_covabdab.py
[2023-01-08T21:25:54.172-0300] {processor.py:753} INFO - DAG(s) dict_keys(['download_covabdab']) retrieved from /home/kallox/airflow/dags/download_covabdab.py
[2023-01-08T21:25:54.198-0300] {logging_mixin.py:137} INFO - [2023-01-08T21:25:54.197-0300] {dag.py:2676} INFO - Sync 1 DAGs
[2023-01-08T21:25:54.215-0300] {logging_mixin.py:137} INFO - [2023-01-08T21:25:54.215-0300] {dag.py:3427} INFO - Setting next_dagrun for download_covabdab to 2023-01-01T00:00:00+00:00, run_after=2023-02-01T00:00:00+00:00
[2023-01-08T21:25:54.231-0300] {processor.py:175} INFO - Processing /home/kallox/airflow/dags/download_covabdab.py took 0.294 seconds
[2023-01-08T21:26:24.406-0300] {processor.py:153} INFO - Started process (PID=27816) to work on /home/kallox/airflow/dags/download_covabdab.py
[2023-01-08T21:26:24.407-0300] {processor.py:743} INFO - Processing file /home/kallox/airflow/dags/download_covabdab.py for tasks to queue
[2023-01-08T21:26:24.407-0300] {logging_mixin.py:137} INFO - [2023-01-08T21:26:24.407-0300] {dagbag.py:538} INFO - Filling up the DagBag from /home/kallox/airflow/dags/download_covabdab.py
[2023-01-08T21:26:24.637-0300] {processor.py:753} INFO - DAG(s) dict_keys(['download_covabdab']) retrieved from /home/kallox/airflow/dags/download_covabdab.py
[2023-01-08T21:26:24.661-0300] {logging_mixin.py:137} INFO - [2023-01-08T21:26:24.661-0300] {dag.py:2676} INFO - Sync 1 DAGs
[2023-01-08T21:26:24.680-0300] {logging_mixin.py:137} INFO - [2023-01-08T21:26:24.680-0300] {dag.py:3427} INFO - Setting next_dagrun for download_covabdab to 2023-01-01T00:00:00+00:00, run_after=2023-02-01T00:00:00+00:00
[2023-01-08T21:26:24.696-0300] {processor.py:175} INFO - Processing /home/kallox/airflow/dags/download_covabdab.py took 0.292 seconds
[2023-01-08T21:26:54.872-0300] {processor.py:153} INFO - Started process (PID=27893) to work on /home/kallox/airflow/dags/download_covabdab.py
[2023-01-08T21:26:54.873-0300] {processor.py:743} INFO - Processing file /home/kallox/airflow/dags/download_covabdab.py for tasks to queue
[2023-01-08T21:26:54.873-0300] {logging_mixin.py:137} INFO - [2023-01-08T21:26:54.873-0300] {dagbag.py:538} INFO - Filling up the DagBag from /home/kallox/airflow/dags/download_covabdab.py
[2023-01-08T21:26:55.109-0300] {processor.py:753} INFO - DAG(s) dict_keys(['download_covabdab']) retrieved from /home/kallox/airflow/dags/download_covabdab.py
[2023-01-08T21:26:55.131-0300] {logging_mixin.py:137} INFO - [2023-01-08T21:26:55.131-0300] {dag.py:2676} INFO - Sync 1 DAGs
[2023-01-08T21:26:55.149-0300] {logging_mixin.py:137} INFO - [2023-01-08T21:26:55.149-0300] {dag.py:3427} INFO - Setting next_dagrun for download_covabdab to 2023-01-01T00:00:00+00:00, run_after=2023-02-01T00:00:00+00:00
[2023-01-08T21:26:55.165-0300] {processor.py:175} INFO - Processing /home/kallox/airflow/dags/download_covabdab.py took 0.296 seconds
[2023-01-08T21:27:25.354-0300] {processor.py:153} INFO - Started process (PID=27967) to work on /home/kallox/airflow/dags/download_covabdab.py
[2023-01-08T21:27:25.355-0300] {processor.py:743} INFO - Processing file /home/kallox/airflow/dags/download_covabdab.py for tasks to queue
[2023-01-08T21:27:25.355-0300] {logging_mixin.py:137} INFO - [2023-01-08T21:27:25.355-0300] {dagbag.py:538} INFO - Filling up the DagBag from /home/kallox/airflow/dags/download_covabdab.py
[2023-01-08T21:27:25.586-0300] {processor.py:753} INFO - DAG(s) dict_keys(['download_covabdab']) retrieved from /home/kallox/airflow/dags/download_covabdab.py
[2023-01-08T21:27:25.609-0300] {logging_mixin.py:137} INFO - [2023-01-08T21:27:25.608-0300] {dag.py:2676} INFO - Sync 1 DAGs
[2023-01-08T21:27:25.626-0300] {logging_mixin.py:137} INFO - [2023-01-08T21:27:25.626-0300] {dag.py:3427} INFO - Setting next_dagrun for download_covabdab to 2023-01-01T00:00:00+00:00, run_after=2023-02-01T00:00:00+00:00
[2023-01-08T21:27:25.649-0300] {processor.py:175} INFO - Processing /home/kallox/airflow/dags/download_covabdab.py took 0.297 seconds
[2023-01-08T21:27:45.380-0300] {processor.py:153} INFO - Started process (PID=28210) to work on /home/kallox/airflow/dags/download_covabdab.py
[2023-01-08T21:27:45.381-0300] {processor.py:743} INFO - Processing file /home/kallox/airflow/dags/download_covabdab.py for tasks to queue
[2023-01-08T21:27:45.381-0300] {logging_mixin.py:137} INFO - [2023-01-08T21:27:45.381-0300] {dagbag.py:538} INFO - Filling up the DagBag from /home/kallox/airflow/dags/download_covabdab.py
[2023-01-08T21:27:45.584-0300] {processor.py:753} INFO - DAG(s) dict_keys(['download_covabdab']) retrieved from /home/kallox/airflow/dags/download_covabdab.py
[2023-01-08T21:27:45.605-0300] {logging_mixin.py:137} INFO - [2023-01-08T21:27:45.605-0300] {dag.py:2676} INFO - Sync 1 DAGs
[2023-01-08T21:27:45.623-0300] {logging_mixin.py:137} INFO - [2023-01-08T21:27:45.623-0300] {dag.py:3427} INFO - Setting next_dagrun for download_covabdab to 2023-01-01T00:00:00+00:00, run_after=2023-02-01T00:00:00+00:00
[2023-01-08T21:27:45.639-0300] {processor.py:175} INFO - Processing /home/kallox/airflow/dags/download_covabdab.py took 0.260 seconds
[2023-01-08T21:28:16.288-0300] {processor.py:153} INFO - Started process (PID=28290) to work on /home/kallox/airflow/dags/download_covabdab.py
[2023-01-08T21:28:16.289-0300] {processor.py:743} INFO - Processing file /home/kallox/airflow/dags/download_covabdab.py for tasks to queue
[2023-01-08T21:28:16.289-0300] {logging_mixin.py:137} INFO - [2023-01-08T21:28:16.289-0300] {dagbag.py:538} INFO - Filling up the DagBag from /home/kallox/airflow/dags/download_covabdab.py
[2023-01-08T21:28:16.499-0300] {processor.py:753} INFO - DAG(s) dict_keys(['download_covabdab']) retrieved from /home/kallox/airflow/dags/download_covabdab.py
[2023-01-08T21:28:16.519-0300] {logging_mixin.py:137} INFO - [2023-01-08T21:28:16.519-0300] {dag.py:2676} INFO - Sync 1 DAGs
[2023-01-08T21:28:16.537-0300] {logging_mixin.py:137} INFO - [2023-01-08T21:28:16.536-0300] {dag.py:3427} INFO - Setting next_dagrun for download_covabdab to 2023-01-01T00:00:00+00:00, run_after=2023-02-01T00:00:00+00:00
[2023-01-08T21:28:16.551-0300] {processor.py:175} INFO - Processing /home/kallox/airflow/dags/download_covabdab.py took 0.265 seconds
[2023-01-08T21:28:46.719-0300] {processor.py:153} INFO - Started process (PID=28371) to work on /home/kallox/airflow/dags/download_covabdab.py
[2023-01-08T21:28:46.719-0300] {processor.py:743} INFO - Processing file /home/kallox/airflow/dags/download_covabdab.py for tasks to queue
[2023-01-08T21:28:46.720-0300] {logging_mixin.py:137} INFO - [2023-01-08T21:28:46.720-0300] {dagbag.py:538} INFO - Filling up the DagBag from /home/kallox/airflow/dags/download_covabdab.py
[2023-01-08T21:28:46.934-0300] {processor.py:753} INFO - DAG(s) dict_keys(['download_covabdab']) retrieved from /home/kallox/airflow/dags/download_covabdab.py
[2023-01-08T21:28:46.956-0300] {logging_mixin.py:137} INFO - [2023-01-08T21:28:46.956-0300] {dag.py:2676} INFO - Sync 1 DAGs
[2023-01-08T21:28:46.975-0300] {logging_mixin.py:137} INFO - [2023-01-08T21:28:46.975-0300] {dag.py:3427} INFO - Setting next_dagrun for download_covabdab to 2023-01-01T00:00:00+00:00, run_after=2023-02-01T00:00:00+00:00
[2023-01-08T21:28:46.991-0300] {processor.py:175} INFO - Processing /home/kallox/airflow/dags/download_covabdab.py took 0.274 seconds
[2023-01-08T21:29:17.162-0300] {processor.py:153} INFO - Started process (PID=28453) to work on /home/kallox/airflow/dags/download_covabdab.py
[2023-01-08T21:29:17.163-0300] {processor.py:743} INFO - Processing file /home/kallox/airflow/dags/download_covabdab.py for tasks to queue
[2023-01-08T21:29:17.163-0300] {logging_mixin.py:137} INFO - [2023-01-08T21:29:17.163-0300] {dagbag.py:538} INFO - Filling up the DagBag from /home/kallox/airflow/dags/download_covabdab.py
[2023-01-08T21:29:17.355-0300] {processor.py:753} INFO - DAG(s) dict_keys(['download_covabdab']) retrieved from /home/kallox/airflow/dags/download_covabdab.py
[2023-01-08T21:29:17.379-0300] {logging_mixin.py:137} INFO - [2023-01-08T21:29:17.379-0300] {dag.py:2676} INFO - Sync 1 DAGs
[2023-01-08T21:29:17.397-0300] {logging_mixin.py:137} INFO - [2023-01-08T21:29:17.397-0300] {dag.py:3427} INFO - Setting next_dagrun for download_covabdab to 2023-01-01T00:00:00+00:00, run_after=2023-02-01T00:00:00+00:00
[2023-01-08T21:29:17.413-0300] {processor.py:175} INFO - Processing /home/kallox/airflow/dags/download_covabdab.py took 0.253 seconds
[2023-01-08T21:29:48.095-0300] {processor.py:153} INFO - Started process (PID=28541) to work on /home/kallox/airflow/dags/download_covabdab.py
[2023-01-08T21:29:48.095-0300] {processor.py:743} INFO - Processing file /home/kallox/airflow/dags/download_covabdab.py for tasks to queue
[2023-01-08T21:29:48.095-0300] {logging_mixin.py:137} INFO - [2023-01-08T21:29:48.095-0300] {dagbag.py:538} INFO - Filling up the DagBag from /home/kallox/airflow/dags/download_covabdab.py
[2023-01-08T21:29:48.290-0300] {processor.py:753} INFO - DAG(s) dict_keys(['download_covabdab']) retrieved from /home/kallox/airflow/dags/download_covabdab.py
[2023-01-08T21:29:48.314-0300] {logging_mixin.py:137} INFO - [2023-01-08T21:29:48.313-0300] {dag.py:2676} INFO - Sync 1 DAGs
[2023-01-08T21:29:48.332-0300] {logging_mixin.py:137} INFO - [2023-01-08T21:29:48.332-0300] {dag.py:3427} INFO - Setting next_dagrun for download_covabdab to 2023-01-01T00:00:00+00:00, run_after=2023-02-01T00:00:00+00:00
[2023-01-08T21:29:48.355-0300] {processor.py:175} INFO - Processing /home/kallox/airflow/dags/download_covabdab.py took 0.263 seconds
[2023-01-08T21:30:18.798-0300] {processor.py:153} INFO - Started process (PID=28619) to work on /home/kallox/airflow/dags/download_covabdab.py
[2023-01-08T21:30:18.799-0300] {processor.py:743} INFO - Processing file /home/kallox/airflow/dags/download_covabdab.py for tasks to queue
[2023-01-08T21:30:18.800-0300] {logging_mixin.py:137} INFO - [2023-01-08T21:30:18.800-0300] {dagbag.py:538} INFO - Filling up the DagBag from /home/kallox/airflow/dags/download_covabdab.py
[2023-01-08T21:30:19.019-0300] {processor.py:753} INFO - DAG(s) dict_keys(['download_covabdab']) retrieved from /home/kallox/airflow/dags/download_covabdab.py
[2023-01-08T21:30:19.041-0300] {logging_mixin.py:137} INFO - [2023-01-08T21:30:19.040-0300] {dag.py:2676} INFO - Sync 1 DAGs
[2023-01-08T21:30:19.058-0300] {logging_mixin.py:137} INFO - [2023-01-08T21:30:19.058-0300] {dag.py:3427} INFO - Setting next_dagrun for download_covabdab to 2023-01-01T00:00:00+00:00, run_after=2023-02-01T00:00:00+00:00
[2023-01-08T21:30:19.073-0300] {processor.py:175} INFO - Processing /home/kallox/airflow/dags/download_covabdab.py took 0.277 seconds
[2023-01-08T21:30:49.499-0300] {processor.py:153} INFO - Started process (PID=28700) to work on /home/kallox/airflow/dags/download_covabdab.py
[2023-01-08T21:30:49.499-0300] {processor.py:743} INFO - Processing file /home/kallox/airflow/dags/download_covabdab.py for tasks to queue
[2023-01-08T21:30:49.500-0300] {logging_mixin.py:137} INFO - [2023-01-08T21:30:49.500-0300] {dagbag.py:538} INFO - Filling up the DagBag from /home/kallox/airflow/dags/download_covabdab.py
[2023-01-08T21:30:49.707-0300] {processor.py:753} INFO - DAG(s) dict_keys(['download_covabdab']) retrieved from /home/kallox/airflow/dags/download_covabdab.py
[2023-01-08T21:30:49.728-0300] {logging_mixin.py:137} INFO - [2023-01-08T21:30:49.728-0300] {dag.py:2676} INFO - Sync 1 DAGs
[2023-01-08T21:30:49.746-0300] {logging_mixin.py:137} INFO - [2023-01-08T21:30:49.746-0300] {dag.py:3427} INFO - Setting next_dagrun for download_covabdab to 2023-01-01T00:00:00+00:00, run_after=2023-02-01T00:00:00+00:00
[2023-01-08T21:30:49.762-0300] {processor.py:175} INFO - Processing /home/kallox/airflow/dags/download_covabdab.py took 0.265 seconds
[2023-01-08T21:31:20.482-0300] {processor.py:153} INFO - Started process (PID=28782) to work on /home/kallox/airflow/dags/download_covabdab.py
[2023-01-08T21:31:20.483-0300] {processor.py:743} INFO - Processing file /home/kallox/airflow/dags/download_covabdab.py for tasks to queue
[2023-01-08T21:31:20.483-0300] {logging_mixin.py:137} INFO - [2023-01-08T21:31:20.483-0300] {dagbag.py:538} INFO - Filling up the DagBag from /home/kallox/airflow/dags/download_covabdab.py
[2023-01-08T21:31:20.680-0300] {processor.py:753} INFO - DAG(s) dict_keys(['download_covabdab']) retrieved from /home/kallox/airflow/dags/download_covabdab.py
[2023-01-08T21:31:20.703-0300] {logging_mixin.py:137} INFO - [2023-01-08T21:31:20.703-0300] {dag.py:2676} INFO - Sync 1 DAGs
[2023-01-08T21:31:20.722-0300] {logging_mixin.py:137} INFO - [2023-01-08T21:31:20.722-0300] {dag.py:3427} INFO - Setting next_dagrun for download_covabdab to 2023-01-01T00:00:00+00:00, run_after=2023-02-01T00:00:00+00:00
[2023-01-08T21:31:20.745-0300] {processor.py:175} INFO - Processing /home/kallox/airflow/dags/download_covabdab.py took 0.266 seconds
[2023-01-08T21:31:51.400-0300] {processor.py:153} INFO - Started process (PID=28859) to work on /home/kallox/airflow/dags/download_covabdab.py
[2023-01-08T21:31:51.400-0300] {processor.py:743} INFO - Processing file /home/kallox/airflow/dags/download_covabdab.py for tasks to queue
[2023-01-08T21:31:51.401-0300] {logging_mixin.py:137} INFO - [2023-01-08T21:31:51.401-0300] {dagbag.py:538} INFO - Filling up the DagBag from /home/kallox/airflow/dags/download_covabdab.py
[2023-01-08T21:31:51.622-0300] {processor.py:753} INFO - DAG(s) dict_keys(['download_covabdab']) retrieved from /home/kallox/airflow/dags/download_covabdab.py
[2023-01-08T21:31:51.645-0300] {logging_mixin.py:137} INFO - [2023-01-08T21:31:51.644-0300] {dag.py:2676} INFO - Sync 1 DAGs
[2023-01-08T21:31:51.663-0300] {logging_mixin.py:137} INFO - [2023-01-08T21:31:51.663-0300] {dag.py:3427} INFO - Setting next_dagrun for download_covabdab to 2023-01-01T00:00:00+00:00, run_after=2023-02-01T00:00:00+00:00
[2023-01-08T21:31:51.676-0300] {processor.py:175} INFO - Processing /home/kallox/airflow/dags/download_covabdab.py took 0.279 seconds
[2023-01-08T21:32:21.821-0300] {processor.py:153} INFO - Started process (PID=28938) to work on /home/kallox/airflow/dags/download_covabdab.py
[2023-01-08T21:32:21.822-0300] {processor.py:743} INFO - Processing file /home/kallox/airflow/dags/download_covabdab.py for tasks to queue
[2023-01-08T21:32:21.822-0300] {logging_mixin.py:137} INFO - [2023-01-08T21:32:21.822-0300] {dagbag.py:538} INFO - Filling up the DagBag from /home/kallox/airflow/dags/download_covabdab.py
[2023-01-08T21:32:22.036-0300] {processor.py:753} INFO - DAG(s) dict_keys(['download_covabdab']) retrieved from /home/kallox/airflow/dags/download_covabdab.py
[2023-01-08T21:32:22.059-0300] {logging_mixin.py:137} INFO - [2023-01-08T21:32:22.058-0300] {dag.py:2676} INFO - Sync 1 DAGs
[2023-01-08T21:32:22.076-0300] {logging_mixin.py:137} INFO - [2023-01-08T21:32:22.076-0300] {dag.py:3427} INFO - Setting next_dagrun for download_covabdab to 2023-01-01T00:00:00+00:00, run_after=2023-02-01T00:00:00+00:00
[2023-01-08T21:32:22.098-0300] {processor.py:175} INFO - Processing /home/kallox/airflow/dags/download_covabdab.py took 0.278 seconds
[2023-01-08T21:32:52.750-0300] {processor.py:153} INFO - Started process (PID=29017) to work on /home/kallox/airflow/dags/download_covabdab.py
[2023-01-08T21:32:52.751-0300] {processor.py:743} INFO - Processing file /home/kallox/airflow/dags/download_covabdab.py for tasks to queue
[2023-01-08T21:32:52.751-0300] {logging_mixin.py:137} INFO - [2023-01-08T21:32:52.751-0300] {dagbag.py:538} INFO - Filling up the DagBag from /home/kallox/airflow/dags/download_covabdab.py
[2023-01-08T21:32:52.960-0300] {processor.py:753} INFO - DAG(s) dict_keys(['download_covabdab']) retrieved from /home/kallox/airflow/dags/download_covabdab.py
[2023-01-08T21:32:52.982-0300] {logging_mixin.py:137} INFO - [2023-01-08T21:32:52.981-0300] {dag.py:2676} INFO - Sync 1 DAGs
[2023-01-08T21:32:52.999-0300] {logging_mixin.py:137} INFO - [2023-01-08T21:32:52.999-0300] {dag.py:3427} INFO - Setting next_dagrun for download_covabdab to 2023-01-01T00:00:00+00:00, run_after=2023-02-01T00:00:00+00:00
[2023-01-08T21:32:53.013-0300] {processor.py:175} INFO - Processing /home/kallox/airflow/dags/download_covabdab.py took 0.264 seconds
[2023-01-08T21:33:23.673-0300] {processor.py:153} INFO - Started process (PID=29099) to work on /home/kallox/airflow/dags/download_covabdab.py
[2023-01-08T21:33:23.673-0300] {processor.py:743} INFO - Processing file /home/kallox/airflow/dags/download_covabdab.py for tasks to queue
[2023-01-08T21:33:23.674-0300] {logging_mixin.py:137} INFO - [2023-01-08T21:33:23.674-0300] {dagbag.py:538} INFO - Filling up the DagBag from /home/kallox/airflow/dags/download_covabdab.py
[2023-01-08T21:33:23.884-0300] {processor.py:753} INFO - DAG(s) dict_keys(['download_covabdab']) retrieved from /home/kallox/airflow/dags/download_covabdab.py
[2023-01-08T21:33:23.905-0300] {logging_mixin.py:137} INFO - [2023-01-08T21:33:23.905-0300] {dag.py:2676} INFO - Sync 1 DAGs
[2023-01-08T21:33:23.922-0300] {logging_mixin.py:137} INFO - [2023-01-08T21:33:23.921-0300] {dag.py:3427} INFO - Setting next_dagrun for download_covabdab to 2023-01-01T00:00:00+00:00, run_after=2023-02-01T00:00:00+00:00
[2023-01-08T21:33:23.944-0300] {processor.py:175} INFO - Processing /home/kallox/airflow/dags/download_covabdab.py took 0.274 seconds
[2023-01-08T21:33:54.123-0300] {processor.py:153} INFO - Started process (PID=29177) to work on /home/kallox/airflow/dags/download_covabdab.py
[2023-01-08T21:33:54.124-0300] {processor.py:743} INFO - Processing file /home/kallox/airflow/dags/download_covabdab.py for tasks to queue
[2023-01-08T21:33:54.124-0300] {logging_mixin.py:137} INFO - [2023-01-08T21:33:54.124-0300] {dagbag.py:538} INFO - Filling up the DagBag from /home/kallox/airflow/dags/download_covabdab.py
[2023-01-08T21:33:54.332-0300] {processor.py:753} INFO - DAG(s) dict_keys(['download_covabdab']) retrieved from /home/kallox/airflow/dags/download_covabdab.py
[2023-01-08T21:33:54.354-0300] {logging_mixin.py:137} INFO - [2023-01-08T21:33:54.353-0300] {dag.py:2676} INFO - Sync 1 DAGs
[2023-01-08T21:33:54.373-0300] {logging_mixin.py:137} INFO - [2023-01-08T21:33:54.373-0300] {dag.py:3427} INFO - Setting next_dagrun for download_covabdab to 2023-01-01T00:00:00+00:00, run_after=2023-02-01T00:00:00+00:00
[2023-01-08T21:33:54.386-0300] {processor.py:175} INFO - Processing /home/kallox/airflow/dags/download_covabdab.py took 0.265 seconds
[2023-01-08T21:34:24.695-0300] {processor.py:153} INFO - Started process (PID=29259) to work on /home/kallox/airflow/dags/download_covabdab.py
[2023-01-08T21:34:24.696-0300] {processor.py:743} INFO - Processing file /home/kallox/airflow/dags/download_covabdab.py for tasks to queue
[2023-01-08T21:34:24.696-0300] {logging_mixin.py:137} INFO - [2023-01-08T21:34:24.696-0300] {dagbag.py:538} INFO - Filling up the DagBag from /home/kallox/airflow/dags/download_covabdab.py
[2023-01-08T21:34:24.896-0300] {processor.py:753} INFO - DAG(s) dict_keys(['download_covabdab']) retrieved from /home/kallox/airflow/dags/download_covabdab.py
[2023-01-08T21:34:24.917-0300] {logging_mixin.py:137} INFO - [2023-01-08T21:34:24.917-0300] {dag.py:2676} INFO - Sync 1 DAGs
[2023-01-08T21:34:24.936-0300] {logging_mixin.py:137} INFO - [2023-01-08T21:34:24.936-0300] {dag.py:3427} INFO - Setting next_dagrun for download_covabdab to 2023-01-01T00:00:00+00:00, run_after=2023-02-01T00:00:00+00:00
[2023-01-08T21:34:24.959-0300] {processor.py:175} INFO - Processing /home/kallox/airflow/dags/download_covabdab.py took 0.266 seconds
[2023-01-08T21:34:55.279-0300] {processor.py:153} INFO - Started process (PID=29351) to work on /home/kallox/airflow/dags/download_covabdab.py
[2023-01-08T21:34:55.279-0300] {processor.py:743} INFO - Processing file /home/kallox/airflow/dags/download_covabdab.py for tasks to queue
[2023-01-08T21:34:55.280-0300] {logging_mixin.py:137} INFO - [2023-01-08T21:34:55.280-0300] {dagbag.py:538} INFO - Filling up the DagBag from /home/kallox/airflow/dags/download_covabdab.py
[2023-01-08T21:34:55.478-0300] {processor.py:753} INFO - DAG(s) dict_keys(['download_covabdab']) retrieved from /home/kallox/airflow/dags/download_covabdab.py
[2023-01-08T21:34:55.499-0300] {logging_mixin.py:137} INFO - [2023-01-08T21:34:55.499-0300] {dag.py:2676} INFO - Sync 1 DAGs
[2023-01-08T21:34:55.517-0300] {logging_mixin.py:137} INFO - [2023-01-08T21:34:55.517-0300] {dag.py:3427} INFO - Setting next_dagrun for download_covabdab to 2023-01-01T00:00:00+00:00, run_after=2023-02-01T00:00:00+00:00
[2023-01-08T21:34:55.539-0300] {processor.py:175} INFO - Processing /home/kallox/airflow/dags/download_covabdab.py took 0.262 seconds
[2023-01-08T21:35:25.792-0300] {processor.py:153} INFO - Started process (PID=29441) to work on /home/kallox/airflow/dags/download_covabdab.py
[2023-01-08T21:35:25.793-0300] {processor.py:743} INFO - Processing file /home/kallox/airflow/dags/download_covabdab.py for tasks to queue
[2023-01-08T21:35:25.793-0300] {logging_mixin.py:137} INFO - [2023-01-08T21:35:25.793-0300] {dagbag.py:538} INFO - Filling up the DagBag from /home/kallox/airflow/dags/download_covabdab.py
[2023-01-08T21:35:25.999-0300] {processor.py:753} INFO - DAG(s) dict_keys(['download_covabdab']) retrieved from /home/kallox/airflow/dags/download_covabdab.py
[2023-01-08T21:35:26.021-0300] {logging_mixin.py:137} INFO - [2023-01-08T21:35:26.020-0300] {dag.py:2676} INFO - Sync 1 DAGs
[2023-01-08T21:35:26.038-0300] {logging_mixin.py:137} INFO - [2023-01-08T21:35:26.038-0300] {dag.py:3427} INFO - Setting next_dagrun for download_covabdab to 2023-01-01T00:00:00+00:00, run_after=2023-02-01T00:00:00+00:00
[2023-01-08T21:35:26.062-0300] {processor.py:175} INFO - Processing /home/kallox/airflow/dags/download_covabdab.py took 0.272 seconds
[2023-01-08T21:35:56.312-0300] {processor.py:153} INFO - Started process (PID=29520) to work on /home/kallox/airflow/dags/download_covabdab.py
[2023-01-08T21:35:56.313-0300] {processor.py:743} INFO - Processing file /home/kallox/airflow/dags/download_covabdab.py for tasks to queue
[2023-01-08T21:35:56.313-0300] {logging_mixin.py:137} INFO - [2023-01-08T21:35:56.313-0300] {dagbag.py:538} INFO - Filling up the DagBag from /home/kallox/airflow/dags/download_covabdab.py
[2023-01-08T21:35:56.525-0300] {processor.py:753} INFO - DAG(s) dict_keys(['download_covabdab']) retrieved from /home/kallox/airflow/dags/download_covabdab.py
[2023-01-08T21:35:56.547-0300] {logging_mixin.py:137} INFO - [2023-01-08T21:35:56.547-0300] {dag.py:2676} INFO - Sync 1 DAGs
[2023-01-08T21:35:56.565-0300] {logging_mixin.py:137} INFO - [2023-01-08T21:35:56.565-0300] {dag.py:3427} INFO - Setting next_dagrun for download_covabdab to 2023-01-01T00:00:00+00:00, run_after=2023-02-01T00:00:00+00:00
[2023-01-08T21:35:56.588-0300] {processor.py:175} INFO - Processing /home/kallox/airflow/dags/download_covabdab.py took 0.277 seconds
[2023-01-08T21:36:26.714-0300] {processor.py:153} INFO - Started process (PID=29597) to work on /home/kallox/airflow/dags/download_covabdab.py
[2023-01-08T21:36:26.714-0300] {processor.py:743} INFO - Processing file /home/kallox/airflow/dags/download_covabdab.py for tasks to queue
[2023-01-08T21:36:26.715-0300] {logging_mixin.py:137} INFO - [2023-01-08T21:36:26.715-0300] {dagbag.py:538} INFO - Filling up the DagBag from /home/kallox/airflow/dags/download_covabdab.py
[2023-01-08T21:36:26.918-0300] {processor.py:753} INFO - DAG(s) dict_keys(['download_covabdab']) retrieved from /home/kallox/airflow/dags/download_covabdab.py
[2023-01-08T21:36:26.941-0300] {logging_mixin.py:137} INFO - [2023-01-08T21:36:26.940-0300] {dag.py:2676} INFO - Sync 1 DAGs
[2023-01-08T21:36:26.958-0300] {logging_mixin.py:137} INFO - [2023-01-08T21:36:26.957-0300] {dag.py:3427} INFO - Setting next_dagrun for download_covabdab to 2023-01-01T00:00:00+00:00, run_after=2023-02-01T00:00:00+00:00
[2023-01-08T21:36:26.980-0300] {processor.py:175} INFO - Processing /home/kallox/airflow/dags/download_covabdab.py took 0.268 seconds
[2023-01-08T21:36:57.173-0300] {processor.py:153} INFO - Started process (PID=29678) to work on /home/kallox/airflow/dags/download_covabdab.py
[2023-01-08T21:36:57.173-0300] {processor.py:743} INFO - Processing file /home/kallox/airflow/dags/download_covabdab.py for tasks to queue
[2023-01-08T21:36:57.174-0300] {logging_mixin.py:137} INFO - [2023-01-08T21:36:57.174-0300] {dagbag.py:538} INFO - Filling up the DagBag from /home/kallox/airflow/dags/download_covabdab.py
[2023-01-08T21:36:57.381-0300] {processor.py:753} INFO - DAG(s) dict_keys(['download_covabdab']) retrieved from /home/kallox/airflow/dags/download_covabdab.py
[2023-01-08T21:36:57.402-0300] {logging_mixin.py:137} INFO - [2023-01-08T21:36:57.402-0300] {dag.py:2676} INFO - Sync 1 DAGs
[2023-01-08T21:36:57.420-0300] {logging_mixin.py:137} INFO - [2023-01-08T21:36:57.420-0300] {dag.py:3427} INFO - Setting next_dagrun for download_covabdab to 2023-01-01T00:00:00+00:00, run_after=2023-02-01T00:00:00+00:00
[2023-01-08T21:36:57.440-0300] {processor.py:175} INFO - Processing /home/kallox/airflow/dags/download_covabdab.py took 0.269 seconds
[2023-01-08T21:37:27.625-0300] {processor.py:153} INFO - Started process (PID=29759) to work on /home/kallox/airflow/dags/download_covabdab.py
[2023-01-08T21:37:27.626-0300] {processor.py:743} INFO - Processing file /home/kallox/airflow/dags/download_covabdab.py for tasks to queue
[2023-01-08T21:37:27.626-0300] {logging_mixin.py:137} INFO - [2023-01-08T21:37:27.626-0300] {dagbag.py:538} INFO - Filling up the DagBag from /home/kallox/airflow/dags/download_covabdab.py
[2023-01-08T21:37:27.834-0300] {processor.py:753} INFO - DAG(s) dict_keys(['download_covabdab']) retrieved from /home/kallox/airflow/dags/download_covabdab.py
[2023-01-08T21:37:27.854-0300] {logging_mixin.py:137} INFO - [2023-01-08T21:37:27.853-0300] {dag.py:2676} INFO - Sync 1 DAGs
[2023-01-08T21:37:27.872-0300] {logging_mixin.py:137} INFO - [2023-01-08T21:37:27.872-0300] {dag.py:3427} INFO - Setting next_dagrun for download_covabdab to 2023-01-01T00:00:00+00:00, run_after=2023-02-01T00:00:00+00:00
[2023-01-08T21:37:27.891-0300] {processor.py:175} INFO - Processing /home/kallox/airflow/dags/download_covabdab.py took 0.268 seconds
[2023-01-08T21:37:58.409-0300] {processor.py:153} INFO - Started process (PID=29833) to work on /home/kallox/airflow/dags/download_covabdab.py
[2023-01-08T21:37:58.409-0300] {processor.py:743} INFO - Processing file /home/kallox/airflow/dags/download_covabdab.py for tasks to queue
[2023-01-08T21:37:58.410-0300] {logging_mixin.py:137} INFO - [2023-01-08T21:37:58.410-0300] {dagbag.py:538} INFO - Filling up the DagBag from /home/kallox/airflow/dags/download_covabdab.py
[2023-01-08T21:37:58.601-0300] {processor.py:753} INFO - DAG(s) dict_keys(['download_covabdab']) retrieved from /home/kallox/airflow/dags/download_covabdab.py
[2023-01-08T21:37:58.625-0300] {logging_mixin.py:137} INFO - [2023-01-08T21:37:58.624-0300] {dag.py:2676} INFO - Sync 1 DAGs
[2023-01-08T21:37:58.643-0300] {logging_mixin.py:137} INFO - [2023-01-08T21:37:58.643-0300] {dag.py:3427} INFO - Setting next_dagrun for download_covabdab to 2023-01-01T00:00:00+00:00, run_after=2023-02-01T00:00:00+00:00
[2023-01-08T21:37:58.664-0300] {processor.py:175} INFO - Processing /home/kallox/airflow/dags/download_covabdab.py took 0.257 seconds
[2023-01-08T21:38:29.061-0300] {processor.py:153} INFO - Started process (PID=29911) to work on /home/kallox/airflow/dags/download_covabdab.py
[2023-01-08T21:38:29.061-0300] {processor.py:743} INFO - Processing file /home/kallox/airflow/dags/download_covabdab.py for tasks to queue
[2023-01-08T21:38:29.062-0300] {logging_mixin.py:137} INFO - [2023-01-08T21:38:29.062-0300] {dagbag.py:538} INFO - Filling up the DagBag from /home/kallox/airflow/dags/download_covabdab.py
[2023-01-08T21:38:29.267-0300] {processor.py:753} INFO - DAG(s) dict_keys(['download_covabdab']) retrieved from /home/kallox/airflow/dags/download_covabdab.py
[2023-01-08T21:38:29.287-0300] {logging_mixin.py:137} INFO - [2023-01-08T21:38:29.287-0300] {dag.py:2676} INFO - Sync 1 DAGs
[2023-01-08T21:38:29.305-0300] {logging_mixin.py:137} INFO - [2023-01-08T21:38:29.304-0300] {dag.py:3427} INFO - Setting next_dagrun for download_covabdab to 2023-01-01T00:00:00+00:00, run_after=2023-02-01T00:00:00+00:00
[2023-01-08T21:38:29.317-0300] {processor.py:175} INFO - Processing /home/kallox/airflow/dags/download_covabdab.py took 0.259 seconds
[2023-01-08T21:38:59.971-0300] {processor.py:153} INFO - Started process (PID=29993) to work on /home/kallox/airflow/dags/download_covabdab.py
[2023-01-08T21:38:59.972-0300] {processor.py:743} INFO - Processing file /home/kallox/airflow/dags/download_covabdab.py for tasks to queue
[2023-01-08T21:38:59.972-0300] {logging_mixin.py:137} INFO - [2023-01-08T21:38:59.972-0300] {dagbag.py:538} INFO - Filling up the DagBag from /home/kallox/airflow/dags/download_covabdab.py
[2023-01-08T21:39:00.173-0300] {processor.py:753} INFO - DAG(s) dict_keys(['download_covabdab']) retrieved from /home/kallox/airflow/dags/download_covabdab.py
[2023-01-08T21:39:00.195-0300] {logging_mixin.py:137} INFO - [2023-01-08T21:39:00.194-0300] {dag.py:2676} INFO - Sync 1 DAGs
[2023-01-08T21:39:00.212-0300] {logging_mixin.py:137} INFO - [2023-01-08T21:39:00.212-0300] {dag.py:3427} INFO - Setting next_dagrun for download_covabdab to 2023-01-01T00:00:00+00:00, run_after=2023-02-01T00:00:00+00:00
[2023-01-08T21:39:00.225-0300] {processor.py:175} INFO - Processing /home/kallox/airflow/dags/download_covabdab.py took 0.256 seconds
[2023-01-08T21:39:30.675-0300] {processor.py:153} INFO - Started process (PID=30074) to work on /home/kallox/airflow/dags/download_covabdab.py
[2023-01-08T21:39:30.676-0300] {processor.py:743} INFO - Processing file /home/kallox/airflow/dags/download_covabdab.py for tasks to queue
[2023-01-08T21:39:30.676-0300] {logging_mixin.py:137} INFO - [2023-01-08T21:39:30.676-0300] {dagbag.py:538} INFO - Filling up the DagBag from /home/kallox/airflow/dags/download_covabdab.py
[2023-01-08T21:39:30.880-0300] {processor.py:753} INFO - DAG(s) dict_keys(['download_covabdab']) retrieved from /home/kallox/airflow/dags/download_covabdab.py
[2023-01-08T21:39:30.902-0300] {logging_mixin.py:137} INFO - [2023-01-08T21:39:30.902-0300] {dag.py:2676} INFO - Sync 1 DAGs
[2023-01-08T21:39:30.921-0300] {logging_mixin.py:137} INFO - [2023-01-08T21:39:30.921-0300] {dag.py:3427} INFO - Setting next_dagrun for download_covabdab to 2023-01-01T00:00:00+00:00, run_after=2023-02-01T00:00:00+00:00
[2023-01-08T21:39:30.943-0300] {processor.py:175} INFO - Processing /home/kallox/airflow/dags/download_covabdab.py took 0.270 seconds
[2023-01-08T21:40:01.263-0300] {processor.py:153} INFO - Started process (PID=30156) to work on /home/kallox/airflow/dags/download_covabdab.py
[2023-01-08T21:40:01.263-0300] {processor.py:743} INFO - Processing file /home/kallox/airflow/dags/download_covabdab.py for tasks to queue
[2023-01-08T21:40:01.263-0300] {logging_mixin.py:137} INFO - [2023-01-08T21:40:01.263-0300] {dagbag.py:538} INFO - Filling up the DagBag from /home/kallox/airflow/dags/download_covabdab.py
[2023-01-08T21:40:01.464-0300] {processor.py:753} INFO - DAG(s) dict_keys(['download_covabdab']) retrieved from /home/kallox/airflow/dags/download_covabdab.py
[2023-01-08T21:40:01.487-0300] {logging_mixin.py:137} INFO - [2023-01-08T21:40:01.486-0300] {dag.py:2676} INFO - Sync 1 DAGs
[2023-01-08T21:40:01.506-0300] {logging_mixin.py:137} INFO - [2023-01-08T21:40:01.506-0300] {dag.py:3427} INFO - Setting next_dagrun for download_covabdab to 2023-01-01T00:00:00+00:00, run_after=2023-02-01T00:00:00+00:00
[2023-01-08T21:40:01.530-0300] {processor.py:175} INFO - Processing /home/kallox/airflow/dags/download_covabdab.py took 0.270 seconds
[2023-01-08T21:40:31.748-0300] {processor.py:153} INFO - Started process (PID=30239) to work on /home/kallox/airflow/dags/download_covabdab.py
[2023-01-08T21:40:31.748-0300] {processor.py:743} INFO - Processing file /home/kallox/airflow/dags/download_covabdab.py for tasks to queue
[2023-01-08T21:40:31.749-0300] {logging_mixin.py:137} INFO - [2023-01-08T21:40:31.749-0300] {dagbag.py:538} INFO - Filling up the DagBag from /home/kallox/airflow/dags/download_covabdab.py
[2023-01-08T21:40:31.953-0300] {processor.py:753} INFO - DAG(s) dict_keys(['download_covabdab']) retrieved from /home/kallox/airflow/dags/download_covabdab.py
[2023-01-08T21:40:31.975-0300] {logging_mixin.py:137} INFO - [2023-01-08T21:40:31.975-0300] {dag.py:2676} INFO - Sync 1 DAGs
[2023-01-08T21:40:31.993-0300] {logging_mixin.py:137} INFO - [2023-01-08T21:40:31.993-0300] {dag.py:3427} INFO - Setting next_dagrun for download_covabdab to 2023-01-01T00:00:00+00:00, run_after=2023-02-01T00:00:00+00:00
[2023-01-08T21:40:32.015-0300] {processor.py:175} INFO - Processing /home/kallox/airflow/dags/download_covabdab.py took 0.269 seconds
[2023-01-08T21:41:02.173-0300] {processor.py:153} INFO - Started process (PID=30321) to work on /home/kallox/airflow/dags/download_covabdab.py
[2023-01-08T21:41:02.173-0300] {processor.py:743} INFO - Processing file /home/kallox/airflow/dags/download_covabdab.py for tasks to queue
[2023-01-08T21:41:02.174-0300] {logging_mixin.py:137} INFO - [2023-01-08T21:41:02.174-0300] {dagbag.py:538} INFO - Filling up the DagBag from /home/kallox/airflow/dags/download_covabdab.py
[2023-01-08T21:41:02.368-0300] {processor.py:753} INFO - DAG(s) dict_keys(['download_covabdab']) retrieved from /home/kallox/airflow/dags/download_covabdab.py
[2023-01-08T21:41:02.389-0300] {logging_mixin.py:137} INFO - [2023-01-08T21:41:02.389-0300] {dag.py:2676} INFO - Sync 1 DAGs
[2023-01-08T21:41:02.406-0300] {logging_mixin.py:137} INFO - [2023-01-08T21:41:02.406-0300] {dag.py:3427} INFO - Setting next_dagrun for download_covabdab to 2023-01-01T00:00:00+00:00, run_after=2023-02-01T00:00:00+00:00
[2023-01-08T21:41:02.427-0300] {processor.py:175} INFO - Processing /home/kallox/airflow/dags/download_covabdab.py took 0.256 seconds
[2023-01-08T21:41:33.127-0300] {processor.py:153} INFO - Started process (PID=30400) to work on /home/kallox/airflow/dags/download_covabdab.py
[2023-01-08T21:41:33.128-0300] {processor.py:743} INFO - Processing file /home/kallox/airflow/dags/download_covabdab.py for tasks to queue
[2023-01-08T21:41:33.128-0300] {logging_mixin.py:137} INFO - [2023-01-08T21:41:33.128-0300] {dagbag.py:538} INFO - Filling up the DagBag from /home/kallox/airflow/dags/download_covabdab.py
[2023-01-08T21:41:33.325-0300] {processor.py:753} INFO - DAG(s) dict_keys(['download_covabdab']) retrieved from /home/kallox/airflow/dags/download_covabdab.py
[2023-01-08T21:41:33.345-0300] {logging_mixin.py:137} INFO - [2023-01-08T21:41:33.345-0300] {dag.py:2676} INFO - Sync 1 DAGs
[2023-01-08T21:41:33.362-0300] {logging_mixin.py:137} INFO - [2023-01-08T21:41:33.362-0300] {dag.py:3427} INFO - Setting next_dagrun for download_covabdab to 2023-01-01T00:00:00+00:00, run_after=2023-02-01T00:00:00+00:00
[2023-01-08T21:41:33.376-0300] {processor.py:175} INFO - Processing /home/kallox/airflow/dags/download_covabdab.py took 0.251 seconds
[2023-01-08T21:42:03.768-0300] {processor.py:153} INFO - Started process (PID=30479) to work on /home/kallox/airflow/dags/download_covabdab.py
[2023-01-08T21:42:03.769-0300] {processor.py:743} INFO - Processing file /home/kallox/airflow/dags/download_covabdab.py for tasks to queue
[2023-01-08T21:42:03.769-0300] {logging_mixin.py:137} INFO - [2023-01-08T21:42:03.769-0300] {dagbag.py:538} INFO - Filling up the DagBag from /home/kallox/airflow/dags/download_covabdab.py
[2023-01-08T21:42:03.967-0300] {processor.py:753} INFO - DAG(s) dict_keys(['download_covabdab']) retrieved from /home/kallox/airflow/dags/download_covabdab.py
[2023-01-08T21:42:03.989-0300] {logging_mixin.py:137} INFO - [2023-01-08T21:42:03.989-0300] {dag.py:2676} INFO - Sync 1 DAGs
[2023-01-08T21:42:04.007-0300] {logging_mixin.py:137} INFO - [2023-01-08T21:42:04.007-0300] {dag.py:3427} INFO - Setting next_dagrun for download_covabdab to 2023-01-01T00:00:00+00:00, run_after=2023-02-01T00:00:00+00:00
[2023-01-08T21:42:04.020-0300] {processor.py:175} INFO - Processing /home/kallox/airflow/dags/download_covabdab.py took 0.253 seconds
[2023-01-08T21:42:34.348-0300] {processor.py:153} INFO - Started process (PID=30558) to work on /home/kallox/airflow/dags/download_covabdab.py
[2023-01-08T21:42:34.349-0300] {processor.py:743} INFO - Processing file /home/kallox/airflow/dags/download_covabdab.py for tasks to queue
[2023-01-08T21:42:34.350-0300] {logging_mixin.py:137} INFO - [2023-01-08T21:42:34.350-0300] {dagbag.py:538} INFO - Filling up the DagBag from /home/kallox/airflow/dags/download_covabdab.py
[2023-01-08T21:42:34.551-0300] {processor.py:753} INFO - DAG(s) dict_keys(['download_covabdab']) retrieved from /home/kallox/airflow/dags/download_covabdab.py
[2023-01-08T21:42:34.574-0300] {logging_mixin.py:137} INFO - [2023-01-08T21:42:34.574-0300] {dag.py:2676} INFO - Sync 1 DAGs
[2023-01-08T21:42:34.593-0300] {logging_mixin.py:137} INFO - [2023-01-08T21:42:34.593-0300] {dag.py:3427} INFO - Setting next_dagrun for download_covabdab to 2023-01-01T00:00:00+00:00, run_after=2023-02-01T00:00:00+00:00
[2023-01-08T21:42:34.615-0300] {processor.py:175} INFO - Processing /home/kallox/airflow/dags/download_covabdab.py took 0.269 seconds
[2023-01-08T21:43:05.546-0300] {processor.py:153} INFO - Started process (PID=30660) to work on /home/kallox/airflow/dags/download_covabdab.py
[2023-01-08T21:43:05.546-0300] {processor.py:743} INFO - Processing file /home/kallox/airflow/dags/download_covabdab.py for tasks to queue
[2023-01-08T21:43:05.547-0300] {logging_mixin.py:137} INFO - [2023-01-08T21:43:05.547-0300] {dagbag.py:538} INFO - Filling up the DagBag from /home/kallox/airflow/dags/download_covabdab.py
[2023-01-08T21:43:05.796-0300] {processor.py:753} INFO - DAG(s) dict_keys(['download_covabdab']) retrieved from /home/kallox/airflow/dags/download_covabdab.py
[2023-01-08T21:43:05.820-0300] {logging_mixin.py:137} INFO - [2023-01-08T21:43:05.820-0300] {dag.py:2676} INFO - Sync 1 DAGs
[2023-01-08T21:43:05.838-0300] {logging_mixin.py:137} INFO - [2023-01-08T21:43:05.838-0300] {dag.py:3427} INFO - Setting next_dagrun for download_covabdab to 2023-01-01T00:00:00+00:00, run_after=2023-02-01T00:00:00+00:00
[2023-01-08T21:43:05.852-0300] {processor.py:175} INFO - Processing /home/kallox/airflow/dags/download_covabdab.py took 0.308 seconds
