[2023-01-08T21:00:17.406-0300] {processor.py:153} INFO - Started process (PID=23127) to work on /home/kallox/airflow/dags/download_intact.py
[2023-01-08T21:00:17.407-0300] {processor.py:743} INFO - Processing file /home/kallox/airflow/dags/download_intact.py for tasks to queue
[2023-01-08T21:00:17.407-0300] {logging_mixin.py:137} INFO - [2023-01-08T21:00:17.407-0300] {dagbag.py:538} INFO - Filling up the DagBag from /home/kallox/airflow/dags/download_intact.py
[2023-01-08T21:00:17.639-0300] {processor.py:753} INFO - DAG(s) dict_keys(['download_intact']) retrieved from /home/kallox/airflow/dags/download_intact.py
[2023-01-08T21:00:17.666-0300] {logging_mixin.py:137} INFO - [2023-01-08T21:00:17.666-0300] {dag.py:2676} INFO - Sync 1 DAGs
[2023-01-08T21:00:17.688-0300] {logging_mixin.py:137} INFO - [2023-01-08T21:00:17.688-0300] {dag.py:3427} INFO - Setting next_dagrun for download_intact to 2022-12-01T00:00:00+00:00, run_after=2023-01-01T00:00:00+00:00
[2023-01-08T21:00:17.703-0300] {processor.py:175} INFO - Processing /home/kallox/airflow/dags/download_intact.py took 0.300 seconds
[2023-01-08T21:00:48.003-0300] {processor.py:153} INFO - Started process (PID=23246) to work on /home/kallox/airflow/dags/download_intact.py
[2023-01-08T21:00:48.003-0300] {processor.py:743} INFO - Processing file /home/kallox/airflow/dags/download_intact.py for tasks to queue
[2023-01-08T21:00:48.004-0300] {logging_mixin.py:137} INFO - [2023-01-08T21:00:48.004-0300] {dagbag.py:538} INFO - Filling up the DagBag from /home/kallox/airflow/dags/download_intact.py
[2023-01-08T21:00:48.233-0300] {processor.py:753} INFO - DAG(s) dict_keys(['download_intact']) retrieved from /home/kallox/airflow/dags/download_intact.py
[2023-01-08T21:00:48.256-0300] {logging_mixin.py:137} INFO - [2023-01-08T21:00:48.256-0300] {dag.py:2676} INFO - Sync 1 DAGs
[2023-01-08T21:00:48.275-0300] {logging_mixin.py:137} INFO - [2023-01-08T21:00:48.275-0300] {dag.py:3427} INFO - Setting next_dagrun for download_intact to 2022-12-01T00:00:00+00:00, run_after=2023-01-01T00:00:00+00:00
[2023-01-08T21:00:48.290-0300] {processor.py:175} INFO - Processing /home/kallox/airflow/dags/download_intact.py took 0.290 seconds
[2023-01-08T21:01:18.567-0300] {processor.py:153} INFO - Started process (PID=23355) to work on /home/kallox/airflow/dags/download_intact.py
[2023-01-08T21:01:18.568-0300] {processor.py:743} INFO - Processing file /home/kallox/airflow/dags/download_intact.py for tasks to queue
[2023-01-08T21:01:18.569-0300] {logging_mixin.py:137} INFO - [2023-01-08T21:01:18.569-0300] {dagbag.py:538} INFO - Filling up the DagBag from /home/kallox/airflow/dags/download_intact.py
[2023-01-08T21:01:18.809-0300] {processor.py:753} INFO - DAG(s) dict_keys(['download_intact']) retrieved from /home/kallox/airflow/dags/download_intact.py
[2023-01-08T21:01:18.832-0300] {logging_mixin.py:137} INFO - [2023-01-08T21:01:18.832-0300] {dag.py:2676} INFO - Sync 1 DAGs
[2023-01-08T21:01:18.852-0300] {logging_mixin.py:137} INFO - [2023-01-08T21:01:18.852-0300] {dag.py:3427} INFO - Setting next_dagrun for download_intact to 2022-12-01T00:00:00+00:00, run_after=2023-01-01T00:00:00+00:00
[2023-01-08T21:01:18.866-0300] {processor.py:175} INFO - Processing /home/kallox/airflow/dags/download_intact.py took 0.303 seconds
[2023-01-08T21:01:49.192-0300] {processor.py:153} INFO - Started process (PID=23474) to work on /home/kallox/airflow/dags/download_intact.py
[2023-01-08T21:01:49.193-0300] {processor.py:743} INFO - Processing file /home/kallox/airflow/dags/download_intact.py for tasks to queue
[2023-01-08T21:01:49.193-0300] {logging_mixin.py:137} INFO - [2023-01-08T21:01:49.193-0300] {dagbag.py:538} INFO - Filling up the DagBag from /home/kallox/airflow/dags/download_intact.py
[2023-01-08T21:01:49.439-0300] {processor.py:753} INFO - DAG(s) dict_keys(['download_intact']) retrieved from /home/kallox/airflow/dags/download_intact.py
[2023-01-08T21:01:49.462-0300] {logging_mixin.py:137} INFO - [2023-01-08T21:01:49.462-0300] {dag.py:2676} INFO - Sync 1 DAGs
[2023-01-08T21:01:49.480-0300] {logging_mixin.py:137} INFO - [2023-01-08T21:01:49.480-0300] {dag.py:3427} INFO - Setting next_dagrun for download_intact to 2022-12-01T00:00:00+00:00, run_after=2023-01-01T00:00:00+00:00
[2023-01-08T21:01:49.494-0300] {processor.py:175} INFO - Processing /home/kallox/airflow/dags/download_intact.py took 0.304 seconds
[2023-01-08T21:02:19.803-0300] {processor.py:153} INFO - Started process (PID=23567) to work on /home/kallox/airflow/dags/download_intact.py
[2023-01-08T21:02:19.804-0300] {processor.py:743} INFO - Processing file /home/kallox/airflow/dags/download_intact.py for tasks to queue
[2023-01-08T21:02:19.804-0300] {logging_mixin.py:137} INFO - [2023-01-08T21:02:19.804-0300] {dagbag.py:538} INFO - Filling up the DagBag from /home/kallox/airflow/dags/download_intact.py
[2023-01-08T21:02:20.029-0300] {processor.py:753} INFO - DAG(s) dict_keys(['download_intact']) retrieved from /home/kallox/airflow/dags/download_intact.py
[2023-01-08T21:02:20.053-0300] {logging_mixin.py:137} INFO - [2023-01-08T21:02:20.053-0300] {dag.py:2676} INFO - Sync 1 DAGs
[2023-01-08T21:02:20.072-0300] {logging_mixin.py:137} INFO - [2023-01-08T21:02:20.071-0300] {dag.py:3427} INFO - Setting next_dagrun for download_intact to 2022-12-01T00:00:00+00:00, run_after=2023-01-01T00:00:00+00:00
[2023-01-08T21:02:20.087-0300] {processor.py:175} INFO - Processing /home/kallox/airflow/dags/download_intact.py took 0.287 seconds
[2023-01-08T21:02:50.388-0300] {processor.py:153} INFO - Started process (PID=23660) to work on /home/kallox/airflow/dags/download_intact.py
[2023-01-08T21:02:50.388-0300] {processor.py:743} INFO - Processing file /home/kallox/airflow/dags/download_intact.py for tasks to queue
[2023-01-08T21:02:50.389-0300] {logging_mixin.py:137} INFO - [2023-01-08T21:02:50.389-0300] {dagbag.py:538} INFO - Filling up the DagBag from /home/kallox/airflow/dags/download_intact.py
[2023-01-08T21:02:50.609-0300] {processor.py:753} INFO - DAG(s) dict_keys(['download_intact']) retrieved from /home/kallox/airflow/dags/download_intact.py
[2023-01-08T21:02:50.632-0300] {logging_mixin.py:137} INFO - [2023-01-08T21:02:50.632-0300] {dag.py:2676} INFO - Sync 1 DAGs
[2023-01-08T21:02:50.650-0300] {logging_mixin.py:137} INFO - [2023-01-08T21:02:50.650-0300] {dag.py:3427} INFO - Setting next_dagrun for download_intact to 2022-12-01T00:00:00+00:00, run_after=2023-01-01T00:00:00+00:00
[2023-01-08T21:02:50.665-0300] {processor.py:175} INFO - Processing /home/kallox/airflow/dags/download_intact.py took 0.280 seconds
[2023-01-08T21:03:20.979-0300] {processor.py:153} INFO - Started process (PID=23757) to work on /home/kallox/airflow/dags/download_intact.py
[2023-01-08T21:03:20.979-0300] {processor.py:743} INFO - Processing file /home/kallox/airflow/dags/download_intact.py for tasks to queue
[2023-01-08T21:03:20.980-0300] {logging_mixin.py:137} INFO - [2023-01-08T21:03:20.980-0300] {dagbag.py:538} INFO - Filling up the DagBag from /home/kallox/airflow/dags/download_intact.py
[2023-01-08T21:03:21.208-0300] {processor.py:753} INFO - DAG(s) dict_keys(['download_intact']) retrieved from /home/kallox/airflow/dags/download_intact.py
[2023-01-08T21:03:21.229-0300] {logging_mixin.py:137} INFO - [2023-01-08T21:03:21.229-0300] {dag.py:2676} INFO - Sync 1 DAGs
[2023-01-08T21:03:21.247-0300] {logging_mixin.py:137} INFO - [2023-01-08T21:03:21.247-0300] {dag.py:3427} INFO - Setting next_dagrun for download_intact to 2022-12-01T00:00:00+00:00, run_after=2023-01-01T00:00:00+00:00
[2023-01-08T21:03:21.261-0300] {processor.py:175} INFO - Processing /home/kallox/airflow/dags/download_intact.py took 0.285 seconds
[2023-01-08T21:03:51.502-0300] {processor.py:153} INFO - Started process (PID=23846) to work on /home/kallox/airflow/dags/download_intact.py
[2023-01-08T21:03:51.503-0300] {processor.py:743} INFO - Processing file /home/kallox/airflow/dags/download_intact.py for tasks to queue
[2023-01-08T21:03:51.503-0300] {logging_mixin.py:137} INFO - [2023-01-08T21:03:51.503-0300] {dagbag.py:538} INFO - Filling up the DagBag from /home/kallox/airflow/dags/download_intact.py
[2023-01-08T21:03:51.739-0300] {processor.py:753} INFO - DAG(s) dict_keys(['download_intact']) retrieved from /home/kallox/airflow/dags/download_intact.py
[2023-01-08T21:03:51.760-0300] {logging_mixin.py:137} INFO - [2023-01-08T21:03:51.760-0300] {dag.py:2676} INFO - Sync 1 DAGs
[2023-01-08T21:03:51.779-0300] {logging_mixin.py:137} INFO - [2023-01-08T21:03:51.779-0300] {dag.py:3427} INFO - Setting next_dagrun for download_intact to 2022-12-01T00:00:00+00:00, run_after=2023-01-01T00:00:00+00:00
[2023-01-08T21:03:51.793-0300] {processor.py:175} INFO - Processing /home/kallox/airflow/dags/download_intact.py took 0.295 seconds
[2023-01-08T21:04:22.071-0300] {processor.py:153} INFO - Started process (PID=23937) to work on /home/kallox/airflow/dags/download_intact.py
[2023-01-08T21:04:22.072-0300] {processor.py:743} INFO - Processing file /home/kallox/airflow/dags/download_intact.py for tasks to queue
[2023-01-08T21:04:22.072-0300] {logging_mixin.py:137} INFO - [2023-01-08T21:04:22.072-0300] {dagbag.py:538} INFO - Filling up the DagBag from /home/kallox/airflow/dags/download_intact.py
[2023-01-08T21:04:22.329-0300] {processor.py:753} INFO - DAG(s) dict_keys(['download_intact']) retrieved from /home/kallox/airflow/dags/download_intact.py
[2023-01-08T21:04:22.352-0300] {logging_mixin.py:137} INFO - [2023-01-08T21:04:22.352-0300] {dag.py:2676} INFO - Sync 1 DAGs
[2023-01-08T21:04:22.370-0300] {logging_mixin.py:137} INFO - [2023-01-08T21:04:22.370-0300] {dag.py:3427} INFO - Setting next_dagrun for download_intact to 2022-12-01T00:00:00+00:00, run_after=2023-01-01T00:00:00+00:00
[2023-01-08T21:04:22.384-0300] {processor.py:175} INFO - Processing /home/kallox/airflow/dags/download_intact.py took 0.317 seconds
[2023-01-08T21:04:53.351-0300] {processor.py:153} INFO - Started process (PID=24038) to work on /home/kallox/airflow/dags/download_intact.py
[2023-01-08T21:04:53.352-0300] {processor.py:743} INFO - Processing file /home/kallox/airflow/dags/download_intact.py for tasks to queue
[2023-01-08T21:04:53.353-0300] {logging_mixin.py:137} INFO - [2023-01-08T21:04:53.353-0300] {dagbag.py:538} INFO - Filling up the DagBag from /home/kallox/airflow/dags/download_intact.py
[2023-01-08T21:04:53.593-0300] {processor.py:753} INFO - DAG(s) dict_keys(['download_intact']) retrieved from /home/kallox/airflow/dags/download_intact.py
[2023-01-08T21:04:53.614-0300] {logging_mixin.py:137} INFO - [2023-01-08T21:04:53.614-0300] {dag.py:2676} INFO - Sync 1 DAGs
[2023-01-08T21:04:53.633-0300] {logging_mixin.py:137} INFO - [2023-01-08T21:04:53.633-0300] {dag.py:3427} INFO - Setting next_dagrun for download_intact to 2022-12-01T00:00:00+00:00, run_after=2023-01-01T00:00:00+00:00
[2023-01-08T21:04:53.648-0300] {processor.py:175} INFO - Processing /home/kallox/airflow/dags/download_intact.py took 0.301 seconds
[2023-01-08T21:05:23.956-0300] {processor.py:153} INFO - Started process (PID=24135) to work on /home/kallox/airflow/dags/download_intact.py
[2023-01-08T21:05:23.956-0300] {processor.py:743} INFO - Processing file /home/kallox/airflow/dags/download_intact.py for tasks to queue
[2023-01-08T21:05:23.957-0300] {logging_mixin.py:137} INFO - [2023-01-08T21:05:23.957-0300] {dagbag.py:538} INFO - Filling up the DagBag from /home/kallox/airflow/dags/download_intact.py
[2023-01-08T21:05:24.200-0300] {processor.py:753} INFO - DAG(s) dict_keys(['download_intact']) retrieved from /home/kallox/airflow/dags/download_intact.py
[2023-01-08T21:05:24.224-0300] {logging_mixin.py:137} INFO - [2023-01-08T21:05:24.223-0300] {dag.py:2676} INFO - Sync 1 DAGs
[2023-01-08T21:05:24.242-0300] {logging_mixin.py:137} INFO - [2023-01-08T21:05:24.242-0300] {dag.py:3427} INFO - Setting next_dagrun for download_intact to 2022-12-01T00:00:00+00:00, run_after=2023-01-01T00:00:00+00:00
[2023-01-08T21:05:24.259-0300] {processor.py:175} INFO - Processing /home/kallox/airflow/dags/download_intact.py took 0.306 seconds
[2023-01-08T21:05:54.565-0300] {processor.py:153} INFO - Started process (PID=24229) to work on /home/kallox/airflow/dags/download_intact.py
[2023-01-08T21:05:54.566-0300] {processor.py:743} INFO - Processing file /home/kallox/airflow/dags/download_intact.py for tasks to queue
[2023-01-08T21:05:54.567-0300] {logging_mixin.py:137} INFO - [2023-01-08T21:05:54.567-0300] {dagbag.py:538} INFO - Filling up the DagBag from /home/kallox/airflow/dags/download_intact.py
[2023-01-08T21:05:54.810-0300] {processor.py:753} INFO - DAG(s) dict_keys(['download_intact']) retrieved from /home/kallox/airflow/dags/download_intact.py
[2023-01-08T21:05:54.831-0300] {logging_mixin.py:137} INFO - [2023-01-08T21:05:54.831-0300] {dag.py:2676} INFO - Sync 1 DAGs
[2023-01-08T21:05:54.850-0300] {logging_mixin.py:137} INFO - [2023-01-08T21:05:54.850-0300] {dag.py:3427} INFO - Setting next_dagrun for download_intact to 2022-12-01T00:00:00+00:00, run_after=2023-01-01T00:00:00+00:00
[2023-01-08T21:05:54.863-0300] {processor.py:175} INFO - Processing /home/kallox/airflow/dags/download_intact.py took 0.300 seconds
[2023-01-08T21:06:25.160-0300] {processor.py:153} INFO - Started process (PID=24320) to work on /home/kallox/airflow/dags/download_intact.py
[2023-01-08T21:06:25.161-0300] {processor.py:743} INFO - Processing file /home/kallox/airflow/dags/download_intact.py for tasks to queue
[2023-01-08T21:06:25.162-0300] {logging_mixin.py:137} INFO - [2023-01-08T21:06:25.162-0300] {dagbag.py:538} INFO - Filling up the DagBag from /home/kallox/airflow/dags/download_intact.py
[2023-01-08T21:06:25.412-0300] {processor.py:753} INFO - DAG(s) dict_keys(['download_intact']) retrieved from /home/kallox/airflow/dags/download_intact.py
[2023-01-08T21:06:25.438-0300] {logging_mixin.py:137} INFO - [2023-01-08T21:06:25.438-0300] {dag.py:2676} INFO - Sync 1 DAGs
[2023-01-08T21:06:25.460-0300] {logging_mixin.py:137} INFO - [2023-01-08T21:06:25.459-0300] {dag.py:3427} INFO - Setting next_dagrun for download_intact to 2022-12-01T00:00:00+00:00, run_after=2023-01-01T00:00:00+00:00
[2023-01-08T21:06:25.476-0300] {processor.py:175} INFO - Processing /home/kallox/airflow/dags/download_intact.py took 0.320 seconds
[2023-01-08T21:06:55.789-0300] {processor.py:153} INFO - Started process (PID=24413) to work on /home/kallox/airflow/dags/download_intact.py
[2023-01-08T21:06:55.790-0300] {processor.py:743} INFO - Processing file /home/kallox/airflow/dags/download_intact.py for tasks to queue
[2023-01-08T21:06:55.790-0300] {logging_mixin.py:137} INFO - [2023-01-08T21:06:55.790-0300] {dagbag.py:538} INFO - Filling up the DagBag from /home/kallox/airflow/dags/download_intact.py
[2023-01-08T21:06:56.033-0300] {processor.py:753} INFO - DAG(s) dict_keys(['download_intact']) retrieved from /home/kallox/airflow/dags/download_intact.py
[2023-01-08T21:06:56.056-0300] {logging_mixin.py:137} INFO - [2023-01-08T21:06:56.056-0300] {dag.py:2676} INFO - Sync 1 DAGs
[2023-01-08T21:06:56.075-0300] {logging_mixin.py:137} INFO - [2023-01-08T21:06:56.075-0300] {dag.py:3427} INFO - Setting next_dagrun for download_intact to 2022-12-01T00:00:00+00:00, run_after=2023-01-01T00:00:00+00:00
[2023-01-08T21:06:56.091-0300] {processor.py:175} INFO - Processing /home/kallox/airflow/dags/download_intact.py took 0.304 seconds
[2023-01-08T21:07:26.313-0300] {processor.py:153} INFO - Started process (PID=24503) to work on /home/kallox/airflow/dags/download_intact.py
[2023-01-08T21:07:26.314-0300] {processor.py:743} INFO - Processing file /home/kallox/airflow/dags/download_intact.py for tasks to queue
[2023-01-08T21:07:26.314-0300] {logging_mixin.py:137} INFO - [2023-01-08T21:07:26.314-0300] {dagbag.py:538} INFO - Filling up the DagBag from /home/kallox/airflow/dags/download_intact.py
[2023-01-08T21:07:26.564-0300] {processor.py:753} INFO - DAG(s) dict_keys(['download_intact']) retrieved from /home/kallox/airflow/dags/download_intact.py
[2023-01-08T21:07:26.591-0300] {logging_mixin.py:137} INFO - [2023-01-08T21:07:26.590-0300] {dag.py:2676} INFO - Sync 1 DAGs
[2023-01-08T21:07:26.610-0300] {logging_mixin.py:137} INFO - [2023-01-08T21:07:26.610-0300] {dag.py:3427} INFO - Setting next_dagrun for download_intact to 2022-12-01T00:00:00+00:00, run_after=2023-01-01T00:00:00+00:00
[2023-01-08T21:07:26.625-0300] {processor.py:175} INFO - Processing /home/kallox/airflow/dags/download_intact.py took 0.315 seconds
[2023-01-08T21:07:56.902-0300] {processor.py:153} INFO - Started process (PID=24597) to work on /home/kallox/airflow/dags/download_intact.py
[2023-01-08T21:07:56.903-0300] {processor.py:743} INFO - Processing file /home/kallox/airflow/dags/download_intact.py for tasks to queue
[2023-01-08T21:07:56.904-0300] {logging_mixin.py:137} INFO - [2023-01-08T21:07:56.904-0300] {dagbag.py:538} INFO - Filling up the DagBag from /home/kallox/airflow/dags/download_intact.py
[2023-01-08T21:07:57.166-0300] {processor.py:753} INFO - DAG(s) dict_keys(['download_intact']) retrieved from /home/kallox/airflow/dags/download_intact.py
[2023-01-08T21:07:57.189-0300] {logging_mixin.py:137} INFO - [2023-01-08T21:07:57.188-0300] {dag.py:2676} INFO - Sync 1 DAGs
[2023-01-08T21:07:57.209-0300] {logging_mixin.py:137} INFO - [2023-01-08T21:07:57.209-0300] {dag.py:3427} INFO - Setting next_dagrun for download_intact to 2022-12-01T00:00:00+00:00, run_after=2023-01-01T00:00:00+00:00
[2023-01-08T21:07:57.226-0300] {processor.py:175} INFO - Processing /home/kallox/airflow/dags/download_intact.py took 0.327 seconds
[2023-01-08T21:08:27.472-0300] {processor.py:153} INFO - Started process (PID=24687) to work on /home/kallox/airflow/dags/download_intact.py
[2023-01-08T21:08:27.473-0300] {processor.py:743} INFO - Processing file /home/kallox/airflow/dags/download_intact.py for tasks to queue
[2023-01-08T21:08:27.474-0300] {logging_mixin.py:137} INFO - [2023-01-08T21:08:27.473-0300] {dagbag.py:538} INFO - Filling up the DagBag from /home/kallox/airflow/dags/download_intact.py
[2023-01-08T21:08:27.734-0300] {processor.py:753} INFO - DAG(s) dict_keys(['download_intact']) retrieved from /home/kallox/airflow/dags/download_intact.py
[2023-01-08T21:08:27.759-0300] {logging_mixin.py:137} INFO - [2023-01-08T21:08:27.758-0300] {dag.py:2676} INFO - Sync 1 DAGs
[2023-01-08T21:08:27.778-0300] {logging_mixin.py:137} INFO - [2023-01-08T21:08:27.778-0300] {dag.py:3427} INFO - Setting next_dagrun for download_intact to 2022-12-01T00:00:00+00:00, run_after=2023-01-01T00:00:00+00:00
[2023-01-08T21:08:27.792-0300] {processor.py:175} INFO - Processing /home/kallox/airflow/dags/download_intact.py took 0.322 seconds
[2023-01-08T21:08:58.090-0300] {processor.py:153} INFO - Started process (PID=24779) to work on /home/kallox/airflow/dags/download_intact.py
[2023-01-08T21:08:58.091-0300] {processor.py:743} INFO - Processing file /home/kallox/airflow/dags/download_intact.py for tasks to queue
[2023-01-08T21:08:58.091-0300] {logging_mixin.py:137} INFO - [2023-01-08T21:08:58.091-0300] {dagbag.py:538} INFO - Filling up the DagBag from /home/kallox/airflow/dags/download_intact.py
[2023-01-08T21:08:58.350-0300] {processor.py:753} INFO - DAG(s) dict_keys(['download_intact']) retrieved from /home/kallox/airflow/dags/download_intact.py
[2023-01-08T21:08:58.378-0300] {logging_mixin.py:137} INFO - [2023-01-08T21:08:58.377-0300] {dag.py:2676} INFO - Sync 1 DAGs
[2023-01-08T21:08:58.402-0300] {logging_mixin.py:137} INFO - [2023-01-08T21:08:58.402-0300] {dag.py:3427} INFO - Setting next_dagrun for download_intact to 2022-12-01T00:00:00+00:00, run_after=2023-01-01T00:00:00+00:00
[2023-01-08T21:08:58.417-0300] {processor.py:175} INFO - Processing /home/kallox/airflow/dags/download_intact.py took 0.329 seconds
[2023-01-08T21:09:29.371-0300] {processor.py:153} INFO - Started process (PID=24873) to work on /home/kallox/airflow/dags/download_intact.py
[2023-01-08T21:09:29.371-0300] {processor.py:743} INFO - Processing file /home/kallox/airflow/dags/download_intact.py for tasks to queue
[2023-01-08T21:09:29.372-0300] {logging_mixin.py:137} INFO - [2023-01-08T21:09:29.372-0300] {dagbag.py:538} INFO - Filling up the DagBag from /home/kallox/airflow/dags/download_intact.py
[2023-01-08T21:09:29.622-0300] {processor.py:753} INFO - DAG(s) dict_keys(['download_intact']) retrieved from /home/kallox/airflow/dags/download_intact.py
[2023-01-08T21:09:29.648-0300] {logging_mixin.py:137} INFO - [2023-01-08T21:09:29.648-0300] {dag.py:2676} INFO - Sync 1 DAGs
[2023-01-08T21:09:29.666-0300] {logging_mixin.py:137} INFO - [2023-01-08T21:09:29.666-0300] {dag.py:3427} INFO - Setting next_dagrun for download_intact to 2022-12-01T00:00:00+00:00, run_after=2023-01-01T00:00:00+00:00
[2023-01-08T21:09:29.684-0300] {processor.py:175} INFO - Processing /home/kallox/airflow/dags/download_intact.py took 0.317 seconds
[2023-01-08T21:09:59.993-0300] {processor.py:153} INFO - Started process (PID=24968) to work on /home/kallox/airflow/dags/download_intact.py
[2023-01-08T21:09:59.994-0300] {processor.py:743} INFO - Processing file /home/kallox/airflow/dags/download_intact.py for tasks to queue
[2023-01-08T21:09:59.995-0300] {logging_mixin.py:137} INFO - [2023-01-08T21:09:59.995-0300] {dagbag.py:538} INFO - Filling up the DagBag from /home/kallox/airflow/dags/download_intact.py
[2023-01-08T21:10:00.249-0300] {processor.py:753} INFO - DAG(s) dict_keys(['download_intact']) retrieved from /home/kallox/airflow/dags/download_intact.py
[2023-01-08T21:10:00.273-0300] {logging_mixin.py:137} INFO - [2023-01-08T21:10:00.272-0300] {dag.py:2676} INFO - Sync 1 DAGs
[2023-01-08T21:10:00.291-0300] {logging_mixin.py:137} INFO - [2023-01-08T21:10:00.291-0300] {dag.py:3427} INFO - Setting next_dagrun for download_intact to 2022-12-01T00:00:00+00:00, run_after=2023-01-01T00:00:00+00:00
[2023-01-08T21:10:00.306-0300] {processor.py:175} INFO - Processing /home/kallox/airflow/dags/download_intact.py took 0.315 seconds
[2023-01-08T21:10:30.582-0300] {processor.py:153} INFO - Started process (PID=25060) to work on /home/kallox/airflow/dags/download_intact.py
[2023-01-08T21:10:30.583-0300] {processor.py:743} INFO - Processing file /home/kallox/airflow/dags/download_intact.py for tasks to queue
[2023-01-08T21:10:30.584-0300] {logging_mixin.py:137} INFO - [2023-01-08T21:10:30.584-0300] {dagbag.py:538} INFO - Filling up the DagBag from /home/kallox/airflow/dags/download_intact.py
[2023-01-08T21:10:30.841-0300] {processor.py:753} INFO - DAG(s) dict_keys(['download_intact']) retrieved from /home/kallox/airflow/dags/download_intact.py
[2023-01-08T21:10:30.871-0300] {logging_mixin.py:137} INFO - [2023-01-08T21:10:30.871-0300] {dag.py:2676} INFO - Sync 1 DAGs
[2023-01-08T21:10:30.895-0300] {logging_mixin.py:137} INFO - [2023-01-08T21:10:30.895-0300] {dag.py:3427} INFO - Setting next_dagrun for download_intact to 2022-12-01T00:00:00+00:00, run_after=2023-01-01T00:00:00+00:00
[2023-01-08T21:10:30.912-0300] {processor.py:175} INFO - Processing /home/kallox/airflow/dags/download_intact.py took 0.333 seconds
[2023-01-08T21:11:01.132-0300] {processor.py:153} INFO - Started process (PID=25157) to work on /home/kallox/airflow/dags/download_intact.py
[2023-01-08T21:11:01.133-0300] {processor.py:743} INFO - Processing file /home/kallox/airflow/dags/download_intact.py for tasks to queue
[2023-01-08T21:11:01.134-0300] {logging_mixin.py:137} INFO - [2023-01-08T21:11:01.134-0300] {dagbag.py:538} INFO - Filling up the DagBag from /home/kallox/airflow/dags/download_intact.py
[2023-01-08T21:11:01.359-0300] {processor.py:753} INFO - DAG(s) dict_keys(['download_intact']) retrieved from /home/kallox/airflow/dags/download_intact.py
[2023-01-08T21:11:01.380-0300] {logging_mixin.py:137} INFO - [2023-01-08T21:11:01.380-0300] {dag.py:2676} INFO - Sync 1 DAGs
[2023-01-08T21:11:01.398-0300] {logging_mixin.py:137} INFO - [2023-01-08T21:11:01.398-0300] {dag.py:3427} INFO - Setting next_dagrun for download_intact to 2022-12-01T00:00:00+00:00, run_after=2023-01-01T00:00:00+00:00
[2023-01-08T21:11:01.412-0300] {processor.py:175} INFO - Processing /home/kallox/airflow/dags/download_intact.py took 0.282 seconds
[2023-01-08T21:11:31.687-0300] {processor.py:153} INFO - Started process (PID=25246) to work on /home/kallox/airflow/dags/download_intact.py
[2023-01-08T21:11:31.687-0300] {processor.py:743} INFO - Processing file /home/kallox/airflow/dags/download_intact.py for tasks to queue
[2023-01-08T21:11:31.688-0300] {logging_mixin.py:137} INFO - [2023-01-08T21:11:31.688-0300] {dagbag.py:538} INFO - Filling up the DagBag from /home/kallox/airflow/dags/download_intact.py
[2023-01-08T21:11:31.945-0300] {processor.py:753} INFO - DAG(s) dict_keys(['download_intact']) retrieved from /home/kallox/airflow/dags/download_intact.py
[2023-01-08T21:11:31.967-0300] {logging_mixin.py:137} INFO - [2023-01-08T21:11:31.967-0300] {dag.py:2676} INFO - Sync 1 DAGs
[2023-01-08T21:11:31.985-0300] {logging_mixin.py:137} INFO - [2023-01-08T21:11:31.985-0300] {dag.py:3427} INFO - Setting next_dagrun for download_intact to 2022-12-01T00:00:00+00:00, run_after=2023-01-01T00:00:00+00:00
[2023-01-08T21:11:32.000-0300] {processor.py:175} INFO - Processing /home/kallox/airflow/dags/download_intact.py took 0.315 seconds
[2023-01-08T21:12:04.027-0300] {processor.py:153} INFO - Started process (PID=25341) to work on /home/kallox/airflow/dags/download_intact.py
[2023-01-08T21:12:04.028-0300] {processor.py:743} INFO - Processing file /home/kallox/airflow/dags/download_intact.py for tasks to queue
[2023-01-08T21:12:04.028-0300] {logging_mixin.py:137} INFO - [2023-01-08T21:12:04.028-0300] {dagbag.py:538} INFO - Filling up the DagBag from /home/kallox/airflow/dags/download_intact.py
[2023-01-08T21:12:04.273-0300] {processor.py:753} INFO - DAG(s) dict_keys(['download_intact']) retrieved from /home/kallox/airflow/dags/download_intact.py
[2023-01-08T21:12:04.298-0300] {logging_mixin.py:137} INFO - [2023-01-08T21:12:04.298-0300] {dag.py:2676} INFO - Sync 1 DAGs
[2023-01-08T21:12:04.316-0300] {logging_mixin.py:137} INFO - [2023-01-08T21:12:04.316-0300] {dag.py:3427} INFO - Setting next_dagrun for download_intact to 2022-12-01T00:00:00+00:00, run_after=2023-01-01T00:00:00+00:00
[2023-01-08T21:12:04.330-0300] {processor.py:175} INFO - Processing /home/kallox/airflow/dags/download_intact.py took 0.305 seconds
[2023-01-08T21:12:35.492-0300] {processor.py:153} INFO - Started process (PID=25435) to work on /home/kallox/airflow/dags/download_intact.py
[2023-01-08T21:12:35.492-0300] {processor.py:743} INFO - Processing file /home/kallox/airflow/dags/download_intact.py for tasks to queue
[2023-01-08T21:12:35.493-0300] {logging_mixin.py:137} INFO - [2023-01-08T21:12:35.493-0300] {dagbag.py:538} INFO - Filling up the DagBag from /home/kallox/airflow/dags/download_intact.py
[2023-01-08T21:12:35.715-0300] {processor.py:753} INFO - DAG(s) dict_keys(['download_intact']) retrieved from /home/kallox/airflow/dags/download_intact.py
[2023-01-08T21:12:35.737-0300] {logging_mixin.py:137} INFO - [2023-01-08T21:12:35.737-0300] {dag.py:2676} INFO - Sync 1 DAGs
[2023-01-08T21:12:35.753-0300] {logging_mixin.py:137} INFO - [2023-01-08T21:12:35.753-0300] {dag.py:3427} INFO - Setting next_dagrun for download_intact to 2022-12-01T00:00:00+00:00, run_after=2023-01-01T00:00:00+00:00
[2023-01-08T21:12:35.767-0300] {processor.py:175} INFO - Processing /home/kallox/airflow/dags/download_intact.py took 0.277 seconds
[2023-01-08T21:13:07.070-0300] {processor.py:153} INFO - Started process (PID=25528) to work on /home/kallox/airflow/dags/download_intact.py
[2023-01-08T21:13:07.071-0300] {processor.py:743} INFO - Processing file /home/kallox/airflow/dags/download_intact.py for tasks to queue
[2023-01-08T21:13:07.071-0300] {logging_mixin.py:137} INFO - [2023-01-08T21:13:07.071-0300] {dagbag.py:538} INFO - Filling up the DagBag from /home/kallox/airflow/dags/download_intact.py
[2023-01-08T21:13:07.303-0300] {processor.py:753} INFO - DAG(s) dict_keys(['download_intact']) retrieved from /home/kallox/airflow/dags/download_intact.py
[2023-01-08T21:13:07.327-0300] {logging_mixin.py:137} INFO - [2023-01-08T21:13:07.326-0300] {dag.py:2676} INFO - Sync 1 DAGs
[2023-01-08T21:13:07.344-0300] {logging_mixin.py:137} INFO - [2023-01-08T21:13:07.344-0300] {dag.py:3427} INFO - Setting next_dagrun for download_intact to 2022-12-01T00:00:00+00:00, run_after=2023-01-01T00:00:00+00:00
[2023-01-08T21:13:07.357-0300] {processor.py:175} INFO - Processing /home/kallox/airflow/dags/download_intact.py took 0.290 seconds
[2023-01-08T21:13:37.871-0300] {processor.py:153} INFO - Started process (PID=25633) to work on /home/kallox/airflow/dags/download_intact.py
[2023-01-08T21:13:37.872-0300] {processor.py:743} INFO - Processing file /home/kallox/airflow/dags/download_intact.py for tasks to queue
[2023-01-08T21:13:37.873-0300] {logging_mixin.py:137} INFO - [2023-01-08T21:13:37.872-0300] {dagbag.py:538} INFO - Filling up the DagBag from /home/kallox/airflow/dags/download_intact.py
[2023-01-08T21:13:38.113-0300] {processor.py:753} INFO - DAG(s) dict_keys(['download_intact']) retrieved from /home/kallox/airflow/dags/download_intact.py
[2023-01-08T21:13:38.135-0300] {logging_mixin.py:137} INFO - [2023-01-08T21:13:38.134-0300] {dag.py:2676} INFO - Sync 1 DAGs
[2023-01-08T21:13:38.153-0300] {logging_mixin.py:137} INFO - [2023-01-08T21:13:38.153-0300] {dag.py:3427} INFO - Setting next_dagrun for download_intact to 2022-12-01T00:00:00+00:00, run_after=2023-01-01T00:00:00+00:00
[2023-01-08T21:13:38.177-0300] {processor.py:175} INFO - Processing /home/kallox/airflow/dags/download_intact.py took 0.309 seconds
[2023-01-08T21:14:10.274-0300] {processor.py:153} INFO - Started process (PID=25735) to work on /home/kallox/airflow/dags/download_intact.py
[2023-01-08T21:14:10.275-0300] {processor.py:743} INFO - Processing file /home/kallox/airflow/dags/download_intact.py for tasks to queue
[2023-01-08T21:14:10.276-0300] {logging_mixin.py:137} INFO - [2023-01-08T21:14:10.276-0300] {dagbag.py:538} INFO - Filling up the DagBag from /home/kallox/airflow/dags/download_intact.py
[2023-01-08T21:14:10.604-0300] {processor.py:753} INFO - DAG(s) dict_keys(['download_intact']) retrieved from /home/kallox/airflow/dags/download_intact.py
[2023-01-08T21:14:10.625-0300] {logging_mixin.py:137} INFO - [2023-01-08T21:14:10.625-0300] {dag.py:2676} INFO - Sync 1 DAGs
[2023-01-08T21:14:10.645-0300] {logging_mixin.py:137} INFO - [2023-01-08T21:14:10.644-0300] {dag.py:3427} INFO - Setting next_dagrun for download_intact to 2022-12-01T00:00:00+00:00, run_after=2023-01-01T00:00:00+00:00
[2023-01-08T21:14:10.659-0300] {processor.py:175} INFO - Processing /home/kallox/airflow/dags/download_intact.py took 0.389 seconds
[2023-01-08T21:14:41.582-0300] {processor.py:153} INFO - Started process (PID=25831) to work on /home/kallox/airflow/dags/download_intact.py
[2023-01-08T21:14:41.583-0300] {processor.py:743} INFO - Processing file /home/kallox/airflow/dags/download_intact.py for tasks to queue
[2023-01-08T21:14:41.583-0300] {logging_mixin.py:137} INFO - [2023-01-08T21:14:41.583-0300] {dagbag.py:538} INFO - Filling up the DagBag from /home/kallox/airflow/dags/download_intact.py
[2023-01-08T21:14:41.816-0300] {processor.py:753} INFO - DAG(s) dict_keys(['download_intact']) retrieved from /home/kallox/airflow/dags/download_intact.py
[2023-01-08T21:14:41.844-0300] {logging_mixin.py:137} INFO - [2023-01-08T21:14:41.843-0300] {dag.py:2676} INFO - Sync 1 DAGs
[2023-01-08T21:14:41.870-0300] {logging_mixin.py:137} INFO - [2023-01-08T21:14:41.870-0300] {dag.py:3427} INFO - Setting next_dagrun for download_intact to 2022-12-01T00:00:00+00:00, run_after=2023-01-01T00:00:00+00:00
[2023-01-08T21:14:41.889-0300] {processor.py:175} INFO - Processing /home/kallox/airflow/dags/download_intact.py took 0.310 seconds
[2023-01-08T21:15:13.576-0300] {processor.py:153} INFO - Started process (PID=25928) to work on /home/kallox/airflow/dags/download_intact.py
[2023-01-08T21:15:13.576-0300] {processor.py:743} INFO - Processing file /home/kallox/airflow/dags/download_intact.py for tasks to queue
[2023-01-08T21:15:13.577-0300] {logging_mixin.py:137} INFO - [2023-01-08T21:15:13.577-0300] {dagbag.py:538} INFO - Filling up the DagBag from /home/kallox/airflow/dags/download_intact.py
[2023-01-08T21:15:13.806-0300] {processor.py:753} INFO - DAG(s) dict_keys(['download_intact']) retrieved from /home/kallox/airflow/dags/download_intact.py
[2023-01-08T21:15:13.828-0300] {logging_mixin.py:137} INFO - [2023-01-08T21:15:13.827-0300] {dag.py:2676} INFO - Sync 1 DAGs
[2023-01-08T21:15:13.844-0300] {logging_mixin.py:137} INFO - [2023-01-08T21:15:13.844-0300] {dag.py:3427} INFO - Setting next_dagrun for download_intact to 2022-12-01T00:00:00+00:00, run_after=2023-01-01T00:00:00+00:00
[2023-01-08T21:15:13.860-0300] {processor.py:175} INFO - Processing /home/kallox/airflow/dags/download_intact.py took 0.288 seconds
[2023-01-08T21:15:49.247-0300] {processor.py:153} INFO - Started process (PID=26020) to work on /home/kallox/airflow/dags/download_intact.py
[2023-01-08T21:15:49.248-0300] {processor.py:743} INFO - Processing file /home/kallox/airflow/dags/download_intact.py for tasks to queue
[2023-01-08T21:15:49.248-0300] {logging_mixin.py:137} INFO - [2023-01-08T21:15:49.248-0300] {dagbag.py:538} INFO - Filling up the DagBag from /home/kallox/airflow/dags/download_intact.py
[2023-01-08T21:15:49.485-0300] {processor.py:753} INFO - DAG(s) dict_keys(['download_intact']) retrieved from /home/kallox/airflow/dags/download_intact.py
[2023-01-08T21:15:49.507-0300] {logging_mixin.py:137} INFO - [2023-01-08T21:15:49.507-0300] {dag.py:2676} INFO - Sync 1 DAGs
[2023-01-08T21:15:49.524-0300] {logging_mixin.py:137} INFO - [2023-01-08T21:15:49.524-0300] {dag.py:3427} INFO - Setting next_dagrun for download_intact to 2022-12-01T00:00:00+00:00, run_after=2023-01-01T00:00:00+00:00
[2023-01-08T21:15:49.538-0300] {processor.py:175} INFO - Processing /home/kallox/airflow/dags/download_intact.py took 0.294 seconds
[2023-01-08T21:16:23.197-0300] {processor.py:153} INFO - Started process (PID=26121) to work on /home/kallox/airflow/dags/download_intact.py
[2023-01-08T21:16:23.198-0300] {processor.py:743} INFO - Processing file /home/kallox/airflow/dags/download_intact.py for tasks to queue
[2023-01-08T21:16:23.199-0300] {logging_mixin.py:137} INFO - [2023-01-08T21:16:23.199-0300] {dagbag.py:538} INFO - Filling up the DagBag from /home/kallox/airflow/dags/download_intact.py
[2023-01-08T21:16:23.428-0300] {processor.py:753} INFO - DAG(s) dict_keys(['download_intact']) retrieved from /home/kallox/airflow/dags/download_intact.py
[2023-01-08T21:16:23.509-0300] {logging_mixin.py:137} INFO - [2023-01-08T21:16:23.509-0300] {dag.py:2676} INFO - Sync 1 DAGs
[2023-01-08T21:16:23.533-0300] {logging_mixin.py:137} INFO - [2023-01-08T21:16:23.533-0300] {dag.py:3427} INFO - Setting next_dagrun for download_intact to 2022-12-01T00:00:00+00:00, run_after=2023-01-01T00:00:00+00:00
[2023-01-08T21:16:23.609-0300] {processor.py:175} INFO - Processing /home/kallox/airflow/dags/download_intact.py took 0.415 seconds
[2023-01-08T21:16:55.366-0300] {processor.py:153} INFO - Started process (PID=26218) to work on /home/kallox/airflow/dags/download_intact.py
[2023-01-08T21:16:55.367-0300] {processor.py:743} INFO - Processing file /home/kallox/airflow/dags/download_intact.py for tasks to queue
[2023-01-08T21:16:55.367-0300] {logging_mixin.py:137} INFO - [2023-01-08T21:16:55.367-0300] {dagbag.py:538} INFO - Filling up the DagBag from /home/kallox/airflow/dags/download_intact.py
[2023-01-08T21:16:55.597-0300] {processor.py:753} INFO - DAG(s) dict_keys(['download_intact']) retrieved from /home/kallox/airflow/dags/download_intact.py
[2023-01-08T21:16:55.637-0300] {logging_mixin.py:137} INFO - [2023-01-08T21:16:55.637-0300] {dag.py:2676} INFO - Sync 1 DAGs
[2023-01-08T21:16:55.660-0300] {logging_mixin.py:137} INFO - [2023-01-08T21:16:55.659-0300] {dag.py:3427} INFO - Setting next_dagrun for download_intact to 2022-12-01T00:00:00+00:00, run_after=2023-01-01T00:00:00+00:00
[2023-01-08T21:16:55.676-0300] {processor.py:175} INFO - Processing /home/kallox/airflow/dags/download_intact.py took 0.313 seconds
[2023-01-08T21:17:29.812-0300] {processor.py:153} INFO - Started process (PID=26318) to work on /home/kallox/airflow/dags/download_intact.py
[2023-01-08T21:17:29.851-0300] {processor.py:743} INFO - Processing file /home/kallox/airflow/dags/download_intact.py for tasks to queue
[2023-01-08T21:17:29.852-0300] {logging_mixin.py:137} INFO - [2023-01-08T21:17:29.851-0300] {dagbag.py:538} INFO - Filling up the DagBag from /home/kallox/airflow/dags/download_intact.py
[2023-01-08T21:17:30.112-0300] {processor.py:753} INFO - DAG(s) dict_keys(['download_intact']) retrieved from /home/kallox/airflow/dags/download_intact.py
[2023-01-08T21:17:30.137-0300] {logging_mixin.py:137} INFO - [2023-01-08T21:17:30.137-0300] {dag.py:2676} INFO - Sync 1 DAGs
[2023-01-08T21:17:30.158-0300] {logging_mixin.py:137} INFO - [2023-01-08T21:17:30.158-0300] {dag.py:3427} INFO - Setting next_dagrun for download_intact to 2022-12-01T00:00:00+00:00, run_after=2023-01-01T00:00:00+00:00
[2023-01-08T21:17:30.176-0300] {processor.py:175} INFO - Processing /home/kallox/airflow/dags/download_intact.py took 0.367 seconds
[2023-01-08T21:18:04.865-0300] {processor.py:153} INFO - Started process (PID=26415) to work on /home/kallox/airflow/dags/download_intact.py
[2023-01-08T21:18:04.867-0300] {processor.py:743} INFO - Processing file /home/kallox/airflow/dags/download_intact.py for tasks to queue
[2023-01-08T21:18:04.867-0300] {logging_mixin.py:137} INFO - [2023-01-08T21:18:04.867-0300] {dagbag.py:538} INFO - Filling up the DagBag from /home/kallox/airflow/dags/download_intact.py
[2023-01-08T21:18:05.322-0300] {processor.py:753} INFO - DAG(s) dict_keys(['download_intact']) retrieved from /home/kallox/airflow/dags/download_intact.py
[2023-01-08T21:18:05.345-0300] {logging_mixin.py:137} INFO - [2023-01-08T21:18:05.345-0300] {dag.py:2676} INFO - Sync 1 DAGs
[2023-01-08T21:18:05.363-0300] {logging_mixin.py:137} INFO - [2023-01-08T21:18:05.363-0300] {dag.py:3427} INFO - Setting next_dagrun for download_intact to 2022-12-01T00:00:00+00:00, run_after=2023-01-01T00:00:00+00:00
[2023-01-08T21:18:05.430-0300] {processor.py:175} INFO - Processing /home/kallox/airflow/dags/download_intact.py took 0.568 seconds
[2023-01-08T21:18:37.621-0300] {processor.py:153} INFO - Started process (PID=26515) to work on /home/kallox/airflow/dags/download_intact.py
[2023-01-08T21:18:37.622-0300] {processor.py:743} INFO - Processing file /home/kallox/airflow/dags/download_intact.py for tasks to queue
[2023-01-08T21:18:37.623-0300] {logging_mixin.py:137} INFO - [2023-01-08T21:18:37.623-0300] {dagbag.py:538} INFO - Filling up the DagBag from /home/kallox/airflow/dags/download_intact.py
[2023-01-08T21:18:37.866-0300] {processor.py:753} INFO - DAG(s) dict_keys(['download_intact']) retrieved from /home/kallox/airflow/dags/download_intact.py
[2023-01-08T21:18:37.889-0300] {logging_mixin.py:137} INFO - [2023-01-08T21:18:37.888-0300] {dag.py:2676} INFO - Sync 1 DAGs
[2023-01-08T21:18:37.906-0300] {logging_mixin.py:137} INFO - [2023-01-08T21:18:37.906-0300] {dag.py:3427} INFO - Setting next_dagrun for download_intact to 2022-12-01T00:00:00+00:00, run_after=2023-01-01T00:00:00+00:00
[2023-01-08T21:18:37.925-0300] {processor.py:175} INFO - Processing /home/kallox/airflow/dags/download_intact.py took 0.305 seconds
[2023-01-08T21:19:12.415-0300] {processor.py:153} INFO - Started process (PID=26614) to work on /home/kallox/airflow/dags/download_intact.py
[2023-01-08T21:19:12.456-0300] {processor.py:743} INFO - Processing file /home/kallox/airflow/dags/download_intact.py for tasks to queue
[2023-01-08T21:19:12.457-0300] {logging_mixin.py:137} INFO - [2023-01-08T21:19:12.456-0300] {dagbag.py:538} INFO - Filling up the DagBag from /home/kallox/airflow/dags/download_intact.py
[2023-01-08T21:19:12.902-0300] {processor.py:753} INFO - DAG(s) dict_keys(['download_intact']) retrieved from /home/kallox/airflow/dags/download_intact.py
[2023-01-08T21:19:12.960-0300] {logging_mixin.py:137} INFO - [2023-01-08T21:19:12.960-0300] {dag.py:2676} INFO - Sync 1 DAGs
[2023-01-08T21:19:12.980-0300] {logging_mixin.py:137} INFO - [2023-01-08T21:19:12.980-0300] {dag.py:3427} INFO - Setting next_dagrun for download_intact to 2022-12-01T00:00:00+00:00, run_after=2023-01-01T00:00:00+00:00
[2023-01-08T21:19:13.154-0300] {processor.py:175} INFO - Processing /home/kallox/airflow/dags/download_intact.py took 0.742 seconds
[2023-01-08T21:20:00.685-0300] {processor.py:153} INFO - Started process (PID=26722) to work on /home/kallox/airflow/dags/download_intact.py
[2023-01-08T21:20:00.685-0300] {processor.py:743} INFO - Processing file /home/kallox/airflow/dags/download_intact.py for tasks to queue
[2023-01-08T21:20:00.686-0300] {logging_mixin.py:137} INFO - [2023-01-08T21:20:00.686-0300] {dagbag.py:538} INFO - Filling up the DagBag from /home/kallox/airflow/dags/download_intact.py
[2023-01-08T21:20:01.025-0300] {processor.py:753} INFO - DAG(s) dict_keys(['download_intact']) retrieved from /home/kallox/airflow/dags/download_intact.py
[2023-01-08T21:20:01.055-0300] {logging_mixin.py:137} INFO - [2023-01-08T21:20:01.055-0300] {dag.py:2676} INFO - Sync 1 DAGs
[2023-01-08T21:20:01.085-0300] {logging_mixin.py:137} INFO - [2023-01-08T21:20:01.085-0300] {dag.py:3427} INFO - Setting next_dagrun for download_intact to 2022-12-01T00:00:00+00:00, run_after=2023-01-01T00:00:00+00:00
[2023-01-08T21:20:01.107-0300] {processor.py:175} INFO - Processing /home/kallox/airflow/dags/download_intact.py took 0.425 seconds
[2023-01-08T21:20:33.161-0300] {processor.py:153} INFO - Started process (PID=26820) to work on /home/kallox/airflow/dags/download_intact.py
[2023-01-08T21:20:33.161-0300] {processor.py:743} INFO - Processing file /home/kallox/airflow/dags/download_intact.py for tasks to queue
[2023-01-08T21:20:33.162-0300] {logging_mixin.py:137} INFO - [2023-01-08T21:20:33.162-0300] {dagbag.py:538} INFO - Filling up the DagBag from /home/kallox/airflow/dags/download_intact.py
[2023-01-08T21:20:33.387-0300] {processor.py:753} INFO - DAG(s) dict_keys(['download_intact']) retrieved from /home/kallox/airflow/dags/download_intact.py
[2023-01-08T21:20:33.491-0300] {logging_mixin.py:137} INFO - [2023-01-08T21:20:33.491-0300] {dag.py:2676} INFO - Sync 1 DAGs
[2023-01-08T21:20:33.515-0300] {logging_mixin.py:137} INFO - [2023-01-08T21:20:33.514-0300] {dag.py:3427} INFO - Setting next_dagrun for download_intact to 2022-12-01T00:00:00+00:00, run_after=2023-01-01T00:00:00+00:00
[2023-01-08T21:20:33.560-0300] {processor.py:175} INFO - Processing /home/kallox/airflow/dags/download_intact.py took 0.402 seconds
[2023-01-08T21:21:05.192-0300] {processor.py:153} INFO - Started process (PID=26915) to work on /home/kallox/airflow/dags/download_intact.py
[2023-01-08T21:21:05.192-0300] {processor.py:743} INFO - Processing file /home/kallox/airflow/dags/download_intact.py for tasks to queue
[2023-01-08T21:21:05.193-0300] {logging_mixin.py:137} INFO - [2023-01-08T21:21:05.193-0300] {dagbag.py:538} INFO - Filling up the DagBag from /home/kallox/airflow/dags/download_intact.py
[2023-01-08T21:21:05.410-0300] {processor.py:753} INFO - DAG(s) dict_keys(['download_intact']) retrieved from /home/kallox/airflow/dags/download_intact.py
[2023-01-08T21:21:05.432-0300] {logging_mixin.py:137} INFO - [2023-01-08T21:21:05.432-0300] {dag.py:2676} INFO - Sync 1 DAGs
[2023-01-08T21:21:05.449-0300] {logging_mixin.py:137} INFO - [2023-01-08T21:21:05.449-0300] {dag.py:3427} INFO - Setting next_dagrun for download_intact to 2022-12-01T00:00:00+00:00, run_after=2023-01-01T00:00:00+00:00
[2023-01-08T21:21:05.464-0300] {processor.py:175} INFO - Processing /home/kallox/airflow/dags/download_intact.py took 0.274 seconds
[2023-01-08T21:21:39.306-0300] {processor.py:153} INFO - Started process (PID=27008) to work on /home/kallox/airflow/dags/download_intact.py
[2023-01-08T21:21:39.307-0300] {processor.py:743} INFO - Processing file /home/kallox/airflow/dags/download_intact.py for tasks to queue
[2023-01-08T21:21:39.307-0300] {logging_mixin.py:137} INFO - [2023-01-08T21:21:39.307-0300] {dagbag.py:538} INFO - Filling up the DagBag from /home/kallox/airflow/dags/download_intact.py
[2023-01-08T21:21:39.538-0300] {processor.py:753} INFO - DAG(s) dict_keys(['download_intact']) retrieved from /home/kallox/airflow/dags/download_intact.py
[2023-01-08T21:21:39.558-0300] {logging_mixin.py:137} INFO - [2023-01-08T21:21:39.558-0300] {dag.py:2676} INFO - Sync 1 DAGs
[2023-01-08T21:21:39.576-0300] {logging_mixin.py:137} INFO - [2023-01-08T21:21:39.576-0300] {dag.py:3427} INFO - Setting next_dagrun for download_intact to 2022-12-01T00:00:00+00:00, run_after=2023-01-01T00:00:00+00:00
[2023-01-08T21:21:39.591-0300] {processor.py:175} INFO - Processing /home/kallox/airflow/dags/download_intact.py took 0.288 seconds
[2023-01-08T21:22:10.571-0300] {processor.py:153} INFO - Started process (PID=27100) to work on /home/kallox/airflow/dags/download_intact.py
[2023-01-08T21:22:10.572-0300] {processor.py:743} INFO - Processing file /home/kallox/airflow/dags/download_intact.py for tasks to queue
[2023-01-08T21:22:10.572-0300] {logging_mixin.py:137} INFO - [2023-01-08T21:22:10.572-0300] {dagbag.py:538} INFO - Filling up the DagBag from /home/kallox/airflow/dags/download_intact.py
[2023-01-08T21:22:10.811-0300] {processor.py:753} INFO - DAG(s) dict_keys(['download_intact']) retrieved from /home/kallox/airflow/dags/download_intact.py
[2023-01-08T21:22:10.835-0300] {logging_mixin.py:137} INFO - [2023-01-08T21:22:10.835-0300] {dag.py:2676} INFO - Sync 1 DAGs
[2023-01-08T21:22:10.853-0300] {logging_mixin.py:137} INFO - [2023-01-08T21:22:10.853-0300] {dag.py:3427} INFO - Setting next_dagrun for download_intact to 2022-12-01T00:00:00+00:00, run_after=2023-01-01T00:00:00+00:00
[2023-01-08T21:22:10.871-0300] {processor.py:175} INFO - Processing /home/kallox/airflow/dags/download_intact.py took 0.302 seconds
[2023-01-08T21:22:41.952-0300] {processor.py:153} INFO - Started process (PID=27198) to work on /home/kallox/airflow/dags/download_intact.py
[2023-01-08T21:22:41.953-0300] {processor.py:743} INFO - Processing file /home/kallox/airflow/dags/download_intact.py for tasks to queue
[2023-01-08T21:22:41.953-0300] {logging_mixin.py:137} INFO - [2023-01-08T21:22:41.953-0300] {dagbag.py:538} INFO - Filling up the DagBag from /home/kallox/airflow/dags/download_intact.py
[2023-01-08T21:22:42.203-0300] {processor.py:753} INFO - DAG(s) dict_keys(['download_intact']) retrieved from /home/kallox/airflow/dags/download_intact.py
[2023-01-08T21:22:42.226-0300] {logging_mixin.py:137} INFO - [2023-01-08T21:22:42.225-0300] {dag.py:2676} INFO - Sync 1 DAGs
[2023-01-08T21:22:42.243-0300] {logging_mixin.py:137} INFO - [2023-01-08T21:22:42.243-0300] {dag.py:3427} INFO - Setting next_dagrun for download_intact to 2022-12-01T00:00:00+00:00, run_after=2023-01-01T00:00:00+00:00
[2023-01-08T21:22:42.259-0300] {processor.py:175} INFO - Processing /home/kallox/airflow/dags/download_intact.py took 0.308 seconds
[2023-01-08T21:23:16.240-0300] {processor.py:153} INFO - Started process (PID=27300) to work on /home/kallox/airflow/dags/download_intact.py
[2023-01-08T21:23:16.241-0300] {processor.py:743} INFO - Processing file /home/kallox/airflow/dags/download_intact.py for tasks to queue
[2023-01-08T21:23:16.241-0300] {logging_mixin.py:137} INFO - [2023-01-08T21:23:16.241-0300] {dagbag.py:538} INFO - Filling up the DagBag from /home/kallox/airflow/dags/download_intact.py
[2023-01-08T21:23:16.471-0300] {processor.py:753} INFO - DAG(s) dict_keys(['download_intact']) retrieved from /home/kallox/airflow/dags/download_intact.py
[2023-01-08T21:23:16.495-0300] {logging_mixin.py:137} INFO - [2023-01-08T21:23:16.494-0300] {dag.py:2676} INFO - Sync 1 DAGs
[2023-01-08T21:23:16.513-0300] {logging_mixin.py:137} INFO - [2023-01-08T21:23:16.513-0300] {dag.py:3427} INFO - Setting next_dagrun for download_intact to 2022-12-01T00:00:00+00:00, run_after=2023-01-01T00:00:00+00:00
[2023-01-08T21:23:16.544-0300] {processor.py:175} INFO - Processing /home/kallox/airflow/dags/download_intact.py took 0.306 seconds
[2023-01-08T21:23:48.582-0300] {processor.py:153} INFO - Started process (PID=27395) to work on /home/kallox/airflow/dags/download_intact.py
[2023-01-08T21:23:48.583-0300] {processor.py:743} INFO - Processing file /home/kallox/airflow/dags/download_intact.py for tasks to queue
[2023-01-08T21:23:48.583-0300] {logging_mixin.py:137} INFO - [2023-01-08T21:23:48.583-0300] {dagbag.py:538} INFO - Filling up the DagBag from /home/kallox/airflow/dags/download_intact.py
[2023-01-08T21:23:48.822-0300] {processor.py:753} INFO - DAG(s) dict_keys(['download_intact']) retrieved from /home/kallox/airflow/dags/download_intact.py
[2023-01-08T21:23:48.846-0300] {logging_mixin.py:137} INFO - [2023-01-08T21:23:48.846-0300] {dag.py:2676} INFO - Sync 1 DAGs
[2023-01-08T21:23:48.867-0300] {logging_mixin.py:137} INFO - [2023-01-08T21:23:48.867-0300] {dag.py:3427} INFO - Setting next_dagrun for download_intact to 2022-12-01T00:00:00+00:00, run_after=2023-01-01T00:00:00+00:00
[2023-01-08T21:23:48.917-0300] {processor.py:175} INFO - Processing /home/kallox/airflow/dags/download_intact.py took 0.337 seconds
[2023-01-08T21:24:19.875-0300] {processor.py:153} INFO - Started process (PID=27493) to work on /home/kallox/airflow/dags/download_intact.py
[2023-01-08T21:24:19.876-0300] {processor.py:743} INFO - Processing file /home/kallox/airflow/dags/download_intact.py for tasks to queue
[2023-01-08T21:24:19.877-0300] {logging_mixin.py:137} INFO - [2023-01-08T21:24:19.877-0300] {dagbag.py:538} INFO - Filling up the DagBag from /home/kallox/airflow/dags/download_intact.py
[2023-01-08T21:24:20.142-0300] {processor.py:753} INFO - DAG(s) dict_keys(['download_intact']) retrieved from /home/kallox/airflow/dags/download_intact.py
[2023-01-08T21:24:20.170-0300] {logging_mixin.py:137} INFO - [2023-01-08T21:24:20.170-0300] {dag.py:2676} INFO - Sync 1 DAGs
[2023-01-08T21:24:20.191-0300] {logging_mixin.py:137} INFO - [2023-01-08T21:24:20.191-0300] {dag.py:3427} INFO - Setting next_dagrun for download_intact to 2022-12-01T00:00:00+00:00, run_after=2023-01-01T00:00:00+00:00
[2023-01-08T21:24:20.210-0300] {processor.py:175} INFO - Processing /home/kallox/airflow/dags/download_intact.py took 0.337 seconds
[2023-01-08T21:24:53.020-0300] {processor.py:153} INFO - Started process (PID=27581) to work on /home/kallox/airflow/dags/download_intact.py
[2023-01-08T21:24:53.021-0300] {processor.py:743} INFO - Processing file /home/kallox/airflow/dags/download_intact.py for tasks to queue
[2023-01-08T21:24:53.022-0300] {logging_mixin.py:137} INFO - [2023-01-08T21:24:53.022-0300] {dagbag.py:538} INFO - Filling up the DagBag from /home/kallox/airflow/dags/download_intact.py
[2023-01-08T21:24:53.263-0300] {processor.py:753} INFO - DAG(s) dict_keys(['download_intact']) retrieved from /home/kallox/airflow/dags/download_intact.py
[2023-01-08T21:24:53.285-0300] {logging_mixin.py:137} INFO - [2023-01-08T21:24:53.285-0300] {dag.py:2676} INFO - Sync 1 DAGs
[2023-01-08T21:24:53.303-0300] {logging_mixin.py:137} INFO - [2023-01-08T21:24:53.303-0300] {dag.py:3427} INFO - Setting next_dagrun for download_intact to 2022-12-01T00:00:00+00:00, run_after=2023-01-01T00:00:00+00:00
[2023-01-08T21:24:53.319-0300] {processor.py:175} INFO - Processing /home/kallox/airflow/dags/download_intact.py took 0.300 seconds
[2023-01-08T21:25:23.505-0300] {processor.py:153} INFO - Started process (PID=27661) to work on /home/kallox/airflow/dags/download_intact.py
[2023-01-08T21:25:23.506-0300] {processor.py:743} INFO - Processing file /home/kallox/airflow/dags/download_intact.py for tasks to queue
[2023-01-08T21:25:23.506-0300] {logging_mixin.py:137} INFO - [2023-01-08T21:25:23.506-0300] {dagbag.py:538} INFO - Filling up the DagBag from /home/kallox/airflow/dags/download_intact.py
[2023-01-08T21:25:23.746-0300] {processor.py:753} INFO - DAG(s) dict_keys(['download_intact']) retrieved from /home/kallox/airflow/dags/download_intact.py
[2023-01-08T21:25:23.767-0300] {logging_mixin.py:137} INFO - [2023-01-08T21:25:23.767-0300] {dag.py:2676} INFO - Sync 1 DAGs
[2023-01-08T21:25:23.785-0300] {logging_mixin.py:137} INFO - [2023-01-08T21:25:23.785-0300] {dag.py:3427} INFO - Setting next_dagrun for download_intact to 2022-12-01T00:00:00+00:00, run_after=2023-01-01T00:00:00+00:00
[2023-01-08T21:25:23.803-0300] {processor.py:175} INFO - Processing /home/kallox/airflow/dags/download_intact.py took 0.300 seconds
[2023-01-08T21:25:53.946-0300] {processor.py:153} INFO - Started process (PID=27745) to work on /home/kallox/airflow/dags/download_intact.py
[2023-01-08T21:25:53.947-0300] {processor.py:743} INFO - Processing file /home/kallox/airflow/dags/download_intact.py for tasks to queue
[2023-01-08T21:25:53.947-0300] {logging_mixin.py:137} INFO - [2023-01-08T21:25:53.947-0300] {dagbag.py:538} INFO - Filling up the DagBag from /home/kallox/airflow/dags/download_intact.py
[2023-01-08T21:25:54.165-0300] {processor.py:753} INFO - DAG(s) dict_keys(['download_intact']) retrieved from /home/kallox/airflow/dags/download_intact.py
[2023-01-08T21:25:54.188-0300] {logging_mixin.py:137} INFO - [2023-01-08T21:25:54.188-0300] {dag.py:2676} INFO - Sync 1 DAGs
[2023-01-08T21:25:54.207-0300] {logging_mixin.py:137} INFO - [2023-01-08T21:25:54.207-0300] {dag.py:3427} INFO - Setting next_dagrun for download_intact to 2022-12-01T00:00:00+00:00, run_after=2023-01-01T00:00:00+00:00
[2023-01-08T21:25:54.223-0300] {processor.py:175} INFO - Processing /home/kallox/airflow/dags/download_intact.py took 0.279 seconds
[2023-01-08T21:26:24.412-0300] {processor.py:153} INFO - Started process (PID=27819) to work on /home/kallox/airflow/dags/download_intact.py
[2023-01-08T21:26:24.412-0300] {processor.py:743} INFO - Processing file /home/kallox/airflow/dags/download_intact.py for tasks to queue
[2023-01-08T21:26:24.413-0300] {logging_mixin.py:137} INFO - [2023-01-08T21:26:24.413-0300] {dagbag.py:538} INFO - Filling up the DagBag from /home/kallox/airflow/dags/download_intact.py
[2023-01-08T21:26:24.627-0300] {processor.py:753} INFO - DAG(s) dict_keys(['download_intact']) retrieved from /home/kallox/airflow/dags/download_intact.py
[2023-01-08T21:26:24.651-0300] {logging_mixin.py:137} INFO - [2023-01-08T21:26:24.650-0300] {dag.py:2676} INFO - Sync 1 DAGs
[2023-01-08T21:26:24.670-0300] {logging_mixin.py:137} INFO - [2023-01-08T21:26:24.670-0300] {dag.py:3427} INFO - Setting next_dagrun for download_intact to 2022-12-01T00:00:00+00:00, run_after=2023-01-01T00:00:00+00:00
[2023-01-08T21:26:24.687-0300] {processor.py:175} INFO - Processing /home/kallox/airflow/dags/download_intact.py took 0.278 seconds
[2023-01-08T21:26:54.879-0300] {processor.py:153} INFO - Started process (PID=27896) to work on /home/kallox/airflow/dags/download_intact.py
[2023-01-08T21:26:54.880-0300] {processor.py:743} INFO - Processing file /home/kallox/airflow/dags/download_intact.py for tasks to queue
[2023-01-08T21:26:54.880-0300] {logging_mixin.py:137} INFO - [2023-01-08T21:26:54.880-0300] {dagbag.py:538} INFO - Filling up the DagBag from /home/kallox/airflow/dags/download_intact.py
[2023-01-08T21:26:55.106-0300] {processor.py:753} INFO - DAG(s) dict_keys(['download_intact']) retrieved from /home/kallox/airflow/dags/download_intact.py
[2023-01-08T21:26:55.129-0300] {logging_mixin.py:137} INFO - [2023-01-08T21:26:55.129-0300] {dag.py:2676} INFO - Sync 1 DAGs
[2023-01-08T21:26:55.147-0300] {logging_mixin.py:137} INFO - [2023-01-08T21:26:55.147-0300] {dag.py:3427} INFO - Setting next_dagrun for download_intact to 2022-12-01T00:00:00+00:00, run_after=2023-01-01T00:00:00+00:00
[2023-01-08T21:26:55.162-0300] {processor.py:175} INFO - Processing /home/kallox/airflow/dags/download_intact.py took 0.286 seconds
[2023-01-08T21:27:25.361-0300] {processor.py:153} INFO - Started process (PID=27970) to work on /home/kallox/airflow/dags/download_intact.py
[2023-01-08T21:27:25.362-0300] {processor.py:743} INFO - Processing file /home/kallox/airflow/dags/download_intact.py for tasks to queue
[2023-01-08T21:27:25.363-0300] {logging_mixin.py:137} INFO - [2023-01-08T21:27:25.363-0300] {dagbag.py:538} INFO - Filling up the DagBag from /home/kallox/airflow/dags/download_intact.py
[2023-01-08T21:27:25.581-0300] {processor.py:753} INFO - DAG(s) dict_keys(['download_intact']) retrieved from /home/kallox/airflow/dags/download_intact.py
[2023-01-08T21:27:25.606-0300] {logging_mixin.py:137} INFO - [2023-01-08T21:27:25.605-0300] {dag.py:2676} INFO - Sync 1 DAGs
[2023-01-08T21:27:25.623-0300] {logging_mixin.py:137} INFO - [2023-01-08T21:27:25.623-0300] {dag.py:3427} INFO - Setting next_dagrun for download_intact to 2022-12-01T00:00:00+00:00, run_after=2023-01-01T00:00:00+00:00
[2023-01-08T21:27:25.646-0300] {processor.py:175} INFO - Processing /home/kallox/airflow/dags/download_intact.py took 0.287 seconds
[2023-01-08T21:27:45.591-0300] {processor.py:153} INFO - Started process (PID=28216) to work on /home/kallox/airflow/dags/download_intact.py
[2023-01-08T21:27:45.592-0300] {processor.py:743} INFO - Processing file /home/kallox/airflow/dags/download_intact.py for tasks to queue
[2023-01-08T21:27:45.592-0300] {logging_mixin.py:137} INFO - [2023-01-08T21:27:45.592-0300] {dagbag.py:538} INFO - Filling up the DagBag from /home/kallox/airflow/dags/download_intact.py
[2023-01-08T21:27:45.700-0300] {processor.py:753} INFO - DAG(s) dict_keys(['download_intact']) retrieved from /home/kallox/airflow/dags/download_intact.py
[2023-01-08T21:27:45.805-0300] {logging_mixin.py:137} INFO - [2023-01-08T21:27:45.805-0300] {dag.py:2676} INFO - Sync 1 DAGs
[2023-01-08T21:27:45.825-0300] {logging_mixin.py:137} INFO - [2023-01-08T21:27:45.825-0300] {dag.py:3427} INFO - Setting next_dagrun for download_intact to 2022-12-01T00:00:00+00:00, run_after=2023-01-01T00:00:00+00:00
[2023-01-08T21:27:45.849-0300] {processor.py:175} INFO - Processing /home/kallox/airflow/dags/download_intact.py took 0.260 seconds
[2023-01-08T21:28:16.321-0300] {processor.py:153} INFO - Started process (PID=28295) to work on /home/kallox/airflow/dags/download_intact.py
[2023-01-08T21:28:16.322-0300] {processor.py:743} INFO - Processing file /home/kallox/airflow/dags/download_intact.py for tasks to queue
[2023-01-08T21:28:16.322-0300] {logging_mixin.py:137} INFO - [2023-01-08T21:28:16.322-0300] {dagbag.py:538} INFO - Filling up the DagBag from /home/kallox/airflow/dags/download_intact.py
[2023-01-08T21:28:16.522-0300] {processor.py:753} INFO - DAG(s) dict_keys(['download_intact']) retrieved from /home/kallox/airflow/dags/download_intact.py
[2023-01-08T21:28:16.544-0300] {logging_mixin.py:137} INFO - [2023-01-08T21:28:16.544-0300] {dag.py:2676} INFO - Sync 1 DAGs
[2023-01-08T21:28:16.562-0300] {logging_mixin.py:137} INFO - [2023-01-08T21:28:16.562-0300] {dag.py:3427} INFO - Setting next_dagrun for download_intact to 2022-12-01T00:00:00+00:00, run_after=2023-01-01T00:00:00+00:00
[2023-01-08T21:28:16.577-0300] {processor.py:175} INFO - Processing /home/kallox/airflow/dags/download_intact.py took 0.258 seconds
[2023-01-08T21:28:46.757-0300] {processor.py:153} INFO - Started process (PID=28376) to work on /home/kallox/airflow/dags/download_intact.py
[2023-01-08T21:28:46.757-0300] {processor.py:743} INFO - Processing file /home/kallox/airflow/dags/download_intact.py for tasks to queue
[2023-01-08T21:28:46.758-0300] {logging_mixin.py:137} INFO - [2023-01-08T21:28:46.758-0300] {dagbag.py:538} INFO - Filling up the DagBag from /home/kallox/airflow/dags/download_intact.py
[2023-01-08T21:28:46.865-0300] {processor.py:753} INFO - DAG(s) dict_keys(['download_intact']) retrieved from /home/kallox/airflow/dags/download_intact.py
[2023-01-08T21:28:46.890-0300] {logging_mixin.py:137} INFO - [2023-01-08T21:28:46.890-0300] {dag.py:2676} INFO - Sync 1 DAGs
[2023-01-08T21:28:46.990-0300] {logging_mixin.py:137} INFO - [2023-01-08T21:28:46.989-0300] {dag.py:3427} INFO - Setting next_dagrun for download_intact to 2022-12-01T00:00:00+00:00, run_after=2023-01-01T00:00:00+00:00
[2023-01-08T21:28:47.005-0300] {processor.py:175} INFO - Processing /home/kallox/airflow/dags/download_intact.py took 0.250 seconds
[2023-01-08T21:29:17.436-0300] {processor.py:153} INFO - Started process (PID=28459) to work on /home/kallox/airflow/dags/download_intact.py
[2023-01-08T21:29:17.437-0300] {processor.py:743} INFO - Processing file /home/kallox/airflow/dags/download_intact.py for tasks to queue
[2023-01-08T21:29:17.438-0300] {logging_mixin.py:137} INFO - [2023-01-08T21:29:17.437-0300] {dagbag.py:538} INFO - Filling up the DagBag from /home/kallox/airflow/dags/download_intact.py
[2023-01-08T21:29:17.549-0300] {processor.py:753} INFO - DAG(s) dict_keys(['download_intact']) retrieved from /home/kallox/airflow/dags/download_intact.py
[2023-01-08T21:29:17.574-0300] {logging_mixin.py:137} INFO - [2023-01-08T21:29:17.574-0300] {dag.py:2676} INFO - Sync 1 DAGs
[2023-01-08T21:29:17.681-0300] {logging_mixin.py:137} INFO - [2023-01-08T21:29:17.680-0300] {dag.py:3427} INFO - Setting next_dagrun for download_intact to 2022-12-01T00:00:00+00:00, run_after=2023-01-01T00:00:00+00:00
[2023-01-08T21:29:17.704-0300] {processor.py:175} INFO - Processing /home/kallox/airflow/dags/download_intact.py took 0.270 seconds
[2023-01-08T21:29:48.383-0300] {processor.py:153} INFO - Started process (PID=28547) to work on /home/kallox/airflow/dags/download_intact.py
[2023-01-08T21:29:48.384-0300] {processor.py:743} INFO - Processing file /home/kallox/airflow/dags/download_intact.py for tasks to queue
[2023-01-08T21:29:48.384-0300] {logging_mixin.py:137} INFO - [2023-01-08T21:29:48.384-0300] {dagbag.py:538} INFO - Filling up the DagBag from /home/kallox/airflow/dags/download_intact.py
[2023-01-08T21:29:48.498-0300] {processor.py:753} INFO - DAG(s) dict_keys(['download_intact']) retrieved from /home/kallox/airflow/dags/download_intact.py
[2023-01-08T21:29:48.521-0300] {logging_mixin.py:137} INFO - [2023-01-08T21:29:48.521-0300] {dag.py:2676} INFO - Sync 1 DAGs
[2023-01-08T21:29:48.626-0300] {logging_mixin.py:137} INFO - [2023-01-08T21:29:48.626-0300] {dag.py:3427} INFO - Setting next_dagrun for download_intact to 2022-12-01T00:00:00+00:00, run_after=2023-01-01T00:00:00+00:00
[2023-01-08T21:29:48.650-0300] {processor.py:175} INFO - Processing /home/kallox/airflow/dags/download_intact.py took 0.270 seconds
[2023-01-08T21:30:19.060-0300] {processor.py:153} INFO - Started process (PID=28626) to work on /home/kallox/airflow/dags/download_intact.py
[2023-01-08T21:30:19.061-0300] {processor.py:743} INFO - Processing file /home/kallox/airflow/dags/download_intact.py for tasks to queue
[2023-01-08T21:30:19.061-0300] {logging_mixin.py:137} INFO - [2023-01-08T21:30:19.061-0300] {dagbag.py:538} INFO - Filling up the DagBag from /home/kallox/airflow/dags/download_intact.py
[2023-01-08T21:30:19.179-0300] {processor.py:753} INFO - DAG(s) dict_keys(['download_intact']) retrieved from /home/kallox/airflow/dags/download_intact.py
[2023-01-08T21:30:19.292-0300] {logging_mixin.py:137} INFO - [2023-01-08T21:30:19.292-0300] {dag.py:2676} INFO - Sync 1 DAGs
[2023-01-08T21:30:19.311-0300] {logging_mixin.py:137} INFO - [2023-01-08T21:30:19.311-0300] {dag.py:3427} INFO - Setting next_dagrun for download_intact to 2022-12-01T00:00:00+00:00, run_after=2023-01-01T00:00:00+00:00
[2023-01-08T21:30:19.335-0300] {processor.py:175} INFO - Processing /home/kallox/airflow/dags/download_intact.py took 0.276 seconds
[2023-01-08T21:30:49.782-0300] {processor.py:153} INFO - Started process (PID=28709) to work on /home/kallox/airflow/dags/download_intact.py
[2023-01-08T21:30:49.783-0300] {processor.py:743} INFO - Processing file /home/kallox/airflow/dags/download_intact.py for tasks to queue
[2023-01-08T21:30:49.783-0300] {logging_mixin.py:137} INFO - [2023-01-08T21:30:49.783-0300] {dagbag.py:538} INFO - Filling up the DagBag from /home/kallox/airflow/dags/download_intact.py
[2023-01-08T21:30:49.889-0300] {processor.py:753} INFO - DAG(s) dict_keys(['download_intact']) retrieved from /home/kallox/airflow/dags/download_intact.py
[2023-01-08T21:30:49.991-0300] {logging_mixin.py:137} INFO - [2023-01-08T21:30:49.991-0300] {dag.py:2676} INFO - Sync 1 DAGs
[2023-01-08T21:30:50.009-0300] {logging_mixin.py:137} INFO - [2023-01-08T21:30:50.008-0300] {dag.py:3427} INFO - Setting next_dagrun for download_intact to 2022-12-01T00:00:00+00:00, run_after=2023-01-01T00:00:00+00:00
[2023-01-08T21:30:50.033-0300] {processor.py:175} INFO - Processing /home/kallox/airflow/dags/download_intact.py took 0.253 seconds
[2023-01-08T21:31:20.769-0300] {processor.py:153} INFO - Started process (PID=28788) to work on /home/kallox/airflow/dags/download_intact.py
[2023-01-08T21:31:20.770-0300] {processor.py:743} INFO - Processing file /home/kallox/airflow/dags/download_intact.py for tasks to queue
[2023-01-08T21:31:20.770-0300] {logging_mixin.py:137} INFO - [2023-01-08T21:31:20.770-0300] {dagbag.py:538} INFO - Filling up the DagBag from /home/kallox/airflow/dags/download_intact.py
[2023-01-08T21:31:20.976-0300] {processor.py:753} INFO - DAG(s) dict_keys(['download_intact']) retrieved from /home/kallox/airflow/dags/download_intact.py
[2023-01-08T21:31:20.999-0300] {logging_mixin.py:137} INFO - [2023-01-08T21:31:20.998-0300] {dag.py:2676} INFO - Sync 1 DAGs
[2023-01-08T21:31:21.016-0300] {logging_mixin.py:137} INFO - [2023-01-08T21:31:21.016-0300] {dag.py:3427} INFO - Setting next_dagrun for download_intact to 2022-12-01T00:00:00+00:00, run_after=2023-01-01T00:00:00+00:00
[2023-01-08T21:31:21.039-0300] {processor.py:175} INFO - Processing /home/kallox/airflow/dags/download_intact.py took 0.271 seconds
[2023-01-08T21:31:51.455-0300] {processor.py:153} INFO - Started process (PID=28864) to work on /home/kallox/airflow/dags/download_intact.py
[2023-01-08T21:31:51.456-0300] {processor.py:743} INFO - Processing file /home/kallox/airflow/dags/download_intact.py for tasks to queue
[2023-01-08T21:31:51.456-0300] {logging_mixin.py:137} INFO - [2023-01-08T21:31:51.456-0300] {dagbag.py:538} INFO - Filling up the DagBag from /home/kallox/airflow/dags/download_intact.py
[2023-01-08T21:31:51.650-0300] {processor.py:753} INFO - DAG(s) dict_keys(['download_intact']) retrieved from /home/kallox/airflow/dags/download_intact.py
[2023-01-08T21:31:51.671-0300] {logging_mixin.py:137} INFO - [2023-01-08T21:31:51.671-0300] {dag.py:2676} INFO - Sync 1 DAGs
[2023-01-08T21:31:51.688-0300] {logging_mixin.py:137} INFO - [2023-01-08T21:31:51.688-0300] {dag.py:3427} INFO - Setting next_dagrun for download_intact to 2022-12-01T00:00:00+00:00, run_after=2023-01-01T00:00:00+00:00
[2023-01-08T21:31:51.703-0300] {processor.py:175} INFO - Processing /home/kallox/airflow/dags/download_intact.py took 0.250 seconds
[2023-01-08T21:32:21.841-0300] {processor.py:153} INFO - Started process (PID=28943) to work on /home/kallox/airflow/dags/download_intact.py
[2023-01-08T21:32:21.842-0300] {processor.py:743} INFO - Processing file /home/kallox/airflow/dags/download_intact.py for tasks to queue
[2023-01-08T21:32:21.842-0300] {logging_mixin.py:137} INFO - [2023-01-08T21:32:21.842-0300] {dagbag.py:538} INFO - Filling up the DagBag from /home/kallox/airflow/dags/download_intact.py
[2023-01-08T21:32:21.954-0300] {processor.py:753} INFO - DAG(s) dict_keys(['download_intact']) retrieved from /home/kallox/airflow/dags/download_intact.py
[2023-01-08T21:32:21.978-0300] {logging_mixin.py:137} INFO - [2023-01-08T21:32:21.978-0300] {dag.py:2676} INFO - Sync 1 DAGs
[2023-01-08T21:32:22.081-0300] {logging_mixin.py:137} INFO - [2023-01-08T21:32:22.081-0300] {dag.py:3427} INFO - Setting next_dagrun for download_intact to 2022-12-01T00:00:00+00:00, run_after=2023-01-01T00:00:00+00:00
[2023-01-08T21:32:22.100-0300] {processor.py:175} INFO - Processing /home/kallox/airflow/dags/download_intact.py took 0.260 seconds
[2023-01-08T21:32:53.006-0300] {processor.py:153} INFO - Started process (PID=29024) to work on /home/kallox/airflow/dags/download_intact.py
[2023-01-08T21:32:53.007-0300] {processor.py:743} INFO - Processing file /home/kallox/airflow/dags/download_intact.py for tasks to queue
[2023-01-08T21:32:53.007-0300] {logging_mixin.py:137} INFO - [2023-01-08T21:32:53.007-0300] {dagbag.py:538} INFO - Filling up the DagBag from /home/kallox/airflow/dags/download_intact.py
[2023-01-08T21:32:53.119-0300] {processor.py:753} INFO - DAG(s) dict_keys(['download_intact']) retrieved from /home/kallox/airflow/dags/download_intact.py
[2023-01-08T21:32:53.230-0300] {logging_mixin.py:137} INFO - [2023-01-08T21:32:53.229-0300] {dag.py:2676} INFO - Sync 1 DAGs
[2023-01-08T21:32:53.247-0300] {logging_mixin.py:137} INFO - [2023-01-08T21:32:53.247-0300] {dag.py:3427} INFO - Setting next_dagrun for download_intact to 2022-12-01T00:00:00+00:00, run_after=2023-01-01T00:00:00+00:00
[2023-01-08T21:32:53.269-0300] {processor.py:175} INFO - Processing /home/kallox/airflow/dags/download_intact.py took 0.264 seconds
[2023-01-08T21:33:23.707-0300] {processor.py:153} INFO - Started process (PID=29104) to work on /home/kallox/airflow/dags/download_intact.py
[2023-01-08T21:33:23.708-0300] {processor.py:743} INFO - Processing file /home/kallox/airflow/dags/download_intact.py for tasks to queue
[2023-01-08T21:33:23.708-0300] {logging_mixin.py:137} INFO - [2023-01-08T21:33:23.708-0300] {dagbag.py:538} INFO - Filling up the DagBag from /home/kallox/airflow/dags/download_intact.py
[2023-01-08T21:33:23.818-0300] {processor.py:753} INFO - DAG(s) dict_keys(['download_intact']) retrieved from /home/kallox/airflow/dags/download_intact.py
[2023-01-08T21:33:23.925-0300] {logging_mixin.py:137} INFO - [2023-01-08T21:33:23.924-0300] {dag.py:2676} INFO - Sync 1 DAGs
[2023-01-08T21:33:23.941-0300] {logging_mixin.py:137} INFO - [2023-01-08T21:33:23.941-0300] {dag.py:3427} INFO - Setting next_dagrun for download_intact to 2022-12-01T00:00:00+00:00, run_after=2023-01-01T00:00:00+00:00
[2023-01-08T21:33:23.955-0300] {processor.py:175} INFO - Processing /home/kallox/airflow/dags/download_intact.py took 0.249 seconds
[2023-01-08T21:33:54.376-0300] {processor.py:153} INFO - Started process (PID=29184) to work on /home/kallox/airflow/dags/download_intact.py
[2023-01-08T21:33:54.377-0300] {processor.py:743} INFO - Processing file /home/kallox/airflow/dags/download_intact.py for tasks to queue
[2023-01-08T21:33:54.377-0300] {logging_mixin.py:137} INFO - [2023-01-08T21:33:54.377-0300] {dagbag.py:538} INFO - Filling up the DagBag from /home/kallox/airflow/dags/download_intact.py
[2023-01-08T21:33:54.583-0300] {processor.py:753} INFO - DAG(s) dict_keys(['download_intact']) retrieved from /home/kallox/airflow/dags/download_intact.py
[2023-01-08T21:33:54.605-0300] {logging_mixin.py:137} INFO - [2023-01-08T21:33:54.605-0300] {dag.py:2676} INFO - Sync 1 DAGs
[2023-01-08T21:33:54.623-0300] {logging_mixin.py:137} INFO - [2023-01-08T21:33:54.623-0300] {dag.py:3427} INFO - Setting next_dagrun for download_intact to 2022-12-01T00:00:00+00:00, run_after=2023-01-01T00:00:00+00:00
[2023-01-08T21:33:54.638-0300] {processor.py:175} INFO - Processing /home/kallox/airflow/dags/download_intact.py took 0.265 seconds
[2023-01-08T21:34:24.838-0300] {processor.py:153} INFO - Started process (PID=29271) to work on /home/kallox/airflow/dags/download_intact.py
[2023-01-08T21:34:24.839-0300] {processor.py:743} INFO - Processing file /home/kallox/airflow/dags/download_intact.py for tasks to queue
[2023-01-08T21:34:24.839-0300] {logging_mixin.py:137} INFO - [2023-01-08T21:34:24.839-0300] {dagbag.py:538} INFO - Filling up the DagBag from /home/kallox/airflow/dags/download_intact.py
[2023-01-08T21:34:25.040-0300] {processor.py:753} INFO - DAG(s) dict_keys(['download_intact']) retrieved from /home/kallox/airflow/dags/download_intact.py
[2023-01-08T21:34:25.060-0300] {logging_mixin.py:137} INFO - [2023-01-08T21:34:25.060-0300] {dag.py:2676} INFO - Sync 1 DAGs
[2023-01-08T21:34:25.078-0300] {logging_mixin.py:137} INFO - [2023-01-08T21:34:25.077-0300] {dag.py:3427} INFO - Setting next_dagrun for download_intact to 2022-12-01T00:00:00+00:00, run_after=2023-01-01T00:00:00+00:00
[2023-01-08T21:34:25.091-0300] {processor.py:175} INFO - Processing /home/kallox/airflow/dags/download_intact.py took 0.254 seconds
[2023-01-08T21:34:55.335-0300] {processor.py:153} INFO - Started process (PID=29360) to work on /home/kallox/airflow/dags/download_intact.py
[2023-01-08T21:34:55.336-0300] {processor.py:743} INFO - Processing file /home/kallox/airflow/dags/download_intact.py for tasks to queue
[2023-01-08T21:34:55.336-0300] {logging_mixin.py:137} INFO - [2023-01-08T21:34:55.336-0300] {dagbag.py:538} INFO - Filling up the DagBag from /home/kallox/airflow/dags/download_intact.py
[2023-01-08T21:34:55.450-0300] {processor.py:753} INFO - DAG(s) dict_keys(['download_intact']) retrieved from /home/kallox/airflow/dags/download_intact.py
[2023-01-08T21:34:55.474-0300] {logging_mixin.py:137} INFO - [2023-01-08T21:34:55.474-0300] {dag.py:2676} INFO - Sync 1 DAGs
[2023-01-08T21:34:55.577-0300] {logging_mixin.py:137} INFO - [2023-01-08T21:34:55.577-0300] {dag.py:3427} INFO - Setting next_dagrun for download_intact to 2022-12-01T00:00:00+00:00, run_after=2023-01-01T00:00:00+00:00
[2023-01-08T21:34:55.591-0300] {processor.py:175} INFO - Processing /home/kallox/airflow/dags/download_intact.py took 0.258 seconds
[2023-01-08T21:35:25.797-0300] {processor.py:153} INFO - Started process (PID=29444) to work on /home/kallox/airflow/dags/download_intact.py
[2023-01-08T21:35:25.797-0300] {processor.py:743} INFO - Processing file /home/kallox/airflow/dags/download_intact.py for tasks to queue
[2023-01-08T21:35:25.797-0300] {logging_mixin.py:137} INFO - [2023-01-08T21:35:25.797-0300] {dagbag.py:538} INFO - Filling up the DagBag from /home/kallox/airflow/dags/download_intact.py
[2023-01-08T21:35:25.909-0300] {processor.py:753} INFO - DAG(s) dict_keys(['download_intact']) retrieved from /home/kallox/airflow/dags/download_intact.py
[2023-01-08T21:35:25.936-0300] {logging_mixin.py:137} INFO - [2023-01-08T21:35:25.936-0300] {dag.py:2676} INFO - Sync 1 DAGs
[2023-01-08T21:35:26.042-0300] {logging_mixin.py:137} INFO - [2023-01-08T21:35:26.041-0300] {dag.py:3427} INFO - Setting next_dagrun for download_intact to 2022-12-01T00:00:00+00:00, run_after=2023-01-01T00:00:00+00:00
[2023-01-08T21:35:26.062-0300] {processor.py:175} INFO - Processing /home/kallox/airflow/dags/download_intact.py took 0.267 seconds
[2023-01-08T21:35:56.318-0300] {processor.py:153} INFO - Started process (PID=29523) to work on /home/kallox/airflow/dags/download_intact.py
[2023-01-08T21:35:56.319-0300] {processor.py:743} INFO - Processing file /home/kallox/airflow/dags/download_intact.py for tasks to queue
[2023-01-08T21:35:56.319-0300] {logging_mixin.py:137} INFO - [2023-01-08T21:35:56.319-0300] {dagbag.py:538} INFO - Filling up the DagBag from /home/kallox/airflow/dags/download_intact.py
[2023-01-08T21:35:56.436-0300] {processor.py:753} INFO - DAG(s) dict_keys(['download_intact']) retrieved from /home/kallox/airflow/dags/download_intact.py
[2023-01-08T21:35:56.549-0300] {logging_mixin.py:137} INFO - [2023-01-08T21:35:56.549-0300] {dag.py:2676} INFO - Sync 1 DAGs
[2023-01-08T21:35:56.567-0300] {logging_mixin.py:137} INFO - [2023-01-08T21:35:56.567-0300] {dag.py:3427} INFO - Setting next_dagrun for download_intact to 2022-12-01T00:00:00+00:00, run_after=2023-01-01T00:00:00+00:00
[2023-01-08T21:35:56.587-0300] {processor.py:175} INFO - Processing /home/kallox/airflow/dags/download_intact.py took 0.271 seconds
[2023-01-08T21:36:26.747-0300] {processor.py:153} INFO - Started process (PID=29602) to work on /home/kallox/airflow/dags/download_intact.py
[2023-01-08T21:36:26.747-0300] {processor.py:743} INFO - Processing file /home/kallox/airflow/dags/download_intact.py for tasks to queue
[2023-01-08T21:36:26.748-0300] {logging_mixin.py:137} INFO - [2023-01-08T21:36:26.748-0300] {dagbag.py:538} INFO - Filling up the DagBag from /home/kallox/airflow/dags/download_intact.py
[2023-01-08T21:36:26.867-0300] {processor.py:753} INFO - DAG(s) dict_keys(['download_intact']) retrieved from /home/kallox/airflow/dags/download_intact.py
[2023-01-08T21:36:26.972-0300] {logging_mixin.py:137} INFO - [2023-01-08T21:36:26.972-0300] {dag.py:2676} INFO - Sync 1 DAGs
[2023-01-08T21:36:26.989-0300] {logging_mixin.py:137} INFO - [2023-01-08T21:36:26.989-0300] {dag.py:3427} INFO - Setting next_dagrun for download_intact to 2022-12-01T00:00:00+00:00, run_after=2023-01-01T00:00:00+00:00
[2023-01-08T21:36:27.002-0300] {processor.py:175} INFO - Processing /home/kallox/airflow/dags/download_intact.py took 0.258 seconds
[2023-01-08T21:36:57.178-0300] {processor.py:153} INFO - Started process (PID=29681) to work on /home/kallox/airflow/dags/download_intact.py
[2023-01-08T21:36:57.178-0300] {processor.py:743} INFO - Processing file /home/kallox/airflow/dags/download_intact.py for tasks to queue
[2023-01-08T21:36:57.179-0300] {logging_mixin.py:137} INFO - [2023-01-08T21:36:57.179-0300] {dagbag.py:538} INFO - Filling up the DagBag from /home/kallox/airflow/dags/download_intact.py
[2023-01-08T21:36:57.377-0300] {processor.py:753} INFO - DAG(s) dict_keys(['download_intact']) retrieved from /home/kallox/airflow/dags/download_intact.py
[2023-01-08T21:36:57.399-0300] {logging_mixin.py:137} INFO - [2023-01-08T21:36:57.399-0300] {dag.py:2676} INFO - Sync 1 DAGs
[2023-01-08T21:36:57.416-0300] {logging_mixin.py:137} INFO - [2023-01-08T21:36:57.416-0300] {dag.py:3427} INFO - Setting next_dagrun for download_intact to 2022-12-01T00:00:00+00:00, run_after=2023-01-01T00:00:00+00:00
[2023-01-08T21:36:57.438-0300] {processor.py:175} INFO - Processing /home/kallox/airflow/dags/download_intact.py took 0.262 seconds
[2023-01-08T21:37:27.634-0300] {processor.py:153} INFO - Started process (PID=29762) to work on /home/kallox/airflow/dags/download_intact.py
[2023-01-08T21:37:27.635-0300] {processor.py:743} INFO - Processing file /home/kallox/airflow/dags/download_intact.py for tasks to queue
[2023-01-08T21:37:27.635-0300] {logging_mixin.py:137} INFO - [2023-01-08T21:37:27.635-0300] {dagbag.py:538} INFO - Filling up the DagBag from /home/kallox/airflow/dags/download_intact.py
[2023-01-08T21:37:27.842-0300] {processor.py:753} INFO - DAG(s) dict_keys(['download_intact']) retrieved from /home/kallox/airflow/dags/download_intact.py
[2023-01-08T21:37:27.864-0300] {logging_mixin.py:137} INFO - [2023-01-08T21:37:27.863-0300] {dag.py:2676} INFO - Sync 1 DAGs
[2023-01-08T21:37:27.881-0300] {logging_mixin.py:137} INFO - [2023-01-08T21:37:27.881-0300] {dag.py:3427} INFO - Setting next_dagrun for download_intact to 2022-12-01T00:00:00+00:00, run_after=2023-01-01T00:00:00+00:00
[2023-01-08T21:37:27.894-0300] {processor.py:175} INFO - Processing /home/kallox/airflow/dags/download_intact.py took 0.262 seconds
[2023-01-08T21:37:58.686-0300] {processor.py:153} INFO - Started process (PID=29839) to work on /home/kallox/airflow/dags/download_intact.py
[2023-01-08T21:37:58.687-0300] {processor.py:743} INFO - Processing file /home/kallox/airflow/dags/download_intact.py for tasks to queue
[2023-01-08T21:37:58.688-0300] {logging_mixin.py:137} INFO - [2023-01-08T21:37:58.687-0300] {dagbag.py:538} INFO - Filling up the DagBag from /home/kallox/airflow/dags/download_intact.py
[2023-01-08T21:37:58.798-0300] {processor.py:753} INFO - DAG(s) dict_keys(['download_intact']) retrieved from /home/kallox/airflow/dags/download_intact.py
[2023-01-08T21:37:58.821-0300] {logging_mixin.py:137} INFO - [2023-01-08T21:37:58.820-0300] {dag.py:2676} INFO - Sync 1 DAGs
[2023-01-08T21:37:58.926-0300] {logging_mixin.py:137} INFO - [2023-01-08T21:37:58.925-0300] {dag.py:3427} INFO - Setting next_dagrun for download_intact to 2022-12-01T00:00:00+00:00, run_after=2023-01-01T00:00:00+00:00
[2023-01-08T21:37:58.950-0300] {processor.py:175} INFO - Processing /home/kallox/airflow/dags/download_intact.py took 0.266 seconds
[2023-01-08T21:38:29.338-0300] {processor.py:153} INFO - Started process (PID=29920) to work on /home/kallox/airflow/dags/download_intact.py
[2023-01-08T21:38:29.338-0300] {processor.py:743} INFO - Processing file /home/kallox/airflow/dags/download_intact.py for tasks to queue
[2023-01-08T21:38:29.339-0300] {logging_mixin.py:137} INFO - [2023-01-08T21:38:29.339-0300] {dagbag.py:538} INFO - Filling up the DagBag from /home/kallox/airflow/dags/download_intact.py
[2023-01-08T21:38:29.448-0300] {processor.py:753} INFO - DAG(s) dict_keys(['download_intact']) retrieved from /home/kallox/airflow/dags/download_intact.py
[2023-01-08T21:38:29.550-0300] {logging_mixin.py:137} INFO - [2023-01-08T21:38:29.550-0300] {dag.py:2676} INFO - Sync 1 DAGs
[2023-01-08T21:38:29.568-0300] {logging_mixin.py:137} INFO - [2023-01-08T21:38:29.568-0300] {dag.py:3427} INFO - Setting next_dagrun for download_intact to 2022-12-01T00:00:00+00:00, run_after=2023-01-01T00:00:00+00:00
[2023-01-08T21:38:29.589-0300] {processor.py:175} INFO - Processing /home/kallox/airflow/dags/download_intact.py took 0.253 seconds
[2023-01-08T21:39:00.009-0300] {processor.py:153} INFO - Started process (PID=29998) to work on /home/kallox/airflow/dags/download_intact.py
[2023-01-08T21:39:00.010-0300] {processor.py:743} INFO - Processing file /home/kallox/airflow/dags/download_intact.py for tasks to queue
[2023-01-08T21:39:00.010-0300] {logging_mixin.py:137} INFO - [2023-01-08T21:39:00.010-0300] {dagbag.py:538} INFO - Filling up the DagBag from /home/kallox/airflow/dags/download_intact.py
[2023-01-08T21:39:00.121-0300] {processor.py:753} INFO - DAG(s) dict_keys(['download_intact']) retrieved from /home/kallox/airflow/dags/download_intact.py
[2023-01-08T21:39:00.229-0300] {logging_mixin.py:137} INFO - [2023-01-08T21:39:00.229-0300] {dag.py:2676} INFO - Sync 1 DAGs
[2023-01-08T21:39:00.246-0300] {logging_mixin.py:137} INFO - [2023-01-08T21:39:00.246-0300] {dag.py:3427} INFO - Setting next_dagrun for download_intact to 2022-12-01T00:00:00+00:00, run_after=2023-01-01T00:00:00+00:00
[2023-01-08T21:39:00.259-0300] {processor.py:175} INFO - Processing /home/kallox/airflow/dags/download_intact.py took 0.253 seconds
[2023-01-08T21:39:30.680-0300] {processor.py:153} INFO - Started process (PID=30077) to work on /home/kallox/airflow/dags/download_intact.py
[2023-01-08T21:39:30.681-0300] {processor.py:743} INFO - Processing file /home/kallox/airflow/dags/download_intact.py for tasks to queue
[2023-01-08T21:39:30.681-0300] {logging_mixin.py:137} INFO - [2023-01-08T21:39:30.681-0300] {dagbag.py:538} INFO - Filling up the DagBag from /home/kallox/airflow/dags/download_intact.py
[2023-01-08T21:39:30.886-0300] {processor.py:753} INFO - DAG(s) dict_keys(['download_intact']) retrieved from /home/kallox/airflow/dags/download_intact.py
[2023-01-08T21:39:30.907-0300] {logging_mixin.py:137} INFO - [2023-01-08T21:39:30.907-0300] {dag.py:2676} INFO - Sync 1 DAGs
[2023-01-08T21:39:30.924-0300] {logging_mixin.py:137} INFO - [2023-01-08T21:39:30.924-0300] {dag.py:3427} INFO - Setting next_dagrun for download_intact to 2022-12-01T00:00:00+00:00, run_after=2023-01-01T00:00:00+00:00
[2023-01-08T21:39:30.944-0300] {processor.py:175} INFO - Processing /home/kallox/airflow/dags/download_intact.py took 0.267 seconds
[2023-01-08T21:40:01.369-0300] {processor.py:153} INFO - Started process (PID=30162) to work on /home/kallox/airflow/dags/download_intact.py
[2023-01-08T21:40:01.370-0300] {processor.py:743} INFO - Processing file /home/kallox/airflow/dags/download_intact.py for tasks to queue
[2023-01-08T21:40:01.370-0300] {logging_mixin.py:137} INFO - [2023-01-08T21:40:01.370-0300] {dagbag.py:538} INFO - Filling up the DagBag from /home/kallox/airflow/dags/download_intact.py
[2023-01-08T21:40:01.566-0300] {processor.py:753} INFO - DAG(s) dict_keys(['download_intact']) retrieved from /home/kallox/airflow/dags/download_intact.py
[2023-01-08T21:40:01.588-0300] {logging_mixin.py:137} INFO - [2023-01-08T21:40:01.588-0300] {dag.py:2676} INFO - Sync 1 DAGs
[2023-01-08T21:40:01.606-0300] {logging_mixin.py:137} INFO - [2023-01-08T21:40:01.606-0300] {dag.py:3427} INFO - Setting next_dagrun for download_intact to 2022-12-01T00:00:00+00:00, run_after=2023-01-01T00:00:00+00:00
[2023-01-08T21:40:01.619-0300] {processor.py:175} INFO - Processing /home/kallox/airflow/dags/download_intact.py took 0.252 seconds
[2023-01-08T21:40:31.759-0300] {processor.py:153} INFO - Started process (PID=30242) to work on /home/kallox/airflow/dags/download_intact.py
[2023-01-08T21:40:31.760-0300] {processor.py:743} INFO - Processing file /home/kallox/airflow/dags/download_intact.py for tasks to queue
[2023-01-08T21:40:31.760-0300] {logging_mixin.py:137} INFO - [2023-01-08T21:40:31.760-0300] {dagbag.py:538} INFO - Filling up the DagBag from /home/kallox/airflow/dags/download_intact.py
[2023-01-08T21:40:31.955-0300] {processor.py:753} INFO - DAG(s) dict_keys(['download_intact']) retrieved from /home/kallox/airflow/dags/download_intact.py
[2023-01-08T21:40:31.975-0300] {logging_mixin.py:137} INFO - [2023-01-08T21:40:31.975-0300] {dag.py:2676} INFO - Sync 1 DAGs
[2023-01-08T21:40:31.992-0300] {logging_mixin.py:137} INFO - [2023-01-08T21:40:31.992-0300] {dag.py:3427} INFO - Setting next_dagrun for download_intact to 2022-12-01T00:00:00+00:00, run_after=2023-01-01T00:00:00+00:00
[2023-01-08T21:40:32.013-0300] {processor.py:175} INFO - Processing /home/kallox/airflow/dags/download_intact.py took 0.256 seconds
[2023-01-08T21:41:02.451-0300] {processor.py:153} INFO - Started process (PID=30327) to work on /home/kallox/airflow/dags/download_intact.py
[2023-01-08T21:41:02.451-0300] {processor.py:743} INFO - Processing file /home/kallox/airflow/dags/download_intact.py for tasks to queue
[2023-01-08T21:41:02.452-0300] {logging_mixin.py:137} INFO - [2023-01-08T21:41:02.452-0300] {dagbag.py:538} INFO - Filling up the DagBag from /home/kallox/airflow/dags/download_intact.py
[2023-01-08T21:41:02.569-0300] {processor.py:753} INFO - DAG(s) dict_keys(['download_intact']) retrieved from /home/kallox/airflow/dags/download_intact.py
[2023-01-08T21:41:02.592-0300] {logging_mixin.py:137} INFO - [2023-01-08T21:41:02.592-0300] {dag.py:2676} INFO - Sync 1 DAGs
[2023-01-08T21:41:02.698-0300] {logging_mixin.py:137} INFO - [2023-01-08T21:41:02.698-0300] {dag.py:3427} INFO - Setting next_dagrun for download_intact to 2022-12-01T00:00:00+00:00, run_after=2023-01-01T00:00:00+00:00
[2023-01-08T21:41:02.720-0300] {processor.py:175} INFO - Processing /home/kallox/airflow/dags/download_intact.py took 0.272 seconds
[2023-01-08T21:41:33.398-0300] {processor.py:153} INFO - Started process (PID=30406) to work on /home/kallox/airflow/dags/download_intact.py
[2023-01-08T21:41:33.398-0300] {processor.py:743} INFO - Processing file /home/kallox/airflow/dags/download_intact.py for tasks to queue
[2023-01-08T21:41:33.399-0300] {logging_mixin.py:137} INFO - [2023-01-08T21:41:33.399-0300] {dagbag.py:538} INFO - Filling up the DagBag from /home/kallox/airflow/dags/download_intact.py
[2023-01-08T21:41:33.507-0300] {processor.py:753} INFO - DAG(s) dict_keys(['download_intact']) retrieved from /home/kallox/airflow/dags/download_intact.py
[2023-01-08T21:41:33.622-0300] {logging_mixin.py:137} INFO - [2023-01-08T21:41:33.622-0300] {dag.py:2676} INFO - Sync 1 DAGs
[2023-01-08T21:41:33.640-0300] {logging_mixin.py:137} INFO - [2023-01-08T21:41:33.640-0300] {dag.py:3427} INFO - Setting next_dagrun for download_intact to 2022-12-01T00:00:00+00:00, run_after=2023-01-01T00:00:00+00:00
[2023-01-08T21:41:33.660-0300] {processor.py:175} INFO - Processing /home/kallox/airflow/dags/download_intact.py took 0.265 seconds
[2023-01-08T21:42:04.014-0300] {processor.py:153} INFO - Started process (PID=30486) to work on /home/kallox/airflow/dags/download_intact.py
[2023-01-08T21:42:04.015-0300] {processor.py:743} INFO - Processing file /home/kallox/airflow/dags/download_intact.py for tasks to queue
[2023-01-08T21:42:04.015-0300] {logging_mixin.py:137} INFO - [2023-01-08T21:42:04.015-0300] {dagbag.py:538} INFO - Filling up the DagBag from /home/kallox/airflow/dags/download_intact.py
[2023-01-08T21:42:04.133-0300] {processor.py:753} INFO - DAG(s) dict_keys(['download_intact']) retrieved from /home/kallox/airflow/dags/download_intact.py
[2023-01-08T21:42:04.245-0300] {logging_mixin.py:137} INFO - [2023-01-08T21:42:04.245-0300] {dag.py:2676} INFO - Sync 1 DAGs
[2023-01-08T21:42:04.262-0300] {logging_mixin.py:137} INFO - [2023-01-08T21:42:04.262-0300] {dag.py:3427} INFO - Setting next_dagrun for download_intact to 2022-12-01T00:00:00+00:00, run_after=2023-01-01T00:00:00+00:00
[2023-01-08T21:42:04.285-0300] {processor.py:175} INFO - Processing /home/kallox/airflow/dags/download_intact.py took 0.273 seconds
[2023-01-08T21:42:34.445-0300] {processor.py:153} INFO - Started process (PID=30564) to work on /home/kallox/airflow/dags/download_intact.py
[2023-01-08T21:42:34.445-0300] {processor.py:743} INFO - Processing file /home/kallox/airflow/dags/download_intact.py for tasks to queue
[2023-01-08T21:42:34.446-0300] {logging_mixin.py:137} INFO - [2023-01-08T21:42:34.446-0300] {dagbag.py:538} INFO - Filling up the DagBag from /home/kallox/airflow/dags/download_intact.py
[2023-01-08T21:42:34.638-0300] {processor.py:753} INFO - DAG(s) dict_keys(['download_intact']) retrieved from /home/kallox/airflow/dags/download_intact.py
[2023-01-08T21:42:34.660-0300] {logging_mixin.py:137} INFO - [2023-01-08T21:42:34.660-0300] {dag.py:2676} INFO - Sync 1 DAGs
[2023-01-08T21:42:34.677-0300] {logging_mixin.py:137} INFO - [2023-01-08T21:42:34.677-0300] {dag.py:3427} INFO - Setting next_dagrun for download_intact to 2022-12-01T00:00:00+00:00, run_after=2023-01-01T00:00:00+00:00
[2023-01-08T21:42:34.691-0300] {processor.py:175} INFO - Processing /home/kallox/airflow/dags/download_intact.py took 0.248 seconds
[2023-01-08T21:43:05.627-0300] {processor.py:153} INFO - Started process (PID=30665) to work on /home/kallox/airflow/dags/download_intact.py
[2023-01-08T21:43:05.628-0300] {processor.py:743} INFO - Processing file /home/kallox/airflow/dags/download_intact.py for tasks to queue
[2023-01-08T21:43:05.628-0300] {logging_mixin.py:137} INFO - [2023-01-08T21:43:05.628-0300] {dagbag.py:538} INFO - Filling up the DagBag from /home/kallox/airflow/dags/download_intact.py
[2023-01-08T21:43:05.857-0300] {processor.py:753} INFO - DAG(s) dict_keys(['download_intact']) retrieved from /home/kallox/airflow/dags/download_intact.py
[2023-01-08T21:43:05.878-0300] {logging_mixin.py:137} INFO - [2023-01-08T21:43:05.878-0300] {dag.py:2676} INFO - Sync 1 DAGs
[2023-01-08T21:43:05.896-0300] {logging_mixin.py:137} INFO - [2023-01-08T21:43:05.896-0300] {dag.py:3427} INFO - Setting next_dagrun for download_intact to 2022-12-01T00:00:00+00:00, run_after=2023-01-01T00:00:00+00:00
[2023-01-08T21:43:05.909-0300] {processor.py:175} INFO - Processing /home/kallox/airflow/dags/download_intact.py took 0.284 seconds
