[2023-01-08T21:27:44.471-0300] {processor.py:153} INFO - Started process (PID=28159) to work on /home/kallox/airflow/dags/get_antigens.py
[2023-01-08T21:27:44.472-0300] {processor.py:743} INFO - Processing file /home/kallox/airflow/dags/get_antigens.py for tasks to queue
[2023-01-08T21:27:44.472-0300] {logging_mixin.py:137} INFO - [2023-01-08T21:27:44.472-0300] {dagbag.py:538} INFO - Filling up the DagBag from /home/kallox/airflow/dags/get_antigens.py
[2023-01-08T21:27:44.598-0300] {processor.py:753} INFO - DAG(s) dict_keys(['get_antigens']) retrieved from /home/kallox/airflow/dags/get_antigens.py
[2023-01-08T21:27:44.803-0300] {logging_mixin.py:137} INFO - [2023-01-08T21:27:44.802-0300] {manager.py:504} INFO - Created Permission View: can edit on DAG:get_antigens
[2023-01-08T21:27:44.812-0300] {logging_mixin.py:137} INFO - [2023-01-08T21:27:44.812-0300] {manager.py:504} INFO - Created Permission View: can delete on DAG:get_antigens
[2023-01-08T21:27:44.819-0300] {logging_mixin.py:137} INFO - [2023-01-08T21:27:44.819-0300] {manager.py:504} INFO - Created Permission View: can read on DAG:get_antigens
[2023-01-08T21:27:44.819-0300] {logging_mixin.py:137} INFO - [2023-01-08T21:27:44.819-0300] {dag.py:2676} INFO - Sync 1 DAGs
[2023-01-08T21:27:44.827-0300] {logging_mixin.py:137} INFO - [2023-01-08T21:27:44.827-0300] {dag.py:2697} INFO - Creating ORM DAG for get_antigens
[2023-01-08T21:27:44.836-0300] {logging_mixin.py:137} INFO - [2023-01-08T21:27:44.836-0300] {dag.py:3427} INFO - Setting next_dagrun for get_antigens to 2022-12-01T00:00:00+00:00, run_after=2023-01-01T00:00:00+00:00
[2023-01-08T21:27:44.850-0300] {processor.py:175} INFO - Processing /home/kallox/airflow/dags/get_antigens.py took 0.381 seconds
[2023-01-08T21:28:15.092-0300] {processor.py:153} INFO - Started process (PID=28238) to work on /home/kallox/airflow/dags/get_antigens.py
[2023-01-08T21:28:15.100-0300] {processor.py:743} INFO - Processing file /home/kallox/airflow/dags/get_antigens.py for tasks to queue
[2023-01-08T21:28:15.101-0300] {logging_mixin.py:137} INFO - [2023-01-08T21:28:15.101-0300] {dagbag.py:538} INFO - Filling up the DagBag from /home/kallox/airflow/dags/get_antigens.py
[2023-01-08T21:28:15.309-0300] {processor.py:753} INFO - DAG(s) dict_keys(['get_antigens']) retrieved from /home/kallox/airflow/dags/get_antigens.py
[2023-01-08T21:28:15.332-0300] {logging_mixin.py:137} INFO - [2023-01-08T21:28:15.332-0300] {dag.py:2676} INFO - Sync 1 DAGs
[2023-01-08T21:28:15.349-0300] {logging_mixin.py:137} INFO - [2023-01-08T21:28:15.349-0300] {dag.py:3427} INFO - Setting next_dagrun for get_antigens to 2022-12-01T00:00:00+00:00, run_after=2023-01-01T00:00:00+00:00
[2023-01-08T21:28:15.372-0300] {processor.py:175} INFO - Processing /home/kallox/airflow/dags/get_antigens.py took 0.283 seconds
[2023-01-08T21:28:45.805-0300] {processor.py:153} INFO - Started process (PID=28319) to work on /home/kallox/airflow/dags/get_antigens.py
[2023-01-08T21:28:45.814-0300] {processor.py:743} INFO - Processing file /home/kallox/airflow/dags/get_antigens.py for tasks to queue
[2023-01-08T21:28:45.814-0300] {logging_mixin.py:137} INFO - [2023-01-08T21:28:45.814-0300] {dagbag.py:538} INFO - Filling up the DagBag from /home/kallox/airflow/dags/get_antigens.py
[2023-01-08T21:28:45.930-0300] {processor.py:753} INFO - DAG(s) dict_keys(['get_antigens']) retrieved from /home/kallox/airflow/dags/get_antigens.py
[2023-01-08T21:28:45.953-0300] {logging_mixin.py:137} INFO - [2023-01-08T21:28:45.953-0300] {dag.py:2676} INFO - Sync 1 DAGs
[2023-01-08T21:28:46.071-0300] {logging_mixin.py:137} INFO - [2023-01-08T21:28:46.071-0300] {dag.py:3427} INFO - Setting next_dagrun for get_antigens to 2022-12-01T00:00:00+00:00, run_after=2023-01-01T00:00:00+00:00
[2023-01-08T21:28:46.088-0300] {processor.py:175} INFO - Processing /home/kallox/airflow/dags/get_antigens.py took 0.285 seconds
[2023-01-08T21:29:16.215-0300] {processor.py:153} INFO - Started process (PID=28399) to work on /home/kallox/airflow/dags/get_antigens.py
[2023-01-08T21:29:16.223-0300] {processor.py:743} INFO - Processing file /home/kallox/airflow/dags/get_antigens.py for tasks to queue
[2023-01-08T21:29:16.223-0300] {logging_mixin.py:137} INFO - [2023-01-08T21:29:16.223-0300] {dagbag.py:538} INFO - Filling up the DagBag from /home/kallox/airflow/dags/get_antigens.py
[2023-01-08T21:29:16.339-0300] {processor.py:753} INFO - DAG(s) dict_keys(['get_antigens']) retrieved from /home/kallox/airflow/dags/get_antigens.py
[2023-01-08T21:29:16.364-0300] {logging_mixin.py:137} INFO - [2023-01-08T21:29:16.363-0300] {dag.py:2676} INFO - Sync 1 DAGs
[2023-01-08T21:29:16.476-0300] {logging_mixin.py:137} INFO - [2023-01-08T21:29:16.476-0300] {dag.py:3427} INFO - Setting next_dagrun for get_antigens to 2022-12-01T00:00:00+00:00, run_after=2023-01-01T00:00:00+00:00
[2023-01-08T21:29:16.492-0300] {processor.py:175} INFO - Processing /home/kallox/airflow/dags/get_antigens.py took 0.279 seconds
[2023-01-08T21:29:46.887-0300] {processor.py:153} INFO - Started process (PID=28487) to work on /home/kallox/airflow/dags/get_antigens.py
[2023-01-08T21:29:46.895-0300] {processor.py:743} INFO - Processing file /home/kallox/airflow/dags/get_antigens.py for tasks to queue
[2023-01-08T21:29:46.896-0300] {logging_mixin.py:137} INFO - [2023-01-08T21:29:46.895-0300] {dagbag.py:538} INFO - Filling up the DagBag from /home/kallox/airflow/dags/get_antigens.py
[2023-01-08T21:29:47.014-0300] {processor.py:753} INFO - DAG(s) dict_keys(['get_antigens']) retrieved from /home/kallox/airflow/dags/get_antigens.py
[2023-01-08T21:29:47.039-0300] {logging_mixin.py:137} INFO - [2023-01-08T21:29:47.039-0300] {dag.py:2676} INFO - Sync 1 DAGs
[2023-01-08T21:29:47.146-0300] {logging_mixin.py:137} INFO - [2023-01-08T21:29:47.146-0300] {dag.py:3427} INFO - Setting next_dagrun for get_antigens to 2022-12-01T00:00:00+00:00, run_after=2023-01-01T00:00:00+00:00
[2023-01-08T21:29:47.171-0300] {processor.py:175} INFO - Processing /home/kallox/airflow/dags/get_antigens.py took 0.286 seconds
[2023-01-08T21:30:17.843-0300] {processor.py:153} INFO - Started process (PID=28568) to work on /home/kallox/airflow/dags/get_antigens.py
[2023-01-08T21:30:17.851-0300] {processor.py:743} INFO - Processing file /home/kallox/airflow/dags/get_antigens.py for tasks to queue
[2023-01-08T21:30:17.852-0300] {logging_mixin.py:137} INFO - [2023-01-08T21:30:17.852-0300] {dagbag.py:538} INFO - Filling up the DagBag from /home/kallox/airflow/dags/get_antigens.py
[2023-01-08T21:30:17.972-0300] {processor.py:753} INFO - DAG(s) dict_keys(['get_antigens']) retrieved from /home/kallox/airflow/dags/get_antigens.py
[2023-01-08T21:30:18.086-0300] {logging_mixin.py:137} INFO - [2023-01-08T21:30:18.086-0300] {dag.py:2676} INFO - Sync 1 DAGs
[2023-01-08T21:30:18.104-0300] {logging_mixin.py:137} INFO - [2023-01-08T21:30:18.104-0300] {dag.py:3427} INFO - Setting next_dagrun for get_antigens to 2022-12-01T00:00:00+00:00, run_after=2023-01-01T00:00:00+00:00
[2023-01-08T21:30:18.134-0300] {processor.py:175} INFO - Processing /home/kallox/airflow/dags/get_antigens.py took 0.293 seconds
[2023-01-08T21:30:48.541-0300] {processor.py:153} INFO - Started process (PID=28648) to work on /home/kallox/airflow/dags/get_antigens.py
[2023-01-08T21:30:48.548-0300] {processor.py:743} INFO - Processing file /home/kallox/airflow/dags/get_antigens.py for tasks to queue
[2023-01-08T21:30:48.548-0300] {logging_mixin.py:137} INFO - [2023-01-08T21:30:48.548-0300] {dagbag.py:538} INFO - Filling up the DagBag from /home/kallox/airflow/dags/get_antigens.py
[2023-01-08T21:30:48.671-0300] {processor.py:753} INFO - DAG(s) dict_keys(['get_antigens']) retrieved from /home/kallox/airflow/dags/get_antigens.py
[2023-01-08T21:30:48.781-0300] {logging_mixin.py:137} INFO - [2023-01-08T21:30:48.781-0300] {dag.py:2676} INFO - Sync 1 DAGs
[2023-01-08T21:30:48.799-0300] {logging_mixin.py:137} INFO - [2023-01-08T21:30:48.799-0300] {dag.py:3427} INFO - Setting next_dagrun for get_antigens to 2022-12-01T00:00:00+00:00, run_after=2023-01-01T00:00:00+00:00
[2023-01-08T21:30:48.819-0300] {processor.py:175} INFO - Processing /home/kallox/airflow/dags/get_antigens.py took 0.281 seconds
[2023-01-08T21:31:19.244-0300] {processor.py:153} INFO - Started process (PID=28728) to work on /home/kallox/airflow/dags/get_antigens.py
[2023-01-08T21:31:19.252-0300] {processor.py:743} INFO - Processing file /home/kallox/airflow/dags/get_antigens.py for tasks to queue
[2023-01-08T21:31:19.253-0300] {logging_mixin.py:137} INFO - [2023-01-08T21:31:19.253-0300] {dagbag.py:538} INFO - Filling up the DagBag from /home/kallox/airflow/dags/get_antigens.py
[2023-01-08T21:31:19.463-0300] {processor.py:753} INFO - DAG(s) dict_keys(['get_antigens']) retrieved from /home/kallox/airflow/dags/get_antigens.py
[2023-01-08T21:31:19.484-0300] {logging_mixin.py:137} INFO - [2023-01-08T21:31:19.484-0300] {dag.py:2676} INFO - Sync 1 DAGs
[2023-01-08T21:31:19.502-0300] {logging_mixin.py:137} INFO - [2023-01-08T21:31:19.502-0300] {dag.py:3427} INFO - Setting next_dagrun for get_antigens to 2022-12-01T00:00:00+00:00, run_after=2023-01-01T00:00:00+00:00
[2023-01-08T21:31:19.525-0300] {processor.py:175} INFO - Processing /home/kallox/airflow/dags/get_antigens.py took 0.283 seconds
[2023-01-08T21:31:50.224-0300] {processor.py:153} INFO - Started process (PID=28807) to work on /home/kallox/airflow/dags/get_antigens.py
[2023-01-08T21:31:50.232-0300] {processor.py:743} INFO - Processing file /home/kallox/airflow/dags/get_antigens.py for tasks to queue
[2023-01-08T21:31:50.233-0300] {logging_mixin.py:137} INFO - [2023-01-08T21:31:50.233-0300] {dagbag.py:538} INFO - Filling up the DagBag from /home/kallox/airflow/dags/get_antigens.py
[2023-01-08T21:31:50.451-0300] {processor.py:753} INFO - DAG(s) dict_keys(['get_antigens']) retrieved from /home/kallox/airflow/dags/get_antigens.py
[2023-01-08T21:31:50.475-0300] {logging_mixin.py:137} INFO - [2023-01-08T21:31:50.474-0300] {dag.py:2676} INFO - Sync 1 DAGs
[2023-01-08T21:31:50.493-0300] {logging_mixin.py:137} INFO - [2023-01-08T21:31:50.493-0300] {dag.py:3427} INFO - Setting next_dagrun for get_antigens to 2022-12-01T00:00:00+00:00, run_after=2023-01-01T00:00:00+00:00
[2023-01-08T21:31:50.508-0300] {processor.py:175} INFO - Processing /home/kallox/airflow/dags/get_antigens.py took 0.285 seconds
[2023-01-08T21:32:20.920-0300] {processor.py:153} INFO - Started process (PID=28886) to work on /home/kallox/airflow/dags/get_antigens.py
[2023-01-08T21:32:20.921-0300] {processor.py:743} INFO - Processing file /home/kallox/airflow/dags/get_antigens.py for tasks to queue
[2023-01-08T21:32:20.922-0300] {logging_mixin.py:137} INFO - [2023-01-08T21:32:20.922-0300] {dagbag.py:538} INFO - Filling up the DagBag from /home/kallox/airflow/dags/get_antigens.py
[2023-01-08T21:32:21.037-0300] {processor.py:753} INFO - DAG(s) dict_keys(['get_antigens']) retrieved from /home/kallox/airflow/dags/get_antigens.py
[2023-01-08T21:32:21.062-0300] {logging_mixin.py:137} INFO - [2023-01-08T21:32:21.062-0300] {dag.py:2676} INFO - Sync 1 DAGs
[2023-01-08T21:32:21.171-0300] {logging_mixin.py:137} INFO - [2023-01-08T21:32:21.171-0300] {dag.py:3427} INFO - Setting next_dagrun for get_antigens to 2022-12-01T00:00:00+00:00, run_after=2023-01-01T00:00:00+00:00
[2023-01-08T21:32:21.185-0300] {processor.py:175} INFO - Processing /home/kallox/airflow/dags/get_antigens.py took 0.267 seconds
[2023-01-08T21:32:51.810-0300] {processor.py:153} INFO - Started process (PID=28966) to work on /home/kallox/airflow/dags/get_antigens.py
[2023-01-08T21:32:51.810-0300] {processor.py:743} INFO - Processing file /home/kallox/airflow/dags/get_antigens.py for tasks to queue
[2023-01-08T21:32:51.811-0300] {logging_mixin.py:137} INFO - [2023-01-08T21:32:51.811-0300] {dagbag.py:538} INFO - Filling up the DagBag from /home/kallox/airflow/dags/get_antigens.py
[2023-01-08T21:32:51.942-0300] {processor.py:753} INFO - DAG(s) dict_keys(['get_antigens']) retrieved from /home/kallox/airflow/dags/get_antigens.py
[2023-01-08T21:32:52.057-0300] {logging_mixin.py:137} INFO - [2023-01-08T21:32:52.056-0300] {dag.py:2676} INFO - Sync 1 DAGs
[2023-01-08T21:32:52.075-0300] {logging_mixin.py:137} INFO - [2023-01-08T21:32:52.074-0300] {dag.py:3427} INFO - Setting next_dagrun for get_antigens to 2022-12-01T00:00:00+00:00, run_after=2023-01-01T00:00:00+00:00
[2023-01-08T21:32:52.089-0300] {processor.py:175} INFO - Processing /home/kallox/airflow/dags/get_antigens.py took 0.281 seconds
[2023-01-08T21:33:22.467-0300] {processor.py:153} INFO - Started process (PID=29047) to work on /home/kallox/airflow/dags/get_antigens.py
[2023-01-08T21:33:22.475-0300] {processor.py:743} INFO - Processing file /home/kallox/airflow/dags/get_antigens.py for tasks to queue
[2023-01-08T21:33:22.476-0300] {logging_mixin.py:137} INFO - [2023-01-08T21:33:22.476-0300] {dagbag.py:538} INFO - Filling up the DagBag from /home/kallox/airflow/dags/get_antigens.py
[2023-01-08T21:33:22.608-0300] {processor.py:753} INFO - DAG(s) dict_keys(['get_antigens']) retrieved from /home/kallox/airflow/dags/get_antigens.py
[2023-01-08T21:33:22.719-0300] {logging_mixin.py:137} INFO - [2023-01-08T21:33:22.719-0300] {dag.py:2676} INFO - Sync 1 DAGs
[2023-01-08T21:33:22.736-0300] {logging_mixin.py:137} INFO - [2023-01-08T21:33:22.736-0300] {dag.py:3427} INFO - Setting next_dagrun for get_antigens to 2022-12-01T00:00:00+00:00, run_after=2023-01-01T00:00:00+00:00
[2023-01-08T21:33:22.753-0300] {processor.py:175} INFO - Processing /home/kallox/airflow/dags/get_antigens.py took 0.288 seconds
[2023-01-08T21:33:53.171-0300] {processor.py:153} INFO - Started process (PID=29126) to work on /home/kallox/airflow/dags/get_antigens.py
[2023-01-08T21:33:53.179-0300] {processor.py:743} INFO - Processing file /home/kallox/airflow/dags/get_antigens.py for tasks to queue
[2023-01-08T21:33:53.180-0300] {logging_mixin.py:137} INFO - [2023-01-08T21:33:53.179-0300] {dagbag.py:538} INFO - Filling up the DagBag from /home/kallox/airflow/dags/get_antigens.py
[2023-01-08T21:33:53.406-0300] {processor.py:753} INFO - DAG(s) dict_keys(['get_antigens']) retrieved from /home/kallox/airflow/dags/get_antigens.py
[2023-01-08T21:33:53.428-0300] {logging_mixin.py:137} INFO - [2023-01-08T21:33:53.427-0300] {dag.py:2676} INFO - Sync 1 DAGs
[2023-01-08T21:33:53.445-0300] {logging_mixin.py:137} INFO - [2023-01-08T21:33:53.445-0300] {dag.py:3427} INFO - Setting next_dagrun for get_antigens to 2022-12-01T00:00:00+00:00, run_after=2023-01-01T00:00:00+00:00
[2023-01-08T21:33:53.460-0300] {processor.py:175} INFO - Processing /home/kallox/airflow/dags/get_antigens.py took 0.292 seconds
[2023-01-08T21:34:23.805-0300] {processor.py:153} INFO - Started process (PID=29208) to work on /home/kallox/airflow/dags/get_antigens.py
[2023-01-08T21:34:23.806-0300] {processor.py:743} INFO - Processing file /home/kallox/airflow/dags/get_antigens.py for tasks to queue
[2023-01-08T21:34:23.806-0300] {logging_mixin.py:137} INFO - [2023-01-08T21:34:23.806-0300] {dagbag.py:538} INFO - Filling up the DagBag from /home/kallox/airflow/dags/get_antigens.py
[2023-01-08T21:34:24.017-0300] {processor.py:753} INFO - DAG(s) dict_keys(['get_antigens']) retrieved from /home/kallox/airflow/dags/get_antigens.py
[2023-01-08T21:34:24.040-0300] {logging_mixin.py:137} INFO - [2023-01-08T21:34:24.040-0300] {dag.py:2676} INFO - Sync 1 DAGs
[2023-01-08T21:34:24.058-0300] {logging_mixin.py:137} INFO - [2023-01-08T21:34:24.058-0300] {dag.py:3427} INFO - Setting next_dagrun for get_antigens to 2022-12-01T00:00:00+00:00, run_after=2023-01-01T00:00:00+00:00
[2023-01-08T21:34:24.081-0300] {processor.py:175} INFO - Processing /home/kallox/airflow/dags/get_antigens.py took 0.279 seconds
[2023-01-08T21:34:54.278-0300] {processor.py:153} INFO - Started process (PID=29297) to work on /home/kallox/airflow/dags/get_antigens.py
[2023-01-08T21:34:54.286-0300] {processor.py:743} INFO - Processing file /home/kallox/airflow/dags/get_antigens.py for tasks to queue
[2023-01-08T21:34:54.287-0300] {logging_mixin.py:137} INFO - [2023-01-08T21:34:54.287-0300] {dagbag.py:538} INFO - Filling up the DagBag from /home/kallox/airflow/dags/get_antigens.py
[2023-01-08T21:34:54.419-0300] {processor.py:753} INFO - DAG(s) dict_keys(['get_antigens']) retrieved from /home/kallox/airflow/dags/get_antigens.py
[2023-01-08T21:34:54.444-0300] {logging_mixin.py:137} INFO - [2023-01-08T21:34:54.444-0300] {dag.py:2676} INFO - Sync 1 DAGs
[2023-01-08T21:34:54.552-0300] {logging_mixin.py:137} INFO - [2023-01-08T21:34:54.551-0300] {dag.py:3427} INFO - Setting next_dagrun for get_antigens to 2022-12-01T00:00:00+00:00, run_after=2023-01-01T00:00:00+00:00
[2023-01-08T21:34:54.572-0300] {processor.py:175} INFO - Processing /home/kallox/airflow/dags/get_antigens.py took 0.296 seconds
[2023-01-08T21:35:24.771-0300] {processor.py:153} INFO - Started process (PID=29380) to work on /home/kallox/airflow/dags/get_antigens.py
[2023-01-08T21:35:24.779-0300] {processor.py:743} INFO - Processing file /home/kallox/airflow/dags/get_antigens.py for tasks to queue
[2023-01-08T21:35:24.779-0300] {logging_mixin.py:137} INFO - [2023-01-08T21:35:24.779-0300] {dagbag.py:538} INFO - Filling up the DagBag from /home/kallox/airflow/dags/get_antigens.py
[2023-01-08T21:35:24.904-0300] {processor.py:753} INFO - DAG(s) dict_keys(['get_antigens']) retrieved from /home/kallox/airflow/dags/get_antigens.py
[2023-01-08T21:35:24.929-0300] {logging_mixin.py:137} INFO - [2023-01-08T21:35:24.929-0300] {dag.py:2676} INFO - Sync 1 DAGs
[2023-01-08T21:35:25.035-0300] {logging_mixin.py:137} INFO - [2023-01-08T21:35:25.035-0300] {dag.py:3427} INFO - Setting next_dagrun for get_antigens to 2022-12-01T00:00:00+00:00, run_after=2023-01-01T00:00:00+00:00
[2023-01-08T21:35:25.056-0300] {processor.py:175} INFO - Processing /home/kallox/airflow/dags/get_antigens.py took 0.287 seconds
[2023-01-08T21:35:55.253-0300] {processor.py:153} INFO - Started process (PID=29460) to work on /home/kallox/airflow/dags/get_antigens.py
[2023-01-08T21:35:55.262-0300] {processor.py:743} INFO - Processing file /home/kallox/airflow/dags/get_antigens.py for tasks to queue
[2023-01-08T21:35:55.262-0300] {logging_mixin.py:137} INFO - [2023-01-08T21:35:55.262-0300] {dagbag.py:538} INFO - Filling up the DagBag from /home/kallox/airflow/dags/get_antigens.py
[2023-01-08T21:35:55.378-0300] {processor.py:753} INFO - DAG(s) dict_keys(['get_antigens']) retrieved from /home/kallox/airflow/dags/get_antigens.py
[2023-01-08T21:35:55.489-0300] {logging_mixin.py:137} INFO - [2023-01-08T21:35:55.489-0300] {dag.py:2676} INFO - Sync 1 DAGs
[2023-01-08T21:35:55.513-0300] {logging_mixin.py:137} INFO - [2023-01-08T21:35:55.513-0300] {dag.py:3427} INFO - Setting next_dagrun for get_antigens to 2022-12-01T00:00:00+00:00, run_after=2023-01-01T00:00:00+00:00
[2023-01-08T21:35:55.529-0300] {processor.py:175} INFO - Processing /home/kallox/airflow/dags/get_antigens.py took 0.277 seconds
[2023-01-08T21:36:25.773-0300] {processor.py:153} INFO - Started process (PID=29539) to work on /home/kallox/airflow/dags/get_antigens.py
[2023-01-08T21:36:25.781-0300] {processor.py:743} INFO - Processing file /home/kallox/airflow/dags/get_antigens.py for tasks to queue
[2023-01-08T21:36:25.782-0300] {logging_mixin.py:137} INFO - [2023-01-08T21:36:25.781-0300] {dagbag.py:538} INFO - Filling up the DagBag from /home/kallox/airflow/dags/get_antigens.py
[2023-01-08T21:36:25.908-0300] {processor.py:753} INFO - DAG(s) dict_keys(['get_antigens']) retrieved from /home/kallox/airflow/dags/get_antigens.py
[2023-01-08T21:36:26.020-0300] {logging_mixin.py:137} INFO - [2023-01-08T21:36:26.020-0300] {dag.py:2676} INFO - Sync 1 DAGs
[2023-01-08T21:36:26.037-0300] {logging_mixin.py:137} INFO - [2023-01-08T21:36:26.037-0300] {dag.py:3427} INFO - Setting next_dagrun for get_antigens to 2022-12-01T00:00:00+00:00, run_after=2023-01-01T00:00:00+00:00
[2023-01-08T21:36:26.054-0300] {processor.py:175} INFO - Processing /home/kallox/airflow/dags/get_antigens.py took 0.284 seconds
[2023-01-08T21:36:56.168-0300] {processor.py:153} INFO - Started process (PID=29618) to work on /home/kallox/airflow/dags/get_antigens.py
[2023-01-08T21:36:56.176-0300] {processor.py:743} INFO - Processing file /home/kallox/airflow/dags/get_antigens.py for tasks to queue
[2023-01-08T21:36:56.177-0300] {logging_mixin.py:137} INFO - [2023-01-08T21:36:56.177-0300] {dagbag.py:538} INFO - Filling up the DagBag from /home/kallox/airflow/dags/get_antigens.py
[2023-01-08T21:36:56.379-0300] {processor.py:753} INFO - DAG(s) dict_keys(['get_antigens']) retrieved from /home/kallox/airflow/dags/get_antigens.py
[2023-01-08T21:36:56.399-0300] {logging_mixin.py:137} INFO - [2023-01-08T21:36:56.399-0300] {dag.py:2676} INFO - Sync 1 DAGs
[2023-01-08T21:36:56.416-0300] {logging_mixin.py:137} INFO - [2023-01-08T21:36:56.416-0300] {dag.py:3427} INFO - Setting next_dagrun for get_antigens to 2022-12-01T00:00:00+00:00, run_after=2023-01-01T00:00:00+00:00
[2023-01-08T21:36:56.440-0300] {processor.py:175} INFO - Processing /home/kallox/airflow/dags/get_antigens.py took 0.275 seconds
[2023-01-08T21:37:26.618-0300] {processor.py:153} INFO - Started process (PID=29699) to work on /home/kallox/airflow/dags/get_antigens.py
[2023-01-08T21:37:26.627-0300] {processor.py:743} INFO - Processing file /home/kallox/airflow/dags/get_antigens.py for tasks to queue
[2023-01-08T21:37:26.627-0300] {logging_mixin.py:137} INFO - [2023-01-08T21:37:26.627-0300] {dagbag.py:538} INFO - Filling up the DagBag from /home/kallox/airflow/dags/get_antigens.py
[2023-01-08T21:37:26.844-0300] {processor.py:753} INFO - DAG(s) dict_keys(['get_antigens']) retrieved from /home/kallox/airflow/dags/get_antigens.py
[2023-01-08T21:37:26.865-0300] {logging_mixin.py:137} INFO - [2023-01-08T21:37:26.865-0300] {dag.py:2676} INFO - Sync 1 DAGs
[2023-01-08T21:37:26.883-0300] {logging_mixin.py:137} INFO - [2023-01-08T21:37:26.883-0300] {dag.py:3427} INFO - Setting next_dagrun for get_antigens to 2022-12-01T00:00:00+00:00, run_after=2023-01-01T00:00:00+00:00
[2023-01-08T21:37:26.907-0300] {processor.py:175} INFO - Processing /home/kallox/airflow/dags/get_antigens.py took 0.291 seconds
[2023-01-08T21:37:57.494-0300] {processor.py:153} INFO - Started process (PID=29779) to work on /home/kallox/airflow/dags/get_antigens.py
[2023-01-08T21:37:57.502-0300] {processor.py:743} INFO - Processing file /home/kallox/airflow/dags/get_antigens.py for tasks to queue
[2023-01-08T21:37:57.502-0300] {logging_mixin.py:137} INFO - [2023-01-08T21:37:57.502-0300] {dagbag.py:538} INFO - Filling up the DagBag from /home/kallox/airflow/dags/get_antigens.py
[2023-01-08T21:37:57.624-0300] {processor.py:753} INFO - DAG(s) dict_keys(['get_antigens']) retrieved from /home/kallox/airflow/dags/get_antigens.py
[2023-01-08T21:37:57.650-0300] {logging_mixin.py:137} INFO - [2023-01-08T21:37:57.650-0300] {dag.py:2676} INFO - Sync 1 DAGs
[2023-01-08T21:37:57.757-0300] {logging_mixin.py:137} INFO - [2023-01-08T21:37:57.757-0300] {dag.py:3427} INFO - Setting next_dagrun for get_antigens to 2022-12-01T00:00:00+00:00, run_after=2023-01-01T00:00:00+00:00
[2023-01-08T21:37:57.771-0300] {processor.py:175} INFO - Processing /home/kallox/airflow/dags/get_antigens.py took 0.280 seconds
[2023-01-08T21:38:28.108-0300] {processor.py:153} INFO - Started process (PID=29860) to work on /home/kallox/airflow/dags/get_antigens.py
[2023-01-08T21:38:28.116-0300] {processor.py:743} INFO - Processing file /home/kallox/airflow/dags/get_antigens.py for tasks to queue
[2023-01-08T21:38:28.116-0300] {logging_mixin.py:137} INFO - [2023-01-08T21:38:28.116-0300] {dagbag.py:538} INFO - Filling up the DagBag from /home/kallox/airflow/dags/get_antigens.py
[2023-01-08T21:38:28.248-0300] {processor.py:753} INFO - DAG(s) dict_keys(['get_antigens']) retrieved from /home/kallox/airflow/dags/get_antigens.py
[2023-01-08T21:38:28.360-0300] {logging_mixin.py:137} INFO - [2023-01-08T21:38:28.360-0300] {dag.py:2676} INFO - Sync 1 DAGs
[2023-01-08T21:38:28.378-0300] {logging_mixin.py:137} INFO - [2023-01-08T21:38:28.377-0300] {dag.py:3427} INFO - Setting next_dagrun for get_antigens to 2022-12-01T00:00:00+00:00, run_after=2023-01-01T00:00:00+00:00
[2023-01-08T21:38:28.393-0300] {processor.py:175} INFO - Processing /home/kallox/airflow/dags/get_antigens.py took 0.289 seconds
[2023-01-08T21:38:58.808-0300] {processor.py:153} INFO - Started process (PID=29939) to work on /home/kallox/airflow/dags/get_antigens.py
[2023-01-08T21:38:58.816-0300] {processor.py:743} INFO - Processing file /home/kallox/airflow/dags/get_antigens.py for tasks to queue
[2023-01-08T21:38:58.817-0300] {logging_mixin.py:137} INFO - [2023-01-08T21:38:58.817-0300] {dagbag.py:538} INFO - Filling up the DagBag from /home/kallox/airflow/dags/get_antigens.py
[2023-01-08T21:38:58.937-0300] {processor.py:753} INFO - DAG(s) dict_keys(['get_antigens']) retrieved from /home/kallox/airflow/dags/get_antigens.py
[2023-01-08T21:38:59.048-0300] {logging_mixin.py:137} INFO - [2023-01-08T21:38:59.048-0300] {dag.py:2676} INFO - Sync 1 DAGs
[2023-01-08T21:38:59.065-0300] {logging_mixin.py:137} INFO - [2023-01-08T21:38:59.065-0300] {dag.py:3427} INFO - Setting next_dagrun for get_antigens to 2022-12-01T00:00:00+00:00, run_after=2023-01-01T00:00:00+00:00
[2023-01-08T21:38:59.086-0300] {processor.py:175} INFO - Processing /home/kallox/airflow/dags/get_antigens.py took 0.281 seconds
[2023-01-08T21:39:29.481-0300] {processor.py:153} INFO - Started process (PID=30020) to work on /home/kallox/airflow/dags/get_antigens.py
[2023-01-08T21:39:29.489-0300] {processor.py:743} INFO - Processing file /home/kallox/airflow/dags/get_antigens.py for tasks to queue
[2023-01-08T21:39:29.490-0300] {logging_mixin.py:137} INFO - [2023-01-08T21:39:29.490-0300] {dagbag.py:538} INFO - Filling up the DagBag from /home/kallox/airflow/dags/get_antigens.py
[2023-01-08T21:39:29.694-0300] {processor.py:753} INFO - DAG(s) dict_keys(['get_antigens']) retrieved from /home/kallox/airflow/dags/get_antigens.py
[2023-01-08T21:39:29.715-0300] {logging_mixin.py:137} INFO - [2023-01-08T21:39:29.715-0300] {dag.py:2676} INFO - Sync 1 DAGs
[2023-01-08T21:39:29.732-0300] {logging_mixin.py:137} INFO - [2023-01-08T21:39:29.732-0300] {dag.py:3427} INFO - Setting next_dagrun for get_antigens to 2022-12-01T00:00:00+00:00, run_after=2023-01-01T00:00:00+00:00
[2023-01-08T21:39:29.754-0300] {processor.py:175} INFO - Processing /home/kallox/airflow/dags/get_antigens.py took 0.276 seconds
[2023-01-08T21:40:00.402-0300] {processor.py:153} INFO - Started process (PID=30104) to work on /home/kallox/airflow/dags/get_antigens.py
[2023-01-08T21:40:00.410-0300] {processor.py:743} INFO - Processing file /home/kallox/airflow/dags/get_antigens.py for tasks to queue
[2023-01-08T21:40:00.411-0300] {logging_mixin.py:137} INFO - [2023-01-08T21:40:00.411-0300] {dagbag.py:538} INFO - Filling up the DagBag from /home/kallox/airflow/dags/get_antigens.py
[2023-01-08T21:40:00.618-0300] {processor.py:753} INFO - DAG(s) dict_keys(['get_antigens']) retrieved from /home/kallox/airflow/dags/get_antigens.py
[2023-01-08T21:40:00.640-0300] {logging_mixin.py:137} INFO - [2023-01-08T21:40:00.640-0300] {dag.py:2676} INFO - Sync 1 DAGs
[2023-01-08T21:40:00.658-0300] {logging_mixin.py:137} INFO - [2023-01-08T21:40:00.658-0300] {dag.py:3427} INFO - Setting next_dagrun for get_antigens to 2022-12-01T00:00:00+00:00, run_after=2023-01-01T00:00:00+00:00
[2023-01-08T21:40:00.671-0300] {processor.py:175} INFO - Processing /home/kallox/airflow/dags/get_antigens.py took 0.271 seconds
[2023-01-08T21:40:30.844-0300] {processor.py:153} INFO - Started process (PID=30185) to work on /home/kallox/airflow/dags/get_antigens.py
[2023-01-08T21:40:30.852-0300] {processor.py:743} INFO - Processing file /home/kallox/airflow/dags/get_antigens.py for tasks to queue
[2023-01-08T21:40:30.853-0300] {logging_mixin.py:137} INFO - [2023-01-08T21:40:30.853-0300] {dagbag.py:538} INFO - Filling up the DagBag from /home/kallox/airflow/dags/get_antigens.py
[2023-01-08T21:40:31.050-0300] {processor.py:753} INFO - DAG(s) dict_keys(['get_antigens']) retrieved from /home/kallox/airflow/dags/get_antigens.py
[2023-01-08T21:40:31.073-0300] {logging_mixin.py:137} INFO - [2023-01-08T21:40:31.073-0300] {dag.py:2676} INFO - Sync 1 DAGs
[2023-01-08T21:40:31.092-0300] {logging_mixin.py:137} INFO - [2023-01-08T21:40:31.092-0300] {dag.py:3427} INFO - Setting next_dagrun for get_antigens to 2022-12-01T00:00:00+00:00, run_after=2023-01-01T00:00:00+00:00
[2023-01-08T21:40:31.107-0300] {processor.py:175} INFO - Processing /home/kallox/airflow/dags/get_antigens.py took 0.265 seconds
[2023-01-08T21:41:01.243-0300] {processor.py:153} INFO - Started process (PID=30265) to work on /home/kallox/airflow/dags/get_antigens.py
[2023-01-08T21:41:01.251-0300] {processor.py:743} INFO - Processing file /home/kallox/airflow/dags/get_antigens.py for tasks to queue
[2023-01-08T21:41:01.251-0300] {logging_mixin.py:137} INFO - [2023-01-08T21:41:01.251-0300] {dagbag.py:538} INFO - Filling up the DagBag from /home/kallox/airflow/dags/get_antigens.py
[2023-01-08T21:41:01.370-0300] {processor.py:753} INFO - DAG(s) dict_keys(['get_antigens']) retrieved from /home/kallox/airflow/dags/get_antigens.py
[2023-01-08T21:41:01.394-0300] {logging_mixin.py:137} INFO - [2023-01-08T21:41:01.394-0300] {dag.py:2676} INFO - Sync 1 DAGs
[2023-01-08T21:41:01.499-0300] {logging_mixin.py:137} INFO - [2023-01-08T21:41:01.499-0300] {dag.py:3427} INFO - Setting next_dagrun for get_antigens to 2022-12-01T00:00:00+00:00, run_after=2023-01-01T00:00:00+00:00
[2023-01-08T21:41:01.521-0300] {processor.py:175} INFO - Processing /home/kallox/airflow/dags/get_antigens.py took 0.282 seconds
[2023-01-08T21:41:31.903-0300] {processor.py:153} INFO - Started process (PID=30346) to work on /home/kallox/airflow/dags/get_antigens.py
[2023-01-08T21:41:31.911-0300] {processor.py:743} INFO - Processing file /home/kallox/airflow/dags/get_antigens.py for tasks to queue
[2023-01-08T21:41:31.912-0300] {logging_mixin.py:137} INFO - [2023-01-08T21:41:31.912-0300] {dagbag.py:538} INFO - Filling up the DagBag from /home/kallox/airflow/dags/get_antigens.py
[2023-01-08T21:41:32.031-0300] {processor.py:753} INFO - DAG(s) dict_keys(['get_antigens']) retrieved from /home/kallox/airflow/dags/get_antigens.py
[2023-01-08T21:41:32.146-0300] {logging_mixin.py:137} INFO - [2023-01-08T21:41:32.146-0300] {dag.py:2676} INFO - Sync 1 DAGs
[2023-01-08T21:41:32.162-0300] {logging_mixin.py:137} INFO - [2023-01-08T21:41:32.162-0300] {dag.py:3427} INFO - Setting next_dagrun for get_antigens to 2022-12-01T00:00:00+00:00, run_after=2023-01-01T00:00:00+00:00
[2023-01-08T21:41:32.182-0300] {processor.py:175} INFO - Processing /home/kallox/airflow/dags/get_antigens.py took 0.282 seconds
[2023-01-08T21:42:02.844-0300] {processor.py:153} INFO - Started process (PID=30425) to work on /home/kallox/airflow/dags/get_antigens.py
[2023-01-08T21:42:02.852-0300] {processor.py:743} INFO - Processing file /home/kallox/airflow/dags/get_antigens.py for tasks to queue
[2023-01-08T21:42:02.853-0300] {logging_mixin.py:137} INFO - [2023-01-08T21:42:02.853-0300] {dagbag.py:538} INFO - Filling up the DagBag from /home/kallox/airflow/dags/get_antigens.py
[2023-01-08T21:42:02.968-0300] {processor.py:753} INFO - DAG(s) dict_keys(['get_antigens']) retrieved from /home/kallox/airflow/dags/get_antigens.py
[2023-01-08T21:42:03.082-0300] {logging_mixin.py:137} INFO - [2023-01-08T21:42:03.081-0300] {dag.py:2676} INFO - Sync 1 DAGs
[2023-01-08T21:42:03.098-0300] {logging_mixin.py:137} INFO - [2023-01-08T21:42:03.098-0300] {dag.py:3427} INFO - Setting next_dagrun for get_antigens to 2022-12-01T00:00:00+00:00, run_after=2023-01-01T00:00:00+00:00
[2023-01-08T21:42:03.120-0300] {processor.py:175} INFO - Processing /home/kallox/airflow/dags/get_antigens.py took 0.278 seconds
[2023-01-08T21:42:33.471-0300] {processor.py:153} INFO - Started process (PID=30507) to work on /home/kallox/airflow/dags/get_antigens.py
[2023-01-08T21:42:33.479-0300] {processor.py:743} INFO - Processing file /home/kallox/airflow/dags/get_antigens.py for tasks to queue
[2023-01-08T21:42:33.480-0300] {logging_mixin.py:137} INFO - [2023-01-08T21:42:33.480-0300] {dagbag.py:538} INFO - Filling up the DagBag from /home/kallox/airflow/dags/get_antigens.py
[2023-01-08T21:42:33.691-0300] {processor.py:753} INFO - DAG(s) dict_keys(['get_antigens']) retrieved from /home/kallox/airflow/dags/get_antigens.py
[2023-01-08T21:42:33.713-0300] {logging_mixin.py:137} INFO - [2023-01-08T21:42:33.713-0300] {dag.py:2676} INFO - Sync 1 DAGs
[2023-01-08T21:42:33.731-0300] {logging_mixin.py:137} INFO - [2023-01-08T21:42:33.731-0300] {dag.py:3427} INFO - Setting next_dagrun for get_antigens to 2022-12-01T00:00:00+00:00, run_after=2023-01-01T00:00:00+00:00
[2023-01-08T21:42:33.754-0300] {processor.py:175} INFO - Processing /home/kallox/airflow/dags/get_antigens.py took 0.285 seconds
[2023-01-08T21:43:04.348-0300] {processor.py:153} INFO - Started process (PID=30608) to work on /home/kallox/airflow/dags/get_antigens.py
[2023-01-08T21:43:04.349-0300] {processor.py:743} INFO - Processing file /home/kallox/airflow/dags/get_antigens.py for tasks to queue
[2023-01-08T21:43:04.349-0300] {logging_mixin.py:137} INFO - [2023-01-08T21:43:04.349-0300] {dagbag.py:538} INFO - Filling up the DagBag from /home/kallox/airflow/dags/get_antigens.py
[2023-01-08T21:43:04.584-0300] {processor.py:753} INFO - DAG(s) dict_keys(['get_antigens']) retrieved from /home/kallox/airflow/dags/get_antigens.py
[2023-01-08T21:43:04.604-0300] {logging_mixin.py:137} INFO - [2023-01-08T21:43:04.604-0300] {dag.py:2676} INFO - Sync 1 DAGs
[2023-01-08T21:43:04.622-0300] {logging_mixin.py:137} INFO - [2023-01-08T21:43:04.622-0300] {dag.py:3427} INFO - Setting next_dagrun for get_antigens to 2022-12-01T00:00:00+00:00, run_after=2023-01-01T00:00:00+00:00
[2023-01-08T21:43:04.635-0300] {processor.py:175} INFO - Processing /home/kallox/airflow/dags/get_antigens.py took 0.290 seconds
