[2023-01-08T21:00:16.688-0300] {processor.py:153} INFO - Started process (PID=23089) to work on /home/kallox/airflow/dags/get_epitopes.py
[2023-01-08T21:00:16.688-0300] {processor.py:743} INFO - Processing file /home/kallox/airflow/dags/get_epitopes.py for tasks to queue
[2023-01-08T21:00:16.689-0300] {logging_mixin.py:137} INFO - [2023-01-08T21:00:16.688-0300] {dagbag.py:538} INFO - Filling up the DagBag from /home/kallox/airflow/dags/get_epitopes.py
[2023-01-08T21:00:16.938-0300] {processor.py:753} INFO - DAG(s) dict_keys(['get_epitopes']) retrieved from /home/kallox/airflow/dags/get_epitopes.py
[2023-01-08T21:00:16.961-0300] {logging_mixin.py:137} INFO - [2023-01-08T21:00:16.961-0300] {dag.py:2676} INFO - Sync 1 DAGs
[2023-01-08T21:00:16.979-0300] {logging_mixin.py:137} INFO - [2023-01-08T21:00:16.979-0300] {dag.py:3427} INFO - Setting next_dagrun for get_epitopes to 2023-01-01T00:00:00+00:00, run_after=2023-02-01T00:00:00+00:00
[2023-01-08T21:00:16.995-0300] {processor.py:175} INFO - Processing /home/kallox/airflow/dags/get_epitopes.py took 0.309 seconds
[2023-01-08T21:00:47.221-0300] {processor.py:153} INFO - Started process (PID=23207) to work on /home/kallox/airflow/dags/get_epitopes.py
[2023-01-08T21:00:47.222-0300] {processor.py:743} INFO - Processing file /home/kallox/airflow/dags/get_epitopes.py for tasks to queue
[2023-01-08T21:00:47.222-0300] {logging_mixin.py:137} INFO - [2023-01-08T21:00:47.222-0300] {dagbag.py:538} INFO - Filling up the DagBag from /home/kallox/airflow/dags/get_epitopes.py
[2023-01-08T21:00:47.475-0300] {processor.py:753} INFO - DAG(s) dict_keys(['get_epitopes']) retrieved from /home/kallox/airflow/dags/get_epitopes.py
[2023-01-08T21:00:47.500-0300] {logging_mixin.py:137} INFO - [2023-01-08T21:00:47.500-0300] {dag.py:2676} INFO - Sync 1 DAGs
[2023-01-08T21:00:47.521-0300] {logging_mixin.py:137} INFO - [2023-01-08T21:00:47.521-0300] {dag.py:3427} INFO - Setting next_dagrun for get_epitopes to 2023-01-01T00:00:00+00:00, run_after=2023-02-01T00:00:00+00:00
[2023-01-08T21:00:47.537-0300] {processor.py:175} INFO - Processing /home/kallox/airflow/dags/get_epitopes.py took 0.319 seconds
[2023-01-08T21:01:17.837-0300] {processor.py:153} INFO - Started process (PID=23316) to work on /home/kallox/airflow/dags/get_epitopes.py
[2023-01-08T21:01:17.837-0300] {processor.py:743} INFO - Processing file /home/kallox/airflow/dags/get_epitopes.py for tasks to queue
[2023-01-08T21:01:17.838-0300] {logging_mixin.py:137} INFO - [2023-01-08T21:01:17.838-0300] {dagbag.py:538} INFO - Filling up the DagBag from /home/kallox/airflow/dags/get_epitopes.py
[2023-01-08T21:01:18.075-0300] {processor.py:753} INFO - DAG(s) dict_keys(['get_epitopes']) retrieved from /home/kallox/airflow/dags/get_epitopes.py
[2023-01-08T21:01:18.101-0300] {logging_mixin.py:137} INFO - [2023-01-08T21:01:18.101-0300] {dag.py:2676} INFO - Sync 1 DAGs
[2023-01-08T21:01:18.133-0300] {logging_mixin.py:137} INFO - [2023-01-08T21:01:18.133-0300] {dag.py:3427} INFO - Setting next_dagrun for get_epitopes to 2023-01-01T00:00:00+00:00, run_after=2023-02-01T00:00:00+00:00
[2023-01-08T21:01:18.153-0300] {processor.py:175} INFO - Processing /home/kallox/airflow/dags/get_epitopes.py took 0.319 seconds
[2023-01-08T21:01:48.437-0300] {processor.py:153} INFO - Started process (PID=23436) to work on /home/kallox/airflow/dags/get_epitopes.py
[2023-01-08T21:01:48.438-0300] {processor.py:743} INFO - Processing file /home/kallox/airflow/dags/get_epitopes.py for tasks to queue
[2023-01-08T21:01:48.438-0300] {logging_mixin.py:137} INFO - [2023-01-08T21:01:48.438-0300] {dagbag.py:538} INFO - Filling up the DagBag from /home/kallox/airflow/dags/get_epitopes.py
[2023-01-08T21:01:48.693-0300] {processor.py:753} INFO - DAG(s) dict_keys(['get_epitopes']) retrieved from /home/kallox/airflow/dags/get_epitopes.py
[2023-01-08T21:01:48.718-0300] {logging_mixin.py:137} INFO - [2023-01-08T21:01:48.717-0300] {dag.py:2676} INFO - Sync 1 DAGs
[2023-01-08T21:01:48.736-0300] {logging_mixin.py:137} INFO - [2023-01-08T21:01:48.736-0300] {dag.py:3427} INFO - Setting next_dagrun for get_epitopes to 2023-01-01T00:00:00+00:00, run_after=2023-02-01T00:00:00+00:00
[2023-01-08T21:01:48.751-0300] {processor.py:175} INFO - Processing /home/kallox/airflow/dags/get_epitopes.py took 0.316 seconds
[2023-01-08T21:02:19.041-0300] {processor.py:153} INFO - Started process (PID=23528) to work on /home/kallox/airflow/dags/get_epitopes.py
[2023-01-08T21:02:19.042-0300] {processor.py:743} INFO - Processing file /home/kallox/airflow/dags/get_epitopes.py for tasks to queue
[2023-01-08T21:02:19.043-0300] {logging_mixin.py:137} INFO - [2023-01-08T21:02:19.042-0300] {dagbag.py:538} INFO - Filling up the DagBag from /home/kallox/airflow/dags/get_epitopes.py
[2023-01-08T21:02:19.300-0300] {processor.py:753} INFO - DAG(s) dict_keys(['get_epitopes']) retrieved from /home/kallox/airflow/dags/get_epitopes.py
[2023-01-08T21:02:19.321-0300] {logging_mixin.py:137} INFO - [2023-01-08T21:02:19.321-0300] {dag.py:2676} INFO - Sync 1 DAGs
[2023-01-08T21:02:19.339-0300] {logging_mixin.py:137} INFO - [2023-01-08T21:02:19.339-0300] {dag.py:3427} INFO - Setting next_dagrun for get_epitopes to 2023-01-01T00:00:00+00:00, run_after=2023-02-01T00:00:00+00:00
[2023-01-08T21:02:19.353-0300] {processor.py:175} INFO - Processing /home/kallox/airflow/dags/get_epitopes.py took 0.315 seconds
[2023-01-08T21:02:49.644-0300] {processor.py:153} INFO - Started process (PID=23621) to work on /home/kallox/airflow/dags/get_epitopes.py
[2023-01-08T21:02:49.645-0300] {processor.py:743} INFO - Processing file /home/kallox/airflow/dags/get_epitopes.py for tasks to queue
[2023-01-08T21:02:49.646-0300] {logging_mixin.py:137} INFO - [2023-01-08T21:02:49.646-0300] {dagbag.py:538} INFO - Filling up the DagBag from /home/kallox/airflow/dags/get_epitopes.py
[2023-01-08T21:02:49.901-0300] {processor.py:753} INFO - DAG(s) dict_keys(['get_epitopes']) retrieved from /home/kallox/airflow/dags/get_epitopes.py
[2023-01-08T21:02:49.924-0300] {logging_mixin.py:137} INFO - [2023-01-08T21:02:49.924-0300] {dag.py:2676} INFO - Sync 1 DAGs
[2023-01-08T21:02:49.943-0300] {logging_mixin.py:137} INFO - [2023-01-08T21:02:49.943-0300] {dag.py:3427} INFO - Setting next_dagrun for get_epitopes to 2023-01-01T00:00:00+00:00, run_after=2023-02-01T00:00:00+00:00
[2023-01-08T21:02:49.961-0300] {processor.py:175} INFO - Processing /home/kallox/airflow/dags/get_epitopes.py took 0.319 seconds
[2023-01-08T21:03:20.215-0300] {processor.py:153} INFO - Started process (PID=23714) to work on /home/kallox/airflow/dags/get_epitopes.py
[2023-01-08T21:03:20.216-0300] {processor.py:743} INFO - Processing file /home/kallox/airflow/dags/get_epitopes.py for tasks to queue
[2023-01-08T21:03:20.216-0300] {logging_mixin.py:137} INFO - [2023-01-08T21:03:20.216-0300] {dagbag.py:538} INFO - Filling up the DagBag from /home/kallox/airflow/dags/get_epitopes.py
[2023-01-08T21:03:20.463-0300] {processor.py:753} INFO - DAG(s) dict_keys(['get_epitopes']) retrieved from /home/kallox/airflow/dags/get_epitopes.py
[2023-01-08T21:03:20.487-0300] {logging_mixin.py:137} INFO - [2023-01-08T21:03:20.487-0300] {dag.py:2676} INFO - Sync 1 DAGs
[2023-01-08T21:03:20.507-0300] {logging_mixin.py:137} INFO - [2023-01-08T21:03:20.507-0300] {dag.py:3427} INFO - Setting next_dagrun for get_epitopes to 2023-01-01T00:00:00+00:00, run_after=2023-02-01T00:00:00+00:00
[2023-01-08T21:03:20.522-0300] {processor.py:175} INFO - Processing /home/kallox/airflow/dags/get_epitopes.py took 0.309 seconds
[2023-01-08T21:03:50.790-0300] {processor.py:153} INFO - Started process (PID=23807) to work on /home/kallox/airflow/dags/get_epitopes.py
[2023-01-08T21:03:50.791-0300] {processor.py:743} INFO - Processing file /home/kallox/airflow/dags/get_epitopes.py for tasks to queue
[2023-01-08T21:03:50.791-0300] {logging_mixin.py:137} INFO - [2023-01-08T21:03:50.791-0300] {dagbag.py:538} INFO - Filling up the DagBag from /home/kallox/airflow/dags/get_epitopes.py
[2023-01-08T21:03:51.033-0300] {processor.py:753} INFO - DAG(s) dict_keys(['get_epitopes']) retrieved from /home/kallox/airflow/dags/get_epitopes.py
[2023-01-08T21:03:51.056-0300] {logging_mixin.py:137} INFO - [2023-01-08T21:03:51.056-0300] {dag.py:2676} INFO - Sync 1 DAGs
[2023-01-08T21:03:51.076-0300] {logging_mixin.py:137} INFO - [2023-01-08T21:03:51.076-0300] {dag.py:3427} INFO - Setting next_dagrun for get_epitopes to 2023-01-01T00:00:00+00:00, run_after=2023-02-01T00:00:00+00:00
[2023-01-08T21:03:51.092-0300] {processor.py:175} INFO - Processing /home/kallox/airflow/dags/get_epitopes.py took 0.304 seconds
[2023-01-08T21:04:21.330-0300] {processor.py:153} INFO - Started process (PID=23904) to work on /home/kallox/airflow/dags/get_epitopes.py
[2023-01-08T21:04:21.331-0300] {processor.py:743} INFO - Processing file /home/kallox/airflow/dags/get_epitopes.py for tasks to queue
[2023-01-08T21:04:21.332-0300] {logging_mixin.py:137} INFO - [2023-01-08T21:04:21.331-0300] {dagbag.py:538} INFO - Filling up the DagBag from /home/kallox/airflow/dags/get_epitopes.py
[2023-01-08T21:04:21.559-0300] {processor.py:753} INFO - DAG(s) dict_keys(['get_epitopes']) retrieved from /home/kallox/airflow/dags/get_epitopes.py
[2023-01-08T21:04:21.581-0300] {logging_mixin.py:137} INFO - [2023-01-08T21:04:21.581-0300] {dag.py:2676} INFO - Sync 1 DAGs
[2023-01-08T21:04:21.600-0300] {logging_mixin.py:137} INFO - [2023-01-08T21:04:21.600-0300] {dag.py:3427} INFO - Setting next_dagrun for get_epitopes to 2023-01-01T00:00:00+00:00, run_after=2023-02-01T00:00:00+00:00
[2023-01-08T21:04:21.615-0300] {processor.py:175} INFO - Processing /home/kallox/airflow/dags/get_epitopes.py took 0.287 seconds
[2023-01-08T21:04:52.618-0300] {processor.py:153} INFO - Started process (PID=24002) to work on /home/kallox/airflow/dags/get_epitopes.py
[2023-01-08T21:04:52.619-0300] {processor.py:743} INFO - Processing file /home/kallox/airflow/dags/get_epitopes.py for tasks to queue
[2023-01-08T21:04:52.620-0300] {logging_mixin.py:137} INFO - [2023-01-08T21:04:52.619-0300] {dagbag.py:538} INFO - Filling up the DagBag from /home/kallox/airflow/dags/get_epitopes.py
[2023-01-08T21:04:52.868-0300] {processor.py:753} INFO - DAG(s) dict_keys(['get_epitopes']) retrieved from /home/kallox/airflow/dags/get_epitopes.py
[2023-01-08T21:04:52.891-0300] {logging_mixin.py:137} INFO - [2023-01-08T21:04:52.890-0300] {dag.py:2676} INFO - Sync 1 DAGs
[2023-01-08T21:04:52.910-0300] {logging_mixin.py:137} INFO - [2023-01-08T21:04:52.910-0300] {dag.py:3427} INFO - Setting next_dagrun for get_epitopes to 2023-01-01T00:00:00+00:00, run_after=2023-02-01T00:00:00+00:00
[2023-01-08T21:04:52.929-0300] {processor.py:175} INFO - Processing /home/kallox/airflow/dags/get_epitopes.py took 0.312 seconds
[2023-01-08T21:05:23.185-0300] {processor.py:153} INFO - Started process (PID=24097) to work on /home/kallox/airflow/dags/get_epitopes.py
[2023-01-08T21:05:23.185-0300] {processor.py:743} INFO - Processing file /home/kallox/airflow/dags/get_epitopes.py for tasks to queue
[2023-01-08T21:05:23.186-0300] {logging_mixin.py:137} INFO - [2023-01-08T21:05:23.186-0300] {dagbag.py:538} INFO - Filling up the DagBag from /home/kallox/airflow/dags/get_epitopes.py
[2023-01-08T21:05:23.442-0300] {processor.py:753} INFO - DAG(s) dict_keys(['get_epitopes']) retrieved from /home/kallox/airflow/dags/get_epitopes.py
[2023-01-08T21:05:23.466-0300] {logging_mixin.py:137} INFO - [2023-01-08T21:05:23.466-0300] {dag.py:2676} INFO - Sync 1 DAGs
[2023-01-08T21:05:23.486-0300] {logging_mixin.py:137} INFO - [2023-01-08T21:05:23.486-0300] {dag.py:3427} INFO - Setting next_dagrun for get_epitopes to 2023-01-01T00:00:00+00:00, run_after=2023-02-01T00:00:00+00:00
[2023-01-08T21:05:23.504-0300] {processor.py:175} INFO - Processing /home/kallox/airflow/dags/get_epitopes.py took 0.322 seconds
[2023-01-08T21:05:53.801-0300] {processor.py:153} INFO - Started process (PID=24191) to work on /home/kallox/airflow/dags/get_epitopes.py
[2023-01-08T21:05:53.802-0300] {processor.py:743} INFO - Processing file /home/kallox/airflow/dags/get_epitopes.py for tasks to queue
[2023-01-08T21:05:53.802-0300] {logging_mixin.py:137} INFO - [2023-01-08T21:05:53.802-0300] {dagbag.py:538} INFO - Filling up the DagBag from /home/kallox/airflow/dags/get_epitopes.py
[2023-01-08T21:05:54.057-0300] {processor.py:753} INFO - DAG(s) dict_keys(['get_epitopes']) retrieved from /home/kallox/airflow/dags/get_epitopes.py
[2023-01-08T21:05:54.081-0300] {logging_mixin.py:137} INFO - [2023-01-08T21:05:54.081-0300] {dag.py:2676} INFO - Sync 1 DAGs
[2023-01-08T21:05:54.102-0300] {logging_mixin.py:137} INFO - [2023-01-08T21:05:54.102-0300] {dag.py:3427} INFO - Setting next_dagrun for get_epitopes to 2023-01-01T00:00:00+00:00, run_after=2023-02-01T00:00:00+00:00
[2023-01-08T21:05:54.117-0300] {processor.py:175} INFO - Processing /home/kallox/airflow/dags/get_epitopes.py took 0.319 seconds
[2023-01-08T21:06:24.444-0300] {processor.py:153} INFO - Started process (PID=24284) to work on /home/kallox/airflow/dags/get_epitopes.py
[2023-01-08T21:06:24.445-0300] {processor.py:743} INFO - Processing file /home/kallox/airflow/dags/get_epitopes.py for tasks to queue
[2023-01-08T21:06:24.445-0300] {logging_mixin.py:137} INFO - [2023-01-08T21:06:24.445-0300] {dagbag.py:538} INFO - Filling up the DagBag from /home/kallox/airflow/dags/get_epitopes.py
[2023-01-08T21:06:24.705-0300] {processor.py:753} INFO - DAG(s) dict_keys(['get_epitopes']) retrieved from /home/kallox/airflow/dags/get_epitopes.py
[2023-01-08T21:06:24.729-0300] {logging_mixin.py:137} INFO - [2023-01-08T21:06:24.729-0300] {dag.py:2676} INFO - Sync 1 DAGs
[2023-01-08T21:06:24.749-0300] {logging_mixin.py:137} INFO - [2023-01-08T21:06:24.749-0300] {dag.py:3427} INFO - Setting next_dagrun for get_epitopes to 2023-01-01T00:00:00+00:00, run_after=2023-02-01T00:00:00+00:00
[2023-01-08T21:06:24.767-0300] {processor.py:175} INFO - Processing /home/kallox/airflow/dags/get_epitopes.py took 0.326 seconds
[2023-01-08T21:06:55.013-0300] {processor.py:153} INFO - Started process (PID=24376) to work on /home/kallox/airflow/dags/get_epitopes.py
[2023-01-08T21:06:55.014-0300] {processor.py:743} INFO - Processing file /home/kallox/airflow/dags/get_epitopes.py for tasks to queue
[2023-01-08T21:06:55.014-0300] {logging_mixin.py:137} INFO - [2023-01-08T21:06:55.014-0300] {dagbag.py:538} INFO - Filling up the DagBag from /home/kallox/airflow/dags/get_epitopes.py
[2023-01-08T21:06:55.272-0300] {processor.py:753} INFO - DAG(s) dict_keys(['get_epitopes']) retrieved from /home/kallox/airflow/dags/get_epitopes.py
[2023-01-08T21:06:55.298-0300] {logging_mixin.py:137} INFO - [2023-01-08T21:06:55.297-0300] {dag.py:2676} INFO - Sync 1 DAGs
[2023-01-08T21:06:55.316-0300] {logging_mixin.py:137} INFO - [2023-01-08T21:06:55.316-0300] {dag.py:3427} INFO - Setting next_dagrun for get_epitopes to 2023-01-01T00:00:00+00:00, run_after=2023-02-01T00:00:00+00:00
[2023-01-08T21:06:55.332-0300] {processor.py:175} INFO - Processing /home/kallox/airflow/dags/get_epitopes.py took 0.322 seconds
[2023-01-08T21:07:25.608-0300] {processor.py:153} INFO - Started process (PID=24467) to work on /home/kallox/airflow/dags/get_epitopes.py
[2023-01-08T21:07:25.609-0300] {processor.py:743} INFO - Processing file /home/kallox/airflow/dags/get_epitopes.py for tasks to queue
[2023-01-08T21:07:25.610-0300] {logging_mixin.py:137} INFO - [2023-01-08T21:07:25.610-0300] {dagbag.py:538} INFO - Filling up the DagBag from /home/kallox/airflow/dags/get_epitopes.py
[2023-01-08T21:07:25.853-0300] {processor.py:753} INFO - DAG(s) dict_keys(['get_epitopes']) retrieved from /home/kallox/airflow/dags/get_epitopes.py
[2023-01-08T21:07:25.875-0300] {logging_mixin.py:137} INFO - [2023-01-08T21:07:25.875-0300] {dag.py:2676} INFO - Sync 1 DAGs
[2023-01-08T21:07:25.896-0300] {logging_mixin.py:137} INFO - [2023-01-08T21:07:25.896-0300] {dag.py:3427} INFO - Setting next_dagrun for get_epitopes to 2023-01-01T00:00:00+00:00, run_after=2023-02-01T00:00:00+00:00
[2023-01-08T21:07:25.914-0300] {processor.py:175} INFO - Processing /home/kallox/airflow/dags/get_epitopes.py took 0.309 seconds
[2023-01-08T21:07:56.169-0300] {processor.py:153} INFO - Started process (PID=24559) to work on /home/kallox/airflow/dags/get_epitopes.py
[2023-01-08T21:07:56.170-0300] {processor.py:743} INFO - Processing file /home/kallox/airflow/dags/get_epitopes.py for tasks to queue
[2023-01-08T21:07:56.171-0300] {logging_mixin.py:137} INFO - [2023-01-08T21:07:56.171-0300] {dagbag.py:538} INFO - Filling up the DagBag from /home/kallox/airflow/dags/get_epitopes.py
[2023-01-08T21:07:56.428-0300] {processor.py:753} INFO - DAG(s) dict_keys(['get_epitopes']) retrieved from /home/kallox/airflow/dags/get_epitopes.py
[2023-01-08T21:07:56.452-0300] {logging_mixin.py:137} INFO - [2023-01-08T21:07:56.452-0300] {dag.py:2676} INFO - Sync 1 DAGs
[2023-01-08T21:07:56.471-0300] {logging_mixin.py:137} INFO - [2023-01-08T21:07:56.470-0300] {dag.py:3427} INFO - Setting next_dagrun for get_epitopes to 2023-01-01T00:00:00+00:00, run_after=2023-02-01T00:00:00+00:00
[2023-01-08T21:07:56.485-0300] {processor.py:175} INFO - Processing /home/kallox/airflow/dags/get_epitopes.py took 0.318 seconds
[2023-01-08T21:08:26.766-0300] {processor.py:153} INFO - Started process (PID=24651) to work on /home/kallox/airflow/dags/get_epitopes.py
[2023-01-08T21:08:26.767-0300] {processor.py:743} INFO - Processing file /home/kallox/airflow/dags/get_epitopes.py for tasks to queue
[2023-01-08T21:08:26.767-0300] {logging_mixin.py:137} INFO - [2023-01-08T21:08:26.767-0300] {dagbag.py:538} INFO - Filling up the DagBag from /home/kallox/airflow/dags/get_epitopes.py
[2023-01-08T21:08:27.011-0300] {processor.py:753} INFO - DAG(s) dict_keys(['get_epitopes']) retrieved from /home/kallox/airflow/dags/get_epitopes.py
[2023-01-08T21:08:27.034-0300] {logging_mixin.py:137} INFO - [2023-01-08T21:08:27.034-0300] {dag.py:2676} INFO - Sync 1 DAGs
[2023-01-08T21:08:27.054-0300] {logging_mixin.py:137} INFO - [2023-01-08T21:08:27.054-0300] {dag.py:3427} INFO - Setting next_dagrun for get_epitopes to 2023-01-01T00:00:00+00:00, run_after=2023-02-01T00:00:00+00:00
[2023-01-08T21:08:27.069-0300] {processor.py:175} INFO - Processing /home/kallox/airflow/dags/get_epitopes.py took 0.306 seconds
[2023-01-08T21:08:57.334-0300] {processor.py:153} INFO - Started process (PID=24742) to work on /home/kallox/airflow/dags/get_epitopes.py
[2023-01-08T21:08:57.335-0300] {processor.py:743} INFO - Processing file /home/kallox/airflow/dags/get_epitopes.py for tasks to queue
[2023-01-08T21:08:57.335-0300] {logging_mixin.py:137} INFO - [2023-01-08T21:08:57.335-0300] {dagbag.py:538} INFO - Filling up the DagBag from /home/kallox/airflow/dags/get_epitopes.py
[2023-01-08T21:08:57.593-0300] {processor.py:753} INFO - DAG(s) dict_keys(['get_epitopes']) retrieved from /home/kallox/airflow/dags/get_epitopes.py
[2023-01-08T21:08:57.618-0300] {logging_mixin.py:137} INFO - [2023-01-08T21:08:57.618-0300] {dag.py:2676} INFO - Sync 1 DAGs
[2023-01-08T21:08:57.640-0300] {logging_mixin.py:137} INFO - [2023-01-08T21:08:57.640-0300] {dag.py:3427} INFO - Setting next_dagrun for get_epitopes to 2023-01-01T00:00:00+00:00, run_after=2023-02-01T00:00:00+00:00
[2023-01-08T21:08:57.659-0300] {processor.py:175} INFO - Processing /home/kallox/airflow/dags/get_epitopes.py took 0.327 seconds
[2023-01-08T21:09:28.561-0300] {processor.py:153} INFO - Started process (PID=24835) to work on /home/kallox/airflow/dags/get_epitopes.py
[2023-01-08T21:09:28.561-0300] {processor.py:743} INFO - Processing file /home/kallox/airflow/dags/get_epitopes.py for tasks to queue
[2023-01-08T21:09:28.562-0300] {logging_mixin.py:137} INFO - [2023-01-08T21:09:28.562-0300] {dagbag.py:538} INFO - Filling up the DagBag from /home/kallox/airflow/dags/get_epitopes.py
[2023-01-08T21:09:28.837-0300] {processor.py:753} INFO - DAG(s) dict_keys(['get_epitopes']) retrieved from /home/kallox/airflow/dags/get_epitopes.py
[2023-01-08T21:09:28.863-0300] {logging_mixin.py:137} INFO - [2023-01-08T21:09:28.863-0300] {dag.py:2676} INFO - Sync 1 DAGs
[2023-01-08T21:09:28.883-0300] {logging_mixin.py:137} INFO - [2023-01-08T21:09:28.883-0300] {dag.py:3427} INFO - Setting next_dagrun for get_epitopes to 2023-01-01T00:00:00+00:00, run_after=2023-02-01T00:00:00+00:00
[2023-01-08T21:09:28.899-0300] {processor.py:175} INFO - Processing /home/kallox/airflow/dags/get_epitopes.py took 0.341 seconds
[2023-01-08T21:09:59.253-0300] {processor.py:153} INFO - Started process (PID=24934) to work on /home/kallox/airflow/dags/get_epitopes.py
[2023-01-08T21:09:59.254-0300] {processor.py:743} INFO - Processing file /home/kallox/airflow/dags/get_epitopes.py for tasks to queue
[2023-01-08T21:09:59.255-0300] {logging_mixin.py:137} INFO - [2023-01-08T21:09:59.255-0300] {dagbag.py:538} INFO - Filling up the DagBag from /home/kallox/airflow/dags/get_epitopes.py
[2023-01-08T21:09:59.503-0300] {processor.py:753} INFO - DAG(s) dict_keys(['get_epitopes']) retrieved from /home/kallox/airflow/dags/get_epitopes.py
[2023-01-08T21:09:59.529-0300] {logging_mixin.py:137} INFO - [2023-01-08T21:09:59.529-0300] {dag.py:2676} INFO - Sync 1 DAGs
[2023-01-08T21:09:59.551-0300] {logging_mixin.py:137} INFO - [2023-01-08T21:09:59.550-0300] {dag.py:3427} INFO - Setting next_dagrun for get_epitopes to 2023-01-01T00:00:00+00:00, run_after=2023-02-01T00:00:00+00:00
[2023-01-08T21:09:59.567-0300] {processor.py:175} INFO - Processing /home/kallox/airflow/dags/get_epitopes.py took 0.316 seconds
[2023-01-08T21:10:29.855-0300] {processor.py:153} INFO - Started process (PID=25024) to work on /home/kallox/airflow/dags/get_epitopes.py
[2023-01-08T21:10:29.855-0300] {processor.py:743} INFO - Processing file /home/kallox/airflow/dags/get_epitopes.py for tasks to queue
[2023-01-08T21:10:29.856-0300] {logging_mixin.py:137} INFO - [2023-01-08T21:10:29.856-0300] {dagbag.py:538} INFO - Filling up the DagBag from /home/kallox/airflow/dags/get_epitopes.py
[2023-01-08T21:10:30.104-0300] {processor.py:753} INFO - DAG(s) dict_keys(['get_epitopes']) retrieved from /home/kallox/airflow/dags/get_epitopes.py
[2023-01-08T21:10:30.127-0300] {logging_mixin.py:137} INFO - [2023-01-08T21:10:30.127-0300] {dag.py:2676} INFO - Sync 1 DAGs
[2023-01-08T21:10:30.148-0300] {logging_mixin.py:137} INFO - [2023-01-08T21:10:30.148-0300] {dag.py:3427} INFO - Setting next_dagrun for get_epitopes to 2023-01-01T00:00:00+00:00, run_after=2023-02-01T00:00:00+00:00
[2023-01-08T21:10:30.165-0300] {processor.py:175} INFO - Processing /home/kallox/airflow/dags/get_epitopes.py took 0.313 seconds
[2023-01-08T21:11:00.462-0300] {processor.py:153} INFO - Started process (PID=25120) to work on /home/kallox/airflow/dags/get_epitopes.py
[2023-01-08T21:11:00.463-0300] {processor.py:743} INFO - Processing file /home/kallox/airflow/dags/get_epitopes.py for tasks to queue
[2023-01-08T21:11:00.463-0300] {logging_mixin.py:137} INFO - [2023-01-08T21:11:00.463-0300] {dagbag.py:538} INFO - Filling up the DagBag from /home/kallox/airflow/dags/get_epitopes.py
[2023-01-08T21:11:00.692-0300] {processor.py:753} INFO - DAG(s) dict_keys(['get_epitopes']) retrieved from /home/kallox/airflow/dags/get_epitopes.py
[2023-01-08T21:11:00.714-0300] {logging_mixin.py:137} INFO - [2023-01-08T21:11:00.713-0300] {dag.py:2676} INFO - Sync 1 DAGs
[2023-01-08T21:11:00.732-0300] {logging_mixin.py:137} INFO - [2023-01-08T21:11:00.731-0300] {dag.py:3427} INFO - Setting next_dagrun for get_epitopes to 2023-01-01T00:00:00+00:00, run_after=2023-02-01T00:00:00+00:00
[2023-01-08T21:11:00.747-0300] {processor.py:175} INFO - Processing /home/kallox/airflow/dags/get_epitopes.py took 0.288 seconds
[2023-01-08T21:11:30.960-0300] {processor.py:153} INFO - Started process (PID=25213) to work on /home/kallox/airflow/dags/get_epitopes.py
[2023-01-08T21:11:30.960-0300] {processor.py:743} INFO - Processing file /home/kallox/airflow/dags/get_epitopes.py for tasks to queue
[2023-01-08T21:11:30.961-0300] {logging_mixin.py:137} INFO - [2023-01-08T21:11:30.961-0300] {dagbag.py:538} INFO - Filling up the DagBag from /home/kallox/airflow/dags/get_epitopes.py
[2023-01-08T21:11:31.214-0300] {processor.py:753} INFO - DAG(s) dict_keys(['get_epitopes']) retrieved from /home/kallox/airflow/dags/get_epitopes.py
[2023-01-08T21:11:31.235-0300] {logging_mixin.py:137} INFO - [2023-01-08T21:11:31.235-0300] {dag.py:2676} INFO - Sync 1 DAGs
[2023-01-08T21:11:31.254-0300] {logging_mixin.py:137} INFO - [2023-01-08T21:11:31.254-0300] {dag.py:3427} INFO - Setting next_dagrun for get_epitopes to 2023-01-01T00:00:00+00:00, run_after=2023-02-01T00:00:00+00:00
[2023-01-08T21:11:31.268-0300] {processor.py:175} INFO - Processing /home/kallox/airflow/dags/get_epitopes.py took 0.311 seconds
[2023-01-08T21:12:03.331-0300] {processor.py:153} INFO - Started process (PID=25313) to work on /home/kallox/airflow/dags/get_epitopes.py
[2023-01-08T21:12:03.331-0300] {processor.py:743} INFO - Processing file /home/kallox/airflow/dags/get_epitopes.py for tasks to queue
[2023-01-08T21:12:03.332-0300] {logging_mixin.py:137} INFO - [2023-01-08T21:12:03.332-0300] {dagbag.py:538} INFO - Filling up the DagBag from /home/kallox/airflow/dags/get_epitopes.py
[2023-01-08T21:12:03.603-0300] {processor.py:753} INFO - DAG(s) dict_keys(['get_epitopes']) retrieved from /home/kallox/airflow/dags/get_epitopes.py
[2023-01-08T21:12:03.628-0300] {logging_mixin.py:137} INFO - [2023-01-08T21:12:03.628-0300] {dag.py:2676} INFO - Sync 1 DAGs
[2023-01-08T21:12:03.654-0300] {logging_mixin.py:137} INFO - [2023-01-08T21:12:03.653-0300] {dag.py:3427} INFO - Setting next_dagrun for get_epitopes to 2023-01-01T00:00:00+00:00, run_after=2023-02-01T00:00:00+00:00
[2023-01-08T21:12:03.669-0300] {processor.py:175} INFO - Processing /home/kallox/airflow/dags/get_epitopes.py took 0.341 seconds
[2023-01-08T21:12:34.836-0300] {processor.py:153} INFO - Started process (PID=25403) to work on /home/kallox/airflow/dags/get_epitopes.py
[2023-01-08T21:12:34.837-0300] {processor.py:743} INFO - Processing file /home/kallox/airflow/dags/get_epitopes.py for tasks to queue
[2023-01-08T21:12:34.837-0300] {logging_mixin.py:137} INFO - [2023-01-08T21:12:34.837-0300] {dagbag.py:538} INFO - Filling up the DagBag from /home/kallox/airflow/dags/get_epitopes.py
[2023-01-08T21:12:35.070-0300] {processor.py:753} INFO - DAG(s) dict_keys(['get_epitopes']) retrieved from /home/kallox/airflow/dags/get_epitopes.py
[2023-01-08T21:12:35.093-0300] {logging_mixin.py:137} INFO - [2023-01-08T21:12:35.093-0300] {dag.py:2676} INFO - Sync 1 DAGs
[2023-01-08T21:12:35.111-0300] {logging_mixin.py:137} INFO - [2023-01-08T21:12:35.110-0300] {dag.py:3427} INFO - Setting next_dagrun for get_epitopes to 2023-01-01T00:00:00+00:00, run_after=2023-02-01T00:00:00+00:00
[2023-01-08T21:12:35.125-0300] {processor.py:175} INFO - Processing /home/kallox/airflow/dags/get_epitopes.py took 0.291 seconds
[2023-01-08T21:13:06.401-0300] {processor.py:153} INFO - Started process (PID=25498) to work on /home/kallox/airflow/dags/get_epitopes.py
[2023-01-08T21:13:06.402-0300] {processor.py:743} INFO - Processing file /home/kallox/airflow/dags/get_epitopes.py for tasks to queue
[2023-01-08T21:13:06.403-0300] {logging_mixin.py:137} INFO - [2023-01-08T21:13:06.402-0300] {dagbag.py:538} INFO - Filling up the DagBag from /home/kallox/airflow/dags/get_epitopes.py
[2023-01-08T21:13:06.642-0300] {processor.py:753} INFO - DAG(s) dict_keys(['get_epitopes']) retrieved from /home/kallox/airflow/dags/get_epitopes.py
[2023-01-08T21:13:06.667-0300] {logging_mixin.py:137} INFO - [2023-01-08T21:13:06.667-0300] {dag.py:2676} INFO - Sync 1 DAGs
[2023-01-08T21:13:06.685-0300] {logging_mixin.py:137} INFO - [2023-01-08T21:13:06.685-0300] {dag.py:3427} INFO - Setting next_dagrun for get_epitopes to 2023-01-01T00:00:00+00:00, run_after=2023-02-01T00:00:00+00:00
[2023-01-08T21:13:06.700-0300] {processor.py:175} INFO - Processing /home/kallox/airflow/dags/get_epitopes.py took 0.301 seconds
[2023-01-08T21:13:37.188-0300] {processor.py:153} INFO - Started process (PID=25605) to work on /home/kallox/airflow/dags/get_epitopes.py
[2023-01-08T21:13:37.189-0300] {processor.py:743} INFO - Processing file /home/kallox/airflow/dags/get_epitopes.py for tasks to queue
[2023-01-08T21:13:37.189-0300] {logging_mixin.py:137} INFO - [2023-01-08T21:13:37.189-0300] {dagbag.py:538} INFO - Filling up the DagBag from /home/kallox/airflow/dags/get_epitopes.py
[2023-01-08T21:13:37.428-0300] {processor.py:753} INFO - DAG(s) dict_keys(['get_epitopes']) retrieved from /home/kallox/airflow/dags/get_epitopes.py
[2023-01-08T21:13:37.449-0300] {logging_mixin.py:137} INFO - [2023-01-08T21:13:37.449-0300] {dag.py:2676} INFO - Sync 1 DAGs
[2023-01-08T21:13:37.468-0300] {logging_mixin.py:137} INFO - [2023-01-08T21:13:37.468-0300] {dag.py:3427} INFO - Setting next_dagrun for get_epitopes to 2023-01-01T00:00:00+00:00, run_after=2023-02-01T00:00:00+00:00
[2023-01-08T21:13:37.485-0300] {processor.py:175} INFO - Processing /home/kallox/airflow/dags/get_epitopes.py took 0.300 seconds
[2023-01-08T21:14:09.333-0300] {processor.py:153} INFO - Started process (PID=25708) to work on /home/kallox/airflow/dags/get_epitopes.py
[2023-01-08T21:14:09.335-0300] {processor.py:743} INFO - Processing file /home/kallox/airflow/dags/get_epitopes.py for tasks to queue
[2023-01-08T21:14:09.336-0300] {logging_mixin.py:137} INFO - [2023-01-08T21:14:09.335-0300] {dagbag.py:538} INFO - Filling up the DagBag from /home/kallox/airflow/dags/get_epitopes.py
[2023-01-08T21:14:09.683-0300] {processor.py:753} INFO - DAG(s) dict_keys(['get_epitopes']) retrieved from /home/kallox/airflow/dags/get_epitopes.py
[2023-01-08T21:14:09.712-0300] {logging_mixin.py:137} INFO - [2023-01-08T21:14:09.712-0300] {dag.py:2676} INFO - Sync 1 DAGs
[2023-01-08T21:14:09.739-0300] {logging_mixin.py:137} INFO - [2023-01-08T21:14:09.739-0300] {dag.py:3427} INFO - Setting next_dagrun for get_epitopes to 2023-01-01T00:00:00+00:00, run_after=2023-02-01T00:00:00+00:00
[2023-01-08T21:14:09.761-0300] {processor.py:175} INFO - Processing /home/kallox/airflow/dags/get_epitopes.py took 0.433 seconds
[2023-01-08T21:14:40.953-0300] {processor.py:153} INFO - Started process (PID=25803) to work on /home/kallox/airflow/dags/get_epitopes.py
[2023-01-08T21:14:40.954-0300] {processor.py:743} INFO - Processing file /home/kallox/airflow/dags/get_epitopes.py for tasks to queue
[2023-01-08T21:14:40.954-0300] {logging_mixin.py:137} INFO - [2023-01-08T21:14:40.954-0300] {dagbag.py:538} INFO - Filling up the DagBag from /home/kallox/airflow/dags/get_epitopes.py
[2023-01-08T21:14:41.191-0300] {processor.py:753} INFO - DAG(s) dict_keys(['get_epitopes']) retrieved from /home/kallox/airflow/dags/get_epitopes.py
[2023-01-08T21:14:41.216-0300] {logging_mixin.py:137} INFO - [2023-01-08T21:14:41.216-0300] {dag.py:2676} INFO - Sync 1 DAGs
[2023-01-08T21:14:41.234-0300] {logging_mixin.py:137} INFO - [2023-01-08T21:14:41.234-0300] {dag.py:3427} INFO - Setting next_dagrun for get_epitopes to 2023-01-01T00:00:00+00:00, run_after=2023-02-01T00:00:00+00:00
[2023-01-08T21:14:41.248-0300] {processor.py:175} INFO - Processing /home/kallox/airflow/dags/get_epitopes.py took 0.298 seconds
[2023-01-08T21:15:12.689-0300] {processor.py:153} INFO - Started process (PID=25896) to work on /home/kallox/airflow/dags/get_epitopes.py
[2023-01-08T21:15:12.690-0300] {processor.py:743} INFO - Processing file /home/kallox/airflow/dags/get_epitopes.py for tasks to queue
[2023-01-08T21:15:12.690-0300] {logging_mixin.py:137} INFO - [2023-01-08T21:15:12.690-0300] {dagbag.py:538} INFO - Filling up the DagBag from /home/kallox/airflow/dags/get_epitopes.py
[2023-01-08T21:15:12.950-0300] {processor.py:753} INFO - DAG(s) dict_keys(['get_epitopes']) retrieved from /home/kallox/airflow/dags/get_epitopes.py
[2023-01-08T21:15:12.974-0300] {logging_mixin.py:137} INFO - [2023-01-08T21:15:12.973-0300] {dag.py:2676} INFO - Sync 1 DAGs
[2023-01-08T21:15:12.993-0300] {logging_mixin.py:137} INFO - [2023-01-08T21:15:12.993-0300] {dag.py:3427} INFO - Setting next_dagrun for get_epitopes to 2023-01-01T00:00:00+00:00, run_after=2023-02-01T00:00:00+00:00
[2023-01-08T21:15:13.156-0300] {processor.py:175} INFO - Processing /home/kallox/airflow/dags/get_epitopes.py took 0.469 seconds
[2023-01-08T21:15:47.868-0300] {processor.py:153} INFO - Started process (PID=25993) to work on /home/kallox/airflow/dags/get_epitopes.py
[2023-01-08T21:15:47.869-0300] {processor.py:743} INFO - Processing file /home/kallox/airflow/dags/get_epitopes.py for tasks to queue
[2023-01-08T21:15:47.869-0300] {logging_mixin.py:137} INFO - [2023-01-08T21:15:47.869-0300] {dagbag.py:538} INFO - Filling up the DagBag from /home/kallox/airflow/dags/get_epitopes.py
[2023-01-08T21:15:48.107-0300] {processor.py:753} INFO - DAG(s) dict_keys(['get_epitopes']) retrieved from /home/kallox/airflow/dags/get_epitopes.py
[2023-01-08T21:15:48.128-0300] {logging_mixin.py:137} INFO - [2023-01-08T21:15:48.128-0300] {dag.py:2676} INFO - Sync 1 DAGs
[2023-01-08T21:15:48.145-0300] {logging_mixin.py:137} INFO - [2023-01-08T21:15:48.145-0300] {dag.py:3427} INFO - Setting next_dagrun for get_epitopes to 2023-01-01T00:00:00+00:00, run_after=2023-02-01T00:00:00+00:00
[2023-01-08T21:15:48.160-0300] {processor.py:175} INFO - Processing /home/kallox/airflow/dags/get_epitopes.py took 0.294 seconds
[2023-01-08T21:16:22.240-0300] {processor.py:153} INFO - Started process (PID=26094) to work on /home/kallox/airflow/dags/get_epitopes.py
[2023-01-08T21:16:22.240-0300] {processor.py:743} INFO - Processing file /home/kallox/airflow/dags/get_epitopes.py for tasks to queue
[2023-01-08T21:16:22.241-0300] {logging_mixin.py:137} INFO - [2023-01-08T21:16:22.241-0300] {dagbag.py:538} INFO - Filling up the DagBag from /home/kallox/airflow/dags/get_epitopes.py
[2023-01-08T21:16:22.518-0300] {processor.py:753} INFO - DAG(s) dict_keys(['get_epitopes']) retrieved from /home/kallox/airflow/dags/get_epitopes.py
[2023-01-08T21:16:22.539-0300] {logging_mixin.py:137} INFO - [2023-01-08T21:16:22.539-0300] {dag.py:2676} INFO - Sync 1 DAGs
[2023-01-08T21:16:22.559-0300] {logging_mixin.py:137} INFO - [2023-01-08T21:16:22.559-0300] {dag.py:3427} INFO - Setting next_dagrun for get_epitopes to 2023-01-01T00:00:00+00:00, run_after=2023-02-01T00:00:00+00:00
[2023-01-08T21:16:22.577-0300] {processor.py:175} INFO - Processing /home/kallox/airflow/dags/get_epitopes.py took 0.339 seconds
[2023-01-08T21:16:54.668-0300] {processor.py:153} INFO - Started process (PID=26191) to work on /home/kallox/airflow/dags/get_epitopes.py
[2023-01-08T21:16:54.669-0300] {processor.py:743} INFO - Processing file /home/kallox/airflow/dags/get_epitopes.py for tasks to queue
[2023-01-08T21:16:54.669-0300] {logging_mixin.py:137} INFO - [2023-01-08T21:16:54.669-0300] {dagbag.py:538} INFO - Filling up the DagBag from /home/kallox/airflow/dags/get_epitopes.py
[2023-01-08T21:16:54.901-0300] {processor.py:753} INFO - DAG(s) dict_keys(['get_epitopes']) retrieved from /home/kallox/airflow/dags/get_epitopes.py
[2023-01-08T21:16:54.925-0300] {logging_mixin.py:137} INFO - [2023-01-08T21:16:54.925-0300] {dag.py:2676} INFO - Sync 1 DAGs
[2023-01-08T21:16:54.945-0300] {logging_mixin.py:137} INFO - [2023-01-08T21:16:54.945-0300] {dag.py:3427} INFO - Setting next_dagrun for get_epitopes to 2023-01-01T00:00:00+00:00, run_after=2023-02-01T00:00:00+00:00
[2023-01-08T21:16:54.960-0300] {processor.py:175} INFO - Processing /home/kallox/airflow/dags/get_epitopes.py took 0.295 seconds
[2023-01-08T21:17:29.053-0300] {processor.py:153} INFO - Started process (PID=26290) to work on /home/kallox/airflow/dags/get_epitopes.py
[2023-01-08T21:17:29.056-0300] {processor.py:743} INFO - Processing file /home/kallox/airflow/dags/get_epitopes.py for tasks to queue
[2023-01-08T21:17:29.056-0300] {logging_mixin.py:137} INFO - [2023-01-08T21:17:29.056-0300] {dagbag.py:538} INFO - Filling up the DagBag from /home/kallox/airflow/dags/get_epitopes.py
[2023-01-08T21:17:29.317-0300] {processor.py:753} INFO - DAG(s) dict_keys(['get_epitopes']) retrieved from /home/kallox/airflow/dags/get_epitopes.py
[2023-01-08T21:17:29.342-0300] {logging_mixin.py:137} INFO - [2023-01-08T21:17:29.342-0300] {dag.py:2676} INFO - Sync 1 DAGs
[2023-01-08T21:17:29.363-0300] {logging_mixin.py:137} INFO - [2023-01-08T21:17:29.363-0300] {dag.py:3427} INFO - Setting next_dagrun for get_epitopes to 2023-01-01T00:00:00+00:00, run_after=2023-02-01T00:00:00+00:00
[2023-01-08T21:17:29.377-0300] {processor.py:175} INFO - Processing /home/kallox/airflow/dags/get_epitopes.py took 0.327 seconds
[2023-01-08T21:18:04.183-0300] {processor.py:153} INFO - Started process (PID=26394) to work on /home/kallox/airflow/dags/get_epitopes.py
[2023-01-08T21:18:04.184-0300] {processor.py:743} INFO - Processing file /home/kallox/airflow/dags/get_epitopes.py for tasks to queue
[2023-01-08T21:18:04.184-0300] {logging_mixin.py:137} INFO - [2023-01-08T21:18:04.184-0300] {dagbag.py:538} INFO - Filling up the DagBag from /home/kallox/airflow/dags/get_epitopes.py
[2023-01-08T21:18:04.699-0300] {processor.py:753} INFO - DAG(s) dict_keys(['get_epitopes']) retrieved from /home/kallox/airflow/dags/get_epitopes.py
[2023-01-08T21:18:04.737-0300] {logging_mixin.py:137} INFO - [2023-01-08T21:18:04.736-0300] {dag.py:2676} INFO - Sync 1 DAGs
[2023-01-08T21:18:04.765-0300] {logging_mixin.py:137} INFO - [2023-01-08T21:18:04.765-0300] {dag.py:3427} INFO - Setting next_dagrun for get_epitopes to 2023-01-01T00:00:00+00:00, run_after=2023-02-01T00:00:00+00:00
[2023-01-08T21:18:04.842-0300] {processor.py:175} INFO - Processing /home/kallox/airflow/dags/get_epitopes.py took 0.661 seconds
[2023-01-08T21:18:36.694-0300] {processor.py:153} INFO - Started process (PID=26487) to work on /home/kallox/airflow/dags/get_epitopes.py
[2023-01-08T21:18:36.695-0300] {processor.py:743} INFO - Processing file /home/kallox/airflow/dags/get_epitopes.py for tasks to queue
[2023-01-08T21:18:36.695-0300] {logging_mixin.py:137} INFO - [2023-01-08T21:18:36.695-0300] {dagbag.py:538} INFO - Filling up the DagBag from /home/kallox/airflow/dags/get_epitopes.py
[2023-01-08T21:18:36.964-0300] {processor.py:753} INFO - DAG(s) dict_keys(['get_epitopes']) retrieved from /home/kallox/airflow/dags/get_epitopes.py
[2023-01-08T21:18:36.985-0300] {logging_mixin.py:137} INFO - [2023-01-08T21:18:36.985-0300] {dag.py:2676} INFO - Sync 1 DAGs
[2023-01-08T21:18:37.010-0300] {logging_mixin.py:137} INFO - [2023-01-08T21:18:37.010-0300] {dag.py:3427} INFO - Setting next_dagrun for get_epitopes to 2023-01-01T00:00:00+00:00, run_after=2023-02-01T00:00:00+00:00
[2023-01-08T21:18:37.122-0300] {processor.py:175} INFO - Processing /home/kallox/airflow/dags/get_epitopes.py took 0.430 seconds
[2023-01-08T21:19:10.001-0300] {processor.py:153} INFO - Started process (PID=26583) to work on /home/kallox/airflow/dags/get_epitopes.py
[2023-01-08T21:19:10.010-0300] {processor.py:743} INFO - Processing file /home/kallox/airflow/dags/get_epitopes.py for tasks to queue
[2023-01-08T21:19:10.011-0300] {logging_mixin.py:137} INFO - [2023-01-08T21:19:10.011-0300] {dagbag.py:538} INFO - Filling up the DagBag from /home/kallox/airflow/dags/get_epitopes.py
[2023-01-08T21:19:10.244-0300] {processor.py:753} INFO - DAG(s) dict_keys(['get_epitopes']) retrieved from /home/kallox/airflow/dags/get_epitopes.py
[2023-01-08T21:19:10.265-0300] {logging_mixin.py:137} INFO - [2023-01-08T21:19:10.265-0300] {dag.py:2676} INFO - Sync 1 DAGs
[2023-01-08T21:19:10.283-0300] {logging_mixin.py:137} INFO - [2023-01-08T21:19:10.282-0300] {dag.py:3427} INFO - Setting next_dagrun for get_epitopes to 2023-01-01T00:00:00+00:00, run_after=2023-02-01T00:00:00+00:00
[2023-01-08T21:19:10.317-0300] {processor.py:175} INFO - Processing /home/kallox/airflow/dags/get_epitopes.py took 0.318 seconds
[2023-01-08T21:19:59.901-0300] {processor.py:153} INFO - Started process (PID=26692) to work on /home/kallox/airflow/dags/get_epitopes.py
[2023-01-08T21:19:59.902-0300] {processor.py:743} INFO - Processing file /home/kallox/airflow/dags/get_epitopes.py for tasks to queue
[2023-01-08T21:19:59.902-0300] {logging_mixin.py:137} INFO - [2023-01-08T21:19:59.902-0300] {dagbag.py:538} INFO - Filling up the DagBag from /home/kallox/airflow/dags/get_epitopes.py
[2023-01-08T21:20:00.170-0300] {processor.py:753} INFO - DAG(s) dict_keys(['get_epitopes']) retrieved from /home/kallox/airflow/dags/get_epitopes.py
[2023-01-08T21:20:00.196-0300] {logging_mixin.py:137} INFO - [2023-01-08T21:20:00.196-0300] {dag.py:2676} INFO - Sync 1 DAGs
[2023-01-08T21:20:00.216-0300] {logging_mixin.py:137} INFO - [2023-01-08T21:20:00.216-0300] {dag.py:3427} INFO - Setting next_dagrun for get_epitopes to 2023-01-01T00:00:00+00:00, run_after=2023-02-01T00:00:00+00:00
[2023-01-08T21:20:00.232-0300] {processor.py:175} INFO - Processing /home/kallox/airflow/dags/get_epitopes.py took 0.333 seconds
[2023-01-08T21:20:32.372-0300] {processor.py:153} INFO - Started process (PID=26787) to work on /home/kallox/airflow/dags/get_epitopes.py
[2023-01-08T21:20:32.372-0300] {processor.py:743} INFO - Processing file /home/kallox/airflow/dags/get_epitopes.py for tasks to queue
[2023-01-08T21:20:32.373-0300] {logging_mixin.py:137} INFO - [2023-01-08T21:20:32.373-0300] {dagbag.py:538} INFO - Filling up the DagBag from /home/kallox/airflow/dags/get_epitopes.py
[2023-01-08T21:20:32.664-0300] {processor.py:753} INFO - DAG(s) dict_keys(['get_epitopes']) retrieved from /home/kallox/airflow/dags/get_epitopes.py
[2023-01-08T21:20:32.766-0300] {logging_mixin.py:137} INFO - [2023-01-08T21:20:32.766-0300] {dag.py:2676} INFO - Sync 1 DAGs
[2023-01-08T21:20:32.795-0300] {logging_mixin.py:137} INFO - [2023-01-08T21:20:32.795-0300] {dag.py:3427} INFO - Setting next_dagrun for get_epitopes to 2023-01-01T00:00:00+00:00, run_after=2023-02-01T00:00:00+00:00
[2023-01-08T21:20:32.850-0300] {processor.py:175} INFO - Processing /home/kallox/airflow/dags/get_epitopes.py took 0.481 seconds
[2023-01-08T21:21:04.445-0300] {processor.py:153} INFO - Started process (PID=26885) to work on /home/kallox/airflow/dags/get_epitopes.py
[2023-01-08T21:21:04.446-0300] {processor.py:743} INFO - Processing file /home/kallox/airflow/dags/get_epitopes.py for tasks to queue
[2023-01-08T21:21:04.446-0300] {logging_mixin.py:137} INFO - [2023-01-08T21:21:04.446-0300] {dagbag.py:538} INFO - Filling up the DagBag from /home/kallox/airflow/dags/get_epitopes.py
[2023-01-08T21:21:04.665-0300] {processor.py:753} INFO - DAG(s) dict_keys(['get_epitopes']) retrieved from /home/kallox/airflow/dags/get_epitopes.py
[2023-01-08T21:21:04.688-0300] {logging_mixin.py:137} INFO - [2023-01-08T21:21:04.688-0300] {dag.py:2676} INFO - Sync 1 DAGs
[2023-01-08T21:21:04.707-0300] {logging_mixin.py:137} INFO - [2023-01-08T21:21:04.707-0300] {dag.py:3427} INFO - Setting next_dagrun for get_epitopes to 2023-01-01T00:00:00+00:00, run_after=2023-02-01T00:00:00+00:00
[2023-01-08T21:21:04.748-0300] {processor.py:175} INFO - Processing /home/kallox/airflow/dags/get_epitopes.py took 0.306 seconds
[2023-01-08T21:21:38.458-0300] {processor.py:153} INFO - Started process (PID=26977) to work on /home/kallox/airflow/dags/get_epitopes.py
[2023-01-08T21:21:38.459-0300] {processor.py:743} INFO - Processing file /home/kallox/airflow/dags/get_epitopes.py for tasks to queue
[2023-01-08T21:21:38.459-0300] {logging_mixin.py:137} INFO - [2023-01-08T21:21:38.459-0300] {dagbag.py:538} INFO - Filling up the DagBag from /home/kallox/airflow/dags/get_epitopes.py
[2023-01-08T21:21:38.807-0300] {processor.py:753} INFO - DAG(s) dict_keys(['get_epitopes']) retrieved from /home/kallox/airflow/dags/get_epitopes.py
[2023-01-08T21:21:38.828-0300] {logging_mixin.py:137} INFO - [2023-01-08T21:21:38.827-0300] {dag.py:2676} INFO - Sync 1 DAGs
[2023-01-08T21:21:38.846-0300] {logging_mixin.py:137} INFO - [2023-01-08T21:21:38.846-0300] {dag.py:3427} INFO - Setting next_dagrun for get_epitopes to 2023-01-01T00:00:00+00:00, run_after=2023-02-01T00:00:00+00:00
[2023-01-08T21:21:38.862-0300] {processor.py:175} INFO - Processing /home/kallox/airflow/dags/get_epitopes.py took 0.406 seconds
[2023-01-08T21:22:09.890-0300] {processor.py:153} INFO - Started process (PID=27071) to work on /home/kallox/airflow/dags/get_epitopes.py
[2023-01-08T21:22:09.891-0300] {processor.py:743} INFO - Processing file /home/kallox/airflow/dags/get_epitopes.py for tasks to queue
[2023-01-08T21:22:09.891-0300] {logging_mixin.py:137} INFO - [2023-01-08T21:22:09.891-0300] {dagbag.py:538} INFO - Filling up the DagBag from /home/kallox/airflow/dags/get_epitopes.py
[2023-01-08T21:22:10.128-0300] {processor.py:753} INFO - DAG(s) dict_keys(['get_epitopes']) retrieved from /home/kallox/airflow/dags/get_epitopes.py
[2023-01-08T21:22:10.148-0300] {logging_mixin.py:137} INFO - [2023-01-08T21:22:10.148-0300] {dag.py:2676} INFO - Sync 1 DAGs
[2023-01-08T21:22:10.166-0300] {logging_mixin.py:137} INFO - [2023-01-08T21:22:10.166-0300] {dag.py:3427} INFO - Setting next_dagrun for get_epitopes to 2023-01-01T00:00:00+00:00, run_after=2023-02-01T00:00:00+00:00
[2023-01-08T21:22:10.184-0300] {processor.py:175} INFO - Processing /home/kallox/airflow/dags/get_epitopes.py took 0.296 seconds
[2023-01-08T21:22:41.170-0300] {processor.py:153} INFO - Started process (PID=27170) to work on /home/kallox/airflow/dags/get_epitopes.py
[2023-01-08T21:22:41.170-0300] {processor.py:743} INFO - Processing file /home/kallox/airflow/dags/get_epitopes.py for tasks to queue
[2023-01-08T21:22:41.171-0300] {logging_mixin.py:137} INFO - [2023-01-08T21:22:41.171-0300] {dagbag.py:538} INFO - Filling up the DagBag from /home/kallox/airflow/dags/get_epitopes.py
[2023-01-08T21:22:41.424-0300] {processor.py:753} INFO - DAG(s) dict_keys(['get_epitopes']) retrieved from /home/kallox/airflow/dags/get_epitopes.py
[2023-01-08T21:22:41.450-0300] {logging_mixin.py:137} INFO - [2023-01-08T21:22:41.449-0300] {dag.py:2676} INFO - Sync 1 DAGs
[2023-01-08T21:22:41.478-0300] {logging_mixin.py:137} INFO - [2023-01-08T21:22:41.478-0300] {dag.py:3427} INFO - Setting next_dagrun for get_epitopes to 2023-01-01T00:00:00+00:00, run_after=2023-02-01T00:00:00+00:00
[2023-01-08T21:22:41.506-0300] {processor.py:175} INFO - Processing /home/kallox/airflow/dags/get_epitopes.py took 0.338 seconds
[2023-01-08T21:23:15.550-0300] {processor.py:153} INFO - Started process (PID=27272) to work on /home/kallox/airflow/dags/get_epitopes.py
[2023-01-08T21:23:15.551-0300] {processor.py:743} INFO - Processing file /home/kallox/airflow/dags/get_epitopes.py for tasks to queue
[2023-01-08T21:23:15.551-0300] {logging_mixin.py:137} INFO - [2023-01-08T21:23:15.551-0300] {dagbag.py:538} INFO - Filling up the DagBag from /home/kallox/airflow/dags/get_epitopes.py
[2023-01-08T21:23:15.814-0300] {processor.py:753} INFO - DAG(s) dict_keys(['get_epitopes']) retrieved from /home/kallox/airflow/dags/get_epitopes.py
[2023-01-08T21:23:15.836-0300] {logging_mixin.py:137} INFO - [2023-01-08T21:23:15.836-0300] {dag.py:2676} INFO - Sync 1 DAGs
[2023-01-08T21:23:15.854-0300] {logging_mixin.py:137} INFO - [2023-01-08T21:23:15.854-0300] {dag.py:3427} INFO - Setting next_dagrun for get_epitopes to 2023-01-01T00:00:00+00:00, run_after=2023-02-01T00:00:00+00:00
[2023-01-08T21:23:15.872-0300] {processor.py:175} INFO - Processing /home/kallox/airflow/dags/get_epitopes.py took 0.325 seconds
[2023-01-08T21:23:47.757-0300] {processor.py:153} INFO - Started process (PID=27368) to work on /home/kallox/airflow/dags/get_epitopes.py
[2023-01-08T21:23:47.853-0300] {processor.py:743} INFO - Processing file /home/kallox/airflow/dags/get_epitopes.py for tasks to queue
[2023-01-08T21:23:47.854-0300] {logging_mixin.py:137} INFO - [2023-01-08T21:23:47.854-0300] {dagbag.py:538} INFO - Filling up the DagBag from /home/kallox/airflow/dags/get_epitopes.py
[2023-01-08T21:23:48.102-0300] {processor.py:753} INFO - DAG(s) dict_keys(['get_epitopes']) retrieved from /home/kallox/airflow/dags/get_epitopes.py
[2023-01-08T21:23:48.124-0300] {logging_mixin.py:137} INFO - [2023-01-08T21:23:48.123-0300] {dag.py:2676} INFO - Sync 1 DAGs
[2023-01-08T21:23:48.142-0300] {logging_mixin.py:137} INFO - [2023-01-08T21:23:48.141-0300] {dag.py:3427} INFO - Setting next_dagrun for get_epitopes to 2023-01-01T00:00:00+00:00, run_after=2023-02-01T00:00:00+00:00
[2023-01-08T21:23:48.157-0300] {processor.py:175} INFO - Processing /home/kallox/airflow/dags/get_epitopes.py took 0.402 seconds
[2023-01-08T21:24:19.199-0300] {processor.py:153} INFO - Started process (PID=27465) to work on /home/kallox/airflow/dags/get_epitopes.py
[2023-01-08T21:24:19.199-0300] {processor.py:743} INFO - Processing file /home/kallox/airflow/dags/get_epitopes.py for tasks to queue
[2023-01-08T21:24:19.200-0300] {logging_mixin.py:137} INFO - [2023-01-08T21:24:19.200-0300] {dagbag.py:538} INFO - Filling up the DagBag from /home/kallox/airflow/dags/get_epitopes.py
[2023-01-08T21:24:19.444-0300] {processor.py:753} INFO - DAG(s) dict_keys(['get_epitopes']) retrieved from /home/kallox/airflow/dags/get_epitopes.py
[2023-01-08T21:24:19.471-0300] {logging_mixin.py:137} INFO - [2023-01-08T21:24:19.470-0300] {dag.py:2676} INFO - Sync 1 DAGs
[2023-01-08T21:24:19.491-0300] {logging_mixin.py:137} INFO - [2023-01-08T21:24:19.491-0300] {dag.py:3427} INFO - Setting next_dagrun for get_epitopes to 2023-01-01T00:00:00+00:00, run_after=2023-02-01T00:00:00+00:00
[2023-01-08T21:24:19.517-0300] {processor.py:175} INFO - Processing /home/kallox/airflow/dags/get_epitopes.py took 0.321 seconds
[2023-01-08T21:24:52.468-0300] {processor.py:153} INFO - Started process (PID=27557) to work on /home/kallox/airflow/dags/get_epitopes.py
[2023-01-08T21:24:52.469-0300] {processor.py:743} INFO - Processing file /home/kallox/airflow/dags/get_epitopes.py for tasks to queue
[2023-01-08T21:24:52.470-0300] {logging_mixin.py:137} INFO - [2023-01-08T21:24:52.470-0300] {dagbag.py:538} INFO - Filling up the DagBag from /home/kallox/airflow/dags/get_epitopes.py
[2023-01-08T21:24:52.763-0300] {processor.py:753} INFO - DAG(s) dict_keys(['get_epitopes']) retrieved from /home/kallox/airflow/dags/get_epitopes.py
[2023-01-08T21:24:52.784-0300] {logging_mixin.py:137} INFO - [2023-01-08T21:24:52.784-0300] {dag.py:2676} INFO - Sync 1 DAGs
[2023-01-08T21:24:52.802-0300] {logging_mixin.py:137} INFO - [2023-01-08T21:24:52.802-0300] {dag.py:3427} INFO - Setting next_dagrun for get_epitopes to 2023-01-01T00:00:00+00:00, run_after=2023-02-01T00:00:00+00:00
[2023-01-08T21:24:52.821-0300] {processor.py:175} INFO - Processing /home/kallox/airflow/dags/get_epitopes.py took 0.355 seconds
[2023-01-08T21:25:22.903-0300] {processor.py:153} INFO - Started process (PID=27637) to work on /home/kallox/airflow/dags/get_epitopes.py
[2023-01-08T21:25:22.904-0300] {processor.py:743} INFO - Processing file /home/kallox/airflow/dags/get_epitopes.py for tasks to queue
[2023-01-08T21:25:22.904-0300] {logging_mixin.py:137} INFO - [2023-01-08T21:25:22.904-0300] {dagbag.py:538} INFO - Filling up the DagBag from /home/kallox/airflow/dags/get_epitopes.py
[2023-01-08T21:25:23.129-0300] {processor.py:753} INFO - DAG(s) dict_keys(['get_epitopes']) retrieved from /home/kallox/airflow/dags/get_epitopes.py
[2023-01-08T21:25:23.154-0300] {logging_mixin.py:137} INFO - [2023-01-08T21:25:23.154-0300] {dag.py:2676} INFO - Sync 1 DAGs
[2023-01-08T21:25:23.173-0300] {logging_mixin.py:137} INFO - [2023-01-08T21:25:23.173-0300] {dag.py:3427} INFO - Setting next_dagrun for get_epitopes to 2023-01-01T00:00:00+00:00, run_after=2023-02-01T00:00:00+00:00
[2023-01-08T21:25:23.189-0300] {processor.py:175} INFO - Processing /home/kallox/airflow/dags/get_epitopes.py took 0.288 seconds
[2023-01-08T21:25:53.389-0300] {processor.py:153} INFO - Started process (PID=27721) to work on /home/kallox/airflow/dags/get_epitopes.py
[2023-01-08T21:25:53.390-0300] {processor.py:743} INFO - Processing file /home/kallox/airflow/dags/get_epitopes.py for tasks to queue
[2023-01-08T21:25:53.390-0300] {logging_mixin.py:137} INFO - [2023-01-08T21:25:53.390-0300] {dagbag.py:538} INFO - Filling up the DagBag from /home/kallox/airflow/dags/get_epitopes.py
[2023-01-08T21:25:53.614-0300] {processor.py:753} INFO - DAG(s) dict_keys(['get_epitopes']) retrieved from /home/kallox/airflow/dags/get_epitopes.py
[2023-01-08T21:25:53.635-0300] {logging_mixin.py:137} INFO - [2023-01-08T21:25:53.635-0300] {dag.py:2676} INFO - Sync 1 DAGs
[2023-01-08T21:25:53.654-0300] {logging_mixin.py:137} INFO - [2023-01-08T21:25:53.654-0300] {dag.py:3427} INFO - Setting next_dagrun for get_epitopes to 2023-01-01T00:00:00+00:00, run_after=2023-02-01T00:00:00+00:00
[2023-01-08T21:25:53.670-0300] {processor.py:175} INFO - Processing /home/kallox/airflow/dags/get_epitopes.py took 0.284 seconds
[2023-01-08T21:26:23.813-0300] {processor.py:153} INFO - Started process (PID=27795) to work on /home/kallox/airflow/dags/get_epitopes.py
[2023-01-08T21:26:23.813-0300] {processor.py:743} INFO - Processing file /home/kallox/airflow/dags/get_epitopes.py for tasks to queue
[2023-01-08T21:26:23.814-0300] {logging_mixin.py:137} INFO - [2023-01-08T21:26:23.814-0300] {dagbag.py:538} INFO - Filling up the DagBag from /home/kallox/airflow/dags/get_epitopes.py
[2023-01-08T21:26:24.027-0300] {processor.py:753} INFO - DAG(s) dict_keys(['get_epitopes']) retrieved from /home/kallox/airflow/dags/get_epitopes.py
[2023-01-08T21:26:24.049-0300] {logging_mixin.py:137} INFO - [2023-01-08T21:26:24.048-0300] {dag.py:2676} INFO - Sync 1 DAGs
[2023-01-08T21:26:24.068-0300] {logging_mixin.py:137} INFO - [2023-01-08T21:26:24.068-0300] {dag.py:3427} INFO - Setting next_dagrun for get_epitopes to 2023-01-01T00:00:00+00:00, run_after=2023-02-01T00:00:00+00:00
[2023-01-08T21:26:24.083-0300] {processor.py:175} INFO - Processing /home/kallox/airflow/dags/get_epitopes.py took 0.272 seconds
[2023-01-08T21:26:54.297-0300] {processor.py:153} INFO - Started process (PID=27872) to work on /home/kallox/airflow/dags/get_epitopes.py
[2023-01-08T21:26:54.298-0300] {processor.py:743} INFO - Processing file /home/kallox/airflow/dags/get_epitopes.py for tasks to queue
[2023-01-08T21:26:54.298-0300] {logging_mixin.py:137} INFO - [2023-01-08T21:26:54.298-0300] {dagbag.py:538} INFO - Filling up the DagBag from /home/kallox/airflow/dags/get_epitopes.py
[2023-01-08T21:26:54.515-0300] {processor.py:753} INFO - DAG(s) dict_keys(['get_epitopes']) retrieved from /home/kallox/airflow/dags/get_epitopes.py
[2023-01-08T21:26:54.538-0300] {logging_mixin.py:137} INFO - [2023-01-08T21:26:54.538-0300] {dag.py:2676} INFO - Sync 1 DAGs
[2023-01-08T21:26:54.557-0300] {logging_mixin.py:137} INFO - [2023-01-08T21:26:54.557-0300] {dag.py:3427} INFO - Setting next_dagrun for get_epitopes to 2023-01-01T00:00:00+00:00, run_after=2023-02-01T00:00:00+00:00
[2023-01-08T21:26:54.572-0300] {processor.py:175} INFO - Processing /home/kallox/airflow/dags/get_epitopes.py took 0.277 seconds
[2023-01-08T21:27:24.750-0300] {processor.py:153} INFO - Started process (PID=27946) to work on /home/kallox/airflow/dags/get_epitopes.py
[2023-01-08T21:27:24.750-0300] {processor.py:743} INFO - Processing file /home/kallox/airflow/dags/get_epitopes.py for tasks to queue
[2023-01-08T21:27:24.751-0300] {logging_mixin.py:137} INFO - [2023-01-08T21:27:24.751-0300] {dagbag.py:538} INFO - Filling up the DagBag from /home/kallox/airflow/dags/get_epitopes.py
[2023-01-08T21:27:24.973-0300] {processor.py:753} INFO - DAG(s) dict_keys(['get_epitopes']) retrieved from /home/kallox/airflow/dags/get_epitopes.py
[2023-01-08T21:27:24.994-0300] {logging_mixin.py:137} INFO - [2023-01-08T21:27:24.994-0300] {dag.py:2676} INFO - Sync 1 DAGs
[2023-01-08T21:27:25.011-0300] {logging_mixin.py:137} INFO - [2023-01-08T21:27:25.011-0300] {dag.py:3427} INFO - Setting next_dagrun for get_epitopes to 2023-01-01T00:00:00+00:00, run_after=2023-02-01T00:00:00+00:00
[2023-01-08T21:27:25.026-0300] {processor.py:175} INFO - Processing /home/kallox/airflow/dags/get_epitopes.py took 0.279 seconds
[2023-01-08T21:27:44.944-0300] {processor.py:153} INFO - Started process (PID=28186) to work on /home/kallox/airflow/dags/get_epitopes.py
[2023-01-08T21:27:44.945-0300] {processor.py:743} INFO - Processing file /home/kallox/airflow/dags/get_epitopes.py for tasks to queue
[2023-01-08T21:27:44.945-0300] {logging_mixin.py:137} INFO - [2023-01-08T21:27:44.945-0300] {dagbag.py:538} INFO - Filling up the DagBag from /home/kallox/airflow/dags/get_epitopes.py
[2023-01-08T21:27:45.055-0300] {processor.py:753} INFO - DAG(s) dict_keys(['get_epitopes']) retrieved from /home/kallox/airflow/dags/get_epitopes.py
[2023-01-08T21:27:45.178-0300] {logging_mixin.py:137} INFO - [2023-01-08T21:27:45.178-0300] {dag.py:2676} INFO - Sync 1 DAGs
[2023-01-08T21:27:45.203-0300] {logging_mixin.py:137} INFO - [2023-01-08T21:27:45.203-0300] {dag.py:3427} INFO - Setting next_dagrun for get_epitopes to 2023-01-01T00:00:00+00:00, run_after=2023-02-01T00:00:00+00:00
[2023-01-08T21:27:45.229-0300] {processor.py:175} INFO - Processing /home/kallox/airflow/dags/get_epitopes.py took 0.286 seconds
[2023-01-08T21:28:15.709-0300] {processor.py:153} INFO - Started process (PID=28268) to work on /home/kallox/airflow/dags/get_epitopes.py
[2023-01-08T21:28:15.710-0300] {processor.py:743} INFO - Processing file /home/kallox/airflow/dags/get_epitopes.py for tasks to queue
[2023-01-08T21:28:15.710-0300] {logging_mixin.py:137} INFO - [2023-01-08T21:28:15.710-0300] {dagbag.py:538} INFO - Filling up the DagBag from /home/kallox/airflow/dags/get_epitopes.py
[2023-01-08T21:28:15.904-0300] {processor.py:753} INFO - DAG(s) dict_keys(['get_epitopes']) retrieved from /home/kallox/airflow/dags/get_epitopes.py
[2023-01-08T21:28:15.928-0300] {logging_mixin.py:137} INFO - [2023-01-08T21:28:15.928-0300] {dag.py:2676} INFO - Sync 1 DAGs
[2023-01-08T21:28:15.945-0300] {logging_mixin.py:137} INFO - [2023-01-08T21:28:15.945-0300] {dag.py:3427} INFO - Setting next_dagrun for get_epitopes to 2023-01-01T00:00:00+00:00, run_after=2023-02-01T00:00:00+00:00
[2023-01-08T21:28:15.968-0300] {processor.py:175} INFO - Processing /home/kallox/airflow/dags/get_epitopes.py took 0.261 seconds
[2023-01-08T21:28:46.200-0300] {processor.py:153} INFO - Started process (PID=28346) to work on /home/kallox/airflow/dags/get_epitopes.py
[2023-01-08T21:28:46.201-0300] {processor.py:743} INFO - Processing file /home/kallox/airflow/dags/get_epitopes.py for tasks to queue
[2023-01-08T21:28:46.201-0300] {logging_mixin.py:137} INFO - [2023-01-08T21:28:46.201-0300] {dagbag.py:538} INFO - Filling up the DagBag from /home/kallox/airflow/dags/get_epitopes.py
[2023-01-08T21:28:46.314-0300] {processor.py:753} INFO - DAG(s) dict_keys(['get_epitopes']) retrieved from /home/kallox/airflow/dags/get_epitopes.py
[2023-01-08T21:28:46.339-0300] {logging_mixin.py:137} INFO - [2023-01-08T21:28:46.339-0300] {dag.py:2676} INFO - Sync 1 DAGs
[2023-01-08T21:28:46.445-0300] {logging_mixin.py:137} INFO - [2023-01-08T21:28:46.445-0300] {dag.py:3427} INFO - Setting next_dagrun for get_epitopes to 2023-01-01T00:00:00+00:00, run_after=2023-02-01T00:00:00+00:00
[2023-01-08T21:28:46.460-0300] {processor.py:175} INFO - Processing /home/kallox/airflow/dags/get_epitopes.py took 0.261 seconds
[2023-01-08T21:29:16.562-0300] {processor.py:153} INFO - Started process (PID=28426) to work on /home/kallox/airflow/dags/get_epitopes.py
[2023-01-08T21:29:16.563-0300] {processor.py:743} INFO - Processing file /home/kallox/airflow/dags/get_epitopes.py for tasks to queue
[2023-01-08T21:29:16.563-0300] {logging_mixin.py:137} INFO - [2023-01-08T21:29:16.563-0300] {dagbag.py:538} INFO - Filling up the DagBag from /home/kallox/airflow/dags/get_epitopes.py
[2023-01-08T21:29:16.670-0300] {processor.py:753} INFO - DAG(s) dict_keys(['get_epitopes']) retrieved from /home/kallox/airflow/dags/get_epitopes.py
[2023-01-08T21:29:16.692-0300] {logging_mixin.py:137} INFO - [2023-01-08T21:29:16.692-0300] {dag.py:2676} INFO - Sync 1 DAGs
[2023-01-08T21:29:16.796-0300] {logging_mixin.py:137} INFO - [2023-01-08T21:29:16.796-0300] {dag.py:3427} INFO - Setting next_dagrun for get_epitopes to 2023-01-01T00:00:00+00:00, run_after=2023-02-01T00:00:00+00:00
[2023-01-08T21:29:16.815-0300] {processor.py:175} INFO - Processing /home/kallox/airflow/dags/get_epitopes.py took 0.254 seconds
[2023-01-08T21:29:47.497-0300] {processor.py:153} INFO - Started process (PID=28517) to work on /home/kallox/airflow/dags/get_epitopes.py
[2023-01-08T21:29:47.498-0300] {processor.py:743} INFO - Processing file /home/kallox/airflow/dags/get_epitopes.py for tasks to queue
[2023-01-08T21:29:47.498-0300] {logging_mixin.py:137} INFO - [2023-01-08T21:29:47.498-0300] {dagbag.py:538} INFO - Filling up the DagBag from /home/kallox/airflow/dags/get_epitopes.py
[2023-01-08T21:29:47.608-0300] {processor.py:753} INFO - DAG(s) dict_keys(['get_epitopes']) retrieved from /home/kallox/airflow/dags/get_epitopes.py
[2023-01-08T21:29:47.634-0300] {logging_mixin.py:137} INFO - [2023-01-08T21:29:47.633-0300] {dag.py:2676} INFO - Sync 1 DAGs
[2023-01-08T21:29:47.730-0300] {logging_mixin.py:137} INFO - [2023-01-08T21:29:47.730-0300] {dag.py:3427} INFO - Setting next_dagrun for get_epitopes to 2023-01-01T00:00:00+00:00, run_after=2023-02-01T00:00:00+00:00
[2023-01-08T21:29:47.749-0300] {processor.py:175} INFO - Processing /home/kallox/airflow/dags/get_epitopes.py took 0.254 seconds
[2023-01-08T21:30:18.470-0300] {processor.py:153} INFO - Started process (PID=28598) to work on /home/kallox/airflow/dags/get_epitopes.py
[2023-01-08T21:30:18.470-0300] {processor.py:743} INFO - Processing file /home/kallox/airflow/dags/get_epitopes.py for tasks to queue
[2023-01-08T21:30:18.471-0300] {logging_mixin.py:137} INFO - [2023-01-08T21:30:18.471-0300] {dagbag.py:538} INFO - Filling up the DagBag from /home/kallox/airflow/dags/get_epitopes.py
[2023-01-08T21:30:18.587-0300] {processor.py:753} INFO - DAG(s) dict_keys(['get_epitopes']) retrieved from /home/kallox/airflow/dags/get_epitopes.py
[2023-01-08T21:30:18.697-0300] {logging_mixin.py:137} INFO - [2023-01-08T21:30:18.696-0300] {dag.py:2676} INFO - Sync 1 DAGs
[2023-01-08T21:30:18.713-0300] {logging_mixin.py:137} INFO - [2023-01-08T21:30:18.713-0300] {dag.py:3427} INFO - Setting next_dagrun for get_epitopes to 2023-01-01T00:00:00+00:00, run_after=2023-02-01T00:00:00+00:00
[2023-01-08T21:30:18.736-0300] {processor.py:175} INFO - Processing /home/kallox/airflow/dags/get_epitopes.py took 0.269 seconds
[2023-01-08T21:30:49.194-0300] {processor.py:153} INFO - Started process (PID=28684) to work on /home/kallox/airflow/dags/get_epitopes.py
[2023-01-08T21:30:49.195-0300] {processor.py:743} INFO - Processing file /home/kallox/airflow/dags/get_epitopes.py for tasks to queue
[2023-01-08T21:30:49.195-0300] {logging_mixin.py:137} INFO - [2023-01-08T21:30:49.195-0300] {dagbag.py:538} INFO - Filling up the DagBag from /home/kallox/airflow/dags/get_epitopes.py
[2023-01-08T21:30:49.305-0300] {processor.py:753} INFO - DAG(s) dict_keys(['get_epitopes']) retrieved from /home/kallox/airflow/dags/get_epitopes.py
[2023-01-08T21:30:49.422-0300] {logging_mixin.py:137} INFO - [2023-01-08T21:30:49.421-0300] {dag.py:2676} INFO - Sync 1 DAGs
[2023-01-08T21:30:49.439-0300] {logging_mixin.py:137} INFO - [2023-01-08T21:30:49.439-0300] {dag.py:3427} INFO - Setting next_dagrun for get_epitopes to 2023-01-01T00:00:00+00:00, run_after=2023-02-01T00:00:00+00:00
[2023-01-08T21:30:49.461-0300] {processor.py:175} INFO - Processing /home/kallox/airflow/dags/get_epitopes.py took 0.269 seconds
[2023-01-08T21:31:19.911-0300] {processor.py:153} INFO - Started process (PID=28764) to work on /home/kallox/airflow/dags/get_epitopes.py
[2023-01-08T21:31:19.911-0300] {processor.py:743} INFO - Processing file /home/kallox/airflow/dags/get_epitopes.py for tasks to queue
[2023-01-08T21:31:19.912-0300] {logging_mixin.py:137} INFO - [2023-01-08T21:31:19.912-0300] {dagbag.py:538} INFO - Filling up the DagBag from /home/kallox/airflow/dags/get_epitopes.py
[2023-01-08T21:31:20.112-0300] {processor.py:753} INFO - DAG(s) dict_keys(['get_epitopes']) retrieved from /home/kallox/airflow/dags/get_epitopes.py
[2023-01-08T21:31:20.134-0300] {logging_mixin.py:137} INFO - [2023-01-08T21:31:20.134-0300] {dag.py:2676} INFO - Sync 1 DAGs
[2023-01-08T21:31:20.152-0300] {logging_mixin.py:137} INFO - [2023-01-08T21:31:20.152-0300] {dag.py:3427} INFO - Setting next_dagrun for get_epitopes to 2023-01-01T00:00:00+00:00, run_after=2023-02-01T00:00:00+00:00
[2023-01-08T21:31:20.177-0300] {processor.py:175} INFO - Processing /home/kallox/airflow/dags/get_epitopes.py took 0.268 seconds
[2023-01-08T21:31:50.842-0300] {processor.py:153} INFO - Started process (PID=28837) to work on /home/kallox/airflow/dags/get_epitopes.py
[2023-01-08T21:31:50.843-0300] {processor.py:743} INFO - Processing file /home/kallox/airflow/dags/get_epitopes.py for tasks to queue
[2023-01-08T21:31:50.843-0300] {logging_mixin.py:137} INFO - [2023-01-08T21:31:50.843-0300] {dagbag.py:538} INFO - Filling up the DagBag from /home/kallox/airflow/dags/get_epitopes.py
[2023-01-08T21:31:51.031-0300] {processor.py:753} INFO - DAG(s) dict_keys(['get_epitopes']) retrieved from /home/kallox/airflow/dags/get_epitopes.py
[2023-01-08T21:31:51.054-0300] {logging_mixin.py:137} INFO - [2023-01-08T21:31:51.054-0300] {dag.py:2676} INFO - Sync 1 DAGs
[2023-01-08T21:31:51.073-0300] {logging_mixin.py:137} INFO - [2023-01-08T21:31:51.073-0300] {dag.py:3427} INFO - Setting next_dagrun for get_epitopes to 2023-01-01T00:00:00+00:00, run_after=2023-02-01T00:00:00+00:00
[2023-01-08T21:31:51.095-0300] {processor.py:175} INFO - Processing /home/kallox/airflow/dags/get_epitopes.py took 0.255 seconds
[2023-01-08T21:32:21.291-0300] {processor.py:153} INFO - Started process (PID=28913) to work on /home/kallox/airflow/dags/get_epitopes.py
[2023-01-08T21:32:21.291-0300] {processor.py:743} INFO - Processing file /home/kallox/airflow/dags/get_epitopes.py for tasks to queue
[2023-01-08T21:32:21.291-0300] {logging_mixin.py:137} INFO - [2023-01-08T21:32:21.291-0300] {dagbag.py:538} INFO - Filling up the DagBag from /home/kallox/airflow/dags/get_epitopes.py
[2023-01-08T21:32:21.403-0300] {processor.py:753} INFO - DAG(s) dict_keys(['get_epitopes']) retrieved from /home/kallox/airflow/dags/get_epitopes.py
[2023-01-08T21:32:21.427-0300] {logging_mixin.py:137} INFO - [2023-01-08T21:32:21.427-0300] {dag.py:2676} INFO - Sync 1 DAGs
[2023-01-08T21:32:21.530-0300] {logging_mixin.py:137} INFO - [2023-01-08T21:32:21.530-0300] {dag.py:3427} INFO - Setting next_dagrun for get_epitopes to 2023-01-01T00:00:00+00:00, run_after=2023-02-01T00:00:00+00:00
[2023-01-08T21:32:21.543-0300] {processor.py:175} INFO - Processing /home/kallox/airflow/dags/get_epitopes.py took 0.254 seconds
[2023-01-08T21:32:52.425-0300] {processor.py:153} INFO - Started process (PID=28996) to work on /home/kallox/airflow/dags/get_epitopes.py
[2023-01-08T21:32:52.426-0300] {processor.py:743} INFO - Processing file /home/kallox/airflow/dags/get_epitopes.py for tasks to queue
[2023-01-08T21:32:52.426-0300] {logging_mixin.py:137} INFO - [2023-01-08T21:32:52.426-0300] {dagbag.py:538} INFO - Filling up the DagBag from /home/kallox/airflow/dags/get_epitopes.py
[2023-01-08T21:32:52.546-0300] {processor.py:753} INFO - DAG(s) dict_keys(['get_epitopes']) retrieved from /home/kallox/airflow/dags/get_epitopes.py
[2023-01-08T21:32:52.659-0300] {logging_mixin.py:137} INFO - [2023-01-08T21:32:52.659-0300] {dag.py:2676} INFO - Sync 1 DAGs
[2023-01-08T21:32:52.678-0300] {logging_mixin.py:137} INFO - [2023-01-08T21:32:52.678-0300] {dag.py:3427} INFO - Setting next_dagrun for get_epitopes to 2023-01-01T00:00:00+00:00, run_after=2023-02-01T00:00:00+00:00
[2023-01-08T21:32:52.700-0300] {processor.py:175} INFO - Processing /home/kallox/airflow/dags/get_epitopes.py took 0.278 seconds
[2023-01-08T21:33:23.097-0300] {processor.py:153} INFO - Started process (PID=29077) to work on /home/kallox/airflow/dags/get_epitopes.py
[2023-01-08T21:33:23.097-0300] {processor.py:743} INFO - Processing file /home/kallox/airflow/dags/get_epitopes.py for tasks to queue
[2023-01-08T21:33:23.098-0300] {logging_mixin.py:137} INFO - [2023-01-08T21:33:23.098-0300] {dagbag.py:538} INFO - Filling up the DagBag from /home/kallox/airflow/dags/get_epitopes.py
[2023-01-08T21:33:23.217-0300] {processor.py:753} INFO - DAG(s) dict_keys(['get_epitopes']) retrieved from /home/kallox/airflow/dags/get_epitopes.py
[2023-01-08T21:33:23.319-0300] {logging_mixin.py:137} INFO - [2023-01-08T21:33:23.319-0300] {dag.py:2676} INFO - Sync 1 DAGs
[2023-01-08T21:33:23.337-0300] {logging_mixin.py:137} INFO - [2023-01-08T21:33:23.337-0300] {dag.py:3427} INFO - Setting next_dagrun for get_epitopes to 2023-01-01T00:00:00+00:00, run_after=2023-02-01T00:00:00+00:00
[2023-01-08T21:33:23.359-0300] {processor.py:175} INFO - Processing /home/kallox/airflow/dags/get_epitopes.py took 0.265 seconds
[2023-01-08T21:33:53.796-0300] {processor.py:153} INFO - Started process (PID=29156) to work on /home/kallox/airflow/dags/get_epitopes.py
[2023-01-08T21:33:53.797-0300] {processor.py:743} INFO - Processing file /home/kallox/airflow/dags/get_epitopes.py for tasks to queue
[2023-01-08T21:33:53.797-0300] {logging_mixin.py:137} INFO - [2023-01-08T21:33:53.797-0300] {dagbag.py:538} INFO - Filling up the DagBag from /home/kallox/airflow/dags/get_epitopes.py
[2023-01-08T21:33:53.997-0300] {processor.py:753} INFO - DAG(s) dict_keys(['get_epitopes']) retrieved from /home/kallox/airflow/dags/get_epitopes.py
[2023-01-08T21:33:54.018-0300] {logging_mixin.py:137} INFO - [2023-01-08T21:33:54.017-0300] {dag.py:2676} INFO - Sync 1 DAGs
[2023-01-08T21:33:54.034-0300] {logging_mixin.py:137} INFO - [2023-01-08T21:33:54.034-0300] {dag.py:3427} INFO - Setting next_dagrun for get_epitopes to 2023-01-01T00:00:00+00:00, run_after=2023-02-01T00:00:00+00:00
[2023-01-08T21:33:54.056-0300] {processor.py:175} INFO - Processing /home/kallox/airflow/dags/get_epitopes.py took 0.261 seconds
[2023-01-08T21:34:24.188-0300] {processor.py:153} INFO - Started process (PID=29235) to work on /home/kallox/airflow/dags/get_epitopes.py
[2023-01-08T21:34:24.189-0300] {processor.py:743} INFO - Processing file /home/kallox/airflow/dags/get_epitopes.py for tasks to queue
[2023-01-08T21:34:24.189-0300] {logging_mixin.py:137} INFO - [2023-01-08T21:34:24.189-0300] {dagbag.py:538} INFO - Filling up the DagBag from /home/kallox/airflow/dags/get_epitopes.py
[2023-01-08T21:34:24.385-0300] {processor.py:753} INFO - DAG(s) dict_keys(['get_epitopes']) retrieved from /home/kallox/airflow/dags/get_epitopes.py
[2023-01-08T21:34:24.407-0300] {logging_mixin.py:137} INFO - [2023-01-08T21:34:24.407-0300] {dag.py:2676} INFO - Sync 1 DAGs
[2023-01-08T21:34:24.424-0300] {logging_mixin.py:137} INFO - [2023-01-08T21:34:24.424-0300] {dag.py:3427} INFO - Setting next_dagrun for get_epitopes to 2023-01-01T00:00:00+00:00, run_after=2023-02-01T00:00:00+00:00
[2023-01-08T21:34:24.438-0300] {processor.py:175} INFO - Processing /home/kallox/airflow/dags/get_epitopes.py took 0.251 seconds
[2023-01-08T21:34:54.676-0300] {processor.py:153} INFO - Started process (PID=29324) to work on /home/kallox/airflow/dags/get_epitopes.py
[2023-01-08T21:34:54.677-0300] {processor.py:743} INFO - Processing file /home/kallox/airflow/dags/get_epitopes.py for tasks to queue
[2023-01-08T21:34:54.677-0300] {logging_mixin.py:137} INFO - [2023-01-08T21:34:54.677-0300] {dagbag.py:538} INFO - Filling up the DagBag from /home/kallox/airflow/dags/get_epitopes.py
[2023-01-08T21:34:54.789-0300] {processor.py:753} INFO - DAG(s) dict_keys(['get_epitopes']) retrieved from /home/kallox/airflow/dags/get_epitopes.py
[2023-01-08T21:34:54.813-0300] {logging_mixin.py:137} INFO - [2023-01-08T21:34:54.813-0300] {dag.py:2676} INFO - Sync 1 DAGs
[2023-01-08T21:34:54.921-0300] {logging_mixin.py:137} INFO - [2023-01-08T21:34:54.921-0300] {dag.py:3427} INFO - Setting next_dagrun for get_epitopes to 2023-01-01T00:00:00+00:00, run_after=2023-02-01T00:00:00+00:00
[2023-01-08T21:34:54.935-0300] {processor.py:175} INFO - Processing /home/kallox/airflow/dags/get_epitopes.py took 0.261 seconds
[2023-01-08T21:35:25.149-0300] {processor.py:153} INFO - Started process (PID=29408) to work on /home/kallox/airflow/dags/get_epitopes.py
[2023-01-08T21:35:25.150-0300] {processor.py:743} INFO - Processing file /home/kallox/airflow/dags/get_epitopes.py for tasks to queue
[2023-01-08T21:35:25.151-0300] {logging_mixin.py:137} INFO - [2023-01-08T21:35:25.150-0300] {dagbag.py:538} INFO - Filling up the DagBag from /home/kallox/airflow/dags/get_epitopes.py
[2023-01-08T21:35:25.269-0300] {processor.py:753} INFO - DAG(s) dict_keys(['get_epitopes']) retrieved from /home/kallox/airflow/dags/get_epitopes.py
[2023-01-08T21:35:25.292-0300] {logging_mixin.py:137} INFO - [2023-01-08T21:35:25.292-0300] {dag.py:2676} INFO - Sync 1 DAGs
[2023-01-08T21:35:25.395-0300] {logging_mixin.py:137} INFO - [2023-01-08T21:35:25.395-0300] {dag.py:3427} INFO - Setting next_dagrun for get_epitopes to 2023-01-01T00:00:00+00:00, run_after=2023-02-01T00:00:00+00:00
[2023-01-08T21:35:25.409-0300] {processor.py:175} INFO - Processing /home/kallox/airflow/dags/get_epitopes.py took 0.262 seconds
[2023-01-08T21:35:55.622-0300] {processor.py:153} INFO - Started process (PID=29487) to work on /home/kallox/airflow/dags/get_epitopes.py
[2023-01-08T21:35:55.622-0300] {processor.py:743} INFO - Processing file /home/kallox/airflow/dags/get_epitopes.py for tasks to queue
[2023-01-08T21:35:55.623-0300] {logging_mixin.py:137} INFO - [2023-01-08T21:35:55.623-0300] {dagbag.py:538} INFO - Filling up the DagBag from /home/kallox/airflow/dags/get_epitopes.py
[2023-01-08T21:35:55.738-0300] {processor.py:753} INFO - DAG(s) dict_keys(['get_epitopes']) retrieved from /home/kallox/airflow/dags/get_epitopes.py
[2023-01-08T21:35:55.851-0300] {logging_mixin.py:137} INFO - [2023-01-08T21:35:55.851-0300] {dag.py:2676} INFO - Sync 1 DAGs
[2023-01-08T21:35:55.874-0300] {logging_mixin.py:137} INFO - [2023-01-08T21:35:55.874-0300] {dag.py:3427} INFO - Setting next_dagrun for get_epitopes to 2023-01-01T00:00:00+00:00, run_after=2023-02-01T00:00:00+00:00
[2023-01-08T21:35:55.904-0300] {processor.py:175} INFO - Processing /home/kallox/airflow/dags/get_epitopes.py took 0.285 seconds
[2023-01-08T21:36:26.120-0300] {processor.py:153} INFO - Started process (PID=29566) to work on /home/kallox/airflow/dags/get_epitopes.py
[2023-01-08T21:36:26.121-0300] {processor.py:743} INFO - Processing file /home/kallox/airflow/dags/get_epitopes.py for tasks to queue
[2023-01-08T21:36:26.121-0300] {logging_mixin.py:137} INFO - [2023-01-08T21:36:26.121-0300] {dagbag.py:538} INFO - Filling up the DagBag from /home/kallox/airflow/dags/get_epitopes.py
[2023-01-08T21:36:26.234-0300] {processor.py:753} INFO - DAG(s) dict_keys(['get_epitopes']) retrieved from /home/kallox/airflow/dags/get_epitopes.py
[2023-01-08T21:36:26.347-0300] {logging_mixin.py:137} INFO - [2023-01-08T21:36:26.347-0300] {dag.py:2676} INFO - Sync 1 DAGs
[2023-01-08T21:36:26.365-0300] {logging_mixin.py:137} INFO - [2023-01-08T21:36:26.365-0300] {dag.py:3427} INFO - Setting next_dagrun for get_epitopes to 2023-01-01T00:00:00+00:00, run_after=2023-02-01T00:00:00+00:00
[2023-01-08T21:36:26.381-0300] {processor.py:175} INFO - Processing /home/kallox/airflow/dags/get_epitopes.py took 0.262 seconds
[2023-01-08T21:36:56.535-0300] {processor.py:153} INFO - Started process (PID=29645) to work on /home/kallox/airflow/dags/get_epitopes.py
[2023-01-08T21:36:56.536-0300] {processor.py:743} INFO - Processing file /home/kallox/airflow/dags/get_epitopes.py for tasks to queue
[2023-01-08T21:36:56.536-0300] {logging_mixin.py:137} INFO - [2023-01-08T21:36:56.536-0300] {dagbag.py:538} INFO - Filling up the DagBag from /home/kallox/airflow/dags/get_epitopes.py
[2023-01-08T21:36:56.739-0300] {processor.py:753} INFO - DAG(s) dict_keys(['get_epitopes']) retrieved from /home/kallox/airflow/dags/get_epitopes.py
[2023-01-08T21:36:56.761-0300] {logging_mixin.py:137} INFO - [2023-01-08T21:36:56.761-0300] {dag.py:2676} INFO - Sync 1 DAGs
[2023-01-08T21:36:56.779-0300] {logging_mixin.py:137} INFO - [2023-01-08T21:36:56.779-0300] {dag.py:3427} INFO - Setting next_dagrun for get_epitopes to 2023-01-01T00:00:00+00:00, run_after=2023-02-01T00:00:00+00:00
[2023-01-08T21:36:56.794-0300] {processor.py:175} INFO - Processing /home/kallox/airflow/dags/get_epitopes.py took 0.261 seconds
[2023-01-08T21:37:27.000-0300] {processor.py:153} INFO - Started process (PID=29726) to work on /home/kallox/airflow/dags/get_epitopes.py
[2023-01-08T21:37:27.000-0300] {processor.py:743} INFO - Processing file /home/kallox/airflow/dags/get_epitopes.py for tasks to queue
[2023-01-08T21:37:27.001-0300] {logging_mixin.py:137} INFO - [2023-01-08T21:37:27.001-0300] {dagbag.py:538} INFO - Filling up the DagBag from /home/kallox/airflow/dags/get_epitopes.py
[2023-01-08T21:37:27.209-0300] {processor.py:753} INFO - DAG(s) dict_keys(['get_epitopes']) retrieved from /home/kallox/airflow/dags/get_epitopes.py
[2023-01-08T21:37:27.231-0300] {logging_mixin.py:137} INFO - [2023-01-08T21:37:27.231-0300] {dag.py:2676} INFO - Sync 1 DAGs
[2023-01-08T21:37:27.250-0300] {logging_mixin.py:137} INFO - [2023-01-08T21:37:27.250-0300] {dag.py:3427} INFO - Setting next_dagrun for get_epitopes to 2023-01-01T00:00:00+00:00, run_after=2023-02-01T00:00:00+00:00
[2023-01-08T21:37:27.263-0300] {processor.py:175} INFO - Processing /home/kallox/airflow/dags/get_epitopes.py took 0.265 seconds
[2023-01-08T21:37:57.859-0300] {processor.py:153} INFO - Started process (PID=29806) to work on /home/kallox/airflow/dags/get_epitopes.py
[2023-01-08T21:37:57.859-0300] {processor.py:743} INFO - Processing file /home/kallox/airflow/dags/get_epitopes.py for tasks to queue
[2023-01-08T21:37:57.860-0300] {logging_mixin.py:137} INFO - [2023-01-08T21:37:57.860-0300] {dagbag.py:538} INFO - Filling up the DagBag from /home/kallox/airflow/dags/get_epitopes.py
[2023-01-08T21:37:57.973-0300] {processor.py:753} INFO - DAG(s) dict_keys(['get_epitopes']) retrieved from /home/kallox/airflow/dags/get_epitopes.py
[2023-01-08T21:37:57.998-0300] {logging_mixin.py:137} INFO - [2023-01-08T21:37:57.998-0300] {dag.py:2676} INFO - Sync 1 DAGs
[2023-01-08T21:37:58.099-0300] {logging_mixin.py:137} INFO - [2023-01-08T21:37:58.098-0300] {dag.py:3427} INFO - Setting next_dagrun for get_epitopes to 2023-01-01T00:00:00+00:00, run_after=2023-02-01T00:00:00+00:00
[2023-01-08T21:37:58.112-0300] {processor.py:175} INFO - Processing /home/kallox/airflow/dags/get_epitopes.py took 0.256 seconds
[2023-01-08T21:38:28.727-0300] {processor.py:153} INFO - Started process (PID=29890) to work on /home/kallox/airflow/dags/get_epitopes.py
[2023-01-08T21:38:28.727-0300] {processor.py:743} INFO - Processing file /home/kallox/airflow/dags/get_epitopes.py for tasks to queue
[2023-01-08T21:38:28.728-0300] {logging_mixin.py:137} INFO - [2023-01-08T21:38:28.728-0300] {dagbag.py:538} INFO - Filling up the DagBag from /home/kallox/airflow/dags/get_epitopes.py
[2023-01-08T21:38:28.835-0300] {processor.py:753} INFO - DAG(s) dict_keys(['get_epitopes']) retrieved from /home/kallox/airflow/dags/get_epitopes.py
[2023-01-08T21:38:28.948-0300] {logging_mixin.py:137} INFO - [2023-01-08T21:38:28.948-0300] {dag.py:2676} INFO - Sync 1 DAGs
[2023-01-08T21:38:28.967-0300] {logging_mixin.py:137} INFO - [2023-01-08T21:38:28.967-0300] {dag.py:3427} INFO - Setting next_dagrun for get_epitopes to 2023-01-01T00:00:00+00:00, run_after=2023-02-01T00:00:00+00:00
[2023-01-08T21:38:28.990-0300] {processor.py:175} INFO - Processing /home/kallox/airflow/dags/get_epitopes.py took 0.265 seconds
[2023-01-08T21:38:59.417-0300] {processor.py:153} INFO - Started process (PID=29971) to work on /home/kallox/airflow/dags/get_epitopes.py
[2023-01-08T21:38:59.417-0300] {processor.py:743} INFO - Processing file /home/kallox/airflow/dags/get_epitopes.py for tasks to queue
[2023-01-08T21:38:59.417-0300] {logging_mixin.py:137} INFO - [2023-01-08T21:38:59.417-0300] {dagbag.py:538} INFO - Filling up the DagBag from /home/kallox/airflow/dags/get_epitopes.py
[2023-01-08T21:38:59.525-0300] {processor.py:753} INFO - DAG(s) dict_keys(['get_epitopes']) retrieved from /home/kallox/airflow/dags/get_epitopes.py
[2023-01-08T21:38:59.628-0300] {logging_mixin.py:137} INFO - [2023-01-08T21:38:59.628-0300] {dag.py:2676} INFO - Sync 1 DAGs
[2023-01-08T21:38:59.646-0300] {logging_mixin.py:137} INFO - [2023-01-08T21:38:59.646-0300] {dag.py:3427} INFO - Setting next_dagrun for get_epitopes to 2023-01-01T00:00:00+00:00, run_after=2023-02-01T00:00:00+00:00
[2023-01-08T21:38:59.669-0300] {processor.py:175} INFO - Processing /home/kallox/airflow/dags/get_epitopes.py took 0.254 seconds
[2023-01-08T21:39:30.085-0300] {processor.py:153} INFO - Started process (PID=30050) to work on /home/kallox/airflow/dags/get_epitopes.py
[2023-01-08T21:39:30.085-0300] {processor.py:743} INFO - Processing file /home/kallox/airflow/dags/get_epitopes.py for tasks to queue
[2023-01-08T21:39:30.086-0300] {logging_mixin.py:137} INFO - [2023-01-08T21:39:30.086-0300] {dagbag.py:538} INFO - Filling up the DagBag from /home/kallox/airflow/dags/get_epitopes.py
[2023-01-08T21:39:30.290-0300] {processor.py:753} INFO - DAG(s) dict_keys(['get_epitopes']) retrieved from /home/kallox/airflow/dags/get_epitopes.py
[2023-01-08T21:39:30.310-0300] {logging_mixin.py:137} INFO - [2023-01-08T21:39:30.310-0300] {dag.py:2676} INFO - Sync 1 DAGs
[2023-01-08T21:39:30.327-0300] {logging_mixin.py:137} INFO - [2023-01-08T21:39:30.327-0300] {dag.py:3427} INFO - Setting next_dagrun for get_epitopes to 2023-01-01T00:00:00+00:00, run_after=2023-02-01T00:00:00+00:00
[2023-01-08T21:39:30.347-0300] {processor.py:175} INFO - Processing /home/kallox/airflow/dags/get_epitopes.py took 0.265 seconds
[2023-01-08T21:40:00.780-0300] {processor.py:153} INFO - Started process (PID=30131) to work on /home/kallox/airflow/dags/get_epitopes.py
[2023-01-08T21:40:00.781-0300] {processor.py:743} INFO - Processing file /home/kallox/airflow/dags/get_epitopes.py for tasks to queue
[2023-01-08T21:40:00.781-0300] {logging_mixin.py:137} INFO - [2023-01-08T21:40:00.781-0300] {dagbag.py:538} INFO - Filling up the DagBag from /home/kallox/airflow/dags/get_epitopes.py
[2023-01-08T21:40:00.979-0300] {processor.py:753} INFO - DAG(s) dict_keys(['get_epitopes']) retrieved from /home/kallox/airflow/dags/get_epitopes.py
[2023-01-08T21:40:01.002-0300] {logging_mixin.py:137} INFO - [2023-01-08T21:40:01.002-0300] {dag.py:2676} INFO - Sync 1 DAGs
[2023-01-08T21:40:01.021-0300] {logging_mixin.py:137} INFO - [2023-01-08T21:40:01.020-0300] {dag.py:3427} INFO - Setting next_dagrun for get_epitopes to 2023-01-01T00:00:00+00:00, run_after=2023-02-01T00:00:00+00:00
[2023-01-08T21:40:01.034-0300] {processor.py:175} INFO - Processing /home/kallox/airflow/dags/get_epitopes.py took 0.256 seconds
[2023-01-08T21:40:31.189-0300] {processor.py:153} INFO - Started process (PID=30212) to work on /home/kallox/airflow/dags/get_epitopes.py
[2023-01-08T21:40:31.189-0300] {processor.py:743} INFO - Processing file /home/kallox/airflow/dags/get_epitopes.py for tasks to queue
[2023-01-08T21:40:31.190-0300] {logging_mixin.py:137} INFO - [2023-01-08T21:40:31.190-0300] {dagbag.py:538} INFO - Filling up the DagBag from /home/kallox/airflow/dags/get_epitopes.py
[2023-01-08T21:40:31.388-0300] {processor.py:753} INFO - DAG(s) dict_keys(['get_epitopes']) retrieved from /home/kallox/airflow/dags/get_epitopes.py
[2023-01-08T21:40:31.410-0300] {logging_mixin.py:137} INFO - [2023-01-08T21:40:31.410-0300] {dag.py:2676} INFO - Sync 1 DAGs
[2023-01-08T21:40:31.427-0300] {logging_mixin.py:137} INFO - [2023-01-08T21:40:31.427-0300] {dag.py:3427} INFO - Setting next_dagrun for get_epitopes to 2023-01-01T00:00:00+00:00, run_after=2023-02-01T00:00:00+00:00
[2023-01-08T21:40:31.441-0300] {processor.py:175} INFO - Processing /home/kallox/airflow/dags/get_epitopes.py took 0.254 seconds
[2023-01-08T21:41:01.597-0300] {processor.py:153} INFO - Started process (PID=30292) to work on /home/kallox/airflow/dags/get_epitopes.py
[2023-01-08T21:41:01.597-0300] {processor.py:743} INFO - Processing file /home/kallox/airflow/dags/get_epitopes.py for tasks to queue
[2023-01-08T21:41:01.598-0300] {logging_mixin.py:137} INFO - [2023-01-08T21:41:01.598-0300] {dagbag.py:538} INFO - Filling up the DagBag from /home/kallox/airflow/dags/get_epitopes.py
[2023-01-08T21:41:01.709-0300] {processor.py:753} INFO - DAG(s) dict_keys(['get_epitopes']) retrieved from /home/kallox/airflow/dags/get_epitopes.py
[2023-01-08T21:41:01.735-0300] {logging_mixin.py:137} INFO - [2023-01-08T21:41:01.735-0300] {dag.py:2676} INFO - Sync 1 DAGs
[2023-01-08T21:41:01.842-0300] {logging_mixin.py:137} INFO - [2023-01-08T21:41:01.842-0300] {dag.py:3427} INFO - Setting next_dagrun for get_epitopes to 2023-01-01T00:00:00+00:00, run_after=2023-02-01T00:00:00+00:00
[2023-01-08T21:41:01.856-0300] {processor.py:175} INFO - Processing /home/kallox/airflow/dags/get_epitopes.py took 0.261 seconds
[2023-01-08T21:41:32.520-0300] {processor.py:153} INFO - Started process (PID=30376) to work on /home/kallox/airflow/dags/get_epitopes.py
[2023-01-08T21:41:32.521-0300] {processor.py:743} INFO - Processing file /home/kallox/airflow/dags/get_epitopes.py for tasks to queue
[2023-01-08T21:41:32.521-0300] {logging_mixin.py:137} INFO - [2023-01-08T21:41:32.521-0300] {dagbag.py:538} INFO - Filling up the DagBag from /home/kallox/airflow/dags/get_epitopes.py
[2023-01-08T21:41:32.637-0300] {processor.py:753} INFO - DAG(s) dict_keys(['get_epitopes']) retrieved from /home/kallox/airflow/dags/get_epitopes.py
[2023-01-08T21:41:32.738-0300] {logging_mixin.py:137} INFO - [2023-01-08T21:41:32.738-0300] {dag.py:2676} INFO - Sync 1 DAGs
[2023-01-08T21:41:32.756-0300] {logging_mixin.py:137} INFO - [2023-01-08T21:41:32.756-0300] {dag.py:3427} INFO - Setting next_dagrun for get_epitopes to 2023-01-01T00:00:00+00:00, run_after=2023-02-01T00:00:00+00:00
[2023-01-08T21:41:32.769-0300] {processor.py:175} INFO - Processing /home/kallox/airflow/dags/get_epitopes.py took 0.251 seconds
[2023-01-08T21:42:03.452-0300] {processor.py:153} INFO - Started process (PID=30458) to work on /home/kallox/airflow/dags/get_epitopes.py
[2023-01-08T21:42:03.452-0300] {processor.py:743} INFO - Processing file /home/kallox/airflow/dags/get_epitopes.py for tasks to queue
[2023-01-08T21:42:03.453-0300] {logging_mixin.py:137} INFO - [2023-01-08T21:42:03.453-0300] {dagbag.py:538} INFO - Filling up the DagBag from /home/kallox/airflow/dags/get_epitopes.py
[2023-01-08T21:42:03.564-0300] {processor.py:753} INFO - DAG(s) dict_keys(['get_epitopes']) retrieved from /home/kallox/airflow/dags/get_epitopes.py
[2023-01-08T21:42:03.677-0300] {logging_mixin.py:137} INFO - [2023-01-08T21:42:03.676-0300] {dag.py:2676} INFO - Sync 1 DAGs
[2023-01-08T21:42:03.695-0300] {logging_mixin.py:137} INFO - [2023-01-08T21:42:03.694-0300] {dag.py:3427} INFO - Setting next_dagrun for get_epitopes to 2023-01-01T00:00:00+00:00, run_after=2023-02-01T00:00:00+00:00
[2023-01-08T21:42:03.709-0300] {processor.py:175} INFO - Processing /home/kallox/airflow/dags/get_epitopes.py took 0.259 seconds
[2023-01-08T21:42:33.854-0300] {processor.py:153} INFO - Started process (PID=30534) to work on /home/kallox/airflow/dags/get_epitopes.py
[2023-01-08T21:42:33.854-0300] {processor.py:743} INFO - Processing file /home/kallox/airflow/dags/get_epitopes.py for tasks to queue
[2023-01-08T21:42:33.855-0300] {logging_mixin.py:137} INFO - [2023-01-08T21:42:33.855-0300] {dagbag.py:538} INFO - Filling up the DagBag from /home/kallox/airflow/dags/get_epitopes.py
[2023-01-08T21:42:34.050-0300] {processor.py:753} INFO - DAG(s) dict_keys(['get_epitopes']) retrieved from /home/kallox/airflow/dags/get_epitopes.py
[2023-01-08T21:42:34.073-0300] {logging_mixin.py:137} INFO - [2023-01-08T21:42:34.073-0300] {dag.py:2676} INFO - Sync 1 DAGs
[2023-01-08T21:42:34.091-0300] {logging_mixin.py:137} INFO - [2023-01-08T21:42:34.091-0300] {dag.py:3427} INFO - Setting next_dagrun for get_epitopes to 2023-01-01T00:00:00+00:00, run_after=2023-02-01T00:00:00+00:00
[2023-01-08T21:42:34.106-0300] {processor.py:175} INFO - Processing /home/kallox/airflow/dags/get_epitopes.py took 0.254 seconds
[2023-01-08T21:43:04.966-0300] {processor.py:153} INFO - Started process (PID=30638) to work on /home/kallox/airflow/dags/get_epitopes.py
[2023-01-08T21:43:04.967-0300] {processor.py:743} INFO - Processing file /home/kallox/airflow/dags/get_epitopes.py for tasks to queue
[2023-01-08T21:43:04.967-0300] {logging_mixin.py:137} INFO - [2023-01-08T21:43:04.967-0300] {dagbag.py:538} INFO - Filling up the DagBag from /home/kallox/airflow/dags/get_epitopes.py
[2023-01-08T21:43:05.159-0300] {processor.py:753} INFO - DAG(s) dict_keys(['get_epitopes']) retrieved from /home/kallox/airflow/dags/get_epitopes.py
[2023-01-08T21:43:05.180-0300] {logging_mixin.py:137} INFO - [2023-01-08T21:43:05.180-0300] {dag.py:2676} INFO - Sync 1 DAGs
[2023-01-08T21:43:05.199-0300] {logging_mixin.py:137} INFO - [2023-01-08T21:43:05.199-0300] {dag.py:3427} INFO - Setting next_dagrun for get_epitopes to 2023-01-01T00:00:00+00:00, run_after=2023-02-01T00:00:00+00:00
[2023-01-08T21:43:05.213-0300] {processor.py:175} INFO - Processing /home/kallox/airflow/dags/get_epitopes.py took 0.248 seconds
