[2023-01-08T21:00:16.265-0300] {processor.py:153} INFO - Started process (PID=23062) to work on /home/kallox/airflow/dags/get_interactions.py
[2023-01-08T21:00:16.265-0300] {processor.py:743} INFO - Processing file /home/kallox/airflow/dags/get_interactions.py for tasks to queue
[2023-01-08T21:00:16.266-0300] {logging_mixin.py:137} INFO - [2023-01-08T21:00:16.266-0300] {dagbag.py:538} INFO - Filling up the DagBag from /home/kallox/airflow/dags/get_interactions.py
[2023-01-08T21:00:16.517-0300] {processor.py:753} INFO - DAG(s) dict_keys(['get_interactions']) retrieved from /home/kallox/airflow/dags/get_interactions.py
[2023-01-08T21:00:16.545-0300] {logging_mixin.py:137} INFO - [2023-01-08T21:00:16.545-0300] {dag.py:2676} INFO - Sync 1 DAGs
[2023-01-08T21:00:16.565-0300] {logging_mixin.py:137} INFO - [2023-01-08T21:00:16.564-0300] {dag.py:3427} INFO - Setting next_dagrun for get_interactions to 2023-01-01T00:00:00+00:00, run_after=2023-02-01T00:00:00+00:00
[2023-01-08T21:00:16.583-0300] {processor.py:175} INFO - Processing /home/kallox/airflow/dags/get_interactions.py took 0.320 seconds
[2023-01-08T21:00:46.843-0300] {processor.py:153} INFO - Started process (PID=23185) to work on /home/kallox/airflow/dags/get_interactions.py
[2023-01-08T21:00:46.843-0300] {processor.py:743} INFO - Processing file /home/kallox/airflow/dags/get_interactions.py for tasks to queue
[2023-01-08T21:00:46.844-0300] {logging_mixin.py:137} INFO - [2023-01-08T21:00:46.844-0300] {dagbag.py:538} INFO - Filling up the DagBag from /home/kallox/airflow/dags/get_interactions.py
[2023-01-08T21:00:47.091-0300] {processor.py:753} INFO - DAG(s) dict_keys(['get_interactions']) retrieved from /home/kallox/airflow/dags/get_interactions.py
[2023-01-08T21:00:47.115-0300] {logging_mixin.py:137} INFO - [2023-01-08T21:00:47.115-0300] {dag.py:2676} INFO - Sync 1 DAGs
[2023-01-08T21:00:47.135-0300] {logging_mixin.py:137} INFO - [2023-01-08T21:00:47.135-0300] {dag.py:3427} INFO - Setting next_dagrun for get_interactions to 2023-01-01T00:00:00+00:00, run_after=2023-02-01T00:00:00+00:00
[2023-01-08T21:00:47.153-0300] {processor.py:175} INFO - Processing /home/kallox/airflow/dags/get_interactions.py took 0.314 seconds
[2023-01-08T21:01:17.449-0300] {processor.py:153} INFO - Started process (PID=23294) to work on /home/kallox/airflow/dags/get_interactions.py
[2023-01-08T21:01:17.450-0300] {processor.py:743} INFO - Processing file /home/kallox/airflow/dags/get_interactions.py for tasks to queue
[2023-01-08T21:01:17.451-0300] {logging_mixin.py:137} INFO - [2023-01-08T21:01:17.451-0300] {dagbag.py:538} INFO - Filling up the DagBag from /home/kallox/airflow/dags/get_interactions.py
[2023-01-08T21:01:17.715-0300] {processor.py:753} INFO - DAG(s) dict_keys(['get_interactions']) retrieved from /home/kallox/airflow/dags/get_interactions.py
[2023-01-08T21:01:17.739-0300] {logging_mixin.py:137} INFO - [2023-01-08T21:01:17.739-0300] {dag.py:2676} INFO - Sync 1 DAGs
[2023-01-08T21:01:17.758-0300] {logging_mixin.py:137} INFO - [2023-01-08T21:01:17.758-0300] {dag.py:3427} INFO - Setting next_dagrun for get_interactions to 2023-01-01T00:00:00+00:00, run_after=2023-02-01T00:00:00+00:00
[2023-01-08T21:01:17.773-0300] {processor.py:175} INFO - Processing /home/kallox/airflow/dags/get_interactions.py took 0.327 seconds
[2023-01-08T21:01:48.006-0300] {processor.py:153} INFO - Started process (PID=23412) to work on /home/kallox/airflow/dags/get_interactions.py
[2023-01-08T21:01:48.007-0300] {processor.py:743} INFO - Processing file /home/kallox/airflow/dags/get_interactions.py for tasks to queue
[2023-01-08T21:01:48.008-0300] {logging_mixin.py:137} INFO - [2023-01-08T21:01:48.008-0300] {dagbag.py:538} INFO - Filling up the DagBag from /home/kallox/airflow/dags/get_interactions.py
[2023-01-08T21:01:48.271-0300] {processor.py:753} INFO - DAG(s) dict_keys(['get_interactions']) retrieved from /home/kallox/airflow/dags/get_interactions.py
[2023-01-08T21:01:48.299-0300] {logging_mixin.py:137} INFO - [2023-01-08T21:01:48.299-0300] {dag.py:2676} INFO - Sync 1 DAGs
[2023-01-08T21:01:48.319-0300] {logging_mixin.py:137} INFO - [2023-01-08T21:01:48.319-0300] {dag.py:3427} INFO - Setting next_dagrun for get_interactions to 2023-01-01T00:00:00+00:00, run_after=2023-02-01T00:00:00+00:00
[2023-01-08T21:01:48.337-0300] {processor.py:175} INFO - Processing /home/kallox/airflow/dags/get_interactions.py took 0.335 seconds
[2023-01-08T21:02:18.616-0300] {processor.py:153} INFO - Started process (PID=23504) to work on /home/kallox/airflow/dags/get_interactions.py
[2023-01-08T21:02:18.617-0300] {processor.py:743} INFO - Processing file /home/kallox/airflow/dags/get_interactions.py for tasks to queue
[2023-01-08T21:02:18.617-0300] {logging_mixin.py:137} INFO - [2023-01-08T21:02:18.617-0300] {dagbag.py:538} INFO - Filling up the DagBag from /home/kallox/airflow/dags/get_interactions.py
[2023-01-08T21:02:18.883-0300] {processor.py:753} INFO - DAG(s) dict_keys(['get_interactions']) retrieved from /home/kallox/airflow/dags/get_interactions.py
[2023-01-08T21:02:18.909-0300] {logging_mixin.py:137} INFO - [2023-01-08T21:02:18.909-0300] {dag.py:2676} INFO - Sync 1 DAGs
[2023-01-08T21:02:18.928-0300] {logging_mixin.py:137} INFO - [2023-01-08T21:02:18.928-0300] {dag.py:3427} INFO - Setting next_dagrun for get_interactions to 2023-01-01T00:00:00+00:00, run_after=2023-02-01T00:00:00+00:00
[2023-01-08T21:02:18.943-0300] {processor.py:175} INFO - Processing /home/kallox/airflow/dags/get_interactions.py took 0.330 seconds
[2023-01-08T21:02:49.236-0300] {processor.py:153} INFO - Started process (PID=23597) to work on /home/kallox/airflow/dags/get_interactions.py
[2023-01-08T21:02:49.237-0300] {processor.py:743} INFO - Processing file /home/kallox/airflow/dags/get_interactions.py for tasks to queue
[2023-01-08T21:02:49.237-0300] {logging_mixin.py:137} INFO - [2023-01-08T21:02:49.237-0300] {dagbag.py:538} INFO - Filling up the DagBag from /home/kallox/airflow/dags/get_interactions.py
[2023-01-08T21:02:49.491-0300] {processor.py:753} INFO - DAG(s) dict_keys(['get_interactions']) retrieved from /home/kallox/airflow/dags/get_interactions.py
[2023-01-08T21:02:49.518-0300] {logging_mixin.py:137} INFO - [2023-01-08T21:02:49.518-0300] {dag.py:2676} INFO - Sync 1 DAGs
[2023-01-08T21:02:49.540-0300] {logging_mixin.py:137} INFO - [2023-01-08T21:02:49.540-0300] {dag.py:3427} INFO - Setting next_dagrun for get_interactions to 2023-01-01T00:00:00+00:00, run_after=2023-02-01T00:00:00+00:00
[2023-01-08T21:02:49.557-0300] {processor.py:175} INFO - Processing /home/kallox/airflow/dags/get_interactions.py took 0.323 seconds
[2023-01-08T21:03:19.827-0300] {processor.py:153} INFO - Started process (PID=23692) to work on /home/kallox/airflow/dags/get_interactions.py
[2023-01-08T21:03:19.828-0300] {processor.py:743} INFO - Processing file /home/kallox/airflow/dags/get_interactions.py for tasks to queue
[2023-01-08T21:03:19.828-0300] {logging_mixin.py:137} INFO - [2023-01-08T21:03:19.828-0300] {dagbag.py:538} INFO - Filling up the DagBag from /home/kallox/airflow/dags/get_interactions.py
[2023-01-08T21:03:20.094-0300] {processor.py:753} INFO - DAG(s) dict_keys(['get_interactions']) retrieved from /home/kallox/airflow/dags/get_interactions.py
[2023-01-08T21:03:20.121-0300] {logging_mixin.py:137} INFO - [2023-01-08T21:03:20.120-0300] {dag.py:2676} INFO - Sync 1 DAGs
[2023-01-08T21:03:20.144-0300] {logging_mixin.py:137} INFO - [2023-01-08T21:03:20.144-0300] {dag.py:3427} INFO - Setting next_dagrun for get_interactions to 2023-01-01T00:00:00+00:00, run_after=2023-02-01T00:00:00+00:00
[2023-01-08T21:03:20.162-0300] {processor.py:175} INFO - Processing /home/kallox/airflow/dags/get_interactions.py took 0.338 seconds
[2023-01-08T21:03:50.422-0300] {processor.py:153} INFO - Started process (PID=23785) to work on /home/kallox/airflow/dags/get_interactions.py
[2023-01-08T21:03:50.423-0300] {processor.py:743} INFO - Processing file /home/kallox/airflow/dags/get_interactions.py for tasks to queue
[2023-01-08T21:03:50.424-0300] {logging_mixin.py:137} INFO - [2023-01-08T21:03:50.423-0300] {dagbag.py:538} INFO - Filling up the DagBag from /home/kallox/airflow/dags/get_interactions.py
[2023-01-08T21:03:50.671-0300] {processor.py:753} INFO - DAG(s) dict_keys(['get_interactions']) retrieved from /home/kallox/airflow/dags/get_interactions.py
[2023-01-08T21:03:50.695-0300] {logging_mixin.py:137} INFO - [2023-01-08T21:03:50.695-0300] {dag.py:2676} INFO - Sync 1 DAGs
[2023-01-08T21:03:50.716-0300] {logging_mixin.py:137} INFO - [2023-01-08T21:03:50.716-0300] {dag.py:3427} INFO - Setting next_dagrun for get_interactions to 2023-01-01T00:00:00+00:00, run_after=2023-02-01T00:00:00+00:00
[2023-01-08T21:03:50.732-0300] {processor.py:175} INFO - Processing /home/kallox/airflow/dags/get_interactions.py took 0.313 seconds
[2023-01-08T21:04:20.947-0300] {processor.py:153} INFO - Started process (PID=23877) to work on /home/kallox/airflow/dags/get_interactions.py
[2023-01-08T21:04:20.948-0300] {processor.py:743} INFO - Processing file /home/kallox/airflow/dags/get_interactions.py for tasks to queue
[2023-01-08T21:04:20.949-0300] {logging_mixin.py:137} INFO - [2023-01-08T21:04:20.949-0300] {dagbag.py:538} INFO - Filling up the DagBag from /home/kallox/airflow/dags/get_interactions.py
[2023-01-08T21:04:21.210-0300] {processor.py:753} INFO - DAG(s) dict_keys(['get_interactions']) retrieved from /home/kallox/airflow/dags/get_interactions.py
[2023-01-08T21:04:21.235-0300] {logging_mixin.py:137} INFO - [2023-01-08T21:04:21.235-0300] {dag.py:2676} INFO - Sync 1 DAGs
[2023-01-08T21:04:21.257-0300] {logging_mixin.py:137} INFO - [2023-01-08T21:04:21.257-0300] {dag.py:3427} INFO - Setting next_dagrun for get_interactions to 2023-01-01T00:00:00+00:00, run_after=2023-02-01T00:00:00+00:00
[2023-01-08T21:04:21.276-0300] {processor.py:175} INFO - Processing /home/kallox/airflow/dags/get_interactions.py took 0.332 seconds
[2023-01-08T21:04:52.238-0300] {processor.py:153} INFO - Started process (PID=23980) to work on /home/kallox/airflow/dags/get_interactions.py
[2023-01-08T21:04:52.239-0300] {processor.py:743} INFO - Processing file /home/kallox/airflow/dags/get_interactions.py for tasks to queue
[2023-01-08T21:04:52.240-0300] {logging_mixin.py:137} INFO - [2023-01-08T21:04:52.240-0300] {dagbag.py:538} INFO - Filling up the DagBag from /home/kallox/airflow/dags/get_interactions.py
[2023-01-08T21:04:52.490-0300] {processor.py:753} INFO - DAG(s) dict_keys(['get_interactions']) retrieved from /home/kallox/airflow/dags/get_interactions.py
[2023-01-08T21:04:52.514-0300] {logging_mixin.py:137} INFO - [2023-01-08T21:04:52.514-0300] {dag.py:2676} INFO - Sync 1 DAGs
[2023-01-08T21:04:52.537-0300] {logging_mixin.py:137} INFO - [2023-01-08T21:04:52.537-0300] {dag.py:3427} INFO - Setting next_dagrun for get_interactions to 2023-01-01T00:00:00+00:00, run_after=2023-02-01T00:00:00+00:00
[2023-01-08T21:04:52.556-0300] {processor.py:175} INFO - Processing /home/kallox/airflow/dags/get_interactions.py took 0.321 seconds
[2023-01-08T21:05:22.812-0300] {processor.py:153} INFO - Started process (PID=24075) to work on /home/kallox/airflow/dags/get_interactions.py
[2023-01-08T21:05:22.813-0300] {processor.py:743} INFO - Processing file /home/kallox/airflow/dags/get_interactions.py for tasks to queue
[2023-01-08T21:05:22.814-0300] {logging_mixin.py:137} INFO - [2023-01-08T21:05:22.813-0300] {dagbag.py:538} INFO - Filling up the DagBag from /home/kallox/airflow/dags/get_interactions.py
[2023-01-08T21:05:23.068-0300] {processor.py:753} INFO - DAG(s) dict_keys(['get_interactions']) retrieved from /home/kallox/airflow/dags/get_interactions.py
[2023-01-08T21:05:23.093-0300] {logging_mixin.py:137} INFO - [2023-01-08T21:05:23.093-0300] {dag.py:2676} INFO - Sync 1 DAGs
[2023-01-08T21:05:23.112-0300] {logging_mixin.py:137} INFO - [2023-01-08T21:05:23.112-0300] {dag.py:3427} INFO - Setting next_dagrun for get_interactions to 2023-01-01T00:00:00+00:00, run_after=2023-02-01T00:00:00+00:00
[2023-01-08T21:05:23.129-0300] {processor.py:175} INFO - Processing /home/kallox/airflow/dags/get_interactions.py took 0.319 seconds
[2023-01-08T21:05:53.420-0300] {processor.py:153} INFO - Started process (PID=24169) to work on /home/kallox/airflow/dags/get_interactions.py
[2023-01-08T21:05:53.421-0300] {processor.py:743} INFO - Processing file /home/kallox/airflow/dags/get_interactions.py for tasks to queue
[2023-01-08T21:05:53.422-0300] {logging_mixin.py:137} INFO - [2023-01-08T21:05:53.422-0300] {dagbag.py:538} INFO - Filling up the DagBag from /home/kallox/airflow/dags/get_interactions.py
[2023-01-08T21:05:53.672-0300] {processor.py:753} INFO - DAG(s) dict_keys(['get_interactions']) retrieved from /home/kallox/airflow/dags/get_interactions.py
[2023-01-08T21:05:53.696-0300] {logging_mixin.py:137} INFO - [2023-01-08T21:05:53.695-0300] {dag.py:2676} INFO - Sync 1 DAGs
[2023-01-08T21:05:53.719-0300] {logging_mixin.py:137} INFO - [2023-01-08T21:05:53.719-0300] {dag.py:3427} INFO - Setting next_dagrun for get_interactions to 2023-01-01T00:00:00+00:00, run_after=2023-02-01T00:00:00+00:00
[2023-01-08T21:05:53.736-0300] {processor.py:175} INFO - Processing /home/kallox/airflow/dags/get_interactions.py took 0.319 seconds
[2023-01-08T21:06:24.023-0300] {processor.py:153} INFO - Started process (PID=24260) to work on /home/kallox/airflow/dags/get_interactions.py
[2023-01-08T21:06:24.024-0300] {processor.py:743} INFO - Processing file /home/kallox/airflow/dags/get_interactions.py for tasks to queue
[2023-01-08T21:06:24.025-0300] {logging_mixin.py:137} INFO - [2023-01-08T21:06:24.025-0300] {dagbag.py:538} INFO - Filling up the DagBag from /home/kallox/airflow/dags/get_interactions.py
[2023-01-08T21:06:24.293-0300] {processor.py:753} INFO - DAG(s) dict_keys(['get_interactions']) retrieved from /home/kallox/airflow/dags/get_interactions.py
[2023-01-08T21:06:24.319-0300] {logging_mixin.py:137} INFO - [2023-01-08T21:06:24.318-0300] {dag.py:2676} INFO - Sync 1 DAGs
[2023-01-08T21:06:24.338-0300] {logging_mixin.py:137} INFO - [2023-01-08T21:06:24.338-0300] {dag.py:3427} INFO - Setting next_dagrun for get_interactions to 2023-01-01T00:00:00+00:00, run_after=2023-02-01T00:00:00+00:00
[2023-01-08T21:06:24.352-0300] {processor.py:175} INFO - Processing /home/kallox/airflow/dags/get_interactions.py took 0.332 seconds
[2023-01-08T21:06:54.626-0300] {processor.py:153} INFO - Started process (PID=24353) to work on /home/kallox/airflow/dags/get_interactions.py
[2023-01-08T21:06:54.627-0300] {processor.py:743} INFO - Processing file /home/kallox/airflow/dags/get_interactions.py for tasks to queue
[2023-01-08T21:06:54.627-0300] {logging_mixin.py:137} INFO - [2023-01-08T21:06:54.627-0300] {dagbag.py:538} INFO - Filling up the DagBag from /home/kallox/airflow/dags/get_interactions.py
[2023-01-08T21:06:54.895-0300] {processor.py:753} INFO - DAG(s) dict_keys(['get_interactions']) retrieved from /home/kallox/airflow/dags/get_interactions.py
[2023-01-08T21:06:54.919-0300] {logging_mixin.py:137} INFO - [2023-01-08T21:06:54.919-0300] {dag.py:2676} INFO - Sync 1 DAGs
[2023-01-08T21:06:54.937-0300] {logging_mixin.py:137} INFO - [2023-01-08T21:06:54.937-0300] {dag.py:3427} INFO - Setting next_dagrun for get_interactions to 2023-01-01T00:00:00+00:00, run_after=2023-02-01T00:00:00+00:00
[2023-01-08T21:06:54.954-0300] {processor.py:175} INFO - Processing /home/kallox/airflow/dags/get_interactions.py took 0.331 seconds
[2023-01-08T21:07:25.236-0300] {processor.py:153} INFO - Started process (PID=24445) to work on /home/kallox/airflow/dags/get_interactions.py
[2023-01-08T21:07:25.237-0300] {processor.py:743} INFO - Processing file /home/kallox/airflow/dags/get_interactions.py for tasks to queue
[2023-01-08T21:07:25.238-0300] {logging_mixin.py:137} INFO - [2023-01-08T21:07:25.237-0300] {dagbag.py:538} INFO - Filling up the DagBag from /home/kallox/airflow/dags/get_interactions.py
[2023-01-08T21:07:25.495-0300] {processor.py:753} INFO - DAG(s) dict_keys(['get_interactions']) retrieved from /home/kallox/airflow/dags/get_interactions.py
[2023-01-08T21:07:25.520-0300] {logging_mixin.py:137} INFO - [2023-01-08T21:07:25.520-0300] {dag.py:2676} INFO - Sync 1 DAGs
[2023-01-08T21:07:25.542-0300] {logging_mixin.py:137} INFO - [2023-01-08T21:07:25.542-0300] {dag.py:3427} INFO - Setting next_dagrun for get_interactions to 2023-01-01T00:00:00+00:00, run_after=2023-02-01T00:00:00+00:00
[2023-01-08T21:07:25.559-0300] {processor.py:175} INFO - Processing /home/kallox/airflow/dags/get_interactions.py took 0.325 seconds
[2023-01-08T21:07:55.802-0300] {processor.py:153} INFO - Started process (PID=24537) to work on /home/kallox/airflow/dags/get_interactions.py
[2023-01-08T21:07:55.803-0300] {processor.py:743} INFO - Processing file /home/kallox/airflow/dags/get_interactions.py for tasks to queue
[2023-01-08T21:07:55.803-0300] {logging_mixin.py:137} INFO - [2023-01-08T21:07:55.803-0300] {dagbag.py:538} INFO - Filling up the DagBag from /home/kallox/airflow/dags/get_interactions.py
[2023-01-08T21:07:56.070-0300] {processor.py:753} INFO - DAG(s) dict_keys(['get_interactions']) retrieved from /home/kallox/airflow/dags/get_interactions.py
[2023-01-08T21:07:56.096-0300] {logging_mixin.py:137} INFO - [2023-01-08T21:07:56.096-0300] {dag.py:2676} INFO - Sync 1 DAGs
[2023-01-08T21:07:56.117-0300] {logging_mixin.py:137} INFO - [2023-01-08T21:07:56.117-0300] {dag.py:3427} INFO - Setting next_dagrun for get_interactions to 2023-01-01T00:00:00+00:00, run_after=2023-02-01T00:00:00+00:00
[2023-01-08T21:07:56.132-0300] {processor.py:175} INFO - Processing /home/kallox/airflow/dags/get_interactions.py took 0.334 seconds
[2023-01-08T21:08:26.390-0300] {processor.py:153} INFO - Started process (PID=24629) to work on /home/kallox/airflow/dags/get_interactions.py
[2023-01-08T21:08:26.391-0300] {processor.py:743} INFO - Processing file /home/kallox/airflow/dags/get_interactions.py for tasks to queue
[2023-01-08T21:08:26.392-0300] {logging_mixin.py:137} INFO - [2023-01-08T21:08:26.392-0300] {dagbag.py:538} INFO - Filling up the DagBag from /home/kallox/airflow/dags/get_interactions.py
[2023-01-08T21:08:26.657-0300] {processor.py:753} INFO - DAG(s) dict_keys(['get_interactions']) retrieved from /home/kallox/airflow/dags/get_interactions.py
[2023-01-08T21:08:26.684-0300] {logging_mixin.py:137} INFO - [2023-01-08T21:08:26.683-0300] {dag.py:2676} INFO - Sync 1 DAGs
[2023-01-08T21:08:26.705-0300] {logging_mixin.py:137} INFO - [2023-01-08T21:08:26.705-0300] {dag.py:3427} INFO - Setting next_dagrun for get_interactions to 2023-01-01T00:00:00+00:00, run_after=2023-02-01T00:00:00+00:00
[2023-01-08T21:08:26.722-0300] {processor.py:175} INFO - Processing /home/kallox/airflow/dags/get_interactions.py took 0.334 seconds
[2023-01-08T21:08:56.952-0300] {processor.py:153} INFO - Started process (PID=24720) to work on /home/kallox/airflow/dags/get_interactions.py
[2023-01-08T21:08:56.953-0300] {processor.py:743} INFO - Processing file /home/kallox/airflow/dags/get_interactions.py for tasks to queue
[2023-01-08T21:08:56.954-0300] {logging_mixin.py:137} INFO - [2023-01-08T21:08:56.954-0300] {dagbag.py:538} INFO - Filling up the DagBag from /home/kallox/airflow/dags/get_interactions.py
[2023-01-08T21:08:57.210-0300] {processor.py:753} INFO - DAG(s) dict_keys(['get_interactions']) retrieved from /home/kallox/airflow/dags/get_interactions.py
[2023-01-08T21:08:57.237-0300] {logging_mixin.py:137} INFO - [2023-01-08T21:08:57.237-0300] {dag.py:2676} INFO - Sync 1 DAGs
[2023-01-08T21:08:57.258-0300] {logging_mixin.py:137} INFO - [2023-01-08T21:08:57.258-0300] {dag.py:3427} INFO - Setting next_dagrun for get_interactions to 2023-01-01T00:00:00+00:00, run_after=2023-02-01T00:00:00+00:00
[2023-01-08T21:08:57.274-0300] {processor.py:175} INFO - Processing /home/kallox/airflow/dags/get_interactions.py took 0.326 seconds
[2023-01-08T21:09:28.175-0300] {processor.py:153} INFO - Started process (PID=24813) to work on /home/kallox/airflow/dags/get_interactions.py
[2023-01-08T21:09:28.176-0300] {processor.py:743} INFO - Processing file /home/kallox/airflow/dags/get_interactions.py for tasks to queue
[2023-01-08T21:09:28.176-0300] {logging_mixin.py:137} INFO - [2023-01-08T21:09:28.176-0300] {dagbag.py:538} INFO - Filling up the DagBag from /home/kallox/airflow/dags/get_interactions.py
[2023-01-08T21:09:28.436-0300] {processor.py:753} INFO - DAG(s) dict_keys(['get_interactions']) retrieved from /home/kallox/airflow/dags/get_interactions.py
[2023-01-08T21:09:28.465-0300] {logging_mixin.py:137} INFO - [2023-01-08T21:09:28.465-0300] {dag.py:2676} INFO - Sync 1 DAGs
[2023-01-08T21:09:28.485-0300] {logging_mixin.py:137} INFO - [2023-01-08T21:09:28.485-0300] {dag.py:3427} INFO - Setting next_dagrun for get_interactions to 2023-01-01T00:00:00+00:00, run_after=2023-02-01T00:00:00+00:00
[2023-01-08T21:09:28.501-0300] {processor.py:175} INFO - Processing /home/kallox/airflow/dags/get_interactions.py took 0.328 seconds
[2023-01-08T21:09:58.841-0300] {processor.py:153} INFO - Started process (PID=24910) to work on /home/kallox/airflow/dags/get_interactions.py
[2023-01-08T21:09:58.842-0300] {processor.py:743} INFO - Processing file /home/kallox/airflow/dags/get_interactions.py for tasks to queue
[2023-01-08T21:09:58.843-0300] {logging_mixin.py:137} INFO - [2023-01-08T21:09:58.842-0300] {dagbag.py:538} INFO - Filling up the DagBag from /home/kallox/airflow/dags/get_interactions.py
[2023-01-08T21:09:59.129-0300] {processor.py:753} INFO - DAG(s) dict_keys(['get_interactions']) retrieved from /home/kallox/airflow/dags/get_interactions.py
[2023-01-08T21:09:59.158-0300] {logging_mixin.py:137} INFO - [2023-01-08T21:09:59.158-0300] {dag.py:2676} INFO - Sync 1 DAGs
[2023-01-08T21:09:59.180-0300] {logging_mixin.py:137} INFO - [2023-01-08T21:09:59.180-0300] {dag.py:3427} INFO - Setting next_dagrun for get_interactions to 2023-01-01T00:00:00+00:00, run_after=2023-02-01T00:00:00+00:00
[2023-01-08T21:09:59.197-0300] {processor.py:175} INFO - Processing /home/kallox/airflow/dags/get_interactions.py took 0.359 seconds
[2023-01-08T21:10:29.471-0300] {processor.py:153} INFO - Started process (PID=25002) to work on /home/kallox/airflow/dags/get_interactions.py
[2023-01-08T21:10:29.472-0300] {processor.py:743} INFO - Processing file /home/kallox/airflow/dags/get_interactions.py for tasks to queue
[2023-01-08T21:10:29.473-0300] {logging_mixin.py:137} INFO - [2023-01-08T21:10:29.472-0300] {dagbag.py:538} INFO - Filling up the DagBag from /home/kallox/airflow/dags/get_interactions.py
[2023-01-08T21:10:29.730-0300] {processor.py:753} INFO - DAG(s) dict_keys(['get_interactions']) retrieved from /home/kallox/airflow/dags/get_interactions.py
[2023-01-08T21:10:29.753-0300] {logging_mixin.py:137} INFO - [2023-01-08T21:10:29.753-0300] {dag.py:2676} INFO - Sync 1 DAGs
[2023-01-08T21:10:29.772-0300] {logging_mixin.py:137} INFO - [2023-01-08T21:10:29.771-0300] {dag.py:3427} INFO - Setting next_dagrun for get_interactions to 2023-01-01T00:00:00+00:00, run_after=2023-02-01T00:00:00+00:00
[2023-01-08T21:10:29.788-0300] {processor.py:175} INFO - Processing /home/kallox/airflow/dags/get_interactions.py took 0.320 seconds
[2023-01-08T21:11:00.079-0300] {processor.py:153} INFO - Started process (PID=25096) to work on /home/kallox/airflow/dags/get_interactions.py
[2023-01-08T21:11:00.080-0300] {processor.py:743} INFO - Processing file /home/kallox/airflow/dags/get_interactions.py for tasks to queue
[2023-01-08T21:11:00.081-0300] {logging_mixin.py:137} INFO - [2023-01-08T21:11:00.081-0300] {dagbag.py:538} INFO - Filling up the DagBag from /home/kallox/airflow/dags/get_interactions.py
[2023-01-08T21:11:00.320-0300] {processor.py:753} INFO - DAG(s) dict_keys(['get_interactions']) retrieved from /home/kallox/airflow/dags/get_interactions.py
[2023-01-08T21:11:00.341-0300] {logging_mixin.py:137} INFO - [2023-01-08T21:11:00.341-0300] {dag.py:2676} INFO - Sync 1 DAGs
[2023-01-08T21:11:00.359-0300] {logging_mixin.py:137} INFO - [2023-01-08T21:11:00.359-0300] {dag.py:3427} INFO - Setting next_dagrun for get_interactions to 2023-01-01T00:00:00+00:00, run_after=2023-02-01T00:00:00+00:00
[2023-01-08T21:11:00.373-0300] {processor.py:175} INFO - Processing /home/kallox/airflow/dags/get_interactions.py took 0.296 seconds
[2023-01-08T21:11:30.570-0300] {processor.py:153} INFO - Started process (PID=25189) to work on /home/kallox/airflow/dags/get_interactions.py
[2023-01-08T21:11:30.571-0300] {processor.py:743} INFO - Processing file /home/kallox/airflow/dags/get_interactions.py for tasks to queue
[2023-01-08T21:11:30.571-0300] {logging_mixin.py:137} INFO - [2023-01-08T21:11:30.571-0300] {dagbag.py:538} INFO - Filling up the DagBag from /home/kallox/airflow/dags/get_interactions.py
[2023-01-08T21:11:30.823-0300] {processor.py:753} INFO - DAG(s) dict_keys(['get_interactions']) retrieved from /home/kallox/airflow/dags/get_interactions.py
[2023-01-08T21:11:30.847-0300] {logging_mixin.py:137} INFO - [2023-01-08T21:11:30.847-0300] {dag.py:2676} INFO - Sync 1 DAGs
[2023-01-08T21:11:30.866-0300] {logging_mixin.py:137} INFO - [2023-01-08T21:11:30.866-0300] {dag.py:3427} INFO - Setting next_dagrun for get_interactions to 2023-01-01T00:00:00+00:00, run_after=2023-02-01T00:00:00+00:00
[2023-01-08T21:11:30.880-0300] {processor.py:175} INFO - Processing /home/kallox/airflow/dags/get_interactions.py took 0.313 seconds
[2023-01-08T21:12:01.387-0300] {processor.py:153} INFO - Started process (PID=25285) to work on /home/kallox/airflow/dags/get_interactions.py
[2023-01-08T21:12:01.389-0300] {processor.py:743} INFO - Processing file /home/kallox/airflow/dags/get_interactions.py for tasks to queue
[2023-01-08T21:12:01.392-0300] {logging_mixin.py:137} INFO - [2023-01-08T21:12:01.392-0300] {dagbag.py:538} INFO - Filling up the DagBag from /home/kallox/airflow/dags/get_interactions.py
[2023-01-08T21:12:03.160-0300] {processor.py:753} INFO - DAG(s) dict_keys(['get_interactions']) retrieved from /home/kallox/airflow/dags/get_interactions.py
[2023-01-08T21:12:03.198-0300] {logging_mixin.py:137} INFO - [2023-01-08T21:12:03.198-0300] {dag.py:2676} INFO - Sync 1 DAGs
[2023-01-08T21:12:03.217-0300] {logging_mixin.py:137} INFO - [2023-01-08T21:12:03.217-0300] {dag.py:3427} INFO - Setting next_dagrun for get_interactions to 2023-01-01T00:00:00+00:00, run_after=2023-02-01T00:00:00+00:00
[2023-01-08T21:12:03.232-0300] {processor.py:175} INFO - Processing /home/kallox/airflow/dags/get_interactions.py took 1.870 seconds
[2023-01-08T21:12:33.591-0300] {processor.py:153} INFO - Started process (PID=25381) to work on /home/kallox/airflow/dags/get_interactions.py
[2023-01-08T21:12:33.591-0300] {processor.py:743} INFO - Processing file /home/kallox/airflow/dags/get_interactions.py for tasks to queue
[2023-01-08T21:12:33.592-0300] {logging_mixin.py:137} INFO - [2023-01-08T21:12:33.592-0300] {dagbag.py:538} INFO - Filling up the DagBag from /home/kallox/airflow/dags/get_interactions.py
[2023-01-08T21:12:34.706-0300] {processor.py:753} INFO - DAG(s) dict_keys(['get_interactions']) retrieved from /home/kallox/airflow/dags/get_interactions.py
[2023-01-08T21:12:34.740-0300] {logging_mixin.py:137} INFO - [2023-01-08T21:12:34.740-0300] {dag.py:2676} INFO - Sync 1 DAGs
[2023-01-08T21:12:34.762-0300] {logging_mixin.py:137} INFO - [2023-01-08T21:12:34.762-0300] {dag.py:3427} INFO - Setting next_dagrun for get_interactions to 2023-01-01T00:00:00+00:00, run_after=2023-02-01T00:00:00+00:00
[2023-01-08T21:12:34.780-0300] {processor.py:175} INFO - Processing /home/kallox/airflow/dags/get_interactions.py took 1.209 seconds
[2023-01-08T21:13:05.024-0300] {processor.py:153} INFO - Started process (PID=25474) to work on /home/kallox/airflow/dags/get_interactions.py
[2023-01-08T21:13:05.024-0300] {processor.py:743} INFO - Processing file /home/kallox/airflow/dags/get_interactions.py for tasks to queue
[2023-01-08T21:13:05.025-0300] {logging_mixin.py:137} INFO - [2023-01-08T21:13:05.025-0300] {dagbag.py:538} INFO - Filling up the DagBag from /home/kallox/airflow/dags/get_interactions.py
[2023-01-08T21:13:06.249-0300] {processor.py:753} INFO - DAG(s) dict_keys(['get_interactions']) retrieved from /home/kallox/airflow/dags/get_interactions.py
[2023-01-08T21:13:06.281-0300] {logging_mixin.py:137} INFO - [2023-01-08T21:13:06.281-0300] {dag.py:2676} INFO - Sync 1 DAGs
[2023-01-08T21:13:06.303-0300] {logging_mixin.py:137} INFO - [2023-01-08T21:13:06.303-0300] {dag.py:3427} INFO - Setting next_dagrun for get_interactions to 2023-01-01T00:00:00+00:00, run_after=2023-02-01T00:00:00+00:00
[2023-01-08T21:13:06.319-0300] {processor.py:175} INFO - Processing /home/kallox/airflow/dags/get_interactions.py took 1.305 seconds
[2023-01-08T21:13:36.499-0300] {processor.py:153} INFO - Started process (PID=25581) to work on /home/kallox/airflow/dags/get_interactions.py
[2023-01-08T21:13:36.499-0300] {processor.py:743} INFO - Processing file /home/kallox/airflow/dags/get_interactions.py for tasks to queue
[2023-01-08T21:13:36.500-0300] {logging_mixin.py:137} INFO - [2023-01-08T21:13:36.500-0300] {dagbag.py:538} INFO - Filling up the DagBag from /home/kallox/airflow/dags/get_interactions.py
[2023-01-08T21:13:37.026-0300] {processor.py:753} INFO - DAG(s) dict_keys(['get_interactions']) retrieved from /home/kallox/airflow/dags/get_interactions.py
[2023-01-08T21:13:37.064-0300] {logging_mixin.py:137} INFO - [2023-01-08T21:13:37.064-0300] {dag.py:2676} INFO - Sync 1 DAGs
[2023-01-08T21:13:37.084-0300] {logging_mixin.py:137} INFO - [2023-01-08T21:13:37.084-0300] {dag.py:3427} INFO - Setting next_dagrun for get_interactions to 2023-01-01T00:00:00+00:00, run_after=2023-02-01T00:00:00+00:00
[2023-01-08T21:13:37.100-0300] {processor.py:175} INFO - Processing /home/kallox/airflow/dags/get_interactions.py took 0.604 seconds
[2023-01-08T21:14:07.523-0300] {processor.py:153} INFO - Started process (PID=25679) to work on /home/kallox/airflow/dags/get_interactions.py
[2023-01-08T21:14:07.524-0300] {processor.py:743} INFO - Processing file /home/kallox/airflow/dags/get_interactions.py for tasks to queue
[2023-01-08T21:14:07.528-0300] {logging_mixin.py:137} INFO - [2023-01-08T21:14:07.527-0300] {dagbag.py:538} INFO - Filling up the DagBag from /home/kallox/airflow/dags/get_interactions.py
[2023-01-08T21:14:09.151-0300] {processor.py:753} INFO - DAG(s) dict_keys(['get_interactions']) retrieved from /home/kallox/airflow/dags/get_interactions.py
[2023-01-08T21:14:09.187-0300] {logging_mixin.py:137} INFO - [2023-01-08T21:14:09.187-0300] {dag.py:2676} INFO - Sync 1 DAGs
[2023-01-08T21:14:09.211-0300] {logging_mixin.py:137} INFO - [2023-01-08T21:14:09.211-0300] {dag.py:3427} INFO - Setting next_dagrun for get_interactions to 2023-01-01T00:00:00+00:00, run_after=2023-02-01T00:00:00+00:00
[2023-01-08T21:14:09.227-0300] {processor.py:175} INFO - Processing /home/kallox/airflow/dags/get_interactions.py took 1.753 seconds
[2023-01-08T21:14:39.503-0300] {processor.py:153} INFO - Started process (PID=25776) to work on /home/kallox/airflow/dags/get_interactions.py
[2023-01-08T21:14:39.504-0300] {processor.py:743} INFO - Processing file /home/kallox/airflow/dags/get_interactions.py for tasks to queue
[2023-01-08T21:14:39.504-0300] {logging_mixin.py:137} INFO - [2023-01-08T21:14:39.504-0300] {dagbag.py:538} INFO - Filling up the DagBag from /home/kallox/airflow/dags/get_interactions.py
[2023-01-08T21:14:40.798-0300] {processor.py:753} INFO - DAG(s) dict_keys(['get_interactions']) retrieved from /home/kallox/airflow/dags/get_interactions.py
[2023-01-08T21:14:40.829-0300] {logging_mixin.py:137} INFO - [2023-01-08T21:14:40.829-0300] {dag.py:2676} INFO - Sync 1 DAGs
[2023-01-08T21:14:40.847-0300] {logging_mixin.py:137} INFO - [2023-01-08T21:14:40.847-0300] {dag.py:3427} INFO - Setting next_dagrun for get_interactions to 2023-01-01T00:00:00+00:00, run_after=2023-02-01T00:00:00+00:00
[2023-01-08T21:14:40.868-0300] {processor.py:175} INFO - Processing /home/kallox/airflow/dags/get_interactions.py took 1.379 seconds
[2023-01-08T21:15:11.148-0300] {processor.py:153} INFO - Started process (PID=25873) to work on /home/kallox/airflow/dags/get_interactions.py
[2023-01-08T21:15:11.148-0300] {processor.py:743} INFO - Processing file /home/kallox/airflow/dags/get_interactions.py for tasks to queue
[2023-01-08T21:15:11.149-0300] {logging_mixin.py:137} INFO - [2023-01-08T21:15:11.149-0300] {dagbag.py:538} INFO - Filling up the DagBag from /home/kallox/airflow/dags/get_interactions.py
[2023-01-08T21:15:12.576-0300] {processor.py:753} INFO - DAG(s) dict_keys(['get_interactions']) retrieved from /home/kallox/airflow/dags/get_interactions.py
[2023-01-08T21:15:12.613-0300] {logging_mixin.py:137} INFO - [2023-01-08T21:15:12.613-0300] {dag.py:2676} INFO - Sync 1 DAGs
[2023-01-08T21:15:12.632-0300] {logging_mixin.py:137} INFO - [2023-01-08T21:15:12.632-0300] {dag.py:3427} INFO - Setting next_dagrun for get_interactions to 2023-01-01T00:00:00+00:00, run_after=2023-02-01T00:00:00+00:00
[2023-01-08T21:15:12.649-0300] {processor.py:175} INFO - Processing /home/kallox/airflow/dags/get_interactions.py took 1.507 seconds
[2023-01-08T21:15:43.279-0300] {processor.py:153} INFO - Started process (PID=25966) to work on /home/kallox/airflow/dags/get_interactions.py
[2023-01-08T21:15:43.280-0300] {processor.py:743} INFO - Processing file /home/kallox/airflow/dags/get_interactions.py for tasks to queue
[2023-01-08T21:15:43.287-0300] {logging_mixin.py:137} INFO - [2023-01-08T21:15:43.287-0300] {dagbag.py:538} INFO - Filling up the DagBag from /home/kallox/airflow/dags/get_interactions.py
[2023-01-08T21:15:47.730-0300] {processor.py:753} INFO - DAG(s) dict_keys(['get_interactions']) retrieved from /home/kallox/airflow/dags/get_interactions.py
[2023-01-08T21:15:47.760-0300] {logging_mixin.py:137} INFO - [2023-01-08T21:15:47.760-0300] {dag.py:2676} INFO - Sync 1 DAGs
[2023-01-08T21:15:47.779-0300] {logging_mixin.py:137} INFO - [2023-01-08T21:15:47.779-0300] {dag.py:3427} INFO - Setting next_dagrun for get_interactions to 2023-01-01T00:00:00+00:00, run_after=2023-02-01T00:00:00+00:00
[2023-01-08T21:15:47.797-0300] {processor.py:175} INFO - Processing /home/kallox/airflow/dags/get_interactions.py took 4.597 seconds
[2023-01-08T21:16:18.089-0300] {processor.py:153} INFO - Started process (PID=26067) to work on /home/kallox/airflow/dags/get_interactions.py
[2023-01-08T21:16:18.110-0300] {processor.py:743} INFO - Processing file /home/kallox/airflow/dags/get_interactions.py for tasks to queue
[2023-01-08T21:16:18.114-0300] {logging_mixin.py:137} INFO - [2023-01-08T21:16:18.111-0300] {dagbag.py:538} INFO - Filling up the DagBag from /home/kallox/airflow/dags/get_interactions.py
[2023-01-08T21:16:21.623-0300] {processor.py:753} INFO - DAG(s) dict_keys(['get_interactions']) retrieved from /home/kallox/airflow/dags/get_interactions.py
[2023-01-08T21:16:22.140-0300] {logging_mixin.py:137} INFO - [2023-01-08T21:16:22.140-0300] {dag.py:2676} INFO - Sync 1 DAGs
[2023-01-08T21:16:22.161-0300] {logging_mixin.py:137} INFO - [2023-01-08T21:16:22.161-0300] {dag.py:3427} INFO - Setting next_dagrun for get_interactions to 2023-01-01T00:00:00+00:00, run_after=2023-02-01T00:00:00+00:00
[2023-01-08T21:16:22.179-0300] {processor.py:175} INFO - Processing /home/kallox/airflow/dags/get_interactions.py took 4.229 seconds
[2023-01-08T21:16:52.263-0300] {processor.py:153} INFO - Started process (PID=26164) to work on /home/kallox/airflow/dags/get_interactions.py
[2023-01-08T21:16:52.264-0300] {processor.py:743} INFO - Processing file /home/kallox/airflow/dags/get_interactions.py for tasks to queue
[2023-01-08T21:16:52.265-0300] {logging_mixin.py:137} INFO - [2023-01-08T21:16:52.265-0300] {dagbag.py:538} INFO - Filling up the DagBag from /home/kallox/airflow/dags/get_interactions.py
[2023-01-08T21:16:54.461-0300] {processor.py:753} INFO - DAG(s) dict_keys(['get_interactions']) retrieved from /home/kallox/airflow/dags/get_interactions.py
[2023-01-08T21:16:54.483-0300] {logging_mixin.py:137} INFO - [2023-01-08T21:16:54.483-0300] {dag.py:2676} INFO - Sync 1 DAGs
[2023-01-08T21:16:54.502-0300] {logging_mixin.py:137} INFO - [2023-01-08T21:16:54.502-0300] {dag.py:3427} INFO - Setting next_dagrun for get_interactions to 2023-01-01T00:00:00+00:00, run_after=2023-02-01T00:00:00+00:00
[2023-01-08T21:16:54.549-0300] {processor.py:175} INFO - Processing /home/kallox/airflow/dags/get_interactions.py took 2.332 seconds
[2023-01-08T21:17:25.017-0300] {processor.py:153} INFO - Started process (PID=26262) to work on /home/kallox/airflow/dags/get_interactions.py
[2023-01-08T21:17:25.021-0300] {processor.py:743} INFO - Processing file /home/kallox/airflow/dags/get_interactions.py for tasks to queue
[2023-01-08T21:17:25.026-0300] {logging_mixin.py:137} INFO - [2023-01-08T21:17:25.025-0300] {dagbag.py:538} INFO - Filling up the DagBag from /home/kallox/airflow/dags/get_interactions.py
[2023-01-08T21:17:28.864-0300] {processor.py:753} INFO - DAG(s) dict_keys(['get_interactions']) retrieved from /home/kallox/airflow/dags/get_interactions.py
[2023-01-08T21:17:28.914-0300] {logging_mixin.py:137} INFO - [2023-01-08T21:17:28.913-0300] {dag.py:2676} INFO - Sync 1 DAGs
[2023-01-08T21:17:28.935-0300] {logging_mixin.py:137} INFO - [2023-01-08T21:17:28.935-0300] {dag.py:3427} INFO - Setting next_dagrun for get_interactions to 2023-01-01T00:00:00+00:00, run_after=2023-02-01T00:00:00+00:00
[2023-01-08T21:17:28.959-0300] {processor.py:175} INFO - Processing /home/kallox/airflow/dags/get_interactions.py took 3.982 seconds
[2023-01-08T21:17:59.471-0300] {processor.py:153} INFO - Started process (PID=26359) to work on /home/kallox/airflow/dags/get_interactions.py
[2023-01-08T21:17:59.477-0300] {processor.py:743} INFO - Processing file /home/kallox/airflow/dags/get_interactions.py for tasks to queue
[2023-01-08T21:17:59.483-0300] {logging_mixin.py:137} INFO - [2023-01-08T21:17:59.483-0300] {dagbag.py:538} INFO - Filling up the DagBag from /home/kallox/airflow/dags/get_interactions.py
[2023-01-08T21:18:03.712-0300] {processor.py:753} INFO - DAG(s) dict_keys(['get_interactions']) retrieved from /home/kallox/airflow/dags/get_interactions.py
[2023-01-08T21:18:03.753-0300] {logging_mixin.py:137} INFO - [2023-01-08T21:18:03.753-0300] {dag.py:2676} INFO - Sync 1 DAGs
[2023-01-08T21:18:03.775-0300] {logging_mixin.py:137} INFO - [2023-01-08T21:18:03.775-0300] {dag.py:3427} INFO - Setting next_dagrun for get_interactions to 2023-01-01T00:00:00+00:00, run_after=2023-02-01T00:00:00+00:00
[2023-01-08T21:18:03.799-0300] {processor.py:175} INFO - Processing /home/kallox/airflow/dags/get_interactions.py took 4.341 seconds
[2023-01-08T21:18:34.535-0300] {processor.py:153} INFO - Started process (PID=26460) to work on /home/kallox/airflow/dags/get_interactions.py
[2023-01-08T21:18:34.535-0300] {processor.py:743} INFO - Processing file /home/kallox/airflow/dags/get_interactions.py for tasks to queue
[2023-01-08T21:18:34.536-0300] {logging_mixin.py:137} INFO - [2023-01-08T21:18:34.536-0300] {dagbag.py:538} INFO - Filling up the DagBag from /home/kallox/airflow/dags/get_interactions.py
[2023-01-08T21:18:36.466-0300] {processor.py:753} INFO - DAG(s) dict_keys(['get_interactions']) retrieved from /home/kallox/airflow/dags/get_interactions.py
[2023-01-08T21:18:36.585-0300] {logging_mixin.py:137} INFO - [2023-01-08T21:18:36.585-0300] {dag.py:2676} INFO - Sync 1 DAGs
[2023-01-08T21:18:36.613-0300] {logging_mixin.py:137} INFO - [2023-01-08T21:18:36.613-0300] {dag.py:3427} INFO - Setting next_dagrun for get_interactions to 2023-01-01T00:00:00+00:00, run_after=2023-02-01T00:00:00+00:00
[2023-01-08T21:18:36.632-0300] {processor.py:175} INFO - Processing /home/kallox/airflow/dags/get_interactions.py took 2.650 seconds
[2023-01-08T21:19:07.204-0300] {processor.py:153} INFO - Started process (PID=26559) to work on /home/kallox/airflow/dags/get_interactions.py
[2023-01-08T21:19:07.231-0300] {processor.py:743} INFO - Processing file /home/kallox/airflow/dags/get_interactions.py for tasks to queue
[2023-01-08T21:19:07.231-0300] {logging_mixin.py:137} INFO - [2023-01-08T21:19:07.231-0300] {dagbag.py:538} INFO - Filling up the DagBag from /home/kallox/airflow/dags/get_interactions.py
[2023-01-08T21:19:09.805-0300] {processor.py:753} INFO - DAG(s) dict_keys(['get_interactions']) retrieved from /home/kallox/airflow/dags/get_interactions.py
[2023-01-08T21:19:09.839-0300] {logging_mixin.py:137} INFO - [2023-01-08T21:19:09.839-0300] {dag.py:2676} INFO - Sync 1 DAGs
[2023-01-08T21:19:09.858-0300] {logging_mixin.py:137} INFO - [2023-01-08T21:19:09.858-0300] {dag.py:3427} INFO - Setting next_dagrun for get_interactions to 2023-01-01T00:00:00+00:00, run_after=2023-02-01T00:00:00+00:00
[2023-01-08T21:19:09.880-0300] {processor.py:175} INFO - Processing /home/kallox/airflow/dags/get_interactions.py took 2.710 seconds
[2023-01-08T21:19:57.452-0300] {processor.py:153} INFO - Started process (PID=26668) to work on /home/kallox/airflow/dags/get_interactions.py
[2023-01-08T21:19:57.455-0300] {processor.py:743} INFO - Processing file /home/kallox/airflow/dags/get_interactions.py for tasks to queue
[2023-01-08T21:19:57.460-0300] {logging_mixin.py:137} INFO - [2023-01-08T21:19:57.459-0300] {dagbag.py:538} INFO - Filling up the DagBag from /home/kallox/airflow/dags/get_interactions.py
[2023-01-08T21:19:59.779-0300] {processor.py:753} INFO - DAG(s) dict_keys(['get_interactions']) retrieved from /home/kallox/airflow/dags/get_interactions.py
[2023-01-08T21:19:59.809-0300] {logging_mixin.py:137} INFO - [2023-01-08T21:19:59.809-0300] {dag.py:2676} INFO - Sync 1 DAGs
[2023-01-08T21:19:59.831-0300] {logging_mixin.py:137} INFO - [2023-01-08T21:19:59.831-0300] {dag.py:3427} INFO - Setting next_dagrun for get_interactions to 2023-01-01T00:00:00+00:00, run_after=2023-02-01T00:00:00+00:00
[2023-01-08T21:19:59.849-0300] {processor.py:175} INFO - Processing /home/kallox/airflow/dags/get_interactions.py took 2.428 seconds
[2023-01-08T21:20:30.267-0300] {processor.py:153} INFO - Started process (PID=26766) to work on /home/kallox/airflow/dags/get_interactions.py
[2023-01-08T21:20:30.311-0300] {processor.py:743} INFO - Processing file /home/kallox/airflow/dags/get_interactions.py for tasks to queue
[2023-01-08T21:20:30.312-0300] {logging_mixin.py:137} INFO - [2023-01-08T21:20:30.312-0300] {dagbag.py:538} INFO - Filling up the DagBag from /home/kallox/airflow/dags/get_interactions.py
[2023-01-08T21:20:32.122-0300] {processor.py:753} INFO - DAG(s) dict_keys(['get_interactions']) retrieved from /home/kallox/airflow/dags/get_interactions.py
[2023-01-08T21:20:32.206-0300] {logging_mixin.py:137} INFO - [2023-01-08T21:20:32.205-0300] {dag.py:2676} INFO - Sync 1 DAGs
[2023-01-08T21:20:32.243-0300] {logging_mixin.py:137} INFO - [2023-01-08T21:20:32.243-0300] {dag.py:3427} INFO - Setting next_dagrun for get_interactions to 2023-01-01T00:00:00+00:00, run_after=2023-02-01T00:00:00+00:00
[2023-01-08T21:20:32.315-0300] {processor.py:175} INFO - Processing /home/kallox/airflow/dags/get_interactions.py took 2.054 seconds
[2023-01-08T21:21:02.779-0300] {processor.py:153} INFO - Started process (PID=26858) to work on /home/kallox/airflow/dags/get_interactions.py
[2023-01-08T21:21:02.780-0300] {processor.py:743} INFO - Processing file /home/kallox/airflow/dags/get_interactions.py for tasks to queue
[2023-01-08T21:21:02.781-0300] {logging_mixin.py:137} INFO - [2023-01-08T21:21:02.781-0300] {dagbag.py:538} INFO - Filling up the DagBag from /home/kallox/airflow/dags/get_interactions.py
[2023-01-08T21:21:04.296-0300] {processor.py:753} INFO - DAG(s) dict_keys(['get_interactions']) retrieved from /home/kallox/airflow/dags/get_interactions.py
[2023-01-08T21:21:04.326-0300] {logging_mixin.py:137} INFO - [2023-01-08T21:21:04.326-0300] {dag.py:2676} INFO - Sync 1 DAGs
[2023-01-08T21:21:04.346-0300] {logging_mixin.py:137} INFO - [2023-01-08T21:21:04.346-0300] {dag.py:3427} INFO - Setting next_dagrun for get_interactions to 2023-01-01T00:00:00+00:00, run_after=2023-02-01T00:00:00+00:00
[2023-01-08T21:21:04.362-0300] {processor.py:175} INFO - Processing /home/kallox/airflow/dags/get_interactions.py took 1.588 seconds
[2023-01-08T21:21:34.736-0300] {processor.py:153} INFO - Started process (PID=26953) to work on /home/kallox/airflow/dags/get_interactions.py
[2023-01-08T21:21:34.736-0300] {processor.py:743} INFO - Processing file /home/kallox/airflow/dags/get_interactions.py for tasks to queue
[2023-01-08T21:21:34.738-0300] {logging_mixin.py:137} INFO - [2023-01-08T21:21:34.737-0300] {dagbag.py:538} INFO - Filling up the DagBag from /home/kallox/airflow/dags/get_interactions.py
[2023-01-08T21:21:38.126-0300] {processor.py:753} INFO - DAG(s) dict_keys(['get_interactions']) retrieved from /home/kallox/airflow/dags/get_interactions.py
[2023-01-08T21:21:38.159-0300] {logging_mixin.py:137} INFO - [2023-01-08T21:21:38.159-0300] {dag.py:2676} INFO - Sync 1 DAGs
[2023-01-08T21:21:38.350-0300] {logging_mixin.py:137} INFO - [2023-01-08T21:21:38.350-0300] {dag.py:3427} INFO - Setting next_dagrun for get_interactions to 2023-01-01T00:00:00+00:00, run_after=2023-02-01T00:00:00+00:00
[2023-01-08T21:21:38.370-0300] {processor.py:175} INFO - Processing /home/kallox/airflow/dags/get_interactions.py took 3.706 seconds
[2023-01-08T21:22:08.856-0300] {processor.py:153} INFO - Started process (PID=27045) to work on /home/kallox/airflow/dags/get_interactions.py
[2023-01-08T21:22:08.857-0300] {processor.py:743} INFO - Processing file /home/kallox/airflow/dags/get_interactions.py for tasks to queue
[2023-01-08T21:22:08.858-0300] {logging_mixin.py:137} INFO - [2023-01-08T21:22:08.857-0300] {dagbag.py:538} INFO - Filling up the DagBag from /home/kallox/airflow/dags/get_interactions.py
[2023-01-08T21:22:09.757-0300] {processor.py:753} INFO - DAG(s) dict_keys(['get_interactions']) retrieved from /home/kallox/airflow/dags/get_interactions.py
[2023-01-08T21:22:09.792-0300] {logging_mixin.py:137} INFO - [2023-01-08T21:22:09.792-0300] {dag.py:2676} INFO - Sync 1 DAGs
[2023-01-08T21:22:09.813-0300] {logging_mixin.py:137} INFO - [2023-01-08T21:22:09.813-0300] {dag.py:3427} INFO - Setting next_dagrun for get_interactions to 2023-01-01T00:00:00+00:00, run_after=2023-02-01T00:00:00+00:00
[2023-01-08T21:22:09.837-0300] {processor.py:175} INFO - Processing /home/kallox/airflow/dags/get_interactions.py took 0.984 seconds
[2023-01-08T21:22:40.111-0300] {processor.py:153} INFO - Started process (PID=27146) to work on /home/kallox/airflow/dags/get_interactions.py
[2023-01-08T21:22:40.112-0300] {processor.py:743} INFO - Processing file /home/kallox/airflow/dags/get_interactions.py for tasks to queue
[2023-01-08T21:22:40.113-0300] {logging_mixin.py:137} INFO - [2023-01-08T21:22:40.113-0300] {dagbag.py:538} INFO - Filling up the DagBag from /home/kallox/airflow/dags/get_interactions.py
[2023-01-08T21:22:40.999-0300] {processor.py:753} INFO - DAG(s) dict_keys(['get_interactions']) retrieved from /home/kallox/airflow/dags/get_interactions.py
[2023-01-08T21:22:41.032-0300] {logging_mixin.py:137} INFO - [2023-01-08T21:22:41.031-0300] {dag.py:2676} INFO - Sync 1 DAGs
[2023-01-08T21:22:41.053-0300] {logging_mixin.py:137} INFO - [2023-01-08T21:22:41.052-0300] {dag.py:3427} INFO - Setting next_dagrun for get_interactions to 2023-01-01T00:00:00+00:00, run_after=2023-02-01T00:00:00+00:00
[2023-01-08T21:22:41.086-0300] {processor.py:175} INFO - Processing /home/kallox/airflow/dags/get_interactions.py took 0.981 seconds
[2023-01-08T21:23:11.717-0300] {processor.py:153} INFO - Started process (PID=27244) to work on /home/kallox/airflow/dags/get_interactions.py
[2023-01-08T21:23:11.721-0300] {processor.py:743} INFO - Processing file /home/kallox/airflow/dags/get_interactions.py for tasks to queue
[2023-01-08T21:23:11.730-0300] {logging_mixin.py:137} INFO - [2023-01-08T21:23:11.730-0300] {dagbag.py:538} INFO - Filling up the DagBag from /home/kallox/airflow/dags/get_interactions.py
[2023-01-08T21:23:15.254-0300] {processor.py:753} INFO - DAG(s) dict_keys(['get_interactions']) retrieved from /home/kallox/airflow/dags/get_interactions.py
[2023-01-08T21:23:15.397-0300] {logging_mixin.py:137} INFO - [2023-01-08T21:23:15.397-0300] {dag.py:2676} INFO - Sync 1 DAGs
[2023-01-08T21:23:15.431-0300] {logging_mixin.py:137} INFO - [2023-01-08T21:23:15.431-0300] {dag.py:3427} INFO - Setting next_dagrun for get_interactions to 2023-01-01T00:00:00+00:00, run_after=2023-02-01T00:00:00+00:00
[2023-01-08T21:23:15.459-0300] {processor.py:175} INFO - Processing /home/kallox/airflow/dags/get_interactions.py took 3.777 seconds
[2023-01-08T21:23:45.744-0300] {processor.py:153} INFO - Started process (PID=27340) to work on /home/kallox/airflow/dags/get_interactions.py
[2023-01-08T21:23:45.745-0300] {processor.py:743} INFO - Processing file /home/kallox/airflow/dags/get_interactions.py for tasks to queue
[2023-01-08T21:23:45.746-0300] {logging_mixin.py:137} INFO - [2023-01-08T21:23:45.745-0300] {dagbag.py:538} INFO - Filling up the DagBag from /home/kallox/airflow/dags/get_interactions.py
[2023-01-08T21:23:47.370-0300] {processor.py:753} INFO - DAG(s) dict_keys(['get_interactions']) retrieved from /home/kallox/airflow/dags/get_interactions.py
[2023-01-08T21:23:47.550-0300] {logging_mixin.py:137} INFO - [2023-01-08T21:23:47.549-0300] {dag.py:2676} INFO - Sync 1 DAGs
[2023-01-08T21:23:47.570-0300] {logging_mixin.py:137} INFO - [2023-01-08T21:23:47.570-0300] {dag.py:3427} INFO - Setting next_dagrun for get_interactions to 2023-01-01T00:00:00+00:00, run_after=2023-02-01T00:00:00+00:00
[2023-01-08T21:23:47.661-0300] {processor.py:175} INFO - Processing /home/kallox/airflow/dags/get_interactions.py took 1.920 seconds
[2023-01-08T21:24:18.518-0300] {processor.py:153} INFO - Started process (PID=27441) to work on /home/kallox/airflow/dags/get_interactions.py
[2023-01-08T21:24:18.519-0300] {processor.py:743} INFO - Processing file /home/kallox/airflow/dags/get_interactions.py for tasks to queue
[2023-01-08T21:24:18.520-0300] {logging_mixin.py:137} INFO - [2023-01-08T21:24:18.520-0300] {dagbag.py:538} INFO - Filling up the DagBag from /home/kallox/airflow/dags/get_interactions.py
[2023-01-08T21:24:19.048-0300] {processor.py:753} INFO - DAG(s) dict_keys(['get_interactions']) retrieved from /home/kallox/airflow/dags/get_interactions.py
[2023-01-08T21:24:19.071-0300] {logging_mixin.py:137} INFO - [2023-01-08T21:24:19.071-0300] {dag.py:2676} INFO - Sync 1 DAGs
[2023-01-08T21:24:19.092-0300] {logging_mixin.py:137} INFO - [2023-01-08T21:24:19.092-0300] {dag.py:3427} INFO - Setting next_dagrun for get_interactions to 2023-01-01T00:00:00+00:00, run_after=2023-02-01T00:00:00+00:00
[2023-01-08T21:24:19.114-0300] {processor.py:175} INFO - Processing /home/kallox/airflow/dags/get_interactions.py took 0.607 seconds
[2023-01-08T21:24:49.551-0300] {processor.py:153} INFO - Started process (PID=27533) to work on /home/kallox/airflow/dags/get_interactions.py
[2023-01-08T21:24:49.552-0300] {processor.py:743} INFO - Processing file /home/kallox/airflow/dags/get_interactions.py for tasks to queue
[2023-01-08T21:24:49.553-0300] {logging_mixin.py:137} INFO - [2023-01-08T21:24:49.553-0300] {dagbag.py:538} INFO - Filling up the DagBag from /home/kallox/airflow/dags/get_interactions.py
[2023-01-08T21:24:52.274-0300] {processor.py:753} INFO - DAG(s) dict_keys(['get_interactions']) retrieved from /home/kallox/airflow/dags/get_interactions.py
[2023-01-08T21:24:52.302-0300] {logging_mixin.py:137} INFO - [2023-01-08T21:24:52.302-0300] {dag.py:2676} INFO - Sync 1 DAGs
[2023-01-08T21:24:52.320-0300] {logging_mixin.py:137} INFO - [2023-01-08T21:24:52.320-0300] {dag.py:3427} INFO - Setting next_dagrun for get_interactions to 2023-01-01T00:00:00+00:00, run_after=2023-02-01T00:00:00+00:00
[2023-01-08T21:24:52.335-0300] {processor.py:175} INFO - Processing /home/kallox/airflow/dags/get_interactions.py took 2.788 seconds
[2023-01-08T21:25:22.520-0300] {processor.py:153} INFO - Started process (PID=27610) to work on /home/kallox/airflow/dags/get_interactions.py
[2023-01-08T21:25:22.521-0300] {processor.py:743} INFO - Processing file /home/kallox/airflow/dags/get_interactions.py for tasks to queue
[2023-01-08T21:25:22.522-0300] {logging_mixin.py:137} INFO - [2023-01-08T21:25:22.521-0300] {dagbag.py:538} INFO - Filling up the DagBag from /home/kallox/airflow/dags/get_interactions.py
[2023-01-08T21:25:22.754-0300] {processor.py:753} INFO - DAG(s) dict_keys(['get_interactions']) retrieved from /home/kallox/airflow/dags/get_interactions.py
[2023-01-08T21:25:22.778-0300] {logging_mixin.py:137} INFO - [2023-01-08T21:25:22.777-0300] {dag.py:2676} INFO - Sync 1 DAGs
[2023-01-08T21:25:22.796-0300] {logging_mixin.py:137} INFO - [2023-01-08T21:25:22.796-0300] {dag.py:3427} INFO - Setting next_dagrun for get_interactions to 2023-01-01T00:00:00+00:00, run_after=2023-02-01T00:00:00+00:00
[2023-01-08T21:25:22.812-0300] {processor.py:175} INFO - Processing /home/kallox/airflow/dags/get_interactions.py took 0.295 seconds
[2023-01-08T21:25:53.006-0300] {processor.py:153} INFO - Started process (PID=27694) to work on /home/kallox/airflow/dags/get_interactions.py
[2023-01-08T21:25:53.007-0300] {processor.py:743} INFO - Processing file /home/kallox/airflow/dags/get_interactions.py for tasks to queue
[2023-01-08T21:25:53.008-0300] {logging_mixin.py:137} INFO - [2023-01-08T21:25:53.008-0300] {dagbag.py:538} INFO - Filling up the DagBag from /home/kallox/airflow/dags/get_interactions.py
[2023-01-08T21:25:53.230-0300] {processor.py:753} INFO - DAG(s) dict_keys(['get_interactions']) retrieved from /home/kallox/airflow/dags/get_interactions.py
[2023-01-08T21:25:53.252-0300] {logging_mixin.py:137} INFO - [2023-01-08T21:25:53.252-0300] {dag.py:2676} INFO - Sync 1 DAGs
[2023-01-08T21:25:53.270-0300] {logging_mixin.py:137} INFO - [2023-01-08T21:25:53.270-0300] {dag.py:3427} INFO - Setting next_dagrun for get_interactions to 2023-01-01T00:00:00+00:00, run_after=2023-02-01T00:00:00+00:00
[2023-01-08T21:25:53.285-0300] {processor.py:175} INFO - Processing /home/kallox/airflow/dags/get_interactions.py took 0.281 seconds
[2023-01-08T21:26:23.437-0300] {processor.py:153} INFO - Started process (PID=27768) to work on /home/kallox/airflow/dags/get_interactions.py
[2023-01-08T21:26:23.438-0300] {processor.py:743} INFO - Processing file /home/kallox/airflow/dags/get_interactions.py for tasks to queue
[2023-01-08T21:26:23.439-0300] {logging_mixin.py:137} INFO - [2023-01-08T21:26:23.439-0300] {dagbag.py:538} INFO - Filling up the DagBag from /home/kallox/airflow/dags/get_interactions.py
[2023-01-08T21:26:23.665-0300] {processor.py:753} INFO - DAG(s) dict_keys(['get_interactions']) retrieved from /home/kallox/airflow/dags/get_interactions.py
[2023-01-08T21:26:23.692-0300] {logging_mixin.py:137} INFO - [2023-01-08T21:26:23.692-0300] {dag.py:2676} INFO - Sync 1 DAGs
[2023-01-08T21:26:23.712-0300] {logging_mixin.py:137} INFO - [2023-01-08T21:26:23.711-0300] {dag.py:3427} INFO - Setting next_dagrun for get_interactions to 2023-01-01T00:00:00+00:00, run_after=2023-02-01T00:00:00+00:00
[2023-01-08T21:26:23.727-0300] {processor.py:175} INFO - Processing /home/kallox/airflow/dags/get_interactions.py took 0.293 seconds
[2023-01-08T21:26:53.899-0300] {processor.py:153} INFO - Started process (PID=27845) to work on /home/kallox/airflow/dags/get_interactions.py
[2023-01-08T21:26:53.907-0300] {processor.py:743} INFO - Processing file /home/kallox/airflow/dags/get_interactions.py for tasks to queue
[2023-01-08T21:26:53.908-0300] {logging_mixin.py:137} INFO - [2023-01-08T21:26:53.908-0300] {dagbag.py:538} INFO - Filling up the DagBag from /home/kallox/airflow/dags/get_interactions.py
[2023-01-08T21:26:54.127-0300] {processor.py:753} INFO - DAG(s) dict_keys(['get_interactions']) retrieved from /home/kallox/airflow/dags/get_interactions.py
[2023-01-08T21:26:54.151-0300] {logging_mixin.py:137} INFO - [2023-01-08T21:26:54.151-0300] {dag.py:2676} INFO - Sync 1 DAGs
[2023-01-08T21:26:54.168-0300] {logging_mixin.py:137} INFO - [2023-01-08T21:26:54.168-0300] {dag.py:3427} INFO - Setting next_dagrun for get_interactions to 2023-01-01T00:00:00+00:00, run_after=2023-02-01T00:00:00+00:00
[2023-01-08T21:26:54.191-0300] {processor.py:175} INFO - Processing /home/kallox/airflow/dags/get_interactions.py took 0.294 seconds
[2023-01-08T21:27:24.373-0300] {processor.py:153} INFO - Started process (PID=27919) to work on /home/kallox/airflow/dags/get_interactions.py
[2023-01-08T21:27:24.374-0300] {processor.py:743} INFO - Processing file /home/kallox/airflow/dags/get_interactions.py for tasks to queue
[2023-01-08T21:27:24.375-0300] {logging_mixin.py:137} INFO - [2023-01-08T21:27:24.375-0300] {dagbag.py:538} INFO - Filling up the DagBag from /home/kallox/airflow/dags/get_interactions.py
[2023-01-08T21:27:24.606-0300] {processor.py:753} INFO - DAG(s) dict_keys(['get_interactions']) retrieved from /home/kallox/airflow/dags/get_interactions.py
[2023-01-08T21:27:24.630-0300] {logging_mixin.py:137} INFO - [2023-01-08T21:27:24.630-0300] {dag.py:2676} INFO - Sync 1 DAGs
[2023-01-08T21:27:24.648-0300] {logging_mixin.py:137} INFO - [2023-01-08T21:27:24.648-0300] {dag.py:3427} INFO - Setting next_dagrun for get_interactions to 2023-01-01T00:00:00+00:00, run_after=2023-02-01T00:00:00+00:00
[2023-01-08T21:27:24.665-0300] {processor.py:175} INFO - Processing /home/kallox/airflow/dags/get_interactions.py took 0.294 seconds
[2023-01-08T21:27:44.471-0300] {processor.py:153} INFO - Started process (PID=28162) to work on /home/kallox/airflow/dags/get_interactions.py
[2023-01-08T21:27:44.472-0300] {processor.py:743} INFO - Processing file /home/kallox/airflow/dags/get_interactions.py for tasks to queue
[2023-01-08T21:27:44.472-0300] {logging_mixin.py:137} INFO - [2023-01-08T21:27:44.472-0300] {dagbag.py:538} INFO - Filling up the DagBag from /home/kallox/airflow/dags/get_interactions.py
[2023-01-08T21:27:44.601-0300] {processor.py:753} INFO - DAG(s) dict_keys(['get_interactions']) retrieved from /home/kallox/airflow/dags/get_interactions.py
[2023-01-08T21:27:44.709-0300] {logging_mixin.py:137} INFO - [2023-01-08T21:27:44.709-0300] {dag.py:2676} INFO - Sync 1 DAGs
[2023-01-08T21:27:44.726-0300] {logging_mixin.py:137} INFO - [2023-01-08T21:27:44.726-0300] {dag.py:3427} INFO - Setting next_dagrun for get_interactions to 2023-01-01T00:00:00+00:00, run_after=2023-02-01T00:00:00+00:00
[2023-01-08T21:27:44.747-0300] {processor.py:175} INFO - Processing /home/kallox/airflow/dags/get_interactions.py took 0.278 seconds
[2023-01-08T21:28:15.098-0300] {processor.py:153} INFO - Started process (PID=28241) to work on /home/kallox/airflow/dags/get_interactions.py
[2023-01-08T21:28:15.100-0300] {processor.py:743} INFO - Processing file /home/kallox/airflow/dags/get_interactions.py for tasks to queue
[2023-01-08T21:28:15.101-0300] {logging_mixin.py:137} INFO - [2023-01-08T21:28:15.100-0300] {dagbag.py:538} INFO - Filling up the DagBag from /home/kallox/airflow/dags/get_interactions.py
[2023-01-08T21:28:15.314-0300] {processor.py:753} INFO - DAG(s) dict_keys(['get_interactions']) retrieved from /home/kallox/airflow/dags/get_interactions.py
[2023-01-08T21:28:15.335-0300] {logging_mixin.py:137} INFO - [2023-01-08T21:28:15.335-0300] {dag.py:2676} INFO - Sync 1 DAGs
[2023-01-08T21:28:15.352-0300] {logging_mixin.py:137} INFO - [2023-01-08T21:28:15.352-0300] {dag.py:3427} INFO - Setting next_dagrun for get_interactions to 2023-01-01T00:00:00+00:00, run_after=2023-02-01T00:00:00+00:00
[2023-01-08T21:28:15.375-0300] {processor.py:175} INFO - Processing /home/kallox/airflow/dags/get_interactions.py took 0.279 seconds
[2023-01-08T21:28:45.811-0300] {processor.py:153} INFO - Started process (PID=28322) to work on /home/kallox/airflow/dags/get_interactions.py
[2023-01-08T21:28:45.814-0300] {processor.py:743} INFO - Processing file /home/kallox/airflow/dags/get_interactions.py for tasks to queue
[2023-01-08T21:28:45.814-0300] {logging_mixin.py:137} INFO - [2023-01-08T21:28:45.814-0300] {dagbag.py:538} INFO - Filling up the DagBag from /home/kallox/airflow/dags/get_interactions.py
[2023-01-08T21:28:45.958-0300] {processor.py:753} INFO - DAG(s) dict_keys(['get_interactions']) retrieved from /home/kallox/airflow/dags/get_interactions.py
[2023-01-08T21:28:45.985-0300] {logging_mixin.py:137} INFO - [2023-01-08T21:28:45.985-0300] {dag.py:2676} INFO - Sync 1 DAGs
[2023-01-08T21:28:46.093-0300] {logging_mixin.py:137} INFO - [2023-01-08T21:28:46.093-0300] {dag.py:3427} INFO - Setting next_dagrun for get_interactions to 2023-01-01T00:00:00+00:00, run_after=2023-02-01T00:00:00+00:00
[2023-01-08T21:28:46.108-0300] {processor.py:175} INFO - Processing /home/kallox/airflow/dags/get_interactions.py took 0.299 seconds
[2023-01-08T21:29:16.221-0300] {processor.py:153} INFO - Started process (PID=28402) to work on /home/kallox/airflow/dags/get_interactions.py
[2023-01-08T21:29:16.223-0300] {processor.py:743} INFO - Processing file /home/kallox/airflow/dags/get_interactions.py for tasks to queue
[2023-01-08T21:29:16.224-0300] {logging_mixin.py:137} INFO - [2023-01-08T21:29:16.223-0300] {dagbag.py:538} INFO - Filling up the DagBag from /home/kallox/airflow/dags/get_interactions.py
[2023-01-08T21:29:16.359-0300] {processor.py:753} INFO - DAG(s) dict_keys(['get_interactions']) retrieved from /home/kallox/airflow/dags/get_interactions.py
[2023-01-08T21:29:16.383-0300] {logging_mixin.py:137} INFO - [2023-01-08T21:29:16.383-0300] {dag.py:2676} INFO - Sync 1 DAGs
[2023-01-08T21:29:16.490-0300] {logging_mixin.py:137} INFO - [2023-01-08T21:29:16.490-0300] {dag.py:3427} INFO - Setting next_dagrun for get_interactions to 2023-01-01T00:00:00+00:00, run_after=2023-02-01T00:00:00+00:00
[2023-01-08T21:29:16.507-0300] {processor.py:175} INFO - Processing /home/kallox/airflow/dags/get_interactions.py took 0.288 seconds
[2023-01-08T21:29:46.896-0300] {processor.py:153} INFO - Started process (PID=28490) to work on /home/kallox/airflow/dags/get_interactions.py
[2023-01-08T21:29:46.897-0300] {processor.py:743} INFO - Processing file /home/kallox/airflow/dags/get_interactions.py for tasks to queue
[2023-01-08T21:29:46.898-0300] {logging_mixin.py:137} INFO - [2023-01-08T21:29:46.897-0300] {dagbag.py:538} INFO - Filling up the DagBag from /home/kallox/airflow/dags/get_interactions.py
[2023-01-08T21:29:47.015-0300] {processor.py:753} INFO - DAG(s) dict_keys(['get_interactions']) retrieved from /home/kallox/airflow/dags/get_interactions.py
[2023-01-08T21:29:47.039-0300] {logging_mixin.py:137} INFO - [2023-01-08T21:29:47.039-0300] {dag.py:2676} INFO - Sync 1 DAGs
[2023-01-08T21:29:47.147-0300] {logging_mixin.py:137} INFO - [2023-01-08T21:29:47.147-0300] {dag.py:3427} INFO - Setting next_dagrun for get_interactions to 2023-01-01T00:00:00+00:00, run_after=2023-02-01T00:00:00+00:00
[2023-01-08T21:29:47.174-0300] {processor.py:175} INFO - Processing /home/kallox/airflow/dags/get_interactions.py took 0.279 seconds
[2023-01-08T21:30:17.851-0300] {processor.py:153} INFO - Started process (PID=28571) to work on /home/kallox/airflow/dags/get_interactions.py
[2023-01-08T21:30:17.851-0300] {processor.py:743} INFO - Processing file /home/kallox/airflow/dags/get_interactions.py for tasks to queue
[2023-01-08T21:30:17.852-0300] {logging_mixin.py:137} INFO - [2023-01-08T21:30:17.852-0300] {dagbag.py:538} INFO - Filling up the DagBag from /home/kallox/airflow/dags/get_interactions.py
[2023-01-08T21:30:17.978-0300] {processor.py:753} INFO - DAG(s) dict_keys(['get_interactions']) retrieved from /home/kallox/airflow/dags/get_interactions.py
[2023-01-08T21:30:18.091-0300] {logging_mixin.py:137} INFO - [2023-01-08T21:30:18.091-0300] {dag.py:2676} INFO - Sync 1 DAGs
[2023-01-08T21:30:18.111-0300] {logging_mixin.py:137} INFO - [2023-01-08T21:30:18.111-0300] {dag.py:3427} INFO - Setting next_dagrun for get_interactions to 2023-01-01T00:00:00+00:00, run_after=2023-02-01T00:00:00+00:00
[2023-01-08T21:30:18.135-0300] {processor.py:175} INFO - Processing /home/kallox/airflow/dags/get_interactions.py took 0.287 seconds
[2023-01-08T21:30:48.545-0300] {processor.py:153} INFO - Started process (PID=28651) to work on /home/kallox/airflow/dags/get_interactions.py
[2023-01-08T21:30:48.545-0300] {processor.py:743} INFO - Processing file /home/kallox/airflow/dags/get_interactions.py for tasks to queue
[2023-01-08T21:30:48.546-0300] {logging_mixin.py:137} INFO - [2023-01-08T21:30:48.546-0300] {dagbag.py:538} INFO - Filling up the DagBag from /home/kallox/airflow/dags/get_interactions.py
[2023-01-08T21:30:48.660-0300] {processor.py:753} INFO - DAG(s) dict_keys(['get_interactions']) retrieved from /home/kallox/airflow/dags/get_interactions.py
[2023-01-08T21:30:48.776-0300] {logging_mixin.py:137} INFO - [2023-01-08T21:30:48.776-0300] {dag.py:2676} INFO - Sync 1 DAGs
[2023-01-08T21:30:48.794-0300] {logging_mixin.py:137} INFO - [2023-01-08T21:30:48.794-0300] {dag.py:3427} INFO - Setting next_dagrun for get_interactions to 2023-01-01T00:00:00+00:00, run_after=2023-02-01T00:00:00+00:00
[2023-01-08T21:30:48.817-0300] {processor.py:175} INFO - Processing /home/kallox/airflow/dags/get_interactions.py took 0.275 seconds
[2023-01-08T21:31:19.250-0300] {processor.py:153} INFO - Started process (PID=28731) to work on /home/kallox/airflow/dags/get_interactions.py
[2023-01-08T21:31:19.252-0300] {processor.py:743} INFO - Processing file /home/kallox/airflow/dags/get_interactions.py for tasks to queue
[2023-01-08T21:31:19.253-0300] {logging_mixin.py:137} INFO - [2023-01-08T21:31:19.253-0300] {dagbag.py:538} INFO - Filling up the DagBag from /home/kallox/airflow/dags/get_interactions.py
[2023-01-08T21:31:19.460-0300] {processor.py:753} INFO - DAG(s) dict_keys(['get_interactions']) retrieved from /home/kallox/airflow/dags/get_interactions.py
[2023-01-08T21:31:19.482-0300] {logging_mixin.py:137} INFO - [2023-01-08T21:31:19.481-0300] {dag.py:2676} INFO - Sync 1 DAGs
[2023-01-08T21:31:19.499-0300] {logging_mixin.py:137} INFO - [2023-01-08T21:31:19.499-0300] {dag.py:3427} INFO - Setting next_dagrun for get_interactions to 2023-01-01T00:00:00+00:00, run_after=2023-02-01T00:00:00+00:00
[2023-01-08T21:31:19.523-0300] {processor.py:175} INFO - Processing /home/kallox/airflow/dags/get_interactions.py took 0.274 seconds
[2023-01-08T21:31:50.232-0300] {processor.py:153} INFO - Started process (PID=28810) to work on /home/kallox/airflow/dags/get_interactions.py
[2023-01-08T21:31:50.233-0300] {processor.py:743} INFO - Processing file /home/kallox/airflow/dags/get_interactions.py for tasks to queue
[2023-01-08T21:31:50.233-0300] {logging_mixin.py:137} INFO - [2023-01-08T21:31:50.233-0300] {dagbag.py:538} INFO - Filling up the DagBag from /home/kallox/airflow/dags/get_interactions.py
[2023-01-08T21:31:50.453-0300] {processor.py:753} INFO - DAG(s) dict_keys(['get_interactions']) retrieved from /home/kallox/airflow/dags/get_interactions.py
[2023-01-08T21:31:50.475-0300] {logging_mixin.py:137} INFO - [2023-01-08T21:31:50.475-0300] {dag.py:2676} INFO - Sync 1 DAGs
[2023-01-08T21:31:50.493-0300] {logging_mixin.py:137} INFO - [2023-01-08T21:31:50.493-0300] {dag.py:3427} INFO - Setting next_dagrun for get_interactions to 2023-01-01T00:00:00+00:00, run_after=2023-02-01T00:00:00+00:00
[2023-01-08T21:31:50.507-0300] {processor.py:175} INFO - Processing /home/kallox/airflow/dags/get_interactions.py took 0.277 seconds
[2023-01-08T21:32:20.929-0300] {processor.py:153} INFO - Started process (PID=28889) to work on /home/kallox/airflow/dags/get_interactions.py
[2023-01-08T21:32:20.929-0300] {processor.py:743} INFO - Processing file /home/kallox/airflow/dags/get_interactions.py for tasks to queue
[2023-01-08T21:32:20.930-0300] {logging_mixin.py:137} INFO - [2023-01-08T21:32:20.930-0300] {dagbag.py:538} INFO - Filling up the DagBag from /home/kallox/airflow/dags/get_interactions.py
[2023-01-08T21:32:21.048-0300] {processor.py:753} INFO - DAG(s) dict_keys(['get_interactions']) retrieved from /home/kallox/airflow/dags/get_interactions.py
[2023-01-08T21:32:21.074-0300] {logging_mixin.py:137} INFO - [2023-01-08T21:32:21.073-0300] {dag.py:2676} INFO - Sync 1 DAGs
[2023-01-08T21:32:21.181-0300] {logging_mixin.py:137} INFO - [2023-01-08T21:32:21.181-0300] {dag.py:3427} INFO - Setting next_dagrun for get_interactions to 2023-01-01T00:00:00+00:00, run_after=2023-02-01T00:00:00+00:00
[2023-01-08T21:32:21.195-0300] {processor.py:175} INFO - Processing /home/kallox/airflow/dags/get_interactions.py took 0.269 seconds
[2023-01-08T21:32:51.820-0300] {processor.py:153} INFO - Started process (PID=28969) to work on /home/kallox/airflow/dags/get_interactions.py
[2023-01-08T21:32:51.820-0300] {processor.py:743} INFO - Processing file /home/kallox/airflow/dags/get_interactions.py for tasks to queue
[2023-01-08T21:32:51.821-0300] {logging_mixin.py:137} INFO - [2023-01-08T21:32:51.821-0300] {dagbag.py:538} INFO - Filling up the DagBag from /home/kallox/airflow/dags/get_interactions.py
[2023-01-08T21:32:51.946-0300] {processor.py:753} INFO - DAG(s) dict_keys(['get_interactions']) retrieved from /home/kallox/airflow/dags/get_interactions.py
[2023-01-08T21:32:52.059-0300] {logging_mixin.py:137} INFO - [2023-01-08T21:32:52.058-0300] {dag.py:2676} INFO - Sync 1 DAGs
[2023-01-08T21:32:52.077-0300] {logging_mixin.py:137} INFO - [2023-01-08T21:32:52.077-0300] {dag.py:3427} INFO - Setting next_dagrun for get_interactions to 2023-01-01T00:00:00+00:00, run_after=2023-02-01T00:00:00+00:00
[2023-01-08T21:32:52.091-0300] {processor.py:175} INFO - Processing /home/kallox/airflow/dags/get_interactions.py took 0.274 seconds
[2023-01-08T21:33:22.473-0300] {processor.py:153} INFO - Started process (PID=29050) to work on /home/kallox/airflow/dags/get_interactions.py
[2023-01-08T21:33:22.475-0300] {processor.py:743} INFO - Processing file /home/kallox/airflow/dags/get_interactions.py for tasks to queue
[2023-01-08T21:33:22.475-0300] {logging_mixin.py:137} INFO - [2023-01-08T21:33:22.475-0300] {dagbag.py:538} INFO - Filling up the DagBag from /home/kallox/airflow/dags/get_interactions.py
[2023-01-08T21:33:22.596-0300] {processor.py:753} INFO - DAG(s) dict_keys(['get_interactions']) retrieved from /home/kallox/airflow/dags/get_interactions.py
[2023-01-08T21:33:22.713-0300] {logging_mixin.py:137} INFO - [2023-01-08T21:33:22.713-0300] {dag.py:2676} INFO - Sync 1 DAGs
[2023-01-08T21:33:22.731-0300] {logging_mixin.py:137} INFO - [2023-01-08T21:33:22.731-0300] {dag.py:3427} INFO - Setting next_dagrun for get_interactions to 2023-01-01T00:00:00+00:00, run_after=2023-02-01T00:00:00+00:00
[2023-01-08T21:33:22.753-0300] {processor.py:175} INFO - Processing /home/kallox/airflow/dags/get_interactions.py took 0.282 seconds
[2023-01-08T21:33:53.178-0300] {processor.py:153} INFO - Started process (PID=29129) to work on /home/kallox/airflow/dags/get_interactions.py
[2023-01-08T21:33:53.179-0300] {processor.py:743} INFO - Processing file /home/kallox/airflow/dags/get_interactions.py for tasks to queue
[2023-01-08T21:33:53.179-0300] {logging_mixin.py:137} INFO - [2023-01-08T21:33:53.179-0300] {dagbag.py:538} INFO - Filling up the DagBag from /home/kallox/airflow/dags/get_interactions.py
[2023-01-08T21:33:53.396-0300] {processor.py:753} INFO - DAG(s) dict_keys(['get_interactions']) retrieved from /home/kallox/airflow/dags/get_interactions.py
[2023-01-08T21:33:53.419-0300] {logging_mixin.py:137} INFO - [2023-01-08T21:33:53.419-0300] {dag.py:2676} INFO - Sync 1 DAGs
[2023-01-08T21:33:53.436-0300] {logging_mixin.py:137} INFO - [2023-01-08T21:33:53.436-0300] {dag.py:3427} INFO - Setting next_dagrun for get_interactions to 2023-01-01T00:00:00+00:00, run_after=2023-02-01T00:00:00+00:00
[2023-01-08T21:33:53.459-0300] {processor.py:175} INFO - Processing /home/kallox/airflow/dags/get_interactions.py took 0.282 seconds
[2023-01-08T21:34:23.808-0300] {processor.py:153} INFO - Started process (PID=29211) to work on /home/kallox/airflow/dags/get_interactions.py
[2023-01-08T21:34:23.809-0300] {processor.py:743} INFO - Processing file /home/kallox/airflow/dags/get_interactions.py for tasks to queue
[2023-01-08T21:34:23.809-0300] {logging_mixin.py:137} INFO - [2023-01-08T21:34:23.809-0300] {dagbag.py:538} INFO - Filling up the DagBag from /home/kallox/airflow/dags/get_interactions.py
[2023-01-08T21:34:24.020-0300] {processor.py:753} INFO - DAG(s) dict_keys(['get_interactions']) retrieved from /home/kallox/airflow/dags/get_interactions.py
[2023-01-08T21:34:24.043-0300] {logging_mixin.py:137} INFO - [2023-01-08T21:34:24.043-0300] {dag.py:2676} INFO - Sync 1 DAGs
[2023-01-08T21:34:24.062-0300] {logging_mixin.py:137} INFO - [2023-01-08T21:34:24.061-0300] {dag.py:3427} INFO - Setting next_dagrun for get_interactions to 2023-01-01T00:00:00+00:00, run_after=2023-02-01T00:00:00+00:00
[2023-01-08T21:34:24.093-0300] {processor.py:175} INFO - Processing /home/kallox/airflow/dags/get_interactions.py took 0.287 seconds
[2023-01-08T21:34:54.285-0300] {processor.py:153} INFO - Started process (PID=29300) to work on /home/kallox/airflow/dags/get_interactions.py
[2023-01-08T21:34:54.286-0300] {processor.py:743} INFO - Processing file /home/kallox/airflow/dags/get_interactions.py for tasks to queue
[2023-01-08T21:34:54.287-0300] {logging_mixin.py:137} INFO - [2023-01-08T21:34:54.287-0300] {dagbag.py:538} INFO - Filling up the DagBag from /home/kallox/airflow/dags/get_interactions.py
[2023-01-08T21:34:54.415-0300] {processor.py:753} INFO - DAG(s) dict_keys(['get_interactions']) retrieved from /home/kallox/airflow/dags/get_interactions.py
[2023-01-08T21:34:54.440-0300] {logging_mixin.py:137} INFO - [2023-01-08T21:34:54.440-0300] {dag.py:2676} INFO - Sync 1 DAGs
[2023-01-08T21:34:54.550-0300] {logging_mixin.py:137} INFO - [2023-01-08T21:34:54.549-0300] {dag.py:3427} INFO - Setting next_dagrun for get_interactions to 2023-01-01T00:00:00+00:00, run_after=2023-02-01T00:00:00+00:00
[2023-01-08T21:34:54.572-0300] {processor.py:175} INFO - Processing /home/kallox/airflow/dags/get_interactions.py took 0.289 seconds
[2023-01-08T21:35:24.777-0300] {processor.py:153} INFO - Started process (PID=29383) to work on /home/kallox/airflow/dags/get_interactions.py
[2023-01-08T21:35:24.779-0300] {processor.py:743} INFO - Processing file /home/kallox/airflow/dags/get_interactions.py for tasks to queue
[2023-01-08T21:35:24.779-0300] {logging_mixin.py:137} INFO - [2023-01-08T21:35:24.779-0300] {dagbag.py:538} INFO - Filling up the DagBag from /home/kallox/airflow/dags/get_interactions.py
[2023-01-08T21:35:24.901-0300] {processor.py:753} INFO - DAG(s) dict_keys(['get_interactions']) retrieved from /home/kallox/airflow/dags/get_interactions.py
[2023-01-08T21:35:24.925-0300] {logging_mixin.py:137} INFO - [2023-01-08T21:35:24.925-0300] {dag.py:2676} INFO - Sync 1 DAGs
[2023-01-08T21:35:25.033-0300] {logging_mixin.py:137} INFO - [2023-01-08T21:35:25.033-0300] {dag.py:3427} INFO - Setting next_dagrun for get_interactions to 2023-01-01T00:00:00+00:00, run_after=2023-02-01T00:00:00+00:00
[2023-01-08T21:35:25.055-0300] {processor.py:175} INFO - Processing /home/kallox/airflow/dags/get_interactions.py took 0.280 seconds
[2023-01-08T21:35:55.259-0300] {processor.py:153} INFO - Started process (PID=29463) to work on /home/kallox/airflow/dags/get_interactions.py
[2023-01-08T21:35:55.262-0300] {processor.py:743} INFO - Processing file /home/kallox/airflow/dags/get_interactions.py for tasks to queue
[2023-01-08T21:35:55.262-0300] {logging_mixin.py:137} INFO - [2023-01-08T21:35:55.262-0300] {dagbag.py:538} INFO - Filling up the DagBag from /home/kallox/airflow/dags/get_interactions.py
[2023-01-08T21:35:55.378-0300] {processor.py:753} INFO - DAG(s) dict_keys(['get_interactions']) retrieved from /home/kallox/airflow/dags/get_interactions.py
[2023-01-08T21:35:55.488-0300] {logging_mixin.py:137} INFO - [2023-01-08T21:35:55.488-0300] {dag.py:2676} INFO - Sync 1 DAGs
[2023-01-08T21:35:55.513-0300] {logging_mixin.py:137} INFO - [2023-01-08T21:35:55.513-0300] {dag.py:3427} INFO - Setting next_dagrun for get_interactions to 2023-01-01T00:00:00+00:00, run_after=2023-02-01T00:00:00+00:00
[2023-01-08T21:35:55.527-0300] {processor.py:175} INFO - Processing /home/kallox/airflow/dags/get_interactions.py took 0.270 seconds
[2023-01-08T21:36:25.778-0300] {processor.py:153} INFO - Started process (PID=29542) to work on /home/kallox/airflow/dags/get_interactions.py
[2023-01-08T21:36:25.781-0300] {processor.py:743} INFO - Processing file /home/kallox/airflow/dags/get_interactions.py for tasks to queue
[2023-01-08T21:36:25.781-0300] {logging_mixin.py:137} INFO - [2023-01-08T21:36:25.781-0300] {dagbag.py:538} INFO - Filling up the DagBag from /home/kallox/airflow/dags/get_interactions.py
[2023-01-08T21:36:25.898-0300] {processor.py:753} INFO - DAG(s) dict_keys(['get_interactions']) retrieved from /home/kallox/airflow/dags/get_interactions.py
[2023-01-08T21:36:26.011-0300] {logging_mixin.py:137} INFO - [2023-01-08T21:36:26.011-0300] {dag.py:2676} INFO - Sync 1 DAGs
[2023-01-08T21:36:26.029-0300] {logging_mixin.py:137} INFO - [2023-01-08T21:36:26.029-0300] {dag.py:3427} INFO - Setting next_dagrun for get_interactions to 2023-01-01T00:00:00+00:00, run_after=2023-02-01T00:00:00+00:00
[2023-01-08T21:36:26.054-0300] {processor.py:175} INFO - Processing /home/kallox/airflow/dags/get_interactions.py took 0.277 seconds
[2023-01-08T21:36:56.174-0300] {processor.py:153} INFO - Started process (PID=29621) to work on /home/kallox/airflow/dags/get_interactions.py
[2023-01-08T21:36:56.176-0300] {processor.py:743} INFO - Processing file /home/kallox/airflow/dags/get_interactions.py for tasks to queue
[2023-01-08T21:36:56.177-0300] {logging_mixin.py:137} INFO - [2023-01-08T21:36:56.177-0300] {dagbag.py:538} INFO - Filling up the DagBag from /home/kallox/airflow/dags/get_interactions.py
[2023-01-08T21:36:56.385-0300] {processor.py:753} INFO - DAG(s) dict_keys(['get_interactions']) retrieved from /home/kallox/airflow/dags/get_interactions.py
[2023-01-08T21:36:56.408-0300] {logging_mixin.py:137} INFO - [2023-01-08T21:36:56.407-0300] {dag.py:2676} INFO - Sync 1 DAGs
[2023-01-08T21:36:56.425-0300] {logging_mixin.py:137} INFO - [2023-01-08T21:36:56.424-0300] {dag.py:3427} INFO - Setting next_dagrun for get_interactions to 2023-01-01T00:00:00+00:00, run_after=2023-02-01T00:00:00+00:00
[2023-01-08T21:36:56.442-0300] {processor.py:175} INFO - Processing /home/kallox/airflow/dags/get_interactions.py took 0.269 seconds
[2023-01-08T21:37:26.626-0300] {processor.py:153} INFO - Started process (PID=29702) to work on /home/kallox/airflow/dags/get_interactions.py
[2023-01-08T21:37:26.627-0300] {processor.py:743} INFO - Processing file /home/kallox/airflow/dags/get_interactions.py for tasks to queue
[2023-01-08T21:37:26.627-0300] {logging_mixin.py:137} INFO - [2023-01-08T21:37:26.627-0300] {dagbag.py:538} INFO - Filling up the DagBag from /home/kallox/airflow/dags/get_interactions.py
[2023-01-08T21:37:26.841-0300] {processor.py:753} INFO - DAG(s) dict_keys(['get_interactions']) retrieved from /home/kallox/airflow/dags/get_interactions.py
[2023-01-08T21:37:26.864-0300] {logging_mixin.py:137} INFO - [2023-01-08T21:37:26.864-0300] {dag.py:2676} INFO - Sync 1 DAGs
[2023-01-08T21:37:26.883-0300] {logging_mixin.py:137} INFO - [2023-01-08T21:37:26.883-0300] {dag.py:3427} INFO - Setting next_dagrun for get_interactions to 2023-01-01T00:00:00+00:00, run_after=2023-02-01T00:00:00+00:00
[2023-01-08T21:37:26.905-0300] {processor.py:175} INFO - Processing /home/kallox/airflow/dags/get_interactions.py took 0.282 seconds
[2023-01-08T21:37:57.498-0300] {processor.py:153} INFO - Started process (PID=29782) to work on /home/kallox/airflow/dags/get_interactions.py
[2023-01-08T21:37:57.502-0300] {processor.py:743} INFO - Processing file /home/kallox/airflow/dags/get_interactions.py for tasks to queue
[2023-01-08T21:37:57.502-0300] {logging_mixin.py:137} INFO - [2023-01-08T21:37:57.502-0300] {dagbag.py:538} INFO - Filling up the DagBag from /home/kallox/airflow/dags/get_interactions.py
[2023-01-08T21:37:57.618-0300] {processor.py:753} INFO - DAG(s) dict_keys(['get_interactions']) retrieved from /home/kallox/airflow/dags/get_interactions.py
[2023-01-08T21:37:57.644-0300] {logging_mixin.py:137} INFO - [2023-01-08T21:37:57.644-0300] {dag.py:2676} INFO - Sync 1 DAGs
[2023-01-08T21:37:57.752-0300] {logging_mixin.py:137} INFO - [2023-01-08T21:37:57.752-0300] {dag.py:3427} INFO - Setting next_dagrun for get_interactions to 2023-01-01T00:00:00+00:00, run_after=2023-02-01T00:00:00+00:00
[2023-01-08T21:37:57.765-0300] {processor.py:175} INFO - Processing /home/kallox/airflow/dags/get_interactions.py took 0.270 seconds
[2023-01-08T21:38:28.113-0300] {processor.py:153} INFO - Started process (PID=29863) to work on /home/kallox/airflow/dags/get_interactions.py
[2023-01-08T21:38:28.116-0300] {processor.py:743} INFO - Processing file /home/kallox/airflow/dags/get_interactions.py for tasks to queue
[2023-01-08T21:38:28.116-0300] {logging_mixin.py:137} INFO - [2023-01-08T21:38:28.116-0300] {dagbag.py:538} INFO - Filling up the DagBag from /home/kallox/airflow/dags/get_interactions.py
[2023-01-08T21:38:28.239-0300] {processor.py:753} INFO - DAG(s) dict_keys(['get_interactions']) retrieved from /home/kallox/airflow/dags/get_interactions.py
[2023-01-08T21:38:28.353-0300] {logging_mixin.py:137} INFO - [2023-01-08T21:38:28.353-0300] {dag.py:2676} INFO - Sync 1 DAGs
[2023-01-08T21:38:28.371-0300] {logging_mixin.py:137} INFO - [2023-01-08T21:38:28.370-0300] {dag.py:3427} INFO - Setting next_dagrun for get_interactions to 2023-01-01T00:00:00+00:00, run_after=2023-02-01T00:00:00+00:00
[2023-01-08T21:38:28.392-0300] {processor.py:175} INFO - Processing /home/kallox/airflow/dags/get_interactions.py took 0.281 seconds
[2023-01-08T21:38:58.812-0300] {processor.py:153} INFO - Started process (PID=29942) to work on /home/kallox/airflow/dags/get_interactions.py
[2023-01-08T21:38:58.816-0300] {processor.py:743} INFO - Processing file /home/kallox/airflow/dags/get_interactions.py for tasks to queue
[2023-01-08T21:38:58.817-0300] {logging_mixin.py:137} INFO - [2023-01-08T21:38:58.817-0300] {dagbag.py:538} INFO - Filling up the DagBag from /home/kallox/airflow/dags/get_interactions.py
[2023-01-08T21:38:58.937-0300] {processor.py:753} INFO - DAG(s) dict_keys(['get_interactions']) retrieved from /home/kallox/airflow/dags/get_interactions.py
[2023-01-08T21:38:59.046-0300] {logging_mixin.py:137} INFO - [2023-01-08T21:38:59.046-0300] {dag.py:2676} INFO - Sync 1 DAGs
[2023-01-08T21:38:59.064-0300] {logging_mixin.py:137} INFO - [2023-01-08T21:38:59.063-0300] {dag.py:3427} INFO - Setting next_dagrun for get_interactions to 2023-01-01T00:00:00+00:00, run_after=2023-02-01T00:00:00+00:00
[2023-01-08T21:38:59.084-0300] {processor.py:175} INFO - Processing /home/kallox/airflow/dags/get_interactions.py took 0.275 seconds
[2023-01-08T21:39:29.486-0300] {processor.py:153} INFO - Started process (PID=30023) to work on /home/kallox/airflow/dags/get_interactions.py
[2023-01-08T21:39:29.489-0300] {processor.py:743} INFO - Processing file /home/kallox/airflow/dags/get_interactions.py for tasks to queue
[2023-01-08T21:39:29.490-0300] {logging_mixin.py:137} INFO - [2023-01-08T21:39:29.490-0300] {dagbag.py:538} INFO - Filling up the DagBag from /home/kallox/airflow/dags/get_interactions.py
[2023-01-08T21:39:29.694-0300] {processor.py:753} INFO - DAG(s) dict_keys(['get_interactions']) retrieved from /home/kallox/airflow/dags/get_interactions.py
[2023-01-08T21:39:29.718-0300] {logging_mixin.py:137} INFO - [2023-01-08T21:39:29.718-0300] {dag.py:2676} INFO - Sync 1 DAGs
[2023-01-08T21:39:29.735-0300] {logging_mixin.py:137} INFO - [2023-01-08T21:39:29.735-0300] {dag.py:3427} INFO - Setting next_dagrun for get_interactions to 2023-01-01T00:00:00+00:00, run_after=2023-02-01T00:00:00+00:00
[2023-01-08T21:39:29.754-0300] {processor.py:175} INFO - Processing /home/kallox/airflow/dags/get_interactions.py took 0.270 seconds
[2023-01-08T21:40:00.408-0300] {processor.py:153} INFO - Started process (PID=30107) to work on /home/kallox/airflow/dags/get_interactions.py
[2023-01-08T21:40:00.411-0300] {processor.py:743} INFO - Processing file /home/kallox/airflow/dags/get_interactions.py for tasks to queue
[2023-01-08T21:40:00.411-0300] {logging_mixin.py:137} INFO - [2023-01-08T21:40:00.411-0300] {dagbag.py:538} INFO - Filling up the DagBag from /home/kallox/airflow/dags/get_interactions.py
[2023-01-08T21:40:00.641-0300] {processor.py:753} INFO - DAG(s) dict_keys(['get_interactions']) retrieved from /home/kallox/airflow/dags/get_interactions.py
[2023-01-08T21:40:00.662-0300] {logging_mixin.py:137} INFO - [2023-01-08T21:40:00.662-0300] {dag.py:2676} INFO - Sync 1 DAGs
[2023-01-08T21:40:00.680-0300] {logging_mixin.py:137} INFO - [2023-01-08T21:40:00.680-0300] {dag.py:3427} INFO - Setting next_dagrun for get_interactions to 2023-01-01T00:00:00+00:00, run_after=2023-02-01T00:00:00+00:00
[2023-01-08T21:40:00.693-0300] {processor.py:175} INFO - Processing /home/kallox/airflow/dags/get_interactions.py took 0.287 seconds
[2023-01-08T21:40:30.853-0300] {processor.py:153} INFO - Started process (PID=30188) to work on /home/kallox/airflow/dags/get_interactions.py
[2023-01-08T21:40:30.854-0300] {processor.py:743} INFO - Processing file /home/kallox/airflow/dags/get_interactions.py for tasks to queue
[2023-01-08T21:40:30.855-0300] {logging_mixin.py:137} INFO - [2023-01-08T21:40:30.855-0300] {dagbag.py:538} INFO - Filling up the DagBag from /home/kallox/airflow/dags/get_interactions.py
[2023-01-08T21:40:31.075-0300] {processor.py:753} INFO - DAG(s) dict_keys(['get_interactions']) retrieved from /home/kallox/airflow/dags/get_interactions.py
[2023-01-08T21:40:31.099-0300] {logging_mixin.py:137} INFO - [2023-01-08T21:40:31.099-0300] {dag.py:2676} INFO - Sync 1 DAGs
[2023-01-08T21:40:31.118-0300] {logging_mixin.py:137} INFO - [2023-01-08T21:40:31.118-0300] {dag.py:3427} INFO - Setting next_dagrun for get_interactions to 2023-01-01T00:00:00+00:00, run_after=2023-02-01T00:00:00+00:00
[2023-01-08T21:40:31.131-0300] {processor.py:175} INFO - Processing /home/kallox/airflow/dags/get_interactions.py took 0.282 seconds
[2023-01-08T21:41:01.250-0300] {processor.py:153} INFO - Started process (PID=30268) to work on /home/kallox/airflow/dags/get_interactions.py
[2023-01-08T21:41:01.251-0300] {processor.py:743} INFO - Processing file /home/kallox/airflow/dags/get_interactions.py for tasks to queue
[2023-01-08T21:41:01.252-0300] {logging_mixin.py:137} INFO - [2023-01-08T21:41:01.251-0300] {dagbag.py:538} INFO - Filling up the DagBag from /home/kallox/airflow/dags/get_interactions.py
[2023-01-08T21:41:01.382-0300] {processor.py:753} INFO - DAG(s) dict_keys(['get_interactions']) retrieved from /home/kallox/airflow/dags/get_interactions.py
[2023-01-08T21:41:01.408-0300] {logging_mixin.py:137} INFO - [2023-01-08T21:41:01.408-0300] {dag.py:2676} INFO - Sync 1 DAGs
[2023-01-08T21:41:01.521-0300] {logging_mixin.py:137} INFO - [2023-01-08T21:41:01.521-0300] {dag.py:3427} INFO - Setting next_dagrun for get_interactions to 2023-01-01T00:00:00+00:00, run_after=2023-02-01T00:00:00+00:00
[2023-01-08T21:41:01.535-0300] {processor.py:175} INFO - Processing /home/kallox/airflow/dags/get_interactions.py took 0.287 seconds
[2023-01-08T21:41:31.909-0300] {processor.py:153} INFO - Started process (PID=30349) to work on /home/kallox/airflow/dags/get_interactions.py
[2023-01-08T21:41:31.911-0300] {processor.py:743} INFO - Processing file /home/kallox/airflow/dags/get_interactions.py for tasks to queue
[2023-01-08T21:41:31.912-0300] {logging_mixin.py:137} INFO - [2023-01-08T21:41:31.912-0300] {dagbag.py:538} INFO - Filling up the DagBag from /home/kallox/airflow/dags/get_interactions.py
[2023-01-08T21:41:32.037-0300] {processor.py:753} INFO - DAG(s) dict_keys(['get_interactions']) retrieved from /home/kallox/airflow/dags/get_interactions.py
[2023-01-08T21:41:32.148-0300] {logging_mixin.py:137} INFO - [2023-01-08T21:41:32.148-0300] {dag.py:2676} INFO - Sync 1 DAGs
[2023-01-08T21:41:32.164-0300] {logging_mixin.py:137} INFO - [2023-01-08T21:41:32.164-0300] {dag.py:3427} INFO - Setting next_dagrun for get_interactions to 2023-01-01T00:00:00+00:00, run_after=2023-02-01T00:00:00+00:00
[2023-01-08T21:41:32.184-0300] {processor.py:175} INFO - Processing /home/kallox/airflow/dags/get_interactions.py took 0.276 seconds
[2023-01-08T21:42:02.850-0300] {processor.py:153} INFO - Started process (PID=30428) to work on /home/kallox/airflow/dags/get_interactions.py
[2023-01-08T21:42:02.852-0300] {processor.py:743} INFO - Processing file /home/kallox/airflow/dags/get_interactions.py for tasks to queue
[2023-01-08T21:42:02.853-0300] {logging_mixin.py:137} INFO - [2023-01-08T21:42:02.853-0300] {dagbag.py:538} INFO - Filling up the DagBag from /home/kallox/airflow/dags/get_interactions.py
[2023-01-08T21:42:02.973-0300] {processor.py:753} INFO - DAG(s) dict_keys(['get_interactions']) retrieved from /home/kallox/airflow/dags/get_interactions.py
[2023-01-08T21:42:03.084-0300] {logging_mixin.py:137} INFO - [2023-01-08T21:42:03.084-0300] {dag.py:2676} INFO - Sync 1 DAGs
[2023-01-08T21:42:03.101-0300] {logging_mixin.py:137} INFO - [2023-01-08T21:42:03.101-0300] {dag.py:3427} INFO - Setting next_dagrun for get_interactions to 2023-01-01T00:00:00+00:00, run_after=2023-02-01T00:00:00+00:00
[2023-01-08T21:42:03.121-0300] {processor.py:175} INFO - Processing /home/kallox/airflow/dags/get_interactions.py took 0.273 seconds
[2023-01-08T21:42:33.480-0300] {processor.py:153} INFO - Started process (PID=30510) to work on /home/kallox/airflow/dags/get_interactions.py
[2023-01-08T21:42:33.481-0300] {processor.py:743} INFO - Processing file /home/kallox/airflow/dags/get_interactions.py for tasks to queue
[2023-01-08T21:42:33.482-0300] {logging_mixin.py:137} INFO - [2023-01-08T21:42:33.481-0300] {dagbag.py:538} INFO - Filling up the DagBag from /home/kallox/airflow/dags/get_interactions.py
[2023-01-08T21:42:33.711-0300] {processor.py:753} INFO - DAG(s) dict_keys(['get_interactions']) retrieved from /home/kallox/airflow/dags/get_interactions.py
[2023-01-08T21:42:33.734-0300] {logging_mixin.py:137} INFO - [2023-01-08T21:42:33.734-0300] {dag.py:2676} INFO - Sync 1 DAGs
[2023-01-08T21:42:33.751-0300] {logging_mixin.py:137} INFO - [2023-01-08T21:42:33.751-0300] {dag.py:3427} INFO - Setting next_dagrun for get_interactions to 2023-01-01T00:00:00+00:00, run_after=2023-02-01T00:00:00+00:00
[2023-01-08T21:42:33.766-0300] {processor.py:175} INFO - Processing /home/kallox/airflow/dags/get_interactions.py took 0.289 seconds
[2023-01-08T21:43:04.352-0300] {processor.py:153} INFO - Started process (PID=30611) to work on /home/kallox/airflow/dags/get_interactions.py
[2023-01-08T21:43:04.353-0300] {processor.py:743} INFO - Processing file /home/kallox/airflow/dags/get_interactions.py for tasks to queue
[2023-01-08T21:43:04.353-0300] {logging_mixin.py:137} INFO - [2023-01-08T21:43:04.353-0300] {dagbag.py:538} INFO - Filling up the DagBag from /home/kallox/airflow/dags/get_interactions.py
[2023-01-08T21:43:04.581-0300] {processor.py:753} INFO - DAG(s) dict_keys(['get_interactions']) retrieved from /home/kallox/airflow/dags/get_interactions.py
[2023-01-08T21:43:04.604-0300] {logging_mixin.py:137} INFO - [2023-01-08T21:43:04.604-0300] {dag.py:2676} INFO - Sync 1 DAGs
[2023-01-08T21:43:04.622-0300] {logging_mixin.py:137} INFO - [2023-01-08T21:43:04.622-0300] {dag.py:3427} INFO - Setting next_dagrun for get_interactions to 2023-01-01T00:00:00+00:00, run_after=2023-02-01T00:00:00+00:00
[2023-01-08T21:43:04.636-0300] {processor.py:175} INFO - Processing /home/kallox/airflow/dags/get_interactions.py took 0.286 seconds
