[2023-01-01T22:18:42.737-0300] {taskinstance.py:1087} INFO - Dependencies all met for <TaskInstance: get_interactions.intact.download_files manual__2023-01-02T01:18:40.037126+00:00 [queued]>
[2023-01-01T22:18:42.751-0300] {taskinstance.py:1087} INFO - Dependencies all met for <TaskInstance: get_interactions.intact.download_files manual__2023-01-02T01:18:40.037126+00:00 [queued]>
[2023-01-01T22:18:42.751-0300] {taskinstance.py:1283} INFO - 
--------------------------------------------------------------------------------
[2023-01-01T22:18:42.751-0300] {taskinstance.py:1284} INFO - Starting attempt 1 of 1
[2023-01-01T22:18:42.751-0300] {taskinstance.py:1285} INFO - 
--------------------------------------------------------------------------------
[2023-01-01T22:18:42.764-0300] {taskinstance.py:1304} INFO - Executing <Task(PythonOperator): intact.download_files> on 2023-01-02 01:18:40.037126+00:00
[2023-01-01T22:18:42.769-0300] {standard_task_runner.py:55} INFO - Started process 26372 to run task
[2023-01-01T22:18:42.771-0300] {standard_task_runner.py:82} INFO - Running: ['***', 'tasks', 'run', 'get_interactions', 'intact.download_files', 'manual__2023-01-02T01:18:40.037126+00:00', '--job-id', '206', '--raw', '--subdir', 'DAGS_FOLDER/get_interactions.py', '--cfg-path', '/tmp/tmpfh0818xz']
[2023-01-01T22:18:42.772-0300] {standard_task_runner.py:83} INFO - Job 206: Subtask intact.download_files
[2023-01-01T22:18:42.840-0300] {task_command.py:389} INFO - Running <TaskInstance: get_interactions.intact.download_files manual__2023-01-02T01:18:40.037126+00:00 [running]> on host kallo-Ubuntu
[2023-01-01T22:18:42.919-0300] {taskinstance.py:1513} INFO - Exporting the following env vars:
AIRFLOW_CTX_DAG_OWNER=Kallox
AIRFLOW_CTX_DAG_ID=get_interactions
AIRFLOW_CTX_TASK_ID=intact.download_files
AIRFLOW_CTX_EXECUTION_DATE=2023-01-02T01:18:40.037126+00:00
AIRFLOW_CTX_TRY_NUMBER=1
AIRFLOW_CTX_DAG_RUN_ID=manual__2023-01-02T01:18:40.037126+00:00
[2023-01-01T22:18:44.353-0300] {logging_mixin.py:137} INFO - 0
[2023-01-01T22:18:45.420-0300] {logging_mixin.py:137} INFO - 1
[2023-01-01T22:19:45.479-0300] {logging_mixin.py:137} INFO - 2 inicia descanso
[2023-01-01T22:19:46.962-0300] {logging_mixin.py:137} INFO - 2
[2023-01-01T22:19:48.226-0300] {logging_mixin.py:137} INFO - 3
[2023-01-01T22:20:48.283-0300] {logging_mixin.py:137} INFO - 4 inicia descanso
[2023-01-01T22:20:49.716-0300] {logging_mixin.py:137} INFO - 4
[2023-01-01T22:20:49.720-0300] {python.py:177} INFO - Done. Returned value was: None
[2023-01-01T22:20:49.733-0300] {taskinstance.py:1327} INFO - Marking task as SUCCESS. dag_id=get_interactions, task_id=intact.download_files, execution_date=20230102T011840, start_date=20230102T011842, end_date=20230102T012049
[2023-01-01T22:20:49.776-0300] {local_task_job.py:159} INFO - Task exited with return code 0
[2023-01-01T22:20:49.819-0300] {taskinstance.py:2582} INFO - 1 downstream tasks scheduled from follow-on schedule check
