[2023-01-06T21:00:01.957-0300] {taskinstance.py:1087} INFO - Dependencies all met for <TaskInstance: download_catnap.download_files scheduled__2023-01-06T00:00:00+00:00 [queued]>
[2023-01-06T21:00:01.970-0300] {taskinstance.py:1087} INFO - Dependencies all met for <TaskInstance: download_catnap.download_files scheduled__2023-01-06T00:00:00+00:00 [queued]>
[2023-01-06T21:00:01.970-0300] {taskinstance.py:1283} INFO - 
--------------------------------------------------------------------------------
[2023-01-06T21:00:01.970-0300] {taskinstance.py:1284} INFO - Starting attempt 1 of 1
[2023-01-06T21:00:01.970-0300] {taskinstance.py:1285} INFO - 
--------------------------------------------------------------------------------
[2023-01-06T21:00:01.982-0300] {taskinstance.py:1304} INFO - Executing <Task(PythonOperator): download_files> on 2023-01-06 00:00:00+00:00
[2023-01-06T21:00:01.987-0300] {standard_task_runner.py:55} INFO - Started process 34411 to run task
[2023-01-06T21:00:01.990-0300] {standard_task_runner.py:82} INFO - Running: ['***', 'tasks', 'run', 'download_catnap', 'download_files', 'scheduled__2023-01-06T00:00:00+00:00', '--job-id', '273', '--raw', '--subdir', 'DAGS_FOLDER/download_catnap.py', '--cfg-path', '/tmp/tmps86q7it9']
[2023-01-06T21:00:01.991-0300] {standard_task_runner.py:83} INFO - Job 273: Subtask download_files
[2023-01-06T21:00:02.058-0300] {task_command.py:389} INFO - Running <TaskInstance: download_catnap.download_files scheduled__2023-01-06T00:00:00+00:00 [running]> on host kallo-Ubuntu
[2023-01-06T21:00:02.132-0300] {taskinstance.py:1513} INFO - Exporting the following env vars:
AIRFLOW_CTX_DAG_OWNER=admin
AIRFLOW_CTX_DAG_ID=download_catnap
AIRFLOW_CTX_TASK_ID=download_files
AIRFLOW_CTX_EXECUTION_DATE=2023-01-06T00:00:00+00:00
AIRFLOW_CTX_TRY_NUMBER=1
AIRFLOW_CTX_DAG_RUN_ID=scheduled__2023-01-06T00:00:00+00:00
[2023-01-06T21:00:44.852-0300] {logging_mixin.py:137} INFO - Assay downloaded.
[2023-01-06T21:00:44.875-0300] {logging_mixin.py:137} INFO - Assay.tsv saved.
[2023-01-06T21:00:47.212-0300] {logging_mixin.py:137} INFO - Antibodies downloaded.
[2023-01-06T21:00:47.213-0300] {logging_mixin.py:137} INFO - Antibodies.tsv saved.
[2023-01-06T21:00:48.591-0300] {logging_mixin.py:137} INFO - Antibodies_germlines downloaded.
[2023-01-06T21:00:48.592-0300] {logging_mixin.py:137} INFO - Antibodies_germlines.tsv saved.
[2023-01-06T21:00:50.951-0300] {logging_mixin.py:137} INFO - Antibody_heavy_chain_na_sequences downloaded.
[2023-01-06T21:00:50.960-0300] {logging_mixin.py:137} INFO - Antibody_heavy_chain_na_sequences.fasta saved.
[2023-01-06T21:00:52.722-0300] {logging_mixin.py:137} INFO - Antibody_heavy_chain_aa_sequences downloaded.
[2023-01-06T21:00:52.731-0300] {logging_mixin.py:137} INFO - Antibody_heavy_chain_aa_sequences.fasta saved.
[2023-01-06T21:00:55.247-0300] {logging_mixin.py:137} INFO - Antibody_light_chain_na_sequences downloaded.
[2023-01-06T21:00:55.249-0300] {logging_mixin.py:137} INFO - Antibody_light_chain_na_sequences.fasta saved.
[2023-01-06T21:00:56.927-0300] {logging_mixin.py:137} INFO - Antibody_light_chain_aa_sequences downloaded.
[2023-01-06T21:00:56.936-0300] {logging_mixin.py:137} INFO - Antibody_light_chain_aa_sequences.fasta saved.
[2023-01-06T21:00:59.321-0300] {logging_mixin.py:137} INFO - Viruses downloaded.
[2023-01-06T21:00:59.329-0300] {logging_mixin.py:137} INFO - Viruses.tsv saved.
[2023-01-06T21:01:17.861-0300] {logging_mixin.py:137} INFO - Virus_na_alignment downloaded.
[2023-01-06T21:01:17.871-0300] {logging_mixin.py:137} INFO - Virus_na_alignment.tsv saved.
[2023-01-06T21:01:25.146-0300] {logging_mixin.py:137} INFO - Virus_aa_alignment downloaded.
[2023-01-06T21:01:25.150-0300] {logging_mixin.py:137} INFO - Virus_aa_alignment.tsv saved.
[2023-01-06T21:01:25.151-0300] {python.py:177} INFO - Done. Returned value was: None
[2023-01-06T21:01:25.172-0300] {taskinstance.py:1327} INFO - Marking task as SUCCESS. dag_id=download_catnap, task_id=download_files, execution_date=20230106T000000, start_date=20230107T000001, end_date=20230107T000125
[2023-01-06T21:01:25.231-0300] {local_task_job.py:159} INFO - Task exited with return code 0
[2023-01-06T21:01:25.278-0300] {taskinstance.py:2582} INFO - 1 downstream tasks scheduled from follow-on schedule check
