[2023-01-04T19:12:06.409-0300] {taskinstance.py:1087} INFO - Dependencies all met for <TaskInstance: download_iedb.download_files manual__2023-01-04T22:12:04.217355+00:00 [queued]>
[2023-01-04T19:12:06.422-0300] {taskinstance.py:1087} INFO - Dependencies all met for <TaskInstance: download_iedb.download_files manual__2023-01-04T22:12:04.217355+00:00 [queued]>
[2023-01-04T19:12:06.422-0300] {taskinstance.py:1283} INFO - 
--------------------------------------------------------------------------------
[2023-01-04T19:12:06.422-0300] {taskinstance.py:1284} INFO - Starting attempt 1 of 1
[2023-01-04T19:12:06.422-0300] {taskinstance.py:1285} INFO - 
--------------------------------------------------------------------------------
[2023-01-04T19:12:06.442-0300] {taskinstance.py:1304} INFO - Executing <Task(PythonOperator): download_files> on 2023-01-04 22:12:04.217355+00:00
[2023-01-04T19:12:06.446-0300] {standard_task_runner.py:55} INFO - Started process 7067 to run task
[2023-01-04T19:12:06.450-0300] {standard_task_runner.py:82} INFO - Running: ['***', 'tasks', 'run', 'download_iedb', 'download_files', 'manual__2023-01-04T22:12:04.217355+00:00', '--job-id', '243', '--raw', '--subdir', 'DAGS_FOLDER/download_iedb.py', '--cfg-path', '/tmp/tmpss0658b2']
[2023-01-04T19:12:06.451-0300] {standard_task_runner.py:83} INFO - Job 243: Subtask download_files
[2023-01-04T19:12:06.526-0300] {task_command.py:389} INFO - Running <TaskInstance: download_iedb.download_files manual__2023-01-04T22:12:04.217355+00:00 [running]> on host kallo-Ubuntu
[2023-01-04T19:12:06.606-0300] {taskinstance.py:1513} INFO - Exporting the following env vars:
AIRFLOW_CTX_DAG_OWNER=Kallox
AIRFLOW_CTX_DAG_ID=download_iedb
AIRFLOW_CTX_TASK_ID=download_files
AIRFLOW_CTX_EXECUTION_DATE=2023-01-04T22:12:04.217355+00:00
AIRFLOW_CTX_TRY_NUMBER=1
AIRFLOW_CTX_DAG_RUN_ID=manual__2023-01-04T22:12:04.217355+00:00
[2023-01-04T19:12:09.120-0300] {logging_mixin.py:137} INFO - antigen downloaded.
[2023-01-04T19:12:09.125-0300] {logging_mixin.py:137} INFO - antigen.zip saved.
[2023-01-04T19:12:21.536-0300] {logging_mixin.py:137} INFO - epitope downloaded.
[2023-01-04T19:12:21.613-0300] {logging_mixin.py:137} INFO - epitope.zip saved.
[2023-01-04T19:12:24.897-0300] {python.py:177} INFO - Done. Returned value was: None
[2023-01-04T19:12:24.911-0300] {taskinstance.py:1327} INFO - Marking task as SUCCESS. dag_id=download_iedb, task_id=download_files, execution_date=20230104T221204, start_date=20230104T221206, end_date=20230104T221224
[2023-01-04T19:12:25.074-0300] {local_task_job.py:159} INFO - Task exited with return code 0
[2023-01-04T19:12:25.115-0300] {taskinstance.py:2582} INFO - 1 downstream tasks scheduled from follow-on schedule check
