[2023-01-23T14:28:39.745-0300] {taskinstance.py:1087} INFO - Dependencies all met for <TaskInstance: get_antigens.catnap scheduled__2022-12-01T00:00:00+00:00 [queued]>
[2023-01-23T14:28:39.760-0300] {taskinstance.py:1087} INFO - Dependencies all met for <TaskInstance: get_antigens.catnap scheduled__2022-12-01T00:00:00+00:00 [queued]>
[2023-01-23T14:28:39.760-0300] {taskinstance.py:1283} INFO - 
--------------------------------------------------------------------------------
[2023-01-23T14:28:39.760-0300] {taskinstance.py:1284} INFO - Starting attempt 1 of 1
[2023-01-23T14:28:39.761-0300] {taskinstance.py:1285} INFO - 
--------------------------------------------------------------------------------
[2023-01-23T14:28:39.776-0300] {taskinstance.py:1304} INFO - Executing <Task(PythonOperator): catnap> on 2022-12-01 00:00:00+00:00
[2023-01-23T14:28:39.782-0300] {standard_task_runner.py:55} INFO - Started process 5306 to run task
[2023-01-23T14:28:39.785-0300] {standard_task_runner.py:82} INFO - Running: ['***', 'tasks', 'run', 'get_antigens', 'catnap', 'scheduled__2022-12-01T00:00:00+00:00', '--job-id', '336', '--raw', '--subdir', 'DAGS_FOLDER/get_antigens.py', '--cfg-path', '/tmp/tmpg_6657cu']
[2023-01-23T14:28:39.785-0300] {standard_task_runner.py:83} INFO - Job 336: Subtask catnap
[2023-01-23T14:28:39.859-0300] {task_command.py:389} INFO - Running <TaskInstance: get_antigens.catnap scheduled__2022-12-01T00:00:00+00:00 [running]> on host kallo-Ubuntu
[2023-01-23T14:28:39.944-0300] {taskinstance.py:1513} INFO - Exporting the following env vars:
AIRFLOW_CTX_DAG_OWNER=Kallox
AIRFLOW_CTX_DAG_ID=get_antigens
AIRFLOW_CTX_TASK_ID=catnap
AIRFLOW_CTX_EXECUTION_DATE=2022-12-01T00:00:00+00:00
AIRFLOW_CTX_TRY_NUMBER=1
AIRFLOW_CTX_DAG_RUN_ID=scheduled__2022-12-01T00:00:00+00:00
[2023-01-23T14:28:42.573-0300] {python.py:177} INFO - Done. Returned value was: None
[2023-01-23T14:28:42.586-0300] {taskinstance.py:1327} INFO - Marking task as SUCCESS. dag_id=get_antigens, task_id=catnap, execution_date=20221201T000000, start_date=20230123T172839, end_date=20230123T172842
[2023-01-23T14:28:42.604-0300] {local_task_job.py:159} INFO - Task exited with return code 0
[2023-01-23T14:28:42.651-0300] {taskinstance.py:2582} INFO - 1 downstream tasks scheduled from follow-on schedule check
