[2023-02-14T23:24:13.319-0300] {taskinstance.py:1087} INFO - Dependencies all met for <TaskInstance: download_uniprot.extract_files manual__2023-02-15T02:10:56.705877+00:00 [queued]>
[2023-02-14T23:24:13.329-0300] {taskinstance.py:1087} INFO - Dependencies all met for <TaskInstance: download_uniprot.extract_files manual__2023-02-15T02:10:56.705877+00:00 [queued]>
[2023-02-14T23:24:13.330-0300] {taskinstance.py:1283} INFO - 
--------------------------------------------------------------------------------
[2023-02-14T23:24:13.330-0300] {taskinstance.py:1284} INFO - Starting attempt 1 of 1
[2023-02-14T23:24:13.330-0300] {taskinstance.py:1285} INFO - 
--------------------------------------------------------------------------------
[2023-02-14T23:24:13.340-0300] {taskinstance.py:1304} INFO - Executing <Task(PythonOperator): extract_files> on 2023-02-15 02:10:56.705877+00:00
[2023-02-14T23:24:13.344-0300] {standard_task_runner.py:55} INFO - Started process 26876 to run task
[2023-02-14T23:24:13.347-0300] {standard_task_runner.py:82} INFO - Running: ['***', 'tasks', 'run', 'download_uniprot', 'extract_files', 'manual__2023-02-15T02:10:56.705877+00:00', '--job-id', '403', '--raw', '--subdir', 'DAGS_FOLDER/download_uniprot.py', '--cfg-path', '/tmp/tmpa4grktkf']
[2023-02-14T23:24:13.347-0300] {standard_task_runner.py:83} INFO - Job 403: Subtask extract_files
[2023-02-14T23:24:13.410-0300] {task_command.py:389} INFO - Running <TaskInstance: download_uniprot.extract_files manual__2023-02-15T02:10:56.705877+00:00 [running]> on host kallo-Ubuntu
[2023-02-14T23:24:13.477-0300] {taskinstance.py:1513} INFO - Exporting the following env vars:
AIRFLOW_CTX_DAG_OWNER=Kallox
AIRFLOW_CTX_DAG_ID=download_uniprot
AIRFLOW_CTX_TASK_ID=extract_files
AIRFLOW_CTX_EXECUTION_DATE=2023-02-15T02:10:56.705877+00:00
AIRFLOW_CTX_TRY_NUMBER=1
AIRFLOW_CTX_DAG_RUN_ID=manual__2023-02-15T02:10:56.705877+00:00
[2023-02-14T23:24:24.082-0300] {logging_mixin.py:137} INFO - 3000
[2023-02-14T23:24:27.792-0300] {logging_mixin.py:137} INFO - 4000
[2023-02-14T23:24:32.468-0300] {logging_mixin.py:137} INFO - 5000
[2023-02-14T23:24:39.666-0300] {logging_mixin.py:137} INFO - 7000
[2023-02-14T23:24:44.466-0300] {logging_mixin.py:137} INFO - 8000
[2023-02-14T23:24:54.849-0300] {logging_mixin.py:137} INFO - 11000
[2023-02-14T23:25:04.372-0300] {logging_mixin.py:137} INFO - 12000
[2023-02-14T23:25:15.461-0300] {logging_mixin.py:137} INFO - 13000
[2023-02-14T23:25:28.542-0300] {logging_mixin.py:137} INFO - 14000
[2023-02-14T23:25:43.291-0300] {logging_mixin.py:137} INFO - 15000
[2023-02-14T23:25:59.165-0300] {logging_mixin.py:137} INFO - 16000
[2023-02-14T23:26:16.473-0300] {logging_mixin.py:137} INFO - 17000
[2023-02-14T23:26:34.978-0300] {logging_mixin.py:137} INFO - 18000
[2023-02-14T23:26:54.906-0300] {logging_mixin.py:137} INFO - 19000
[2023-02-14T23:27:16.267-0300] {logging_mixin.py:137} INFO - 20000
[2023-02-14T23:27:38.970-0300] {logging_mixin.py:137} INFO - 21000
[2023-02-14T23:28:03.016-0300] {logging_mixin.py:137} INFO - 22000
[2023-02-14T23:28:28.573-0300] {logging_mixin.py:137} INFO - 23000
[2023-02-14T23:28:55.236-0300] {logging_mixin.py:137} INFO - 24000
[2023-02-14T23:29:23.569-0300] {logging_mixin.py:137} INFO - 25000
[2023-02-14T23:29:53.082-0300] {logging_mixin.py:137} INFO - 26000
[2023-02-14T23:30:30.065-0300] {logging_mixin.py:137} INFO - 2000
[2023-02-14T23:30:34.230-0300] {logging_mixin.py:137} INFO - 3000
[2023-02-14T23:31:26.518-0300] {logging_mixin.py:137} INFO - 1000
[2023-02-14T23:31:29.131-0300] {logging_mixin.py:137} INFO - 2000
[2023-02-14T23:31:36.501-0300] {logging_mixin.py:137} INFO - 4000
[2023-02-14T23:31:41.489-0300] {logging_mixin.py:137} INFO - 5000
[2023-02-14T23:31:53.589-0300] {logging_mixin.py:137} INFO - 7000
[2023-02-14T23:32:09.625-0300] {logging_mixin.py:137} INFO - 9000
[2023-02-14T23:32:19.313-0300] {logging_mixin.py:137} INFO - 10000
[2023-02-14T23:32:29.614-0300] {logging_mixin.py:137} INFO - 11000
[2023-02-14T23:32:40.319-0300] {logging_mixin.py:137} INFO - 12000
[2023-02-14T23:33:04.743-0300] {logging_mixin.py:137} INFO - 14000
[2023-02-14T23:33:18.205-0300] {logging_mixin.py:137} INFO - 15000
[2023-02-14T23:33:47.793-0300] {logging_mixin.py:137} INFO - 17000
[2023-02-14T23:34:04.893-0300] {logging_mixin.py:137} INFO - 18000
[2023-02-14T23:34:21.445-0300] {logging_mixin.py:137} INFO - 19000
[2023-02-14T23:34:58.874-0300] {logging_mixin.py:137} INFO - 21000
[2023-02-14T23:35:18.408-0300] {logging_mixin.py:137} INFO - 22000
[2023-02-14T23:36:03.671-0300] {logging_mixin.py:137} INFO - 24000
[2023-02-14T23:36:27.883-0300] {logging_mixin.py:137} INFO - 25000
[2023-02-14T23:36:53.870-0300] {logging_mixin.py:137} INFO - 26000
[2023-02-14T23:37:21.833-0300] {logging_mixin.py:137} INFO - 27000
[2023-02-14T23:37:43.898-0300] {logging_mixin.py:137} INFO - 28000
[2023-02-14T23:38:55.507-0300] {logging_mixin.py:137} INFO - 31000
[2023-02-14T23:39:28.582-0300] {logging_mixin.py:137} INFO - 32000
[2023-02-14T23:40:04.324-0300] {logging_mixin.py:137} INFO - 33000
[2023-02-14T23:40:42.827-0300] {logging_mixin.py:137} INFO - 34000
[2023-02-14T23:42:00.995-0300] {logging_mixin.py:137} INFO - 36000
[2023-02-14T23:42:40.046-0300] {logging_mixin.py:137} INFO - 37000
[2023-02-14T23:43:21.317-0300] {logging_mixin.py:137} INFO - 38000
[2023-02-14T23:44:03.046-0300] {logging_mixin.py:137} INFO - 39000
[2023-02-14T23:44:43.596-0300] {logging_mixin.py:137} INFO - 40000
[2023-02-14T23:45:28.168-0300] {logging_mixin.py:137} INFO - 41000
[2023-02-14T23:46:16.188-0300] {logging_mixin.py:137} INFO - 42000
[2023-02-14T23:47:00.651-0300] {logging_mixin.py:137} INFO - 43000
[2023-02-14T23:48:32.844-0300] {logging_mixin.py:137} INFO - 45000
[2023-02-14T23:49:21.964-0300] {logging_mixin.py:137} INFO - 46000
[2023-02-14T23:50:10.178-0300] {logging_mixin.py:137} INFO - 47000
[2023-02-14T23:51:49.884-0300] {logging_mixin.py:137} INFO - 49000
[2023-02-14T23:52:40.919-0300] {logging_mixin.py:137} INFO - 50000
[2023-02-14T23:53:39.277-0300] {logging_mixin.py:137} INFO - 51000
[2023-02-14T23:54:38.254-0300] {logging_mixin.py:137} INFO - 52000
[2023-02-14T23:55:36.266-0300] {logging_mixin.py:137} INFO - 53000
[2023-02-14T23:56:40.599-0300] {logging_mixin.py:137} INFO - 54000
[2023-02-14T23:57:45.300-0300] {logging_mixin.py:137} INFO - 55000
[2023-02-14T23:58:56.808-0300] {logging_mixin.py:137} INFO - 56000
[2023-02-15T00:00:11.105-0300] {logging_mixin.py:137} INFO - 57000
[2023-02-15T00:01:27.064-0300] {logging_mixin.py:137} INFO - 58000
[2023-02-15T00:02:44.084-0300] {logging_mixin.py:137} INFO - 59000
[2023-02-15T00:04:02.274-0300] {logging_mixin.py:137} INFO - 60000
[2023-02-15T00:05:21.965-0300] {logging_mixin.py:137} INFO - 61000
[2023-02-15T00:06:43.807-0300] {logging_mixin.py:137} INFO - 62000
[2023-02-15T00:08:08.097-0300] {logging_mixin.py:137} INFO - 63000
[2023-02-15T00:09:32.447-0300] {logging_mixin.py:137} INFO - 64000
[2023-02-15T00:10:57.316-0300] {logging_mixin.py:137} INFO - 65000
[2023-02-15T00:12:24.184-0300] {logging_mixin.py:137} INFO - 66000
[2023-02-15T00:13:53.049-0300] {logging_mixin.py:137} INFO - 67000
[2023-02-15T00:15:22.781-0300] {logging_mixin.py:137} INFO - 68000
[2023-02-15T00:16:54.390-0300] {logging_mixin.py:137} INFO - 69000
[2023-02-15T00:18:27.036-0300] {logging_mixin.py:137} INFO - 70000
[2023-02-15T00:20:01.132-0300] {logging_mixin.py:137} INFO - 71000
[2023-02-15T00:21:36.964-0300] {logging_mixin.py:137} INFO - 72000
[2023-02-15T00:23:13.845-0300] {logging_mixin.py:137} INFO - 73000
[2023-02-15T00:24:52.048-0300] {logging_mixin.py:137} INFO - 74000
[2023-02-15T00:26:32.164-0300] {logging_mixin.py:137} INFO - 75000
[2023-02-15T00:28:13.129-0300] {logging_mixin.py:137} INFO - 76000
[2023-02-15T00:29:55.376-0300] {logging_mixin.py:137} INFO - 77000
[2023-02-15T00:31:39.695-0300] {logging_mixin.py:137} INFO - 78000
[2023-02-15T00:33:25.333-0300] {logging_mixin.py:137} INFO - 79000
[2023-02-15T00:35:12.652-0300] {logging_mixin.py:137} INFO - 80000
[2023-02-15T00:37:04.951-0300] {logging_mixin.py:137} INFO - 81000
[2023-02-15T00:38:59.032-0300] {logging_mixin.py:137} INFO - 82000
[2023-02-15T00:42:49.746-0300] {logging_mixin.py:137} INFO - 84000
[2023-02-15T00:44:48.434-0300] {logging_mixin.py:137} INFO - 85000
[2023-02-15T00:46:47.838-0300] {logging_mixin.py:137} INFO - 86000
[2023-02-15T00:48:49.824-0300] {logging_mixin.py:137} INFO - 87000
[2023-02-15T00:50:51.887-0300] {logging_mixin.py:137} INFO - 88000
[2023-02-15T00:52:56.515-0300] {logging_mixin.py:137} INFO - 89000
[2023-02-15T00:55:01.268-0300] {logging_mixin.py:137} INFO - 90000
[2023-02-15T00:57:06.613-0300] {logging_mixin.py:137} INFO - 91000
[2023-02-15T00:59:15.122-0300] {logging_mixin.py:137} INFO - 92000
[2023-02-15T01:01:24.417-0300] {logging_mixin.py:137} INFO - 93000
[2023-02-15T01:03:35.856-0300] {logging_mixin.py:137} INFO - 94000
[2023-02-15T01:05:48.525-0300] {logging_mixin.py:137} INFO - 95000
[2023-02-15T01:08:02.119-0300] {logging_mixin.py:137} INFO - 96000
[2023-02-15T01:10:17.223-0300] {logging_mixin.py:137} INFO - 97000
[2023-02-15T01:12:33.230-0300] {logging_mixin.py:137} INFO - 98000
[2023-02-15T01:14:51.036-0300] {logging_mixin.py:137} INFO - 99000
[2023-02-15T01:17:09.841-0300] {logging_mixin.py:137} INFO - 100000
[2023-02-15T01:19:30.646-0300] {logging_mixin.py:137} INFO - 101000
[2023-02-15T01:21:48.291-0300] {logging_mixin.py:137} INFO - 102000
[2023-02-15T01:24:05.325-0300] {logging_mixin.py:137} INFO - 103000
[2023-02-15T01:26:22.773-0300] {logging_mixin.py:137} INFO - 104000
[2023-02-15T01:28:42.655-0300] {logging_mixin.py:137} INFO - 105000
[2023-02-15T01:31:04.200-0300] {logging_mixin.py:137} INFO - 106000
[2023-02-15T01:33:32.558-0300] {python.py:177} INFO - Done. Returned value was: None
[2023-02-15T01:33:32.832-0300] {taskinstance.py:1327} INFO - Marking task as SUCCESS. dag_id=download_uniprot, task_id=extract_files, execution_date=20230215T021056, start_date=20230215T022413, end_date=20230215T043332
[2023-02-15T01:33:33.045-0300] {local_task_job.py:159} INFO - Task exited with return code 0
[2023-02-15T01:33:33.244-0300] {taskinstance.py:2582} INFO - 1 downstream tasks scheduled from follow-on schedule check
