[2023-01-04T19:13:33.494-0300] {taskinstance.py:1087} INFO - Dependencies all met for <TaskInstance: get_epitopes.hiv_midb manual__2023-01-04T22:13:31.509436+00:00 [queued]>
[2023-01-04T19:13:33.506-0300] {taskinstance.py:1087} INFO - Dependencies all met for <TaskInstance: get_epitopes.hiv_midb manual__2023-01-04T22:13:31.509436+00:00 [queued]>
[2023-01-04T19:13:33.507-0300] {taskinstance.py:1283} INFO - 
--------------------------------------------------------------------------------
[2023-01-04T19:13:33.507-0300] {taskinstance.py:1284} INFO - Starting attempt 1 of 1
[2023-01-04T19:13:33.507-0300] {taskinstance.py:1285} INFO - 
--------------------------------------------------------------------------------
[2023-01-04T19:13:33.526-0300] {taskinstance.py:1304} INFO - Executing <Task(PythonOperator): hiv_midb> on 2023-01-04 22:13:31.509436+00:00
[2023-01-04T19:13:33.530-0300] {standard_task_runner.py:55} INFO - Started process 7326 to run task
[2023-01-04T19:13:33.534-0300] {standard_task_runner.py:82} INFO - Running: ['***', 'tasks', 'run', 'get_epitopes', 'hiv_midb', 'manual__2023-01-04T22:13:31.509436+00:00', '--job-id', '244', '--raw', '--subdir', 'DAGS_FOLDER/get_epitopes.py', '--cfg-path', '/tmp/tmp56q2ry67']
[2023-01-04T19:13:33.535-0300] {standard_task_runner.py:83} INFO - Job 244: Subtask hiv_midb
[2023-01-04T19:13:33.605-0300] {task_command.py:389} INFO - Running <TaskInstance: get_epitopes.hiv_midb manual__2023-01-04T22:13:31.509436+00:00 [running]> on host kallo-Ubuntu
[2023-01-04T19:13:33.684-0300] {taskinstance.py:1513} INFO - Exporting the following env vars:
AIRFLOW_CTX_DAG_OWNER=Kallox
AIRFLOW_CTX_DAG_ID=get_epitopes
AIRFLOW_CTX_TASK_ID=hiv_midb
AIRFLOW_CTX_EXECUTION_DATE=2023-01-04T22:13:31.509436+00:00
AIRFLOW_CTX_TRY_NUMBER=1
AIRFLOW_CTX_DAG_RUN_ID=manual__2023-01-04T22:13:31.509436+00:00
[2023-01-04T19:13:33.693-0300] {python.py:177} INFO - Done. Returned value was: None
[2023-01-04T19:13:33.705-0300] {taskinstance.py:1327} INFO - Marking task as SUCCESS. dag_id=get_epitopes, task_id=hiv_midb, execution_date=20230104T221331, start_date=20230104T221333, end_date=20230104T221333
[2023-01-04T19:13:33.744-0300] {local_task_job.py:159} INFO - Task exited with return code 0
[2023-01-04T19:13:33.781-0300] {taskinstance.py:2582} INFO - 1 downstream tasks scheduled from follow-on schedule check
