[2023-01-01T20:30:45.840-0300] {processor.py:153} INFO - Started process (PID=3570) to work on /home/kallox/airflow/dags/characterization.py
[2023-01-01T20:30:45.840-0300] {processor.py:743} INFO - Processing file /home/kallox/airflow/dags/characterization.py for tasks to queue
[2023-01-01T20:30:45.841-0300] {logging_mixin.py:137} INFO - [2023-01-01T20:30:45.840-0300] {dagbag.py:538} INFO - Filling up the DagBag from /home/kallox/airflow/dags/characterization.py
[2023-01-01T20:30:45.842-0300] {logging_mixin.py:137} INFO - [2023-01-01T20:30:45.841-0300] {dagbag.py:343} ERROR - Failed to import: /home/kallox/airflow/dags/characterization.py
Traceback (most recent call last):
  File "/home/kallox/anaconda3/envs/airflow/lib/python3.7/site-packages/airflow/models/dagbag.py", line 339, in parse
    loader.exec_module(new_module)
  File "<frozen importlib._bootstrap_external>", line 724, in exec_module
  File "<frozen importlib._bootstrap_external>", line 860, in get_code
  File "<frozen importlib._bootstrap_external>", line 791, in source_to_code
  File "<frozen importlib._bootstrap>", line 219, in _call_with_frames_removed
  File "/home/kallox/airflow/dags/characterization.py", line 25
    physichochemical_properties = PythonOperator(task_id='physichochemical_properties', python_callable=)
                                                                                                        ^
SyntaxError: invalid syntax
[2023-01-01T20:30:45.843-0300] {processor.py:755} WARNING - No viable dags retrieved from /home/kallox/airflow/dags/characterization.py
[2023-01-01T20:30:45.862-0300] {processor.py:175} INFO - Processing /home/kallox/airflow/dags/characterization.py took 0.026 seconds
[2023-01-01T20:31:16.471-0300] {processor.py:153} INFO - Started process (PID=4830) to work on /home/kallox/airflow/dags/characterization.py
[2023-01-01T20:31:16.472-0300] {processor.py:743} INFO - Processing file /home/kallox/airflow/dags/characterization.py for tasks to queue
[2023-01-01T20:31:16.472-0300] {logging_mixin.py:137} INFO - [2023-01-01T20:31:16.472-0300] {dagbag.py:538} INFO - Filling up the DagBag from /home/kallox/airflow/dags/characterization.py
[2023-01-01T20:31:16.474-0300] {logging_mixin.py:137} INFO - [2023-01-01T20:31:16.473-0300] {dagbag.py:343} ERROR - Failed to import: /home/kallox/airflow/dags/characterization.py
Traceback (most recent call last):
  File "/home/kallox/anaconda3/envs/airflow/lib/python3.7/site-packages/airflow/models/dagbag.py", line 339, in parse
    loader.exec_module(new_module)
  File "<frozen importlib._bootstrap_external>", line 724, in exec_module
  File "<frozen importlib._bootstrap_external>", line 860, in get_code
  File "<frozen importlib._bootstrap_external>", line 791, in source_to_code
  File "<frozen importlib._bootstrap>", line 219, in _call_with_frames_removed
  File "/home/kallox/airflow/dags/characterization.py", line 25
    physichochemical_properties = PythonOperator(task_id='physichochemical_properties', python_callable=)
                                                                                                        ^
SyntaxError: invalid syntax
[2023-01-01T20:31:16.474-0300] {processor.py:755} WARNING - No viable dags retrieved from /home/kallox/airflow/dags/characterization.py
[2023-01-01T20:31:16.503-0300] {processor.py:175} INFO - Processing /home/kallox/airflow/dags/characterization.py took 0.035 seconds
[2023-01-01T20:31:47.567-0300] {processor.py:153} INFO - Started process (PID=5210) to work on /home/kallox/airflow/dags/characterization.py
[2023-01-01T20:31:47.567-0300] {processor.py:743} INFO - Processing file /home/kallox/airflow/dags/characterization.py for tasks to queue
[2023-01-01T20:31:47.568-0300] {logging_mixin.py:137} INFO - [2023-01-01T20:31:47.568-0300] {dagbag.py:538} INFO - Filling up the DagBag from /home/kallox/airflow/dags/characterization.py
[2023-01-01T20:31:47.569-0300] {logging_mixin.py:137} INFO - [2023-01-01T20:31:47.569-0300] {dagbag.py:343} ERROR - Failed to import: /home/kallox/airflow/dags/characterization.py
Traceback (most recent call last):
  File "/home/kallox/anaconda3/envs/airflow/lib/python3.7/site-packages/airflow/models/dagbag.py", line 339, in parse
    loader.exec_module(new_module)
  File "<frozen importlib._bootstrap_external>", line 724, in exec_module
  File "<frozen importlib._bootstrap_external>", line 860, in get_code
  File "<frozen importlib._bootstrap_external>", line 791, in source_to_code
  File "<frozen importlib._bootstrap>", line 219, in _call_with_frames_removed
  File "/home/kallox/airflow/dags/characterization.py", line 25
    physichochemical_properties = PythonOperator(task_id='physichochemical_properties', python_callable=)
                                                                                                        ^
SyntaxError: invalid syntax
[2023-01-01T20:31:47.570-0300] {processor.py:755} WARNING - No viable dags retrieved from /home/kallox/airflow/dags/characterization.py
[2023-01-01T20:31:47.595-0300] {processor.py:175} INFO - Processing /home/kallox/airflow/dags/characterization.py took 0.031 seconds
[2023-01-01T20:32:18.271-0300] {processor.py:153} INFO - Started process (PID=5578) to work on /home/kallox/airflow/dags/characterization.py
[2023-01-01T20:32:18.271-0300] {processor.py:743} INFO - Processing file /home/kallox/airflow/dags/characterization.py for tasks to queue
[2023-01-01T20:32:18.272-0300] {logging_mixin.py:137} INFO - [2023-01-01T20:32:18.272-0300] {dagbag.py:538} INFO - Filling up the DagBag from /home/kallox/airflow/dags/characterization.py
[2023-01-01T20:32:18.273-0300] {logging_mixin.py:137} INFO - [2023-01-01T20:32:18.273-0300] {dagbag.py:343} ERROR - Failed to import: /home/kallox/airflow/dags/characterization.py
Traceback (most recent call last):
  File "/home/kallox/anaconda3/envs/airflow/lib/python3.7/site-packages/airflow/models/dagbag.py", line 339, in parse
    loader.exec_module(new_module)
  File "<frozen importlib._bootstrap_external>", line 724, in exec_module
  File "<frozen importlib._bootstrap_external>", line 860, in get_code
  File "<frozen importlib._bootstrap_external>", line 791, in source_to_code
  File "<frozen importlib._bootstrap>", line 219, in _call_with_frames_removed
  File "/home/kallox/airflow/dags/characterization.py", line 25
    physichochemical_properties = PythonOperator(task_id='physichochemical_properties', python_callable=)
                                                                                                        ^
SyntaxError: invalid syntax
[2023-01-01T20:32:18.274-0300] {processor.py:755} WARNING - No viable dags retrieved from /home/kallox/airflow/dags/characterization.py
[2023-01-01T20:32:18.294-0300] {processor.py:175} INFO - Processing /home/kallox/airflow/dags/characterization.py took 0.025 seconds
[2023-01-01T20:32:49.726-0300] {processor.py:153} INFO - Started process (PID=5893) to work on /home/kallox/airflow/dags/characterization.py
[2023-01-01T20:32:49.726-0300] {processor.py:743} INFO - Processing file /home/kallox/airflow/dags/characterization.py for tasks to queue
[2023-01-01T20:32:49.727-0300] {logging_mixin.py:137} INFO - [2023-01-01T20:32:49.727-0300] {dagbag.py:538} INFO - Filling up the DagBag from /home/kallox/airflow/dags/characterization.py
[2023-01-01T20:32:49.729-0300] {logging_mixin.py:137} INFO - [2023-01-01T20:32:49.728-0300] {dagbag.py:343} ERROR - Failed to import: /home/kallox/airflow/dags/characterization.py
Traceback (most recent call last):
  File "/home/kallox/anaconda3/envs/airflow/lib/python3.7/site-packages/airflow/models/dagbag.py", line 339, in parse
    loader.exec_module(new_module)
  File "<frozen importlib._bootstrap_external>", line 724, in exec_module
  File "<frozen importlib._bootstrap_external>", line 860, in get_code
  File "<frozen importlib._bootstrap_external>", line 791, in source_to_code
  File "<frozen importlib._bootstrap>", line 219, in _call_with_frames_removed
  File "/home/kallox/airflow/dags/characterization.py", line 25
    physichochemical_properties = PythonOperator(task_id='physichochemical_properties', python_callable=)
                                                                                                        ^
SyntaxError: invalid syntax
[2023-01-01T20:32:49.729-0300] {processor.py:755} WARNING - No viable dags retrieved from /home/kallox/airflow/dags/characterization.py
[2023-01-01T20:32:49.753-0300] {processor.py:175} INFO - Processing /home/kallox/airflow/dags/characterization.py took 0.030 seconds
[2023-01-01T20:33:20.554-0300] {processor.py:153} INFO - Started process (PID=6195) to work on /home/kallox/airflow/dags/characterization.py
[2023-01-01T20:33:20.555-0300] {processor.py:743} INFO - Processing file /home/kallox/airflow/dags/characterization.py for tasks to queue
[2023-01-01T20:33:20.555-0300] {logging_mixin.py:137} INFO - [2023-01-01T20:33:20.555-0300] {dagbag.py:538} INFO - Filling up the DagBag from /home/kallox/airflow/dags/characterization.py
[2023-01-01T20:33:20.558-0300] {logging_mixin.py:137} INFO - [2023-01-01T20:33:20.557-0300] {dagbag.py:343} ERROR - Failed to import: /home/kallox/airflow/dags/characterization.py
Traceback (most recent call last):
  File "/home/kallox/anaconda3/envs/airflow/lib/python3.7/site-packages/airflow/models/dagbag.py", line 339, in parse
    loader.exec_module(new_module)
  File "<frozen importlib._bootstrap_external>", line 724, in exec_module
  File "<frozen importlib._bootstrap_external>", line 860, in get_code
  File "<frozen importlib._bootstrap_external>", line 791, in source_to_code
  File "<frozen importlib._bootstrap>", line 219, in _call_with_frames_removed
  File "/home/kallox/airflow/dags/characterization.py", line 25
    physichochemical_properties = PythonOperator(task_id='physichochemical_properties', python_callable=)
                                                                                                        ^
SyntaxError: invalid syntax
[2023-01-01T20:33:20.558-0300] {processor.py:755} WARNING - No viable dags retrieved from /home/kallox/airflow/dags/characterization.py
[2023-01-01T20:33:20.582-0300] {processor.py:175} INFO - Processing /home/kallox/airflow/dags/characterization.py took 0.031 seconds
[2023-01-01T20:34:48.618-0300] {processor.py:153} INFO - Started process (PID=7029) to work on /home/kallox/airflow/dags/characterization.py
[2023-01-01T20:34:48.619-0300] {processor.py:743} INFO - Processing file /home/kallox/airflow/dags/characterization.py for tasks to queue
[2023-01-01T20:34:48.619-0300] {logging_mixin.py:137} INFO - [2023-01-01T20:34:48.619-0300] {dagbag.py:538} INFO - Filling up the DagBag from /home/kallox/airflow/dags/characterization.py
[2023-01-01T20:34:48.621-0300] {logging_mixin.py:137} INFO - [2023-01-01T20:34:48.620-0300] {dagbag.py:343} ERROR - Failed to import: /home/kallox/airflow/dags/characterization.py
Traceback (most recent call last):
  File "/home/kallox/anaconda3/envs/airflow/lib/python3.7/site-packages/airflow/models/dagbag.py", line 339, in parse
    loader.exec_module(new_module)
  File "<frozen importlib._bootstrap_external>", line 724, in exec_module
  File "<frozen importlib._bootstrap_external>", line 860, in get_code
  File "<frozen importlib._bootstrap_external>", line 791, in source_to_code
  File "<frozen importlib._bootstrap>", line 219, in _call_with_frames_removed
  File "/home/kallox/airflow/dags/characterization.py", line 25
    physichochemical_properties = PythonOperator(task_id='physichochemical_properties', python_callable=)
                                                                                                        ^
SyntaxError: invalid syntax
[2023-01-01T20:34:48.621-0300] {processor.py:755} WARNING - No viable dags retrieved from /home/kallox/airflow/dags/characterization.py
[2023-01-01T20:34:48.639-0300] {processor.py:175} INFO - Processing /home/kallox/airflow/dags/characterization.py took 0.023 seconds
[2023-01-01T20:35:20.013-0300] {processor.py:153} INFO - Started process (PID=7119) to work on /home/kallox/airflow/dags/characterization.py
[2023-01-01T20:35:20.014-0300] {processor.py:743} INFO - Processing file /home/kallox/airflow/dags/characterization.py for tasks to queue
[2023-01-01T20:35:20.015-0300] {logging_mixin.py:137} INFO - [2023-01-01T20:35:20.014-0300] {dagbag.py:538} INFO - Filling up the DagBag from /home/kallox/airflow/dags/characterization.py
[2023-01-01T20:35:20.016-0300] {logging_mixin.py:137} INFO - [2023-01-01T20:35:20.016-0300] {dagbag.py:343} ERROR - Failed to import: /home/kallox/airflow/dags/characterization.py
Traceback (most recent call last):
  File "/home/kallox/anaconda3/envs/airflow/lib/python3.7/site-packages/airflow/models/dagbag.py", line 339, in parse
    loader.exec_module(new_module)
  File "<frozen importlib._bootstrap_external>", line 724, in exec_module
  File "<frozen importlib._bootstrap_external>", line 860, in get_code
  File "<frozen importlib._bootstrap_external>", line 791, in source_to_code
  File "<frozen importlib._bootstrap>", line 219, in _call_with_frames_removed
  File "/home/kallox/airflow/dags/characterization.py", line 25
    physichochemical_properties = PythonOperator(task_id='physichochemical_properties', python_callable=)
                                                                                                        ^
SyntaxError: invalid syntax
[2023-01-01T20:35:20.017-0300] {processor.py:755} WARNING - No viable dags retrieved from /home/kallox/airflow/dags/characterization.py
[2023-01-01T20:35:20.040-0300] {processor.py:175} INFO - Processing /home/kallox/airflow/dags/characterization.py took 0.029 seconds
[2023-01-01T20:35:50.623-0300] {processor.py:153} INFO - Started process (PID=7198) to work on /home/kallox/airflow/dags/characterization.py
[2023-01-01T20:35:50.624-0300] {processor.py:743} INFO - Processing file /home/kallox/airflow/dags/characterization.py for tasks to queue
[2023-01-01T20:35:50.624-0300] {logging_mixin.py:137} INFO - [2023-01-01T20:35:50.624-0300] {dagbag.py:538} INFO - Filling up the DagBag from /home/kallox/airflow/dags/characterization.py
[2023-01-01T20:35:50.626-0300] {logging_mixin.py:137} INFO - [2023-01-01T20:35:50.625-0300] {dagbag.py:343} ERROR - Failed to import: /home/kallox/airflow/dags/characterization.py
Traceback (most recent call last):
  File "/home/kallox/anaconda3/envs/airflow/lib/python3.7/site-packages/airflow/models/dagbag.py", line 339, in parse
    loader.exec_module(new_module)
  File "<frozen importlib._bootstrap_external>", line 724, in exec_module
  File "<frozen importlib._bootstrap_external>", line 860, in get_code
  File "<frozen importlib._bootstrap_external>", line 791, in source_to_code
  File "<frozen importlib._bootstrap>", line 219, in _call_with_frames_removed
  File "/home/kallox/airflow/dags/characterization.py", line 25
    physichochemical_properties = PythonOperator(task_id='physichochemical_properties', python_callable=)
                                                                                                        ^
SyntaxError: invalid syntax
[2023-01-01T20:35:50.626-0300] {processor.py:755} WARNING - No viable dags retrieved from /home/kallox/airflow/dags/characterization.py
[2023-01-01T20:35:50.650-0300] {processor.py:175} INFO - Processing /home/kallox/airflow/dags/characterization.py took 0.029 seconds
[2023-01-01T20:36:21.164-0300] {processor.py:153} INFO - Started process (PID=7273) to work on /home/kallox/airflow/dags/characterization.py
[2023-01-01T20:36:21.165-0300] {processor.py:743} INFO - Processing file /home/kallox/airflow/dags/characterization.py for tasks to queue
[2023-01-01T20:36:21.166-0300] {logging_mixin.py:137} INFO - [2023-01-01T20:36:21.166-0300] {dagbag.py:538} INFO - Filling up the DagBag from /home/kallox/airflow/dags/characterization.py
[2023-01-01T20:36:21.168-0300] {logging_mixin.py:137} INFO - [2023-01-01T20:36:21.167-0300] {dagbag.py:343} ERROR - Failed to import: /home/kallox/airflow/dags/characterization.py
Traceback (most recent call last):
  File "/home/kallox/anaconda3/envs/airflow/lib/python3.7/site-packages/airflow/models/dagbag.py", line 339, in parse
    loader.exec_module(new_module)
  File "<frozen importlib._bootstrap_external>", line 724, in exec_module
  File "<frozen importlib._bootstrap_external>", line 860, in get_code
  File "<frozen importlib._bootstrap_external>", line 791, in source_to_code
  File "<frozen importlib._bootstrap>", line 219, in _call_with_frames_removed
  File "/home/kallox/airflow/dags/characterization.py", line 25
    physichochemical_properties = PythonOperator(task_id='physichochemical_properties', python_callable=)
                                                                                                        ^
SyntaxError: invalid syntax
[2023-01-01T20:36:21.168-0300] {processor.py:755} WARNING - No viable dags retrieved from /home/kallox/airflow/dags/characterization.py
[2023-01-01T20:36:21.192-0300] {processor.py:175} INFO - Processing /home/kallox/airflow/dags/characterization.py took 0.030 seconds
[2023-01-01T20:36:51.816-0300] {processor.py:153} INFO - Started process (PID=7355) to work on /home/kallox/airflow/dags/characterization.py
[2023-01-01T20:36:51.817-0300] {processor.py:743} INFO - Processing file /home/kallox/airflow/dags/characterization.py for tasks to queue
[2023-01-01T20:36:51.817-0300] {logging_mixin.py:137} INFO - [2023-01-01T20:36:51.817-0300] {dagbag.py:538} INFO - Filling up the DagBag from /home/kallox/airflow/dags/characterization.py
[2023-01-01T20:36:51.819-0300] {logging_mixin.py:137} INFO - [2023-01-01T20:36:51.818-0300] {dagbag.py:343} ERROR - Failed to import: /home/kallox/airflow/dags/characterization.py
Traceback (most recent call last):
  File "/home/kallox/anaconda3/envs/airflow/lib/python3.7/site-packages/airflow/models/dagbag.py", line 339, in parse
    loader.exec_module(new_module)
  File "<frozen importlib._bootstrap_external>", line 724, in exec_module
  File "<frozen importlib._bootstrap_external>", line 860, in get_code
  File "<frozen importlib._bootstrap_external>", line 791, in source_to_code
  File "<frozen importlib._bootstrap>", line 219, in _call_with_frames_removed
  File "/home/kallox/airflow/dags/characterization.py", line 25
    physichochemical_properties = PythonOperator(task_id='physichochemical_properties', python_callable=)
                                                                                                        ^
SyntaxError: invalid syntax
[2023-01-01T20:36:51.819-0300] {processor.py:755} WARNING - No viable dags retrieved from /home/kallox/airflow/dags/characterization.py
[2023-01-01T20:36:51.843-0300] {processor.py:175} INFO - Processing /home/kallox/airflow/dags/characterization.py took 0.030 seconds
[2023-01-01T20:37:22.468-0300] {processor.py:153} INFO - Started process (PID=7440) to work on /home/kallox/airflow/dags/characterization.py
[2023-01-01T20:37:22.469-0300] {processor.py:743} INFO - Processing file /home/kallox/airflow/dags/characterization.py for tasks to queue
[2023-01-01T20:37:22.470-0300] {logging_mixin.py:137} INFO - [2023-01-01T20:37:22.470-0300] {dagbag.py:538} INFO - Filling up the DagBag from /home/kallox/airflow/dags/characterization.py
[2023-01-01T20:37:22.472-0300] {logging_mixin.py:137} INFO - [2023-01-01T20:37:22.471-0300] {dagbag.py:343} ERROR - Failed to import: /home/kallox/airflow/dags/characterization.py
Traceback (most recent call last):
  File "/home/kallox/anaconda3/envs/airflow/lib/python3.7/site-packages/airflow/models/dagbag.py", line 339, in parse
    loader.exec_module(new_module)
  File "<frozen importlib._bootstrap_external>", line 724, in exec_module
  File "<frozen importlib._bootstrap_external>", line 860, in get_code
  File "<frozen importlib._bootstrap_external>", line 791, in source_to_code
  File "<frozen importlib._bootstrap>", line 219, in _call_with_frames_removed
  File "/home/kallox/airflow/dags/characterization.py", line 25
    physichochemical_properties = PythonOperator(task_id='physichochemical_properties', python_callable=)
                                                                                                        ^
SyntaxError: invalid syntax
[2023-01-01T20:37:22.473-0300] {processor.py:755} WARNING - No viable dags retrieved from /home/kallox/airflow/dags/characterization.py
[2023-01-01T20:37:22.498-0300] {processor.py:175} INFO - Processing /home/kallox/airflow/dags/characterization.py took 0.033 seconds
[2023-01-01T20:37:53.365-0300] {processor.py:153} INFO - Started process (PID=7515) to work on /home/kallox/airflow/dags/characterization.py
[2023-01-01T20:37:53.366-0300] {processor.py:743} INFO - Processing file /home/kallox/airflow/dags/characterization.py for tasks to queue
[2023-01-01T20:37:53.366-0300] {logging_mixin.py:137} INFO - [2023-01-01T20:37:53.366-0300] {dagbag.py:538} INFO - Filling up the DagBag from /home/kallox/airflow/dags/characterization.py
[2023-01-01T20:37:53.369-0300] {logging_mixin.py:137} INFO - [2023-01-01T20:37:53.368-0300] {dagbag.py:343} ERROR - Failed to import: /home/kallox/airflow/dags/characterization.py
Traceback (most recent call last):
  File "/home/kallox/anaconda3/envs/airflow/lib/python3.7/site-packages/airflow/models/dagbag.py", line 339, in parse
    loader.exec_module(new_module)
  File "<frozen importlib._bootstrap_external>", line 724, in exec_module
  File "<frozen importlib._bootstrap_external>", line 860, in get_code
  File "<frozen importlib._bootstrap_external>", line 791, in source_to_code
  File "<frozen importlib._bootstrap>", line 219, in _call_with_frames_removed
  File "/home/kallox/airflow/dags/characterization.py", line 25
    physichochemical_properties = PythonOperator(task_id='physichochemical_properties', python_callable=)
                                                                                                        ^
SyntaxError: invalid syntax
[2023-01-01T20:37:53.369-0300] {processor.py:755} WARNING - No viable dags retrieved from /home/kallox/airflow/dags/characterization.py
[2023-01-01T20:37:53.397-0300] {processor.py:175} INFO - Processing /home/kallox/airflow/dags/characterization.py took 0.035 seconds
[2023-01-01T20:38:24.070-0300] {processor.py:153} INFO - Started process (PID=7595) to work on /home/kallox/airflow/dags/characterization.py
[2023-01-01T20:38:24.071-0300] {processor.py:743} INFO - Processing file /home/kallox/airflow/dags/characterization.py for tasks to queue
[2023-01-01T20:38:24.072-0300] {logging_mixin.py:137} INFO - [2023-01-01T20:38:24.071-0300] {dagbag.py:538} INFO - Filling up the DagBag from /home/kallox/airflow/dags/characterization.py
[2023-01-01T20:38:24.073-0300] {logging_mixin.py:137} INFO - [2023-01-01T20:38:24.073-0300] {dagbag.py:343} ERROR - Failed to import: /home/kallox/airflow/dags/characterization.py
Traceback (most recent call last):
  File "/home/kallox/anaconda3/envs/airflow/lib/python3.7/site-packages/airflow/models/dagbag.py", line 339, in parse
    loader.exec_module(new_module)
  File "<frozen importlib._bootstrap_external>", line 724, in exec_module
  File "<frozen importlib._bootstrap_external>", line 860, in get_code
  File "<frozen importlib._bootstrap_external>", line 791, in source_to_code
  File "<frozen importlib._bootstrap>", line 219, in _call_with_frames_removed
  File "/home/kallox/airflow/dags/characterization.py", line 25
    physichochemical_properties = PythonOperator(task_id='physichochemical_properties', python_callable=)
                                                                                                        ^
SyntaxError: invalid syntax
[2023-01-01T20:38:24.074-0300] {processor.py:755} WARNING - No viable dags retrieved from /home/kallox/airflow/dags/characterization.py
[2023-01-01T20:38:24.098-0300] {processor.py:175} INFO - Processing /home/kallox/airflow/dags/characterization.py took 0.030 seconds
[2023-01-01T20:38:54.787-0300] {processor.py:153} INFO - Started process (PID=7681) to work on /home/kallox/airflow/dags/characterization.py
[2023-01-01T20:38:54.788-0300] {processor.py:743} INFO - Processing file /home/kallox/airflow/dags/characterization.py for tasks to queue
[2023-01-01T20:38:54.790-0300] {logging_mixin.py:137} INFO - [2023-01-01T20:38:54.789-0300] {dagbag.py:538} INFO - Filling up the DagBag from /home/kallox/airflow/dags/characterization.py
[2023-01-01T20:38:54.793-0300] {logging_mixin.py:137} INFO - [2023-01-01T20:38:54.791-0300] {dagbag.py:343} ERROR - Failed to import: /home/kallox/airflow/dags/characterization.py
Traceback (most recent call last):
  File "/home/kallox/anaconda3/envs/airflow/lib/python3.7/site-packages/airflow/models/dagbag.py", line 339, in parse
    loader.exec_module(new_module)
  File "<frozen importlib._bootstrap_external>", line 724, in exec_module
  File "<frozen importlib._bootstrap_external>", line 860, in get_code
  File "<frozen importlib._bootstrap_external>", line 791, in source_to_code
  File "<frozen importlib._bootstrap>", line 219, in _call_with_frames_removed
  File "/home/kallox/airflow/dags/characterization.py", line 25
    physichochemical_properties = PythonOperator(task_id='physichochemical_properties', python_callable=)
                                                                                                        ^
SyntaxError: invalid syntax
[2023-01-01T20:38:54.794-0300] {processor.py:755} WARNING - No viable dags retrieved from /home/kallox/airflow/dags/characterization.py
[2023-01-01T20:38:54.823-0300] {processor.py:175} INFO - Processing /home/kallox/airflow/dags/characterization.py took 0.038 seconds
[2023-01-01T20:39:25.313-0300] {processor.py:153} INFO - Started process (PID=7758) to work on /home/kallox/airflow/dags/characterization.py
[2023-01-01T20:39:25.314-0300] {processor.py:743} INFO - Processing file /home/kallox/airflow/dags/characterization.py for tasks to queue
[2023-01-01T20:39:25.314-0300] {logging_mixin.py:137} INFO - [2023-01-01T20:39:25.314-0300] {dagbag.py:538} INFO - Filling up the DagBag from /home/kallox/airflow/dags/characterization.py
[2023-01-01T20:39:25.316-0300] {logging_mixin.py:137} INFO - [2023-01-01T20:39:25.316-0300] {dagbag.py:343} ERROR - Failed to import: /home/kallox/airflow/dags/characterization.py
Traceback (most recent call last):
  File "/home/kallox/anaconda3/envs/airflow/lib/python3.7/site-packages/airflow/models/dagbag.py", line 339, in parse
    loader.exec_module(new_module)
  File "<frozen importlib._bootstrap_external>", line 724, in exec_module
  File "<frozen importlib._bootstrap_external>", line 860, in get_code
  File "<frozen importlib._bootstrap_external>", line 791, in source_to_code
  File "<frozen importlib._bootstrap>", line 219, in _call_with_frames_removed
  File "/home/kallox/airflow/dags/characterization.py", line 25
    physichochemical_properties = PythonOperator(task_id='physichochemical_properties', python_callable=)
                                                                                                        ^
SyntaxError: invalid syntax
[2023-01-01T20:39:25.317-0300] {processor.py:755} WARNING - No viable dags retrieved from /home/kallox/airflow/dags/characterization.py
[2023-01-01T20:39:25.339-0300] {processor.py:175} INFO - Processing /home/kallox/airflow/dags/characterization.py took 0.029 seconds
[2023-01-01T20:39:56.101-0300] {processor.py:153} INFO - Started process (PID=7833) to work on /home/kallox/airflow/dags/characterization.py
[2023-01-01T20:39:56.102-0300] {processor.py:743} INFO - Processing file /home/kallox/airflow/dags/characterization.py for tasks to queue
[2023-01-01T20:39:56.103-0300] {logging_mixin.py:137} INFO - [2023-01-01T20:39:56.102-0300] {dagbag.py:538} INFO - Filling up the DagBag from /home/kallox/airflow/dags/characterization.py
[2023-01-01T20:39:56.104-0300] {logging_mixin.py:137} INFO - [2023-01-01T20:39:56.104-0300] {dagbag.py:343} ERROR - Failed to import: /home/kallox/airflow/dags/characterization.py
Traceback (most recent call last):
  File "/home/kallox/anaconda3/envs/airflow/lib/python3.7/site-packages/airflow/models/dagbag.py", line 339, in parse
    loader.exec_module(new_module)
  File "<frozen importlib._bootstrap_external>", line 724, in exec_module
  File "<frozen importlib._bootstrap_external>", line 860, in get_code
  File "<frozen importlib._bootstrap_external>", line 791, in source_to_code
  File "<frozen importlib._bootstrap>", line 219, in _call_with_frames_removed
  File "/home/kallox/airflow/dags/characterization.py", line 25
    physichochemical_properties = PythonOperator(task_id='physichochemical_properties', python_callable=)
                                                                                                        ^
SyntaxError: invalid syntax
[2023-01-01T20:39:56.105-0300] {processor.py:755} WARNING - No viable dags retrieved from /home/kallox/airflow/dags/characterization.py
[2023-01-01T20:39:56.129-0300] {processor.py:175} INFO - Processing /home/kallox/airflow/dags/characterization.py took 0.031 seconds
[2023-01-01T20:40:26.794-0300] {processor.py:153} INFO - Started process (PID=7913) to work on /home/kallox/airflow/dags/characterization.py
[2023-01-01T20:40:26.795-0300] {processor.py:743} INFO - Processing file /home/kallox/airflow/dags/characterization.py for tasks to queue
[2023-01-01T20:40:26.795-0300] {logging_mixin.py:137} INFO - [2023-01-01T20:40:26.795-0300] {dagbag.py:538} INFO - Filling up the DagBag from /home/kallox/airflow/dags/characterization.py
[2023-01-01T20:40:26.798-0300] {logging_mixin.py:137} INFO - [2023-01-01T20:40:26.797-0300] {dagbag.py:343} ERROR - Failed to import: /home/kallox/airflow/dags/characterization.py
Traceback (most recent call last):
  File "/home/kallox/anaconda3/envs/airflow/lib/python3.7/site-packages/airflow/models/dagbag.py", line 339, in parse
    loader.exec_module(new_module)
  File "<frozen importlib._bootstrap_external>", line 724, in exec_module
  File "<frozen importlib._bootstrap_external>", line 860, in get_code
  File "<frozen importlib._bootstrap_external>", line 791, in source_to_code
  File "<frozen importlib._bootstrap>", line 219, in _call_with_frames_removed
  File "/home/kallox/airflow/dags/characterization.py", line 25
    physichochemical_properties = PythonOperator(task_id='physichochemical_properties', python_callable=)
                                                                                                        ^
SyntaxError: invalid syntax
[2023-01-01T20:40:26.798-0300] {processor.py:755} WARNING - No viable dags retrieved from /home/kallox/airflow/dags/characterization.py
[2023-01-01T20:40:26.823-0300] {processor.py:175} INFO - Processing /home/kallox/airflow/dags/characterization.py took 0.032 seconds
[2023-01-01T20:40:57.332-0300] {processor.py:153} INFO - Started process (PID=7994) to work on /home/kallox/airflow/dags/characterization.py
[2023-01-01T20:40:57.332-0300] {processor.py:743} INFO - Processing file /home/kallox/airflow/dags/characterization.py for tasks to queue
[2023-01-01T20:40:57.333-0300] {logging_mixin.py:137} INFO - [2023-01-01T20:40:57.333-0300] {dagbag.py:538} INFO - Filling up the DagBag from /home/kallox/airflow/dags/characterization.py
[2023-01-01T20:40:57.335-0300] {logging_mixin.py:137} INFO - [2023-01-01T20:40:57.334-0300] {dagbag.py:343} ERROR - Failed to import: /home/kallox/airflow/dags/characterization.py
Traceback (most recent call last):
  File "/home/kallox/anaconda3/envs/airflow/lib/python3.7/site-packages/airflow/models/dagbag.py", line 339, in parse
    loader.exec_module(new_module)
  File "<frozen importlib._bootstrap_external>", line 724, in exec_module
  File "<frozen importlib._bootstrap_external>", line 860, in get_code
  File "<frozen importlib._bootstrap_external>", line 791, in source_to_code
  File "<frozen importlib._bootstrap>", line 219, in _call_with_frames_removed
  File "/home/kallox/airflow/dags/characterization.py", line 25
    physichochemical_properties = PythonOperator(task_id='physichochemical_properties', python_callable=)
                                                                                                        ^
SyntaxError: invalid syntax
[2023-01-01T20:40:57.335-0300] {processor.py:755} WARNING - No viable dags retrieved from /home/kallox/airflow/dags/characterization.py
[2023-01-01T20:40:57.360-0300] {processor.py:175} INFO - Processing /home/kallox/airflow/dags/characterization.py took 0.031 seconds
[2023-01-01T20:41:27.917-0300] {processor.py:153} INFO - Started process (PID=8067) to work on /home/kallox/airflow/dags/characterization.py
[2023-01-01T20:41:27.918-0300] {processor.py:743} INFO - Processing file /home/kallox/airflow/dags/characterization.py for tasks to queue
[2023-01-01T20:41:27.918-0300] {logging_mixin.py:137} INFO - [2023-01-01T20:41:27.918-0300] {dagbag.py:538} INFO - Filling up the DagBag from /home/kallox/airflow/dags/characterization.py
[2023-01-01T20:41:27.920-0300] {logging_mixin.py:137} INFO - [2023-01-01T20:41:27.919-0300] {dagbag.py:343} ERROR - Failed to import: /home/kallox/airflow/dags/characterization.py
Traceback (most recent call last):
  File "/home/kallox/anaconda3/envs/airflow/lib/python3.7/site-packages/airflow/models/dagbag.py", line 339, in parse
    loader.exec_module(new_module)
  File "<frozen importlib._bootstrap_external>", line 724, in exec_module
  File "<frozen importlib._bootstrap_external>", line 860, in get_code
  File "<frozen importlib._bootstrap_external>", line 791, in source_to_code
  File "<frozen importlib._bootstrap>", line 219, in _call_with_frames_removed
  File "/home/kallox/airflow/dags/characterization.py", line 25
    physichochemical_properties = PythonOperator(task_id='physichochemical_properties', python_callable=)
                                                                                                        ^
SyntaxError: invalid syntax
[2023-01-01T20:41:27.920-0300] {processor.py:755} WARNING - No viable dags retrieved from /home/kallox/airflow/dags/characterization.py
[2023-01-01T20:41:27.946-0300] {processor.py:175} INFO - Processing /home/kallox/airflow/dags/characterization.py took 0.032 seconds
[2023-01-01T20:41:58.578-0300] {processor.py:153} INFO - Started process (PID=8156) to work on /home/kallox/airflow/dags/characterization.py
[2023-01-01T20:41:58.579-0300] {processor.py:743} INFO - Processing file /home/kallox/airflow/dags/characterization.py for tasks to queue
[2023-01-01T20:41:58.579-0300] {logging_mixin.py:137} INFO - [2023-01-01T20:41:58.579-0300] {dagbag.py:538} INFO - Filling up the DagBag from /home/kallox/airflow/dags/characterization.py
[2023-01-01T20:41:58.581-0300] {logging_mixin.py:137} INFO - [2023-01-01T20:41:58.580-0300] {dagbag.py:343} ERROR - Failed to import: /home/kallox/airflow/dags/characterization.py
Traceback (most recent call last):
  File "/home/kallox/anaconda3/envs/airflow/lib/python3.7/site-packages/airflow/models/dagbag.py", line 339, in parse
    loader.exec_module(new_module)
  File "<frozen importlib._bootstrap_external>", line 724, in exec_module
  File "<frozen importlib._bootstrap_external>", line 860, in get_code
  File "<frozen importlib._bootstrap_external>", line 791, in source_to_code
  File "<frozen importlib._bootstrap>", line 219, in _call_with_frames_removed
  File "/home/kallox/airflow/dags/characterization.py", line 25
    physichochemical_properties = PythonOperator(task_id='physichochemical_properties', python_callable=)
                                                                                                        ^
SyntaxError: invalid syntax
[2023-01-01T20:41:58.581-0300] {processor.py:755} WARNING - No viable dags retrieved from /home/kallox/airflow/dags/characterization.py
[2023-01-01T20:41:58.605-0300] {processor.py:175} INFO - Processing /home/kallox/airflow/dags/characterization.py took 0.030 seconds
[2023-01-01T20:42:29.189-0300] {processor.py:153} INFO - Started process (PID=8262) to work on /home/kallox/airflow/dags/characterization.py
[2023-01-01T20:42:29.190-0300] {processor.py:743} INFO - Processing file /home/kallox/airflow/dags/characterization.py for tasks to queue
[2023-01-01T20:42:29.190-0300] {logging_mixin.py:137} INFO - [2023-01-01T20:42:29.190-0300] {dagbag.py:538} INFO - Filling up the DagBag from /home/kallox/airflow/dags/characterization.py
[2023-01-01T20:42:29.192-0300] {logging_mixin.py:137} INFO - [2023-01-01T20:42:29.191-0300] {dagbag.py:343} ERROR - Failed to import: /home/kallox/airflow/dags/characterization.py
Traceback (most recent call last):
  File "/home/kallox/anaconda3/envs/airflow/lib/python3.7/site-packages/airflow/models/dagbag.py", line 339, in parse
    loader.exec_module(new_module)
  File "<frozen importlib._bootstrap_external>", line 724, in exec_module
  File "<frozen importlib._bootstrap_external>", line 860, in get_code
  File "<frozen importlib._bootstrap_external>", line 791, in source_to_code
  File "<frozen importlib._bootstrap>", line 219, in _call_with_frames_removed
  File "/home/kallox/airflow/dags/characterization.py", line 25
    physichochemical_properties = PythonOperator(task_id='physichochemical_properties', python_callable=)
                                                                                                        ^
SyntaxError: invalid syntax
[2023-01-01T20:42:29.192-0300] {processor.py:755} WARNING - No viable dags retrieved from /home/kallox/airflow/dags/characterization.py
[2023-01-01T20:42:29.211-0300] {processor.py:175} INFO - Processing /home/kallox/airflow/dags/characterization.py took 0.023 seconds
[2023-01-01T20:42:59.672-0300] {processor.py:153} INFO - Started process (PID=8338) to work on /home/kallox/airflow/dags/characterization.py
[2023-01-01T20:42:59.673-0300] {processor.py:743} INFO - Processing file /home/kallox/airflow/dags/characterization.py for tasks to queue
[2023-01-01T20:42:59.674-0300] {logging_mixin.py:137} INFO - [2023-01-01T20:42:59.673-0300] {dagbag.py:538} INFO - Filling up the DagBag from /home/kallox/airflow/dags/characterization.py
[2023-01-01T20:42:59.675-0300] {logging_mixin.py:137} INFO - [2023-01-01T20:42:59.675-0300] {dagbag.py:343} ERROR - Failed to import: /home/kallox/airflow/dags/characterization.py
Traceback (most recent call last):
  File "/home/kallox/anaconda3/envs/airflow/lib/python3.7/site-packages/airflow/models/dagbag.py", line 339, in parse
    loader.exec_module(new_module)
  File "<frozen importlib._bootstrap_external>", line 724, in exec_module
  File "<frozen importlib._bootstrap_external>", line 860, in get_code
  File "<frozen importlib._bootstrap_external>", line 791, in source_to_code
  File "<frozen importlib._bootstrap>", line 219, in _call_with_frames_removed
  File "/home/kallox/airflow/dags/characterization.py", line 25
    physichochemical_properties = PythonOperator(task_id='physichochemical_properties', python_callable=)
                                                                                                        ^
SyntaxError: invalid syntax
[2023-01-01T20:42:59.675-0300] {processor.py:755} WARNING - No viable dags retrieved from /home/kallox/airflow/dags/characterization.py
[2023-01-01T20:42:59.702-0300] {processor.py:175} INFO - Processing /home/kallox/airflow/dags/characterization.py took 0.032 seconds
[2023-01-01T20:43:30.320-0300] {processor.py:153} INFO - Started process (PID=8412) to work on /home/kallox/airflow/dags/characterization.py
[2023-01-01T20:43:30.321-0300] {processor.py:743} INFO - Processing file /home/kallox/airflow/dags/characterization.py for tasks to queue
[2023-01-01T20:43:30.322-0300] {logging_mixin.py:137} INFO - [2023-01-01T20:43:30.322-0300] {dagbag.py:538} INFO - Filling up the DagBag from /home/kallox/airflow/dags/characterization.py
[2023-01-01T20:43:30.324-0300] {logging_mixin.py:137} INFO - [2023-01-01T20:43:30.323-0300] {dagbag.py:343} ERROR - Failed to import: /home/kallox/airflow/dags/characterization.py
Traceback (most recent call last):
  File "/home/kallox/anaconda3/envs/airflow/lib/python3.7/site-packages/airflow/models/dagbag.py", line 339, in parse
    loader.exec_module(new_module)
  File "<frozen importlib._bootstrap_external>", line 724, in exec_module
  File "<frozen importlib._bootstrap_external>", line 860, in get_code
  File "<frozen importlib._bootstrap_external>", line 791, in source_to_code
  File "<frozen importlib._bootstrap>", line 219, in _call_with_frames_removed
  File "/home/kallox/airflow/dags/characterization.py", line 25
    physichochemical_properties = PythonOperator(task_id='physichochemical_properties', python_callable=)
                                                                                                        ^
SyntaxError: invalid syntax
[2023-01-01T20:43:30.324-0300] {processor.py:755} WARNING - No viable dags retrieved from /home/kallox/airflow/dags/characterization.py
[2023-01-01T20:43:30.348-0300] {processor.py:175} INFO - Processing /home/kallox/airflow/dags/characterization.py took 0.031 seconds
[2023-01-01T20:44:01.057-0300] {processor.py:153} INFO - Started process (PID=8498) to work on /home/kallox/airflow/dags/characterization.py
[2023-01-01T20:44:01.058-0300] {processor.py:743} INFO - Processing file /home/kallox/airflow/dags/characterization.py for tasks to queue
[2023-01-01T20:44:01.059-0300] {logging_mixin.py:137} INFO - [2023-01-01T20:44:01.059-0300] {dagbag.py:538} INFO - Filling up the DagBag from /home/kallox/airflow/dags/characterization.py
[2023-01-01T20:44:01.061-0300] {logging_mixin.py:137} INFO - [2023-01-01T20:44:01.060-0300] {dagbag.py:343} ERROR - Failed to import: /home/kallox/airflow/dags/characterization.py
Traceback (most recent call last):
  File "/home/kallox/anaconda3/envs/airflow/lib/python3.7/site-packages/airflow/models/dagbag.py", line 339, in parse
    loader.exec_module(new_module)
  File "<frozen importlib._bootstrap_external>", line 724, in exec_module
  File "<frozen importlib._bootstrap_external>", line 860, in get_code
  File "<frozen importlib._bootstrap_external>", line 791, in source_to_code
  File "<frozen importlib._bootstrap>", line 219, in _call_with_frames_removed
  File "/home/kallox/airflow/dags/characterization.py", line 25
    physichochemical_properties = PythonOperator(task_id='physichochemical_properties', python_callable=)
                                                                                                        ^
SyntaxError: invalid syntax
[2023-01-01T20:44:01.061-0300] {processor.py:755} WARNING - No viable dags retrieved from /home/kallox/airflow/dags/characterization.py
[2023-01-01T20:44:01.091-0300] {processor.py:175} INFO - Processing /home/kallox/airflow/dags/characterization.py took 0.036 seconds
[2023-01-01T20:44:31.547-0300] {processor.py:153} INFO - Started process (PID=8600) to work on /home/kallox/airflow/dags/characterization.py
[2023-01-01T20:44:31.548-0300] {processor.py:743} INFO - Processing file /home/kallox/airflow/dags/characterization.py for tasks to queue
[2023-01-01T20:44:31.549-0300] {logging_mixin.py:137} INFO - [2023-01-01T20:44:31.548-0300] {dagbag.py:538} INFO - Filling up the DagBag from /home/kallox/airflow/dags/characterization.py
[2023-01-01T20:44:31.550-0300] {logging_mixin.py:137} INFO - [2023-01-01T20:44:31.550-0300] {dagbag.py:343} ERROR - Failed to import: /home/kallox/airflow/dags/characterization.py
Traceback (most recent call last):
  File "/home/kallox/anaconda3/envs/airflow/lib/python3.7/site-packages/airflow/models/dagbag.py", line 339, in parse
    loader.exec_module(new_module)
  File "<frozen importlib._bootstrap_external>", line 724, in exec_module
  File "<frozen importlib._bootstrap_external>", line 860, in get_code
  File "<frozen importlib._bootstrap_external>", line 791, in source_to_code
  File "<frozen importlib._bootstrap>", line 219, in _call_with_frames_removed
  File "/home/kallox/airflow/dags/characterization.py", line 25
    physichochemical_properties = PythonOperator(task_id='physichochemical_properties', python_callable=)
                                                                                                        ^
SyntaxError: invalid syntax
[2023-01-01T20:44:31.551-0300] {processor.py:755} WARNING - No viable dags retrieved from /home/kallox/airflow/dags/characterization.py
[2023-01-01T20:44:31.578-0300] {processor.py:175} INFO - Processing /home/kallox/airflow/dags/characterization.py took 0.034 seconds
[2023-01-01T20:45:02.430-0300] {processor.py:153} INFO - Started process (PID=8684) to work on /home/kallox/airflow/dags/characterization.py
[2023-01-01T20:45:02.431-0300] {processor.py:743} INFO - Processing file /home/kallox/airflow/dags/characterization.py for tasks to queue
[2023-01-01T20:45:02.431-0300] {logging_mixin.py:137} INFO - [2023-01-01T20:45:02.431-0300] {dagbag.py:538} INFO - Filling up the DagBag from /home/kallox/airflow/dags/characterization.py
[2023-01-01T20:45:02.433-0300] {logging_mixin.py:137} INFO - [2023-01-01T20:45:02.432-0300] {dagbag.py:343} ERROR - Failed to import: /home/kallox/airflow/dags/characterization.py
Traceback (most recent call last):
  File "/home/kallox/anaconda3/envs/airflow/lib/python3.7/site-packages/airflow/models/dagbag.py", line 339, in parse
    loader.exec_module(new_module)
  File "<frozen importlib._bootstrap_external>", line 724, in exec_module
  File "<frozen importlib._bootstrap_external>", line 860, in get_code
  File "<frozen importlib._bootstrap_external>", line 791, in source_to_code
  File "<frozen importlib._bootstrap>", line 219, in _call_with_frames_removed
  File "/home/kallox/airflow/dags/characterization.py", line 25
    physichochemical_properties = PythonOperator(task_id='physichochemical_properties', python_callable=)
                                                                                                        ^
SyntaxError: invalid syntax
[2023-01-01T20:45:02.433-0300] {processor.py:755} WARNING - No viable dags retrieved from /home/kallox/airflow/dags/characterization.py
[2023-01-01T20:45:02.457-0300] {processor.py:175} INFO - Processing /home/kallox/airflow/dags/characterization.py took 0.030 seconds
[2023-01-01T20:45:33.867-0300] {processor.py:153} INFO - Started process (PID=8775) to work on /home/kallox/airflow/dags/characterization.py
[2023-01-01T20:45:33.867-0300] {processor.py:743} INFO - Processing file /home/kallox/airflow/dags/characterization.py for tasks to queue
[2023-01-01T20:45:33.868-0300] {logging_mixin.py:137} INFO - [2023-01-01T20:45:33.868-0300] {dagbag.py:538} INFO - Filling up the DagBag from /home/kallox/airflow/dags/characterization.py
[2023-01-01T20:45:33.870-0300] {logging_mixin.py:137} INFO - [2023-01-01T20:45:33.869-0300] {dagbag.py:343} ERROR - Failed to import: /home/kallox/airflow/dags/characterization.py
Traceback (most recent call last):
  File "/home/kallox/anaconda3/envs/airflow/lib/python3.7/site-packages/airflow/models/dagbag.py", line 339, in parse
    loader.exec_module(new_module)
  File "<frozen importlib._bootstrap_external>", line 724, in exec_module
  File "<frozen importlib._bootstrap_external>", line 860, in get_code
  File "<frozen importlib._bootstrap_external>", line 791, in source_to_code
  File "<frozen importlib._bootstrap>", line 219, in _call_with_frames_removed
  File "/home/kallox/airflow/dags/characterization.py", line 25
    physichochemical_properties = PythonOperator(task_id='physichochemical_properties', python_callable=)
                                                                                                        ^
SyntaxError: invalid syntax
[2023-01-01T20:45:33.870-0300] {processor.py:755} WARNING - No viable dags retrieved from /home/kallox/airflow/dags/characterization.py
[2023-01-01T20:45:33.890-0300] {processor.py:175} INFO - Processing /home/kallox/airflow/dags/characterization.py took 0.027 seconds
[2023-01-01T20:46:05.307-0300] {processor.py:153} INFO - Started process (PID=8864) to work on /home/kallox/airflow/dags/characterization.py
[2023-01-01T20:46:05.308-0300] {processor.py:743} INFO - Processing file /home/kallox/airflow/dags/characterization.py for tasks to queue
[2023-01-01T20:46:05.308-0300] {logging_mixin.py:137} INFO - [2023-01-01T20:46:05.308-0300] {dagbag.py:538} INFO - Filling up the DagBag from /home/kallox/airflow/dags/characterization.py
[2023-01-01T20:46:05.310-0300] {logging_mixin.py:137} INFO - [2023-01-01T20:46:05.310-0300] {dagbag.py:343} ERROR - Failed to import: /home/kallox/airflow/dags/characterization.py
Traceback (most recent call last):
  File "/home/kallox/anaconda3/envs/airflow/lib/python3.7/site-packages/airflow/models/dagbag.py", line 339, in parse
    loader.exec_module(new_module)
  File "<frozen importlib._bootstrap_external>", line 724, in exec_module
  File "<frozen importlib._bootstrap_external>", line 860, in get_code
  File "<frozen importlib._bootstrap_external>", line 791, in source_to_code
  File "<frozen importlib._bootstrap>", line 219, in _call_with_frames_removed
  File "/home/kallox/airflow/dags/characterization.py", line 25
    physichochemical_properties = PythonOperator(task_id='physichochemical_properties', python_callable=)
                                                                                                        ^
SyntaxError: invalid syntax
[2023-01-01T20:46:05.311-0300] {processor.py:755} WARNING - No viable dags retrieved from /home/kallox/airflow/dags/characterization.py
[2023-01-01T20:46:05.334-0300] {processor.py:175} INFO - Processing /home/kallox/airflow/dags/characterization.py took 0.031 seconds
[2023-01-01T20:46:36.680-0300] {processor.py:153} INFO - Started process (PID=8952) to work on /home/kallox/airflow/dags/characterization.py
[2023-01-01T20:46:36.681-0300] {processor.py:743} INFO - Processing file /home/kallox/airflow/dags/characterization.py for tasks to queue
[2023-01-01T20:46:36.682-0300] {logging_mixin.py:137} INFO - [2023-01-01T20:46:36.682-0300] {dagbag.py:538} INFO - Filling up the DagBag from /home/kallox/airflow/dags/characterization.py
[2023-01-01T20:46:36.684-0300] {logging_mixin.py:137} INFO - [2023-01-01T20:46:36.684-0300] {dagbag.py:343} ERROR - Failed to import: /home/kallox/airflow/dags/characterization.py
Traceback (most recent call last):
  File "/home/kallox/anaconda3/envs/airflow/lib/python3.7/site-packages/airflow/models/dagbag.py", line 339, in parse
    loader.exec_module(new_module)
  File "<frozen importlib._bootstrap_external>", line 724, in exec_module
  File "<frozen importlib._bootstrap_external>", line 860, in get_code
  File "<frozen importlib._bootstrap_external>", line 791, in source_to_code
  File "<frozen importlib._bootstrap>", line 219, in _call_with_frames_removed
  File "/home/kallox/airflow/dags/characterization.py", line 25
    physichochemical_properties = PythonOperator(task_id='physichochemical_properties', python_callable=)
                                                                                                        ^
SyntaxError: invalid syntax
[2023-01-01T20:46:36.685-0300] {processor.py:755} WARNING - No viable dags retrieved from /home/kallox/airflow/dags/characterization.py
[2023-01-01T20:46:36.714-0300] {processor.py:175} INFO - Processing /home/kallox/airflow/dags/characterization.py took 0.036 seconds
[2023-01-01T20:47:07.290-0300] {processor.py:153} INFO - Started process (PID=9035) to work on /home/kallox/airflow/dags/characterization.py
[2023-01-01T20:47:07.291-0300] {processor.py:743} INFO - Processing file /home/kallox/airflow/dags/characterization.py for tasks to queue
[2023-01-01T20:47:07.292-0300] {logging_mixin.py:137} INFO - [2023-01-01T20:47:07.291-0300] {dagbag.py:538} INFO - Filling up the DagBag from /home/kallox/airflow/dags/characterization.py
[2023-01-01T20:47:07.294-0300] {logging_mixin.py:137} INFO - [2023-01-01T20:47:07.293-0300] {dagbag.py:343} ERROR - Failed to import: /home/kallox/airflow/dags/characterization.py
Traceback (most recent call last):
  File "/home/kallox/anaconda3/envs/airflow/lib/python3.7/site-packages/airflow/models/dagbag.py", line 339, in parse
    loader.exec_module(new_module)
  File "<frozen importlib._bootstrap_external>", line 724, in exec_module
  File "<frozen importlib._bootstrap_external>", line 860, in get_code
  File "<frozen importlib._bootstrap_external>", line 791, in source_to_code
  File "<frozen importlib._bootstrap>", line 219, in _call_with_frames_removed
  File "/home/kallox/airflow/dags/characterization.py", line 25
    physichochemical_properties = PythonOperator(task_id='physichochemical_properties', python_callable=)
                                                                                                        ^
SyntaxError: invalid syntax
[2023-01-01T20:47:07.294-0300] {processor.py:755} WARNING - No viable dags retrieved from /home/kallox/airflow/dags/characterization.py
[2023-01-01T20:47:07.317-0300] {processor.py:175} INFO - Processing /home/kallox/airflow/dags/characterization.py took 0.029 seconds
[2023-01-01T20:47:38.694-0300] {processor.py:153} INFO - Started process (PID=9110) to work on /home/kallox/airflow/dags/characterization.py
[2023-01-01T20:47:38.694-0300] {processor.py:743} INFO - Processing file /home/kallox/airflow/dags/characterization.py for tasks to queue
[2023-01-01T20:47:38.695-0300] {logging_mixin.py:137} INFO - [2023-01-01T20:47:38.695-0300] {dagbag.py:538} INFO - Filling up the DagBag from /home/kallox/airflow/dags/characterization.py
[2023-01-01T20:47:38.696-0300] {logging_mixin.py:137} INFO - [2023-01-01T20:47:38.696-0300] {dagbag.py:343} ERROR - Failed to import: /home/kallox/airflow/dags/characterization.py
Traceback (most recent call last):
  File "/home/kallox/anaconda3/envs/airflow/lib/python3.7/site-packages/airflow/models/dagbag.py", line 339, in parse
    loader.exec_module(new_module)
  File "<frozen importlib._bootstrap_external>", line 724, in exec_module
  File "<frozen importlib._bootstrap_external>", line 860, in get_code
  File "<frozen importlib._bootstrap_external>", line 791, in source_to_code
  File "<frozen importlib._bootstrap>", line 219, in _call_with_frames_removed
  File "/home/kallox/airflow/dags/characterization.py", line 25
    physichochemical_properties = PythonOperator(task_id='physichochemical_properties', python_callable=)
                                                                                                        ^
SyntaxError: invalid syntax
[2023-01-01T20:47:38.696-0300] {processor.py:755} WARNING - No viable dags retrieved from /home/kallox/airflow/dags/characterization.py
[2023-01-01T20:47:38.723-0300] {processor.py:175} INFO - Processing /home/kallox/airflow/dags/characterization.py took 0.032 seconds
[2023-01-01T20:48:09.100-0300] {processor.py:153} INFO - Started process (PID=9184) to work on /home/kallox/airflow/dags/characterization.py
[2023-01-01T20:48:09.101-0300] {processor.py:743} INFO - Processing file /home/kallox/airflow/dags/characterization.py for tasks to queue
[2023-01-01T20:48:09.101-0300] {logging_mixin.py:137} INFO - [2023-01-01T20:48:09.101-0300] {dagbag.py:538} INFO - Filling up the DagBag from /home/kallox/airflow/dags/characterization.py
[2023-01-01T20:48:09.102-0300] {logging_mixin.py:137} INFO - [2023-01-01T20:48:09.102-0300] {dagbag.py:343} ERROR - Failed to import: /home/kallox/airflow/dags/characterization.py
Traceback (most recent call last):
  File "/home/kallox/anaconda3/envs/airflow/lib/python3.7/site-packages/airflow/models/dagbag.py", line 339, in parse
    loader.exec_module(new_module)
  File "<frozen importlib._bootstrap_external>", line 724, in exec_module
  File "<frozen importlib._bootstrap_external>", line 860, in get_code
  File "<frozen importlib._bootstrap_external>", line 791, in source_to_code
  File "<frozen importlib._bootstrap>", line 219, in _call_with_frames_removed
  File "/home/kallox/airflow/dags/characterization.py", line 25
    physichochemical_properties = PythonOperator(task_id='physichochemical_properties', python_callable=)
                                                                                                        ^
SyntaxError: invalid syntax
[2023-01-01T20:48:09.103-0300] {processor.py:755} WARNING - No viable dags retrieved from /home/kallox/airflow/dags/characterization.py
[2023-01-01T20:48:09.118-0300] {processor.py:175} INFO - Processing /home/kallox/airflow/dags/characterization.py took 0.019 seconds
[2023-01-01T20:48:39.748-0300] {processor.py:153} INFO - Started process (PID=9272) to work on /home/kallox/airflow/dags/characterization.py
[2023-01-01T20:48:39.749-0300] {processor.py:743} INFO - Processing file /home/kallox/airflow/dags/characterization.py for tasks to queue
[2023-01-01T20:48:39.749-0300] {logging_mixin.py:137} INFO - [2023-01-01T20:48:39.749-0300] {dagbag.py:538} INFO - Filling up the DagBag from /home/kallox/airflow/dags/characterization.py
[2023-01-01T20:48:39.750-0300] {logging_mixin.py:137} INFO - [2023-01-01T20:48:39.750-0300] {dagbag.py:343} ERROR - Failed to import: /home/kallox/airflow/dags/characterization.py
Traceback (most recent call last):
  File "/home/kallox/anaconda3/envs/airflow/lib/python3.7/site-packages/airflow/models/dagbag.py", line 339, in parse
    loader.exec_module(new_module)
  File "<frozen importlib._bootstrap_external>", line 724, in exec_module
  File "<frozen importlib._bootstrap_external>", line 860, in get_code
  File "<frozen importlib._bootstrap_external>", line 791, in source_to_code
  File "<frozen importlib._bootstrap>", line 219, in _call_with_frames_removed
  File "/home/kallox/airflow/dags/characterization.py", line 25
    physichochemical_properties = PythonOperator(task_id='physichochemical_properties', python_callable=)
                                                                                                        ^
SyntaxError: invalid syntax
[2023-01-01T20:48:39.751-0300] {processor.py:755} WARNING - No viable dags retrieved from /home/kallox/airflow/dags/characterization.py
[2023-01-01T20:48:39.770-0300] {processor.py:175} INFO - Processing /home/kallox/airflow/dags/characterization.py took 0.024 seconds
[2023-01-01T20:49:10.187-0300] {processor.py:153} INFO - Started process (PID=9352) to work on /home/kallox/airflow/dags/characterization.py
[2023-01-01T20:49:10.188-0300] {processor.py:743} INFO - Processing file /home/kallox/airflow/dags/characterization.py for tasks to queue
[2023-01-01T20:49:10.188-0300] {logging_mixin.py:137} INFO - [2023-01-01T20:49:10.188-0300] {dagbag.py:538} INFO - Filling up the DagBag from /home/kallox/airflow/dags/characterization.py
[2023-01-01T20:49:10.190-0300] {logging_mixin.py:137} INFO - [2023-01-01T20:49:10.189-0300] {dagbag.py:343} ERROR - Failed to import: /home/kallox/airflow/dags/characterization.py
Traceback (most recent call last):
  File "/home/kallox/anaconda3/envs/airflow/lib/python3.7/site-packages/airflow/models/dagbag.py", line 339, in parse
    loader.exec_module(new_module)
  File "<frozen importlib._bootstrap_external>", line 724, in exec_module
  File "<frozen importlib._bootstrap_external>", line 860, in get_code
  File "<frozen importlib._bootstrap_external>", line 791, in source_to_code
  File "<frozen importlib._bootstrap>", line 219, in _call_with_frames_removed
  File "/home/kallox/airflow/dags/characterization.py", line 25
    physichochemical_properties = PythonOperator(task_id='physichochemical_properties', python_callable=)
                                                                                                        ^
SyntaxError: invalid syntax
[2023-01-01T20:49:10.190-0300] {processor.py:755} WARNING - No viable dags retrieved from /home/kallox/airflow/dags/characterization.py
[2023-01-01T20:49:10.209-0300] {processor.py:175} INFO - Processing /home/kallox/airflow/dags/characterization.py took 0.024 seconds
[2023-01-01T20:49:40.689-0300] {processor.py:153} INFO - Started process (PID=9428) to work on /home/kallox/airflow/dags/characterization.py
[2023-01-01T20:49:40.690-0300] {processor.py:743} INFO - Processing file /home/kallox/airflow/dags/characterization.py for tasks to queue
[2023-01-01T20:49:40.691-0300] {logging_mixin.py:137} INFO - [2023-01-01T20:49:40.691-0300] {dagbag.py:538} INFO - Filling up the DagBag from /home/kallox/airflow/dags/characterization.py
[2023-01-01T20:49:40.692-0300] {logging_mixin.py:137} INFO - [2023-01-01T20:49:40.692-0300] {dagbag.py:343} ERROR - Failed to import: /home/kallox/airflow/dags/characterization.py
Traceback (most recent call last):
  File "/home/kallox/anaconda3/envs/airflow/lib/python3.7/site-packages/airflow/models/dagbag.py", line 339, in parse
    loader.exec_module(new_module)
  File "<frozen importlib._bootstrap_external>", line 724, in exec_module
  File "<frozen importlib._bootstrap_external>", line 860, in get_code
  File "<frozen importlib._bootstrap_external>", line 791, in source_to_code
  File "<frozen importlib._bootstrap>", line 219, in _call_with_frames_removed
  File "/home/kallox/airflow/dags/characterization.py", line 25
    physichochemical_properties = PythonOperator(task_id='physichochemical_properties', python_callable=)
                                                                                                        ^
SyntaxError: invalid syntax
[2023-01-01T20:49:40.693-0300] {processor.py:755} WARNING - No viable dags retrieved from /home/kallox/airflow/dags/characterization.py
[2023-01-01T20:49:40.719-0300] {processor.py:175} INFO - Processing /home/kallox/airflow/dags/characterization.py took 0.033 seconds
[2023-01-01T20:50:11.832-0300] {processor.py:153} INFO - Started process (PID=9508) to work on /home/kallox/airflow/dags/characterization.py
[2023-01-01T20:50:11.833-0300] {processor.py:743} INFO - Processing file /home/kallox/airflow/dags/characterization.py for tasks to queue
[2023-01-01T20:50:11.833-0300] {logging_mixin.py:137} INFO - [2023-01-01T20:50:11.833-0300] {dagbag.py:538} INFO - Filling up the DagBag from /home/kallox/airflow/dags/characterization.py
[2023-01-01T20:50:11.835-0300] {logging_mixin.py:137} INFO - [2023-01-01T20:50:11.834-0300] {dagbag.py:343} ERROR - Failed to import: /home/kallox/airflow/dags/characterization.py
Traceback (most recent call last):
  File "/home/kallox/anaconda3/envs/airflow/lib/python3.7/site-packages/airflow/models/dagbag.py", line 339, in parse
    loader.exec_module(new_module)
  File "<frozen importlib._bootstrap_external>", line 724, in exec_module
  File "<frozen importlib._bootstrap_external>", line 860, in get_code
  File "<frozen importlib._bootstrap_external>", line 791, in source_to_code
  File "<frozen importlib._bootstrap>", line 219, in _call_with_frames_removed
  File "/home/kallox/airflow/dags/characterization.py", line 25
    physichochemical_properties = PythonOperator(task_id='physichochemical_properties', python_callable=)
                                                                                                        ^
SyntaxError: invalid syntax
[2023-01-01T20:50:11.835-0300] {processor.py:755} WARNING - No viable dags retrieved from /home/kallox/airflow/dags/characterization.py
[2023-01-01T20:50:11.861-0300] {processor.py:175} INFO - Processing /home/kallox/airflow/dags/characterization.py took 0.032 seconds
[2023-01-01T20:50:42.360-0300] {processor.py:153} INFO - Started process (PID=9584) to work on /home/kallox/airflow/dags/characterization.py
[2023-01-01T20:50:42.361-0300] {processor.py:743} INFO - Processing file /home/kallox/airflow/dags/characterization.py for tasks to queue
[2023-01-01T20:50:42.361-0300] {logging_mixin.py:137} INFO - [2023-01-01T20:50:42.361-0300] {dagbag.py:538} INFO - Filling up the DagBag from /home/kallox/airflow/dags/characterization.py
[2023-01-01T20:50:42.363-0300] {logging_mixin.py:137} INFO - [2023-01-01T20:50:42.362-0300] {dagbag.py:343} ERROR - Failed to import: /home/kallox/airflow/dags/characterization.py
Traceback (most recent call last):
  File "/home/kallox/anaconda3/envs/airflow/lib/python3.7/site-packages/airflow/models/dagbag.py", line 339, in parse
    loader.exec_module(new_module)
  File "<frozen importlib._bootstrap_external>", line 724, in exec_module
  File "<frozen importlib._bootstrap_external>", line 860, in get_code
  File "<frozen importlib._bootstrap_external>", line 791, in source_to_code
  File "<frozen importlib._bootstrap>", line 219, in _call_with_frames_removed
  File "/home/kallox/airflow/dags/characterization.py", line 25
    physichochemical_properties = PythonOperator(task_id='physichochemical_properties', python_callable=)
                                                                                                        ^
SyntaxError: invalid syntax
[2023-01-01T20:50:42.363-0300] {processor.py:755} WARNING - No viable dags retrieved from /home/kallox/airflow/dags/characterization.py
[2023-01-01T20:50:42.387-0300] {processor.py:175} INFO - Processing /home/kallox/airflow/dags/characterization.py took 0.029 seconds
[2023-01-01T20:51:12.921-0300] {processor.py:153} INFO - Started process (PID=9666) to work on /home/kallox/airflow/dags/characterization.py
[2023-01-01T20:51:12.922-0300] {processor.py:743} INFO - Processing file /home/kallox/airflow/dags/characterization.py for tasks to queue
[2023-01-01T20:51:12.922-0300] {logging_mixin.py:137} INFO - [2023-01-01T20:51:12.922-0300] {dagbag.py:538} INFO - Filling up the DagBag from /home/kallox/airflow/dags/characterization.py
[2023-01-01T20:51:12.924-0300] {logging_mixin.py:137} INFO - [2023-01-01T20:51:12.923-0300] {dagbag.py:343} ERROR - Failed to import: /home/kallox/airflow/dags/characterization.py
Traceback (most recent call last):
  File "/home/kallox/anaconda3/envs/airflow/lib/python3.7/site-packages/airflow/models/dagbag.py", line 339, in parse
    loader.exec_module(new_module)
  File "<frozen importlib._bootstrap_external>", line 724, in exec_module
  File "<frozen importlib._bootstrap_external>", line 860, in get_code
  File "<frozen importlib._bootstrap_external>", line 791, in source_to_code
  File "<frozen importlib._bootstrap>", line 219, in _call_with_frames_removed
  File "/home/kallox/airflow/dags/characterization.py", line 25
    physichochemical_properties = PythonOperator(task_id='physichochemical_properties', python_callable=)
                                                                                                        ^
SyntaxError: invalid syntax
[2023-01-01T20:51:12.924-0300] {processor.py:755} WARNING - No viable dags retrieved from /home/kallox/airflow/dags/characterization.py
[2023-01-01T20:51:12.946-0300] {processor.py:175} INFO - Processing /home/kallox/airflow/dags/characterization.py took 0.027 seconds
[2023-01-01T20:51:43.551-0300] {processor.py:153} INFO - Started process (PID=9757) to work on /home/kallox/airflow/dags/characterization.py
[2023-01-01T20:51:43.553-0300] {processor.py:743} INFO - Processing file /home/kallox/airflow/dags/characterization.py for tasks to queue
[2023-01-01T20:51:43.554-0300] {logging_mixin.py:137} INFO - [2023-01-01T20:51:43.554-0300] {dagbag.py:538} INFO - Filling up the DagBag from /home/kallox/airflow/dags/characterization.py
[2023-01-01T20:51:43.560-0300] {logging_mixin.py:137} INFO - [2023-01-01T20:51:43.558-0300] {dagbag.py:343} ERROR - Failed to import: /home/kallox/airflow/dags/characterization.py
Traceback (most recent call last):
  File "/home/kallox/anaconda3/envs/airflow/lib/python3.7/site-packages/airflow/models/dagbag.py", line 339, in parse
    loader.exec_module(new_module)
  File "<frozen importlib._bootstrap_external>", line 724, in exec_module
  File "<frozen importlib._bootstrap_external>", line 860, in get_code
  File "<frozen importlib._bootstrap_external>", line 791, in source_to_code
  File "<frozen importlib._bootstrap>", line 219, in _call_with_frames_removed
  File "/home/kallox/airflow/dags/characterization.py", line 25
    physichochemical_properties = PythonOperator(task_id='physichochemical_properties', python_callable=)
                                                                                                        ^
SyntaxError: invalid syntax
[2023-01-01T20:51:43.560-0300] {processor.py:755} WARNING - No viable dags retrieved from /home/kallox/airflow/dags/characterization.py
[2023-01-01T20:51:43.593-0300] {processor.py:175} INFO - Processing /home/kallox/airflow/dags/characterization.py took 0.044 seconds
[2023-01-01T20:52:14.475-0300] {processor.py:153} INFO - Started process (PID=9834) to work on /home/kallox/airflow/dags/characterization.py
[2023-01-01T20:52:14.475-0300] {processor.py:743} INFO - Processing file /home/kallox/airflow/dags/characterization.py for tasks to queue
[2023-01-01T20:52:14.476-0300] {logging_mixin.py:137} INFO - [2023-01-01T20:52:14.476-0300] {dagbag.py:538} INFO - Filling up the DagBag from /home/kallox/airflow/dags/characterization.py
[2023-01-01T20:52:14.478-0300] {logging_mixin.py:137} INFO - [2023-01-01T20:52:14.477-0300] {dagbag.py:343} ERROR - Failed to import: /home/kallox/airflow/dags/characterization.py
Traceback (most recent call last):
  File "/home/kallox/anaconda3/envs/airflow/lib/python3.7/site-packages/airflow/models/dagbag.py", line 339, in parse
    loader.exec_module(new_module)
  File "<frozen importlib._bootstrap_external>", line 724, in exec_module
  File "<frozen importlib._bootstrap_external>", line 860, in get_code
  File "<frozen importlib._bootstrap_external>", line 791, in source_to_code
  File "<frozen importlib._bootstrap>", line 219, in _call_with_frames_removed
  File "/home/kallox/airflow/dags/characterization.py", line 25
    physichochemical_properties = PythonOperator(task_id='physichochemical_properties', python_callable=)
                                                                                                        ^
SyntaxError: invalid syntax
[2023-01-01T20:52:14.478-0300] {processor.py:755} WARNING - No viable dags retrieved from /home/kallox/airflow/dags/characterization.py
[2023-01-01T20:52:14.497-0300] {processor.py:175} INFO - Processing /home/kallox/airflow/dags/characterization.py took 0.025 seconds
[2023-01-01T20:52:44.917-0300] {processor.py:153} INFO - Started process (PID=10040) to work on /home/kallox/airflow/dags/characterization.py
[2023-01-01T20:52:44.918-0300] {processor.py:743} INFO - Processing file /home/kallox/airflow/dags/characterization.py for tasks to queue
[2023-01-01T20:52:44.918-0300] {logging_mixin.py:137} INFO - [2023-01-01T20:52:44.918-0300] {dagbag.py:538} INFO - Filling up the DagBag from /home/kallox/airflow/dags/characterization.py
[2023-01-01T20:52:44.920-0300] {logging_mixin.py:137} INFO - [2023-01-01T20:52:44.919-0300] {dagbag.py:343} ERROR - Failed to import: /home/kallox/airflow/dags/characterization.py
Traceback (most recent call last):
  File "/home/kallox/anaconda3/envs/airflow/lib/python3.7/site-packages/airflow/models/dagbag.py", line 339, in parse
    loader.exec_module(new_module)
  File "<frozen importlib._bootstrap_external>", line 724, in exec_module
  File "<frozen importlib._bootstrap_external>", line 860, in get_code
  File "<frozen importlib._bootstrap_external>", line 791, in source_to_code
  File "<frozen importlib._bootstrap>", line 219, in _call_with_frames_removed
  File "/home/kallox/airflow/dags/characterization.py", line 25
    physichochemical_properties = PythonOperator(task_id='physichochemical_properties', python_callable=)
                                                                                                        ^
SyntaxError: invalid syntax
[2023-01-01T20:52:44.920-0300] {processor.py:755} WARNING - No viable dags retrieved from /home/kallox/airflow/dags/characterization.py
[2023-01-01T20:52:44.944-0300] {processor.py:175} INFO - Processing /home/kallox/airflow/dags/characterization.py took 0.030 seconds
[2023-01-01T20:53:14.975-0300] {processor.py:153} INFO - Started process (PID=10183) to work on /home/kallox/airflow/dags/characterization.py
[2023-01-01T20:53:14.976-0300] {processor.py:743} INFO - Processing file /home/kallox/airflow/dags/characterization.py for tasks to queue
[2023-01-01T20:53:14.976-0300] {logging_mixin.py:137} INFO - [2023-01-01T20:53:14.976-0300] {dagbag.py:538} INFO - Filling up the DagBag from /home/kallox/airflow/dags/characterization.py
[2023-01-01T20:53:14.978-0300] {logging_mixin.py:137} INFO - [2023-01-01T20:53:14.977-0300] {dagbag.py:343} ERROR - Failed to import: /home/kallox/airflow/dags/characterization.py
Traceback (most recent call last):
  File "/home/kallox/anaconda3/envs/airflow/lib/python3.7/site-packages/airflow/models/dagbag.py", line 339, in parse
    loader.exec_module(new_module)
  File "<frozen importlib._bootstrap_external>", line 724, in exec_module
  File "<frozen importlib._bootstrap_external>", line 860, in get_code
  File "<frozen importlib._bootstrap_external>", line 791, in source_to_code
  File "<frozen importlib._bootstrap>", line 219, in _call_with_frames_removed
  File "/home/kallox/airflow/dags/characterization.py", line 25
    physichochemical_properties = PythonOperator(task_id='physichochemical_properties', python_callable=)
                                                                                                        ^
SyntaxError: invalid syntax
[2023-01-01T20:53:14.978-0300] {processor.py:755} WARNING - No viable dags retrieved from /home/kallox/airflow/dags/characterization.py
[2023-01-01T20:53:15.003-0300] {processor.py:175} INFO - Processing /home/kallox/airflow/dags/characterization.py took 0.031 seconds
[2023-01-01T20:53:46.517-0300] {processor.py:153} INFO - Started process (PID=10357) to work on /home/kallox/airflow/dags/characterization.py
[2023-01-01T20:53:46.518-0300] {processor.py:743} INFO - Processing file /home/kallox/airflow/dags/characterization.py for tasks to queue
[2023-01-01T20:53:46.519-0300] {logging_mixin.py:137} INFO - [2023-01-01T20:53:46.518-0300] {dagbag.py:538} INFO - Filling up the DagBag from /home/kallox/airflow/dags/characterization.py
[2023-01-01T20:53:46.520-0300] {logging_mixin.py:137} INFO - [2023-01-01T20:53:46.520-0300] {dagbag.py:343} ERROR - Failed to import: /home/kallox/airflow/dags/characterization.py
Traceback (most recent call last):
  File "/home/kallox/anaconda3/envs/airflow/lib/python3.7/site-packages/airflow/models/dagbag.py", line 339, in parse
    loader.exec_module(new_module)
  File "<frozen importlib._bootstrap_external>", line 724, in exec_module
  File "<frozen importlib._bootstrap_external>", line 860, in get_code
  File "<frozen importlib._bootstrap_external>", line 791, in source_to_code
  File "<frozen importlib._bootstrap>", line 219, in _call_with_frames_removed
  File "/home/kallox/airflow/dags/characterization.py", line 25
    physichochemical_properties = PythonOperator(task_id='physichochemical_properties', python_callable=)
                                                                                                        ^
SyntaxError: invalid syntax
[2023-01-01T20:53:46.521-0300] {processor.py:755} WARNING - No viable dags retrieved from /home/kallox/airflow/dags/characterization.py
[2023-01-01T20:53:46.545-0300] {processor.py:175} INFO - Processing /home/kallox/airflow/dags/characterization.py took 0.030 seconds
[2023-01-01T20:54:17.223-0300] {processor.py:153} INFO - Started process (PID=10488) to work on /home/kallox/airflow/dags/characterization.py
[2023-01-01T20:54:17.223-0300] {processor.py:743} INFO - Processing file /home/kallox/airflow/dags/characterization.py for tasks to queue
[2023-01-01T20:54:17.224-0300] {logging_mixin.py:137} INFO - [2023-01-01T20:54:17.224-0300] {dagbag.py:538} INFO - Filling up the DagBag from /home/kallox/airflow/dags/characterization.py
[2023-01-01T20:54:17.225-0300] {logging_mixin.py:137} INFO - [2023-01-01T20:54:17.224-0300] {dagbag.py:343} ERROR - Failed to import: /home/kallox/airflow/dags/characterization.py
Traceback (most recent call last):
  File "/home/kallox/anaconda3/envs/airflow/lib/python3.7/site-packages/airflow/models/dagbag.py", line 339, in parse
    loader.exec_module(new_module)
  File "<frozen importlib._bootstrap_external>", line 724, in exec_module
  File "<frozen importlib._bootstrap_external>", line 860, in get_code
  File "<frozen importlib._bootstrap_external>", line 791, in source_to_code
  File "<frozen importlib._bootstrap>", line 219, in _call_with_frames_removed
  File "/home/kallox/airflow/dags/characterization.py", line 25
    physichochemical_properties = PythonOperator(task_id='physichochemical_properties', python_callable=)
                                                                                                        ^
SyntaxError: invalid syntax
[2023-01-01T20:54:17.225-0300] {processor.py:755} WARNING - No viable dags retrieved from /home/kallox/airflow/dags/characterization.py
[2023-01-01T20:54:17.245-0300] {processor.py:175} INFO - Processing /home/kallox/airflow/dags/characterization.py took 0.025 seconds
[2023-01-01T20:54:49.824-0300] {processor.py:153} INFO - Started process (PID=10605) to work on /home/kallox/airflow/dags/characterization.py
[2023-01-01T20:54:49.824-0300] {processor.py:743} INFO - Processing file /home/kallox/airflow/dags/characterization.py for tasks to queue
[2023-01-01T20:54:49.825-0300] {logging_mixin.py:137} INFO - [2023-01-01T20:54:49.825-0300] {dagbag.py:538} INFO - Filling up the DagBag from /home/kallox/airflow/dags/characterization.py
[2023-01-01T20:54:49.826-0300] {logging_mixin.py:137} INFO - [2023-01-01T20:54:49.825-0300] {dagbag.py:343} ERROR - Failed to import: /home/kallox/airflow/dags/characterization.py
Traceback (most recent call last):
  File "/home/kallox/anaconda3/envs/airflow/lib/python3.7/site-packages/airflow/models/dagbag.py", line 339, in parse
    loader.exec_module(new_module)
  File "<frozen importlib._bootstrap_external>", line 724, in exec_module
  File "<frozen importlib._bootstrap_external>", line 860, in get_code
  File "<frozen importlib._bootstrap_external>", line 791, in source_to_code
  File "<frozen importlib._bootstrap>", line 219, in _call_with_frames_removed
  File "/home/kallox/airflow/dags/characterization.py", line 25
    physichochemical_properties = PythonOperator(task_id='physichochemical_properties', python_callable=)
                                                                                                        ^
SyntaxError: invalid syntax
[2023-01-01T20:54:49.826-0300] {processor.py:755} WARNING - No viable dags retrieved from /home/kallox/airflow/dags/characterization.py
[2023-01-01T20:54:49.845-0300] {processor.py:175} INFO - Processing /home/kallox/airflow/dags/characterization.py took 0.024 seconds
[2023-01-01T20:55:21.240-0300] {processor.py:153} INFO - Started process (PID=10725) to work on /home/kallox/airflow/dags/characterization.py
[2023-01-01T20:55:21.240-0300] {processor.py:743} INFO - Processing file /home/kallox/airflow/dags/characterization.py for tasks to queue
[2023-01-01T20:55:21.241-0300] {logging_mixin.py:137} INFO - [2023-01-01T20:55:21.241-0300] {dagbag.py:538} INFO - Filling up the DagBag from /home/kallox/airflow/dags/characterization.py
[2023-01-01T20:55:21.243-0300] {logging_mixin.py:137} INFO - [2023-01-01T20:55:21.242-0300] {dagbag.py:343} ERROR - Failed to import: /home/kallox/airflow/dags/characterization.py
Traceback (most recent call last):
  File "/home/kallox/anaconda3/envs/airflow/lib/python3.7/site-packages/airflow/models/dagbag.py", line 339, in parse
    loader.exec_module(new_module)
  File "<frozen importlib._bootstrap_external>", line 724, in exec_module
  File "<frozen importlib._bootstrap_external>", line 860, in get_code
  File "<frozen importlib._bootstrap_external>", line 791, in source_to_code
  File "<frozen importlib._bootstrap>", line 219, in _call_with_frames_removed
  File "/home/kallox/airflow/dags/characterization.py", line 25
    physichochemical_properties = PythonOperator(task_id='physichochemical_properties', python_callable=)
                                                                                                        ^
SyntaxError: invalid syntax
[2023-01-01T20:55:21.243-0300] {processor.py:755} WARNING - No viable dags retrieved from /home/kallox/airflow/dags/characterization.py
[2023-01-01T20:55:21.268-0300] {processor.py:175} INFO - Processing /home/kallox/airflow/dags/characterization.py took 0.031 seconds
[2023-01-01T20:55:51.824-0300] {processor.py:153} INFO - Started process (PID=10850) to work on /home/kallox/airflow/dags/characterization.py
[2023-01-01T20:55:51.825-0300] {processor.py:743} INFO - Processing file /home/kallox/airflow/dags/characterization.py for tasks to queue
[2023-01-01T20:55:51.825-0300] {logging_mixin.py:137} INFO - [2023-01-01T20:55:51.825-0300] {dagbag.py:538} INFO - Filling up the DagBag from /home/kallox/airflow/dags/characterization.py
[2023-01-01T20:55:51.827-0300] {logging_mixin.py:137} INFO - [2023-01-01T20:55:51.826-0300] {dagbag.py:343} ERROR - Failed to import: /home/kallox/airflow/dags/characterization.py
Traceback (most recent call last):
  File "/home/kallox/anaconda3/envs/airflow/lib/python3.7/site-packages/airflow/models/dagbag.py", line 339, in parse
    loader.exec_module(new_module)
  File "<frozen importlib._bootstrap_external>", line 724, in exec_module
  File "<frozen importlib._bootstrap_external>", line 860, in get_code
  File "<frozen importlib._bootstrap_external>", line 791, in source_to_code
  File "<frozen importlib._bootstrap>", line 219, in _call_with_frames_removed
  File "/home/kallox/airflow/dags/characterization.py", line 25
    physichochemical_properties = PythonOperator(task_id='physichochemical_properties', python_callable=)
                                                                                                        ^
SyntaxError: invalid syntax
[2023-01-01T20:55:51.827-0300] {processor.py:755} WARNING - No viable dags retrieved from /home/kallox/airflow/dags/characterization.py
[2023-01-01T20:55:51.852-0300] {processor.py:175} INFO - Processing /home/kallox/airflow/dags/characterization.py took 0.030 seconds
[2023-01-01T20:56:23.329-0300] {processor.py:153} INFO - Started process (PID=10932) to work on /home/kallox/airflow/dags/characterization.py
[2023-01-01T20:56:23.330-0300] {processor.py:743} INFO - Processing file /home/kallox/airflow/dags/characterization.py for tasks to queue
[2023-01-01T20:56:23.330-0300] {logging_mixin.py:137} INFO - [2023-01-01T20:56:23.330-0300] {dagbag.py:538} INFO - Filling up the DagBag from /home/kallox/airflow/dags/characterization.py
[2023-01-01T20:56:23.333-0300] {logging_mixin.py:137} INFO - [2023-01-01T20:56:23.332-0300] {dagbag.py:343} ERROR - Failed to import: /home/kallox/airflow/dags/characterization.py
Traceback (most recent call last):
  File "/home/kallox/anaconda3/envs/airflow/lib/python3.7/site-packages/airflow/models/dagbag.py", line 339, in parse
    loader.exec_module(new_module)
  File "<frozen importlib._bootstrap_external>", line 724, in exec_module
  File "<frozen importlib._bootstrap_external>", line 860, in get_code
  File "<frozen importlib._bootstrap_external>", line 791, in source_to_code
  File "<frozen importlib._bootstrap>", line 219, in _call_with_frames_removed
  File "/home/kallox/airflow/dags/characterization.py", line 25
    physichochemical_properties = PythonOperator(task_id='physichochemical_properties', python_callable=)
                                                                                                        ^
SyntaxError: invalid syntax
[2023-01-01T20:56:23.333-0300] {processor.py:755} WARNING - No viable dags retrieved from /home/kallox/airflow/dags/characterization.py
[2023-01-01T20:56:23.357-0300] {processor.py:175} INFO - Processing /home/kallox/airflow/dags/characterization.py took 0.031 seconds
[2023-01-01T20:56:53.982-0300] {processor.py:153} INFO - Started process (PID=11006) to work on /home/kallox/airflow/dags/characterization.py
[2023-01-01T20:56:53.983-0300] {processor.py:743} INFO - Processing file /home/kallox/airflow/dags/characterization.py for tasks to queue
[2023-01-01T20:56:53.983-0300] {logging_mixin.py:137} INFO - [2023-01-01T20:56:53.983-0300] {dagbag.py:538} INFO - Filling up the DagBag from /home/kallox/airflow/dags/characterization.py
[2023-01-01T20:56:53.985-0300] {logging_mixin.py:137} INFO - [2023-01-01T20:56:53.984-0300] {dagbag.py:343} ERROR - Failed to import: /home/kallox/airflow/dags/characterization.py
Traceback (most recent call last):
  File "/home/kallox/anaconda3/envs/airflow/lib/python3.7/site-packages/airflow/models/dagbag.py", line 339, in parse
    loader.exec_module(new_module)
  File "<frozen importlib._bootstrap_external>", line 724, in exec_module
  File "<frozen importlib._bootstrap_external>", line 860, in get_code
  File "<frozen importlib._bootstrap_external>", line 791, in source_to_code
  File "<frozen importlib._bootstrap>", line 219, in _call_with_frames_removed
  File "/home/kallox/airflow/dags/characterization.py", line 25
    physichochemical_properties = PythonOperator(task_id='physichochemical_properties', python_callable=)
                                                                                                        ^
SyntaxError: invalid syntax
[2023-01-01T20:56:53.985-0300] {processor.py:755} WARNING - No viable dags retrieved from /home/kallox/airflow/dags/characterization.py
[2023-01-01T20:56:54.008-0300] {processor.py:175} INFO - Processing /home/kallox/airflow/dags/characterization.py took 0.030 seconds
[2023-01-01T20:57:24.634-0300] {processor.py:153} INFO - Started process (PID=11079) to work on /home/kallox/airflow/dags/characterization.py
[2023-01-01T20:57:24.635-0300] {processor.py:743} INFO - Processing file /home/kallox/airflow/dags/characterization.py for tasks to queue
[2023-01-01T20:57:24.636-0300] {logging_mixin.py:137} INFO - [2023-01-01T20:57:24.636-0300] {dagbag.py:538} INFO - Filling up the DagBag from /home/kallox/airflow/dags/characterization.py
[2023-01-01T20:57:24.637-0300] {logging_mixin.py:137} INFO - [2023-01-01T20:57:24.637-0300] {dagbag.py:343} ERROR - Failed to import: /home/kallox/airflow/dags/characterization.py
Traceback (most recent call last):
  File "/home/kallox/anaconda3/envs/airflow/lib/python3.7/site-packages/airflow/models/dagbag.py", line 339, in parse
    loader.exec_module(new_module)
  File "<frozen importlib._bootstrap_external>", line 724, in exec_module
  File "<frozen importlib._bootstrap_external>", line 860, in get_code
  File "<frozen importlib._bootstrap_external>", line 791, in source_to_code
  File "<frozen importlib._bootstrap>", line 219, in _call_with_frames_removed
  File "/home/kallox/airflow/dags/characterization.py", line 25
    physichochemical_properties = PythonOperator(task_id='physichochemical_properties', python_callable=)
                                                                                                        ^
SyntaxError: invalid syntax
[2023-01-01T20:57:24.638-0300] {processor.py:755} WARNING - No viable dags retrieved from /home/kallox/airflow/dags/characterization.py
[2023-01-01T20:57:24.663-0300] {processor.py:175} INFO - Processing /home/kallox/airflow/dags/characterization.py took 0.032 seconds
[2023-01-01T20:57:55.250-0300] {processor.py:153} INFO - Started process (PID=11157) to work on /home/kallox/airflow/dags/characterization.py
[2023-01-01T20:57:55.251-0300] {processor.py:743} INFO - Processing file /home/kallox/airflow/dags/characterization.py for tasks to queue
[2023-01-01T20:57:55.252-0300] {logging_mixin.py:137} INFO - [2023-01-01T20:57:55.252-0300] {dagbag.py:538} INFO - Filling up the DagBag from /home/kallox/airflow/dags/characterization.py
[2023-01-01T20:57:55.254-0300] {logging_mixin.py:137} INFO - [2023-01-01T20:57:55.253-0300] {dagbag.py:343} ERROR - Failed to import: /home/kallox/airflow/dags/characterization.py
Traceback (most recent call last):
  File "/home/kallox/anaconda3/envs/airflow/lib/python3.7/site-packages/airflow/models/dagbag.py", line 339, in parse
    loader.exec_module(new_module)
  File "<frozen importlib._bootstrap_external>", line 724, in exec_module
  File "<frozen importlib._bootstrap_external>", line 860, in get_code
  File "<frozen importlib._bootstrap_external>", line 791, in source_to_code
  File "<frozen importlib._bootstrap>", line 219, in _call_with_frames_removed
  File "/home/kallox/airflow/dags/characterization.py", line 25
    physichochemical_properties = PythonOperator(task_id='physichochemical_properties', python_callable=)
                                                                                                        ^
SyntaxError: invalid syntax
[2023-01-01T20:57:55.254-0300] {processor.py:755} WARNING - No viable dags retrieved from /home/kallox/airflow/dags/characterization.py
[2023-01-01T20:57:55.278-0300] {processor.py:175} INFO - Processing /home/kallox/airflow/dags/characterization.py took 0.030 seconds
[2023-01-01T20:58:25.830-0300] {processor.py:153} INFO - Started process (PID=11230) to work on /home/kallox/airflow/dags/characterization.py
[2023-01-01T20:58:25.831-0300] {processor.py:743} INFO - Processing file /home/kallox/airflow/dags/characterization.py for tasks to queue
[2023-01-01T20:58:25.831-0300] {logging_mixin.py:137} INFO - [2023-01-01T20:58:25.831-0300] {dagbag.py:538} INFO - Filling up the DagBag from /home/kallox/airflow/dags/characterization.py
[2023-01-01T20:58:25.833-0300] {logging_mixin.py:137} INFO - [2023-01-01T20:58:25.832-0300] {dagbag.py:343} ERROR - Failed to import: /home/kallox/airflow/dags/characterization.py
Traceback (most recent call last):
  File "/home/kallox/anaconda3/envs/airflow/lib/python3.7/site-packages/airflow/models/dagbag.py", line 339, in parse
    loader.exec_module(new_module)
  File "<frozen importlib._bootstrap_external>", line 724, in exec_module
  File "<frozen importlib._bootstrap_external>", line 860, in get_code
  File "<frozen importlib._bootstrap_external>", line 791, in source_to_code
  File "<frozen importlib._bootstrap>", line 219, in _call_with_frames_removed
  File "/home/kallox/airflow/dags/characterization.py", line 25
    physichochemical_properties = PythonOperator(task_id='physichochemical_properties', python_callable=)
                                                                                                        ^
SyntaxError: invalid syntax
[2023-01-01T20:58:25.833-0300] {processor.py:755} WARNING - No viable dags retrieved from /home/kallox/airflow/dags/characterization.py
[2023-01-01T20:58:25.858-0300] {processor.py:175} INFO - Processing /home/kallox/airflow/dags/characterization.py took 0.031 seconds
[2023-01-01T20:58:56.424-0300] {processor.py:153} INFO - Started process (PID=11306) to work on /home/kallox/airflow/dags/characterization.py
[2023-01-01T20:58:56.425-0300] {processor.py:743} INFO - Processing file /home/kallox/airflow/dags/characterization.py for tasks to queue
[2023-01-01T20:58:56.425-0300] {logging_mixin.py:137} INFO - [2023-01-01T20:58:56.425-0300] {dagbag.py:538} INFO - Filling up the DagBag from /home/kallox/airflow/dags/characterization.py
[2023-01-01T20:58:56.427-0300] {logging_mixin.py:137} INFO - [2023-01-01T20:58:56.426-0300] {dagbag.py:343} ERROR - Failed to import: /home/kallox/airflow/dags/characterization.py
Traceback (most recent call last):
  File "/home/kallox/anaconda3/envs/airflow/lib/python3.7/site-packages/airflow/models/dagbag.py", line 339, in parse
    loader.exec_module(new_module)
  File "<frozen importlib._bootstrap_external>", line 724, in exec_module
  File "<frozen importlib._bootstrap_external>", line 860, in get_code
  File "<frozen importlib._bootstrap_external>", line 791, in source_to_code
  File "<frozen importlib._bootstrap>", line 219, in _call_with_frames_removed
  File "/home/kallox/airflow/dags/characterization.py", line 25
    physichochemical_properties = PythonOperator(task_id='physichochemical_properties', python_callable=)
                                                                                                        ^
SyntaxError: invalid syntax
[2023-01-01T20:58:56.428-0300] {processor.py:755} WARNING - No viable dags retrieved from /home/kallox/airflow/dags/characterization.py
[2023-01-01T20:58:56.453-0300] {processor.py:175} INFO - Processing /home/kallox/airflow/dags/characterization.py took 0.032 seconds
[2023-01-01T20:59:27.157-0300] {processor.py:153} INFO - Started process (PID=11385) to work on /home/kallox/airflow/dags/characterization.py
[2023-01-01T20:59:27.158-0300] {processor.py:743} INFO - Processing file /home/kallox/airflow/dags/characterization.py for tasks to queue
[2023-01-01T20:59:27.159-0300] {logging_mixin.py:137} INFO - [2023-01-01T20:59:27.159-0300] {dagbag.py:538} INFO - Filling up the DagBag from /home/kallox/airflow/dags/characterization.py
[2023-01-01T20:59:27.161-0300] {logging_mixin.py:137} INFO - [2023-01-01T20:59:27.160-0300] {dagbag.py:343} ERROR - Failed to import: /home/kallox/airflow/dags/characterization.py
Traceback (most recent call last):
  File "/home/kallox/anaconda3/envs/airflow/lib/python3.7/site-packages/airflow/models/dagbag.py", line 339, in parse
    loader.exec_module(new_module)
  File "<frozen importlib._bootstrap_external>", line 724, in exec_module
  File "<frozen importlib._bootstrap_external>", line 860, in get_code
  File "<frozen importlib._bootstrap_external>", line 791, in source_to_code
  File "<frozen importlib._bootstrap>", line 219, in _call_with_frames_removed
  File "/home/kallox/airflow/dags/characterization.py", line 25
    physichochemical_properties = PythonOperator(task_id='physichochemical_properties', python_callable=)
                                                                                                        ^
SyntaxError: invalid syntax
[2023-01-01T20:59:27.161-0300] {processor.py:755} WARNING - No viable dags retrieved from /home/kallox/airflow/dags/characterization.py
[2023-01-01T20:59:27.186-0300] {processor.py:175} INFO - Processing /home/kallox/airflow/dags/characterization.py took 0.032 seconds
[2023-01-01T20:59:58.003-0300] {processor.py:153} INFO - Started process (PID=11470) to work on /home/kallox/airflow/dags/characterization.py
[2023-01-01T20:59:58.004-0300] {processor.py:743} INFO - Processing file /home/kallox/airflow/dags/characterization.py for tasks to queue
[2023-01-01T20:59:58.005-0300] {logging_mixin.py:137} INFO - [2023-01-01T20:59:58.004-0300] {dagbag.py:538} INFO - Filling up the DagBag from /home/kallox/airflow/dags/characterization.py
[2023-01-01T20:59:58.006-0300] {logging_mixin.py:137} INFO - [2023-01-01T20:59:58.006-0300] {dagbag.py:343} ERROR - Failed to import: /home/kallox/airflow/dags/characterization.py
Traceback (most recent call last):
  File "/home/kallox/anaconda3/envs/airflow/lib/python3.7/site-packages/airflow/models/dagbag.py", line 339, in parse
    loader.exec_module(new_module)
  File "<frozen importlib._bootstrap_external>", line 724, in exec_module
  File "<frozen importlib._bootstrap_external>", line 860, in get_code
  File "<frozen importlib._bootstrap_external>", line 791, in source_to_code
  File "<frozen importlib._bootstrap>", line 219, in _call_with_frames_removed
  File "/home/kallox/airflow/dags/characterization.py", line 25
    physichochemical_properties = PythonOperator(task_id='physichochemical_properties', python_callable=)
                                                                                                        ^
SyntaxError: invalid syntax
[2023-01-01T20:59:58.007-0300] {processor.py:755} WARNING - No viable dags retrieved from /home/kallox/airflow/dags/characterization.py
[2023-01-01T20:59:58.032-0300] {processor.py:175} INFO - Processing /home/kallox/airflow/dags/characterization.py took 0.031 seconds
