[2023-01-01T20:30:46.257-0300] {processor.py:153} INFO - Started process (PID=3593) to work on /home/kallox/airflow/dags/dag_hello_world.py
[2023-01-01T20:30:46.257-0300] {processor.py:743} INFO - Processing file /home/kallox/airflow/dags/dag_hello_world.py for tasks to queue
[2023-01-01T20:30:46.258-0300] {logging_mixin.py:137} INFO - [2023-01-01T20:30:46.258-0300] {dagbag.py:538} INFO - Filling up the DagBag from /home/kallox/airflow/dags/dag_hello_world.py
[2023-01-01T20:30:46.270-0300] {processor.py:753} INFO - DAG(s) dict_keys(['dag_de_prueba']) retrieved from /home/kallox/airflow/dags/dag_hello_world.py
[2023-01-01T20:30:46.296-0300] {logging_mixin.py:137} INFO - [2023-01-01T20:30:46.296-0300] {dag.py:2676} INFO - Sync 1 DAGs
[2023-01-01T20:30:46.318-0300] {logging_mixin.py:137} INFO - [2023-01-01T20:30:46.318-0300] {dag.py:3427} INFO - Setting next_dagrun for dag_de_prueba to 2022-10-30T20:30:00+00:00, run_after=2022-10-30T20:30:00+00:00
[2023-01-01T20:30:46.334-0300] {processor.py:175} INFO - Processing /home/kallox/airflow/dags/dag_hello_world.py took 0.080 seconds
[2023-01-01T20:31:17.442-0300] {processor.py:153} INFO - Started process (PID=4855) to work on /home/kallox/airflow/dags/dag_hello_world.py
[2023-01-01T20:31:17.443-0300] {processor.py:743} INFO - Processing file /home/kallox/airflow/dags/dag_hello_world.py for tasks to queue
[2023-01-01T20:31:17.443-0300] {logging_mixin.py:137} INFO - [2023-01-01T20:31:17.443-0300] {dagbag.py:538} INFO - Filling up the DagBag from /home/kallox/airflow/dags/dag_hello_world.py
[2023-01-01T20:31:17.461-0300] {processor.py:753} INFO - DAG(s) dict_keys(['dag_de_prueba']) retrieved from /home/kallox/airflow/dags/dag_hello_world.py
[2023-01-01T20:31:17.498-0300] {logging_mixin.py:137} INFO - [2023-01-01T20:31:17.498-0300] {dag.py:2676} INFO - Sync 1 DAGs
[2023-01-01T20:31:17.530-0300] {logging_mixin.py:137} INFO - [2023-01-01T20:31:17.530-0300] {dag.py:3427} INFO - Setting next_dagrun for dag_de_prueba to 2022-10-30T20:30:00+00:00, run_after=2022-10-30T20:30:00+00:00
[2023-01-01T20:31:17.553-0300] {processor.py:175} INFO - Processing /home/kallox/airflow/dags/dag_hello_world.py took 0.113 seconds
[2023-01-01T20:31:48.356-0300] {processor.py:153} INFO - Started process (PID=5240) to work on /home/kallox/airflow/dags/dag_hello_world.py
[2023-01-01T20:31:48.357-0300] {processor.py:743} INFO - Processing file /home/kallox/airflow/dags/dag_hello_world.py for tasks to queue
[2023-01-01T20:31:48.357-0300] {logging_mixin.py:137} INFO - [2023-01-01T20:31:48.357-0300] {dagbag.py:538} INFO - Filling up the DagBag from /home/kallox/airflow/dags/dag_hello_world.py
[2023-01-01T20:31:48.369-0300] {processor.py:753} INFO - DAG(s) dict_keys(['dag_de_prueba']) retrieved from /home/kallox/airflow/dags/dag_hello_world.py
[2023-01-01T20:31:48.400-0300] {logging_mixin.py:137} INFO - [2023-01-01T20:31:48.400-0300] {dag.py:2676} INFO - Sync 1 DAGs
[2023-01-01T20:31:48.424-0300] {logging_mixin.py:137} INFO - [2023-01-01T20:31:48.424-0300] {dag.py:3427} INFO - Setting next_dagrun for dag_de_prueba to 2022-10-30T20:30:00+00:00, run_after=2022-10-30T20:30:00+00:00
[2023-01-01T20:31:48.442-0300] {processor.py:175} INFO - Processing /home/kallox/airflow/dags/dag_hello_world.py took 0.089 seconds
[2023-01-01T20:32:18.652-0300] {processor.py:153} INFO - Started process (PID=5599) to work on /home/kallox/airflow/dags/dag_hello_world.py
[2023-01-01T20:32:18.653-0300] {processor.py:743} INFO - Processing file /home/kallox/airflow/dags/dag_hello_world.py for tasks to queue
[2023-01-01T20:32:18.653-0300] {logging_mixin.py:137} INFO - [2023-01-01T20:32:18.653-0300] {dagbag.py:538} INFO - Filling up the DagBag from /home/kallox/airflow/dags/dag_hello_world.py
[2023-01-01T20:32:18.664-0300] {processor.py:753} INFO - DAG(s) dict_keys(['dag_de_prueba']) retrieved from /home/kallox/airflow/dags/dag_hello_world.py
[2023-01-01T20:32:18.691-0300] {logging_mixin.py:137} INFO - [2023-01-01T20:32:18.691-0300] {dag.py:2676} INFO - Sync 1 DAGs
[2023-01-01T20:32:18.713-0300] {logging_mixin.py:137} INFO - [2023-01-01T20:32:18.713-0300] {dag.py:3427} INFO - Setting next_dagrun for dag_de_prueba to 2022-10-30T20:30:00+00:00, run_after=2022-10-30T20:30:00+00:00
[2023-01-01T20:32:18.732-0300] {processor.py:175} INFO - Processing /home/kallox/airflow/dags/dag_hello_world.py took 0.082 seconds
[2023-01-01T20:32:50.265-0300] {processor.py:153} INFO - Started process (PID=5914) to work on /home/kallox/airflow/dags/dag_hello_world.py
[2023-01-01T20:32:50.266-0300] {processor.py:743} INFO - Processing file /home/kallox/airflow/dags/dag_hello_world.py for tasks to queue
[2023-01-01T20:32:50.266-0300] {logging_mixin.py:137} INFO - [2023-01-01T20:32:50.266-0300] {dagbag.py:538} INFO - Filling up the DagBag from /home/kallox/airflow/dags/dag_hello_world.py
[2023-01-01T20:32:50.279-0300] {processor.py:753} INFO - DAG(s) dict_keys(['dag_de_prueba']) retrieved from /home/kallox/airflow/dags/dag_hello_world.py
[2023-01-01T20:32:50.307-0300] {logging_mixin.py:137} INFO - [2023-01-01T20:32:50.307-0300] {dag.py:2676} INFO - Sync 1 DAGs
[2023-01-01T20:32:50.330-0300] {logging_mixin.py:137} INFO - [2023-01-01T20:32:50.330-0300] {dag.py:3427} INFO - Setting next_dagrun for dag_de_prueba to 2022-10-30T20:30:00+00:00, run_after=2022-10-30T20:30:00+00:00
[2023-01-01T20:32:50.346-0300] {processor.py:175} INFO - Processing /home/kallox/airflow/dags/dag_hello_world.py took 0.085 seconds
[2023-01-01T20:33:21.096-0300] {processor.py:153} INFO - Started process (PID=6216) to work on /home/kallox/airflow/dags/dag_hello_world.py
[2023-01-01T20:33:21.097-0300] {processor.py:743} INFO - Processing file /home/kallox/airflow/dags/dag_hello_world.py for tasks to queue
[2023-01-01T20:33:21.097-0300] {logging_mixin.py:137} INFO - [2023-01-01T20:33:21.097-0300] {dagbag.py:538} INFO - Filling up the DagBag from /home/kallox/airflow/dags/dag_hello_world.py
[2023-01-01T20:33:21.112-0300] {processor.py:753} INFO - DAG(s) dict_keys(['dag_de_prueba']) retrieved from /home/kallox/airflow/dags/dag_hello_world.py
[2023-01-01T20:33:21.146-0300] {logging_mixin.py:137} INFO - [2023-01-01T20:33:21.145-0300] {dag.py:2676} INFO - Sync 1 DAGs
[2023-01-01T20:33:21.171-0300] {logging_mixin.py:137} INFO - [2023-01-01T20:33:21.171-0300] {dag.py:3427} INFO - Setting next_dagrun for dag_de_prueba to 2022-10-30T20:30:00+00:00, run_after=2022-10-30T20:30:00+00:00
[2023-01-01T20:33:21.195-0300] {processor.py:175} INFO - Processing /home/kallox/airflow/dags/dag_hello_world.py took 0.102 seconds
[2023-01-01T20:34:48.988-0300] {processor.py:153} INFO - Started process (PID=7050) to work on /home/kallox/airflow/dags/dag_hello_world.py
[2023-01-01T20:34:48.989-0300] {processor.py:743} INFO - Processing file /home/kallox/airflow/dags/dag_hello_world.py for tasks to queue
[2023-01-01T20:34:48.989-0300] {logging_mixin.py:137} INFO - [2023-01-01T20:34:48.989-0300] {dagbag.py:538} INFO - Filling up the DagBag from /home/kallox/airflow/dags/dag_hello_world.py
[2023-01-01T20:34:49.000-0300] {processor.py:753} INFO - DAG(s) dict_keys(['dag_de_prueba']) retrieved from /home/kallox/airflow/dags/dag_hello_world.py
[2023-01-01T20:34:49.029-0300] {logging_mixin.py:137} INFO - [2023-01-01T20:34:49.028-0300] {dag.py:2676} INFO - Sync 1 DAGs
[2023-01-01T20:34:49.052-0300] {logging_mixin.py:137} INFO - [2023-01-01T20:34:49.051-0300] {dag.py:3427} INFO - Setting next_dagrun for dag_de_prueba to 2022-10-30T20:30:00+00:00, run_after=2022-10-30T20:30:00+00:00
[2023-01-01T20:34:49.068-0300] {processor.py:175} INFO - Processing /home/kallox/airflow/dags/dag_hello_world.py took 0.082 seconds
[2023-01-01T20:35:20.562-0300] {processor.py:153} INFO - Started process (PID=7140) to work on /home/kallox/airflow/dags/dag_hello_world.py
[2023-01-01T20:35:20.563-0300] {processor.py:743} INFO - Processing file /home/kallox/airflow/dags/dag_hello_world.py for tasks to queue
[2023-01-01T20:35:20.564-0300] {logging_mixin.py:137} INFO - [2023-01-01T20:35:20.564-0300] {dagbag.py:538} INFO - Filling up the DagBag from /home/kallox/airflow/dags/dag_hello_world.py
[2023-01-01T20:35:20.575-0300] {processor.py:753} INFO - DAG(s) dict_keys(['dag_de_prueba']) retrieved from /home/kallox/airflow/dags/dag_hello_world.py
[2023-01-01T20:35:20.604-0300] {logging_mixin.py:137} INFO - [2023-01-01T20:35:20.604-0300] {dag.py:2676} INFO - Sync 1 DAGs
[2023-01-01T20:35:20.626-0300] {logging_mixin.py:137} INFO - [2023-01-01T20:35:20.626-0300] {dag.py:3427} INFO - Setting next_dagrun for dag_de_prueba to 2022-10-30T20:30:00+00:00, run_after=2022-10-30T20:30:00+00:00
[2023-01-01T20:35:20.644-0300] {processor.py:175} INFO - Processing /home/kallox/airflow/dags/dag_hello_world.py took 0.085 seconds
[2023-01-01T20:35:51.078-0300] {processor.py:153} INFO - Started process (PID=7216) to work on /home/kallox/airflow/dags/dag_hello_world.py
[2023-01-01T20:35:51.079-0300] {processor.py:743} INFO - Processing file /home/kallox/airflow/dags/dag_hello_world.py for tasks to queue
[2023-01-01T20:35:51.079-0300] {logging_mixin.py:137} INFO - [2023-01-01T20:35:51.079-0300] {dagbag.py:538} INFO - Filling up the DagBag from /home/kallox/airflow/dags/dag_hello_world.py
[2023-01-01T20:35:51.090-0300] {processor.py:753} INFO - DAG(s) dict_keys(['dag_de_prueba']) retrieved from /home/kallox/airflow/dags/dag_hello_world.py
[2023-01-01T20:35:51.117-0300] {logging_mixin.py:137} INFO - [2023-01-01T20:35:51.117-0300] {dag.py:2676} INFO - Sync 1 DAGs
[2023-01-01T20:35:51.140-0300] {logging_mixin.py:137} INFO - [2023-01-01T20:35:51.140-0300] {dag.py:3427} INFO - Setting next_dagrun for dag_de_prueba to 2022-10-30T20:30:00+00:00, run_after=2022-10-30T20:30:00+00:00
[2023-01-01T20:35:51.157-0300] {processor.py:175} INFO - Processing /home/kallox/airflow/dags/dag_hello_world.py took 0.081 seconds
[2023-01-01T20:36:21.641-0300] {processor.py:153} INFO - Started process (PID=7289) to work on /home/kallox/airflow/dags/dag_hello_world.py
[2023-01-01T20:36:21.642-0300] {processor.py:743} INFO - Processing file /home/kallox/airflow/dags/dag_hello_world.py for tasks to queue
[2023-01-01T20:36:21.642-0300] {logging_mixin.py:137} INFO - [2023-01-01T20:36:21.642-0300] {dagbag.py:538} INFO - Filling up the DagBag from /home/kallox/airflow/dags/dag_hello_world.py
[2023-01-01T20:36:21.655-0300] {processor.py:753} INFO - DAG(s) dict_keys(['dag_de_prueba']) retrieved from /home/kallox/airflow/dags/dag_hello_world.py
[2023-01-01T20:36:21.692-0300] {logging_mixin.py:137} INFO - [2023-01-01T20:36:21.691-0300] {dag.py:2676} INFO - Sync 1 DAGs
[2023-01-01T20:36:21.719-0300] {logging_mixin.py:137} INFO - [2023-01-01T20:36:21.719-0300] {dag.py:3427} INFO - Setting next_dagrun for dag_de_prueba to 2022-10-30T20:30:00+00:00, run_after=2022-10-30T20:30:00+00:00
[2023-01-01T20:36:21.740-0300] {processor.py:175} INFO - Processing /home/kallox/airflow/dags/dag_hello_world.py took 0.101 seconds
[2023-01-01T20:36:52.323-0300] {processor.py:153} INFO - Started process (PID=7373) to work on /home/kallox/airflow/dags/dag_hello_world.py
[2023-01-01T20:36:52.324-0300] {processor.py:743} INFO - Processing file /home/kallox/airflow/dags/dag_hello_world.py for tasks to queue
[2023-01-01T20:36:52.325-0300] {logging_mixin.py:137} INFO - [2023-01-01T20:36:52.325-0300] {dagbag.py:538} INFO - Filling up the DagBag from /home/kallox/airflow/dags/dag_hello_world.py
[2023-01-01T20:36:52.338-0300] {processor.py:753} INFO - DAG(s) dict_keys(['dag_de_prueba']) retrieved from /home/kallox/airflow/dags/dag_hello_world.py
[2023-01-01T20:36:52.364-0300] {logging_mixin.py:137} INFO - [2023-01-01T20:36:52.364-0300] {dag.py:2676} INFO - Sync 1 DAGs
[2023-01-01T20:36:52.385-0300] {logging_mixin.py:137} INFO - [2023-01-01T20:36:52.385-0300] {dag.py:3427} INFO - Setting next_dagrun for dag_de_prueba to 2022-10-30T20:30:00+00:00, run_after=2022-10-30T20:30:00+00:00
[2023-01-01T20:36:52.402-0300] {processor.py:175} INFO - Processing /home/kallox/airflow/dags/dag_hello_world.py took 0.081 seconds
[2023-01-01T20:37:23.041-0300] {processor.py:153} INFO - Started process (PID=7458) to work on /home/kallox/airflow/dags/dag_hello_world.py
[2023-01-01T20:37:23.042-0300] {processor.py:743} INFO - Processing file /home/kallox/airflow/dags/dag_hello_world.py for tasks to queue
[2023-01-01T20:37:23.043-0300] {logging_mixin.py:137} INFO - [2023-01-01T20:37:23.042-0300] {dagbag.py:538} INFO - Filling up the DagBag from /home/kallox/airflow/dags/dag_hello_world.py
[2023-01-01T20:37:23.055-0300] {processor.py:753} INFO - DAG(s) dict_keys(['dag_de_prueba']) retrieved from /home/kallox/airflow/dags/dag_hello_world.py
[2023-01-01T20:37:23.083-0300] {logging_mixin.py:137} INFO - [2023-01-01T20:37:23.082-0300] {dag.py:2676} INFO - Sync 1 DAGs
[2023-01-01T20:37:23.104-0300] {logging_mixin.py:137} INFO - [2023-01-01T20:37:23.104-0300] {dag.py:3427} INFO - Setting next_dagrun for dag_de_prueba to 2022-10-30T20:30:00+00:00, run_after=2022-10-30T20:30:00+00:00
[2023-01-01T20:37:23.121-0300] {processor.py:175} INFO - Processing /home/kallox/airflow/dags/dag_hello_world.py took 0.082 seconds
[2023-01-01T20:37:53.862-0300] {processor.py:153} INFO - Started process (PID=7531) to work on /home/kallox/airflow/dags/dag_hello_world.py
[2023-01-01T20:37:53.862-0300] {processor.py:743} INFO - Processing file /home/kallox/airflow/dags/dag_hello_world.py for tasks to queue
[2023-01-01T20:37:53.863-0300] {logging_mixin.py:137} INFO - [2023-01-01T20:37:53.863-0300] {dagbag.py:538} INFO - Filling up the DagBag from /home/kallox/airflow/dags/dag_hello_world.py
[2023-01-01T20:37:53.875-0300] {processor.py:753} INFO - DAG(s) dict_keys(['dag_de_prueba']) retrieved from /home/kallox/airflow/dags/dag_hello_world.py
[2023-01-01T20:37:53.905-0300] {logging_mixin.py:137} INFO - [2023-01-01T20:37:53.905-0300] {dag.py:2676} INFO - Sync 1 DAGs
[2023-01-01T20:37:53.929-0300] {logging_mixin.py:137} INFO - [2023-01-01T20:37:53.929-0300] {dag.py:3427} INFO - Setting next_dagrun for dag_de_prueba to 2022-10-30T20:30:00+00:00, run_after=2022-10-30T20:30:00+00:00
[2023-01-01T20:37:53.948-0300] {processor.py:175} INFO - Processing /home/kallox/airflow/dags/dag_hello_world.py took 0.089 seconds
[2023-01-01T20:38:24.582-0300] {processor.py:153} INFO - Started process (PID=7611) to work on /home/kallox/airflow/dags/dag_hello_world.py
[2023-01-01T20:38:24.583-0300] {processor.py:743} INFO - Processing file /home/kallox/airflow/dags/dag_hello_world.py for tasks to queue
[2023-01-01T20:38:24.583-0300] {logging_mixin.py:137} INFO - [2023-01-01T20:38:24.583-0300] {dagbag.py:538} INFO - Filling up the DagBag from /home/kallox/airflow/dags/dag_hello_world.py
[2023-01-01T20:38:24.597-0300] {processor.py:753} INFO - DAG(s) dict_keys(['dag_de_prueba']) retrieved from /home/kallox/airflow/dags/dag_hello_world.py
[2023-01-01T20:38:24.630-0300] {logging_mixin.py:137} INFO - [2023-01-01T20:38:24.630-0300] {dag.py:2676} INFO - Sync 1 DAGs
[2023-01-01T20:38:24.655-0300] {logging_mixin.py:137} INFO - [2023-01-01T20:38:24.655-0300] {dag.py:3427} INFO - Setting next_dagrun for dag_de_prueba to 2022-10-30T20:30:00+00:00, run_after=2022-10-30T20:30:00+00:00
[2023-01-01T20:38:24.675-0300] {processor.py:175} INFO - Processing /home/kallox/airflow/dags/dag_hello_world.py took 0.096 seconds
[2023-01-01T20:38:55.255-0300] {processor.py:153} INFO - Started process (PID=7699) to work on /home/kallox/airflow/dags/dag_hello_world.py
[2023-01-01T20:38:55.256-0300] {processor.py:743} INFO - Processing file /home/kallox/airflow/dags/dag_hello_world.py for tasks to queue
[2023-01-01T20:38:55.257-0300] {logging_mixin.py:137} INFO - [2023-01-01T20:38:55.256-0300] {dagbag.py:538} INFO - Filling up the DagBag from /home/kallox/airflow/dags/dag_hello_world.py
[2023-01-01T20:38:55.270-0300] {processor.py:753} INFO - DAG(s) dict_keys(['dag_de_prueba']) retrieved from /home/kallox/airflow/dags/dag_hello_world.py
[2023-01-01T20:38:55.300-0300] {logging_mixin.py:137} INFO - [2023-01-01T20:38:55.300-0300] {dag.py:2676} INFO - Sync 1 DAGs
[2023-01-01T20:38:55.321-0300] {logging_mixin.py:137} INFO - [2023-01-01T20:38:55.321-0300] {dag.py:3427} INFO - Setting next_dagrun for dag_de_prueba to 2022-10-30T20:30:00+00:00, run_after=2022-10-30T20:30:00+00:00
[2023-01-01T20:38:55.337-0300] {processor.py:175} INFO - Processing /home/kallox/airflow/dags/dag_hello_world.py took 0.084 seconds
[2023-01-01T20:39:25.862-0300] {processor.py:153} INFO - Started process (PID=7785) to work on /home/kallox/airflow/dags/dag_hello_world.py
[2023-01-01T20:39:25.863-0300] {processor.py:743} INFO - Processing file /home/kallox/airflow/dags/dag_hello_world.py for tasks to queue
[2023-01-01T20:39:25.863-0300] {logging_mixin.py:137} INFO - [2023-01-01T20:39:25.863-0300] {dagbag.py:538} INFO - Filling up the DagBag from /home/kallox/airflow/dags/dag_hello_world.py
[2023-01-01T20:39:25.876-0300] {processor.py:753} INFO - DAG(s) dict_keys(['dag_de_prueba']) retrieved from /home/kallox/airflow/dags/dag_hello_world.py
[2023-01-01T20:39:25.910-0300] {logging_mixin.py:137} INFO - [2023-01-01T20:39:25.910-0300] {dag.py:2676} INFO - Sync 1 DAGs
[2023-01-01T20:39:25.937-0300] {logging_mixin.py:137} INFO - [2023-01-01T20:39:25.937-0300] {dag.py:3427} INFO - Setting next_dagrun for dag_de_prueba to 2022-10-30T20:30:00+00:00, run_after=2022-10-30T20:30:00+00:00
[2023-01-01T20:39:25.960-0300] {processor.py:175} INFO - Processing /home/kallox/airflow/dags/dag_hello_world.py took 0.101 seconds
[2023-01-01T20:39:56.633-0300] {processor.py:153} INFO - Started process (PID=7851) to work on /home/kallox/airflow/dags/dag_hello_world.py
[2023-01-01T20:39:56.634-0300] {processor.py:743} INFO - Processing file /home/kallox/airflow/dags/dag_hello_world.py for tasks to queue
[2023-01-01T20:39:56.634-0300] {logging_mixin.py:137} INFO - [2023-01-01T20:39:56.634-0300] {dagbag.py:538} INFO - Filling up the DagBag from /home/kallox/airflow/dags/dag_hello_world.py
[2023-01-01T20:39:56.648-0300] {processor.py:753} INFO - DAG(s) dict_keys(['dag_de_prueba']) retrieved from /home/kallox/airflow/dags/dag_hello_world.py
[2023-01-01T20:39:56.683-0300] {logging_mixin.py:137} INFO - [2023-01-01T20:39:56.683-0300] {dag.py:2676} INFO - Sync 1 DAGs
[2023-01-01T20:39:56.714-0300] {logging_mixin.py:137} INFO - [2023-01-01T20:39:56.714-0300] {dag.py:3427} INFO - Setting next_dagrun for dag_de_prueba to 2022-10-30T20:30:00+00:00, run_after=2022-10-30T20:30:00+00:00
[2023-01-01T20:39:56.736-0300] {processor.py:175} INFO - Processing /home/kallox/airflow/dags/dag_hello_world.py took 0.106 seconds
[2023-01-01T20:40:27.234-0300] {processor.py:153} INFO - Started process (PID=7929) to work on /home/kallox/airflow/dags/dag_hello_world.py
[2023-01-01T20:40:27.235-0300] {processor.py:743} INFO - Processing file /home/kallox/airflow/dags/dag_hello_world.py for tasks to queue
[2023-01-01T20:40:27.235-0300] {logging_mixin.py:137} INFO - [2023-01-01T20:40:27.235-0300] {dagbag.py:538} INFO - Filling up the DagBag from /home/kallox/airflow/dags/dag_hello_world.py
[2023-01-01T20:40:27.246-0300] {processor.py:753} INFO - DAG(s) dict_keys(['dag_de_prueba']) retrieved from /home/kallox/airflow/dags/dag_hello_world.py
[2023-01-01T20:40:27.276-0300] {logging_mixin.py:137} INFO - [2023-01-01T20:40:27.276-0300] {dag.py:2676} INFO - Sync 1 DAGs
[2023-01-01T20:40:27.299-0300] {logging_mixin.py:137} INFO - [2023-01-01T20:40:27.299-0300] {dag.py:3427} INFO - Setting next_dagrun for dag_de_prueba to 2022-10-30T20:30:00+00:00, run_after=2022-10-30T20:30:00+00:00
[2023-01-01T20:40:27.316-0300] {processor.py:175} INFO - Processing /home/kallox/airflow/dags/dag_hello_world.py took 0.084 seconds
[2023-01-01T20:40:57.765-0300] {processor.py:153} INFO - Started process (PID=8010) to work on /home/kallox/airflow/dags/dag_hello_world.py
[2023-01-01T20:40:57.765-0300] {processor.py:743} INFO - Processing file /home/kallox/airflow/dags/dag_hello_world.py for tasks to queue
[2023-01-01T20:40:57.766-0300] {logging_mixin.py:137} INFO - [2023-01-01T20:40:57.766-0300] {dagbag.py:538} INFO - Filling up the DagBag from /home/kallox/airflow/dags/dag_hello_world.py
[2023-01-01T20:40:57.780-0300] {processor.py:753} INFO - DAG(s) dict_keys(['dag_de_prueba']) retrieved from /home/kallox/airflow/dags/dag_hello_world.py
[2023-01-01T20:40:57.810-0300] {logging_mixin.py:137} INFO - [2023-01-01T20:40:57.810-0300] {dag.py:2676} INFO - Sync 1 DAGs
[2023-01-01T20:40:57.833-0300] {logging_mixin.py:137} INFO - [2023-01-01T20:40:57.833-0300] {dag.py:3427} INFO - Setting next_dagrun for dag_de_prueba to 2022-10-30T20:30:00+00:00, run_after=2022-10-30T20:30:00+00:00
[2023-01-01T20:40:57.849-0300] {processor.py:175} INFO - Processing /home/kallox/airflow/dags/dag_hello_world.py took 0.087 seconds
[2023-01-01T20:41:28.439-0300] {processor.py:153} INFO - Started process (PID=8085) to work on /home/kallox/airflow/dags/dag_hello_world.py
[2023-01-01T20:41:28.440-0300] {processor.py:743} INFO - Processing file /home/kallox/airflow/dags/dag_hello_world.py for tasks to queue
[2023-01-01T20:41:28.441-0300] {logging_mixin.py:137} INFO - [2023-01-01T20:41:28.441-0300] {dagbag.py:538} INFO - Filling up the DagBag from /home/kallox/airflow/dags/dag_hello_world.py
[2023-01-01T20:41:28.454-0300] {processor.py:753} INFO - DAG(s) dict_keys(['dag_de_prueba']) retrieved from /home/kallox/airflow/dags/dag_hello_world.py
[2023-01-01T20:41:28.488-0300] {logging_mixin.py:137} INFO - [2023-01-01T20:41:28.487-0300] {dag.py:2676} INFO - Sync 1 DAGs
[2023-01-01T20:41:28.514-0300] {logging_mixin.py:137} INFO - [2023-01-01T20:41:28.513-0300] {dag.py:3427} INFO - Setting next_dagrun for dag_de_prueba to 2022-10-30T20:30:00+00:00, run_after=2022-10-30T20:30:00+00:00
[2023-01-01T20:41:28.535-0300] {processor.py:175} INFO - Processing /home/kallox/airflow/dags/dag_hello_world.py took 0.099 seconds
[2023-01-01T20:41:59.132-0300] {processor.py:153} INFO - Started process (PID=8174) to work on /home/kallox/airflow/dags/dag_hello_world.py
[2023-01-01T20:41:59.133-0300] {processor.py:743} INFO - Processing file /home/kallox/airflow/dags/dag_hello_world.py for tasks to queue
[2023-01-01T20:41:59.133-0300] {logging_mixin.py:137} INFO - [2023-01-01T20:41:59.133-0300] {dagbag.py:538} INFO - Filling up the DagBag from /home/kallox/airflow/dags/dag_hello_world.py
[2023-01-01T20:41:59.146-0300] {processor.py:753} INFO - DAG(s) dict_keys(['dag_de_prueba']) retrieved from /home/kallox/airflow/dags/dag_hello_world.py
[2023-01-01T20:41:59.181-0300] {logging_mixin.py:137} INFO - [2023-01-01T20:41:59.181-0300] {dag.py:2676} INFO - Sync 1 DAGs
[2023-01-01T20:41:59.207-0300] {logging_mixin.py:137} INFO - [2023-01-01T20:41:59.207-0300] {dag.py:3427} INFO - Setting next_dagrun for dag_de_prueba to 2022-10-30T20:30:00+00:00, run_after=2022-10-30T20:30:00+00:00
[2023-01-01T20:41:59.228-0300] {processor.py:175} INFO - Processing /home/kallox/airflow/dags/dag_hello_world.py took 0.100 seconds
[2023-01-01T20:42:29.611-0300] {processor.py:153} INFO - Started process (PID=8289) to work on /home/kallox/airflow/dags/dag_hello_world.py
[2023-01-01T20:42:29.611-0300] {processor.py:743} INFO - Processing file /home/kallox/airflow/dags/dag_hello_world.py for tasks to queue
[2023-01-01T20:42:29.612-0300] {logging_mixin.py:137} INFO - [2023-01-01T20:42:29.612-0300] {dagbag.py:538} INFO - Filling up the DagBag from /home/kallox/airflow/dags/dag_hello_world.py
[2023-01-01T20:42:29.622-0300] {processor.py:753} INFO - DAG(s) dict_keys(['dag_de_prueba']) retrieved from /home/kallox/airflow/dags/dag_hello_world.py
[2023-01-01T20:42:29.649-0300] {logging_mixin.py:137} INFO - [2023-01-01T20:42:29.649-0300] {dag.py:2676} INFO - Sync 1 DAGs
[2023-01-01T20:42:29.670-0300] {logging_mixin.py:137} INFO - [2023-01-01T20:42:29.669-0300] {dag.py:3427} INFO - Setting next_dagrun for dag_de_prueba to 2022-10-30T20:30:00+00:00, run_after=2022-10-30T20:30:00+00:00
[2023-01-01T20:42:29.685-0300] {processor.py:175} INFO - Processing /home/kallox/airflow/dags/dag_hello_world.py took 0.077 seconds
[2023-01-01T20:43:00.262-0300] {processor.py:153} INFO - Started process (PID=8365) to work on /home/kallox/airflow/dags/dag_hello_world.py
[2023-01-01T20:43:00.263-0300] {processor.py:743} INFO - Processing file /home/kallox/airflow/dags/dag_hello_world.py for tasks to queue
[2023-01-01T20:43:00.264-0300] {logging_mixin.py:137} INFO - [2023-01-01T20:43:00.264-0300] {dagbag.py:538} INFO - Filling up the DagBag from /home/kallox/airflow/dags/dag_hello_world.py
[2023-01-01T20:43:00.277-0300] {processor.py:753} INFO - DAG(s) dict_keys(['dag_de_prueba']) retrieved from /home/kallox/airflow/dags/dag_hello_world.py
[2023-01-01T20:43:00.318-0300] {logging_mixin.py:137} INFO - [2023-01-01T20:43:00.317-0300] {dag.py:2676} INFO - Sync 1 DAGs
[2023-01-01T20:43:00.345-0300] {logging_mixin.py:137} INFO - [2023-01-01T20:43:00.345-0300] {dag.py:3427} INFO - Setting next_dagrun for dag_de_prueba to 2022-10-30T20:30:00+00:00, run_after=2022-10-30T20:30:00+00:00
[2023-01-01T20:43:00.371-0300] {processor.py:175} INFO - Processing /home/kallox/airflow/dags/dag_hello_world.py took 0.111 seconds
[2023-01-01T20:43:30.902-0300] {processor.py:153} INFO - Started process (PID=8439) to work on /home/kallox/airflow/dags/dag_hello_world.py
[2023-01-01T20:43:30.903-0300] {processor.py:743} INFO - Processing file /home/kallox/airflow/dags/dag_hello_world.py for tasks to queue
[2023-01-01T20:43:30.903-0300] {logging_mixin.py:137} INFO - [2023-01-01T20:43:30.903-0300] {dagbag.py:538} INFO - Filling up the DagBag from /home/kallox/airflow/dags/dag_hello_world.py
[2023-01-01T20:43:30.916-0300] {processor.py:753} INFO - DAG(s) dict_keys(['dag_de_prueba']) retrieved from /home/kallox/airflow/dags/dag_hello_world.py
[2023-01-01T20:43:30.944-0300] {logging_mixin.py:137} INFO - [2023-01-01T20:43:30.944-0300] {dag.py:2676} INFO - Sync 1 DAGs
[2023-01-01T20:43:30.965-0300] {logging_mixin.py:137} INFO - [2023-01-01T20:43:30.965-0300] {dag.py:3427} INFO - Setting next_dagrun for dag_de_prueba to 2022-10-30T20:30:00+00:00, run_after=2022-10-30T20:30:00+00:00
[2023-01-01T20:43:30.981-0300] {processor.py:175} INFO - Processing /home/kallox/airflow/dags/dag_hello_world.py took 0.082 seconds
[2023-01-01T20:44:01.445-0300] {processor.py:153} INFO - Started process (PID=8514) to work on /home/kallox/airflow/dags/dag_hello_world.py
[2023-01-01T20:44:01.446-0300] {processor.py:743} INFO - Processing file /home/kallox/airflow/dags/dag_hello_world.py for tasks to queue
[2023-01-01T20:44:01.446-0300] {logging_mixin.py:137} INFO - [2023-01-01T20:44:01.446-0300] {dagbag.py:538} INFO - Filling up the DagBag from /home/kallox/airflow/dags/dag_hello_world.py
[2023-01-01T20:44:01.458-0300] {processor.py:753} INFO - DAG(s) dict_keys(['dag_de_prueba']) retrieved from /home/kallox/airflow/dags/dag_hello_world.py
[2023-01-01T20:44:01.488-0300] {logging_mixin.py:137} INFO - [2023-01-01T20:44:01.488-0300] {dag.py:2676} INFO - Sync 1 DAGs
[2023-01-01T20:44:01.512-0300] {logging_mixin.py:137} INFO - [2023-01-01T20:44:01.512-0300] {dag.py:3427} INFO - Setting next_dagrun for dag_de_prueba to 2022-10-30T20:30:00+00:00, run_after=2022-10-30T20:30:00+00:00
[2023-01-01T20:44:01.529-0300] {processor.py:175} INFO - Processing /home/kallox/airflow/dags/dag_hello_world.py took 0.086 seconds
[2023-01-01T20:44:32.113-0300] {processor.py:153} INFO - Started process (PID=8627) to work on /home/kallox/airflow/dags/dag_hello_world.py
[2023-01-01T20:44:32.114-0300] {processor.py:743} INFO - Processing file /home/kallox/airflow/dags/dag_hello_world.py for tasks to queue
[2023-01-01T20:44:32.114-0300] {logging_mixin.py:137} INFO - [2023-01-01T20:44:32.114-0300] {dagbag.py:538} INFO - Filling up the DagBag from /home/kallox/airflow/dags/dag_hello_world.py
[2023-01-01T20:44:32.125-0300] {processor.py:753} INFO - DAG(s) dict_keys(['dag_de_prueba']) retrieved from /home/kallox/airflow/dags/dag_hello_world.py
[2023-01-01T20:44:32.151-0300] {logging_mixin.py:137} INFO - [2023-01-01T20:44:32.151-0300] {dag.py:2676} INFO - Sync 1 DAGs
[2023-01-01T20:44:32.172-0300] {logging_mixin.py:137} INFO - [2023-01-01T20:44:32.172-0300] {dag.py:3427} INFO - Setting next_dagrun for dag_de_prueba to 2022-10-30T20:30:00+00:00, run_after=2022-10-30T20:30:00+00:00
[2023-01-01T20:44:32.190-0300] {processor.py:175} INFO - Processing /home/kallox/airflow/dags/dag_hello_world.py took 0.079 seconds
[2023-01-01T20:45:02.908-0300] {processor.py:153} INFO - Started process (PID=8705) to work on /home/kallox/airflow/dags/dag_hello_world.py
[2023-01-01T20:45:02.909-0300] {processor.py:743} INFO - Processing file /home/kallox/airflow/dags/dag_hello_world.py for tasks to queue
[2023-01-01T20:45:02.909-0300] {logging_mixin.py:137} INFO - [2023-01-01T20:45:02.909-0300] {dagbag.py:538} INFO - Filling up the DagBag from /home/kallox/airflow/dags/dag_hello_world.py
[2023-01-01T20:45:02.920-0300] {processor.py:753} INFO - DAG(s) dict_keys(['dag_de_prueba']) retrieved from /home/kallox/airflow/dags/dag_hello_world.py
[2023-01-01T20:45:02.947-0300] {logging_mixin.py:137} INFO - [2023-01-01T20:45:02.947-0300] {dag.py:2676} INFO - Sync 1 DAGs
[2023-01-01T20:45:02.969-0300] {logging_mixin.py:137} INFO - [2023-01-01T20:45:02.969-0300] {dag.py:3427} INFO - Setting next_dagrun for dag_de_prueba to 2022-10-30T20:30:00+00:00, run_after=2022-10-30T20:30:00+00:00
[2023-01-01T20:45:02.986-0300] {processor.py:175} INFO - Processing /home/kallox/airflow/dags/dag_hello_world.py took 0.080 seconds
[2023-01-01T20:45:34.247-0300] {processor.py:153} INFO - Started process (PID=8796) to work on /home/kallox/airflow/dags/dag_hello_world.py
[2023-01-01T20:45:34.247-0300] {processor.py:743} INFO - Processing file /home/kallox/airflow/dags/dag_hello_world.py for tasks to queue
[2023-01-01T20:45:34.248-0300] {logging_mixin.py:137} INFO - [2023-01-01T20:45:34.248-0300] {dagbag.py:538} INFO - Filling up the DagBag from /home/kallox/airflow/dags/dag_hello_world.py
[2023-01-01T20:45:34.259-0300] {processor.py:753} INFO - DAG(s) dict_keys(['dag_de_prueba']) retrieved from /home/kallox/airflow/dags/dag_hello_world.py
[2023-01-01T20:45:34.287-0300] {logging_mixin.py:137} INFO - [2023-01-01T20:45:34.287-0300] {dag.py:2676} INFO - Sync 1 DAGs
[2023-01-01T20:45:34.308-0300] {logging_mixin.py:137} INFO - [2023-01-01T20:45:34.308-0300] {dag.py:3427} INFO - Setting next_dagrun for dag_de_prueba to 2022-10-30T20:30:00+00:00, run_after=2022-10-30T20:30:00+00:00
[2023-01-01T20:45:34.326-0300] {processor.py:175} INFO - Processing /home/kallox/airflow/dags/dag_hello_world.py took 0.081 seconds
[2023-01-01T20:46:05.720-0300] {processor.py:153} INFO - Started process (PID=8885) to work on /home/kallox/airflow/dags/dag_hello_world.py
[2023-01-01T20:46:05.721-0300] {processor.py:743} INFO - Processing file /home/kallox/airflow/dags/dag_hello_world.py for tasks to queue
[2023-01-01T20:46:05.721-0300] {logging_mixin.py:137} INFO - [2023-01-01T20:46:05.721-0300] {dagbag.py:538} INFO - Filling up the DagBag from /home/kallox/airflow/dags/dag_hello_world.py
[2023-01-01T20:46:05.732-0300] {processor.py:753} INFO - DAG(s) dict_keys(['dag_de_prueba']) retrieved from /home/kallox/airflow/dags/dag_hello_world.py
[2023-01-01T20:46:05.760-0300] {logging_mixin.py:137} INFO - [2023-01-01T20:46:05.760-0300] {dag.py:2676} INFO - Sync 1 DAGs
[2023-01-01T20:46:05.783-0300] {logging_mixin.py:137} INFO - [2023-01-01T20:46:05.783-0300] {dag.py:3427} INFO - Setting next_dagrun for dag_de_prueba to 2022-10-30T20:30:00+00:00, run_after=2022-10-30T20:30:00+00:00
[2023-01-01T20:46:05.801-0300] {processor.py:175} INFO - Processing /home/kallox/airflow/dags/dag_hello_world.py took 0.083 seconds
[2023-01-01T20:46:37.397-0300] {processor.py:153} INFO - Started process (PID=8975) to work on /home/kallox/airflow/dags/dag_hello_world.py
[2023-01-01T20:46:37.398-0300] {processor.py:743} INFO - Processing file /home/kallox/airflow/dags/dag_hello_world.py for tasks to queue
[2023-01-01T20:46:37.399-0300] {logging_mixin.py:137} INFO - [2023-01-01T20:46:37.399-0300] {dagbag.py:538} INFO - Filling up the DagBag from /home/kallox/airflow/dags/dag_hello_world.py
[2023-01-01T20:46:37.413-0300] {processor.py:753} INFO - DAG(s) dict_keys(['dag_de_prueba']) retrieved from /home/kallox/airflow/dags/dag_hello_world.py
[2023-01-01T20:46:37.452-0300] {logging_mixin.py:137} INFO - [2023-01-01T20:46:37.452-0300] {dag.py:2676} INFO - Sync 1 DAGs
[2023-01-01T20:46:37.487-0300] {logging_mixin.py:137} INFO - [2023-01-01T20:46:37.487-0300] {dag.py:3427} INFO - Setting next_dagrun for dag_de_prueba to 2022-10-30T20:30:00+00:00, run_after=2022-10-30T20:30:00+00:00
[2023-01-01T20:46:37.508-0300] {processor.py:175} INFO - Processing /home/kallox/airflow/dags/dag_hello_world.py took 0.113 seconds
[2023-01-01T20:47:08.714-0300] {processor.py:153} INFO - Started process (PID=9057) to work on /home/kallox/airflow/dags/dag_hello_world.py
[2023-01-01T20:47:08.715-0300] {processor.py:743} INFO - Processing file /home/kallox/airflow/dags/dag_hello_world.py for tasks to queue
[2023-01-01T20:47:08.716-0300] {logging_mixin.py:137} INFO - [2023-01-01T20:47:08.715-0300] {dagbag.py:538} INFO - Filling up the DagBag from /home/kallox/airflow/dags/dag_hello_world.py
[2023-01-01T20:47:08.729-0300] {processor.py:753} INFO - DAG(s) dict_keys(['dag_de_prueba']) retrieved from /home/kallox/airflow/dags/dag_hello_world.py
[2023-01-01T20:47:08.757-0300] {logging_mixin.py:137} INFO - [2023-01-01T20:47:08.757-0300] {dag.py:2676} INFO - Sync 1 DAGs
[2023-01-01T20:47:08.777-0300] {logging_mixin.py:137} INFO - [2023-01-01T20:47:08.777-0300] {dag.py:3427} INFO - Setting next_dagrun for dag_de_prueba to 2022-10-30T20:30:00+00:00, run_after=2022-10-30T20:30:00+00:00
[2023-01-01T20:47:08.795-0300] {processor.py:175} INFO - Processing /home/kallox/airflow/dags/dag_hello_world.py took 0.085 seconds
[2023-01-01T20:47:39.157-0300] {processor.py:153} INFO - Started process (PID=9131) to work on /home/kallox/airflow/dags/dag_hello_world.py
[2023-01-01T20:47:39.158-0300] {processor.py:743} INFO - Processing file /home/kallox/airflow/dags/dag_hello_world.py for tasks to queue
[2023-01-01T20:47:39.159-0300] {logging_mixin.py:137} INFO - [2023-01-01T20:47:39.159-0300] {dagbag.py:538} INFO - Filling up the DagBag from /home/kallox/airflow/dags/dag_hello_world.py
[2023-01-01T20:47:39.175-0300] {processor.py:753} INFO - DAG(s) dict_keys(['dag_de_prueba']) retrieved from /home/kallox/airflow/dags/dag_hello_world.py
[2023-01-01T20:47:39.217-0300] {logging_mixin.py:137} INFO - [2023-01-01T20:47:39.217-0300] {dag.py:2676} INFO - Sync 1 DAGs
[2023-01-01T20:47:39.249-0300] {logging_mixin.py:137} INFO - [2023-01-01T20:47:39.249-0300] {dag.py:3427} INFO - Setting next_dagrun for dag_de_prueba to 2022-10-30T20:30:00+00:00, run_after=2022-10-30T20:30:00+00:00
[2023-01-01T20:47:39.281-0300] {processor.py:175} INFO - Processing /home/kallox/airflow/dags/dag_hello_world.py took 0.128 seconds
[2023-01-01T20:48:09.459-0300] {processor.py:153} INFO - Started process (PID=9199) to work on /home/kallox/airflow/dags/dag_hello_world.py
[2023-01-01T20:48:09.459-0300] {processor.py:743} INFO - Processing file /home/kallox/airflow/dags/dag_hello_world.py for tasks to queue
[2023-01-01T20:48:09.460-0300] {logging_mixin.py:137} INFO - [2023-01-01T20:48:09.460-0300] {dagbag.py:538} INFO - Filling up the DagBag from /home/kallox/airflow/dags/dag_hello_world.py
[2023-01-01T20:48:09.471-0300] {processor.py:753} INFO - DAG(s) dict_keys(['dag_de_prueba']) retrieved from /home/kallox/airflow/dags/dag_hello_world.py
[2023-01-01T20:48:09.496-0300] {logging_mixin.py:137} INFO - [2023-01-01T20:48:09.496-0300] {dag.py:2676} INFO - Sync 1 DAGs
[2023-01-01T20:48:09.515-0300] {logging_mixin.py:137} INFO - [2023-01-01T20:48:09.515-0300] {dag.py:3427} INFO - Setting next_dagrun for dag_de_prueba to 2022-10-30T20:30:00+00:00, run_after=2022-10-30T20:30:00+00:00
[2023-01-01T20:48:09.532-0300] {processor.py:175} INFO - Processing /home/kallox/airflow/dags/dag_hello_world.py took 0.076 seconds
[2023-01-01T20:48:40.114-0300] {processor.py:153} INFO - Started process (PID=9290) to work on /home/kallox/airflow/dags/dag_hello_world.py
[2023-01-01T20:48:40.115-0300] {processor.py:743} INFO - Processing file /home/kallox/airflow/dags/dag_hello_world.py for tasks to queue
[2023-01-01T20:48:40.115-0300] {logging_mixin.py:137} INFO - [2023-01-01T20:48:40.115-0300] {dagbag.py:538} INFO - Filling up the DagBag from /home/kallox/airflow/dags/dag_hello_world.py
[2023-01-01T20:48:40.126-0300] {processor.py:753} INFO - DAG(s) dict_keys(['dag_de_prueba']) retrieved from /home/kallox/airflow/dags/dag_hello_world.py
[2023-01-01T20:48:40.153-0300] {logging_mixin.py:137} INFO - [2023-01-01T20:48:40.153-0300] {dag.py:2676} INFO - Sync 1 DAGs
[2023-01-01T20:48:40.175-0300] {logging_mixin.py:137} INFO - [2023-01-01T20:48:40.175-0300] {dag.py:3427} INFO - Setting next_dagrun for dag_de_prueba to 2022-10-30T20:30:00+00:00, run_after=2022-10-30T20:30:00+00:00
[2023-01-01T20:48:40.191-0300] {processor.py:175} INFO - Processing /home/kallox/airflow/dags/dag_hello_world.py took 0.079 seconds
[2023-01-01T20:49:10.542-0300] {processor.py:153} INFO - Started process (PID=9370) to work on /home/kallox/airflow/dags/dag_hello_world.py
[2023-01-01T20:49:10.543-0300] {processor.py:743} INFO - Processing file /home/kallox/airflow/dags/dag_hello_world.py for tasks to queue
[2023-01-01T20:49:10.543-0300] {logging_mixin.py:137} INFO - [2023-01-01T20:49:10.543-0300] {dagbag.py:538} INFO - Filling up the DagBag from /home/kallox/airflow/dags/dag_hello_world.py
[2023-01-01T20:49:10.554-0300] {processor.py:753} INFO - DAG(s) dict_keys(['dag_de_prueba']) retrieved from /home/kallox/airflow/dags/dag_hello_world.py
[2023-01-01T20:49:10.581-0300] {logging_mixin.py:137} INFO - [2023-01-01T20:49:10.581-0300] {dag.py:2676} INFO - Sync 1 DAGs
[2023-01-01T20:49:10.604-0300] {logging_mixin.py:137} INFO - [2023-01-01T20:49:10.604-0300] {dag.py:3427} INFO - Setting next_dagrun for dag_de_prueba to 2022-10-30T20:30:00+00:00, run_after=2022-10-30T20:30:00+00:00
[2023-01-01T20:49:10.619-0300] {processor.py:175} INFO - Processing /home/kallox/airflow/dags/dag_hello_world.py took 0.080 seconds
[2023-01-01T20:49:41.478-0300] {processor.py:153} INFO - Started process (PID=9444) to work on /home/kallox/airflow/dags/dag_hello_world.py
[2023-01-01T20:49:41.478-0300] {processor.py:743} INFO - Processing file /home/kallox/airflow/dags/dag_hello_world.py for tasks to queue
[2023-01-01T20:49:41.479-0300] {logging_mixin.py:137} INFO - [2023-01-01T20:49:41.479-0300] {dagbag.py:538} INFO - Filling up the DagBag from /home/kallox/airflow/dags/dag_hello_world.py
[2023-01-01T20:49:41.495-0300] {processor.py:753} INFO - DAG(s) dict_keys(['dag_de_prueba']) retrieved from /home/kallox/airflow/dags/dag_hello_world.py
[2023-01-01T20:49:41.532-0300] {logging_mixin.py:137} INFO - [2023-01-01T20:49:41.532-0300] {dag.py:2676} INFO - Sync 1 DAGs
[2023-01-01T20:49:41.559-0300] {logging_mixin.py:137} INFO - [2023-01-01T20:49:41.559-0300] {dag.py:3427} INFO - Setting next_dagrun for dag_de_prueba to 2022-10-30T20:30:00+00:00, run_after=2022-10-30T20:30:00+00:00
[2023-01-01T20:49:41.581-0300] {processor.py:175} INFO - Processing /home/kallox/airflow/dags/dag_hello_world.py took 0.106 seconds
[2023-01-01T20:50:12.237-0300] {processor.py:153} INFO - Started process (PID=9526) to work on /home/kallox/airflow/dags/dag_hello_world.py
[2023-01-01T20:50:12.237-0300] {processor.py:743} INFO - Processing file /home/kallox/airflow/dags/dag_hello_world.py for tasks to queue
[2023-01-01T20:50:12.238-0300] {logging_mixin.py:137} INFO - [2023-01-01T20:50:12.238-0300] {dagbag.py:538} INFO - Filling up the DagBag from /home/kallox/airflow/dags/dag_hello_world.py
[2023-01-01T20:50:12.249-0300] {processor.py:753} INFO - DAG(s) dict_keys(['dag_de_prueba']) retrieved from /home/kallox/airflow/dags/dag_hello_world.py
[2023-01-01T20:50:12.276-0300] {logging_mixin.py:137} INFO - [2023-01-01T20:50:12.276-0300] {dag.py:2676} INFO - Sync 1 DAGs
[2023-01-01T20:50:12.297-0300] {logging_mixin.py:137} INFO - [2023-01-01T20:50:12.297-0300] {dag.py:3427} INFO - Setting next_dagrun for dag_de_prueba to 2022-10-30T20:30:00+00:00, run_after=2022-10-30T20:30:00+00:00
[2023-01-01T20:50:12.313-0300] {processor.py:175} INFO - Processing /home/kallox/airflow/dags/dag_hello_world.py took 0.078 seconds
[2023-01-01T20:50:42.857-0300] {processor.py:153} INFO - Started process (PID=9602) to work on /home/kallox/airflow/dags/dag_hello_world.py
[2023-01-01T20:50:42.858-0300] {processor.py:743} INFO - Processing file /home/kallox/airflow/dags/dag_hello_world.py for tasks to queue
[2023-01-01T20:50:42.858-0300] {logging_mixin.py:137} INFO - [2023-01-01T20:50:42.858-0300] {dagbag.py:538} INFO - Filling up the DagBag from /home/kallox/airflow/dags/dag_hello_world.py
[2023-01-01T20:50:42.869-0300] {processor.py:753} INFO - DAG(s) dict_keys(['dag_de_prueba']) retrieved from /home/kallox/airflow/dags/dag_hello_world.py
[2023-01-01T20:50:42.896-0300] {logging_mixin.py:137} INFO - [2023-01-01T20:50:42.896-0300] {dag.py:2676} INFO - Sync 1 DAGs
[2023-01-01T20:50:42.918-0300] {logging_mixin.py:137} INFO - [2023-01-01T20:50:42.917-0300] {dag.py:3427} INFO - Setting next_dagrun for dag_de_prueba to 2022-10-30T20:30:00+00:00, run_after=2022-10-30T20:30:00+00:00
[2023-01-01T20:50:42.934-0300] {processor.py:175} INFO - Processing /home/kallox/airflow/dags/dag_hello_world.py took 0.078 seconds
[2023-01-01T20:51:13.289-0300] {processor.py:153} INFO - Started process (PID=9684) to work on /home/kallox/airflow/dags/dag_hello_world.py
[2023-01-01T20:51:13.290-0300] {processor.py:743} INFO - Processing file /home/kallox/airflow/dags/dag_hello_world.py for tasks to queue
[2023-01-01T20:51:13.290-0300] {logging_mixin.py:137} INFO - [2023-01-01T20:51:13.290-0300] {dagbag.py:538} INFO - Filling up the DagBag from /home/kallox/airflow/dags/dag_hello_world.py
[2023-01-01T20:51:13.304-0300] {processor.py:753} INFO - DAG(s) dict_keys(['dag_de_prueba']) retrieved from /home/kallox/airflow/dags/dag_hello_world.py
[2023-01-01T20:51:13.331-0300] {logging_mixin.py:137} INFO - [2023-01-01T20:51:13.331-0300] {dag.py:2676} INFO - Sync 1 DAGs
[2023-01-01T20:51:13.352-0300] {logging_mixin.py:137} INFO - [2023-01-01T20:51:13.352-0300] {dag.py:3427} INFO - Setting next_dagrun for dag_de_prueba to 2022-10-30T20:30:00+00:00, run_after=2022-10-30T20:30:00+00:00
[2023-01-01T20:51:13.373-0300] {processor.py:175} INFO - Processing /home/kallox/airflow/dags/dag_hello_world.py took 0.087 seconds
[2023-01-01T20:51:44.155-0300] {processor.py:153} INFO - Started process (PID=9773) to work on /home/kallox/airflow/dags/dag_hello_world.py
[2023-01-01T20:51:44.156-0300] {processor.py:743} INFO - Processing file /home/kallox/airflow/dags/dag_hello_world.py for tasks to queue
[2023-01-01T20:51:44.156-0300] {logging_mixin.py:137} INFO - [2023-01-01T20:51:44.156-0300] {dagbag.py:538} INFO - Filling up the DagBag from /home/kallox/airflow/dags/dag_hello_world.py
[2023-01-01T20:51:44.168-0300] {processor.py:753} INFO - DAG(s) dict_keys(['dag_de_prueba']) retrieved from /home/kallox/airflow/dags/dag_hello_world.py
[2023-01-01T20:51:44.210-0300] {logging_mixin.py:137} INFO - [2023-01-01T20:51:44.210-0300] {dag.py:2676} INFO - Sync 1 DAGs
[2023-01-01T20:51:44.252-0300] {logging_mixin.py:137} INFO - [2023-01-01T20:51:44.252-0300] {dag.py:3427} INFO - Setting next_dagrun for dag_de_prueba to 2022-10-30T20:30:00+00:00, run_after=2022-10-30T20:30:00+00:00
[2023-01-01T20:51:44.285-0300] {processor.py:175} INFO - Processing /home/kallox/airflow/dags/dag_hello_world.py took 0.132 seconds
[2023-01-01T20:52:15.070-0300] {processor.py:153} INFO - Started process (PID=9852) to work on /home/kallox/airflow/dags/dag_hello_world.py
[2023-01-01T20:52:15.071-0300] {processor.py:743} INFO - Processing file /home/kallox/airflow/dags/dag_hello_world.py for tasks to queue
[2023-01-01T20:52:15.072-0300] {logging_mixin.py:137} INFO - [2023-01-01T20:52:15.072-0300] {dagbag.py:538} INFO - Filling up the DagBag from /home/kallox/airflow/dags/dag_hello_world.py
[2023-01-01T20:52:15.092-0300] {processor.py:753} INFO - DAG(s) dict_keys(['dag_de_prueba']) retrieved from /home/kallox/airflow/dags/dag_hello_world.py
[2023-01-01T20:52:15.148-0300] {logging_mixin.py:137} INFO - [2023-01-01T20:52:15.148-0300] {dag.py:2676} INFO - Sync 1 DAGs
[2023-01-01T20:52:15.192-0300] {logging_mixin.py:137} INFO - [2023-01-01T20:52:15.192-0300] {dag.py:3427} INFO - Setting next_dagrun for dag_de_prueba to 2022-10-30T20:30:00+00:00, run_after=2022-10-30T20:30:00+00:00
[2023-01-01T20:52:15.220-0300] {processor.py:175} INFO - Processing /home/kallox/airflow/dags/dag_hello_world.py took 0.156 seconds
[2023-01-01T20:52:45.631-0300] {processor.py:153} INFO - Started process (PID=10061) to work on /home/kallox/airflow/dags/dag_hello_world.py
[2023-01-01T20:52:45.632-0300] {processor.py:743} INFO - Processing file /home/kallox/airflow/dags/dag_hello_world.py for tasks to queue
[2023-01-01T20:52:45.632-0300] {logging_mixin.py:137} INFO - [2023-01-01T20:52:45.632-0300] {dagbag.py:538} INFO - Filling up the DagBag from /home/kallox/airflow/dags/dag_hello_world.py
[2023-01-01T20:52:45.643-0300] {processor.py:753} INFO - DAG(s) dict_keys(['dag_de_prueba']) retrieved from /home/kallox/airflow/dags/dag_hello_world.py
[2023-01-01T20:52:45.670-0300] {logging_mixin.py:137} INFO - [2023-01-01T20:52:45.670-0300] {dag.py:2676} INFO - Sync 1 DAGs
[2023-01-01T20:52:45.691-0300] {logging_mixin.py:137} INFO - [2023-01-01T20:52:45.691-0300] {dag.py:3427} INFO - Setting next_dagrun for dag_de_prueba to 2022-10-30T20:30:00+00:00, run_after=2022-10-30T20:30:00+00:00
[2023-01-01T20:52:45.707-0300] {processor.py:175} INFO - Processing /home/kallox/airflow/dags/dag_hello_world.py took 0.077 seconds
[2023-01-01T20:53:16.226-0300] {processor.py:153} INFO - Started process (PID=10210) to work on /home/kallox/airflow/dags/dag_hello_world.py
[2023-01-01T20:53:16.227-0300] {processor.py:743} INFO - Processing file /home/kallox/airflow/dags/dag_hello_world.py for tasks to queue
[2023-01-01T20:53:16.227-0300] {logging_mixin.py:137} INFO - [2023-01-01T20:53:16.227-0300] {dagbag.py:538} INFO - Filling up the DagBag from /home/kallox/airflow/dags/dag_hello_world.py
[2023-01-01T20:53:16.240-0300] {processor.py:753} INFO - DAG(s) dict_keys(['dag_de_prueba']) retrieved from /home/kallox/airflow/dags/dag_hello_world.py
[2023-01-01T20:53:16.268-0300] {logging_mixin.py:137} INFO - [2023-01-01T20:53:16.268-0300] {dag.py:2676} INFO - Sync 1 DAGs
[2023-01-01T20:53:16.290-0300] {logging_mixin.py:137} INFO - [2023-01-01T20:53:16.289-0300] {dag.py:3427} INFO - Setting next_dagrun for dag_de_prueba to 2022-10-30T20:30:00+00:00, run_after=2022-10-30T20:30:00+00:00
[2023-01-01T20:53:16.305-0300] {processor.py:175} INFO - Processing /home/kallox/airflow/dags/dag_hello_world.py took 0.081 seconds
[2023-01-01T20:53:47.020-0300] {processor.py:153} INFO - Started process (PID=10375) to work on /home/kallox/airflow/dags/dag_hello_world.py
[2023-01-01T20:53:47.021-0300] {processor.py:743} INFO - Processing file /home/kallox/airflow/dags/dag_hello_world.py for tasks to queue
[2023-01-01T20:53:47.021-0300] {logging_mixin.py:137} INFO - [2023-01-01T20:53:47.021-0300] {dagbag.py:538} INFO - Filling up the DagBag from /home/kallox/airflow/dags/dag_hello_world.py
[2023-01-01T20:53:47.036-0300] {processor.py:753} INFO - DAG(s) dict_keys(['dag_de_prueba']) retrieved from /home/kallox/airflow/dags/dag_hello_world.py
[2023-01-01T20:53:47.073-0300] {logging_mixin.py:137} INFO - [2023-01-01T20:53:47.073-0300] {dag.py:2676} INFO - Sync 1 DAGs
[2023-01-01T20:53:47.099-0300] {logging_mixin.py:137} INFO - [2023-01-01T20:53:47.098-0300] {dag.py:3427} INFO - Setting next_dagrun for dag_de_prueba to 2022-10-30T20:30:00+00:00, run_after=2022-10-30T20:30:00+00:00
[2023-01-01T20:53:47.115-0300] {processor.py:175} INFO - Processing /home/kallox/airflow/dags/dag_hello_world.py took 0.099 seconds
[2023-01-01T20:54:17.589-0300] {processor.py:153} INFO - Started process (PID=10506) to work on /home/kallox/airflow/dags/dag_hello_world.py
[2023-01-01T20:54:17.589-0300] {processor.py:743} INFO - Processing file /home/kallox/airflow/dags/dag_hello_world.py for tasks to queue
[2023-01-01T20:54:17.590-0300] {logging_mixin.py:137} INFO - [2023-01-01T20:54:17.590-0300] {dagbag.py:538} INFO - Filling up the DagBag from /home/kallox/airflow/dags/dag_hello_world.py
[2023-01-01T20:54:17.601-0300] {processor.py:753} INFO - DAG(s) dict_keys(['dag_de_prueba']) retrieved from /home/kallox/airflow/dags/dag_hello_world.py
[2023-01-01T20:54:17.629-0300] {logging_mixin.py:137} INFO - [2023-01-01T20:54:17.629-0300] {dag.py:2676} INFO - Sync 1 DAGs
[2023-01-01T20:54:17.656-0300] {logging_mixin.py:137} INFO - [2023-01-01T20:54:17.656-0300] {dag.py:3427} INFO - Setting next_dagrun for dag_de_prueba to 2022-10-30T20:30:00+00:00, run_after=2022-10-30T20:30:00+00:00
[2023-01-01T20:54:17.676-0300] {processor.py:175} INFO - Processing /home/kallox/airflow/dags/dag_hello_world.py took 0.090 seconds
[2023-01-01T20:54:50.197-0300] {processor.py:153} INFO - Started process (PID=10626) to work on /home/kallox/airflow/dags/dag_hello_world.py
[2023-01-01T20:54:50.198-0300] {processor.py:743} INFO - Processing file /home/kallox/airflow/dags/dag_hello_world.py for tasks to queue
[2023-01-01T20:54:50.198-0300] {logging_mixin.py:137} INFO - [2023-01-01T20:54:50.198-0300] {dagbag.py:538} INFO - Filling up the DagBag from /home/kallox/airflow/dags/dag_hello_world.py
[2023-01-01T20:54:50.209-0300] {processor.py:753} INFO - DAG(s) dict_keys(['dag_de_prueba']) retrieved from /home/kallox/airflow/dags/dag_hello_world.py
[2023-01-01T20:54:50.237-0300] {logging_mixin.py:137} INFO - [2023-01-01T20:54:50.237-0300] {dag.py:2676} INFO - Sync 1 DAGs
[2023-01-01T20:54:50.258-0300] {logging_mixin.py:137} INFO - [2023-01-01T20:54:50.258-0300] {dag.py:3427} INFO - Setting next_dagrun for dag_de_prueba to 2022-10-30T20:30:00+00:00, run_after=2022-10-30T20:30:00+00:00
[2023-01-01T20:54:50.274-0300] {processor.py:175} INFO - Processing /home/kallox/airflow/dags/dag_hello_world.py took 0.080 seconds
[2023-01-01T20:55:21.665-0300] {processor.py:153} INFO - Started process (PID=10746) to work on /home/kallox/airflow/dags/dag_hello_world.py
[2023-01-01T20:55:21.666-0300] {processor.py:743} INFO - Processing file /home/kallox/airflow/dags/dag_hello_world.py for tasks to queue
[2023-01-01T20:55:21.666-0300] {logging_mixin.py:137} INFO - [2023-01-01T20:55:21.666-0300] {dagbag.py:538} INFO - Filling up the DagBag from /home/kallox/airflow/dags/dag_hello_world.py
[2023-01-01T20:55:21.677-0300] {processor.py:753} INFO - DAG(s) dict_keys(['dag_de_prueba']) retrieved from /home/kallox/airflow/dags/dag_hello_world.py
[2023-01-01T20:55:21.712-0300] {logging_mixin.py:137} INFO - [2023-01-01T20:55:21.712-0300] {dag.py:2676} INFO - Sync 1 DAGs
[2023-01-01T20:55:21.740-0300] {logging_mixin.py:137} INFO - [2023-01-01T20:55:21.740-0300] {dag.py:3427} INFO - Setting next_dagrun for dag_de_prueba to 2022-10-30T20:30:00+00:00, run_after=2022-10-30T20:30:00+00:00
[2023-01-01T20:55:21.764-0300] {processor.py:175} INFO - Processing /home/kallox/airflow/dags/dag_hello_world.py took 0.101 seconds
[2023-01-01T20:55:52.256-0300] {processor.py:153} INFO - Started process (PID=10866) to work on /home/kallox/airflow/dags/dag_hello_world.py
[2023-01-01T20:55:52.257-0300] {processor.py:743} INFO - Processing file /home/kallox/airflow/dags/dag_hello_world.py for tasks to queue
[2023-01-01T20:55:52.257-0300] {logging_mixin.py:137} INFO - [2023-01-01T20:55:52.257-0300] {dagbag.py:538} INFO - Filling up the DagBag from /home/kallox/airflow/dags/dag_hello_world.py
[2023-01-01T20:55:52.269-0300] {processor.py:753} INFO - DAG(s) dict_keys(['dag_de_prueba']) retrieved from /home/kallox/airflow/dags/dag_hello_world.py
[2023-01-01T20:55:52.297-0300] {logging_mixin.py:137} INFO - [2023-01-01T20:55:52.297-0300] {dag.py:2676} INFO - Sync 1 DAGs
[2023-01-01T20:55:52.319-0300] {logging_mixin.py:137} INFO - [2023-01-01T20:55:52.319-0300] {dag.py:3427} INFO - Setting next_dagrun for dag_de_prueba to 2022-10-30T20:30:00+00:00, run_after=2022-10-30T20:30:00+00:00
[2023-01-01T20:55:52.334-0300] {processor.py:175} INFO - Processing /home/kallox/airflow/dags/dag_hello_world.py took 0.080 seconds
[2023-01-01T20:56:23.837-0300] {processor.py:153} INFO - Started process (PID=10953) to work on /home/kallox/airflow/dags/dag_hello_world.py
[2023-01-01T20:56:23.837-0300] {processor.py:743} INFO - Processing file /home/kallox/airflow/dags/dag_hello_world.py for tasks to queue
[2023-01-01T20:56:23.838-0300] {logging_mixin.py:137} INFO - [2023-01-01T20:56:23.838-0300] {dagbag.py:538} INFO - Filling up the DagBag from /home/kallox/airflow/dags/dag_hello_world.py
[2023-01-01T20:56:23.850-0300] {processor.py:753} INFO - DAG(s) dict_keys(['dag_de_prueba']) retrieved from /home/kallox/airflow/dags/dag_hello_world.py
[2023-01-01T20:56:23.882-0300] {logging_mixin.py:137} INFO - [2023-01-01T20:56:23.882-0300] {dag.py:2676} INFO - Sync 1 DAGs
[2023-01-01T20:56:23.904-0300] {logging_mixin.py:137} INFO - [2023-01-01T20:56:23.904-0300] {dag.py:3427} INFO - Setting next_dagrun for dag_de_prueba to 2022-10-30T20:30:00+00:00, run_after=2022-10-30T20:30:00+00:00
[2023-01-01T20:56:23.919-0300] {processor.py:175} INFO - Processing /home/kallox/airflow/dags/dag_hello_world.py took 0.086 seconds
[2023-01-01T20:56:54.496-0300] {processor.py:153} INFO - Started process (PID=11024) to work on /home/kallox/airflow/dags/dag_hello_world.py
[2023-01-01T20:56:54.496-0300] {processor.py:743} INFO - Processing file /home/kallox/airflow/dags/dag_hello_world.py for tasks to queue
[2023-01-01T20:56:54.497-0300] {logging_mixin.py:137} INFO - [2023-01-01T20:56:54.497-0300] {dagbag.py:538} INFO - Filling up the DagBag from /home/kallox/airflow/dags/dag_hello_world.py
[2023-01-01T20:56:54.510-0300] {processor.py:753} INFO - DAG(s) dict_keys(['dag_de_prueba']) retrieved from /home/kallox/airflow/dags/dag_hello_world.py
[2023-01-01T20:56:54.542-0300] {logging_mixin.py:137} INFO - [2023-01-01T20:56:54.542-0300] {dag.py:2676} INFO - Sync 1 DAGs
[2023-01-01T20:56:54.564-0300] {logging_mixin.py:137} INFO - [2023-01-01T20:56:54.564-0300] {dag.py:3427} INFO - Setting next_dagrun for dag_de_prueba to 2022-10-30T20:30:00+00:00, run_after=2022-10-30T20:30:00+00:00
[2023-01-01T20:56:54.580-0300] {processor.py:175} INFO - Processing /home/kallox/airflow/dags/dag_hello_world.py took 0.088 seconds
[2023-01-01T20:57:25.148-0300] {processor.py:153} INFO - Started process (PID=11097) to work on /home/kallox/airflow/dags/dag_hello_world.py
[2023-01-01T20:57:25.149-0300] {processor.py:743} INFO - Processing file /home/kallox/airflow/dags/dag_hello_world.py for tasks to queue
[2023-01-01T20:57:25.149-0300] {logging_mixin.py:137} INFO - [2023-01-01T20:57:25.149-0300] {dagbag.py:538} INFO - Filling up the DagBag from /home/kallox/airflow/dags/dag_hello_world.py
[2023-01-01T20:57:25.163-0300] {processor.py:753} INFO - DAG(s) dict_keys(['dag_de_prueba']) retrieved from /home/kallox/airflow/dags/dag_hello_world.py
[2023-01-01T20:57:25.195-0300] {logging_mixin.py:137} INFO - [2023-01-01T20:57:25.195-0300] {dag.py:2676} INFO - Sync 1 DAGs
[2023-01-01T20:57:25.221-0300] {logging_mixin.py:137} INFO - [2023-01-01T20:57:25.220-0300] {dag.py:3427} INFO - Setting next_dagrun for dag_de_prueba to 2022-10-30T20:30:00+00:00, run_after=2022-10-30T20:30:00+00:00
[2023-01-01T20:57:25.241-0300] {processor.py:175} INFO - Processing /home/kallox/airflow/dags/dag_hello_world.py took 0.096 seconds
[2023-01-01T20:57:55.746-0300] {processor.py:153} INFO - Started process (PID=11175) to work on /home/kallox/airflow/dags/dag_hello_world.py
[2023-01-01T20:57:55.747-0300] {processor.py:743} INFO - Processing file /home/kallox/airflow/dags/dag_hello_world.py for tasks to queue
[2023-01-01T20:57:55.747-0300] {logging_mixin.py:137} INFO - [2023-01-01T20:57:55.747-0300] {dagbag.py:538} INFO - Filling up the DagBag from /home/kallox/airflow/dags/dag_hello_world.py
[2023-01-01T20:57:55.758-0300] {processor.py:753} INFO - DAG(s) dict_keys(['dag_de_prueba']) retrieved from /home/kallox/airflow/dags/dag_hello_world.py
[2023-01-01T20:57:55.786-0300] {logging_mixin.py:137} INFO - [2023-01-01T20:57:55.786-0300] {dag.py:2676} INFO - Sync 1 DAGs
[2023-01-01T20:57:55.808-0300] {logging_mixin.py:137} INFO - [2023-01-01T20:57:55.808-0300] {dag.py:3427} INFO - Setting next_dagrun for dag_de_prueba to 2022-10-30T20:30:00+00:00, run_after=2022-10-30T20:30:00+00:00
[2023-01-01T20:57:55.824-0300] {processor.py:175} INFO - Processing /home/kallox/airflow/dags/dag_hello_world.py took 0.080 seconds
[2023-01-01T20:58:26.304-0300] {processor.py:153} INFO - Started process (PID=11246) to work on /home/kallox/airflow/dags/dag_hello_world.py
[2023-01-01T20:58:26.305-0300] {processor.py:743} INFO - Processing file /home/kallox/airflow/dags/dag_hello_world.py for tasks to queue
[2023-01-01T20:58:26.306-0300] {logging_mixin.py:137} INFO - [2023-01-01T20:58:26.305-0300] {dagbag.py:538} INFO - Filling up the DagBag from /home/kallox/airflow/dags/dag_hello_world.py
[2023-01-01T20:58:26.318-0300] {processor.py:753} INFO - DAG(s) dict_keys(['dag_de_prueba']) retrieved from /home/kallox/airflow/dags/dag_hello_world.py
[2023-01-01T20:58:26.353-0300] {logging_mixin.py:137} INFO - [2023-01-01T20:58:26.353-0300] {dag.py:2676} INFO - Sync 1 DAGs
[2023-01-01T20:58:26.380-0300] {logging_mixin.py:137} INFO - [2023-01-01T20:58:26.380-0300] {dag.py:3427} INFO - Setting next_dagrun for dag_de_prueba to 2022-10-30T20:30:00+00:00, run_after=2022-10-30T20:30:00+00:00
[2023-01-01T20:58:26.408-0300] {processor.py:175} INFO - Processing /home/kallox/airflow/dags/dag_hello_world.py took 0.107 seconds
[2023-01-01T20:58:56.943-0300] {processor.py:153} INFO - Started process (PID=11324) to work on /home/kallox/airflow/dags/dag_hello_world.py
[2023-01-01T20:58:56.944-0300] {processor.py:743} INFO - Processing file /home/kallox/airflow/dags/dag_hello_world.py for tasks to queue
[2023-01-01T20:58:56.945-0300] {logging_mixin.py:137} INFO - [2023-01-01T20:58:56.945-0300] {dagbag.py:538} INFO - Filling up the DagBag from /home/kallox/airflow/dags/dag_hello_world.py
[2023-01-01T20:58:56.960-0300] {processor.py:753} INFO - DAG(s) dict_keys(['dag_de_prueba']) retrieved from /home/kallox/airflow/dags/dag_hello_world.py
[2023-01-01T20:58:56.994-0300] {logging_mixin.py:137} INFO - [2023-01-01T20:58:56.993-0300] {dag.py:2676} INFO - Sync 1 DAGs
[2023-01-01T20:58:57.019-0300] {logging_mixin.py:137} INFO - [2023-01-01T20:58:57.019-0300] {dag.py:3427} INFO - Setting next_dagrun for dag_de_prueba to 2022-10-30T20:30:00+00:00, run_after=2022-10-30T20:30:00+00:00
[2023-01-01T20:58:57.040-0300] {processor.py:175} INFO - Processing /home/kallox/airflow/dags/dag_hello_world.py took 0.100 seconds
[2023-01-01T20:59:27.671-0300] {processor.py:153} INFO - Started process (PID=11403) to work on /home/kallox/airflow/dags/dag_hello_world.py
[2023-01-01T20:59:27.672-0300] {processor.py:743} INFO - Processing file /home/kallox/airflow/dags/dag_hello_world.py for tasks to queue
[2023-01-01T20:59:27.672-0300] {logging_mixin.py:137} INFO - [2023-01-01T20:59:27.672-0300] {dagbag.py:538} INFO - Filling up the DagBag from /home/kallox/airflow/dags/dag_hello_world.py
[2023-01-01T20:59:27.685-0300] {processor.py:753} INFO - DAG(s) dict_keys(['dag_de_prueba']) retrieved from /home/kallox/airflow/dags/dag_hello_world.py
[2023-01-01T20:59:27.718-0300] {logging_mixin.py:137} INFO - [2023-01-01T20:59:27.718-0300] {dag.py:2676} INFO - Sync 1 DAGs
[2023-01-01T20:59:27.744-0300] {logging_mixin.py:137} INFO - [2023-01-01T20:59:27.744-0300] {dag.py:3427} INFO - Setting next_dagrun for dag_de_prueba to 2022-10-30T20:30:00+00:00, run_after=2022-10-30T20:30:00+00:00
[2023-01-01T20:59:27.764-0300] {processor.py:175} INFO - Processing /home/kallox/airflow/dags/dag_hello_world.py took 0.096 seconds
[2023-01-01T20:59:58.486-0300] {processor.py:153} INFO - Started process (PID=11488) to work on /home/kallox/airflow/dags/dag_hello_world.py
[2023-01-01T20:59:58.487-0300] {processor.py:743} INFO - Processing file /home/kallox/airflow/dags/dag_hello_world.py for tasks to queue
[2023-01-01T20:59:58.487-0300] {logging_mixin.py:137} INFO - [2023-01-01T20:59:58.487-0300] {dagbag.py:538} INFO - Filling up the DagBag from /home/kallox/airflow/dags/dag_hello_world.py
[2023-01-01T20:59:58.510-0300] {processor.py:753} INFO - DAG(s) dict_keys(['dag_de_prueba']) retrieved from /home/kallox/airflow/dags/dag_hello_world.py
[2023-01-01T20:59:58.559-0300] {logging_mixin.py:137} INFO - [2023-01-01T20:59:58.559-0300] {dag.py:2676} INFO - Sync 1 DAGs
[2023-01-01T20:59:58.599-0300] {logging_mixin.py:137} INFO - [2023-01-01T20:59:58.599-0300] {dag.py:3427} INFO - Setting next_dagrun for dag_de_prueba to 2022-10-30T20:30:00+00:00, run_after=2022-10-30T20:30:00+00:00
[2023-01-01T20:59:58.628-0300] {processor.py:175} INFO - Processing /home/kallox/airflow/dags/dag_hello_world.py took 0.145 seconds
