[2023-01-01T20:30:45.879-0300] {processor.py:153} INFO - Started process (PID=3578) to work on /home/kallox/airflow/dags/download_uniprot.py
[2023-01-01T20:30:45.880-0300] {processor.py:743} INFO - Processing file /home/kallox/airflow/dags/download_uniprot.py for tasks to queue
[2023-01-01T20:30:45.880-0300] {logging_mixin.py:137} INFO - [2023-01-01T20:30:45.880-0300] {dagbag.py:538} INFO - Filling up the DagBag from /home/kallox/airflow/dags/download_uniprot.py
[2023-01-01T20:30:46.021-0300] {processor.py:753} INFO - DAG(s) dict_keys(['download_uniprot']) retrieved from /home/kallox/airflow/dags/download_uniprot.py
[2023-01-01T20:30:46.141-0300] {logging_mixin.py:137} INFO - [2023-01-01T20:30:46.140-0300] {dag.py:2676} INFO - Sync 1 DAGs
[2023-01-01T20:30:46.162-0300] {logging_mixin.py:137} INFO - [2023-01-01T20:30:46.162-0300] {dag.py:3427} INFO - Setting next_dagrun for download_uniprot to 2023-01-01T00:00:00+00:00, run_after=2023-02-01T00:00:00+00:00
[2023-01-01T20:30:46.179-0300] {processor.py:175} INFO - Processing /home/kallox/airflow/dags/download_uniprot.py took 0.302 seconds
[2023-01-01T20:31:16.532-0300] {processor.py:153} INFO - Started process (PID=4836) to work on /home/kallox/airflow/dags/download_uniprot.py
[2023-01-01T20:31:16.532-0300] {processor.py:743} INFO - Processing file /home/kallox/airflow/dags/download_uniprot.py for tasks to queue
[2023-01-01T20:31:16.533-0300] {logging_mixin.py:137} INFO - [2023-01-01T20:31:16.533-0300] {dagbag.py:538} INFO - Filling up the DagBag from /home/kallox/airflow/dags/download_uniprot.py
[2023-01-01T20:31:16.894-0300] {processor.py:753} INFO - DAG(s) dict_keys(['download_uniprot']) retrieved from /home/kallox/airflow/dags/download_uniprot.py
[2023-01-01T20:31:16.928-0300] {logging_mixin.py:137} INFO - [2023-01-01T20:31:16.928-0300] {dag.py:2676} INFO - Sync 1 DAGs
[2023-01-01T20:31:16.955-0300] {logging_mixin.py:137} INFO - [2023-01-01T20:31:16.955-0300] {dag.py:3427} INFO - Setting next_dagrun for download_uniprot to 2023-01-01T00:00:00+00:00, run_after=2023-02-01T00:00:00+00:00
[2023-01-01T20:31:16.976-0300] {processor.py:175} INFO - Processing /home/kallox/airflow/dags/download_uniprot.py took 0.450 seconds
[2023-01-01T20:31:47.581-0300] {processor.py:153} INFO - Started process (PID=5214) to work on /home/kallox/airflow/dags/download_uniprot.py
[2023-01-01T20:31:47.582-0300] {processor.py:743} INFO - Processing file /home/kallox/airflow/dags/download_uniprot.py for tasks to queue
[2023-01-01T20:31:47.582-0300] {logging_mixin.py:137} INFO - [2023-01-01T20:31:47.582-0300] {dagbag.py:538} INFO - Filling up the DagBag from /home/kallox/airflow/dags/download_uniprot.py
[2023-01-01T20:31:47.806-0300] {processor.py:753} INFO - DAG(s) dict_keys(['download_uniprot']) retrieved from /home/kallox/airflow/dags/download_uniprot.py
[2023-01-01T20:31:47.844-0300] {logging_mixin.py:137} INFO - [2023-01-01T20:31:47.844-0300] {dag.py:2676} INFO - Sync 1 DAGs
[2023-01-01T20:31:47.975-0300] {logging_mixin.py:137} INFO - [2023-01-01T20:31:47.975-0300] {dag.py:3427} INFO - Setting next_dagrun for download_uniprot to 2023-01-01T00:00:00+00:00, run_after=2023-02-01T00:00:00+00:00
[2023-01-01T20:31:48.001-0300] {processor.py:175} INFO - Processing /home/kallox/airflow/dags/download_uniprot.py took 0.424 seconds
[2023-01-01T20:32:18.311-0300] {processor.py:153} INFO - Started process (PID=5584) to work on /home/kallox/airflow/dags/download_uniprot.py
[2023-01-01T20:32:18.312-0300] {processor.py:743} INFO - Processing file /home/kallox/airflow/dags/download_uniprot.py for tasks to queue
[2023-01-01T20:32:18.313-0300] {logging_mixin.py:137} INFO - [2023-01-01T20:32:18.313-0300] {dagbag.py:538} INFO - Filling up the DagBag from /home/kallox/airflow/dags/download_uniprot.py
[2023-01-01T20:32:18.448-0300] {processor.py:753} INFO - DAG(s) dict_keys(['download_uniprot']) retrieved from /home/kallox/airflow/dags/download_uniprot.py
[2023-01-01T20:32:18.570-0300] {logging_mixin.py:137} INFO - [2023-01-01T20:32:18.570-0300] {dag.py:2676} INFO - Sync 1 DAGs
[2023-01-01T20:32:18.593-0300] {logging_mixin.py:137} INFO - [2023-01-01T20:32:18.593-0300] {dag.py:3427} INFO - Setting next_dagrun for download_uniprot to 2023-01-01T00:00:00+00:00, run_after=2023-02-01T00:00:00+00:00
[2023-01-01T20:32:18.619-0300] {processor.py:175} INFO - Processing /home/kallox/airflow/dags/download_uniprot.py took 0.310 seconds
[2023-01-01T20:32:49.737-0300] {processor.py:153} INFO - Started process (PID=5896) to work on /home/kallox/airflow/dags/download_uniprot.py
[2023-01-01T20:32:49.738-0300] {processor.py:743} INFO - Processing file /home/kallox/airflow/dags/download_uniprot.py for tasks to queue
[2023-01-01T20:32:49.738-0300] {logging_mixin.py:137} INFO - [2023-01-01T20:32:49.738-0300] {dagbag.py:538} INFO - Filling up the DagBag from /home/kallox/airflow/dags/download_uniprot.py
[2023-01-01T20:32:50.090-0300] {processor.py:753} INFO - DAG(s) dict_keys(['download_uniprot']) retrieved from /home/kallox/airflow/dags/download_uniprot.py
[2023-01-01T20:32:50.121-0300] {logging_mixin.py:137} INFO - [2023-01-01T20:32:50.120-0300] {dag.py:2676} INFO - Sync 1 DAGs
[2023-01-01T20:32:50.146-0300] {logging_mixin.py:137} INFO - [2023-01-01T20:32:50.146-0300] {dag.py:3427} INFO - Setting next_dagrun for download_uniprot to 2023-01-01T00:00:00+00:00, run_after=2023-02-01T00:00:00+00:00
[2023-01-01T20:32:50.176-0300] {processor.py:175} INFO - Processing /home/kallox/airflow/dags/download_uniprot.py took 0.442 seconds
[2023-01-01T20:33:20.605-0300] {processor.py:153} INFO - Started process (PID=6201) to work on /home/kallox/airflow/dags/download_uniprot.py
[2023-01-01T20:33:20.606-0300] {processor.py:743} INFO - Processing file /home/kallox/airflow/dags/download_uniprot.py for tasks to queue
[2023-01-01T20:33:20.607-0300] {logging_mixin.py:137} INFO - [2023-01-01T20:33:20.607-0300] {dagbag.py:538} INFO - Filling up the DagBag from /home/kallox/airflow/dags/download_uniprot.py
[2023-01-01T20:33:20.960-0300] {processor.py:753} INFO - DAG(s) dict_keys(['download_uniprot']) retrieved from /home/kallox/airflow/dags/download_uniprot.py
[2023-01-01T20:33:20.990-0300] {logging_mixin.py:137} INFO - [2023-01-01T20:33:20.990-0300] {dag.py:2676} INFO - Sync 1 DAGs
[2023-01-01T20:33:21.017-0300] {logging_mixin.py:137} INFO - [2023-01-01T20:33:21.017-0300] {dag.py:3427} INFO - Setting next_dagrun for download_uniprot to 2023-01-01T00:00:00+00:00, run_after=2023-02-01T00:00:00+00:00
[2023-01-01T20:33:21.048-0300] {processor.py:175} INFO - Processing /home/kallox/airflow/dags/download_uniprot.py took 0.446 seconds
[2023-01-01T20:34:48.655-0300] {processor.py:153} INFO - Started process (PID=7035) to work on /home/kallox/airflow/dags/download_uniprot.py
[2023-01-01T20:34:48.656-0300] {processor.py:743} INFO - Processing file /home/kallox/airflow/dags/download_uniprot.py for tasks to queue
[2023-01-01T20:34:48.656-0300] {logging_mixin.py:137} INFO - [2023-01-01T20:34:48.656-0300] {dagbag.py:538} INFO - Filling up the DagBag from /home/kallox/airflow/dags/download_uniprot.py
[2023-01-01T20:34:48.792-0300] {processor.py:753} INFO - DAG(s) dict_keys(['download_uniprot']) retrieved from /home/kallox/airflow/dags/download_uniprot.py
[2023-01-01T20:34:48.912-0300] {logging_mixin.py:137} INFO - [2023-01-01T20:34:48.911-0300] {dag.py:2676} INFO - Sync 1 DAGs
[2023-01-01T20:34:48.933-0300] {logging_mixin.py:137} INFO - [2023-01-01T20:34:48.933-0300] {dag.py:3427} INFO - Setting next_dagrun for download_uniprot to 2023-01-01T00:00:00+00:00, run_after=2023-02-01T00:00:00+00:00
[2023-01-01T20:34:48.948-0300] {processor.py:175} INFO - Processing /home/kallox/airflow/dags/download_uniprot.py took 0.295 seconds
[2023-01-01T20:35:20.022-0300] {processor.py:153} INFO - Started process (PID=7122) to work on /home/kallox/airflow/dags/download_uniprot.py
[2023-01-01T20:35:20.023-0300] {processor.py:743} INFO - Processing file /home/kallox/airflow/dags/download_uniprot.py for tasks to queue
[2023-01-01T20:35:20.024-0300] {logging_mixin.py:137} INFO - [2023-01-01T20:35:20.024-0300] {dagbag.py:538} INFO - Filling up the DagBag from /home/kallox/airflow/dags/download_uniprot.py
[2023-01-01T20:35:20.396-0300] {processor.py:753} INFO - DAG(s) dict_keys(['download_uniprot']) retrieved from /home/kallox/airflow/dags/download_uniprot.py
[2023-01-01T20:35:20.424-0300] {logging_mixin.py:137} INFO - [2023-01-01T20:35:20.423-0300] {dag.py:2676} INFO - Sync 1 DAGs
[2023-01-01T20:35:20.448-0300] {logging_mixin.py:137} INFO - [2023-01-01T20:35:20.448-0300] {dag.py:3427} INFO - Setting next_dagrun for download_uniprot to 2023-01-01T00:00:00+00:00, run_after=2023-02-01T00:00:00+00:00
[2023-01-01T20:35:20.480-0300] {processor.py:175} INFO - Processing /home/kallox/airflow/dags/download_uniprot.py took 0.459 seconds
[2023-01-01T20:35:50.672-0300] {processor.py:153} INFO - Started process (PID=7204) to work on /home/kallox/airflow/dags/download_uniprot.py
[2023-01-01T20:35:50.673-0300] {processor.py:743} INFO - Processing file /home/kallox/airflow/dags/download_uniprot.py for tasks to queue
[2023-01-01T20:35:50.674-0300] {logging_mixin.py:137} INFO - [2023-01-01T20:35:50.674-0300] {dagbag.py:538} INFO - Filling up the DagBag from /home/kallox/airflow/dags/download_uniprot.py
[2023-01-01T20:35:50.991-0300] {processor.py:753} INFO - DAG(s) dict_keys(['download_uniprot']) retrieved from /home/kallox/airflow/dags/download_uniprot.py
[2023-01-01T20:35:51.017-0300] {logging_mixin.py:137} INFO - [2023-01-01T20:35:51.017-0300] {dag.py:2676} INFO - Sync 1 DAGs
[2023-01-01T20:35:51.041-0300] {logging_mixin.py:137} INFO - [2023-01-01T20:35:51.041-0300] {dag.py:3427} INFO - Setting next_dagrun for download_uniprot to 2023-01-01T00:00:00+00:00, run_after=2023-02-01T00:00:00+00:00
[2023-01-01T20:35:51.058-0300] {processor.py:175} INFO - Processing /home/kallox/airflow/dags/download_uniprot.py took 0.389 seconds
[2023-01-01T20:36:21.178-0300] {processor.py:153} INFO - Started process (PID=7277) to work on /home/kallox/airflow/dags/download_uniprot.py
[2023-01-01T20:36:21.179-0300] {processor.py:743} INFO - Processing file /home/kallox/airflow/dags/download_uniprot.py for tasks to queue
[2023-01-01T20:36:21.180-0300] {logging_mixin.py:137} INFO - [2023-01-01T20:36:21.180-0300] {dagbag.py:538} INFO - Filling up the DagBag from /home/kallox/airflow/dags/download_uniprot.py
[2023-01-01T20:36:21.537-0300] {processor.py:753} INFO - DAG(s) dict_keys(['download_uniprot']) retrieved from /home/kallox/airflow/dags/download_uniprot.py
[2023-01-01T20:36:21.566-0300] {logging_mixin.py:137} INFO - [2023-01-01T20:36:21.566-0300] {dag.py:2676} INFO - Sync 1 DAGs
[2023-01-01T20:36:21.593-0300] {logging_mixin.py:137} INFO - [2023-01-01T20:36:21.592-0300] {dag.py:3427} INFO - Setting next_dagrun for download_uniprot to 2023-01-01T00:00:00+00:00, run_after=2023-02-01T00:00:00+00:00
[2023-01-01T20:36:21.613-0300] {processor.py:175} INFO - Processing /home/kallox/airflow/dags/download_uniprot.py took 0.437 seconds
[2023-01-01T20:36:51.865-0300] {processor.py:153} INFO - Started process (PID=7361) to work on /home/kallox/airflow/dags/download_uniprot.py
[2023-01-01T20:36:51.866-0300] {processor.py:743} INFO - Processing file /home/kallox/airflow/dags/download_uniprot.py for tasks to queue
[2023-01-01T20:36:51.867-0300] {logging_mixin.py:137} INFO - [2023-01-01T20:36:51.866-0300] {dagbag.py:538} INFO - Filling up the DagBag from /home/kallox/airflow/dags/download_uniprot.py
[2023-01-01T20:36:52.208-0300] {processor.py:753} INFO - DAG(s) dict_keys(['download_uniprot']) retrieved from /home/kallox/airflow/dags/download_uniprot.py
[2023-01-01T20:36:52.240-0300] {logging_mixin.py:137} INFO - [2023-01-01T20:36:52.240-0300] {dag.py:2676} INFO - Sync 1 DAGs
[2023-01-01T20:36:52.266-0300] {logging_mixin.py:137} INFO - [2023-01-01T20:36:52.265-0300] {dag.py:3427} INFO - Setting next_dagrun for download_uniprot to 2023-01-01T00:00:00+00:00, run_after=2023-02-01T00:00:00+00:00
[2023-01-01T20:36:52.295-0300] {processor.py:175} INFO - Processing /home/kallox/airflow/dags/download_uniprot.py took 0.433 seconds
[2023-01-01T20:37:22.524-0300] {processor.py:153} INFO - Started process (PID=7446) to work on /home/kallox/airflow/dags/download_uniprot.py
[2023-01-01T20:37:22.525-0300] {processor.py:743} INFO - Processing file /home/kallox/airflow/dags/download_uniprot.py for tasks to queue
[2023-01-01T20:37:22.526-0300] {logging_mixin.py:137} INFO - [2023-01-01T20:37:22.526-0300] {dagbag.py:538} INFO - Filling up the DagBag from /home/kallox/airflow/dags/download_uniprot.py
[2023-01-01T20:37:22.787-0300] {processor.py:753} INFO - DAG(s) dict_keys(['download_uniprot']) retrieved from /home/kallox/airflow/dags/download_uniprot.py
[2023-01-01T20:37:22.979-0300] {logging_mixin.py:137} INFO - [2023-01-01T20:37:22.978-0300] {dag.py:2676} INFO - Sync 1 DAGs
[2023-01-01T20:37:23.000-0300] {logging_mixin.py:137} INFO - [2023-01-01T20:37:23.000-0300] {dag.py:3427} INFO - Setting next_dagrun for download_uniprot to 2023-01-01T00:00:00+00:00, run_after=2023-02-01T00:00:00+00:00
[2023-01-01T20:37:23.020-0300] {processor.py:175} INFO - Processing /home/kallox/airflow/dags/download_uniprot.py took 0.500 seconds
[2023-01-01T20:37:53.381-0300] {processor.py:153} INFO - Started process (PID=7519) to work on /home/kallox/airflow/dags/download_uniprot.py
[2023-01-01T20:37:53.382-0300] {processor.py:743} INFO - Processing file /home/kallox/airflow/dags/download_uniprot.py for tasks to queue
[2023-01-01T20:37:53.383-0300] {logging_mixin.py:137} INFO - [2023-01-01T20:37:53.383-0300] {dagbag.py:538} INFO - Filling up the DagBag from /home/kallox/airflow/dags/download_uniprot.py
[2023-01-01T20:37:53.747-0300] {processor.py:753} INFO - DAG(s) dict_keys(['download_uniprot']) retrieved from /home/kallox/airflow/dags/download_uniprot.py
[2023-01-01T20:37:53.778-0300] {logging_mixin.py:137} INFO - [2023-01-01T20:37:53.777-0300] {dag.py:2676} INFO - Sync 1 DAGs
[2023-01-01T20:37:53.803-0300] {logging_mixin.py:137} INFO - [2023-01-01T20:37:53.803-0300] {dag.py:3427} INFO - Setting next_dagrun for download_uniprot to 2023-01-01T00:00:00+00:00, run_after=2023-02-01T00:00:00+00:00
[2023-01-01T20:37:53.831-0300] {processor.py:175} INFO - Processing /home/kallox/airflow/dags/download_uniprot.py took 0.453 seconds
[2023-01-01T20:38:24.121-0300] {processor.py:153} INFO - Started process (PID=7601) to work on /home/kallox/airflow/dags/download_uniprot.py
[2023-01-01T20:38:24.122-0300] {processor.py:743} INFO - Processing file /home/kallox/airflow/dags/download_uniprot.py for tasks to queue
[2023-01-01T20:38:24.122-0300] {logging_mixin.py:137} INFO - [2023-01-01T20:38:24.122-0300] {dagbag.py:538} INFO - Filling up the DagBag from /home/kallox/airflow/dags/download_uniprot.py
[2023-01-01T20:38:24.475-0300] {processor.py:753} INFO - DAG(s) dict_keys(['download_uniprot']) retrieved from /home/kallox/airflow/dags/download_uniprot.py
[2023-01-01T20:38:24.505-0300] {logging_mixin.py:137} INFO - [2023-01-01T20:38:24.505-0300] {dag.py:2676} INFO - Sync 1 DAGs
[2023-01-01T20:38:24.530-0300] {logging_mixin.py:137} INFO - [2023-01-01T20:38:24.530-0300] {dag.py:3427} INFO - Setting next_dagrun for download_uniprot to 2023-01-01T00:00:00+00:00, run_after=2023-02-01T00:00:00+00:00
[2023-01-01T20:38:24.553-0300] {processor.py:175} INFO - Processing /home/kallox/airflow/dags/download_uniprot.py took 0.435 seconds
[2023-01-01T20:38:54.848-0300] {processor.py:153} INFO - Started process (PID=7687) to work on /home/kallox/airflow/dags/download_uniprot.py
[2023-01-01T20:38:54.849-0300] {processor.py:743} INFO - Processing file /home/kallox/airflow/dags/download_uniprot.py for tasks to queue
[2023-01-01T20:38:54.850-0300] {logging_mixin.py:137} INFO - [2023-01-01T20:38:54.850-0300] {dagbag.py:538} INFO - Filling up the DagBag from /home/kallox/airflow/dags/download_uniprot.py
[2023-01-01T20:38:55.164-0300] {processor.py:753} INFO - DAG(s) dict_keys(['download_uniprot']) retrieved from /home/kallox/airflow/dags/download_uniprot.py
[2023-01-01T20:38:55.190-0300] {logging_mixin.py:137} INFO - [2023-01-01T20:38:55.189-0300] {dag.py:2676} INFO - Sync 1 DAGs
[2023-01-01T20:38:55.212-0300] {logging_mixin.py:137} INFO - [2023-01-01T20:38:55.212-0300] {dag.py:3427} INFO - Setting next_dagrun for download_uniprot to 2023-01-01T00:00:00+00:00, run_after=2023-02-01T00:00:00+00:00
[2023-01-01T20:38:55.235-0300] {processor.py:175} INFO - Processing /home/kallox/airflow/dags/download_uniprot.py took 0.391 seconds
[2023-01-01T20:39:25.325-0300] {processor.py:153} INFO - Started process (PID=7761) to work on /home/kallox/airflow/dags/download_uniprot.py
[2023-01-01T20:39:25.326-0300] {processor.py:743} INFO - Processing file /home/kallox/airflow/dags/download_uniprot.py for tasks to queue
[2023-01-01T20:39:25.327-0300] {logging_mixin.py:137} INFO - [2023-01-01T20:39:25.327-0300] {dagbag.py:538} INFO - Filling up the DagBag from /home/kallox/airflow/dags/download_uniprot.py
[2023-01-01T20:39:25.682-0300] {processor.py:753} INFO - DAG(s) dict_keys(['download_uniprot']) retrieved from /home/kallox/airflow/dags/download_uniprot.py
[2023-01-01T20:39:25.711-0300] {logging_mixin.py:137} INFO - [2023-01-01T20:39:25.710-0300] {dag.py:2676} INFO - Sync 1 DAGs
[2023-01-01T20:39:25.737-0300] {logging_mixin.py:137} INFO - [2023-01-01T20:39:25.737-0300] {dag.py:3427} INFO - Setting next_dagrun for download_uniprot to 2023-01-01T00:00:00+00:00, run_after=2023-02-01T00:00:00+00:00
[2023-01-01T20:39:25.767-0300] {processor.py:175} INFO - Processing /home/kallox/airflow/dags/download_uniprot.py took 0.445 seconds
[2023-01-01T20:39:56.151-0300] {processor.py:153} INFO - Started process (PID=7839) to work on /home/kallox/airflow/dags/download_uniprot.py
[2023-01-01T20:39:56.152-0300] {processor.py:743} INFO - Processing file /home/kallox/airflow/dags/download_uniprot.py for tasks to queue
[2023-01-01T20:39:56.153-0300] {logging_mixin.py:137} INFO - [2023-01-01T20:39:56.153-0300] {dagbag.py:538} INFO - Filling up the DagBag from /home/kallox/airflow/dags/download_uniprot.py
[2023-01-01T20:39:56.513-0300] {processor.py:753} INFO - DAG(s) dict_keys(['download_uniprot']) retrieved from /home/kallox/airflow/dags/download_uniprot.py
[2023-01-01T20:39:56.544-0300] {logging_mixin.py:137} INFO - [2023-01-01T20:39:56.544-0300] {dag.py:2676} INFO - Sync 1 DAGs
[2023-01-01T20:39:56.570-0300] {logging_mixin.py:137} INFO - [2023-01-01T20:39:56.570-0300] {dag.py:3427} INFO - Setting next_dagrun for download_uniprot to 2023-01-01T00:00:00+00:00, run_after=2023-02-01T00:00:00+00:00
[2023-01-01T20:39:56.601-0300] {processor.py:175} INFO - Processing /home/kallox/airflow/dags/download_uniprot.py took 0.453 seconds
[2023-01-01T20:40:26.809-0300] {processor.py:153} INFO - Started process (PID=7917) to work on /home/kallox/airflow/dags/download_uniprot.py
[2023-01-01T20:40:26.810-0300] {processor.py:743} INFO - Processing file /home/kallox/airflow/dags/download_uniprot.py for tasks to queue
[2023-01-01T20:40:26.811-0300] {logging_mixin.py:137} INFO - [2023-01-01T20:40:26.811-0300] {dagbag.py:538} INFO - Filling up the DagBag from /home/kallox/airflow/dags/download_uniprot.py
[2023-01-01T20:40:26.985-0300] {processor.py:753} INFO - DAG(s) dict_keys(['download_uniprot']) retrieved from /home/kallox/airflow/dags/download_uniprot.py
[2023-01-01T20:40:27.176-0300] {logging_mixin.py:137} INFO - [2023-01-01T20:40:27.176-0300] {dag.py:2676} INFO - Sync 1 DAGs
[2023-01-01T20:40:27.198-0300] {logging_mixin.py:137} INFO - [2023-01-01T20:40:27.198-0300] {dag.py:3427} INFO - Setting next_dagrun for download_uniprot to 2023-01-01T00:00:00+00:00, run_after=2023-02-01T00:00:00+00:00
[2023-01-01T20:40:27.213-0300] {processor.py:175} INFO - Processing /home/kallox/airflow/dags/download_uniprot.py took 0.408 seconds
[2023-01-01T20:40:57.344-0300] {processor.py:153} INFO - Started process (PID=7997) to work on /home/kallox/airflow/dags/download_uniprot.py
[2023-01-01T20:40:57.344-0300] {processor.py:743} INFO - Processing file /home/kallox/airflow/dags/download_uniprot.py for tasks to queue
[2023-01-01T20:40:57.345-0300] {logging_mixin.py:137} INFO - [2023-01-01T20:40:57.345-0300] {dagbag.py:538} INFO - Filling up the DagBag from /home/kallox/airflow/dags/download_uniprot.py
[2023-01-01T20:40:57.666-0300] {processor.py:753} INFO - DAG(s) dict_keys(['download_uniprot']) retrieved from /home/kallox/airflow/dags/download_uniprot.py
[2023-01-01T20:40:57.691-0300] {logging_mixin.py:137} INFO - [2023-01-01T20:40:57.691-0300] {dag.py:2676} INFO - Sync 1 DAGs
[2023-01-01T20:40:57.713-0300] {logging_mixin.py:137} INFO - [2023-01-01T20:40:57.712-0300] {dag.py:3427} INFO - Setting next_dagrun for download_uniprot to 2023-01-01T00:00:00+00:00, run_after=2023-02-01T00:00:00+00:00
[2023-01-01T20:40:57.739-0300] {processor.py:175} INFO - Processing /home/kallox/airflow/dags/download_uniprot.py took 0.398 seconds
[2023-01-01T20:41:27.970-0300] {processor.py:153} INFO - Started process (PID=8073) to work on /home/kallox/airflow/dags/download_uniprot.py
[2023-01-01T20:41:27.971-0300] {processor.py:743} INFO - Processing file /home/kallox/airflow/dags/download_uniprot.py for tasks to queue
[2023-01-01T20:41:27.971-0300] {logging_mixin.py:137} INFO - [2023-01-01T20:41:27.971-0300] {dagbag.py:538} INFO - Filling up the DagBag from /home/kallox/airflow/dags/download_uniprot.py
[2023-01-01T20:41:28.324-0300] {processor.py:753} INFO - DAG(s) dict_keys(['download_uniprot']) retrieved from /home/kallox/airflow/dags/download_uniprot.py
[2023-01-01T20:41:28.354-0300] {logging_mixin.py:137} INFO - [2023-01-01T20:41:28.354-0300] {dag.py:2676} INFO - Sync 1 DAGs
[2023-01-01T20:41:28.382-0300] {logging_mixin.py:137} INFO - [2023-01-01T20:41:28.382-0300] {dag.py:3427} INFO - Setting next_dagrun for download_uniprot to 2023-01-01T00:00:00+00:00, run_after=2023-02-01T00:00:00+00:00
[2023-01-01T20:41:28.409-0300] {processor.py:175} INFO - Processing /home/kallox/airflow/dags/download_uniprot.py took 0.443 seconds
[2023-01-01T20:41:58.630-0300] {processor.py:153} INFO - Started process (PID=8162) to work on /home/kallox/airflow/dags/download_uniprot.py
[2023-01-01T20:41:58.631-0300] {processor.py:743} INFO - Processing file /home/kallox/airflow/dags/download_uniprot.py for tasks to queue
[2023-01-01T20:41:58.632-0300] {logging_mixin.py:137} INFO - [2023-01-01T20:41:58.632-0300] {dagbag.py:538} INFO - Filling up the DagBag from /home/kallox/airflow/dags/download_uniprot.py
[2023-01-01T20:41:59.018-0300] {processor.py:753} INFO - DAG(s) dict_keys(['download_uniprot']) retrieved from /home/kallox/airflow/dags/download_uniprot.py
[2023-01-01T20:41:59.047-0300] {logging_mixin.py:137} INFO - [2023-01-01T20:41:59.046-0300] {dag.py:2676} INFO - Sync 1 DAGs
[2023-01-01T20:41:59.073-0300] {logging_mixin.py:137} INFO - [2023-01-01T20:41:59.073-0300] {dag.py:3427} INFO - Setting next_dagrun for download_uniprot to 2023-01-01T00:00:00+00:00, run_after=2023-02-01T00:00:00+00:00
[2023-01-01T20:41:59.101-0300] {processor.py:175} INFO - Processing /home/kallox/airflow/dags/download_uniprot.py took 0.474 seconds
[2023-01-01T20:42:29.227-0300] {processor.py:153} INFO - Started process (PID=8268) to work on /home/kallox/airflow/dags/download_uniprot.py
[2023-01-01T20:42:29.228-0300] {processor.py:743} INFO - Processing file /home/kallox/airflow/dags/download_uniprot.py for tasks to queue
[2023-01-01T20:42:29.228-0300] {logging_mixin.py:137} INFO - [2023-01-01T20:42:29.228-0300] {dagbag.py:538} INFO - Filling up the DagBag from /home/kallox/airflow/dags/download_uniprot.py
[2023-01-01T20:42:29.463-0300] {processor.py:753} INFO - DAG(s) dict_keys(['download_uniprot']) retrieved from /home/kallox/airflow/dags/download_uniprot.py
[2023-01-01T20:42:29.490-0300] {logging_mixin.py:137} INFO - [2023-01-01T20:42:29.490-0300] {dag.py:2676} INFO - Sync 1 DAGs
[2023-01-01T20:42:29.511-0300] {logging_mixin.py:137} INFO - [2023-01-01T20:42:29.511-0300] {dag.py:3427} INFO - Setting next_dagrun for download_uniprot to 2023-01-01T00:00:00+00:00, run_after=2023-02-01T00:00:00+00:00
[2023-01-01T20:42:29.536-0300] {processor.py:175} INFO - Processing /home/kallox/airflow/dags/download_uniprot.py took 0.311 seconds
[2023-01-01T20:42:59.724-0300] {processor.py:153} INFO - Started process (PID=8344) to work on /home/kallox/airflow/dags/download_uniprot.py
[2023-01-01T20:42:59.725-0300] {processor.py:743} INFO - Processing file /home/kallox/airflow/dags/download_uniprot.py for tasks to queue
[2023-01-01T20:42:59.725-0300] {logging_mixin.py:137} INFO - [2023-01-01T20:42:59.725-0300] {dagbag.py:538} INFO - Filling up the DagBag from /home/kallox/airflow/dags/download_uniprot.py
[2023-01-01T20:43:00.086-0300] {processor.py:753} INFO - DAG(s) dict_keys(['download_uniprot']) retrieved from /home/kallox/airflow/dags/download_uniprot.py
[2023-01-01T20:43:00.117-0300] {logging_mixin.py:137} INFO - [2023-01-01T20:43:00.117-0300] {dag.py:2676} INFO - Sync 1 DAGs
[2023-01-01T20:43:00.143-0300] {logging_mixin.py:137} INFO - [2023-01-01T20:43:00.143-0300] {dag.py:3427} INFO - Setting next_dagrun for download_uniprot to 2023-01-01T00:00:00+00:00, run_after=2023-02-01T00:00:00+00:00
[2023-01-01T20:43:00.172-0300] {processor.py:175} INFO - Processing /home/kallox/airflow/dags/download_uniprot.py took 0.452 seconds
[2023-01-01T20:43:30.370-0300] {processor.py:153} INFO - Started process (PID=8418) to work on /home/kallox/airflow/dags/download_uniprot.py
[2023-01-01T20:43:30.371-0300] {processor.py:743} INFO - Processing file /home/kallox/airflow/dags/download_uniprot.py for tasks to queue
[2023-01-01T20:43:30.371-0300] {logging_mixin.py:137} INFO - [2023-01-01T20:43:30.371-0300] {dagbag.py:538} INFO - Filling up the DagBag from /home/kallox/airflow/dags/download_uniprot.py
[2023-01-01T20:43:30.730-0300] {processor.py:753} INFO - DAG(s) dict_keys(['download_uniprot']) retrieved from /home/kallox/airflow/dags/download_uniprot.py
[2023-01-01T20:43:30.761-0300] {logging_mixin.py:137} INFO - [2023-01-01T20:43:30.761-0300] {dag.py:2676} INFO - Sync 1 DAGs
[2023-01-01T20:43:30.787-0300] {logging_mixin.py:137} INFO - [2023-01-01T20:43:30.787-0300] {dag.py:3427} INFO - Setting next_dagrun for download_uniprot to 2023-01-01T00:00:00+00:00, run_after=2023-02-01T00:00:00+00:00
[2023-01-01T20:43:30.823-0300] {processor.py:175} INFO - Processing /home/kallox/airflow/dags/download_uniprot.py took 0.456 seconds
[2023-01-01T20:44:01.071-0300] {processor.py:153} INFO - Started process (PID=8501) to work on /home/kallox/airflow/dags/download_uniprot.py
[2023-01-01T20:44:01.072-0300] {processor.py:743} INFO - Processing file /home/kallox/airflow/dags/download_uniprot.py for tasks to queue
[2023-01-01T20:44:01.073-0300] {logging_mixin.py:137} INFO - [2023-01-01T20:44:01.072-0300] {dagbag.py:538} INFO - Filling up the DagBag from /home/kallox/airflow/dags/download_uniprot.py
[2023-01-01T20:44:01.350-0300] {processor.py:753} INFO - DAG(s) dict_keys(['download_uniprot']) retrieved from /home/kallox/airflow/dags/download_uniprot.py
[2023-01-01T20:44:01.377-0300] {logging_mixin.py:137} INFO - [2023-01-01T20:44:01.377-0300] {dag.py:2676} INFO - Sync 1 DAGs
[2023-01-01T20:44:01.401-0300] {logging_mixin.py:137} INFO - [2023-01-01T20:44:01.401-0300] {dag.py:3427} INFO - Setting next_dagrun for download_uniprot to 2023-01-01T00:00:00+00:00, run_after=2023-02-01T00:00:00+00:00
[2023-01-01T20:44:01.425-0300] {processor.py:175} INFO - Processing /home/kallox/airflow/dags/download_uniprot.py took 0.358 seconds
[2023-01-01T20:44:31.602-0300] {processor.py:153} INFO - Started process (PID=8606) to work on /home/kallox/airflow/dags/download_uniprot.py
[2023-01-01T20:44:31.603-0300] {processor.py:743} INFO - Processing file /home/kallox/airflow/dags/download_uniprot.py for tasks to queue
[2023-01-01T20:44:31.603-0300] {logging_mixin.py:137} INFO - [2023-01-01T20:44:31.603-0300] {dagbag.py:538} INFO - Filling up the DagBag from /home/kallox/airflow/dags/download_uniprot.py
[2023-01-01T20:44:31.949-0300] {processor.py:753} INFO - DAG(s) dict_keys(['download_uniprot']) retrieved from /home/kallox/airflow/dags/download_uniprot.py
[2023-01-01T20:44:31.979-0300] {logging_mixin.py:137} INFO - [2023-01-01T20:44:31.978-0300] {dag.py:2676} INFO - Sync 1 DAGs
[2023-01-01T20:44:32.007-0300] {logging_mixin.py:137} INFO - [2023-01-01T20:44:32.007-0300] {dag.py:3427} INFO - Setting next_dagrun for download_uniprot to 2023-01-01T00:00:00+00:00, run_after=2023-02-01T00:00:00+00:00
[2023-01-01T20:44:32.028-0300] {processor.py:175} INFO - Processing /home/kallox/airflow/dags/download_uniprot.py took 0.431 seconds
[2023-01-01T20:45:02.481-0300] {processor.py:153} INFO - Started process (PID=8690) to work on /home/kallox/airflow/dags/download_uniprot.py
[2023-01-01T20:45:02.482-0300] {processor.py:743} INFO - Processing file /home/kallox/airflow/dags/download_uniprot.py for tasks to queue
[2023-01-01T20:45:02.482-0300] {logging_mixin.py:137} INFO - [2023-01-01T20:45:02.482-0300] {dagbag.py:538} INFO - Filling up the DagBag from /home/kallox/airflow/dags/download_uniprot.py
[2023-01-01T20:45:02.798-0300] {processor.py:753} INFO - DAG(s) dict_keys(['download_uniprot']) retrieved from /home/kallox/airflow/dags/download_uniprot.py
[2023-01-01T20:45:02.825-0300] {logging_mixin.py:137} INFO - [2023-01-01T20:45:02.825-0300] {dag.py:2676} INFO - Sync 1 DAGs
[2023-01-01T20:45:02.854-0300] {logging_mixin.py:137} INFO - [2023-01-01T20:45:02.854-0300] {dag.py:3427} INFO - Setting next_dagrun for download_uniprot to 2023-01-01T00:00:00+00:00, run_after=2023-02-01T00:00:00+00:00
[2023-01-01T20:45:02.878-0300] {processor.py:175} INFO - Processing /home/kallox/airflow/dags/download_uniprot.py took 0.400 seconds
[2023-01-01T20:45:33.906-0300] {processor.py:153} INFO - Started process (PID=8781) to work on /home/kallox/airflow/dags/download_uniprot.py
[2023-01-01T20:45:33.907-0300] {processor.py:743} INFO - Processing file /home/kallox/airflow/dags/download_uniprot.py for tasks to queue
[2023-01-01T20:45:33.907-0300] {logging_mixin.py:137} INFO - [2023-01-01T20:45:33.907-0300] {dagbag.py:538} INFO - Filling up the DagBag from /home/kallox/airflow/dags/download_uniprot.py
[2023-01-01T20:45:34.144-0300] {processor.py:753} INFO - DAG(s) dict_keys(['download_uniprot']) retrieved from /home/kallox/airflow/dags/download_uniprot.py
[2023-01-01T20:45:34.170-0300] {logging_mixin.py:137} INFO - [2023-01-01T20:45:34.170-0300] {dag.py:2676} INFO - Sync 1 DAGs
[2023-01-01T20:45:34.192-0300] {logging_mixin.py:137} INFO - [2023-01-01T20:45:34.192-0300] {dag.py:3427} INFO - Setting next_dagrun for download_uniprot to 2023-01-01T00:00:00+00:00, run_after=2023-02-01T00:00:00+00:00
[2023-01-01T20:45:34.215-0300] {processor.py:175} INFO - Processing /home/kallox/airflow/dags/download_uniprot.py took 0.312 seconds
[2023-01-01T20:46:05.327-0300] {processor.py:153} INFO - Started process (PID=8868) to work on /home/kallox/airflow/dags/download_uniprot.py
[2023-01-01T20:46:05.328-0300] {processor.py:743} INFO - Processing file /home/kallox/airflow/dags/download_uniprot.py for tasks to queue
[2023-01-01T20:46:05.328-0300] {logging_mixin.py:137} INFO - [2023-01-01T20:46:05.328-0300] {dagbag.py:538} INFO - Filling up the DagBag from /home/kallox/airflow/dags/download_uniprot.py
[2023-01-01T20:46:05.602-0300] {processor.py:753} INFO - DAG(s) dict_keys(['download_uniprot']) retrieved from /home/kallox/airflow/dags/download_uniprot.py
[2023-01-01T20:46:05.628-0300] {logging_mixin.py:137} INFO - [2023-01-01T20:46:05.627-0300] {dag.py:2676} INFO - Sync 1 DAGs
[2023-01-01T20:46:05.649-0300] {logging_mixin.py:137} INFO - [2023-01-01T20:46:05.649-0300] {dag.py:3427} INFO - Setting next_dagrun for download_uniprot to 2023-01-01T00:00:00+00:00, run_after=2023-02-01T00:00:00+00:00
[2023-01-01T20:46:05.672-0300] {processor.py:175} INFO - Processing /home/kallox/airflow/dags/download_uniprot.py took 0.348 seconds
[2023-01-01T20:46:36.718-0300] {processor.py:153} INFO - Started process (PID=8958) to work on /home/kallox/airflow/dags/download_uniprot.py
[2023-01-01T20:46:36.719-0300] {processor.py:743} INFO - Processing file /home/kallox/airflow/dags/download_uniprot.py for tasks to queue
[2023-01-01T20:46:36.720-0300] {logging_mixin.py:137} INFO - [2023-01-01T20:46:36.720-0300] {dagbag.py:538} INFO - Filling up the DagBag from /home/kallox/airflow/dags/download_uniprot.py
[2023-01-01T20:46:37.239-0300] {processor.py:753} INFO - DAG(s) dict_keys(['download_uniprot']) retrieved from /home/kallox/airflow/dags/download_uniprot.py
[2023-01-01T20:46:37.290-0300] {logging_mixin.py:137} INFO - [2023-01-01T20:46:37.289-0300] {dag.py:2676} INFO - Sync 1 DAGs
[2023-01-01T20:46:37.320-0300] {logging_mixin.py:137} INFO - [2023-01-01T20:46:37.319-0300] {dag.py:3427} INFO - Setting next_dagrun for download_uniprot to 2023-01-01T00:00:00+00:00, run_after=2023-02-01T00:00:00+00:00
[2023-01-01T20:46:37.350-0300] {processor.py:175} INFO - Processing /home/kallox/airflow/dags/download_uniprot.py took 0.634 seconds
[2023-01-01T20:47:08.303-0300] {processor.py:153} INFO - Started process (PID=9042) to work on /home/kallox/airflow/dags/download_uniprot.py
[2023-01-01T20:47:08.312-0300] {processor.py:743} INFO - Processing file /home/kallox/airflow/dags/download_uniprot.py for tasks to queue
[2023-01-01T20:47:08.313-0300] {logging_mixin.py:137} INFO - [2023-01-01T20:47:08.313-0300] {dagbag.py:538} INFO - Filling up the DagBag from /home/kallox/airflow/dags/download_uniprot.py
[2023-01-01T20:47:08.618-0300] {processor.py:753} INFO - DAG(s) dict_keys(['download_uniprot']) retrieved from /home/kallox/airflow/dags/download_uniprot.py
[2023-01-01T20:47:08.641-0300] {logging_mixin.py:137} INFO - [2023-01-01T20:47:08.641-0300] {dag.py:2676} INFO - Sync 1 DAGs
[2023-01-01T20:47:08.662-0300] {logging_mixin.py:137} INFO - [2023-01-01T20:47:08.662-0300] {dag.py:3427} INFO - Setting next_dagrun for download_uniprot to 2023-01-01T00:00:00+00:00, run_after=2023-02-01T00:00:00+00:00
[2023-01-01T20:47:08.684-0300] {processor.py:175} INFO - Processing /home/kallox/airflow/dags/download_uniprot.py took 0.385 seconds
[2023-01-01T20:47:38.741-0300] {processor.py:153} INFO - Started process (PID=9116) to work on /home/kallox/airflow/dags/download_uniprot.py
[2023-01-01T20:47:38.741-0300] {processor.py:743} INFO - Processing file /home/kallox/airflow/dags/download_uniprot.py for tasks to queue
[2023-01-01T20:47:38.742-0300] {logging_mixin.py:137} INFO - [2023-01-01T20:47:38.742-0300] {dagbag.py:538} INFO - Filling up the DagBag from /home/kallox/airflow/dags/download_uniprot.py
[2023-01-01T20:47:39.000-0300] {processor.py:753} INFO - DAG(s) dict_keys(['download_uniprot']) retrieved from /home/kallox/airflow/dags/download_uniprot.py
[2023-01-01T20:47:39.031-0300] {logging_mixin.py:137} INFO - [2023-01-01T20:47:39.031-0300] {dag.py:2676} INFO - Sync 1 DAGs
[2023-01-01T20:47:39.067-0300] {logging_mixin.py:137} INFO - [2023-01-01T20:47:39.067-0300] {dag.py:3427} INFO - Setting next_dagrun for download_uniprot to 2023-01-01T00:00:00+00:00, run_after=2023-02-01T00:00:00+00:00
[2023-01-01T20:47:39.101-0300] {processor.py:175} INFO - Processing /home/kallox/airflow/dags/download_uniprot.py took 0.364 seconds
[2023-01-01T20:48:09.132-0300] {processor.py:153} INFO - Started process (PID=9190) to work on /home/kallox/airflow/dags/download_uniprot.py
[2023-01-01T20:48:09.133-0300] {processor.py:743} INFO - Processing file /home/kallox/airflow/dags/download_uniprot.py for tasks to queue
[2023-01-01T20:48:09.133-0300] {logging_mixin.py:137} INFO - [2023-01-01T20:48:09.133-0300] {dagbag.py:538} INFO - Filling up the DagBag from /home/kallox/airflow/dags/download_uniprot.py
[2023-01-01T20:48:09.357-0300] {processor.py:753} INFO - DAG(s) dict_keys(['download_uniprot']) retrieved from /home/kallox/airflow/dags/download_uniprot.py
[2023-01-01T20:48:09.381-0300] {logging_mixin.py:137} INFO - [2023-01-01T20:48:09.381-0300] {dag.py:2676} INFO - Sync 1 DAGs
[2023-01-01T20:48:09.402-0300] {logging_mixin.py:137} INFO - [2023-01-01T20:48:09.402-0300] {dag.py:3427} INFO - Setting next_dagrun for download_uniprot to 2023-01-01T00:00:00+00:00, run_after=2023-02-01T00:00:00+00:00
[2023-01-01T20:48:09.430-0300] {processor.py:175} INFO - Processing /home/kallox/airflow/dags/download_uniprot.py took 0.300 seconds
[2023-01-01T20:48:39.786-0300] {processor.py:153} INFO - Started process (PID=9278) to work on /home/kallox/airflow/dags/download_uniprot.py
[2023-01-01T20:48:39.787-0300] {processor.py:743} INFO - Processing file /home/kallox/airflow/dags/download_uniprot.py for tasks to queue
[2023-01-01T20:48:39.788-0300] {logging_mixin.py:137} INFO - [2023-01-01T20:48:39.787-0300] {dagbag.py:538} INFO - Filling up the DagBag from /home/kallox/airflow/dags/download_uniprot.py
[2023-01-01T20:48:40.026-0300] {processor.py:753} INFO - DAG(s) dict_keys(['download_uniprot']) retrieved from /home/kallox/airflow/dags/download_uniprot.py
[2023-01-01T20:48:40.050-0300] {logging_mixin.py:137} INFO - [2023-01-01T20:48:40.050-0300] {dag.py:2676} INFO - Sync 1 DAGs
[2023-01-01T20:48:40.071-0300] {logging_mixin.py:137} INFO - [2023-01-01T20:48:40.071-0300] {dag.py:3427} INFO - Setting next_dagrun for download_uniprot to 2023-01-01T00:00:00+00:00, run_after=2023-02-01T00:00:00+00:00
[2023-01-01T20:48:40.093-0300] {processor.py:175} INFO - Processing /home/kallox/airflow/dags/download_uniprot.py took 0.309 seconds
[2023-01-01T20:49:10.197-0300] {processor.py:153} INFO - Started process (PID=9356) to work on /home/kallox/airflow/dags/download_uniprot.py
[2023-01-01T20:49:10.198-0300] {processor.py:743} INFO - Processing file /home/kallox/airflow/dags/download_uniprot.py for tasks to queue
[2023-01-01T20:49:10.198-0300] {logging_mixin.py:137} INFO - [2023-01-01T20:49:10.198-0300] {dagbag.py:538} INFO - Filling up the DagBag from /home/kallox/airflow/dags/download_uniprot.py
[2023-01-01T20:49:10.446-0300] {processor.py:753} INFO - DAG(s) dict_keys(['download_uniprot']) retrieved from /home/kallox/airflow/dags/download_uniprot.py
[2023-01-01T20:49:10.472-0300] {logging_mixin.py:137} INFO - [2023-01-01T20:49:10.471-0300] {dag.py:2676} INFO - Sync 1 DAGs
[2023-01-01T20:49:10.494-0300] {logging_mixin.py:137} INFO - [2023-01-01T20:49:10.494-0300] {dag.py:3427} INFO - Setting next_dagrun for download_uniprot to 2023-01-01T00:00:00+00:00, run_after=2023-02-01T00:00:00+00:00
[2023-01-01T20:49:10.518-0300] {processor.py:175} INFO - Processing /home/kallox/airflow/dags/download_uniprot.py took 0.323 seconds
[2023-01-01T20:49:40.741-0300] {processor.py:153} INFO - Started process (PID=9434) to work on /home/kallox/airflow/dags/download_uniprot.py
[2023-01-01T20:49:40.742-0300] {processor.py:743} INFO - Processing file /home/kallox/airflow/dags/download_uniprot.py for tasks to queue
[2023-01-01T20:49:40.743-0300] {logging_mixin.py:137} INFO - [2023-01-01T20:49:40.743-0300] {dagbag.py:538} INFO - Filling up the DagBag from /home/kallox/airflow/dags/download_uniprot.py
[2023-01-01T20:49:41.395-0300] {processor.py:753} INFO - DAG(s) dict_keys(['download_uniprot']) retrieved from /home/kallox/airflow/dags/download_uniprot.py
[2023-01-01T20:49:41.429-0300] {logging_mixin.py:137} INFO - [2023-01-01T20:49:41.429-0300] {dag.py:2676} INFO - Sync 1 DAGs
[2023-01-01T20:49:41.456-0300] {logging_mixin.py:137} INFO - [2023-01-01T20:49:41.456-0300] {dag.py:3427} INFO - Setting next_dagrun for download_uniprot to 2023-01-01T00:00:00+00:00, run_after=2023-02-01T00:00:00+00:00
[2023-01-01T20:49:41.485-0300] {processor.py:175} INFO - Processing /home/kallox/airflow/dags/download_uniprot.py took 0.746 seconds
[2023-01-01T20:50:11.883-0300] {processor.py:153} INFO - Started process (PID=9514) to work on /home/kallox/airflow/dags/download_uniprot.py
[2023-01-01T20:50:11.884-0300] {processor.py:743} INFO - Processing file /home/kallox/airflow/dags/download_uniprot.py for tasks to queue
[2023-01-01T20:50:11.885-0300] {logging_mixin.py:137} INFO - [2023-01-01T20:50:11.885-0300] {dagbag.py:538} INFO - Filling up the DagBag from /home/kallox/airflow/dags/download_uniprot.py
[2023-01-01T20:50:12.138-0300] {processor.py:753} INFO - DAG(s) dict_keys(['download_uniprot']) retrieved from /home/kallox/airflow/dags/download_uniprot.py
[2023-01-01T20:50:12.165-0300] {logging_mixin.py:137} INFO - [2023-01-01T20:50:12.165-0300] {dag.py:2676} INFO - Sync 1 DAGs
[2023-01-01T20:50:12.189-0300] {logging_mixin.py:137} INFO - [2023-01-01T20:50:12.189-0300] {dag.py:3427} INFO - Setting next_dagrun for download_uniprot to 2023-01-01T00:00:00+00:00, run_after=2023-02-01T00:00:00+00:00
[2023-01-01T20:50:12.214-0300] {processor.py:175} INFO - Processing /home/kallox/airflow/dags/download_uniprot.py took 0.334 seconds
[2023-01-01T20:50:42.411-0300] {processor.py:153} INFO - Started process (PID=9590) to work on /home/kallox/airflow/dags/download_uniprot.py
[2023-01-01T20:50:42.411-0300] {processor.py:743} INFO - Processing file /home/kallox/airflow/dags/download_uniprot.py for tasks to queue
[2023-01-01T20:50:42.412-0300] {logging_mixin.py:137} INFO - [2023-01-01T20:50:42.412-0300] {dagbag.py:538} INFO - Filling up the DagBag from /home/kallox/airflow/dags/download_uniprot.py
[2023-01-01T20:50:42.755-0300] {processor.py:753} INFO - DAG(s) dict_keys(['download_uniprot']) retrieved from /home/kallox/airflow/dags/download_uniprot.py
[2023-01-01T20:50:42.784-0300] {logging_mixin.py:137} INFO - [2023-01-01T20:50:42.784-0300] {dag.py:2676} INFO - Sync 1 DAGs
[2023-01-01T20:50:42.808-0300] {logging_mixin.py:137} INFO - [2023-01-01T20:50:42.808-0300] {dag.py:3427} INFO - Setting next_dagrun for download_uniprot to 2023-01-01T00:00:00+00:00, run_after=2023-02-01T00:00:00+00:00
[2023-01-01T20:50:42.832-0300] {processor.py:175} INFO - Processing /home/kallox/airflow/dags/download_uniprot.py took 0.425 seconds
[2023-01-01T20:51:12.963-0300] {processor.py:153} INFO - Started process (PID=9672) to work on /home/kallox/airflow/dags/download_uniprot.py
[2023-01-01T20:51:12.963-0300] {processor.py:743} INFO - Processing file /home/kallox/airflow/dags/download_uniprot.py for tasks to queue
[2023-01-01T20:51:12.964-0300] {logging_mixin.py:137} INFO - [2023-01-01T20:51:12.964-0300] {dagbag.py:538} INFO - Filling up the DagBag from /home/kallox/airflow/dags/download_uniprot.py
[2023-01-01T20:51:13.196-0300] {processor.py:753} INFO - DAG(s) dict_keys(['download_uniprot']) retrieved from /home/kallox/airflow/dags/download_uniprot.py
[2023-01-01T20:51:13.222-0300] {logging_mixin.py:137} INFO - [2023-01-01T20:51:13.221-0300] {dag.py:2676} INFO - Sync 1 DAGs
[2023-01-01T20:51:13.244-0300] {logging_mixin.py:137} INFO - [2023-01-01T20:51:13.244-0300] {dag.py:3427} INFO - Setting next_dagrun for download_uniprot to 2023-01-01T00:00:00+00:00, run_after=2023-02-01T00:00:00+00:00
[2023-01-01T20:51:13.266-0300] {processor.py:175} INFO - Processing /home/kallox/airflow/dags/download_uniprot.py took 0.306 seconds
[2023-01-01T20:51:43.623-0300] {processor.py:153} INFO - Started process (PID=9763) to work on /home/kallox/airflow/dags/download_uniprot.py
[2023-01-01T20:51:43.624-0300] {processor.py:743} INFO - Processing file /home/kallox/airflow/dags/download_uniprot.py for tasks to queue
[2023-01-01T20:51:43.625-0300] {logging_mixin.py:137} INFO - [2023-01-01T20:51:43.625-0300] {dagbag.py:538} INFO - Filling up the DagBag from /home/kallox/airflow/dags/download_uniprot.py
[2023-01-01T20:51:44.045-0300] {processor.py:753} INFO - DAG(s) dict_keys(['download_uniprot']) retrieved from /home/kallox/airflow/dags/download_uniprot.py
[2023-01-01T20:51:44.087-0300] {logging_mixin.py:137} INFO - [2023-01-01T20:51:44.087-0300] {dag.py:2676} INFO - Sync 1 DAGs
[2023-01-01T20:51:44.113-0300] {logging_mixin.py:137} INFO - [2023-01-01T20:51:44.112-0300] {dag.py:3427} INFO - Setting next_dagrun for download_uniprot to 2023-01-01T00:00:00+00:00, run_after=2023-02-01T00:00:00+00:00
[2023-01-01T20:51:44.135-0300] {processor.py:175} INFO - Processing /home/kallox/airflow/dags/download_uniprot.py took 0.518 seconds
[2023-01-01T20:52:14.487-0300] {processor.py:153} INFO - Started process (PID=9838) to work on /home/kallox/airflow/dags/download_uniprot.py
[2023-01-01T20:52:14.488-0300] {processor.py:743} INFO - Processing file /home/kallox/airflow/dags/download_uniprot.py for tasks to queue
[2023-01-01T20:52:14.490-0300] {logging_mixin.py:137} INFO - [2023-01-01T20:52:14.489-0300] {dagbag.py:538} INFO - Filling up the DagBag from /home/kallox/airflow/dags/download_uniprot.py
[2023-01-01T20:52:14.914-0300] {processor.py:753} INFO - DAG(s) dict_keys(['download_uniprot']) retrieved from /home/kallox/airflow/dags/download_uniprot.py
[2023-01-01T20:52:14.953-0300] {logging_mixin.py:137} INFO - [2023-01-01T20:52:14.953-0300] {dag.py:2676} INFO - Sync 1 DAGs
[2023-01-01T20:52:14.999-0300] {logging_mixin.py:137} INFO - [2023-01-01T20:52:14.999-0300] {dag.py:3427} INFO - Setting next_dagrun for download_uniprot to 2023-01-01T00:00:00+00:00, run_after=2023-02-01T00:00:00+00:00
[2023-01-01T20:52:15.026-0300] {processor.py:175} INFO - Processing /home/kallox/airflow/dags/download_uniprot.py took 0.541 seconds
[2023-01-01T20:52:45.286-0300] {processor.py:153} INFO - Started process (PID=10049) to work on /home/kallox/airflow/dags/download_uniprot.py
[2023-01-01T20:52:45.293-0300] {processor.py:743} INFO - Processing file /home/kallox/airflow/dags/download_uniprot.py for tasks to queue
[2023-01-01T20:52:45.293-0300] {logging_mixin.py:137} INFO - [2023-01-01T20:52:45.293-0300] {dagbag.py:538} INFO - Filling up the DagBag from /home/kallox/airflow/dags/download_uniprot.py
[2023-01-01T20:52:45.528-0300] {processor.py:753} INFO - DAG(s) dict_keys(['download_uniprot']) retrieved from /home/kallox/airflow/dags/download_uniprot.py
[2023-01-01T20:52:45.556-0300] {logging_mixin.py:137} INFO - [2023-01-01T20:52:45.556-0300] {dag.py:2676} INFO - Sync 1 DAGs
[2023-01-01T20:52:45.580-0300] {logging_mixin.py:137} INFO - [2023-01-01T20:52:45.580-0300] {dag.py:3427} INFO - Setting next_dagrun for download_uniprot to 2023-01-01T00:00:00+00:00, run_after=2023-02-01T00:00:00+00:00
[2023-01-01T20:52:45.609-0300] {processor.py:175} INFO - Processing /home/kallox/airflow/dags/download_uniprot.py took 0.326 seconds
[2023-01-01T20:53:15.812-0300] {processor.py:153} INFO - Started process (PID=10198) to work on /home/kallox/airflow/dags/download_uniprot.py
[2023-01-01T20:53:15.813-0300] {processor.py:743} INFO - Processing file /home/kallox/airflow/dags/download_uniprot.py for tasks to queue
[2023-01-01T20:53:15.814-0300] {logging_mixin.py:137} INFO - [2023-01-01T20:53:15.814-0300] {dagbag.py:538} INFO - Filling up the DagBag from /home/kallox/airflow/dags/download_uniprot.py
[2023-01-01T20:53:16.130-0300] {processor.py:753} INFO - DAG(s) dict_keys(['download_uniprot']) retrieved from /home/kallox/airflow/dags/download_uniprot.py
[2023-01-01T20:53:16.156-0300] {logging_mixin.py:137} INFO - [2023-01-01T20:53:16.156-0300] {dag.py:2676} INFO - Sync 1 DAGs
[2023-01-01T20:53:16.179-0300] {logging_mixin.py:137} INFO - [2023-01-01T20:53:16.179-0300] {dag.py:3427} INFO - Setting next_dagrun for download_uniprot to 2023-01-01T00:00:00+00:00, run_after=2023-02-01T00:00:00+00:00
[2023-01-01T20:53:16.203-0300] {processor.py:175} INFO - Processing /home/kallox/airflow/dags/download_uniprot.py took 0.394 seconds
[2023-01-01T20:53:46.566-0300] {processor.py:153} INFO - Started process (PID=10363) to work on /home/kallox/airflow/dags/download_uniprot.py
[2023-01-01T20:53:46.567-0300] {processor.py:743} INFO - Processing file /home/kallox/airflow/dags/download_uniprot.py for tasks to queue
[2023-01-01T20:53:46.568-0300] {logging_mixin.py:137} INFO - [2023-01-01T20:53:46.568-0300] {dagbag.py:538} INFO - Filling up the DagBag from /home/kallox/airflow/dags/download_uniprot.py
[2023-01-01T20:53:46.904-0300] {processor.py:753} INFO - DAG(s) dict_keys(['download_uniprot']) retrieved from /home/kallox/airflow/dags/download_uniprot.py
[2023-01-01T20:53:46.935-0300] {logging_mixin.py:137} INFO - [2023-01-01T20:53:46.935-0300] {dag.py:2676} INFO - Sync 1 DAGs
[2023-01-01T20:53:46.961-0300] {logging_mixin.py:137} INFO - [2023-01-01T20:53:46.961-0300] {dag.py:3427} INFO - Setting next_dagrun for download_uniprot to 2023-01-01T00:00:00+00:00, run_after=2023-02-01T00:00:00+00:00
[2023-01-01T20:53:46.990-0300] {processor.py:175} INFO - Processing /home/kallox/airflow/dags/download_uniprot.py took 0.427 seconds
[2023-01-01T20:54:17.261-0300] {processor.py:153} INFO - Started process (PID=10494) to work on /home/kallox/airflow/dags/download_uniprot.py
[2023-01-01T20:54:17.262-0300] {processor.py:743} INFO - Processing file /home/kallox/airflow/dags/download_uniprot.py for tasks to queue
[2023-01-01T20:54:17.263-0300] {logging_mixin.py:137} INFO - [2023-01-01T20:54:17.262-0300] {dagbag.py:538} INFO - Filling up the DagBag from /home/kallox/airflow/dags/download_uniprot.py
[2023-01-01T20:54:17.497-0300] {processor.py:753} INFO - DAG(s) dict_keys(['download_uniprot']) retrieved from /home/kallox/airflow/dags/download_uniprot.py
[2023-01-01T20:54:17.525-0300] {logging_mixin.py:137} INFO - [2023-01-01T20:54:17.525-0300] {dag.py:2676} INFO - Sync 1 DAGs
[2023-01-01T20:54:17.549-0300] {logging_mixin.py:137} INFO - [2023-01-01T20:54:17.549-0300] {dag.py:3427} INFO - Setting next_dagrun for download_uniprot to 2023-01-01T00:00:00+00:00, run_after=2023-02-01T00:00:00+00:00
[2023-01-01T20:54:17.567-0300] {processor.py:175} INFO - Processing /home/kallox/airflow/dags/download_uniprot.py took 0.307 seconds
[2023-01-01T20:54:49.862-0300] {processor.py:153} INFO - Started process (PID=10611) to work on /home/kallox/airflow/dags/download_uniprot.py
[2023-01-01T20:54:49.862-0300] {processor.py:743} INFO - Processing file /home/kallox/airflow/dags/download_uniprot.py for tasks to queue
[2023-01-01T20:54:49.863-0300] {logging_mixin.py:137} INFO - [2023-01-01T20:54:49.863-0300] {dagbag.py:538} INFO - Filling up the DagBag from /home/kallox/airflow/dags/download_uniprot.py
[2023-01-01T20:54:50.094-0300] {processor.py:753} INFO - DAG(s) dict_keys(['download_uniprot']) retrieved from /home/kallox/airflow/dags/download_uniprot.py
[2023-01-01T20:54:50.119-0300] {logging_mixin.py:137} INFO - [2023-01-01T20:54:50.119-0300] {dag.py:2676} INFO - Sync 1 DAGs
[2023-01-01T20:54:50.141-0300] {logging_mixin.py:137} INFO - [2023-01-01T20:54:50.141-0300] {dag.py:3427} INFO - Setting next_dagrun for download_uniprot to 2023-01-01T00:00:00+00:00, run_after=2023-02-01T00:00:00+00:00
[2023-01-01T20:54:50.164-0300] {processor.py:175} INFO - Processing /home/kallox/airflow/dags/download_uniprot.py took 0.305 seconds
[2023-01-01T20:55:21.289-0300] {processor.py:153} INFO - Started process (PID=10731) to work on /home/kallox/airflow/dags/download_uniprot.py
[2023-01-01T20:55:21.290-0300] {processor.py:743} INFO - Processing file /home/kallox/airflow/dags/download_uniprot.py for tasks to queue
[2023-01-01T20:55:21.291-0300] {logging_mixin.py:137} INFO - [2023-01-01T20:55:21.290-0300] {dagbag.py:538} INFO - Filling up the DagBag from /home/kallox/airflow/dags/download_uniprot.py
[2023-01-01T20:55:21.551-0300] {processor.py:753} INFO - DAG(s) dict_keys(['download_uniprot']) retrieved from /home/kallox/airflow/dags/download_uniprot.py
[2023-01-01T20:55:21.576-0300] {logging_mixin.py:137} INFO - [2023-01-01T20:55:21.576-0300] {dag.py:2676} INFO - Sync 1 DAGs
[2023-01-01T20:55:21.598-0300] {logging_mixin.py:137} INFO - [2023-01-01T20:55:21.598-0300] {dag.py:3427} INFO - Setting next_dagrun for download_uniprot to 2023-01-01T00:00:00+00:00, run_after=2023-02-01T00:00:00+00:00
[2023-01-01T20:55:21.622-0300] {processor.py:175} INFO - Processing /home/kallox/airflow/dags/download_uniprot.py took 0.336 seconds
[2023-01-01T20:55:51.835-0300] {processor.py:153} INFO - Started process (PID=10853) to work on /home/kallox/airflow/dags/download_uniprot.py
[2023-01-01T20:55:51.836-0300] {processor.py:743} INFO - Processing file /home/kallox/airflow/dags/download_uniprot.py for tasks to queue
[2023-01-01T20:55:51.837-0300] {logging_mixin.py:137} INFO - [2023-01-01T20:55:51.837-0300] {dagbag.py:538} INFO - Filling up the DagBag from /home/kallox/airflow/dags/download_uniprot.py
[2023-01-01T20:55:52.165-0300] {processor.py:753} INFO - DAG(s) dict_keys(['download_uniprot']) retrieved from /home/kallox/airflow/dags/download_uniprot.py
[2023-01-01T20:55:52.190-0300] {logging_mixin.py:137} INFO - [2023-01-01T20:55:52.190-0300] {dag.py:2676} INFO - Sync 1 DAGs
[2023-01-01T20:55:52.212-0300] {logging_mixin.py:137} INFO - [2023-01-01T20:55:52.212-0300] {dag.py:3427} INFO - Setting next_dagrun for download_uniprot to 2023-01-01T00:00:00+00:00, run_after=2023-02-01T00:00:00+00:00
[2023-01-01T20:55:52.236-0300] {processor.py:175} INFO - Processing /home/kallox/airflow/dags/download_uniprot.py took 0.403 seconds
[2023-01-01T20:56:23.384-0300] {processor.py:153} INFO - Started process (PID=10938) to work on /home/kallox/airflow/dags/download_uniprot.py
[2023-01-01T20:56:23.387-0300] {processor.py:743} INFO - Processing file /home/kallox/airflow/dags/download_uniprot.py for tasks to queue
[2023-01-01T20:56:23.389-0300] {logging_mixin.py:137} INFO - [2023-01-01T20:56:23.388-0300] {dagbag.py:538} INFO - Filling up the DagBag from /home/kallox/airflow/dags/download_uniprot.py
[2023-01-01T20:56:23.728-0300] {processor.py:753} INFO - DAG(s) dict_keys(['download_uniprot']) retrieved from /home/kallox/airflow/dags/download_uniprot.py
[2023-01-01T20:56:23.753-0300] {logging_mixin.py:137} INFO - [2023-01-01T20:56:23.753-0300] {dag.py:2676} INFO - Sync 1 DAGs
[2023-01-01T20:56:23.778-0300] {logging_mixin.py:137} INFO - [2023-01-01T20:56:23.777-0300] {dag.py:3427} INFO - Setting next_dagrun for download_uniprot to 2023-01-01T00:00:00+00:00, run_after=2023-02-01T00:00:00+00:00
[2023-01-01T20:56:23.802-0300] {processor.py:175} INFO - Processing /home/kallox/airflow/dags/download_uniprot.py took 0.421 seconds
[2023-01-01T20:56:54.030-0300] {processor.py:153} INFO - Started process (PID=11012) to work on /home/kallox/airflow/dags/download_uniprot.py
[2023-01-01T20:56:54.031-0300] {processor.py:743} INFO - Processing file /home/kallox/airflow/dags/download_uniprot.py for tasks to queue
[2023-01-01T20:56:54.032-0300] {logging_mixin.py:137} INFO - [2023-01-01T20:56:54.032-0300] {dagbag.py:538} INFO - Filling up the DagBag from /home/kallox/airflow/dags/download_uniprot.py
[2023-01-01T20:56:54.370-0300] {processor.py:753} INFO - DAG(s) dict_keys(['download_uniprot']) retrieved from /home/kallox/airflow/dags/download_uniprot.py
[2023-01-01T20:56:54.409-0300] {logging_mixin.py:137} INFO - [2023-01-01T20:56:54.409-0300] {dag.py:2676} INFO - Sync 1 DAGs
[2023-01-01T20:56:54.434-0300] {logging_mixin.py:137} INFO - [2023-01-01T20:56:54.434-0300] {dag.py:3427} INFO - Setting next_dagrun for download_uniprot to 2023-01-01T00:00:00+00:00, run_after=2023-02-01T00:00:00+00:00
[2023-01-01T20:56:54.464-0300] {processor.py:175} INFO - Processing /home/kallox/airflow/dags/download_uniprot.py took 0.437 seconds
[2023-01-01T20:57:24.686-0300] {processor.py:153} INFO - Started process (PID=11085) to work on /home/kallox/airflow/dags/download_uniprot.py
[2023-01-01T20:57:24.687-0300] {processor.py:743} INFO - Processing file /home/kallox/airflow/dags/download_uniprot.py for tasks to queue
[2023-01-01T20:57:24.687-0300] {logging_mixin.py:137} INFO - [2023-01-01T20:57:24.687-0300] {dagbag.py:538} INFO - Filling up the DagBag from /home/kallox/airflow/dags/download_uniprot.py
[2023-01-01T20:57:25.036-0300] {processor.py:753} INFO - DAG(s) dict_keys(['download_uniprot']) retrieved from /home/kallox/airflow/dags/download_uniprot.py
[2023-01-01T20:57:25.066-0300] {logging_mixin.py:137} INFO - [2023-01-01T20:57:25.066-0300] {dag.py:2676} INFO - Sync 1 DAGs
[2023-01-01T20:57:25.091-0300] {logging_mixin.py:137} INFO - [2023-01-01T20:57:25.091-0300] {dag.py:3427} INFO - Setting next_dagrun for download_uniprot to 2023-01-01T00:00:00+00:00, run_after=2023-02-01T00:00:00+00:00
[2023-01-01T20:57:25.120-0300] {processor.py:175} INFO - Processing /home/kallox/airflow/dags/download_uniprot.py took 0.438 seconds
[2023-01-01T20:57:55.301-0300] {processor.py:153} INFO - Started process (PID=11163) to work on /home/kallox/airflow/dags/download_uniprot.py
[2023-01-01T20:57:55.302-0300] {processor.py:743} INFO - Processing file /home/kallox/airflow/dags/download_uniprot.py for tasks to queue
[2023-01-01T20:57:55.302-0300] {logging_mixin.py:137} INFO - [2023-01-01T20:57:55.302-0300] {dagbag.py:538} INFO - Filling up the DagBag from /home/kallox/airflow/dags/download_uniprot.py
[2023-01-01T20:57:55.649-0300] {processor.py:753} INFO - DAG(s) dict_keys(['download_uniprot']) retrieved from /home/kallox/airflow/dags/download_uniprot.py
[2023-01-01T20:57:55.678-0300] {logging_mixin.py:137} INFO - [2023-01-01T20:57:55.678-0300] {dag.py:2676} INFO - Sync 1 DAGs
[2023-01-01T20:57:55.700-0300] {logging_mixin.py:137} INFO - [2023-01-01T20:57:55.700-0300] {dag.py:3427} INFO - Setting next_dagrun for download_uniprot to 2023-01-01T00:00:00+00:00, run_after=2023-02-01T00:00:00+00:00
[2023-01-01T20:57:55.724-0300] {processor.py:175} INFO - Processing /home/kallox/airflow/dags/download_uniprot.py took 0.426 seconds
[2023-01-01T20:58:25.842-0300] {processor.py:153} INFO - Started process (PID=11234) to work on /home/kallox/airflow/dags/download_uniprot.py
[2023-01-01T20:58:25.843-0300] {processor.py:743} INFO - Processing file /home/kallox/airflow/dags/download_uniprot.py for tasks to queue
[2023-01-01T20:58:25.844-0300] {logging_mixin.py:137} INFO - [2023-01-01T20:58:25.844-0300] {dagbag.py:538} INFO - Filling up the DagBag from /home/kallox/airflow/dags/download_uniprot.py
[2023-01-01T20:58:26.198-0300] {processor.py:753} INFO - DAG(s) dict_keys(['download_uniprot']) retrieved from /home/kallox/airflow/dags/download_uniprot.py
[2023-01-01T20:58:26.226-0300] {logging_mixin.py:137} INFO - [2023-01-01T20:58:26.226-0300] {dag.py:2676} INFO - Sync 1 DAGs
[2023-01-01T20:58:26.253-0300] {logging_mixin.py:137} INFO - [2023-01-01T20:58:26.253-0300] {dag.py:3427} INFO - Setting next_dagrun for download_uniprot to 2023-01-01T00:00:00+00:00, run_after=2023-02-01T00:00:00+00:00
[2023-01-01T20:58:26.274-0300] {processor.py:175} INFO - Processing /home/kallox/airflow/dags/download_uniprot.py took 0.434 seconds
[2023-01-01T20:58:56.475-0300] {processor.py:153} INFO - Started process (PID=11312) to work on /home/kallox/airflow/dags/download_uniprot.py
[2023-01-01T20:58:56.476-0300] {processor.py:743} INFO - Processing file /home/kallox/airflow/dags/download_uniprot.py for tasks to queue
[2023-01-01T20:58:56.477-0300] {logging_mixin.py:137} INFO - [2023-01-01T20:58:56.477-0300] {dagbag.py:538} INFO - Filling up the DagBag from /home/kallox/airflow/dags/download_uniprot.py
[2023-01-01T20:58:56.822-0300] {processor.py:753} INFO - DAG(s) dict_keys(['download_uniprot']) retrieved from /home/kallox/airflow/dags/download_uniprot.py
[2023-01-01T20:58:56.852-0300] {logging_mixin.py:137} INFO - [2023-01-01T20:58:56.852-0300] {dag.py:2676} INFO - Sync 1 DAGs
[2023-01-01T20:58:56.881-0300] {logging_mixin.py:137} INFO - [2023-01-01T20:58:56.881-0300] {dag.py:3427} INFO - Setting next_dagrun for download_uniprot to 2023-01-01T00:00:00+00:00, run_after=2023-02-01T00:00:00+00:00
[2023-01-01T20:58:56.912-0300] {processor.py:175} INFO - Processing /home/kallox/airflow/dags/download_uniprot.py took 0.440 seconds
[2023-01-01T20:59:27.208-0300] {processor.py:153} INFO - Started process (PID=11391) to work on /home/kallox/airflow/dags/download_uniprot.py
[2023-01-01T20:59:27.209-0300] {processor.py:743} INFO - Processing file /home/kallox/airflow/dags/download_uniprot.py for tasks to queue
[2023-01-01T20:59:27.209-0300] {logging_mixin.py:137} INFO - [2023-01-01T20:59:27.209-0300] {dagbag.py:538} INFO - Filling up the DagBag from /home/kallox/airflow/dags/download_uniprot.py
[2023-01-01T20:59:27.556-0300] {processor.py:753} INFO - DAG(s) dict_keys(['download_uniprot']) retrieved from /home/kallox/airflow/dags/download_uniprot.py
[2023-01-01T20:59:27.587-0300] {logging_mixin.py:137} INFO - [2023-01-01T20:59:27.586-0300] {dag.py:2676} INFO - Sync 1 DAGs
[2023-01-01T20:59:27.611-0300] {logging_mixin.py:137} INFO - [2023-01-01T20:59:27.611-0300] {dag.py:3427} INFO - Setting next_dagrun for download_uniprot to 2023-01-01T00:00:00+00:00, run_after=2023-02-01T00:00:00+00:00
[2023-01-01T20:59:27.640-0300] {processor.py:175} INFO - Processing /home/kallox/airflow/dags/download_uniprot.py took 0.435 seconds
[2023-01-01T20:59:58.014-0300] {processor.py:153} INFO - Started process (PID=11473) to work on /home/kallox/airflow/dags/download_uniprot.py
[2023-01-01T20:59:58.015-0300] {processor.py:743} INFO - Processing file /home/kallox/airflow/dags/download_uniprot.py for tasks to queue
[2023-01-01T20:59:58.015-0300] {logging_mixin.py:137} INFO - [2023-01-01T20:59:58.015-0300] {dagbag.py:538} INFO - Filling up the DagBag from /home/kallox/airflow/dags/download_uniprot.py
[2023-01-01T20:59:58.371-0300] {processor.py:753} INFO - DAG(s) dict_keys(['download_uniprot']) retrieved from /home/kallox/airflow/dags/download_uniprot.py
[2023-01-01T20:59:58.409-0300] {logging_mixin.py:137} INFO - [2023-01-01T20:59:58.409-0300] {dag.py:2676} INFO - Sync 1 DAGs
[2023-01-01T20:59:58.438-0300] {logging_mixin.py:137} INFO - [2023-01-01T20:59:58.438-0300] {dag.py:3427} INFO - Setting next_dagrun for download_uniprot to 2023-01-01T00:00:00+00:00, run_after=2023-02-01T00:00:00+00:00
[2023-01-01T20:59:58.456-0300] {processor.py:175} INFO - Processing /home/kallox/airflow/dags/download_uniprot.py took 0.445 seconds
