[2023-01-01T20:30:45.571-0300] {processor.py:153} INFO - Started process (PID=3563) to work on /home/kallox/airflow/dags/download_iedb.py
[2023-01-01T20:30:45.572-0300] {processor.py:743} INFO - Processing file /home/kallox/airflow/dags/download_iedb.py for tasks to queue
[2023-01-01T20:30:45.572-0300] {logging_mixin.py:137} INFO - [2023-01-01T20:30:45.572-0300] {dagbag.py:538} INFO - Filling up the DagBag from /home/kallox/airflow/dags/download_iedb.py
[2023-01-01T20:30:45.713-0300] {processor.py:753} INFO - DAG(s) dict_keys(['download_iedb']) retrieved from /home/kallox/airflow/dags/download_iedb.py
[2023-01-01T20:30:45.831-0300] {logging_mixin.py:137} INFO - [2023-01-01T20:30:45.831-0300] {dag.py:2676} INFO - Sync 1 DAGs
[2023-01-01T20:30:45.853-0300] {logging_mixin.py:137} INFO - [2023-01-01T20:30:45.853-0300] {dag.py:3427} INFO - Setting next_dagrun for download_iedb to 2023-01-01T00:00:00+00:00, run_after=2023-02-01T00:00:00+00:00
[2023-01-01T20:30:45.870-0300] {processor.py:175} INFO - Processing /home/kallox/airflow/dags/download_iedb.py took 0.303 seconds
[2023-01-01T20:31:16.465-0300] {processor.py:153} INFO - Started process (PID=4827) to work on /home/kallox/airflow/dags/download_iedb.py
[2023-01-01T20:31:16.467-0300] {processor.py:743} INFO - Processing file /home/kallox/airflow/dags/download_iedb.py for tasks to queue
[2023-01-01T20:31:16.467-0300] {logging_mixin.py:137} INFO - [2023-01-01T20:31:16.467-0300] {dagbag.py:538} INFO - Filling up the DagBag from /home/kallox/airflow/dags/download_iedb.py
[2023-01-01T20:31:16.824-0300] {processor.py:753} INFO - DAG(s) dict_keys(['download_iedb']) retrieved from /home/kallox/airflow/dags/download_iedb.py
[2023-01-01T20:31:16.855-0300] {logging_mixin.py:137} INFO - [2023-01-01T20:31:16.855-0300] {dag.py:2676} INFO - Sync 1 DAGs
[2023-01-01T20:31:16.882-0300] {logging_mixin.py:137} INFO - [2023-01-01T20:31:16.882-0300] {dag.py:3427} INFO - Setting next_dagrun for download_iedb to 2023-01-01T00:00:00+00:00, run_after=2023-02-01T00:00:00+00:00
[2023-01-01T20:31:16.906-0300] {processor.py:175} INFO - Processing /home/kallox/airflow/dags/download_iedb.py took 0.444 seconds
[2023-01-01T20:31:47.082-0300] {processor.py:153} INFO - Started process (PID=5201) to work on /home/kallox/airflow/dags/download_iedb.py
[2023-01-01T20:31:47.085-0300] {processor.py:743} INFO - Processing file /home/kallox/airflow/dags/download_iedb.py for tasks to queue
[2023-01-01T20:31:47.086-0300] {logging_mixin.py:137} INFO - [2023-01-01T20:31:47.086-0300] {dagbag.py:538} INFO - Filling up the DagBag from /home/kallox/airflow/dags/download_iedb.py
[2023-01-01T20:31:47.268-0300] {processor.py:753} INFO - DAG(s) dict_keys(['download_iedb']) retrieved from /home/kallox/airflow/dags/download_iedb.py
[2023-01-01T20:31:47.306-0300] {logging_mixin.py:137} INFO - [2023-01-01T20:31:47.306-0300] {dag.py:2676} INFO - Sync 1 DAGs
[2023-01-01T20:31:47.502-0300] {logging_mixin.py:137} INFO - [2023-01-01T20:31:47.502-0300] {dag.py:3427} INFO - Setting next_dagrun for download_iedb to 2023-01-01T00:00:00+00:00, run_after=2023-02-01T00:00:00+00:00
[2023-01-01T20:31:47.536-0300] {processor.py:175} INFO - Processing /home/kallox/airflow/dags/download_iedb.py took 0.457 seconds
[2023-01-01T20:32:17.838-0300] {processor.py:153} INFO - Started process (PID=5569) to work on /home/kallox/airflow/dags/download_iedb.py
[2023-01-01T20:32:17.839-0300] {processor.py:743} INFO - Processing file /home/kallox/airflow/dags/download_iedb.py for tasks to queue
[2023-01-01T20:32:17.840-0300] {logging_mixin.py:137} INFO - [2023-01-01T20:32:17.840-0300] {dagbag.py:538} INFO - Filling up the DagBag from /home/kallox/airflow/dags/download_iedb.py
[2023-01-01T20:32:18.004-0300] {processor.py:753} INFO - DAG(s) dict_keys(['download_iedb']) retrieved from /home/kallox/airflow/dags/download_iedb.py
[2023-01-01T20:32:18.198-0300] {logging_mixin.py:137} INFO - [2023-01-01T20:32:18.197-0300] {dag.py:2676} INFO - Sync 1 DAGs
[2023-01-01T20:32:18.222-0300] {logging_mixin.py:137} INFO - [2023-01-01T20:32:18.222-0300] {dag.py:3427} INFO - Setting next_dagrun for download_iedb to 2023-01-01T00:00:00+00:00, run_after=2023-02-01T00:00:00+00:00
[2023-01-01T20:32:18.248-0300] {processor.py:175} INFO - Processing /home/kallox/airflow/dags/download_iedb.py took 0.413 seconds
[2023-01-01T20:32:49.235-0300] {processor.py:153} INFO - Started process (PID=5884) to work on /home/kallox/airflow/dags/download_iedb.py
[2023-01-01T20:32:49.236-0300] {processor.py:743} INFO - Processing file /home/kallox/airflow/dags/download_iedb.py for tasks to queue
[2023-01-01T20:32:49.237-0300] {logging_mixin.py:137} INFO - [2023-01-01T20:32:49.237-0300] {dagbag.py:538} INFO - Filling up the DagBag from /home/kallox/airflow/dags/download_iedb.py
[2023-01-01T20:32:49.619-0300] {processor.py:753} INFO - DAG(s) dict_keys(['download_iedb']) retrieved from /home/kallox/airflow/dags/download_iedb.py
[2023-01-01T20:32:49.650-0300] {logging_mixin.py:137} INFO - [2023-01-01T20:32:49.650-0300] {dag.py:2676} INFO - Sync 1 DAGs
[2023-01-01T20:32:49.676-0300] {logging_mixin.py:137} INFO - [2023-01-01T20:32:49.676-0300] {dag.py:3427} INFO - Setting next_dagrun for download_iedb to 2023-01-01T00:00:00+00:00, run_after=2023-02-01T00:00:00+00:00
[2023-01-01T20:32:49.703-0300] {processor.py:175} INFO - Processing /home/kallox/airflow/dags/download_iedb.py took 0.470 seconds
[2023-01-01T20:33:20.082-0300] {processor.py:153} INFO - Started process (PID=6186) to work on /home/kallox/airflow/dags/download_iedb.py
[2023-01-01T20:33:20.083-0300] {processor.py:743} INFO - Processing file /home/kallox/airflow/dags/download_iedb.py for tasks to queue
[2023-01-01T20:33:20.083-0300] {logging_mixin.py:137} INFO - [2023-01-01T20:33:20.083-0300] {dagbag.py:538} INFO - Filling up the DagBag from /home/kallox/airflow/dags/download_iedb.py
[2023-01-01T20:33:20.438-0300] {processor.py:753} INFO - DAG(s) dict_keys(['download_iedb']) retrieved from /home/kallox/airflow/dags/download_iedb.py
[2023-01-01T20:33:20.468-0300] {logging_mixin.py:137} INFO - [2023-01-01T20:33:20.468-0300] {dag.py:2676} INFO - Sync 1 DAGs
[2023-01-01T20:33:20.495-0300] {logging_mixin.py:137} INFO - [2023-01-01T20:33:20.495-0300] {dag.py:3427} INFO - Setting next_dagrun for download_iedb to 2023-01-01T00:00:00+00:00, run_after=2023-02-01T00:00:00+00:00
[2023-01-01T20:33:20.525-0300] {processor.py:175} INFO - Processing /home/kallox/airflow/dags/download_iedb.py took 0.446 seconds
[2023-01-01T20:34:48.296-0300] {processor.py:153} INFO - Started process (PID=7020) to work on /home/kallox/airflow/dags/download_iedb.py
[2023-01-01T20:34:48.296-0300] {processor.py:743} INFO - Processing file /home/kallox/airflow/dags/download_iedb.py for tasks to queue
[2023-01-01T20:34:48.297-0300] {logging_mixin.py:137} INFO - [2023-01-01T20:34:48.297-0300] {dagbag.py:538} INFO - Filling up the DagBag from /home/kallox/airflow/dags/download_iedb.py
[2023-01-01T20:34:48.432-0300] {processor.py:753} INFO - DAG(s) dict_keys(['download_iedb']) retrieved from /home/kallox/airflow/dags/download_iedb.py
[2023-01-01T20:34:48.555-0300] {logging_mixin.py:137} INFO - [2023-01-01T20:34:48.555-0300] {dag.py:2676} INFO - Sync 1 DAGs
[2023-01-01T20:34:48.576-0300] {logging_mixin.py:137} INFO - [2023-01-01T20:34:48.575-0300] {dag.py:3427} INFO - Setting next_dagrun for download_iedb to 2023-01-01T00:00:00+00:00, run_after=2023-02-01T00:00:00+00:00
[2023-01-01T20:34:48.598-0300] {processor.py:175} INFO - Processing /home/kallox/airflow/dags/download_iedb.py took 0.305 seconds
[2023-01-01T20:35:19.569-0300] {processor.py:153} INFO - Started process (PID=7110) to work on /home/kallox/airflow/dags/download_iedb.py
[2023-01-01T20:35:19.570-0300] {processor.py:743} INFO - Processing file /home/kallox/airflow/dags/download_iedb.py for tasks to queue
[2023-01-01T20:35:19.571-0300] {logging_mixin.py:137} INFO - [2023-01-01T20:35:19.571-0300] {dagbag.py:538} INFO - Filling up the DagBag from /home/kallox/airflow/dags/download_iedb.py
[2023-01-01T20:35:19.911-0300] {processor.py:753} INFO - DAG(s) dict_keys(['download_iedb']) retrieved from /home/kallox/airflow/dags/download_iedb.py
[2023-01-01T20:35:19.940-0300] {logging_mixin.py:137} INFO - [2023-01-01T20:35:19.940-0300] {dag.py:2676} INFO - Sync 1 DAGs
[2023-01-01T20:35:19.966-0300] {logging_mixin.py:137} INFO - [2023-01-01T20:35:19.966-0300] {dag.py:3427} INFO - Setting next_dagrun for download_iedb to 2023-01-01T00:00:00+00:00, run_after=2023-02-01T00:00:00+00:00
[2023-01-01T20:35:19.988-0300] {processor.py:175} INFO - Processing /home/kallox/airflow/dags/download_iedb.py took 0.422 seconds
[2023-01-01T20:35:50.163-0300] {processor.py:153} INFO - Started process (PID=7189) to work on /home/kallox/airflow/dags/download_iedb.py
[2023-01-01T20:35:50.164-0300] {processor.py:743} INFO - Processing file /home/kallox/airflow/dags/download_iedb.py for tasks to queue
[2023-01-01T20:35:50.165-0300] {logging_mixin.py:137} INFO - [2023-01-01T20:35:50.165-0300] {dagbag.py:538} INFO - Filling up the DagBag from /home/kallox/airflow/dags/download_iedb.py
[2023-01-01T20:35:50.518-0300] {processor.py:753} INFO - DAG(s) dict_keys(['download_iedb']) retrieved from /home/kallox/airflow/dags/download_iedb.py
[2023-01-01T20:35:50.549-0300] {logging_mixin.py:137} INFO - [2023-01-01T20:35:50.548-0300] {dag.py:2676} INFO - Sync 1 DAGs
[2023-01-01T20:35:50.576-0300] {logging_mixin.py:137} INFO - [2023-01-01T20:35:50.576-0300] {dag.py:3427} INFO - Setting next_dagrun for download_iedb to 2023-01-01T00:00:00+00:00, run_after=2023-02-01T00:00:00+00:00
[2023-01-01T20:35:50.603-0300] {processor.py:175} INFO - Processing /home/kallox/airflow/dags/download_iedb.py took 0.442 seconds
[2023-01-01T20:36:20.705-0300] {processor.py:153} INFO - Started process (PID=7264) to work on /home/kallox/airflow/dags/download_iedb.py
[2023-01-01T20:36:20.706-0300] {processor.py:743} INFO - Processing file /home/kallox/airflow/dags/download_iedb.py for tasks to queue
[2023-01-01T20:36:20.706-0300] {logging_mixin.py:137} INFO - [2023-01-01T20:36:20.706-0300] {dagbag.py:538} INFO - Filling up the DagBag from /home/kallox/airflow/dags/download_iedb.py
[2023-01-01T20:36:21.048-0300] {processor.py:753} INFO - DAG(s) dict_keys(['download_iedb']) retrieved from /home/kallox/airflow/dags/download_iedb.py
[2023-01-01T20:36:21.080-0300] {logging_mixin.py:137} INFO - [2023-01-01T20:36:21.079-0300] {dag.py:2676} INFO - Sync 1 DAGs
[2023-01-01T20:36:21.109-0300] {logging_mixin.py:137} INFO - [2023-01-01T20:36:21.109-0300] {dag.py:3427} INFO - Setting next_dagrun for download_iedb to 2023-01-01T00:00:00+00:00, run_after=2023-02-01T00:00:00+00:00
[2023-01-01T20:36:21.138-0300] {processor.py:175} INFO - Processing /home/kallox/airflow/dags/download_iedb.py took 0.436 seconds
[2023-01-01T20:36:51.369-0300] {processor.py:153} INFO - Started process (PID=7346) to work on /home/kallox/airflow/dags/download_iedb.py
[2023-01-01T20:36:51.370-0300] {processor.py:743} INFO - Processing file /home/kallox/airflow/dags/download_iedb.py for tasks to queue
[2023-01-01T20:36:51.371-0300] {logging_mixin.py:137} INFO - [2023-01-01T20:36:51.371-0300] {dagbag.py:538} INFO - Filling up the DagBag from /home/kallox/airflow/dags/download_iedb.py
[2023-01-01T20:36:51.716-0300] {processor.py:753} INFO - DAG(s) dict_keys(['download_iedb']) retrieved from /home/kallox/airflow/dags/download_iedb.py
[2023-01-01T20:36:51.748-0300] {logging_mixin.py:137} INFO - [2023-01-01T20:36:51.747-0300] {dag.py:2676} INFO - Sync 1 DAGs
[2023-01-01T20:36:51.773-0300] {logging_mixin.py:137} INFO - [2023-01-01T20:36:51.773-0300] {dag.py:3427} INFO - Setting next_dagrun for download_iedb to 2023-01-01T00:00:00+00:00, run_after=2023-02-01T00:00:00+00:00
[2023-01-01T20:36:51.794-0300] {processor.py:175} INFO - Processing /home/kallox/airflow/dags/download_iedb.py took 0.427 seconds
[2023-01-01T20:37:21.992-0300] {processor.py:153} INFO - Started process (PID=7431) to work on /home/kallox/airflow/dags/download_iedb.py
[2023-01-01T20:37:21.996-0300] {processor.py:743} INFO - Processing file /home/kallox/airflow/dags/download_iedb.py for tasks to queue
[2023-01-01T20:37:21.996-0300] {logging_mixin.py:137} INFO - [2023-01-01T20:37:21.996-0300] {dagbag.py:538} INFO - Filling up the DagBag from /home/kallox/airflow/dags/download_iedb.py
[2023-01-01T20:37:22.159-0300] {processor.py:753} INFO - DAG(s) dict_keys(['download_iedb']) retrieved from /home/kallox/airflow/dags/download_iedb.py
[2023-01-01T20:37:22.373-0300] {logging_mixin.py:137} INFO - [2023-01-01T20:37:22.372-0300] {dag.py:2676} INFO - Sync 1 DAGs
[2023-01-01T20:37:22.406-0300] {logging_mixin.py:137} INFO - [2023-01-01T20:37:22.406-0300] {dag.py:3427} INFO - Setting next_dagrun for download_iedb to 2023-01-01T00:00:00+00:00, run_after=2023-02-01T00:00:00+00:00
[2023-01-01T20:37:22.436-0300] {processor.py:175} INFO - Processing /home/kallox/airflow/dags/download_iedb.py took 0.445 seconds
[2023-01-01T20:37:52.891-0300] {processor.py:153} INFO - Started process (PID=7506) to work on /home/kallox/airflow/dags/download_iedb.py
[2023-01-01T20:37:52.895-0300] {processor.py:743} INFO - Processing file /home/kallox/airflow/dags/download_iedb.py for tasks to queue
[2023-01-01T20:37:52.895-0300] {logging_mixin.py:137} INFO - [2023-01-01T20:37:52.895-0300] {dagbag.py:538} INFO - Filling up the DagBag from /home/kallox/airflow/dags/download_iedb.py
[2023-01-01T20:37:53.069-0300] {processor.py:753} INFO - DAG(s) dict_keys(['download_iedb']) retrieved from /home/kallox/airflow/dags/download_iedb.py
[2023-01-01T20:37:53.284-0300] {logging_mixin.py:137} INFO - [2023-01-01T20:37:53.284-0300] {dag.py:2676} INFO - Sync 1 DAGs
[2023-01-01T20:37:53.309-0300] {logging_mixin.py:137} INFO - [2023-01-01T20:37:53.309-0300] {dag.py:3427} INFO - Setting next_dagrun for download_iedb to 2023-01-01T00:00:00+00:00, run_after=2023-02-01T00:00:00+00:00
[2023-01-01T20:37:53.348-0300] {processor.py:175} INFO - Processing /home/kallox/airflow/dags/download_iedb.py took 0.460 seconds
[2023-01-01T20:38:23.606-0300] {processor.py:153} INFO - Started process (PID=7586) to work on /home/kallox/airflow/dags/download_iedb.py
[2023-01-01T20:38:23.611-0300] {processor.py:743} INFO - Processing file /home/kallox/airflow/dags/download_iedb.py for tasks to queue
[2023-01-01T20:38:23.611-0300] {logging_mixin.py:137} INFO - [2023-01-01T20:38:23.611-0300] {dagbag.py:538} INFO - Filling up the DagBag from /home/kallox/airflow/dags/download_iedb.py
[2023-01-01T20:38:23.959-0300] {processor.py:753} INFO - DAG(s) dict_keys(['download_iedb']) retrieved from /home/kallox/airflow/dags/download_iedb.py
[2023-01-01T20:38:23.988-0300] {logging_mixin.py:137} INFO - [2023-01-01T20:38:23.988-0300] {dag.py:2676} INFO - Sync 1 DAGs
[2023-01-01T20:38:24.013-0300] {logging_mixin.py:137} INFO - [2023-01-01T20:38:24.013-0300] {dag.py:3427} INFO - Setting next_dagrun for download_iedb to 2023-01-01T00:00:00+00:00, run_after=2023-02-01T00:00:00+00:00
[2023-01-01T20:38:24.042-0300] {processor.py:175} INFO - Processing /home/kallox/airflow/dags/download_iedb.py took 0.439 seconds
[2023-01-01T20:38:54.229-0300] {processor.py:153} INFO - Started process (PID=7672) to work on /home/kallox/airflow/dags/download_iedb.py
[2023-01-01T20:38:54.231-0300] {processor.py:743} INFO - Processing file /home/kallox/airflow/dags/download_iedb.py for tasks to queue
[2023-01-01T20:38:54.232-0300] {logging_mixin.py:137} INFO - [2023-01-01T20:38:54.232-0300] {dagbag.py:538} INFO - Filling up the DagBag from /home/kallox/airflow/dags/download_iedb.py
[2023-01-01T20:38:54.656-0300] {processor.py:753} INFO - DAG(s) dict_keys(['download_iedb']) retrieved from /home/kallox/airflow/dags/download_iedb.py
[2023-01-01T20:38:54.691-0300] {logging_mixin.py:137} INFO - [2023-01-01T20:38:54.691-0300] {dag.py:2676} INFO - Sync 1 DAGs
[2023-01-01T20:38:54.723-0300] {logging_mixin.py:137} INFO - [2023-01-01T20:38:54.723-0300] {dag.py:3427} INFO - Setting next_dagrun for download_iedb to 2023-01-01T00:00:00+00:00, run_after=2023-02-01T00:00:00+00:00
[2023-01-01T20:38:54.758-0300] {processor.py:175} INFO - Processing /home/kallox/airflow/dags/download_iedb.py took 0.533 seconds
[2023-01-01T20:39:24.857-0300] {processor.py:153} INFO - Started process (PID=7749) to work on /home/kallox/airflow/dags/download_iedb.py
[2023-01-01T20:39:24.863-0300] {processor.py:743} INFO - Processing file /home/kallox/airflow/dags/download_iedb.py for tasks to queue
[2023-01-01T20:39:24.863-0300] {logging_mixin.py:137} INFO - [2023-01-01T20:39:24.863-0300] {dagbag.py:538} INFO - Filling up the DagBag from /home/kallox/airflow/dags/download_iedb.py
[2023-01-01T20:39:25.208-0300] {processor.py:753} INFO - DAG(s) dict_keys(['download_iedb']) retrieved from /home/kallox/airflow/dags/download_iedb.py
[2023-01-01T20:39:25.239-0300] {logging_mixin.py:137} INFO - [2023-01-01T20:39:25.239-0300] {dag.py:2676} INFO - Sync 1 DAGs
[2023-01-01T20:39:25.268-0300] {logging_mixin.py:137} INFO - [2023-01-01T20:39:25.268-0300] {dag.py:3427} INFO - Setting next_dagrun for download_iedb to 2023-01-01T00:00:00+00:00, run_after=2023-02-01T00:00:00+00:00
[2023-01-01T20:39:25.294-0300] {processor.py:175} INFO - Processing /home/kallox/airflow/dags/download_iedb.py took 0.439 seconds
[2023-01-01T20:39:55.634-0300] {processor.py:153} INFO - Started process (PID=7824) to work on /home/kallox/airflow/dags/download_iedb.py
[2023-01-01T20:39:55.635-0300] {processor.py:743} INFO - Processing file /home/kallox/airflow/dags/download_iedb.py for tasks to queue
[2023-01-01T20:39:55.636-0300] {logging_mixin.py:137} INFO - [2023-01-01T20:39:55.636-0300] {dagbag.py:538} INFO - Filling up the DagBag from /home/kallox/airflow/dags/download_iedb.py
[2023-01-01T20:39:55.988-0300] {processor.py:753} INFO - DAG(s) dict_keys(['download_iedb']) retrieved from /home/kallox/airflow/dags/download_iedb.py
[2023-01-01T20:39:56.019-0300] {logging_mixin.py:137} INFO - [2023-01-01T20:39:56.019-0300] {dag.py:2676} INFO - Sync 1 DAGs
[2023-01-01T20:39:56.045-0300] {logging_mixin.py:137} INFO - [2023-01-01T20:39:56.044-0300] {dag.py:3427} INFO - Setting next_dagrun for download_iedb to 2023-01-01T00:00:00+00:00, run_after=2023-02-01T00:00:00+00:00
[2023-01-01T20:39:56.073-0300] {processor.py:175} INFO - Processing /home/kallox/airflow/dags/download_iedb.py took 0.441 seconds
[2023-01-01T20:40:26.293-0300] {processor.py:153} INFO - Started process (PID=7904) to work on /home/kallox/airflow/dags/download_iedb.py
[2023-01-01T20:40:26.294-0300] {processor.py:743} INFO - Processing file /home/kallox/airflow/dags/download_iedb.py for tasks to queue
[2023-01-01T20:40:26.295-0300] {logging_mixin.py:137} INFO - [2023-01-01T20:40:26.295-0300] {dagbag.py:538} INFO - Filling up the DagBag from /home/kallox/airflow/dags/download_iedb.py
[2023-01-01T20:40:26.676-0300] {processor.py:753} INFO - DAG(s) dict_keys(['download_iedb']) retrieved from /home/kallox/airflow/dags/download_iedb.py
[2023-01-01T20:40:26.706-0300] {logging_mixin.py:137} INFO - [2023-01-01T20:40:26.706-0300] {dag.py:2676} INFO - Sync 1 DAGs
[2023-01-01T20:40:26.733-0300] {logging_mixin.py:137} INFO - [2023-01-01T20:40:26.733-0300] {dag.py:3427} INFO - Setting next_dagrun for download_iedb to 2023-01-01T00:00:00+00:00, run_after=2023-02-01T00:00:00+00:00
[2023-01-01T20:40:26.759-0300] {processor.py:175} INFO - Processing /home/kallox/airflow/dags/download_iedb.py took 0.469 seconds
[2023-01-01T20:40:56.855-0300] {processor.py:153} INFO - Started process (PID=7985) to work on /home/kallox/airflow/dags/download_iedb.py
[2023-01-01T20:40:56.856-0300] {processor.py:743} INFO - Processing file /home/kallox/airflow/dags/download_iedb.py for tasks to queue
[2023-01-01T20:40:56.857-0300] {logging_mixin.py:137} INFO - [2023-01-01T20:40:56.856-0300] {dagbag.py:538} INFO - Filling up the DagBag from /home/kallox/airflow/dags/download_iedb.py
[2023-01-01T20:40:57.217-0300] {processor.py:753} INFO - DAG(s) dict_keys(['download_iedb']) retrieved from /home/kallox/airflow/dags/download_iedb.py
[2023-01-01T20:40:57.246-0300] {logging_mixin.py:137} INFO - [2023-01-01T20:40:57.246-0300] {dag.py:2676} INFO - Sync 1 DAGs
[2023-01-01T20:40:57.276-0300] {logging_mixin.py:137} INFO - [2023-01-01T20:40:57.275-0300] {dag.py:3427} INFO - Setting next_dagrun for download_iedb to 2023-01-01T00:00:00+00:00, run_after=2023-02-01T00:00:00+00:00
[2023-01-01T20:40:57.305-0300] {processor.py:175} INFO - Processing /home/kallox/airflow/dags/download_iedb.py took 0.454 seconds
[2023-01-01T20:41:27.442-0300] {processor.py:153} INFO - Started process (PID=8058) to work on /home/kallox/airflow/dags/download_iedb.py
[2023-01-01T20:41:27.443-0300] {processor.py:743} INFO - Processing file /home/kallox/airflow/dags/download_iedb.py for tasks to queue
[2023-01-01T20:41:27.444-0300] {logging_mixin.py:137} INFO - [2023-01-01T20:41:27.444-0300] {dagbag.py:538} INFO - Filling up the DagBag from /home/kallox/airflow/dags/download_iedb.py
[2023-01-01T20:41:27.801-0300] {processor.py:753} INFO - DAG(s) dict_keys(['download_iedb']) retrieved from /home/kallox/airflow/dags/download_iedb.py
[2023-01-01T20:41:27.831-0300] {logging_mixin.py:137} INFO - [2023-01-01T20:41:27.830-0300] {dag.py:2676} INFO - Sync 1 DAGs
[2023-01-01T20:41:27.858-0300] {logging_mixin.py:137} INFO - [2023-01-01T20:41:27.858-0300] {dag.py:3427} INFO - Setting next_dagrun for download_iedb to 2023-01-01T00:00:00+00:00, run_after=2023-02-01T00:00:00+00:00
[2023-01-01T20:41:27.887-0300] {processor.py:175} INFO - Processing /home/kallox/airflow/dags/download_iedb.py took 0.447 seconds
[2023-01-01T20:41:58.094-0300] {processor.py:153} INFO - Started process (PID=8147) to work on /home/kallox/airflow/dags/download_iedb.py
[2023-01-01T20:41:58.095-0300] {processor.py:743} INFO - Processing file /home/kallox/airflow/dags/download_iedb.py for tasks to queue
[2023-01-01T20:41:58.096-0300] {logging_mixin.py:137} INFO - [2023-01-01T20:41:58.096-0300] {dagbag.py:538} INFO - Filling up the DagBag from /home/kallox/airflow/dags/download_iedb.py
[2023-01-01T20:41:58.461-0300] {processor.py:753} INFO - DAG(s) dict_keys(['download_iedb']) retrieved from /home/kallox/airflow/dags/download_iedb.py
[2023-01-01T20:41:58.491-0300] {logging_mixin.py:137} INFO - [2023-01-01T20:41:58.491-0300] {dag.py:2676} INFO - Sync 1 DAGs
[2023-01-01T20:41:58.517-0300] {logging_mixin.py:137} INFO - [2023-01-01T20:41:58.517-0300] {dag.py:3427} INFO - Setting next_dagrun for download_iedb to 2023-01-01T00:00:00+00:00, run_after=2023-02-01T00:00:00+00:00
[2023-01-01T20:41:58.547-0300] {processor.py:175} INFO - Processing /home/kallox/airflow/dags/download_iedb.py took 0.455 seconds
[2023-01-01T20:42:28.853-0300] {processor.py:153} INFO - Started process (PID=8253) to work on /home/kallox/airflow/dags/download_iedb.py
[2023-01-01T20:42:28.856-0300] {processor.py:743} INFO - Processing file /home/kallox/airflow/dags/download_iedb.py for tasks to queue
[2023-01-01T20:42:28.857-0300] {logging_mixin.py:137} INFO - [2023-01-01T20:42:28.856-0300] {dagbag.py:538} INFO - Filling up the DagBag from /home/kallox/airflow/dags/download_iedb.py
[2023-01-01T20:42:29.104-0300] {processor.py:753} INFO - DAG(s) dict_keys(['download_iedb']) retrieved from /home/kallox/airflow/dags/download_iedb.py
[2023-01-01T20:42:29.130-0300] {logging_mixin.py:137} INFO - [2023-01-01T20:42:29.129-0300] {dag.py:2676} INFO - Sync 1 DAGs
[2023-01-01T20:42:29.153-0300] {logging_mixin.py:137} INFO - [2023-01-01T20:42:29.153-0300] {dag.py:3427} INFO - Setting next_dagrun for download_iedb to 2023-01-01T00:00:00+00:00, run_after=2023-02-01T00:00:00+00:00
[2023-01-01T20:42:29.169-0300] {processor.py:175} INFO - Processing /home/kallox/airflow/dags/download_iedb.py took 0.319 seconds
[2023-01-01T20:42:59.210-0300] {processor.py:153} INFO - Started process (PID=8329) to work on /home/kallox/airflow/dags/download_iedb.py
[2023-01-01T20:42:59.211-0300] {processor.py:743} INFO - Processing file /home/kallox/airflow/dags/download_iedb.py for tasks to queue
[2023-01-01T20:42:59.212-0300] {logging_mixin.py:137} INFO - [2023-01-01T20:42:59.212-0300] {dagbag.py:538} INFO - Filling up the DagBag from /home/kallox/airflow/dags/download_iedb.py
[2023-01-01T20:42:59.561-0300] {processor.py:753} INFO - DAG(s) dict_keys(['download_iedb']) retrieved from /home/kallox/airflow/dags/download_iedb.py
[2023-01-01T20:42:59.591-0300] {logging_mixin.py:137} INFO - [2023-01-01T20:42:59.591-0300] {dag.py:2676} INFO - Sync 1 DAGs
[2023-01-01T20:42:59.616-0300] {logging_mixin.py:137} INFO - [2023-01-01T20:42:59.616-0300] {dag.py:3427} INFO - Setting next_dagrun for download_iedb to 2023-01-01T00:00:00+00:00, run_after=2023-02-01T00:00:00+00:00
[2023-01-01T20:42:59.645-0300] {processor.py:175} INFO - Processing /home/kallox/airflow/dags/download_iedb.py took 0.438 seconds
[2023-01-01T20:43:29.846-0300] {processor.py:153} INFO - Started process (PID=8403) to work on /home/kallox/airflow/dags/download_iedb.py
[2023-01-01T20:43:29.847-0300] {processor.py:743} INFO - Processing file /home/kallox/airflow/dags/download_iedb.py for tasks to queue
[2023-01-01T20:43:29.848-0300] {logging_mixin.py:137} INFO - [2023-01-01T20:43:29.847-0300] {dagbag.py:538} INFO - Filling up the DagBag from /home/kallox/airflow/dags/download_iedb.py
[2023-01-01T20:43:30.201-0300] {processor.py:753} INFO - DAG(s) dict_keys(['download_iedb']) retrieved from /home/kallox/airflow/dags/download_iedb.py
[2023-01-01T20:43:30.232-0300] {logging_mixin.py:137} INFO - [2023-01-01T20:43:30.232-0300] {dag.py:2676} INFO - Sync 1 DAGs
[2023-01-01T20:43:30.258-0300] {logging_mixin.py:137} INFO - [2023-01-01T20:43:30.258-0300] {dag.py:3427} INFO - Setting next_dagrun for download_iedb to 2023-01-01T00:00:00+00:00, run_after=2023-02-01T00:00:00+00:00
[2023-01-01T20:43:30.289-0300] {processor.py:175} INFO - Processing /home/kallox/airflow/dags/download_iedb.py took 0.446 seconds
[2023-01-01T20:44:00.501-0300] {processor.py:153} INFO - Started process (PID=8489) to work on /home/kallox/airflow/dags/download_iedb.py
[2023-01-01T20:44:00.502-0300] {processor.py:743} INFO - Processing file /home/kallox/airflow/dags/download_iedb.py for tasks to queue
[2023-01-01T20:44:00.503-0300] {logging_mixin.py:137} INFO - [2023-01-01T20:44:00.503-0300] {dagbag.py:538} INFO - Filling up the DagBag from /home/kallox/airflow/dags/download_iedb.py
[2023-01-01T20:44:00.874-0300] {processor.py:753} INFO - DAG(s) dict_keys(['download_iedb']) retrieved from /home/kallox/airflow/dags/download_iedb.py
[2023-01-01T20:44:00.913-0300] {logging_mixin.py:137} INFO - [2023-01-01T20:44:00.913-0300] {dag.py:2676} INFO - Sync 1 DAGs
[2023-01-01T20:44:00.975-0300] {logging_mixin.py:137} INFO - [2023-01-01T20:44:00.975-0300] {dag.py:3427} INFO - Setting next_dagrun for download_iedb to 2023-01-01T00:00:00+00:00, run_after=2023-02-01T00:00:00+00:00
[2023-01-01T20:44:01.028-0300] {processor.py:175} INFO - Processing /home/kallox/airflow/dags/download_iedb.py took 0.530 seconds
[2023-01-01T20:44:31.091-0300] {processor.py:153} INFO - Started process (PID=8591) to work on /home/kallox/airflow/dags/download_iedb.py
[2023-01-01T20:44:31.092-0300] {processor.py:743} INFO - Processing file /home/kallox/airflow/dags/download_iedb.py for tasks to queue
[2023-01-01T20:44:31.093-0300] {logging_mixin.py:137} INFO - [2023-01-01T20:44:31.093-0300] {dagbag.py:538} INFO - Filling up the DagBag from /home/kallox/airflow/dags/download_iedb.py
[2023-01-01T20:44:31.436-0300] {processor.py:753} INFO - DAG(s) dict_keys(['download_iedb']) retrieved from /home/kallox/airflow/dags/download_iedb.py
[2023-01-01T20:44:31.466-0300] {logging_mixin.py:137} INFO - [2023-01-01T20:44:31.466-0300] {dag.py:2676} INFO - Sync 1 DAGs
[2023-01-01T20:44:31.494-0300] {logging_mixin.py:137} INFO - [2023-01-01T20:44:31.494-0300] {dag.py:3427} INFO - Setting next_dagrun for download_iedb to 2023-01-01T00:00:00+00:00, run_after=2023-02-01T00:00:00+00:00
[2023-01-01T20:44:31.514-0300] {processor.py:175} INFO - Processing /home/kallox/airflow/dags/download_iedb.py took 0.426 seconds
[2023-01-01T20:45:01.961-0300] {processor.py:153} INFO - Started process (PID=8674) to work on /home/kallox/airflow/dags/download_iedb.py
[2023-01-01T20:45:01.962-0300] {processor.py:743} INFO - Processing file /home/kallox/airflow/dags/download_iedb.py for tasks to queue
[2023-01-01T20:45:01.963-0300] {logging_mixin.py:137} INFO - [2023-01-01T20:45:01.963-0300] {dagbag.py:538} INFO - Filling up the DagBag from /home/kallox/airflow/dags/download_iedb.py
[2023-01-01T20:45:02.313-0300] {processor.py:753} INFO - DAG(s) dict_keys(['download_iedb']) retrieved from /home/kallox/airflow/dags/download_iedb.py
[2023-01-01T20:45:02.344-0300] {logging_mixin.py:137} INFO - [2023-01-01T20:45:02.344-0300] {dag.py:2676} INFO - Sync 1 DAGs
[2023-01-01T20:45:02.371-0300] {logging_mixin.py:137} INFO - [2023-01-01T20:45:02.371-0300] {dag.py:3427} INFO - Setting next_dagrun for download_iedb to 2023-01-01T00:00:00+00:00, run_after=2023-02-01T00:00:00+00:00
[2023-01-01T20:45:02.400-0300] {processor.py:175} INFO - Processing /home/kallox/airflow/dags/download_iedb.py took 0.442 seconds
[2023-01-01T20:45:33.394-0300] {processor.py:153} INFO - Started process (PID=8766) to work on /home/kallox/airflow/dags/download_iedb.py
[2023-01-01T20:45:33.396-0300] {processor.py:743} INFO - Processing file /home/kallox/airflow/dags/download_iedb.py for tasks to queue
[2023-01-01T20:45:33.396-0300] {logging_mixin.py:137} INFO - [2023-01-01T20:45:33.396-0300] {dagbag.py:538} INFO - Filling up the DagBag from /home/kallox/airflow/dags/download_iedb.py
[2023-01-01T20:45:33.749-0300] {processor.py:753} INFO - DAG(s) dict_keys(['download_iedb']) retrieved from /home/kallox/airflow/dags/download_iedb.py
[2023-01-01T20:45:33.779-0300] {logging_mixin.py:137} INFO - [2023-01-01T20:45:33.779-0300] {dag.py:2676} INFO - Sync 1 DAGs
[2023-01-01T20:45:33.804-0300] {logging_mixin.py:137} INFO - [2023-01-01T20:45:33.804-0300] {dag.py:3427} INFO - Setting next_dagrun for download_iedb to 2023-01-01T00:00:00+00:00, run_after=2023-02-01T00:00:00+00:00
[2023-01-01T20:45:33.833-0300] {processor.py:175} INFO - Processing /home/kallox/airflow/dags/download_iedb.py took 0.443 seconds
[2023-01-01T20:46:04.750-0300] {processor.py:153} INFO - Started process (PID=8855) to work on /home/kallox/airflow/dags/download_iedb.py
[2023-01-01T20:46:04.754-0300] {processor.py:743} INFO - Processing file /home/kallox/airflow/dags/download_iedb.py for tasks to queue
[2023-01-01T20:46:04.755-0300] {logging_mixin.py:137} INFO - [2023-01-01T20:46:04.754-0300] {dagbag.py:538} INFO - Filling up the DagBag from /home/kallox/airflow/dags/download_iedb.py
[2023-01-01T20:46:05.191-0300] {processor.py:753} INFO - DAG(s) dict_keys(['download_iedb']) retrieved from /home/kallox/airflow/dags/download_iedb.py
[2023-01-01T20:46:05.224-0300] {logging_mixin.py:137} INFO - [2023-01-01T20:46:05.223-0300] {dag.py:2676} INFO - Sync 1 DAGs
[2023-01-01T20:46:05.249-0300] {logging_mixin.py:137} INFO - [2023-01-01T20:46:05.249-0300] {dag.py:3427} INFO - Setting next_dagrun for download_iedb to 2023-01-01T00:00:00+00:00, run_after=2023-02-01T00:00:00+00:00
[2023-01-01T20:46:05.275-0300] {processor.py:175} INFO - Processing /home/kallox/airflow/dags/download_iedb.py took 0.527 seconds
[2023-01-01T20:46:36.244-0300] {processor.py:153} INFO - Started process (PID=8945) to work on /home/kallox/airflow/dags/download_iedb.py
[2023-01-01T20:46:36.247-0300] {processor.py:743} INFO - Processing file /home/kallox/airflow/dags/download_iedb.py for tasks to queue
[2023-01-01T20:46:36.248-0300] {logging_mixin.py:137} INFO - [2023-01-01T20:46:36.248-0300] {dagbag.py:538} INFO - Filling up the DagBag from /home/kallox/airflow/dags/download_iedb.py
[2023-01-01T20:46:36.569-0300] {processor.py:753} INFO - DAG(s) dict_keys(['download_iedb']) retrieved from /home/kallox/airflow/dags/download_iedb.py
[2023-01-01T20:46:36.598-0300] {logging_mixin.py:137} INFO - [2023-01-01T20:46:36.598-0300] {dag.py:2676} INFO - Sync 1 DAGs
[2023-01-01T20:46:36.623-0300] {logging_mixin.py:137} INFO - [2023-01-01T20:46:36.623-0300] {dag.py:3427} INFO - Setting next_dagrun for download_iedb to 2023-01-01T00:00:00+00:00, run_after=2023-02-01T00:00:00+00:00
[2023-01-01T20:46:36.653-0300] {processor.py:175} INFO - Processing /home/kallox/airflow/dags/download_iedb.py took 0.411 seconds
[2023-01-01T20:47:06.913-0300] {processor.py:153} INFO - Started process (PID=9026) to work on /home/kallox/airflow/dags/download_iedb.py
[2023-01-01T20:47:06.915-0300] {processor.py:743} INFO - Processing file /home/kallox/airflow/dags/download_iedb.py for tasks to queue
[2023-01-01T20:47:06.916-0300] {logging_mixin.py:137} INFO - [2023-01-01T20:47:06.916-0300] {dagbag.py:538} INFO - Filling up the DagBag from /home/kallox/airflow/dags/download_iedb.py
[2023-01-01T20:47:07.190-0300] {processor.py:753} INFO - DAG(s) dict_keys(['download_iedb']) retrieved from /home/kallox/airflow/dags/download_iedb.py
[2023-01-01T20:47:07.216-0300] {logging_mixin.py:137} INFO - [2023-01-01T20:47:07.216-0300] {dag.py:2676} INFO - Sync 1 DAGs
[2023-01-01T20:47:07.244-0300] {logging_mixin.py:137} INFO - [2023-01-01T20:47:07.244-0300] {dag.py:3427} INFO - Setting next_dagrun for download_iedb to 2023-01-01T00:00:00+00:00, run_after=2023-02-01T00:00:00+00:00
[2023-01-01T20:47:07.269-0300] {processor.py:175} INFO - Processing /home/kallox/airflow/dags/download_iedb.py took 0.359 seconds
[2023-01-01T20:47:38.222-0300] {processor.py:153} INFO - Started process (PID=9101) to work on /home/kallox/airflow/dags/download_iedb.py
[2023-01-01T20:47:38.225-0300] {processor.py:743} INFO - Processing file /home/kallox/airflow/dags/download_iedb.py for tasks to queue
[2023-01-01T20:47:38.225-0300] {logging_mixin.py:137} INFO - [2023-01-01T20:47:38.225-0300] {dagbag.py:538} INFO - Filling up the DagBag from /home/kallox/airflow/dags/download_iedb.py
[2023-01-01T20:47:38.588-0300] {processor.py:753} INFO - DAG(s) dict_keys(['download_iedb']) retrieved from /home/kallox/airflow/dags/download_iedb.py
[2023-01-01T20:47:38.619-0300] {logging_mixin.py:137} INFO - [2023-01-01T20:47:38.619-0300] {dag.py:2676} INFO - Sync 1 DAGs
[2023-01-01T20:47:38.644-0300] {logging_mixin.py:137} INFO - [2023-01-01T20:47:38.644-0300] {dag.py:3427} INFO - Setting next_dagrun for download_iedb to 2023-01-01T00:00:00+00:00, run_after=2023-02-01T00:00:00+00:00
[2023-01-01T20:47:38.670-0300] {processor.py:175} INFO - Processing /home/kallox/airflow/dags/download_iedb.py took 0.452 seconds
[2023-01-01T20:48:08.810-0300] {processor.py:153} INFO - Started process (PID=9175) to work on /home/kallox/airflow/dags/download_iedb.py
[2023-01-01T20:48:08.811-0300] {processor.py:743} INFO - Processing file /home/kallox/airflow/dags/download_iedb.py for tasks to queue
[2023-01-01T20:48:08.812-0300] {logging_mixin.py:137} INFO - [2023-01-01T20:48:08.811-0300] {dagbag.py:538} INFO - Filling up the DagBag from /home/kallox/airflow/dags/download_iedb.py
[2023-01-01T20:48:09.026-0300] {processor.py:753} INFO - DAG(s) dict_keys(['download_iedb']) retrieved from /home/kallox/airflow/dags/download_iedb.py
[2023-01-01T20:48:09.049-0300] {logging_mixin.py:137} INFO - [2023-01-01T20:48:09.049-0300] {dag.py:2676} INFO - Sync 1 DAGs
[2023-01-01T20:48:09.069-0300] {logging_mixin.py:137} INFO - [2023-01-01T20:48:09.069-0300] {dag.py:3427} INFO - Setting next_dagrun for download_iedb to 2023-01-01T00:00:00+00:00, run_after=2023-02-01T00:00:00+00:00
[2023-01-01T20:48:09.083-0300] {processor.py:175} INFO - Processing /home/kallox/airflow/dags/download_iedb.py took 0.275 seconds
[2023-01-01T20:48:39.292-0300] {processor.py:153} INFO - Started process (PID=9263) to work on /home/kallox/airflow/dags/download_iedb.py
[2023-01-01T20:48:39.295-0300] {processor.py:743} INFO - Processing file /home/kallox/airflow/dags/download_iedb.py for tasks to queue
[2023-01-01T20:48:39.295-0300] {logging_mixin.py:137} INFO - [2023-01-01T20:48:39.295-0300] {dagbag.py:538} INFO - Filling up the DagBag from /home/kallox/airflow/dags/download_iedb.py
[2023-01-01T20:48:39.661-0300] {processor.py:753} INFO - DAG(s) dict_keys(['download_iedb']) retrieved from /home/kallox/airflow/dags/download_iedb.py
[2023-01-01T20:48:39.692-0300] {logging_mixin.py:137} INFO - [2023-01-01T20:48:39.691-0300] {dag.py:2676} INFO - Sync 1 DAGs
[2023-01-01T20:48:39.714-0300] {logging_mixin.py:137} INFO - [2023-01-01T20:48:39.714-0300] {dag.py:3427} INFO - Setting next_dagrun for download_iedb to 2023-01-01T00:00:00+00:00, run_after=2023-02-01T00:00:00+00:00
[2023-01-01T20:48:39.730-0300] {processor.py:175} INFO - Processing /home/kallox/airflow/dags/download_iedb.py took 0.440 seconds
[2023-01-01T20:49:09.817-0300] {processor.py:153} INFO - Started process (PID=9343) to work on /home/kallox/airflow/dags/download_iedb.py
[2023-01-01T20:49:09.820-0300] {processor.py:743} INFO - Processing file /home/kallox/airflow/dags/download_iedb.py for tasks to queue
[2023-01-01T20:49:09.820-0300] {logging_mixin.py:137} INFO - [2023-01-01T20:49:09.820-0300] {dagbag.py:538} INFO - Filling up the DagBag from /home/kallox/airflow/dags/download_iedb.py
[2023-01-01T20:49:10.070-0300] {processor.py:753} INFO - DAG(s) dict_keys(['download_iedb']) retrieved from /home/kallox/airflow/dags/download_iedb.py
[2023-01-01T20:49:10.102-0300] {logging_mixin.py:137} INFO - [2023-01-01T20:49:10.102-0300] {dag.py:2676} INFO - Sync 1 DAGs
[2023-01-01T20:49:10.131-0300] {logging_mixin.py:137} INFO - [2023-01-01T20:49:10.130-0300] {dag.py:3427} INFO - Setting next_dagrun for download_iedb to 2023-01-01T00:00:00+00:00, run_after=2023-02-01T00:00:00+00:00
[2023-01-01T20:49:10.158-0300] {processor.py:175} INFO - Processing /home/kallox/airflow/dags/download_iedb.py took 0.344 seconds
[2023-01-01T20:49:40.210-0300] {processor.py:153} INFO - Started process (PID=9419) to work on /home/kallox/airflow/dags/download_iedb.py
[2023-01-01T20:49:40.211-0300] {processor.py:743} INFO - Processing file /home/kallox/airflow/dags/download_iedb.py for tasks to queue
[2023-01-01T20:49:40.212-0300] {logging_mixin.py:137} INFO - [2023-01-01T20:49:40.212-0300] {dagbag.py:538} INFO - Filling up the DagBag from /home/kallox/airflow/dags/download_iedb.py
[2023-01-01T20:49:40.572-0300] {processor.py:753} INFO - DAG(s) dict_keys(['download_iedb']) retrieved from /home/kallox/airflow/dags/download_iedb.py
[2023-01-01T20:49:40.602-0300] {logging_mixin.py:137} INFO - [2023-01-01T20:49:40.602-0300] {dag.py:2676} INFO - Sync 1 DAGs
[2023-01-01T20:49:40.628-0300] {logging_mixin.py:137} INFO - [2023-01-01T20:49:40.628-0300] {dag.py:3427} INFO - Setting next_dagrun for download_iedb to 2023-01-01T00:00:00+00:00, run_after=2023-02-01T00:00:00+00:00
[2023-01-01T20:49:40.658-0300] {processor.py:175} INFO - Processing /home/kallox/airflow/dags/download_iedb.py took 0.452 seconds
[2023-01-01T20:50:11.353-0300] {processor.py:153} INFO - Started process (PID=9499) to work on /home/kallox/airflow/dags/download_iedb.py
[2023-01-01T20:50:11.355-0300] {processor.py:743} INFO - Processing file /home/kallox/airflow/dags/download_iedb.py for tasks to queue
[2023-01-01T20:50:11.356-0300] {logging_mixin.py:137} INFO - [2023-01-01T20:50:11.356-0300] {dagbag.py:538} INFO - Filling up the DagBag from /home/kallox/airflow/dags/download_iedb.py
[2023-01-01T20:50:11.716-0300] {processor.py:753} INFO - DAG(s) dict_keys(['download_iedb']) retrieved from /home/kallox/airflow/dags/download_iedb.py
[2023-01-01T20:50:11.746-0300] {logging_mixin.py:137} INFO - [2023-01-01T20:50:11.745-0300] {dag.py:2676} INFO - Sync 1 DAGs
[2023-01-01T20:50:11.772-0300] {logging_mixin.py:137} INFO - [2023-01-01T20:50:11.771-0300] {dag.py:3427} INFO - Setting next_dagrun for download_iedb to 2023-01-01T00:00:00+00:00, run_after=2023-02-01T00:00:00+00:00
[2023-01-01T20:50:11.803-0300] {processor.py:175} INFO - Processing /home/kallox/airflow/dags/download_iedb.py took 0.453 seconds
[2023-01-01T20:50:41.928-0300] {processor.py:153} INFO - Started process (PID=9575) to work on /home/kallox/airflow/dags/download_iedb.py
[2023-01-01T20:50:41.930-0300] {processor.py:743} INFO - Processing file /home/kallox/airflow/dags/download_iedb.py for tasks to queue
[2023-01-01T20:50:41.930-0300] {logging_mixin.py:137} INFO - [2023-01-01T20:50:41.930-0300] {dagbag.py:538} INFO - Filling up the DagBag from /home/kallox/airflow/dags/download_iedb.py
[2023-01-01T20:50:42.248-0300] {processor.py:753} INFO - DAG(s) dict_keys(['download_iedb']) retrieved from /home/kallox/airflow/dags/download_iedb.py
[2023-01-01T20:50:42.279-0300] {logging_mixin.py:137} INFO - [2023-01-01T20:50:42.278-0300] {dag.py:2676} INFO - Sync 1 DAGs
[2023-01-01T20:50:42.305-0300] {logging_mixin.py:137} INFO - [2023-01-01T20:50:42.305-0300] {dag.py:3427} INFO - Setting next_dagrun for download_iedb to 2023-01-01T00:00:00+00:00, run_after=2023-02-01T00:00:00+00:00
[2023-01-01T20:50:42.332-0300] {processor.py:175} INFO - Processing /home/kallox/airflow/dags/download_iedb.py took 0.407 seconds
[2023-01-01T20:51:12.547-0300] {processor.py:153} INFO - Started process (PID=9657) to work on /home/kallox/airflow/dags/download_iedb.py
[2023-01-01T20:51:12.548-0300] {processor.py:743} INFO - Processing file /home/kallox/airflow/dags/download_iedb.py for tasks to queue
[2023-01-01T20:51:12.549-0300] {logging_mixin.py:137} INFO - [2023-01-01T20:51:12.549-0300] {dagbag.py:538} INFO - Filling up the DagBag from /home/kallox/airflow/dags/download_iedb.py
[2023-01-01T20:51:12.824-0300] {processor.py:753} INFO - DAG(s) dict_keys(['download_iedb']) retrieved from /home/kallox/airflow/dags/download_iedb.py
[2023-01-01T20:51:12.851-0300] {logging_mixin.py:137} INFO - [2023-01-01T20:51:12.851-0300] {dag.py:2676} INFO - Sync 1 DAGs
[2023-01-01T20:51:12.873-0300] {logging_mixin.py:137} INFO - [2023-01-01T20:51:12.873-0300] {dag.py:3427} INFO - Setting next_dagrun for download_iedb to 2023-01-01T00:00:00+00:00, run_after=2023-02-01T00:00:00+00:00
[2023-01-01T20:51:12.898-0300] {processor.py:175} INFO - Processing /home/kallox/airflow/dags/download_iedb.py took 0.353 seconds
[2023-01-01T20:51:42.954-0300] {processor.py:153} INFO - Started process (PID=9748) to work on /home/kallox/airflow/dags/download_iedb.py
[2023-01-01T20:51:42.956-0300] {processor.py:743} INFO - Processing file /home/kallox/airflow/dags/download_iedb.py for tasks to queue
[2023-01-01T20:51:42.957-0300] {logging_mixin.py:137} INFO - [2023-01-01T20:51:42.957-0300] {dagbag.py:538} INFO - Filling up the DagBag from /home/kallox/airflow/dags/download_iedb.py
[2023-01-01T20:51:43.399-0300] {processor.py:753} INFO - DAG(s) dict_keys(['download_iedb']) retrieved from /home/kallox/airflow/dags/download_iedb.py
[2023-01-01T20:51:43.444-0300] {logging_mixin.py:137} INFO - [2023-01-01T20:51:43.444-0300] {dag.py:2676} INFO - Sync 1 DAGs
[2023-01-01T20:51:43.479-0300] {logging_mixin.py:137} INFO - [2023-01-01T20:51:43.479-0300] {dag.py:3427} INFO - Setting next_dagrun for download_iedb to 2023-01-01T00:00:00+00:00, run_after=2023-02-01T00:00:00+00:00
[2023-01-01T20:51:43.513-0300] {processor.py:175} INFO - Processing /home/kallox/airflow/dags/download_iedb.py took 0.562 seconds
[2023-01-01T20:52:14.033-0300] {processor.py:153} INFO - Started process (PID=9825) to work on /home/kallox/airflow/dags/download_iedb.py
[2023-01-01T20:52:14.034-0300] {processor.py:743} INFO - Processing file /home/kallox/airflow/dags/download_iedb.py for tasks to queue
[2023-01-01T20:52:14.035-0300] {logging_mixin.py:137} INFO - [2023-01-01T20:52:14.035-0300] {dagbag.py:538} INFO - Filling up the DagBag from /home/kallox/airflow/dags/download_iedb.py
[2023-01-01T20:52:14.365-0300] {processor.py:753} INFO - DAG(s) dict_keys(['download_iedb']) retrieved from /home/kallox/airflow/dags/download_iedb.py
[2023-01-01T20:52:14.399-0300] {logging_mixin.py:137} INFO - [2023-01-01T20:52:14.399-0300] {dag.py:2676} INFO - Sync 1 DAGs
[2023-01-01T20:52:14.427-0300] {logging_mixin.py:137} INFO - [2023-01-01T20:52:14.427-0300] {dag.py:3427} INFO - Setting next_dagrun for download_iedb to 2023-01-01T00:00:00+00:00, run_after=2023-02-01T00:00:00+00:00
[2023-01-01T20:52:14.463-0300] {processor.py:175} INFO - Processing /home/kallox/airflow/dags/download_iedb.py took 0.433 seconds
[2023-01-01T20:52:44.912-0300] {processor.py:153} INFO - Started process (PID=10037) to work on /home/kallox/airflow/dags/download_iedb.py
[2023-01-01T20:52:44.913-0300] {processor.py:743} INFO - Processing file /home/kallox/airflow/dags/download_iedb.py for tasks to queue
[2023-01-01T20:52:44.914-0300] {logging_mixin.py:137} INFO - [2023-01-01T20:52:44.914-0300] {dagbag.py:538} INFO - Filling up the DagBag from /home/kallox/airflow/dags/download_iedb.py
[2023-01-01T20:52:45.192-0300] {processor.py:753} INFO - DAG(s) dict_keys(['download_iedb']) retrieved from /home/kallox/airflow/dags/download_iedb.py
[2023-01-01T20:52:45.218-0300] {logging_mixin.py:137} INFO - [2023-01-01T20:52:45.218-0300] {dag.py:2676} INFO - Sync 1 DAGs
[2023-01-01T20:52:45.240-0300] {logging_mixin.py:137} INFO - [2023-01-01T20:52:45.240-0300] {dag.py:3427} INFO - Setting next_dagrun for download_iedb to 2023-01-01T00:00:00+00:00, run_after=2023-02-01T00:00:00+00:00
[2023-01-01T20:52:45.261-0300] {processor.py:175} INFO - Processing /home/kallox/airflow/dags/download_iedb.py took 0.352 seconds
[2023-01-01T20:53:15.386-0300] {processor.py:153} INFO - Started process (PID=10192) to work on /home/kallox/airflow/dags/download_iedb.py
[2023-01-01T20:53:15.387-0300] {processor.py:743} INFO - Processing file /home/kallox/airflow/dags/download_iedb.py for tasks to queue
[2023-01-01T20:53:15.388-0300] {logging_mixin.py:137} INFO - [2023-01-01T20:53:15.388-0300] {dagbag.py:538} INFO - Filling up the DagBag from /home/kallox/airflow/dags/download_iedb.py
[2023-01-01T20:53:15.694-0300] {processor.py:753} INFO - DAG(s) dict_keys(['download_iedb']) retrieved from /home/kallox/airflow/dags/download_iedb.py
[2023-01-01T20:53:15.725-0300] {logging_mixin.py:137} INFO - [2023-01-01T20:53:15.725-0300] {dag.py:2676} INFO - Sync 1 DAGs
[2023-01-01T20:53:15.751-0300] {logging_mixin.py:137} INFO - [2023-01-01T20:53:15.751-0300] {dag.py:3427} INFO - Setting next_dagrun for download_iedb to 2023-01-01T00:00:00+00:00, run_after=2023-02-01T00:00:00+00:00
[2023-01-01T20:53:15.782-0300] {processor.py:175} INFO - Processing /home/kallox/airflow/dags/download_iedb.py took 0.398 seconds
[2023-01-01T20:53:46.034-0300] {processor.py:153} INFO - Started process (PID=10348) to work on /home/kallox/airflow/dags/download_iedb.py
[2023-01-01T20:53:46.036-0300] {processor.py:743} INFO - Processing file /home/kallox/airflow/dags/download_iedb.py for tasks to queue
[2023-01-01T20:53:46.037-0300] {logging_mixin.py:137} INFO - [2023-01-01T20:53:46.037-0300] {dagbag.py:538} INFO - Filling up the DagBag from /home/kallox/airflow/dags/download_iedb.py
[2023-01-01T20:53:46.403-0300] {processor.py:753} INFO - DAG(s) dict_keys(['download_iedb']) retrieved from /home/kallox/airflow/dags/download_iedb.py
[2023-01-01T20:53:46.433-0300] {logging_mixin.py:137} INFO - [2023-01-01T20:53:46.433-0300] {dag.py:2676} INFO - Sync 1 DAGs
[2023-01-01T20:53:46.459-0300] {logging_mixin.py:137} INFO - [2023-01-01T20:53:46.459-0300] {dag.py:3427} INFO - Setting next_dagrun for download_iedb to 2023-01-01T00:00:00+00:00, run_after=2023-02-01T00:00:00+00:00
[2023-01-01T20:53:46.487-0300] {processor.py:175} INFO - Processing /home/kallox/airflow/dags/download_iedb.py took 0.456 seconds
[2023-01-01T20:54:16.766-0300] {processor.py:153} INFO - Started process (PID=10479) to work on /home/kallox/airflow/dags/download_iedb.py
[2023-01-01T20:54:16.769-0300] {processor.py:743} INFO - Processing file /home/kallox/airflow/dags/download_iedb.py for tasks to queue
[2023-01-01T20:54:16.770-0300] {logging_mixin.py:137} INFO - [2023-01-01T20:54:16.769-0300] {dagbag.py:538} INFO - Filling up the DagBag from /home/kallox/airflow/dags/download_iedb.py
[2023-01-01T20:54:17.116-0300] {processor.py:753} INFO - DAG(s) dict_keys(['download_iedb']) retrieved from /home/kallox/airflow/dags/download_iedb.py
[2023-01-01T20:54:17.154-0300] {logging_mixin.py:137} INFO - [2023-01-01T20:54:17.154-0300] {dag.py:2676} INFO - Sync 1 DAGs
[2023-01-01T20:54:17.179-0300] {logging_mixin.py:137} INFO - [2023-01-01T20:54:17.178-0300] {dag.py:3427} INFO - Setting next_dagrun for download_iedb to 2023-01-01T00:00:00+00:00, run_after=2023-02-01T00:00:00+00:00
[2023-01-01T20:54:17.202-0300] {processor.py:175} INFO - Processing /home/kallox/airflow/dags/download_iedb.py took 0.439 seconds
[2023-01-01T20:54:49.489-0300] {processor.py:153} INFO - Started process (PID=10590) to work on /home/kallox/airflow/dags/download_iedb.py
[2023-01-01T20:54:49.489-0300] {processor.py:743} INFO - Processing file /home/kallox/airflow/dags/download_iedb.py for tasks to queue
[2023-01-01T20:54:49.490-0300] {logging_mixin.py:137} INFO - [2023-01-01T20:54:49.490-0300] {dagbag.py:538} INFO - Filling up the DagBag from /home/kallox/airflow/dags/download_iedb.py
[2023-01-01T20:54:49.731-0300] {processor.py:753} INFO - DAG(s) dict_keys(['download_iedb']) retrieved from /home/kallox/airflow/dags/download_iedb.py
[2023-01-01T20:54:49.757-0300] {logging_mixin.py:137} INFO - [2023-01-01T20:54:49.756-0300] {dag.py:2676} INFO - Sync 1 DAGs
[2023-01-01T20:54:49.779-0300] {logging_mixin.py:137} INFO - [2023-01-01T20:54:49.779-0300] {dag.py:3427} INFO - Setting next_dagrun for download_iedb to 2023-01-01T00:00:00+00:00, run_after=2023-02-01T00:00:00+00:00
[2023-01-01T20:54:49.803-0300] {processor.py:175} INFO - Processing /home/kallox/airflow/dags/download_iedb.py took 0.317 seconds
[2023-01-01T20:55:20.768-0300] {processor.py:153} INFO - Started process (PID=10716) to work on /home/kallox/airflow/dags/download_iedb.py
[2023-01-01T20:55:20.769-0300] {processor.py:743} INFO - Processing file /home/kallox/airflow/dags/download_iedb.py for tasks to queue
[2023-01-01T20:55:20.770-0300] {logging_mixin.py:137} INFO - [2023-01-01T20:55:20.770-0300] {dagbag.py:538} INFO - Filling up the DagBag from /home/kallox/airflow/dags/download_iedb.py
[2023-01-01T20:55:21.115-0300] {processor.py:753} INFO - DAG(s) dict_keys(['download_iedb']) retrieved from /home/kallox/airflow/dags/download_iedb.py
[2023-01-01T20:55:21.148-0300] {logging_mixin.py:137} INFO - [2023-01-01T20:55:21.147-0300] {dag.py:2676} INFO - Sync 1 DAGs
[2023-01-01T20:55:21.177-0300] {logging_mixin.py:137} INFO - [2023-01-01T20:55:21.176-0300] {dag.py:3427} INFO - Setting next_dagrun for download_iedb to 2023-01-01T00:00:00+00:00, run_after=2023-02-01T00:00:00+00:00
[2023-01-01T20:55:21.212-0300] {processor.py:175} INFO - Processing /home/kallox/airflow/dags/download_iedb.py took 0.446 seconds
[2023-01-01T20:55:51.357-0300] {processor.py:153} INFO - Started process (PID=10841) to work on /home/kallox/airflow/dags/download_iedb.py
[2023-01-01T20:55:51.360-0300] {processor.py:743} INFO - Processing file /home/kallox/airflow/dags/download_iedb.py for tasks to queue
[2023-01-01T20:55:51.361-0300] {logging_mixin.py:137} INFO - [2023-01-01T20:55:51.361-0300] {dagbag.py:538} INFO - Filling up the DagBag from /home/kallox/airflow/dags/download_iedb.py
[2023-01-01T20:55:51.709-0300] {processor.py:753} INFO - DAG(s) dict_keys(['download_iedb']) retrieved from /home/kallox/airflow/dags/download_iedb.py
[2023-01-01T20:55:51.740-0300] {logging_mixin.py:137} INFO - [2023-01-01T20:55:51.739-0300] {dag.py:2676} INFO - Sync 1 DAGs
[2023-01-01T20:55:51.769-0300] {logging_mixin.py:137} INFO - [2023-01-01T20:55:51.768-0300] {dag.py:3427} INFO - Setting next_dagrun for download_iedb to 2023-01-01T00:00:00+00:00, run_after=2023-02-01T00:00:00+00:00
[2023-01-01T20:55:51.800-0300] {processor.py:175} INFO - Processing /home/kallox/airflow/dags/download_iedb.py took 0.446 seconds
[2023-01-01T20:56:22.812-0300] {processor.py:153} INFO - Started process (PID=10923) to work on /home/kallox/airflow/dags/download_iedb.py
[2023-01-01T20:56:22.813-0300] {processor.py:743} INFO - Processing file /home/kallox/airflow/dags/download_iedb.py for tasks to queue
[2023-01-01T20:56:22.814-0300] {logging_mixin.py:137} INFO - [2023-01-01T20:56:22.814-0300] {dagbag.py:538} INFO - Filling up the DagBag from /home/kallox/airflow/dags/download_iedb.py
[2023-01-01T20:56:23.212-0300] {processor.py:753} INFO - DAG(s) dict_keys(['download_iedb']) retrieved from /home/kallox/airflow/dags/download_iedb.py
[2023-01-01T20:56:23.242-0300] {logging_mixin.py:137} INFO - [2023-01-01T20:56:23.242-0300] {dag.py:2676} INFO - Sync 1 DAGs
[2023-01-01T20:56:23.274-0300] {logging_mixin.py:137} INFO - [2023-01-01T20:56:23.273-0300] {dag.py:3427} INFO - Setting next_dagrun for download_iedb to 2023-01-01T00:00:00+00:00, run_after=2023-02-01T00:00:00+00:00
[2023-01-01T20:56:23.298-0300] {processor.py:175} INFO - Processing /home/kallox/airflow/dags/download_iedb.py took 0.492 seconds
[2023-01-01T20:56:53.504-0300] {processor.py:153} INFO - Started process (PID=10997) to work on /home/kallox/airflow/dags/download_iedb.py
[2023-01-01T20:56:53.508-0300] {processor.py:743} INFO - Processing file /home/kallox/airflow/dags/download_iedb.py for tasks to queue
[2023-01-01T20:56:53.509-0300] {logging_mixin.py:137} INFO - [2023-01-01T20:56:53.508-0300] {dagbag.py:538} INFO - Filling up the DagBag from /home/kallox/airflow/dags/download_iedb.py
[2023-01-01T20:56:53.860-0300] {processor.py:753} INFO - DAG(s) dict_keys(['download_iedb']) retrieved from /home/kallox/airflow/dags/download_iedb.py
[2023-01-01T20:56:53.901-0300] {logging_mixin.py:137} INFO - [2023-01-01T20:56:53.900-0300] {dag.py:2676} INFO - Sync 1 DAGs
[2023-01-01T20:56:53.928-0300] {logging_mixin.py:137} INFO - [2023-01-01T20:56:53.928-0300] {dag.py:3427} INFO - Setting next_dagrun for download_iedb to 2023-01-01T00:00:00+00:00, run_after=2023-02-01T00:00:00+00:00
[2023-01-01T20:56:53.952-0300] {processor.py:175} INFO - Processing /home/kallox/airflow/dags/download_iedb.py took 0.453 seconds
[2023-01-01T20:57:24.164-0300] {processor.py:153} INFO - Started process (PID=11070) to work on /home/kallox/airflow/dags/download_iedb.py
[2023-01-01T20:57:24.169-0300] {processor.py:743} INFO - Processing file /home/kallox/airflow/dags/download_iedb.py for tasks to queue
[2023-01-01T20:57:24.169-0300] {logging_mixin.py:137} INFO - [2023-01-01T20:57:24.169-0300] {dagbag.py:538} INFO - Filling up the DagBag from /home/kallox/airflow/dags/download_iedb.py
[2023-01-01T20:57:24.527-0300] {processor.py:753} INFO - DAG(s) dict_keys(['download_iedb']) retrieved from /home/kallox/airflow/dags/download_iedb.py
[2023-01-01T20:57:24.561-0300] {logging_mixin.py:137} INFO - [2023-01-01T20:57:24.561-0300] {dag.py:2676} INFO - Sync 1 DAGs
[2023-01-01T20:57:24.588-0300] {logging_mixin.py:137} INFO - [2023-01-01T20:57:24.588-0300] {dag.py:3427} INFO - Setting next_dagrun for download_iedb to 2023-01-01T00:00:00+00:00, run_after=2023-02-01T00:00:00+00:00
[2023-01-01T20:57:24.612-0300] {processor.py:175} INFO - Processing /home/kallox/airflow/dags/download_iedb.py took 0.451 seconds
[2023-01-01T20:57:54.774-0300] {processor.py:153} INFO - Started process (PID=11148) to work on /home/kallox/airflow/dags/download_iedb.py
[2023-01-01T20:57:54.775-0300] {processor.py:743} INFO - Processing file /home/kallox/airflow/dags/download_iedb.py for tasks to queue
[2023-01-01T20:57:54.775-0300] {logging_mixin.py:137} INFO - [2023-01-01T20:57:54.775-0300] {dagbag.py:538} INFO - Filling up the DagBag from /home/kallox/airflow/dags/download_iedb.py
[2023-01-01T20:57:55.132-0300] {processor.py:753} INFO - DAG(s) dict_keys(['download_iedb']) retrieved from /home/kallox/airflow/dags/download_iedb.py
[2023-01-01T20:57:55.161-0300] {logging_mixin.py:137} INFO - [2023-01-01T20:57:55.161-0300] {dag.py:2676} INFO - Sync 1 DAGs
[2023-01-01T20:57:55.187-0300] {logging_mixin.py:137} INFO - [2023-01-01T20:57:55.187-0300] {dag.py:3427} INFO - Setting next_dagrun for download_iedb to 2023-01-01T00:00:00+00:00, run_after=2023-02-01T00:00:00+00:00
[2023-01-01T20:57:55.220-0300] {processor.py:175} INFO - Processing /home/kallox/airflow/dags/download_iedb.py took 0.449 seconds
[2023-01-01T20:58:25.354-0300] {processor.py:153} INFO - Started process (PID=11221) to work on /home/kallox/airflow/dags/download_iedb.py
[2023-01-01T20:58:25.356-0300] {processor.py:743} INFO - Processing file /home/kallox/airflow/dags/download_iedb.py for tasks to queue
[2023-01-01T20:58:25.356-0300] {logging_mixin.py:137} INFO - [2023-01-01T20:58:25.356-0300] {dagbag.py:538} INFO - Filling up the DagBag from /home/kallox/airflow/dags/download_iedb.py
[2023-01-01T20:58:25.701-0300] {processor.py:753} INFO - DAG(s) dict_keys(['download_iedb']) retrieved from /home/kallox/airflow/dags/download_iedb.py
[2023-01-01T20:58:25.732-0300] {logging_mixin.py:137} INFO - [2023-01-01T20:58:25.731-0300] {dag.py:2676} INFO - Sync 1 DAGs
[2023-01-01T20:58:25.769-0300] {logging_mixin.py:137} INFO - [2023-01-01T20:58:25.769-0300] {dag.py:3427} INFO - Setting next_dagrun for download_iedb to 2023-01-01T00:00:00+00:00, run_after=2023-02-01T00:00:00+00:00
[2023-01-01T20:58:25.799-0300] {processor.py:175} INFO - Processing /home/kallox/airflow/dags/download_iedb.py took 0.447 seconds
[2023-01-01T20:58:55.950-0300] {processor.py:153} INFO - Started process (PID=11297) to work on /home/kallox/airflow/dags/download_iedb.py
[2023-01-01T20:58:55.951-0300] {processor.py:743} INFO - Processing file /home/kallox/airflow/dags/download_iedb.py for tasks to queue
[2023-01-01T20:58:55.952-0300] {logging_mixin.py:137} INFO - [2023-01-01T20:58:55.952-0300] {dagbag.py:538} INFO - Filling up the DagBag from /home/kallox/airflow/dags/download_iedb.py
[2023-01-01T20:58:56.300-0300] {processor.py:753} INFO - DAG(s) dict_keys(['download_iedb']) retrieved from /home/kallox/airflow/dags/download_iedb.py
[2023-01-01T20:58:56.330-0300] {logging_mixin.py:137} INFO - [2023-01-01T20:58:56.330-0300] {dag.py:2676} INFO - Sync 1 DAGs
[2023-01-01T20:58:56.356-0300] {logging_mixin.py:137} INFO - [2023-01-01T20:58:56.356-0300] {dag.py:3427} INFO - Setting next_dagrun for download_iedb to 2023-01-01T00:00:00+00:00, run_after=2023-02-01T00:00:00+00:00
[2023-01-01T20:58:56.387-0300] {processor.py:175} INFO - Processing /home/kallox/airflow/dags/download_iedb.py took 0.440 seconds
[2023-01-01T20:59:26.689-0300] {processor.py:153} INFO - Started process (PID=11376) to work on /home/kallox/airflow/dags/download_iedb.py
[2023-01-01T20:59:26.690-0300] {processor.py:743} INFO - Processing file /home/kallox/airflow/dags/download_iedb.py for tasks to queue
[2023-01-01T20:59:26.691-0300] {logging_mixin.py:137} INFO - [2023-01-01T20:59:26.690-0300] {dagbag.py:538} INFO - Filling up the DagBag from /home/kallox/airflow/dags/download_iedb.py
[2023-01-01T20:59:27.045-0300] {processor.py:753} INFO - DAG(s) dict_keys(['download_iedb']) retrieved from /home/kallox/airflow/dags/download_iedb.py
[2023-01-01T20:59:27.075-0300] {logging_mixin.py:137} INFO - [2023-01-01T20:59:27.075-0300] {dag.py:2676} INFO - Sync 1 DAGs
[2023-01-01T20:59:27.102-0300] {logging_mixin.py:137} INFO - [2023-01-01T20:59:27.102-0300] {dag.py:3427} INFO - Setting next_dagrun for download_iedb to 2023-01-01T00:00:00+00:00, run_after=2023-02-01T00:00:00+00:00
[2023-01-01T20:59:27.128-0300] {processor.py:175} INFO - Processing /home/kallox/airflow/dags/download_iedb.py took 0.442 seconds
[2023-01-01T20:59:57.554-0300] {processor.py:153} INFO - Started process (PID=11461) to work on /home/kallox/airflow/dags/download_iedb.py
[2023-01-01T20:59:57.554-0300] {processor.py:743} INFO - Processing file /home/kallox/airflow/dags/download_iedb.py for tasks to queue
[2023-01-01T20:59:57.555-0300] {logging_mixin.py:137} INFO - [2023-01-01T20:59:57.555-0300] {dagbag.py:538} INFO - Filling up the DagBag from /home/kallox/airflow/dags/download_iedb.py
[2023-01-01T20:59:57.901-0300] {processor.py:753} INFO - DAG(s) dict_keys(['download_iedb']) retrieved from /home/kallox/airflow/dags/download_iedb.py
[2023-01-01T20:59:57.935-0300] {logging_mixin.py:137} INFO - [2023-01-01T20:59:57.935-0300] {dag.py:2676} INFO - Sync 1 DAGs
[2023-01-01T20:59:57.961-0300] {logging_mixin.py:137} INFO - [2023-01-01T20:59:57.961-0300] {dag.py:3427} INFO - Setting next_dagrun for download_iedb to 2023-01-01T00:00:00+00:00, run_after=2023-02-01T00:00:00+00:00
[2023-01-01T20:59:57.982-0300] {processor.py:175} INFO - Processing /home/kallox/airflow/dags/download_iedb.py took 0.431 seconds
