[2023-01-01T20:30:46.199-0300] {processor.py:153} INFO - Started process (PID=3588) to work on /home/kallox/airflow/dags/download_intact.py
[2023-01-01T20:30:46.200-0300] {processor.py:743} INFO - Processing file /home/kallox/airflow/dags/download_intact.py for tasks to queue
[2023-01-01T20:30:46.200-0300] {logging_mixin.py:137} INFO - [2023-01-01T20:30:46.200-0300] {dagbag.py:538} INFO - Filling up the DagBag from /home/kallox/airflow/dags/download_intact.py
[2023-01-01T20:30:46.344-0300] {processor.py:753} INFO - DAG(s) dict_keys(['download_intact']) retrieved from /home/kallox/airflow/dags/download_intact.py
[2023-01-01T20:30:46.463-0300] {logging_mixin.py:137} INFO - [2023-01-01T20:30:46.463-0300] {dag.py:2676} INFO - Sync 1 DAGs
[2023-01-01T20:30:46.485-0300] {logging_mixin.py:137} INFO - [2023-01-01T20:30:46.485-0300] {dag.py:3427} INFO - Setting next_dagrun for download_intact to 2022-12-01T00:00:00+00:00, run_after=2023-01-01T00:00:00+00:00
[2023-01-01T20:30:46.501-0300] {processor.py:175} INFO - Processing /home/kallox/airflow/dags/download_intact.py took 0.305 seconds
[2023-01-01T20:31:17.006-0300] {processor.py:153} INFO - Started process (PID=4848) to work on /home/kallox/airflow/dags/download_intact.py
[2023-01-01T20:31:17.007-0300] {processor.py:743} INFO - Processing file /home/kallox/airflow/dags/download_intact.py for tasks to queue
[2023-01-01T20:31:17.008-0300] {logging_mixin.py:137} INFO - [2023-01-01T20:31:17.008-0300] {dagbag.py:538} INFO - Filling up the DagBag from /home/kallox/airflow/dags/download_intact.py
[2023-01-01T20:31:17.361-0300] {processor.py:753} INFO - DAG(s) dict_keys(['download_intact']) retrieved from /home/kallox/airflow/dags/download_intact.py
[2023-01-01T20:31:17.394-0300] {logging_mixin.py:137} INFO - [2023-01-01T20:31:17.394-0300] {dag.py:2676} INFO - Sync 1 DAGs
[2023-01-01T20:31:17.423-0300] {logging_mixin.py:137} INFO - [2023-01-01T20:31:17.423-0300] {dag.py:3427} INFO - Setting next_dagrun for download_intact to 2022-12-01T00:00:00+00:00, run_after=2023-01-01T00:00:00+00:00
[2023-01-01T20:31:17.449-0300] {processor.py:175} INFO - Processing /home/kallox/airflow/dags/download_intact.py took 0.446 seconds
[2023-01-01T20:31:48.023-0300] {processor.py:153} INFO - Started process (PID=5228) to work on /home/kallox/airflow/dags/download_intact.py
[2023-01-01T20:31:48.024-0300] {processor.py:743} INFO - Processing file /home/kallox/airflow/dags/download_intact.py for tasks to queue
[2023-01-01T20:31:48.024-0300] {logging_mixin.py:137} INFO - [2023-01-01T20:31:48.024-0300] {dagbag.py:538} INFO - Filling up the DagBag from /home/kallox/airflow/dags/download_intact.py
[2023-01-01T20:31:48.168-0300] {processor.py:753} INFO - DAG(s) dict_keys(['download_intact']) retrieved from /home/kallox/airflow/dags/download_intact.py
[2023-01-01T20:31:48.198-0300] {logging_mixin.py:137} INFO - [2023-01-01T20:31:48.198-0300] {dag.py:2676} INFO - Sync 1 DAGs
[2023-01-01T20:31:48.309-0300] {logging_mixin.py:137} INFO - [2023-01-01T20:31:48.309-0300] {dag.py:3427} INFO - Setting next_dagrun for download_intact to 2022-12-01T00:00:00+00:00, run_after=2023-01-01T00:00:00+00:00
[2023-01-01T20:31:48.335-0300] {processor.py:175} INFO - Processing /home/kallox/airflow/dags/download_intact.py took 0.314 seconds
[2023-01-01T20:32:18.642-0300] {processor.py:153} INFO - Started process (PID=5596) to work on /home/kallox/airflow/dags/download_intact.py
[2023-01-01T20:32:18.643-0300] {processor.py:743} INFO - Processing file /home/kallox/airflow/dags/download_intact.py for tasks to queue
[2023-01-01T20:32:18.643-0300] {logging_mixin.py:137} INFO - [2023-01-01T20:32:18.643-0300] {dagbag.py:538} INFO - Filling up the DagBag from /home/kallox/airflow/dags/download_intact.py
[2023-01-01T20:32:18.783-0300] {processor.py:753} INFO - DAG(s) dict_keys(['download_intact']) retrieved from /home/kallox/airflow/dags/download_intact.py
[2023-01-01T20:32:18.914-0300] {logging_mixin.py:137} INFO - [2023-01-01T20:32:18.913-0300] {dag.py:2676} INFO - Sync 1 DAGs
[2023-01-01T20:32:18.935-0300] {logging_mixin.py:137} INFO - [2023-01-01T20:32:18.935-0300] {dag.py:3427} INFO - Setting next_dagrun for download_intact to 2022-12-01T00:00:00+00:00, run_after=2023-01-01T00:00:00+00:00
[2023-01-01T20:32:18.951-0300] {processor.py:175} INFO - Processing /home/kallox/airflow/dags/download_intact.py took 0.311 seconds
[2023-01-01T20:32:50.205-0300] {processor.py:153} INFO - Started process (PID=5909) to work on /home/kallox/airflow/dags/download_intact.py
[2023-01-01T20:32:50.206-0300] {processor.py:743} INFO - Processing file /home/kallox/airflow/dags/download_intact.py for tasks to queue
[2023-01-01T20:32:50.206-0300] {logging_mixin.py:137} INFO - [2023-01-01T20:32:50.206-0300] {dagbag.py:538} INFO - Filling up the DagBag from /home/kallox/airflow/dags/download_intact.py
[2023-01-01T20:32:50.458-0300] {processor.py:753} INFO - DAG(s) dict_keys(['download_intact']) retrieved from /home/kallox/airflow/dags/download_intact.py
[2023-01-01T20:32:50.485-0300] {logging_mixin.py:137} INFO - [2023-01-01T20:32:50.485-0300] {dag.py:2676} INFO - Sync 1 DAGs
[2023-01-01T20:32:50.507-0300] {logging_mixin.py:137} INFO - [2023-01-01T20:32:50.507-0300] {dag.py:3427} INFO - Setting next_dagrun for download_intact to 2022-12-01T00:00:00+00:00, run_after=2023-01-01T00:00:00+00:00
[2023-01-01T20:32:50.523-0300] {processor.py:175} INFO - Processing /home/kallox/airflow/dags/download_intact.py took 0.322 seconds
[2023-01-01T20:33:21.079-0300] {processor.py:153} INFO - Started process (PID=6213) to work on /home/kallox/airflow/dags/download_intact.py
[2023-01-01T20:33:21.080-0300] {processor.py:743} INFO - Processing file /home/kallox/airflow/dags/download_intact.py for tasks to queue
[2023-01-01T20:33:21.080-0300] {logging_mixin.py:137} INFO - [2023-01-01T20:33:21.080-0300] {dagbag.py:538} INFO - Filling up the DagBag from /home/kallox/airflow/dags/download_intact.py
[2023-01-01T20:33:21.349-0300] {processor.py:753} INFO - DAG(s) dict_keys(['download_intact']) retrieved from /home/kallox/airflow/dags/download_intact.py
[2023-01-01T20:33:21.373-0300] {logging_mixin.py:137} INFO - [2023-01-01T20:33:21.373-0300] {dag.py:2676} INFO - Sync 1 DAGs
[2023-01-01T20:33:21.396-0300] {logging_mixin.py:137} INFO - [2023-01-01T20:33:21.396-0300] {dag.py:3427} INFO - Setting next_dagrun for download_intact to 2022-12-01T00:00:00+00:00, run_after=2023-01-01T00:00:00+00:00
[2023-01-01T20:33:21.411-0300] {processor.py:175} INFO - Processing /home/kallox/airflow/dags/download_intact.py took 0.336 seconds
[2023-01-01T20:34:48.969-0300] {processor.py:153} INFO - Started process (PID=7045) to work on /home/kallox/airflow/dags/download_intact.py
[2023-01-01T20:34:48.969-0300] {processor.py:743} INFO - Processing file /home/kallox/airflow/dags/download_intact.py for tasks to queue
[2023-01-01T20:34:48.970-0300] {logging_mixin.py:137} INFO - [2023-01-01T20:34:48.970-0300] {dagbag.py:538} INFO - Filling up the DagBag from /home/kallox/airflow/dags/download_intact.py
[2023-01-01T20:34:49.109-0300] {processor.py:753} INFO - DAG(s) dict_keys(['download_intact']) retrieved from /home/kallox/airflow/dags/download_intact.py
[2023-01-01T20:34:49.223-0300] {logging_mixin.py:137} INFO - [2023-01-01T20:34:49.223-0300] {dag.py:2676} INFO - Sync 1 DAGs
[2023-01-01T20:34:49.244-0300] {logging_mixin.py:137} INFO - [2023-01-01T20:34:49.244-0300] {dag.py:3427} INFO - Setting next_dagrun for download_intact to 2022-12-01T00:00:00+00:00, run_after=2023-01-01T00:00:00+00:00
[2023-01-01T20:34:49.269-0300] {processor.py:175} INFO - Processing /home/kallox/airflow/dags/download_intact.py took 0.302 seconds
[2023-01-01T20:35:20.508-0300] {processor.py:153} INFO - Started process (PID=7135) to work on /home/kallox/airflow/dags/download_intact.py
[2023-01-01T20:35:20.516-0300] {processor.py:743} INFO - Processing file /home/kallox/airflow/dags/download_intact.py for tasks to queue
[2023-01-01T20:35:20.516-0300] {logging_mixin.py:137} INFO - [2023-01-01T20:35:20.516-0300] {dagbag.py:538} INFO - Filling up the DagBag from /home/kallox/airflow/dags/download_intact.py
[2023-01-01T20:35:20.766-0300] {processor.py:753} INFO - DAG(s) dict_keys(['download_intact']) retrieved from /home/kallox/airflow/dags/download_intact.py
[2023-01-01T20:35:20.795-0300] {logging_mixin.py:137} INFO - [2023-01-01T20:35:20.794-0300] {dag.py:2676} INFO - Sync 1 DAGs
[2023-01-01T20:35:20.816-0300] {logging_mixin.py:137} INFO - [2023-01-01T20:35:20.816-0300] {dag.py:3427} INFO - Setting next_dagrun for download_intact to 2022-12-01T00:00:00+00:00, run_after=2023-01-01T00:00:00+00:00
[2023-01-01T20:35:20.841-0300] {processor.py:175} INFO - Processing /home/kallox/airflow/dags/download_intact.py took 0.336 seconds
[2023-01-01T20:35:51.086-0300] {processor.py:153} INFO - Started process (PID=7219) to work on /home/kallox/airflow/dags/download_intact.py
[2023-01-01T20:35:51.087-0300] {processor.py:743} INFO - Processing file /home/kallox/airflow/dags/download_intact.py for tasks to queue
[2023-01-01T20:35:51.087-0300] {logging_mixin.py:137} INFO - [2023-01-01T20:35:51.087-0300] {dagbag.py:538} INFO - Filling up the DagBag from /home/kallox/airflow/dags/download_intact.py
[2023-01-01T20:35:51.320-0300] {processor.py:753} INFO - DAG(s) dict_keys(['download_intact']) retrieved from /home/kallox/airflow/dags/download_intact.py
[2023-01-01T20:35:51.345-0300] {logging_mixin.py:137} INFO - [2023-01-01T20:35:51.345-0300] {dag.py:2676} INFO - Sync 1 DAGs
[2023-01-01T20:35:51.371-0300] {logging_mixin.py:137} INFO - [2023-01-01T20:35:51.371-0300] {dag.py:3427} INFO - Setting next_dagrun for download_intact to 2022-12-01T00:00:00+00:00, run_after=2023-01-01T00:00:00+00:00
[2023-01-01T20:35:51.396-0300] {processor.py:175} INFO - Processing /home/kallox/airflow/dags/download_intact.py took 0.312 seconds
[2023-01-01T20:36:21.700-0300] {processor.py:153} INFO - Started process (PID=7295) to work on /home/kallox/airflow/dags/download_intact.py
[2023-01-01T20:36:21.701-0300] {processor.py:743} INFO - Processing file /home/kallox/airflow/dags/download_intact.py for tasks to queue
[2023-01-01T20:36:21.701-0300] {logging_mixin.py:137} INFO - [2023-01-01T20:36:21.701-0300] {dagbag.py:538} INFO - Filling up the DagBag from /home/kallox/airflow/dags/download_intact.py
[2023-01-01T20:36:21.987-0300] {processor.py:753} INFO - DAG(s) dict_keys(['download_intact']) retrieved from /home/kallox/airflow/dags/download_intact.py
[2023-01-01T20:36:22.013-0300] {logging_mixin.py:137} INFO - [2023-01-01T20:36:22.012-0300] {dag.py:2676} INFO - Sync 1 DAGs
[2023-01-01T20:36:22.035-0300] {logging_mixin.py:137} INFO - [2023-01-01T20:36:22.035-0300] {dag.py:3427} INFO - Setting next_dagrun for download_intact to 2022-12-01T00:00:00+00:00, run_after=2023-01-01T00:00:00+00:00
[2023-01-01T20:36:22.059-0300] {processor.py:175} INFO - Processing /home/kallox/airflow/dags/download_intact.py took 0.362 seconds
[2023-01-01T20:36:52.384-0300] {processor.py:153} INFO - Started process (PID=7383) to work on /home/kallox/airflow/dags/download_intact.py
[2023-01-01T20:36:52.385-0300] {processor.py:743} INFO - Processing file /home/kallox/airflow/dags/download_intact.py for tasks to queue
[2023-01-01T20:36:52.385-0300] {logging_mixin.py:137} INFO - [2023-01-01T20:36:52.385-0300] {dagbag.py:538} INFO - Filling up the DagBag from /home/kallox/airflow/dags/download_intact.py
[2023-01-01T20:36:52.620-0300] {processor.py:753} INFO - DAG(s) dict_keys(['download_intact']) retrieved from /home/kallox/airflow/dags/download_intact.py
[2023-01-01T20:36:52.648-0300] {logging_mixin.py:137} INFO - [2023-01-01T20:36:52.647-0300] {dag.py:2676} INFO - Sync 1 DAGs
[2023-01-01T20:36:52.669-0300] {logging_mixin.py:137} INFO - [2023-01-01T20:36:52.669-0300] {dag.py:3427} INFO - Setting next_dagrun for download_intact to 2022-12-01T00:00:00+00:00, run_after=2023-01-01T00:00:00+00:00
[2023-01-01T20:36:52.693-0300] {processor.py:175} INFO - Processing /home/kallox/airflow/dags/download_intact.py took 0.311 seconds
[2023-01-01T20:37:23.202-0300] {processor.py:153} INFO - Started process (PID=7470) to work on /home/kallox/airflow/dags/download_intact.py
[2023-01-01T20:37:23.203-0300] {processor.py:743} INFO - Processing file /home/kallox/airflow/dags/download_intact.py for tasks to queue
[2023-01-01T20:37:23.203-0300] {logging_mixin.py:137} INFO - [2023-01-01T20:37:23.203-0300] {dagbag.py:538} INFO - Filling up the DagBag from /home/kallox/airflow/dags/download_intact.py
[2023-01-01T20:37:23.404-0300] {processor.py:753} INFO - DAG(s) dict_keys(['download_intact']) retrieved from /home/kallox/airflow/dags/download_intact.py
[2023-01-01T20:37:23.605-0300] {logging_mixin.py:137} INFO - [2023-01-01T20:37:23.605-0300] {dag.py:2676} INFO - Sync 1 DAGs
[2023-01-01T20:37:23.634-0300] {logging_mixin.py:137} INFO - [2023-01-01T20:37:23.633-0300] {dag.py:3427} INFO - Setting next_dagrun for download_intact to 2022-12-01T00:00:00+00:00, run_after=2023-01-01T00:00:00+00:00
[2023-01-01T20:37:23.655-0300] {processor.py:175} INFO - Processing /home/kallox/airflow/dags/download_intact.py took 0.459 seconds
[2023-01-01T20:37:53.947-0300] {processor.py:153} INFO - Started process (PID=7543) to work on /home/kallox/airflow/dags/download_intact.py
[2023-01-01T20:37:53.948-0300] {processor.py:743} INFO - Processing file /home/kallox/airflow/dags/download_intact.py for tasks to queue
[2023-01-01T20:37:53.948-0300] {logging_mixin.py:137} INFO - [2023-01-01T20:37:53.948-0300] {dagbag.py:538} INFO - Filling up the DagBag from /home/kallox/airflow/dags/download_intact.py
[2023-01-01T20:37:54.307-0300] {processor.py:753} INFO - DAG(s) dict_keys(['download_intact']) retrieved from /home/kallox/airflow/dags/download_intact.py
[2023-01-01T20:37:54.340-0300] {logging_mixin.py:137} INFO - [2023-01-01T20:37:54.339-0300] {dag.py:2676} INFO - Sync 1 DAGs
[2023-01-01T20:37:54.366-0300] {logging_mixin.py:137} INFO - [2023-01-01T20:37:54.365-0300] {dag.py:3427} INFO - Setting next_dagrun for download_intact to 2022-12-01T00:00:00+00:00, run_after=2023-01-01T00:00:00+00:00
[2023-01-01T20:37:54.386-0300] {processor.py:175} INFO - Processing /home/kallox/airflow/dags/download_intact.py took 0.441 seconds
[2023-01-01T20:38:24.663-0300] {processor.py:153} INFO - Started process (PID=7623) to work on /home/kallox/airflow/dags/download_intact.py
[2023-01-01T20:38:24.664-0300] {processor.py:743} INFO - Processing file /home/kallox/airflow/dags/download_intact.py for tasks to queue
[2023-01-01T20:38:24.665-0300] {logging_mixin.py:137} INFO - [2023-01-01T20:38:24.664-0300] {dagbag.py:538} INFO - Filling up the DagBag from /home/kallox/airflow/dags/download_intact.py
[2023-01-01T20:38:24.935-0300] {processor.py:753} INFO - DAG(s) dict_keys(['download_intact']) retrieved from /home/kallox/airflow/dags/download_intact.py
[2023-01-01T20:38:24.960-0300] {logging_mixin.py:137} INFO - [2023-01-01T20:38:24.960-0300] {dag.py:2676} INFO - Sync 1 DAGs
[2023-01-01T20:38:24.981-0300] {logging_mixin.py:137} INFO - [2023-01-01T20:38:24.981-0300] {dag.py:3427} INFO - Setting next_dagrun for download_intact to 2022-12-01T00:00:00+00:00, run_after=2023-01-01T00:00:00+00:00
[2023-01-01T20:38:25.006-0300] {processor.py:175} INFO - Processing /home/kallox/airflow/dags/download_intact.py took 0.345 seconds
[2023-01-01T20:38:55.313-0300] {processor.py:153} INFO - Started process (PID=7709) to work on /home/kallox/airflow/dags/download_intact.py
[2023-01-01T20:38:55.314-0300] {processor.py:743} INFO - Processing file /home/kallox/airflow/dags/download_intact.py for tasks to queue
[2023-01-01T20:38:55.314-0300] {logging_mixin.py:137} INFO - [2023-01-01T20:38:55.314-0300] {dagbag.py:538} INFO - Filling up the DagBag from /home/kallox/airflow/dags/download_intact.py
[2023-01-01T20:38:55.552-0300] {processor.py:753} INFO - DAG(s) dict_keys(['download_intact']) retrieved from /home/kallox/airflow/dags/download_intact.py
[2023-01-01T20:38:55.577-0300] {logging_mixin.py:137} INFO - [2023-01-01T20:38:55.577-0300] {dag.py:2676} INFO - Sync 1 DAGs
[2023-01-01T20:38:55.599-0300] {logging_mixin.py:137} INFO - [2023-01-01T20:38:55.599-0300] {dag.py:3427} INFO - Setting next_dagrun for download_intact to 2022-12-01T00:00:00+00:00, run_after=2023-01-01T00:00:00+00:00
[2023-01-01T20:38:55.623-0300] {processor.py:175} INFO - Processing /home/kallox/airflow/dags/download_intact.py took 0.312 seconds
[2023-01-01T20:39:25.827-0300] {processor.py:153} INFO - Started process (PID=7780) to work on /home/kallox/airflow/dags/download_intact.py
[2023-01-01T20:39:25.828-0300] {processor.py:743} INFO - Processing file /home/kallox/airflow/dags/download_intact.py for tasks to queue
[2023-01-01T20:39:25.829-0300] {logging_mixin.py:137} INFO - [2023-01-01T20:39:25.829-0300] {dagbag.py:538} INFO - Filling up the DagBag from /home/kallox/airflow/dags/download_intact.py
[2023-01-01T20:39:26.098-0300] {processor.py:753} INFO - DAG(s) dict_keys(['download_intact']) retrieved from /home/kallox/airflow/dags/download_intact.py
[2023-01-01T20:39:26.123-0300] {logging_mixin.py:137} INFO - [2023-01-01T20:39:26.123-0300] {dag.py:2676} INFO - Sync 1 DAGs
[2023-01-01T20:39:26.145-0300] {logging_mixin.py:137} INFO - [2023-01-01T20:39:26.145-0300] {dag.py:3427} INFO - Setting next_dagrun for download_intact to 2022-12-01T00:00:00+00:00, run_after=2023-01-01T00:00:00+00:00
[2023-01-01T20:39:26.170-0300] {processor.py:175} INFO - Processing /home/kallox/airflow/dags/download_intact.py took 0.345 seconds
[2023-01-01T20:39:56.702-0300] {processor.py:153} INFO - Started process (PID=7861) to work on /home/kallox/airflow/dags/download_intact.py
[2023-01-01T20:39:56.703-0300] {processor.py:743} INFO - Processing file /home/kallox/airflow/dags/download_intact.py for tasks to queue
[2023-01-01T20:39:56.703-0300] {logging_mixin.py:137} INFO - [2023-01-01T20:39:56.703-0300] {dagbag.py:538} INFO - Filling up the DagBag from /home/kallox/airflow/dags/download_intact.py
[2023-01-01T20:39:56.948-0300] {processor.py:753} INFO - DAG(s) dict_keys(['download_intact']) retrieved from /home/kallox/airflow/dags/download_intact.py
[2023-01-01T20:39:56.973-0300] {logging_mixin.py:137} INFO - [2023-01-01T20:39:56.973-0300] {dag.py:2676} INFO - Sync 1 DAGs
[2023-01-01T20:39:56.995-0300] {logging_mixin.py:137} INFO - [2023-01-01T20:39:56.995-0300] {dag.py:3427} INFO - Setting next_dagrun for download_intact to 2022-12-01T00:00:00+00:00, run_after=2023-01-01T00:00:00+00:00
[2023-01-01T20:39:57.018-0300] {processor.py:175} INFO - Processing /home/kallox/airflow/dags/download_intact.py took 0.320 seconds
[2023-01-01T20:40:27.309-0300] {processor.py:153} INFO - Started process (PID=7941) to work on /home/kallox/airflow/dags/download_intact.py
[2023-01-01T20:40:27.310-0300] {processor.py:743} INFO - Processing file /home/kallox/airflow/dags/download_intact.py for tasks to queue
[2023-01-01T20:40:27.310-0300] {logging_mixin.py:137} INFO - [2023-01-01T20:40:27.310-0300] {dagbag.py:538} INFO - Filling up the DagBag from /home/kallox/airflow/dags/download_intact.py
[2023-01-01T20:40:27.446-0300] {processor.py:753} INFO - DAG(s) dict_keys(['download_intact']) retrieved from /home/kallox/airflow/dags/download_intact.py
[2023-01-01T20:40:27.565-0300] {logging_mixin.py:137} INFO - [2023-01-01T20:40:27.565-0300] {dag.py:2676} INFO - Sync 1 DAGs
[2023-01-01T20:40:27.585-0300] {logging_mixin.py:137} INFO - [2023-01-01T20:40:27.585-0300] {dag.py:3427} INFO - Setting next_dagrun for download_intact to 2022-12-01T00:00:00+00:00, run_after=2023-01-01T00:00:00+00:00
[2023-01-01T20:40:27.608-0300] {processor.py:175} INFO - Processing /home/kallox/airflow/dags/download_intact.py took 0.300 seconds
[2023-01-01T20:40:57.842-0300] {processor.py:153} INFO - Started process (PID=8022) to work on /home/kallox/airflow/dags/download_intact.py
[2023-01-01T20:40:57.843-0300] {processor.py:743} INFO - Processing file /home/kallox/airflow/dags/download_intact.py for tasks to queue
[2023-01-01T20:40:57.843-0300] {logging_mixin.py:137} INFO - [2023-01-01T20:40:57.843-0300] {dagbag.py:538} INFO - Filling up the DagBag from /home/kallox/airflow/dags/download_intact.py
[2023-01-01T20:40:58.082-0300] {processor.py:753} INFO - DAG(s) dict_keys(['download_intact']) retrieved from /home/kallox/airflow/dags/download_intact.py
[2023-01-01T20:40:58.109-0300] {logging_mixin.py:137} INFO - [2023-01-01T20:40:58.109-0300] {dag.py:2676} INFO - Sync 1 DAGs
[2023-01-01T20:40:58.139-0300] {logging_mixin.py:137} INFO - [2023-01-01T20:40:58.139-0300] {dag.py:3427} INFO - Setting next_dagrun for download_intact to 2022-12-01T00:00:00+00:00, run_after=2023-01-01T00:00:00+00:00
[2023-01-01T20:40:58.161-0300] {processor.py:175} INFO - Processing /home/kallox/airflow/dags/download_intact.py took 0.321 seconds
[2023-01-01T20:41:28.509-0300] {processor.py:153} INFO - Started process (PID=8095) to work on /home/kallox/airflow/dags/download_intact.py
[2023-01-01T20:41:28.510-0300] {processor.py:743} INFO - Processing file /home/kallox/airflow/dags/download_intact.py for tasks to queue
[2023-01-01T20:41:28.510-0300] {logging_mixin.py:137} INFO - [2023-01-01T20:41:28.510-0300] {dagbag.py:538} INFO - Filling up the DagBag from /home/kallox/airflow/dags/download_intact.py
[2023-01-01T20:41:28.769-0300] {processor.py:753} INFO - DAG(s) dict_keys(['download_intact']) retrieved from /home/kallox/airflow/dags/download_intact.py
[2023-01-01T20:41:28.798-0300] {logging_mixin.py:137} INFO - [2023-01-01T20:41:28.798-0300] {dag.py:2676} INFO - Sync 1 DAGs
[2023-01-01T20:41:28.821-0300] {logging_mixin.py:137} INFO - [2023-01-01T20:41:28.821-0300] {dag.py:3427} INFO - Setting next_dagrun for download_intact to 2022-12-01T00:00:00+00:00, run_after=2023-01-01T00:00:00+00:00
[2023-01-01T20:41:28.837-0300] {processor.py:175} INFO - Processing /home/kallox/airflow/dags/download_intact.py took 0.332 seconds
[2023-01-01T20:41:59.204-0300] {processor.py:153} INFO - Started process (PID=8184) to work on /home/kallox/airflow/dags/download_intact.py
[2023-01-01T20:41:59.205-0300] {processor.py:743} INFO - Processing file /home/kallox/airflow/dags/download_intact.py for tasks to queue
[2023-01-01T20:41:59.206-0300] {logging_mixin.py:137} INFO - [2023-01-01T20:41:59.206-0300] {dagbag.py:538} INFO - Filling up the DagBag from /home/kallox/airflow/dags/download_intact.py
[2023-01-01T20:41:59.444-0300] {processor.py:753} INFO - DAG(s) dict_keys(['download_intact']) retrieved from /home/kallox/airflow/dags/download_intact.py
[2023-01-01T20:41:59.470-0300] {logging_mixin.py:137} INFO - [2023-01-01T20:41:59.470-0300] {dag.py:2676} INFO - Sync 1 DAGs
[2023-01-01T20:41:59.492-0300] {logging_mixin.py:137} INFO - [2023-01-01T20:41:59.492-0300] {dag.py:3427} INFO - Setting next_dagrun for download_intact to 2022-12-01T00:00:00+00:00, run_after=2023-01-01T00:00:00+00:00
[2023-01-01T20:41:59.515-0300] {processor.py:175} INFO - Processing /home/kallox/airflow/dags/download_intact.py took 0.313 seconds
[2023-01-01T20:42:29.608-0300] {processor.py:153} INFO - Started process (PID=8286) to work on /home/kallox/airflow/dags/download_intact.py
[2023-01-01T20:42:29.609-0300] {processor.py:743} INFO - Processing file /home/kallox/airflow/dags/download_intact.py for tasks to queue
[2023-01-01T20:42:29.609-0300] {logging_mixin.py:137} INFO - [2023-01-01T20:42:29.609-0300] {dagbag.py:538} INFO - Filling up the DagBag from /home/kallox/airflow/dags/download_intact.py
[2023-01-01T20:42:29.838-0300] {processor.py:753} INFO - DAG(s) dict_keys(['download_intact']) retrieved from /home/kallox/airflow/dags/download_intact.py
[2023-01-01T20:42:29.864-0300] {logging_mixin.py:137} INFO - [2023-01-01T20:42:29.864-0300] {dag.py:2676} INFO - Sync 1 DAGs
[2023-01-01T20:42:29.885-0300] {logging_mixin.py:137} INFO - [2023-01-01T20:42:29.885-0300] {dag.py:3427} INFO - Setting next_dagrun for download_intact to 2022-12-01T00:00:00+00:00, run_after=2023-01-01T00:00:00+00:00
[2023-01-01T20:42:29.909-0300] {processor.py:175} INFO - Processing /home/kallox/airflow/dags/download_intact.py took 0.304 seconds
[2023-01-01T20:43:00.223-0300] {processor.py:153} INFO - Started process (PID=8360) to work on /home/kallox/airflow/dags/download_intact.py
[2023-01-01T20:43:00.224-0300] {processor.py:743} INFO - Processing file /home/kallox/airflow/dags/download_intact.py for tasks to queue
[2023-01-01T20:43:00.224-0300] {logging_mixin.py:137} INFO - [2023-01-01T20:43:00.224-0300] {dagbag.py:538} INFO - Filling up the DagBag from /home/kallox/airflow/dags/download_intact.py
[2023-01-01T20:43:00.488-0300] {processor.py:753} INFO - DAG(s) dict_keys(['download_intact']) retrieved from /home/kallox/airflow/dags/download_intact.py
[2023-01-01T20:43:00.514-0300] {logging_mixin.py:137} INFO - [2023-01-01T20:43:00.514-0300] {dag.py:2676} INFO - Sync 1 DAGs
[2023-01-01T20:43:00.536-0300] {logging_mixin.py:137} INFO - [2023-01-01T20:43:00.536-0300] {dag.py:3427} INFO - Setting next_dagrun for download_intact to 2022-12-01T00:00:00+00:00, run_after=2023-01-01T00:00:00+00:00
[2023-01-01T20:43:00.559-0300] {processor.py:175} INFO - Processing /home/kallox/airflow/dags/download_intact.py took 0.339 seconds
[2023-01-01T20:43:30.897-0300] {processor.py:153} INFO - Started process (PID=8436) to work on /home/kallox/airflow/dags/download_intact.py
[2023-01-01T20:43:30.898-0300] {processor.py:743} INFO - Processing file /home/kallox/airflow/dags/download_intact.py for tasks to queue
[2023-01-01T20:43:30.898-0300] {logging_mixin.py:137} INFO - [2023-01-01T20:43:30.898-0300] {dagbag.py:538} INFO - Filling up the DagBag from /home/kallox/airflow/dags/download_intact.py
[2023-01-01T20:43:31.127-0300] {processor.py:753} INFO - DAG(s) dict_keys(['download_intact']) retrieved from /home/kallox/airflow/dags/download_intact.py
[2023-01-01T20:43:31.154-0300] {logging_mixin.py:137} INFO - [2023-01-01T20:43:31.154-0300] {dag.py:2676} INFO - Sync 1 DAGs
[2023-01-01T20:43:31.176-0300] {logging_mixin.py:137} INFO - [2023-01-01T20:43:31.176-0300] {dag.py:3427} INFO - Setting next_dagrun for download_intact to 2022-12-01T00:00:00+00:00, run_after=2023-01-01T00:00:00+00:00
[2023-01-01T20:43:31.201-0300] {processor.py:175} INFO - Processing /home/kallox/airflow/dags/download_intact.py took 0.306 seconds
[2023-01-01T20:44:01.515-0300] {processor.py:153} INFO - Started process (PID=8526) to work on /home/kallox/airflow/dags/download_intact.py
[2023-01-01T20:44:01.515-0300] {processor.py:743} INFO - Processing file /home/kallox/airflow/dags/download_intact.py for tasks to queue
[2023-01-01T20:44:01.516-0300] {logging_mixin.py:137} INFO - [2023-01-01T20:44:01.516-0300] {dagbag.py:538} INFO - Filling up the DagBag from /home/kallox/airflow/dags/download_intact.py
[2023-01-01T20:44:01.758-0300] {processor.py:753} INFO - DAG(s) dict_keys(['download_intact']) retrieved from /home/kallox/airflow/dags/download_intact.py
[2023-01-01T20:44:01.783-0300] {logging_mixin.py:137} INFO - [2023-01-01T20:44:01.783-0300] {dag.py:2676} INFO - Sync 1 DAGs
[2023-01-01T20:44:01.804-0300] {logging_mixin.py:137} INFO - [2023-01-01T20:44:01.804-0300] {dag.py:3427} INFO - Setting next_dagrun for download_intact to 2022-12-01T00:00:00+00:00, run_after=2023-01-01T00:00:00+00:00
[2023-01-01T20:44:01.828-0300] {processor.py:175} INFO - Processing /home/kallox/airflow/dags/download_intact.py took 0.316 seconds
[2023-01-01T20:44:32.090-0300] {processor.py:153} INFO - Started process (PID=8622) to work on /home/kallox/airflow/dags/download_intact.py
[2023-01-01T20:44:32.091-0300] {processor.py:743} INFO - Processing file /home/kallox/airflow/dags/download_intact.py for tasks to queue
[2023-01-01T20:44:32.092-0300] {logging_mixin.py:137} INFO - [2023-01-01T20:44:32.091-0300] {dagbag.py:538} INFO - Filling up the DagBag from /home/kallox/airflow/dags/download_intact.py
[2023-01-01T20:44:32.328-0300] {processor.py:753} INFO - DAG(s) dict_keys(['download_intact']) retrieved from /home/kallox/airflow/dags/download_intact.py
[2023-01-01T20:44:32.355-0300] {logging_mixin.py:137} INFO - [2023-01-01T20:44:32.355-0300] {dag.py:2676} INFO - Sync 1 DAGs
[2023-01-01T20:44:32.377-0300] {logging_mixin.py:137} INFO - [2023-01-01T20:44:32.377-0300] {dag.py:3427} INFO - Setting next_dagrun for download_intact to 2022-12-01T00:00:00+00:00, run_after=2023-01-01T00:00:00+00:00
[2023-01-01T20:44:32.402-0300] {processor.py:175} INFO - Processing /home/kallox/airflow/dags/download_intact.py took 0.315 seconds
[2023-01-01T20:45:02.898-0300] {processor.py:153} INFO - Started process (PID=8702) to work on /home/kallox/airflow/dags/download_intact.py
[2023-01-01T20:45:02.899-0300] {processor.py:743} INFO - Processing file /home/kallox/airflow/dags/download_intact.py for tasks to queue
[2023-01-01T20:45:02.899-0300] {logging_mixin.py:137} INFO - [2023-01-01T20:45:02.899-0300] {dagbag.py:538} INFO - Filling up the DagBag from /home/kallox/airflow/dags/download_intact.py
[2023-01-01T20:45:03.128-0300] {processor.py:753} INFO - DAG(s) dict_keys(['download_intact']) retrieved from /home/kallox/airflow/dags/download_intact.py
[2023-01-01T20:45:03.152-0300] {logging_mixin.py:137} INFO - [2023-01-01T20:45:03.152-0300] {dag.py:2676} INFO - Sync 1 DAGs
[2023-01-01T20:45:03.174-0300] {logging_mixin.py:137} INFO - [2023-01-01T20:45:03.174-0300] {dag.py:3427} INFO - Setting next_dagrun for download_intact to 2022-12-01T00:00:00+00:00, run_after=2023-01-01T00:00:00+00:00
[2023-01-01T20:45:03.190-0300] {processor.py:175} INFO - Processing /home/kallox/airflow/dags/download_intact.py took 0.293 seconds
[2023-01-01T20:45:34.238-0300] {processor.py:153} INFO - Started process (PID=8793) to work on /home/kallox/airflow/dags/download_intact.py
[2023-01-01T20:45:34.239-0300] {processor.py:743} INFO - Processing file /home/kallox/airflow/dags/download_intact.py for tasks to queue
[2023-01-01T20:45:34.240-0300] {logging_mixin.py:137} INFO - [2023-01-01T20:45:34.240-0300] {dagbag.py:538} INFO - Filling up the DagBag from /home/kallox/airflow/dags/download_intact.py
[2023-01-01T20:45:34.477-0300] {processor.py:753} INFO - DAG(s) dict_keys(['download_intact']) retrieved from /home/kallox/airflow/dags/download_intact.py
[2023-01-01T20:45:34.503-0300] {logging_mixin.py:137} INFO - [2023-01-01T20:45:34.502-0300] {dag.py:2676} INFO - Sync 1 DAGs
[2023-01-01T20:45:34.524-0300] {logging_mixin.py:137} INFO - [2023-01-01T20:45:34.524-0300] {dag.py:3427} INFO - Setting next_dagrun for download_intact to 2022-12-01T00:00:00+00:00, run_after=2023-01-01T00:00:00+00:00
[2023-01-01T20:45:34.540-0300] {processor.py:175} INFO - Processing /home/kallox/airflow/dags/download_intact.py took 0.303 seconds
[2023-01-01T20:46:05.695-0300] {processor.py:153} INFO - Started process (PID=8880) to work on /home/kallox/airflow/dags/download_intact.py
[2023-01-01T20:46:05.696-0300] {processor.py:743} INFO - Processing file /home/kallox/airflow/dags/download_intact.py for tasks to queue
[2023-01-01T20:46:05.696-0300] {logging_mixin.py:137} INFO - [2023-01-01T20:46:05.696-0300] {dagbag.py:538} INFO - Filling up the DagBag from /home/kallox/airflow/dags/download_intact.py
[2023-01-01T20:46:05.936-0300] {processor.py:753} INFO - DAG(s) dict_keys(['download_intact']) retrieved from /home/kallox/airflow/dags/download_intact.py
[2023-01-01T20:46:05.960-0300] {logging_mixin.py:137} INFO - [2023-01-01T20:46:05.960-0300] {dag.py:2676} INFO - Sync 1 DAGs
[2023-01-01T20:46:05.983-0300] {logging_mixin.py:137} INFO - [2023-01-01T20:46:05.982-0300] {dag.py:3427} INFO - Setting next_dagrun for download_intact to 2022-12-01T00:00:00+00:00, run_after=2023-01-01T00:00:00+00:00
[2023-01-01T20:46:06.005-0300] {processor.py:175} INFO - Processing /home/kallox/airflow/dags/download_intact.py took 0.312 seconds
[2023-01-01T20:46:37.378-0300] {processor.py:153} INFO - Started process (PID=8972) to work on /home/kallox/airflow/dags/download_intact.py
[2023-01-01T20:46:37.379-0300] {processor.py:743} INFO - Processing file /home/kallox/airflow/dags/download_intact.py for tasks to queue
[2023-01-01T20:46:37.379-0300] {logging_mixin.py:137} INFO - [2023-01-01T20:46:37.379-0300] {dagbag.py:538} INFO - Filling up the DagBag from /home/kallox/airflow/dags/download_intact.py
[2023-01-01T20:46:37.677-0300] {processor.py:753} INFO - DAG(s) dict_keys(['download_intact']) retrieved from /home/kallox/airflow/dags/download_intact.py
[2023-01-01T20:46:37.701-0300] {logging_mixin.py:137} INFO - [2023-01-01T20:46:37.701-0300] {dag.py:2676} INFO - Sync 1 DAGs
[2023-01-01T20:46:37.722-0300] {logging_mixin.py:137} INFO - [2023-01-01T20:46:37.722-0300] {dag.py:3427} INFO - Setting next_dagrun for download_intact to 2022-12-01T00:00:00+00:00, run_after=2023-01-01T00:00:00+00:00
[2023-01-01T20:46:37.738-0300] {processor.py:175} INFO - Processing /home/kallox/airflow/dags/download_intact.py took 0.362 seconds
[2023-01-01T20:47:08.688-0300] {processor.py:153} INFO - Started process (PID=9052) to work on /home/kallox/airflow/dags/download_intact.py
[2023-01-01T20:47:08.689-0300] {processor.py:743} INFO - Processing file /home/kallox/airflow/dags/download_intact.py for tasks to queue
[2023-01-01T20:47:08.690-0300] {logging_mixin.py:137} INFO - [2023-01-01T20:47:08.690-0300] {dagbag.py:538} INFO - Filling up the DagBag from /home/kallox/airflow/dags/download_intact.py
[2023-01-01T20:47:08.928-0300] {processor.py:753} INFO - DAG(s) dict_keys(['download_intact']) retrieved from /home/kallox/airflow/dags/download_intact.py
[2023-01-01T20:47:08.951-0300] {logging_mixin.py:137} INFO - [2023-01-01T20:47:08.951-0300] {dag.py:2676} INFO - Sync 1 DAGs
[2023-01-01T20:47:08.972-0300] {logging_mixin.py:137} INFO - [2023-01-01T20:47:08.972-0300] {dag.py:3427} INFO - Setting next_dagrun for download_intact to 2022-12-01T00:00:00+00:00, run_after=2023-01-01T00:00:00+00:00
[2023-01-01T20:47:08.994-0300] {processor.py:175} INFO - Processing /home/kallox/airflow/dags/download_intact.py took 0.310 seconds
[2023-01-01T20:47:39.139-0300] {processor.py:153} INFO - Started process (PID=9128) to work on /home/kallox/airflow/dags/download_intact.py
[2023-01-01T20:47:39.140-0300] {processor.py:743} INFO - Processing file /home/kallox/airflow/dags/download_intact.py for tasks to queue
[2023-01-01T20:47:39.141-0300] {logging_mixin.py:137} INFO - [2023-01-01T20:47:39.141-0300] {dagbag.py:538} INFO - Filling up the DagBag from /home/kallox/airflow/dags/download_intact.py
[2023-01-01T20:47:39.549-0300] {processor.py:753} INFO - DAG(s) dict_keys(['download_intact']) retrieved from /home/kallox/airflow/dags/download_intact.py
[2023-01-01T20:47:39.579-0300] {logging_mixin.py:137} INFO - [2023-01-01T20:47:39.579-0300] {dag.py:2676} INFO - Sync 1 DAGs
[2023-01-01T20:47:39.607-0300] {logging_mixin.py:137} INFO - [2023-01-01T20:47:39.607-0300] {dag.py:3427} INFO - Setting next_dagrun for download_intact to 2022-12-01T00:00:00+00:00, run_after=2023-01-01T00:00:00+00:00
[2023-01-01T20:47:39.636-0300] {processor.py:175} INFO - Processing /home/kallox/airflow/dags/download_intact.py took 0.502 seconds
[2023-01-01T20:48:09.785-0300] {processor.py:153} INFO - Started process (PID=9220) to work on /home/kallox/airflow/dags/download_intact.py
[2023-01-01T20:48:09.786-0300] {processor.py:743} INFO - Processing file /home/kallox/airflow/dags/download_intact.py for tasks to queue
[2023-01-01T20:48:09.786-0300] {logging_mixin.py:137} INFO - [2023-01-01T20:48:09.786-0300] {dagbag.py:538} INFO - Filling up the DagBag from /home/kallox/airflow/dags/download_intact.py
[2023-01-01T20:48:10.030-0300] {processor.py:753} INFO - DAG(s) dict_keys(['download_intact']) retrieved from /home/kallox/airflow/dags/download_intact.py
[2023-01-01T20:48:10.051-0300] {logging_mixin.py:137} INFO - [2023-01-01T20:48:10.051-0300] {dag.py:2676} INFO - Sync 1 DAGs
[2023-01-01T20:48:10.069-0300] {logging_mixin.py:137} INFO - [2023-01-01T20:48:10.069-0300] {dag.py:3427} INFO - Setting next_dagrun for download_intact to 2022-12-01T00:00:00+00:00, run_after=2023-01-01T00:00:00+00:00
[2023-01-01T20:48:10.090-0300] {processor.py:175} INFO - Processing /home/kallox/airflow/dags/download_intact.py took 0.307 seconds
[2023-01-01T20:48:40.253-0300] {processor.py:153} INFO - Started process (PID=9308) to work on /home/kallox/airflow/dags/download_intact.py
[2023-01-01T20:48:40.253-0300] {processor.py:743} INFO - Processing file /home/kallox/airflow/dags/download_intact.py for tasks to queue
[2023-01-01T20:48:40.254-0300] {logging_mixin.py:137} INFO - [2023-01-01T20:48:40.254-0300] {dagbag.py:538} INFO - Filling up the DagBag from /home/kallox/airflow/dags/download_intact.py
[2023-01-01T20:48:40.479-0300] {processor.py:753} INFO - DAG(s) dict_keys(['download_intact']) retrieved from /home/kallox/airflow/dags/download_intact.py
[2023-01-01T20:48:40.504-0300] {logging_mixin.py:137} INFO - [2023-01-01T20:48:40.504-0300] {dag.py:2676} INFO - Sync 1 DAGs
[2023-01-01T20:48:40.525-0300] {logging_mixin.py:137} INFO - [2023-01-01T20:48:40.525-0300] {dag.py:3427} INFO - Setting next_dagrun for download_intact to 2022-12-01T00:00:00+00:00, run_after=2023-01-01T00:00:00+00:00
[2023-01-01T20:48:40.540-0300] {processor.py:175} INFO - Processing /home/kallox/airflow/dags/download_intact.py took 0.290 seconds
[2023-01-01T20:49:10.637-0300] {processor.py:153} INFO - Started process (PID=9386) to work on /home/kallox/airflow/dags/download_intact.py
[2023-01-01T20:49:10.638-0300] {processor.py:743} INFO - Processing file /home/kallox/airflow/dags/download_intact.py for tasks to queue
[2023-01-01T20:49:10.639-0300] {logging_mixin.py:137} INFO - [2023-01-01T20:49:10.638-0300] {dagbag.py:538} INFO - Filling up the DagBag from /home/kallox/airflow/dags/download_intact.py
[2023-01-01T20:49:10.874-0300] {processor.py:753} INFO - DAG(s) dict_keys(['download_intact']) retrieved from /home/kallox/airflow/dags/download_intact.py
[2023-01-01T20:49:10.899-0300] {logging_mixin.py:137} INFO - [2023-01-01T20:49:10.899-0300] {dag.py:2676} INFO - Sync 1 DAGs
[2023-01-01T20:49:10.920-0300] {logging_mixin.py:137} INFO - [2023-01-01T20:49:10.920-0300] {dag.py:3427} INFO - Setting next_dagrun for download_intact to 2022-12-01T00:00:00+00:00, run_after=2023-01-01T00:00:00+00:00
[2023-01-01T20:49:10.943-0300] {processor.py:175} INFO - Processing /home/kallox/airflow/dags/download_intact.py took 0.308 seconds
[2023-01-01T20:49:41.608-0300] {processor.py:153} INFO - Started process (PID=9462) to work on /home/kallox/airflow/dags/download_intact.py
[2023-01-01T20:49:41.608-0300] {processor.py:743} INFO - Processing file /home/kallox/airflow/dags/download_intact.py for tasks to queue
[2023-01-01T20:49:41.609-0300] {logging_mixin.py:137} INFO - [2023-01-01T20:49:41.609-0300] {dagbag.py:538} INFO - Filling up the DagBag from /home/kallox/airflow/dags/download_intact.py
[2023-01-01T20:49:41.859-0300] {processor.py:753} INFO - DAG(s) dict_keys(['download_intact']) retrieved from /home/kallox/airflow/dags/download_intact.py
[2023-01-01T20:49:41.885-0300] {logging_mixin.py:137} INFO - [2023-01-01T20:49:41.884-0300] {dag.py:2676} INFO - Sync 1 DAGs
[2023-01-01T20:49:41.907-0300] {logging_mixin.py:137} INFO - [2023-01-01T20:49:41.907-0300] {dag.py:3427} INFO - Setting next_dagrun for download_intact to 2022-12-01T00:00:00+00:00, run_after=2023-01-01T00:00:00+00:00
[2023-01-01T20:49:41.936-0300] {processor.py:175} INFO - Processing /home/kallox/airflow/dags/download_intact.py took 0.332 seconds
[2023-01-01T20:50:12.379-0300] {processor.py:153} INFO - Started process (PID=9544) to work on /home/kallox/airflow/dags/download_intact.py
[2023-01-01T20:50:12.380-0300] {processor.py:743} INFO - Processing file /home/kallox/airflow/dags/download_intact.py for tasks to queue
[2023-01-01T20:50:12.380-0300] {logging_mixin.py:137} INFO - [2023-01-01T20:50:12.380-0300] {dagbag.py:538} INFO - Filling up the DagBag from /home/kallox/airflow/dags/download_intact.py
[2023-01-01T20:50:12.617-0300] {processor.py:753} INFO - DAG(s) dict_keys(['download_intact']) retrieved from /home/kallox/airflow/dags/download_intact.py
[2023-01-01T20:50:12.644-0300] {logging_mixin.py:137} INFO - [2023-01-01T20:50:12.644-0300] {dag.py:2676} INFO - Sync 1 DAGs
[2023-01-01T20:50:12.666-0300] {logging_mixin.py:137} INFO - [2023-01-01T20:50:12.666-0300] {dag.py:3427} INFO - Setting next_dagrun for download_intact to 2022-12-01T00:00:00+00:00, run_after=2023-01-01T00:00:00+00:00
[2023-01-01T20:50:12.689-0300] {processor.py:175} INFO - Processing /home/kallox/airflow/dags/download_intact.py took 0.313 seconds
[2023-01-01T20:50:43.001-0300] {processor.py:153} INFO - Started process (PID=9620) to work on /home/kallox/airflow/dags/download_intact.py
[2023-01-01T20:50:43.002-0300] {processor.py:743} INFO - Processing file /home/kallox/airflow/dags/download_intact.py for tasks to queue
[2023-01-01T20:50:43.002-0300] {logging_mixin.py:137} INFO - [2023-01-01T20:50:43.002-0300] {dagbag.py:538} INFO - Filling up the DagBag from /home/kallox/airflow/dags/download_intact.py
[2023-01-01T20:50:43.237-0300] {processor.py:753} INFO - DAG(s) dict_keys(['download_intact']) retrieved from /home/kallox/airflow/dags/download_intact.py
[2023-01-01T20:50:43.263-0300] {logging_mixin.py:137} INFO - [2023-01-01T20:50:43.263-0300] {dag.py:2676} INFO - Sync 1 DAGs
[2023-01-01T20:50:43.286-0300] {logging_mixin.py:137} INFO - [2023-01-01T20:50:43.286-0300] {dag.py:3427} INFO - Setting next_dagrun for download_intact to 2022-12-01T00:00:00+00:00, run_after=2023-01-01T00:00:00+00:00
[2023-01-01T20:50:43.311-0300] {processor.py:175} INFO - Processing /home/kallox/airflow/dags/download_intact.py took 0.312 seconds
[2023-01-01T20:51:13.388-0300] {processor.py:153} INFO - Started process (PID=9702) to work on /home/kallox/airflow/dags/download_intact.py
[2023-01-01T20:51:13.388-0300] {processor.py:743} INFO - Processing file /home/kallox/airflow/dags/download_intact.py for tasks to queue
[2023-01-01T20:51:13.389-0300] {logging_mixin.py:137} INFO - [2023-01-01T20:51:13.389-0300] {dagbag.py:538} INFO - Filling up the DagBag from /home/kallox/airflow/dags/download_intact.py
[2023-01-01T20:51:13.615-0300] {processor.py:753} INFO - DAG(s) dict_keys(['download_intact']) retrieved from /home/kallox/airflow/dags/download_intact.py
[2023-01-01T20:51:13.641-0300] {logging_mixin.py:137} INFO - [2023-01-01T20:51:13.641-0300] {dag.py:2676} INFO - Sync 1 DAGs
[2023-01-01T20:51:13.662-0300] {logging_mixin.py:137} INFO - [2023-01-01T20:51:13.662-0300] {dag.py:3427} INFO - Setting next_dagrun for download_intact to 2022-12-01T00:00:00+00:00, run_after=2023-01-01T00:00:00+00:00
[2023-01-01T20:51:13.685-0300] {processor.py:175} INFO - Processing /home/kallox/airflow/dags/download_intact.py took 0.300 seconds
[2023-01-01T20:51:44.313-0300] {processor.py:153} INFO - Started process (PID=9791) to work on /home/kallox/airflow/dags/download_intact.py
[2023-01-01T20:51:44.315-0300] {processor.py:743} INFO - Processing file /home/kallox/airflow/dags/download_intact.py for tasks to queue
[2023-01-01T20:51:44.316-0300] {logging_mixin.py:137} INFO - [2023-01-01T20:51:44.315-0300] {dagbag.py:538} INFO - Filling up the DagBag from /home/kallox/airflow/dags/download_intact.py
[2023-01-01T20:51:44.545-0300] {processor.py:753} INFO - DAG(s) dict_keys(['download_intact']) retrieved from /home/kallox/airflow/dags/download_intact.py
[2023-01-01T20:51:44.571-0300] {logging_mixin.py:137} INFO - [2023-01-01T20:51:44.571-0300] {dag.py:2676} INFO - Sync 1 DAGs
[2023-01-01T20:51:44.596-0300] {logging_mixin.py:137} INFO - [2023-01-01T20:51:44.596-0300] {dag.py:3427} INFO - Setting next_dagrun for download_intact to 2022-12-01T00:00:00+00:00, run_after=2023-01-01T00:00:00+00:00
[2023-01-01T20:51:44.612-0300] {processor.py:175} INFO - Processing /home/kallox/airflow/dags/download_intact.py took 0.302 seconds
[2023-01-01T20:52:15.258-0300] {processor.py:153} INFO - Started process (PID=9870) to work on /home/kallox/airflow/dags/download_intact.py
[2023-01-01T20:52:15.259-0300] {processor.py:743} INFO - Processing file /home/kallox/airflow/dags/download_intact.py for tasks to queue
[2023-01-01T20:52:15.261-0300] {logging_mixin.py:137} INFO - [2023-01-01T20:52:15.260-0300] {dagbag.py:538} INFO - Filling up the DagBag from /home/kallox/airflow/dags/download_intact.py
[2023-01-01T20:52:15.695-0300] {processor.py:753} INFO - DAG(s) dict_keys(['download_intact']) retrieved from /home/kallox/airflow/dags/download_intact.py
[2023-01-01T20:52:15.734-0300] {logging_mixin.py:137} INFO - [2023-01-01T20:52:15.734-0300] {dag.py:2676} INFO - Sync 1 DAGs
[2023-01-01T20:52:15.767-0300] {logging_mixin.py:137} INFO - [2023-01-01T20:52:15.766-0300] {dag.py:3427} INFO - Setting next_dagrun for download_intact to 2022-12-01T00:00:00+00:00, run_after=2023-01-01T00:00:00+00:00
[2023-01-01T20:52:15.805-0300] {processor.py:175} INFO - Processing /home/kallox/airflow/dags/download_intact.py took 0.551 seconds
[2023-01-01T20:52:46.696-0300] {processor.py:153} INFO - Started process (PID=10091) to work on /home/kallox/airflow/dags/download_intact.py
[2023-01-01T20:52:46.705-0300] {processor.py:743} INFO - Processing file /home/kallox/airflow/dags/download_intact.py for tasks to queue
[2023-01-01T20:52:46.705-0300] {logging_mixin.py:137} INFO - [2023-01-01T20:52:46.705-0300] {dagbag.py:538} INFO - Filling up the DagBag from /home/kallox/airflow/dags/download_intact.py
[2023-01-01T20:52:47.047-0300] {processor.py:753} INFO - DAG(s) dict_keys(['download_intact']) retrieved from /home/kallox/airflow/dags/download_intact.py
[2023-01-01T20:52:47.077-0300] {logging_mixin.py:137} INFO - [2023-01-01T20:52:47.077-0300] {dag.py:2676} INFO - Sync 1 DAGs
[2023-01-01T20:52:47.103-0300] {logging_mixin.py:137} INFO - [2023-01-01T20:52:47.103-0300] {dag.py:3427} INFO - Setting next_dagrun for download_intact to 2022-12-01T00:00:00+00:00, run_after=2023-01-01T00:00:00+00:00
[2023-01-01T20:52:47.131-0300] {processor.py:175} INFO - Processing /home/kallox/airflow/dags/download_intact.py took 0.438 seconds
[2023-01-01T20:53:17.339-0300] {processor.py:153} INFO - Started process (PID=10238) to work on /home/kallox/airflow/dags/download_intact.py
[2023-01-01T20:53:17.348-0300] {processor.py:743} INFO - Processing file /home/kallox/airflow/dags/download_intact.py for tasks to queue
[2023-01-01T20:53:17.349-0300] {logging_mixin.py:137} INFO - [2023-01-01T20:53:17.348-0300] {dagbag.py:538} INFO - Filling up the DagBag from /home/kallox/airflow/dags/download_intact.py
[2023-01-01T20:53:17.697-0300] {processor.py:753} INFO - DAG(s) dict_keys(['download_intact']) retrieved from /home/kallox/airflow/dags/download_intact.py
[2023-01-01T20:53:17.731-0300] {logging_mixin.py:137} INFO - [2023-01-01T20:53:17.731-0300] {dag.py:2676} INFO - Sync 1 DAGs
[2023-01-01T20:53:17.757-0300] {logging_mixin.py:137} INFO - [2023-01-01T20:53:17.756-0300] {dag.py:3427} INFO - Setting next_dagrun for download_intact to 2022-12-01T00:00:00+00:00, run_after=2023-01-01T00:00:00+00:00
[2023-01-01T20:53:17.778-0300] {processor.py:175} INFO - Processing /home/kallox/airflow/dags/download_intact.py took 0.442 seconds
[2023-01-01T20:53:48.144-0300] {processor.py:153} INFO - Started process (PID=10393) to work on /home/kallox/airflow/dags/download_intact.py
[2023-01-01T20:53:48.145-0300] {processor.py:743} INFO - Processing file /home/kallox/airflow/dags/download_intact.py for tasks to queue
[2023-01-01T20:53:48.146-0300] {logging_mixin.py:137} INFO - [2023-01-01T20:53:48.146-0300] {dagbag.py:538} INFO - Filling up the DagBag from /home/kallox/airflow/dags/download_intact.py
[2023-01-01T20:53:48.484-0300] {processor.py:753} INFO - DAG(s) dict_keys(['download_intact']) retrieved from /home/kallox/airflow/dags/download_intact.py
[2023-01-01T20:53:48.517-0300] {logging_mixin.py:137} INFO - [2023-01-01T20:53:48.517-0300] {dag.py:2676} INFO - Sync 1 DAGs
[2023-01-01T20:53:48.543-0300] {logging_mixin.py:137} INFO - [2023-01-01T20:53:48.543-0300] {dag.py:3427} INFO - Setting next_dagrun for download_intact to 2022-12-01T00:00:00+00:00, run_after=2023-01-01T00:00:00+00:00
[2023-01-01T20:53:48.562-0300] {processor.py:175} INFO - Processing /home/kallox/airflow/dags/download_intact.py took 0.421 seconds
[2023-01-01T20:54:18.687-0300] {processor.py:153} INFO - Started process (PID=10524) to work on /home/kallox/airflow/dags/download_intact.py
[2023-01-01T20:54:18.696-0300] {processor.py:743} INFO - Processing file /home/kallox/airflow/dags/download_intact.py for tasks to queue
[2023-01-01T20:54:18.696-0300] {logging_mixin.py:137} INFO - [2023-01-01T20:54:18.696-0300] {dagbag.py:538} INFO - Filling up the DagBag from /home/kallox/airflow/dags/download_intact.py
[2023-01-01T20:54:19.082-0300] {processor.py:753} INFO - DAG(s) dict_keys(['download_intact']) retrieved from /home/kallox/airflow/dags/download_intact.py
[2023-01-01T20:54:19.111-0300] {logging_mixin.py:137} INFO - [2023-01-01T20:54:19.111-0300] {dag.py:2676} INFO - Sync 1 DAGs
[2023-01-01T20:54:19.135-0300] {logging_mixin.py:137} INFO - [2023-01-01T20:54:19.135-0300] {dag.py:3427} INFO - Setting next_dagrun for download_intact to 2022-12-01T00:00:00+00:00, run_after=2023-01-01T00:00:00+00:00
[2023-01-01T20:54:19.155-0300] {processor.py:175} INFO - Processing /home/kallox/airflow/dags/download_intact.py took 0.471 seconds
[2023-01-01T20:54:50.187-0300] {processor.py:153} INFO - Started process (PID=10623) to work on /home/kallox/airflow/dags/download_intact.py
[2023-01-01T20:54:50.188-0300] {processor.py:743} INFO - Processing file /home/kallox/airflow/dags/download_intact.py for tasks to queue
[2023-01-01T20:54:50.188-0300] {logging_mixin.py:137} INFO - [2023-01-01T20:54:50.188-0300] {dagbag.py:538} INFO - Filling up the DagBag from /home/kallox/airflow/dags/download_intact.py
[2023-01-01T20:54:50.421-0300] {processor.py:753} INFO - DAG(s) dict_keys(['download_intact']) retrieved from /home/kallox/airflow/dags/download_intact.py
[2023-01-01T20:54:50.446-0300] {logging_mixin.py:137} INFO - [2023-01-01T20:54:50.446-0300] {dag.py:2676} INFO - Sync 1 DAGs
[2023-01-01T20:54:50.468-0300] {logging_mixin.py:137} INFO - [2023-01-01T20:54:50.468-0300] {dag.py:3427} INFO - Setting next_dagrun for download_intact to 2022-12-01T00:00:00+00:00, run_after=2023-01-01T00:00:00+00:00
[2023-01-01T20:54:50.492-0300] {processor.py:175} INFO - Processing /home/kallox/airflow/dags/download_intact.py took 0.307 seconds
[2023-01-01T20:55:21.644-0300] {processor.py:153} INFO - Started process (PID=10741) to work on /home/kallox/airflow/dags/download_intact.py
[2023-01-01T20:55:21.645-0300] {processor.py:743} INFO - Processing file /home/kallox/airflow/dags/download_intact.py for tasks to queue
[2023-01-01T20:55:21.646-0300] {logging_mixin.py:137} INFO - [2023-01-01T20:55:21.646-0300] {dagbag.py:538} INFO - Filling up the DagBag from /home/kallox/airflow/dags/download_intact.py
[2023-01-01T20:55:21.997-0300] {processor.py:753} INFO - DAG(s) dict_keys(['download_intact']) retrieved from /home/kallox/airflow/dags/download_intact.py
[2023-01-01T20:55:22.029-0300] {logging_mixin.py:137} INFO - [2023-01-01T20:55:22.029-0300] {dag.py:2676} INFO - Sync 1 DAGs
[2023-01-01T20:55:22.059-0300] {logging_mixin.py:137} INFO - [2023-01-01T20:55:22.059-0300] {dag.py:3427} INFO - Setting next_dagrun for download_intact to 2022-12-01T00:00:00+00:00, run_after=2023-01-01T00:00:00+00:00
[2023-01-01T20:55:22.091-0300] {processor.py:175} INFO - Processing /home/kallox/airflow/dags/download_intact.py took 0.449 seconds
[2023-01-01T20:55:52.280-0300] {processor.py:153} INFO - Started process (PID=10871) to work on /home/kallox/airflow/dags/download_intact.py
[2023-01-01T20:55:52.281-0300] {processor.py:743} INFO - Processing file /home/kallox/airflow/dags/download_intact.py for tasks to queue
[2023-01-01T20:55:52.282-0300] {logging_mixin.py:137} INFO - [2023-01-01T20:55:52.282-0300] {dagbag.py:538} INFO - Filling up the DagBag from /home/kallox/airflow/dags/download_intact.py
[2023-01-01T20:55:52.507-0300] {processor.py:753} INFO - DAG(s) dict_keys(['download_intact']) retrieved from /home/kallox/airflow/dags/download_intact.py
[2023-01-01T20:55:52.533-0300] {logging_mixin.py:137} INFO - [2023-01-01T20:55:52.533-0300] {dag.py:2676} INFO - Sync 1 DAGs
[2023-01-01T20:55:52.554-0300] {logging_mixin.py:137} INFO - [2023-01-01T20:55:52.554-0300] {dag.py:3427} INFO - Setting next_dagrun for download_intact to 2022-12-01T00:00:00+00:00, run_after=2023-01-01T00:00:00+00:00
[2023-01-01T20:55:52.578-0300] {processor.py:175} INFO - Processing /home/kallox/airflow/dags/download_intact.py took 0.299 seconds
[2023-01-01T20:56:23.826-0300] {processor.py:153} INFO - Started process (PID=10950) to work on /home/kallox/airflow/dags/download_intact.py
[2023-01-01T20:56:23.827-0300] {processor.py:743} INFO - Processing file /home/kallox/airflow/dags/download_intact.py for tasks to queue
[2023-01-01T20:56:23.827-0300] {logging_mixin.py:137} INFO - [2023-01-01T20:56:23.827-0300] {dagbag.py:538} INFO - Filling up the DagBag from /home/kallox/airflow/dags/download_intact.py
[2023-01-01T20:56:24.157-0300] {processor.py:753} INFO - DAG(s) dict_keys(['download_intact']) retrieved from /home/kallox/airflow/dags/download_intact.py
[2023-01-01T20:56:24.186-0300] {logging_mixin.py:137} INFO - [2023-01-01T20:56:24.186-0300] {dag.py:2676} INFO - Sync 1 DAGs
[2023-01-01T20:56:24.212-0300] {logging_mixin.py:137} INFO - [2023-01-01T20:56:24.212-0300] {dag.py:3427} INFO - Setting next_dagrun for download_intact to 2022-12-01T00:00:00+00:00, run_after=2023-01-01T00:00:00+00:00
[2023-01-01T20:56:24.241-0300] {processor.py:175} INFO - Processing /home/kallox/airflow/dags/download_intact.py took 0.418 seconds
[2023-01-01T20:56:54.640-0300] {processor.py:153} INFO - Started process (PID=11036) to work on /home/kallox/airflow/dags/download_intact.py
[2023-01-01T20:56:54.641-0300] {processor.py:743} INFO - Processing file /home/kallox/airflow/dags/download_intact.py for tasks to queue
[2023-01-01T20:56:54.642-0300] {logging_mixin.py:137} INFO - [2023-01-01T20:56:54.642-0300] {dagbag.py:538} INFO - Filling up the DagBag from /home/kallox/airflow/dags/download_intact.py
[2023-01-01T20:56:54.874-0300] {processor.py:753} INFO - DAG(s) dict_keys(['download_intact']) retrieved from /home/kallox/airflow/dags/download_intact.py
[2023-01-01T20:56:54.902-0300] {logging_mixin.py:137} INFO - [2023-01-01T20:56:54.902-0300] {dag.py:2676} INFO - Sync 1 DAGs
[2023-01-01T20:56:54.923-0300] {logging_mixin.py:137} INFO - [2023-01-01T20:56:54.923-0300] {dag.py:3427} INFO - Setting next_dagrun for download_intact to 2022-12-01T00:00:00+00:00, run_after=2023-01-01T00:00:00+00:00
[2023-01-01T20:56:54.947-0300] {processor.py:175} INFO - Processing /home/kallox/airflow/dags/download_intact.py took 0.309 seconds
[2023-01-01T20:57:25.238-0300] {processor.py:153} INFO - Started process (PID=11109) to work on /home/kallox/airflow/dags/download_intact.py
[2023-01-01T20:57:25.239-0300] {processor.py:743} INFO - Processing file /home/kallox/airflow/dags/download_intact.py for tasks to queue
[2023-01-01T20:57:25.240-0300] {logging_mixin.py:137} INFO - [2023-01-01T20:57:25.240-0300] {dagbag.py:538} INFO - Filling up the DagBag from /home/kallox/airflow/dags/download_intact.py
[2023-01-01T20:57:25.484-0300] {processor.py:753} INFO - DAG(s) dict_keys(['download_intact']) retrieved from /home/kallox/airflow/dags/download_intact.py
[2023-01-01T20:57:25.510-0300] {logging_mixin.py:137} INFO - [2023-01-01T20:57:25.509-0300] {dag.py:2676} INFO - Sync 1 DAGs
[2023-01-01T20:57:25.531-0300] {logging_mixin.py:137} INFO - [2023-01-01T20:57:25.530-0300] {dag.py:3427} INFO - Setting next_dagrun for download_intact to 2022-12-01T00:00:00+00:00, run_after=2023-01-01T00:00:00+00:00
[2023-01-01T20:57:25.553-0300] {processor.py:175} INFO - Processing /home/kallox/airflow/dags/download_intact.py took 0.318 seconds
[2023-01-01T20:57:55.806-0300] {processor.py:153} INFO - Started process (PID=11185) to work on /home/kallox/airflow/dags/download_intact.py
[2023-01-01T20:57:55.807-0300] {processor.py:743} INFO - Processing file /home/kallox/airflow/dags/download_intact.py for tasks to queue
[2023-01-01T20:57:55.807-0300] {logging_mixin.py:137} INFO - [2023-01-01T20:57:55.807-0300] {dagbag.py:538} INFO - Filling up the DagBag from /home/kallox/airflow/dags/download_intact.py
[2023-01-01T20:57:56.045-0300] {processor.py:753} INFO - DAG(s) dict_keys(['download_intact']) retrieved from /home/kallox/airflow/dags/download_intact.py
[2023-01-01T20:57:56.070-0300] {logging_mixin.py:137} INFO - [2023-01-01T20:57:56.070-0300] {dag.py:2676} INFO - Sync 1 DAGs
[2023-01-01T20:57:56.091-0300] {logging_mixin.py:137} INFO - [2023-01-01T20:57:56.091-0300] {dag.py:3427} INFO - Setting next_dagrun for download_intact to 2022-12-01T00:00:00+00:00, run_after=2023-01-01T00:00:00+00:00
[2023-01-01T20:57:56.123-0300] {processor.py:175} INFO - Processing /home/kallox/airflow/dags/download_intact.py took 0.319 seconds
[2023-01-01T20:58:26.411-0300] {processor.py:153} INFO - Started process (PID=11258) to work on /home/kallox/airflow/dags/download_intact.py
[2023-01-01T20:58:26.412-0300] {processor.py:743} INFO - Processing file /home/kallox/airflow/dags/download_intact.py for tasks to queue
[2023-01-01T20:58:26.413-0300] {logging_mixin.py:137} INFO - [2023-01-01T20:58:26.412-0300] {dagbag.py:538} INFO - Filling up the DagBag from /home/kallox/airflow/dags/download_intact.py
[2023-01-01T20:58:26.651-0300] {processor.py:753} INFO - DAG(s) dict_keys(['download_intact']) retrieved from /home/kallox/airflow/dags/download_intact.py
[2023-01-01T20:58:26.675-0300] {logging_mixin.py:137} INFO - [2023-01-01T20:58:26.675-0300] {dag.py:2676} INFO - Sync 1 DAGs
[2023-01-01T20:58:26.697-0300] {logging_mixin.py:137} INFO - [2023-01-01T20:58:26.697-0300] {dag.py:3427} INFO - Setting next_dagrun for download_intact to 2022-12-01T00:00:00+00:00, run_after=2023-01-01T00:00:00+00:00
[2023-01-01T20:58:26.719-0300] {processor.py:175} INFO - Processing /home/kallox/airflow/dags/download_intact.py took 0.311 seconds
[2023-01-01T20:58:57.122-0300] {processor.py:153} INFO - Started process (PID=11336) to work on /home/kallox/airflow/dags/download_intact.py
[2023-01-01T20:58:57.123-0300] {processor.py:743} INFO - Processing file /home/kallox/airflow/dags/download_intact.py for tasks to queue
[2023-01-01T20:58:57.124-0300] {logging_mixin.py:137} INFO - [2023-01-01T20:58:57.124-0300] {dagbag.py:538} INFO - Filling up the DagBag from /home/kallox/airflow/dags/download_intact.py
[2023-01-01T20:58:57.366-0300] {processor.py:753} INFO - DAG(s) dict_keys(['download_intact']) retrieved from /home/kallox/airflow/dags/download_intact.py
[2023-01-01T20:58:57.393-0300] {logging_mixin.py:137} INFO - [2023-01-01T20:58:57.392-0300] {dag.py:2676} INFO - Sync 1 DAGs
[2023-01-01T20:58:57.416-0300] {logging_mixin.py:137} INFO - [2023-01-01T20:58:57.416-0300] {dag.py:3427} INFO - Setting next_dagrun for download_intact to 2022-12-01T00:00:00+00:00, run_after=2023-01-01T00:00:00+00:00
[2023-01-01T20:58:57.440-0300] {processor.py:175} INFO - Processing /home/kallox/airflow/dags/download_intact.py took 0.321 seconds
[2023-01-01T20:59:27.744-0300] {processor.py:153} INFO - Started process (PID=11413) to work on /home/kallox/airflow/dags/download_intact.py
[2023-01-01T20:59:27.745-0300] {processor.py:743} INFO - Processing file /home/kallox/airflow/dags/download_intact.py for tasks to queue
[2023-01-01T20:59:27.746-0300] {logging_mixin.py:137} INFO - [2023-01-01T20:59:27.745-0300] {dagbag.py:538} INFO - Filling up the DagBag from /home/kallox/airflow/dags/download_intact.py
[2023-01-01T20:59:27.990-0300] {processor.py:753} INFO - DAG(s) dict_keys(['download_intact']) retrieved from /home/kallox/airflow/dags/download_intact.py
[2023-01-01T20:59:28.017-0300] {logging_mixin.py:137} INFO - [2023-01-01T20:59:28.017-0300] {dag.py:2676} INFO - Sync 1 DAGs
[2023-01-01T20:59:28.038-0300] {logging_mixin.py:137} INFO - [2023-01-01T20:59:28.038-0300] {dag.py:3427} INFO - Setting next_dagrun for download_intact to 2022-12-01T00:00:00+00:00, run_after=2023-01-01T00:00:00+00:00
[2023-01-01T20:59:28.063-0300] {processor.py:175} INFO - Processing /home/kallox/airflow/dags/download_intact.py took 0.322 seconds
[2023-01-01T20:59:58.716-0300] {processor.py:153} INFO - Started process (PID=11500) to work on /home/kallox/airflow/dags/download_intact.py
[2023-01-01T20:59:58.717-0300] {processor.py:743} INFO - Processing file /home/kallox/airflow/dags/download_intact.py for tasks to queue
[2023-01-01T20:59:58.718-0300] {logging_mixin.py:137} INFO - [2023-01-01T20:59:58.717-0300] {dagbag.py:538} INFO - Filling up the DagBag from /home/kallox/airflow/dags/download_intact.py
[2023-01-01T20:59:59.031-0300] {processor.py:753} INFO - DAG(s) dict_keys(['download_intact']) retrieved from /home/kallox/airflow/dags/download_intact.py
[2023-01-01T20:59:59.058-0300] {logging_mixin.py:137} INFO - [2023-01-01T20:59:59.058-0300] {dag.py:2676} INFO - Sync 1 DAGs
[2023-01-01T20:59:59.087-0300] {logging_mixin.py:137} INFO - [2023-01-01T20:59:59.086-0300] {dag.py:3427} INFO - Setting next_dagrun for download_intact to 2022-12-01T00:00:00+00:00, run_after=2023-01-01T00:00:00+00:00
[2023-01-01T20:59:59.107-0300] {processor.py:175} INFO - Processing /home/kallox/airflow/dags/download_intact.py took 0.393 seconds
