[2023-01-01T20:30:45.891-0300] {processor.py:153} INFO - Started process (PID=3581) to work on /home/kallox/airflow/dags/download_covabdab.py
[2023-01-01T20:30:45.892-0300] {processor.py:743} INFO - Processing file /home/kallox/airflow/dags/download_covabdab.py for tasks to queue
[2023-01-01T20:30:45.892-0300] {logging_mixin.py:137} INFO - [2023-01-01T20:30:45.892-0300] {dagbag.py:538} INFO - Filling up the DagBag from /home/kallox/airflow/dags/download_covabdab.py
[2023-01-01T20:30:46.168-0300] {processor.py:753} INFO - DAG(s) dict_keys(['download_covabdab']) retrieved from /home/kallox/airflow/dags/download_covabdab.py
[2023-01-01T20:30:46.194-0300] {logging_mixin.py:137} INFO - [2023-01-01T20:30:46.194-0300] {dag.py:2676} INFO - Sync 1 DAGs
[2023-01-01T20:30:46.216-0300] {logging_mixin.py:137} INFO - [2023-01-01T20:30:46.216-0300] {dag.py:3427} INFO - Setting next_dagrun for download_covabdab to 2022-12-01T00:00:00+00:00, run_after=2023-01-01T00:00:00+00:00
[2023-01-01T20:30:46.235-0300] {processor.py:175} INFO - Processing /home/kallox/airflow/dags/download_covabdab.py took 0.346 seconds
[2023-01-01T20:31:16.938-0300] {processor.py:153} INFO - Started process (PID=4843) to work on /home/kallox/airflow/dags/download_covabdab.py
[2023-01-01T20:31:16.939-0300] {processor.py:743} INFO - Processing file /home/kallox/airflow/dags/download_covabdab.py for tasks to queue
[2023-01-01T20:31:16.939-0300] {logging_mixin.py:137} INFO - [2023-01-01T20:31:16.939-0300] {dagbag.py:538} INFO - Filling up the DagBag from /home/kallox/airflow/dags/download_covabdab.py
[2023-01-01T20:31:17.314-0300] {processor.py:753} INFO - DAG(s) dict_keys(['download_covabdab']) retrieved from /home/kallox/airflow/dags/download_covabdab.py
[2023-01-01T20:31:17.349-0300] {logging_mixin.py:137} INFO - [2023-01-01T20:31:17.348-0300] {dag.py:2676} INFO - Sync 1 DAGs
[2023-01-01T20:31:17.378-0300] {logging_mixin.py:137} INFO - [2023-01-01T20:31:17.377-0300] {dag.py:3427} INFO - Setting next_dagrun for download_covabdab to 2022-12-01T00:00:00+00:00, run_after=2023-01-01T00:00:00+00:00
[2023-01-01T20:31:17.410-0300] {processor.py:175} INFO - Processing /home/kallox/airflow/dags/download_covabdab.py took 0.476 seconds
[2023-01-01T20:31:47.619-0300] {processor.py:153} INFO - Started process (PID=5219) to work on /home/kallox/airflow/dags/download_covabdab.py
[2023-01-01T20:31:47.620-0300] {processor.py:743} INFO - Processing file /home/kallox/airflow/dags/download_covabdab.py for tasks to queue
[2023-01-01T20:31:47.621-0300] {logging_mixin.py:137} INFO - [2023-01-01T20:31:47.620-0300] {dagbag.py:538} INFO - Filling up the DagBag from /home/kallox/airflow/dags/download_covabdab.py
[2023-01-01T20:31:47.938-0300] {processor.py:753} INFO - DAG(s) dict_keys(['download_covabdab']) retrieved from /home/kallox/airflow/dags/download_covabdab.py
[2023-01-01T20:31:47.963-0300] {logging_mixin.py:137} INFO - [2023-01-01T20:31:47.962-0300] {dag.py:2676} INFO - Sync 1 DAGs
[2023-01-01T20:31:47.983-0300] {logging_mixin.py:137} INFO - [2023-01-01T20:31:47.983-0300] {dag.py:3427} INFO - Setting next_dagrun for download_covabdab to 2022-12-01T00:00:00+00:00, run_after=2023-01-01T00:00:00+00:00
[2023-01-01T20:31:48.001-0300] {processor.py:175} INFO - Processing /home/kallox/airflow/dags/download_covabdab.py took 0.384 seconds
[2023-01-01T20:32:18.314-0300] {processor.py:153} INFO - Started process (PID=5587) to work on /home/kallox/airflow/dags/download_covabdab.py
[2023-01-01T20:32:18.315-0300] {processor.py:743} INFO - Processing file /home/kallox/airflow/dags/download_covabdab.py for tasks to queue
[2023-01-01T20:32:18.315-0300] {logging_mixin.py:137} INFO - [2023-01-01T20:32:18.315-0300] {dagbag.py:538} INFO - Filling up the DagBag from /home/kallox/airflow/dags/download_covabdab.py
[2023-01-01T20:32:18.564-0300] {processor.py:753} INFO - DAG(s) dict_keys(['download_covabdab']) retrieved from /home/kallox/airflow/dags/download_covabdab.py
[2023-01-01T20:32:18.589-0300] {logging_mixin.py:137} INFO - [2023-01-01T20:32:18.589-0300] {dag.py:2676} INFO - Sync 1 DAGs
[2023-01-01T20:32:18.611-0300] {logging_mixin.py:137} INFO - [2023-01-01T20:32:18.610-0300] {dag.py:3427} INFO - Setting next_dagrun for download_covabdab to 2022-12-01T00:00:00+00:00, run_after=2023-01-01T00:00:00+00:00
[2023-01-01T20:32:18.628-0300] {processor.py:175} INFO - Processing /home/kallox/airflow/dags/download_covabdab.py took 0.316 seconds
[2023-01-01T20:32:49.777-0300] {processor.py:153} INFO - Started process (PID=5902) to work on /home/kallox/airflow/dags/download_covabdab.py
[2023-01-01T20:32:49.778-0300] {processor.py:743} INFO - Processing file /home/kallox/airflow/dags/download_covabdab.py for tasks to queue
[2023-01-01T20:32:49.778-0300] {logging_mixin.py:137} INFO - [2023-01-01T20:32:49.778-0300] {dagbag.py:538} INFO - Filling up the DagBag from /home/kallox/airflow/dags/download_covabdab.py
[2023-01-01T20:32:50.151-0300] {processor.py:753} INFO - DAG(s) dict_keys(['download_covabdab']) retrieved from /home/kallox/airflow/dags/download_covabdab.py
[2023-01-01T20:32:50.183-0300] {logging_mixin.py:137} INFO - [2023-01-01T20:32:50.182-0300] {dag.py:2676} INFO - Sync 1 DAGs
[2023-01-01T20:32:50.210-0300] {logging_mixin.py:137} INFO - [2023-01-01T20:32:50.210-0300] {dag.py:3427} INFO - Setting next_dagrun for download_covabdab to 2022-12-01T00:00:00+00:00, run_after=2023-01-01T00:00:00+00:00
[2023-01-01T20:32:50.231-0300] {processor.py:175} INFO - Processing /home/kallox/airflow/dags/download_covabdab.py took 0.457 seconds
[2023-01-01T20:33:20.610-0300] {processor.py:153} INFO - Started process (PID=6204) to work on /home/kallox/airflow/dags/download_covabdab.py
[2023-01-01T20:33:20.611-0300] {processor.py:743} INFO - Processing file /home/kallox/airflow/dags/download_covabdab.py for tasks to queue
[2023-01-01T20:33:20.611-0300] {logging_mixin.py:137} INFO - [2023-01-01T20:33:20.611-0300] {dagbag.py:538} INFO - Filling up the DagBag from /home/kallox/airflow/dags/download_covabdab.py
[2023-01-01T20:33:20.981-0300] {processor.py:753} INFO - DAG(s) dict_keys(['download_covabdab']) retrieved from /home/kallox/airflow/dags/download_covabdab.py
[2023-01-01T20:33:21.014-0300] {logging_mixin.py:137} INFO - [2023-01-01T20:33:21.011-0300] {dag.py:2676} INFO - Sync 1 DAGs
[2023-01-01T20:33:21.040-0300] {logging_mixin.py:137} INFO - [2023-01-01T20:33:21.040-0300] {dag.py:3427} INFO - Setting next_dagrun for download_covabdab to 2022-12-01T00:00:00+00:00, run_after=2023-01-01T00:00:00+00:00
[2023-01-01T20:33:21.062-0300] {processor.py:175} INFO - Processing /home/kallox/airflow/dags/download_covabdab.py took 0.456 seconds
[2023-01-01T20:34:48.658-0300] {processor.py:153} INFO - Started process (PID=7038) to work on /home/kallox/airflow/dags/download_covabdab.py
[2023-01-01T20:34:48.659-0300] {processor.py:743} INFO - Processing file /home/kallox/airflow/dags/download_covabdab.py for tasks to queue
[2023-01-01T20:34:48.659-0300] {logging_mixin.py:137} INFO - [2023-01-01T20:34:48.659-0300] {dagbag.py:538} INFO - Filling up the DagBag from /home/kallox/airflow/dags/download_covabdab.py
[2023-01-01T20:34:48.903-0300] {processor.py:753} INFO - DAG(s) dict_keys(['download_covabdab']) retrieved from /home/kallox/airflow/dags/download_covabdab.py
[2023-01-01T20:34:48.928-0300] {logging_mixin.py:137} INFO - [2023-01-01T20:34:48.928-0300] {dag.py:2676} INFO - Sync 1 DAGs
[2023-01-01T20:34:48.950-0300] {logging_mixin.py:137} INFO - [2023-01-01T20:34:48.950-0300] {dag.py:3427} INFO - Setting next_dagrun for download_covabdab to 2022-12-01T00:00:00+00:00, run_after=2023-01-01T00:00:00+00:00
[2023-01-01T20:34:48.968-0300] {processor.py:175} INFO - Processing /home/kallox/airflow/dags/download_covabdab.py took 0.311 seconds
[2023-01-01T20:35:20.063-0300] {processor.py:153} INFO - Started process (PID=7128) to work on /home/kallox/airflow/dags/download_covabdab.py
[2023-01-01T20:35:20.064-0300] {processor.py:743} INFO - Processing file /home/kallox/airflow/dags/download_covabdab.py for tasks to queue
[2023-01-01T20:35:20.065-0300] {logging_mixin.py:137} INFO - [2023-01-01T20:35:20.065-0300] {dagbag.py:538} INFO - Filling up the DagBag from /home/kallox/airflow/dags/download_covabdab.py
[2023-01-01T20:35:20.438-0300] {processor.py:753} INFO - DAG(s) dict_keys(['download_covabdab']) retrieved from /home/kallox/airflow/dags/download_covabdab.py
[2023-01-01T20:35:20.468-0300] {logging_mixin.py:137} INFO - [2023-01-01T20:35:20.468-0300] {dag.py:2676} INFO - Sync 1 DAGs
[2023-01-01T20:35:20.496-0300] {logging_mixin.py:137} INFO - [2023-01-01T20:35:20.496-0300] {dag.py:3427} INFO - Setting next_dagrun for download_covabdab to 2022-12-01T00:00:00+00:00, run_after=2023-01-01T00:00:00+00:00
[2023-01-01T20:35:20.531-0300] {processor.py:175} INFO - Processing /home/kallox/airflow/dags/download_covabdab.py took 0.470 seconds
[2023-01-01T20:35:50.676-0300] {processor.py:153} INFO - Started process (PID=7207) to work on /home/kallox/airflow/dags/download_covabdab.py
[2023-01-01T20:35:50.677-0300] {processor.py:743} INFO - Processing file /home/kallox/airflow/dags/download_covabdab.py for tasks to queue
[2023-01-01T20:35:50.677-0300] {logging_mixin.py:137} INFO - [2023-01-01T20:35:50.677-0300] {dagbag.py:538} INFO - Filling up the DagBag from /home/kallox/airflow/dags/download_covabdab.py
[2023-01-01T20:35:50.999-0300] {processor.py:753} INFO - DAG(s) dict_keys(['download_covabdab']) retrieved from /home/kallox/airflow/dags/download_covabdab.py
[2023-01-01T20:35:51.025-0300] {logging_mixin.py:137} INFO - [2023-01-01T20:35:51.024-0300] {dag.py:2676} INFO - Sync 1 DAGs
[2023-01-01T20:35:51.047-0300] {logging_mixin.py:137} INFO - [2023-01-01T20:35:51.047-0300] {dag.py:3427} INFO - Setting next_dagrun for download_covabdab to 2022-12-01T00:00:00+00:00, run_after=2023-01-01T00:00:00+00:00
[2023-01-01T20:35:51.064-0300] {processor.py:175} INFO - Processing /home/kallox/airflow/dags/download_covabdab.py took 0.391 seconds
[2023-01-01T20:36:21.216-0300] {processor.py:153} INFO - Started process (PID=7282) to work on /home/kallox/airflow/dags/download_covabdab.py
[2023-01-01T20:36:21.217-0300] {processor.py:743} INFO - Processing file /home/kallox/airflow/dags/download_covabdab.py for tasks to queue
[2023-01-01T20:36:21.218-0300] {logging_mixin.py:137} INFO - [2023-01-01T20:36:21.218-0300] {dagbag.py:538} INFO - Filling up the DagBag from /home/kallox/airflow/dags/download_covabdab.py
[2023-01-01T20:36:21.591-0300] {processor.py:753} INFO - DAG(s) dict_keys(['download_covabdab']) retrieved from /home/kallox/airflow/dags/download_covabdab.py
[2023-01-01T20:36:21.623-0300] {logging_mixin.py:137} INFO - [2023-01-01T20:36:21.622-0300] {dag.py:2676} INFO - Sync 1 DAGs
[2023-01-01T20:36:21.648-0300] {logging_mixin.py:137} INFO - [2023-01-01T20:36:21.648-0300] {dag.py:3427} INFO - Setting next_dagrun for download_covabdab to 2022-12-01T00:00:00+00:00, run_after=2023-01-01T00:00:00+00:00
[2023-01-01T20:36:21.668-0300] {processor.py:175} INFO - Processing /home/kallox/airflow/dags/download_covabdab.py took 0.454 seconds
[2023-01-01T20:36:51.870-0300] {processor.py:153} INFO - Started process (PID=7364) to work on /home/kallox/airflow/dags/download_covabdab.py
[2023-01-01T20:36:51.871-0300] {processor.py:743} INFO - Processing file /home/kallox/airflow/dags/download_covabdab.py for tasks to queue
[2023-01-01T20:36:51.871-0300] {logging_mixin.py:137} INFO - [2023-01-01T20:36:51.871-0300] {dagbag.py:538} INFO - Filling up the DagBag from /home/kallox/airflow/dags/download_covabdab.py
[2023-01-01T20:36:52.235-0300] {processor.py:753} INFO - DAG(s) dict_keys(['download_covabdab']) retrieved from /home/kallox/airflow/dags/download_covabdab.py
[2023-01-01T20:36:52.264-0300] {logging_mixin.py:137} INFO - [2023-01-01T20:36:52.263-0300] {dag.py:2676} INFO - Sync 1 DAGs
[2023-01-01T20:36:52.288-0300] {logging_mixin.py:137} INFO - [2023-01-01T20:36:52.288-0300] {dag.py:3427} INFO - Setting next_dagrun for download_covabdab to 2022-12-01T00:00:00+00:00, run_after=2023-01-01T00:00:00+00:00
[2023-01-01T20:36:52.311-0300] {processor.py:175} INFO - Processing /home/kallox/airflow/dags/download_covabdab.py took 0.444 seconds
[2023-01-01T20:37:22.532-0300] {processor.py:153} INFO - Started process (PID=7449) to work on /home/kallox/airflow/dags/download_covabdab.py
[2023-01-01T20:37:22.534-0300] {processor.py:743} INFO - Processing file /home/kallox/airflow/dags/download_covabdab.py for tasks to queue
[2023-01-01T20:37:22.536-0300] {logging_mixin.py:137} INFO - [2023-01-01T20:37:22.535-0300] {dagbag.py:538} INFO - Filling up the DagBag from /home/kallox/airflow/dags/download_covabdab.py
[2023-01-01T20:37:22.948-0300] {processor.py:753} INFO - DAG(s) dict_keys(['download_covabdab']) retrieved from /home/kallox/airflow/dags/download_covabdab.py
[2023-01-01T20:37:22.976-0300] {logging_mixin.py:137} INFO - [2023-01-01T20:37:22.976-0300] {dag.py:2676} INFO - Sync 1 DAGs
[2023-01-01T20:37:22.997-0300] {logging_mixin.py:137} INFO - [2023-01-01T20:37:22.997-0300] {dag.py:3427} INFO - Setting next_dagrun for download_covabdab to 2022-12-01T00:00:00+00:00, run_after=2023-01-01T00:00:00+00:00
[2023-01-01T20:37:23.021-0300] {processor.py:175} INFO - Processing /home/kallox/airflow/dags/download_covabdab.py took 0.494 seconds
[2023-01-01T20:37:53.420-0300] {processor.py:153} INFO - Started process (PID=7524) to work on /home/kallox/airflow/dags/download_covabdab.py
[2023-01-01T20:37:53.421-0300] {processor.py:743} INFO - Processing file /home/kallox/airflow/dags/download_covabdab.py for tasks to queue
[2023-01-01T20:37:53.422-0300] {logging_mixin.py:137} INFO - [2023-01-01T20:37:53.422-0300] {dagbag.py:538} INFO - Filling up the DagBag from /home/kallox/airflow/dags/download_covabdab.py
[2023-01-01T20:37:53.793-0300] {processor.py:753} INFO - DAG(s) dict_keys(['download_covabdab']) retrieved from /home/kallox/airflow/dags/download_covabdab.py
[2023-01-01T20:37:53.823-0300] {logging_mixin.py:137} INFO - [2023-01-01T20:37:53.823-0300] {dag.py:2676} INFO - Sync 1 DAGs
[2023-01-01T20:37:53.850-0300] {logging_mixin.py:137} INFO - [2023-01-01T20:37:53.849-0300] {dag.py:3427} INFO - Setting next_dagrun for download_covabdab to 2022-12-01T00:00:00+00:00, run_after=2023-01-01T00:00:00+00:00
[2023-01-01T20:37:53.870-0300] {processor.py:175} INFO - Processing /home/kallox/airflow/dags/download_covabdab.py took 0.453 seconds
[2023-01-01T20:38:24.127-0300] {processor.py:153} INFO - Started process (PID=7604) to work on /home/kallox/airflow/dags/download_covabdab.py
[2023-01-01T20:38:24.128-0300] {processor.py:743} INFO - Processing file /home/kallox/airflow/dags/download_covabdab.py for tasks to queue
[2023-01-01T20:38:24.129-0300] {logging_mixin.py:137} INFO - [2023-01-01T20:38:24.128-0300] {dagbag.py:538} INFO - Filling up the DagBag from /home/kallox/airflow/dags/download_covabdab.py
[2023-01-01T20:38:24.503-0300] {processor.py:753} INFO - DAG(s) dict_keys(['download_covabdab']) retrieved from /home/kallox/airflow/dags/download_covabdab.py
[2023-01-01T20:38:24.533-0300] {logging_mixin.py:137} INFO - [2023-01-01T20:38:24.532-0300] {dag.py:2676} INFO - Sync 1 DAGs
[2023-01-01T20:38:24.559-0300] {logging_mixin.py:137} INFO - [2023-01-01T20:38:24.558-0300] {dag.py:3427} INFO - Setting next_dagrun for download_covabdab to 2022-12-01T00:00:00+00:00, run_after=2023-01-01T00:00:00+00:00
[2023-01-01T20:38:24.580-0300] {processor.py:175} INFO - Processing /home/kallox/airflow/dags/download_covabdab.py took 0.456 seconds
[2023-01-01T20:38:54.852-0300] {processor.py:153} INFO - Started process (PID=7690) to work on /home/kallox/airflow/dags/download_covabdab.py
[2023-01-01T20:38:54.853-0300] {processor.py:743} INFO - Processing file /home/kallox/airflow/dags/download_covabdab.py for tasks to queue
[2023-01-01T20:38:54.854-0300] {logging_mixin.py:137} INFO - [2023-01-01T20:38:54.854-0300] {dagbag.py:538} INFO - Filling up the DagBag from /home/kallox/airflow/dags/download_covabdab.py
[2023-01-01T20:38:55.169-0300] {processor.py:753} INFO - DAG(s) dict_keys(['download_covabdab']) retrieved from /home/kallox/airflow/dags/download_covabdab.py
[2023-01-01T20:38:55.196-0300] {logging_mixin.py:137} INFO - [2023-01-01T20:38:55.195-0300] {dag.py:2676} INFO - Sync 1 DAGs
[2023-01-01T20:38:55.217-0300] {logging_mixin.py:137} INFO - [2023-01-01T20:38:55.217-0300] {dag.py:3427} INFO - Setting next_dagrun for download_covabdab to 2022-12-01T00:00:00+00:00, run_after=2023-01-01T00:00:00+00:00
[2023-01-01T20:38:55.242-0300] {processor.py:175} INFO - Processing /home/kallox/airflow/dags/download_covabdab.py took 0.392 seconds
[2023-01-01T20:39:25.365-0300] {processor.py:153} INFO - Started process (PID=7767) to work on /home/kallox/airflow/dags/download_covabdab.py
[2023-01-01T20:39:25.366-0300] {processor.py:743} INFO - Processing file /home/kallox/airflow/dags/download_covabdab.py for tasks to queue
[2023-01-01T20:39:25.367-0300] {logging_mixin.py:137} INFO - [2023-01-01T20:39:25.367-0300] {dagbag.py:538} INFO - Filling up the DagBag from /home/kallox/airflow/dags/download_covabdab.py
[2023-01-01T20:39:25.715-0300] {processor.py:753} INFO - DAG(s) dict_keys(['download_covabdab']) retrieved from /home/kallox/airflow/dags/download_covabdab.py
[2023-01-01T20:39:25.746-0300] {logging_mixin.py:137} INFO - [2023-01-01T20:39:25.745-0300] {dag.py:2676} INFO - Sync 1 DAGs
[2023-01-01T20:39:25.774-0300] {logging_mixin.py:137} INFO - [2023-01-01T20:39:25.773-0300] {dag.py:3427} INFO - Setting next_dagrun for download_covabdab to 2022-12-01T00:00:00+00:00, run_after=2023-01-01T00:00:00+00:00
[2023-01-01T20:39:25.796-0300] {processor.py:175} INFO - Processing /home/kallox/airflow/dags/download_covabdab.py took 0.433 seconds
[2023-01-01T20:39:56.157-0300] {processor.py:153} INFO - Started process (PID=7842) to work on /home/kallox/airflow/dags/download_covabdab.py
[2023-01-01T20:39:56.158-0300] {processor.py:743} INFO - Processing file /home/kallox/airflow/dags/download_covabdab.py for tasks to queue
[2023-01-01T20:39:56.158-0300] {logging_mixin.py:137} INFO - [2023-01-01T20:39:56.158-0300] {dagbag.py:538} INFO - Filling up the DagBag from /home/kallox/airflow/dags/download_covabdab.py
[2023-01-01T20:39:56.527-0300] {processor.py:753} INFO - DAG(s) dict_keys(['download_covabdab']) retrieved from /home/kallox/airflow/dags/download_covabdab.py
[2023-01-01T20:39:56.558-0300] {logging_mixin.py:137} INFO - [2023-01-01T20:39:56.558-0300] {dag.py:2676} INFO - Sync 1 DAGs
[2023-01-01T20:39:56.583-0300] {logging_mixin.py:137} INFO - [2023-01-01T20:39:56.583-0300] {dag.py:3427} INFO - Setting next_dagrun for download_covabdab to 2022-12-01T00:00:00+00:00, run_after=2023-01-01T00:00:00+00:00
[2023-01-01T20:39:56.612-0300] {processor.py:175} INFO - Processing /home/kallox/airflow/dags/download_covabdab.py took 0.458 seconds
[2023-01-01T20:40:26.848-0300] {processor.py:153} INFO - Started process (PID=7922) to work on /home/kallox/airflow/dags/download_covabdab.py
[2023-01-01T20:40:26.849-0300] {processor.py:743} INFO - Processing file /home/kallox/airflow/dags/download_covabdab.py for tasks to queue
[2023-01-01T20:40:26.849-0300] {logging_mixin.py:137} INFO - [2023-01-01T20:40:26.849-0300] {dagbag.py:538} INFO - Filling up the DagBag from /home/kallox/airflow/dags/download_covabdab.py
[2023-01-01T20:40:27.181-0300] {processor.py:753} INFO - DAG(s) dict_keys(['download_covabdab']) retrieved from /home/kallox/airflow/dags/download_covabdab.py
[2023-01-01T20:40:27.205-0300] {logging_mixin.py:137} INFO - [2023-01-01T20:40:27.205-0300] {dag.py:2676} INFO - Sync 1 DAGs
[2023-01-01T20:40:27.227-0300] {logging_mixin.py:137} INFO - [2023-01-01T20:40:27.227-0300] {dag.py:3427} INFO - Setting next_dagrun for download_covabdab to 2022-12-01T00:00:00+00:00, run_after=2023-01-01T00:00:00+00:00
[2023-01-01T20:40:27.243-0300] {processor.py:175} INFO - Processing /home/kallox/airflow/dags/download_covabdab.py took 0.399 seconds
[2023-01-01T20:40:57.383-0300] {processor.py:153} INFO - Started process (PID=8003) to work on /home/kallox/airflow/dags/download_covabdab.py
[2023-01-01T20:40:57.384-0300] {processor.py:743} INFO - Processing file /home/kallox/airflow/dags/download_covabdab.py for tasks to queue
[2023-01-01T20:40:57.385-0300] {logging_mixin.py:137} INFO - [2023-01-01T20:40:57.385-0300] {dagbag.py:538} INFO - Filling up the DagBag from /home/kallox/airflow/dags/download_covabdab.py
[2023-01-01T20:40:57.702-0300] {processor.py:753} INFO - DAG(s) dict_keys(['download_covabdab']) retrieved from /home/kallox/airflow/dags/download_covabdab.py
[2023-01-01T20:40:57.726-0300] {logging_mixin.py:137} INFO - [2023-01-01T20:40:57.726-0300] {dag.py:2676} INFO - Sync 1 DAGs
[2023-01-01T20:40:57.750-0300] {logging_mixin.py:137} INFO - [2023-01-01T20:40:57.749-0300] {dag.py:3427} INFO - Setting next_dagrun for download_covabdab to 2022-12-01T00:00:00+00:00, run_after=2023-01-01T00:00:00+00:00
[2023-01-01T20:40:57.772-0300] {processor.py:175} INFO - Processing /home/kallox/airflow/dags/download_covabdab.py took 0.391 seconds
[2023-01-01T20:41:27.974-0300] {processor.py:153} INFO - Started process (PID=8076) to work on /home/kallox/airflow/dags/download_covabdab.py
[2023-01-01T20:41:27.975-0300] {processor.py:743} INFO - Processing file /home/kallox/airflow/dags/download_covabdab.py for tasks to queue
[2023-01-01T20:41:27.976-0300] {logging_mixin.py:137} INFO - [2023-01-01T20:41:27.975-0300] {dagbag.py:538} INFO - Filling up the DagBag from /home/kallox/airflow/dags/download_covabdab.py
[2023-01-01T20:41:28.345-0300] {processor.py:753} INFO - DAG(s) dict_keys(['download_covabdab']) retrieved from /home/kallox/airflow/dags/download_covabdab.py
[2023-01-01T20:41:28.376-0300] {logging_mixin.py:137} INFO - [2023-01-01T20:41:28.374-0300] {dag.py:2676} INFO - Sync 1 DAGs
[2023-01-01T20:41:28.400-0300] {logging_mixin.py:137} INFO - [2023-01-01T20:41:28.400-0300] {dag.py:3427} INFO - Setting next_dagrun for download_covabdab to 2022-12-01T00:00:00+00:00, run_after=2023-01-01T00:00:00+00:00
[2023-01-01T20:41:28.421-0300] {processor.py:175} INFO - Processing /home/kallox/airflow/dags/download_covabdab.py took 0.450 seconds
[2023-01-01T20:41:58.638-0300] {processor.py:153} INFO - Started process (PID=8165) to work on /home/kallox/airflow/dags/download_covabdab.py
[2023-01-01T20:41:58.638-0300] {processor.py:743} INFO - Processing file /home/kallox/airflow/dags/download_covabdab.py for tasks to queue
[2023-01-01T20:41:58.639-0300] {logging_mixin.py:137} INFO - [2023-01-01T20:41:58.639-0300] {dagbag.py:538} INFO - Filling up the DagBag from /home/kallox/airflow/dags/download_covabdab.py
[2023-01-01T20:41:59.040-0300] {processor.py:753} INFO - DAG(s) dict_keys(['download_covabdab']) retrieved from /home/kallox/airflow/dags/download_covabdab.py
[2023-01-01T20:41:59.072-0300] {logging_mixin.py:137} INFO - [2023-01-01T20:41:59.071-0300] {dag.py:2676} INFO - Sync 1 DAGs
[2023-01-01T20:41:59.096-0300] {logging_mixin.py:137} INFO - [2023-01-01T20:41:59.096-0300] {dag.py:3427} INFO - Setting next_dagrun for download_covabdab to 2022-12-01T00:00:00+00:00, run_after=2023-01-01T00:00:00+00:00
[2023-01-01T20:41:59.117-0300] {processor.py:175} INFO - Processing /home/kallox/airflow/dags/download_covabdab.py took 0.482 seconds
[2023-01-01T20:42:29.231-0300] {processor.py:153} INFO - Started process (PID=8271) to work on /home/kallox/airflow/dags/download_covabdab.py
[2023-01-01T20:42:29.232-0300] {processor.py:743} INFO - Processing file /home/kallox/airflow/dags/download_covabdab.py for tasks to queue
[2023-01-01T20:42:29.232-0300] {logging_mixin.py:137} INFO - [2023-01-01T20:42:29.232-0300] {dagbag.py:538} INFO - Filling up the DagBag from /home/kallox/airflow/dags/download_covabdab.py
[2023-01-01T20:42:29.476-0300] {processor.py:753} INFO - DAG(s) dict_keys(['download_covabdab']) retrieved from /home/kallox/airflow/dags/download_covabdab.py
[2023-01-01T20:42:29.501-0300] {logging_mixin.py:137} INFO - [2023-01-01T20:42:29.501-0300] {dag.py:2676} INFO - Sync 1 DAGs
[2023-01-01T20:42:29.522-0300] {logging_mixin.py:137} INFO - [2023-01-01T20:42:29.522-0300] {dag.py:3427} INFO - Setting next_dagrun for download_covabdab to 2022-12-01T00:00:00+00:00, run_after=2023-01-01T00:00:00+00:00
[2023-01-01T20:42:29.538-0300] {processor.py:175} INFO - Processing /home/kallox/airflow/dags/download_covabdab.py took 0.309 seconds
[2023-01-01T20:42:59.730-0300] {processor.py:153} INFO - Started process (PID=8347) to work on /home/kallox/airflow/dags/download_covabdab.py
[2023-01-01T20:42:59.731-0300] {processor.py:743} INFO - Processing file /home/kallox/airflow/dags/download_covabdab.py for tasks to queue
[2023-01-01T20:42:59.732-0300] {logging_mixin.py:137} INFO - [2023-01-01T20:42:59.731-0300] {dagbag.py:538} INFO - Filling up the DagBag from /home/kallox/airflow/dags/download_covabdab.py
[2023-01-01T20:43:00.101-0300] {processor.py:753} INFO - DAG(s) dict_keys(['download_covabdab']) retrieved from /home/kallox/airflow/dags/download_covabdab.py
[2023-01-01T20:43:00.131-0300] {logging_mixin.py:137} INFO - [2023-01-01T20:43:00.130-0300] {dag.py:2676} INFO - Sync 1 DAGs
[2023-01-01T20:43:00.155-0300] {logging_mixin.py:137} INFO - [2023-01-01T20:43:00.154-0300] {dag.py:3427} INFO - Setting next_dagrun for download_covabdab to 2022-12-01T00:00:00+00:00, run_after=2023-01-01T00:00:00+00:00
[2023-01-01T20:43:00.193-0300] {processor.py:175} INFO - Processing /home/kallox/airflow/dags/download_covabdab.py took 0.466 seconds
[2023-01-01T20:43:30.374-0300] {processor.py:153} INFO - Started process (PID=8421) to work on /home/kallox/airflow/dags/download_covabdab.py
[2023-01-01T20:43:30.375-0300] {processor.py:743} INFO - Processing file /home/kallox/airflow/dags/download_covabdab.py for tasks to queue
[2023-01-01T20:43:30.376-0300] {logging_mixin.py:137} INFO - [2023-01-01T20:43:30.376-0300] {dagbag.py:538} INFO - Filling up the DagBag from /home/kallox/airflow/dags/download_covabdab.py
[2023-01-01T20:43:30.730-0300] {processor.py:753} INFO - DAG(s) dict_keys(['download_covabdab']) retrieved from /home/kallox/airflow/dags/download_covabdab.py
[2023-01-01T20:43:30.760-0300] {logging_mixin.py:137} INFO - [2023-01-01T20:43:30.759-0300] {dag.py:2676} INFO - Sync 1 DAGs
[2023-01-01T20:43:30.789-0300] {logging_mixin.py:137} INFO - [2023-01-01T20:43:30.789-0300] {dag.py:3427} INFO - Setting next_dagrun for download_covabdab to 2022-12-01T00:00:00+00:00, run_after=2023-01-01T00:00:00+00:00
[2023-01-01T20:43:30.820-0300] {processor.py:175} INFO - Processing /home/kallox/airflow/dags/download_covabdab.py took 0.449 seconds
[2023-01-01T20:44:01.115-0300] {processor.py:153} INFO - Started process (PID=8507) to work on /home/kallox/airflow/dags/download_covabdab.py
[2023-01-01T20:44:01.115-0300] {processor.py:743} INFO - Processing file /home/kallox/airflow/dags/download_covabdab.py for tasks to queue
[2023-01-01T20:44:01.116-0300] {logging_mixin.py:137} INFO - [2023-01-01T20:44:01.116-0300] {dagbag.py:538} INFO - Filling up the DagBag from /home/kallox/airflow/dags/download_covabdab.py
[2023-01-01T20:44:01.381-0300] {processor.py:753} INFO - DAG(s) dict_keys(['download_covabdab']) retrieved from /home/kallox/airflow/dags/download_covabdab.py
[2023-01-01T20:44:01.409-0300] {logging_mixin.py:137} INFO - [2023-01-01T20:44:01.408-0300] {dag.py:2676} INFO - Sync 1 DAGs
[2023-01-01T20:44:01.431-0300] {logging_mixin.py:137} INFO - [2023-01-01T20:44:01.431-0300] {dag.py:3427} INFO - Setting next_dagrun for download_covabdab to 2022-12-01T00:00:00+00:00, run_after=2023-01-01T00:00:00+00:00
[2023-01-01T20:44:01.447-0300] {processor.py:175} INFO - Processing /home/kallox/airflow/dags/download_covabdab.py took 0.335 seconds
[2023-01-01T20:44:31.606-0300] {processor.py:153} INFO - Started process (PID=8609) to work on /home/kallox/airflow/dags/download_covabdab.py
[2023-01-01T20:44:31.607-0300] {processor.py:743} INFO - Processing file /home/kallox/airflow/dags/download_covabdab.py for tasks to queue
[2023-01-01T20:44:31.608-0300] {logging_mixin.py:137} INFO - [2023-01-01T20:44:31.608-0300] {dagbag.py:538} INFO - Filling up the DagBag from /home/kallox/airflow/dags/download_covabdab.py
[2023-01-01T20:44:31.970-0300] {processor.py:753} INFO - DAG(s) dict_keys(['download_covabdab']) retrieved from /home/kallox/airflow/dags/download_covabdab.py
[2023-01-01T20:44:32.005-0300] {logging_mixin.py:137} INFO - [2023-01-01T20:44:32.003-0300] {dag.py:2676} INFO - Sync 1 DAGs
[2023-01-01T20:44:32.030-0300] {logging_mixin.py:137} INFO - [2023-01-01T20:44:32.029-0300] {dag.py:3427} INFO - Setting next_dagrun for download_covabdab to 2022-12-01T00:00:00+00:00, run_after=2023-01-01T00:00:00+00:00
[2023-01-01T20:44:32.051-0300] {processor.py:175} INFO - Processing /home/kallox/airflow/dags/download_covabdab.py took 0.448 seconds
[2023-01-01T20:45:02.484-0300] {processor.py:153} INFO - Started process (PID=8693) to work on /home/kallox/airflow/dags/download_covabdab.py
[2023-01-01T20:45:02.485-0300] {processor.py:743} INFO - Processing file /home/kallox/airflow/dags/download_covabdab.py for tasks to queue
[2023-01-01T20:45:02.486-0300] {logging_mixin.py:137} INFO - [2023-01-01T20:45:02.486-0300] {dagbag.py:538} INFO - Filling up the DagBag from /home/kallox/airflow/dags/download_covabdab.py
[2023-01-01T20:45:02.806-0300] {processor.py:753} INFO - DAG(s) dict_keys(['download_covabdab']) retrieved from /home/kallox/airflow/dags/download_covabdab.py
[2023-01-01T20:45:02.834-0300] {logging_mixin.py:137} INFO - [2023-01-01T20:45:02.833-0300] {dag.py:2676} INFO - Sync 1 DAGs
[2023-01-01T20:45:02.857-0300] {logging_mixin.py:137} INFO - [2023-01-01T20:45:02.857-0300] {dag.py:3427} INFO - Setting next_dagrun for download_covabdab to 2022-12-01T00:00:00+00:00, run_after=2023-01-01T00:00:00+00:00
[2023-01-01T20:45:02.887-0300] {processor.py:175} INFO - Processing /home/kallox/airflow/dags/download_covabdab.py took 0.405 seconds
[2023-01-01T20:45:33.910-0300] {processor.py:153} INFO - Started process (PID=8784) to work on /home/kallox/airflow/dags/download_covabdab.py
[2023-01-01T20:45:33.911-0300] {processor.py:743} INFO - Processing file /home/kallox/airflow/dags/download_covabdab.py for tasks to queue
[2023-01-01T20:45:33.912-0300] {logging_mixin.py:137} INFO - [2023-01-01T20:45:33.912-0300] {dagbag.py:538} INFO - Filling up the DagBag from /home/kallox/airflow/dags/download_covabdab.py
[2023-01-01T20:45:34.154-0300] {processor.py:753} INFO - DAG(s) dict_keys(['download_covabdab']) retrieved from /home/kallox/airflow/dags/download_covabdab.py
[2023-01-01T20:45:34.180-0300] {logging_mixin.py:137} INFO - [2023-01-01T20:45:34.180-0300] {dag.py:2676} INFO - Sync 1 DAGs
[2023-01-01T20:45:34.202-0300] {logging_mixin.py:137} INFO - [2023-01-01T20:45:34.201-0300] {dag.py:3427} INFO - Setting next_dagrun for download_covabdab to 2022-12-01T00:00:00+00:00, run_after=2023-01-01T00:00:00+00:00
[2023-01-01T20:45:34.224-0300] {processor.py:175} INFO - Processing /home/kallox/airflow/dags/download_covabdab.py took 0.316 seconds
[2023-01-01T20:46:05.358-0300] {processor.py:153} INFO - Started process (PID=8873) to work on /home/kallox/airflow/dags/download_covabdab.py
[2023-01-01T20:46:05.359-0300] {processor.py:743} INFO - Processing file /home/kallox/airflow/dags/download_covabdab.py for tasks to queue
[2023-01-01T20:46:05.360-0300] {logging_mixin.py:137} INFO - [2023-01-01T20:46:05.360-0300] {dagbag.py:538} INFO - Filling up the DagBag from /home/kallox/airflow/dags/download_covabdab.py
[2023-01-01T20:46:05.633-0300] {processor.py:753} INFO - DAG(s) dict_keys(['download_covabdab']) retrieved from /home/kallox/airflow/dags/download_covabdab.py
[2023-01-01T20:46:05.659-0300] {logging_mixin.py:137} INFO - [2023-01-01T20:46:05.659-0300] {dag.py:2676} INFO - Sync 1 DAGs
[2023-01-01T20:46:05.681-0300] {logging_mixin.py:137} INFO - [2023-01-01T20:46:05.680-0300] {dag.py:3427} INFO - Setting next_dagrun for download_covabdab to 2022-12-01T00:00:00+00:00, run_after=2023-01-01T00:00:00+00:00
[2023-01-01T20:46:05.697-0300] {processor.py:175} INFO - Processing /home/kallox/airflow/dags/download_covabdab.py took 0.342 seconds
[2023-01-01T20:46:36.738-0300] {processor.py:153} INFO - Started process (PID=8963) to work on /home/kallox/airflow/dags/download_covabdab.py
[2023-01-01T20:46:36.739-0300] {processor.py:743} INFO - Processing file /home/kallox/airflow/dags/download_covabdab.py for tasks to queue
[2023-01-01T20:46:36.740-0300] {logging_mixin.py:137} INFO - [2023-01-01T20:46:36.740-0300] {dagbag.py:538} INFO - Filling up the DagBag from /home/kallox/airflow/dags/download_covabdab.py
[2023-01-01T20:46:37.288-0300] {processor.py:753} INFO - DAG(s) dict_keys(['download_covabdab']) retrieved from /home/kallox/airflow/dags/download_covabdab.py
[2023-01-01T20:46:37.321-0300] {logging_mixin.py:137} INFO - [2023-01-01T20:46:37.320-0300] {dag.py:2676} INFO - Sync 1 DAGs
[2023-01-01T20:46:37.347-0300] {logging_mixin.py:137} INFO - [2023-01-01T20:46:37.346-0300] {dag.py:3427} INFO - Setting next_dagrun for download_covabdab to 2022-12-01T00:00:00+00:00, run_after=2023-01-01T00:00:00+00:00
[2023-01-01T20:46:37.367-0300] {processor.py:175} INFO - Processing /home/kallox/airflow/dags/download_covabdab.py took 0.632 seconds
[2023-01-01T20:47:08.308-0300] {processor.py:153} INFO - Started process (PID=9045) to work on /home/kallox/airflow/dags/download_covabdab.py
[2023-01-01T20:47:08.313-0300] {processor.py:743} INFO - Processing file /home/kallox/airflow/dags/download_covabdab.py for tasks to queue
[2023-01-01T20:47:08.313-0300] {logging_mixin.py:137} INFO - [2023-01-01T20:47:08.313-0300] {dagbag.py:538} INFO - Filling up the DagBag from /home/kallox/airflow/dags/download_covabdab.py
[2023-01-01T20:47:08.587-0300] {processor.py:753} INFO - DAG(s) dict_keys(['download_covabdab']) retrieved from /home/kallox/airflow/dags/download_covabdab.py
[2023-01-01T20:47:08.619-0300] {logging_mixin.py:137} INFO - [2023-01-01T20:47:08.618-0300] {dag.py:2676} INFO - Sync 1 DAGs
[2023-01-01T20:47:08.642-0300] {logging_mixin.py:137} INFO - [2023-01-01T20:47:08.642-0300] {dag.py:3427} INFO - Setting next_dagrun for download_covabdab to 2022-12-01T00:00:00+00:00, run_after=2023-01-01T00:00:00+00:00
[2023-01-01T20:47:08.665-0300] {processor.py:175} INFO - Processing /home/kallox/airflow/dags/download_covabdab.py took 0.360 seconds
[2023-01-01T20:47:38.745-0300] {processor.py:153} INFO - Started process (PID=9119) to work on /home/kallox/airflow/dags/download_covabdab.py
[2023-01-01T20:47:38.746-0300] {processor.py:743} INFO - Processing file /home/kallox/airflow/dags/download_covabdab.py for tasks to queue
[2023-01-01T20:47:38.746-0300] {logging_mixin.py:137} INFO - [2023-01-01T20:47:38.746-0300] {dagbag.py:538} INFO - Filling up the DagBag from /home/kallox/airflow/dags/download_covabdab.py
[2023-01-01T20:47:39.021-0300] {processor.py:753} INFO - DAG(s) dict_keys(['download_covabdab']) retrieved from /home/kallox/airflow/dags/download_covabdab.py
[2023-01-01T20:47:39.059-0300] {logging_mixin.py:137} INFO - [2023-01-01T20:47:39.059-0300] {dag.py:2676} INFO - Sync 1 DAGs
[2023-01-01T20:47:39.090-0300] {logging_mixin.py:137} INFO - [2023-01-01T20:47:39.089-0300] {dag.py:3427} INFO - Setting next_dagrun for download_covabdab to 2022-12-01T00:00:00+00:00, run_after=2023-01-01T00:00:00+00:00
[2023-01-01T20:47:39.117-0300] {processor.py:175} INFO - Processing /home/kallox/airflow/dags/download_covabdab.py took 0.375 seconds
[2023-01-01T20:48:09.456-0300] {processor.py:153} INFO - Started process (PID=9196) to work on /home/kallox/airflow/dags/download_covabdab.py
[2023-01-01T20:48:09.456-0300] {processor.py:743} INFO - Processing file /home/kallox/airflow/dags/download_covabdab.py for tasks to queue
[2023-01-01T20:48:09.457-0300] {logging_mixin.py:137} INFO - [2023-01-01T20:48:09.457-0300] {dagbag.py:538} INFO - Filling up the DagBag from /home/kallox/airflow/dags/download_covabdab.py
[2023-01-01T20:48:09.693-0300] {processor.py:753} INFO - DAG(s) dict_keys(['download_covabdab']) retrieved from /home/kallox/airflow/dags/download_covabdab.py
[2023-01-01T20:48:09.713-0300] {logging_mixin.py:137} INFO - [2023-01-01T20:48:09.713-0300] {dag.py:2676} INFO - Sync 1 DAGs
[2023-01-01T20:48:09.731-0300] {logging_mixin.py:137} INFO - [2023-01-01T20:48:09.731-0300] {dag.py:3427} INFO - Setting next_dagrun for download_covabdab to 2022-12-01T00:00:00+00:00, run_after=2023-01-01T00:00:00+00:00
[2023-01-01T20:48:09.753-0300] {processor.py:175} INFO - Processing /home/kallox/airflow/dags/download_covabdab.py took 0.300 seconds
[2023-01-01T20:48:39.790-0300] {processor.py:153} INFO - Started process (PID=9281) to work on /home/kallox/airflow/dags/download_covabdab.py
[2023-01-01T20:48:39.791-0300] {processor.py:743} INFO - Processing file /home/kallox/airflow/dags/download_covabdab.py for tasks to queue
[2023-01-01T20:48:39.791-0300] {logging_mixin.py:137} INFO - [2023-01-01T20:48:39.791-0300] {dagbag.py:538} INFO - Filling up the DagBag from /home/kallox/airflow/dags/download_covabdab.py
[2023-01-01T20:48:40.036-0300] {processor.py:753} INFO - DAG(s) dict_keys(['download_covabdab']) retrieved from /home/kallox/airflow/dags/download_covabdab.py
[2023-01-01T20:48:40.061-0300] {logging_mixin.py:137} INFO - [2023-01-01T20:48:40.061-0300] {dag.py:2676} INFO - Sync 1 DAGs
[2023-01-01T20:48:40.083-0300] {logging_mixin.py:137} INFO - [2023-01-01T20:48:40.082-0300] {dag.py:3427} INFO - Setting next_dagrun for download_covabdab to 2022-12-01T00:00:00+00:00, run_after=2023-01-01T00:00:00+00:00
[2023-01-01T20:48:40.099-0300] {processor.py:175} INFO - Processing /home/kallox/airflow/dags/download_covabdab.py took 0.311 seconds
[2023-01-01T20:49:10.226-0300] {processor.py:153} INFO - Started process (PID=9361) to work on /home/kallox/airflow/dags/download_covabdab.py
[2023-01-01T20:49:10.226-0300] {processor.py:743} INFO - Processing file /home/kallox/airflow/dags/download_covabdab.py for tasks to queue
[2023-01-01T20:49:10.227-0300] {logging_mixin.py:137} INFO - [2023-01-01T20:49:10.226-0300] {dagbag.py:538} INFO - Filling up the DagBag from /home/kallox/airflow/dags/download_covabdab.py
[2023-01-01T20:49:10.467-0300] {processor.py:753} INFO - DAG(s) dict_keys(['download_covabdab']) retrieved from /home/kallox/airflow/dags/download_covabdab.py
[2023-01-01T20:49:10.492-0300] {logging_mixin.py:137} INFO - [2023-01-01T20:49:10.491-0300] {dag.py:2676} INFO - Sync 1 DAGs
[2023-01-01T20:49:10.512-0300] {logging_mixin.py:137} INFO - [2023-01-01T20:49:10.512-0300] {dag.py:3427} INFO - Setting next_dagrun for download_covabdab to 2022-12-01T00:00:00+00:00, run_after=2023-01-01T00:00:00+00:00
[2023-01-01T20:49:10.529-0300] {processor.py:175} INFO - Processing /home/kallox/airflow/dags/download_covabdab.py took 0.306 seconds
[2023-01-01T20:49:40.747-0300] {processor.py:153} INFO - Started process (PID=9437) to work on /home/kallox/airflow/dags/download_covabdab.py
[2023-01-01T20:49:40.748-0300] {processor.py:743} INFO - Processing file /home/kallox/airflow/dags/download_covabdab.py for tasks to queue
[2023-01-01T20:49:40.749-0300] {logging_mixin.py:137} INFO - [2023-01-01T20:49:40.749-0300] {dagbag.py:538} INFO - Filling up the DagBag from /home/kallox/airflow/dags/download_covabdab.py
[2023-01-01T20:49:41.327-0300] {processor.py:753} INFO - DAG(s) dict_keys(['download_covabdab']) retrieved from /home/kallox/airflow/dags/download_covabdab.py
[2023-01-01T20:49:41.373-0300] {logging_mixin.py:137} INFO - [2023-01-01T20:49:41.372-0300] {dag.py:2676} INFO - Sync 1 DAGs
[2023-01-01T20:49:41.416-0300] {logging_mixin.py:137} INFO - [2023-01-01T20:49:41.415-0300] {dag.py:3427} INFO - Setting next_dagrun for download_covabdab to 2022-12-01T00:00:00+00:00, run_after=2023-01-01T00:00:00+00:00
[2023-01-01T20:49:41.447-0300] {processor.py:175} INFO - Processing /home/kallox/airflow/dags/download_covabdab.py took 0.702 seconds
[2023-01-01T20:50:11.887-0300] {processor.py:153} INFO - Started process (PID=9517) to work on /home/kallox/airflow/dags/download_covabdab.py
[2023-01-01T20:50:11.888-0300] {processor.py:743} INFO - Processing file /home/kallox/airflow/dags/download_covabdab.py for tasks to queue
[2023-01-01T20:50:11.889-0300] {logging_mixin.py:137} INFO - [2023-01-01T20:50:11.888-0300] {dagbag.py:538} INFO - Filling up the DagBag from /home/kallox/airflow/dags/download_covabdab.py
[2023-01-01T20:50:12.150-0300] {processor.py:753} INFO - DAG(s) dict_keys(['download_covabdab']) retrieved from /home/kallox/airflow/dags/download_covabdab.py
[2023-01-01T20:50:12.178-0300] {logging_mixin.py:137} INFO - [2023-01-01T20:50:12.178-0300] {dag.py:2676} INFO - Sync 1 DAGs
[2023-01-01T20:50:12.200-0300] {logging_mixin.py:137} INFO - [2023-01-01T20:50:12.200-0300] {dag.py:3427} INFO - Setting next_dagrun for download_covabdab to 2022-12-01T00:00:00+00:00, run_after=2023-01-01T00:00:00+00:00
[2023-01-01T20:50:12.217-0300] {processor.py:175} INFO - Processing /home/kallox/airflow/dags/download_covabdab.py took 0.333 seconds
[2023-01-01T20:50:42.418-0300] {processor.py:153} INFO - Started process (PID=9593) to work on /home/kallox/airflow/dags/download_covabdab.py
[2023-01-01T20:50:42.419-0300] {processor.py:743} INFO - Processing file /home/kallox/airflow/dags/download_covabdab.py for tasks to queue
[2023-01-01T20:50:42.420-0300] {logging_mixin.py:137} INFO - [2023-01-01T20:50:42.420-0300] {dagbag.py:538} INFO - Filling up the DagBag from /home/kallox/airflow/dags/download_covabdab.py
[2023-01-01T20:50:42.768-0300] {processor.py:753} INFO - DAG(s) dict_keys(['download_covabdab']) retrieved from /home/kallox/airflow/dags/download_covabdab.py
[2023-01-01T20:50:42.798-0300] {logging_mixin.py:137} INFO - [2023-01-01T20:50:42.798-0300] {dag.py:2676} INFO - Sync 1 DAGs
[2023-01-01T20:50:42.820-0300] {logging_mixin.py:137} INFO - [2023-01-01T20:50:42.820-0300] {dag.py:3427} INFO - Setting next_dagrun for download_covabdab to 2022-12-01T00:00:00+00:00, run_after=2023-01-01T00:00:00+00:00
[2023-01-01T20:50:42.836-0300] {processor.py:175} INFO - Processing /home/kallox/airflow/dags/download_covabdab.py took 0.423 seconds
[2023-01-01T20:51:12.967-0300] {processor.py:153} INFO - Started process (PID=9675) to work on /home/kallox/airflow/dags/download_covabdab.py
[2023-01-01T20:51:12.968-0300] {processor.py:743} INFO - Processing file /home/kallox/airflow/dags/download_covabdab.py for tasks to queue
[2023-01-01T20:51:12.968-0300] {logging_mixin.py:137} INFO - [2023-01-01T20:51:12.968-0300] {dagbag.py:538} INFO - Filling up the DagBag from /home/kallox/airflow/dags/download_covabdab.py
[2023-01-01T20:51:13.210-0300] {processor.py:753} INFO - DAG(s) dict_keys(['download_covabdab']) retrieved from /home/kallox/airflow/dags/download_covabdab.py
[2023-01-01T20:51:13.236-0300] {logging_mixin.py:137} INFO - [2023-01-01T20:51:13.235-0300] {dag.py:2676} INFO - Sync 1 DAGs
[2023-01-01T20:51:13.258-0300] {logging_mixin.py:137} INFO - [2023-01-01T20:51:13.258-0300] {dag.py:3427} INFO - Setting next_dagrun for download_covabdab to 2022-12-01T00:00:00+00:00, run_after=2023-01-01T00:00:00+00:00
[2023-01-01T20:51:13.278-0300] {processor.py:175} INFO - Processing /home/kallox/airflow/dags/download_covabdab.py took 0.314 seconds
[2023-01-01T20:51:43.631-0300] {processor.py:153} INFO - Started process (PID=9766) to work on /home/kallox/airflow/dags/download_covabdab.py
[2023-01-01T20:51:43.633-0300] {processor.py:743} INFO - Processing file /home/kallox/airflow/dags/download_covabdab.py for tasks to queue
[2023-01-01T20:51:43.634-0300] {logging_mixin.py:137} INFO - [2023-01-01T20:51:43.634-0300] {dagbag.py:538} INFO - Filling up the DagBag from /home/kallox/airflow/dags/download_covabdab.py
[2023-01-01T20:51:44.095-0300] {processor.py:753} INFO - DAG(s) dict_keys(['download_covabdab']) retrieved from /home/kallox/airflow/dags/download_covabdab.py
[2023-01-01T20:51:44.121-0300] {logging_mixin.py:137} INFO - [2023-01-01T20:51:44.121-0300] {dag.py:2676} INFO - Sync 1 DAGs
[2023-01-01T20:51:44.142-0300] {logging_mixin.py:137} INFO - [2023-01-01T20:51:44.142-0300] {dag.py:3427} INFO - Setting next_dagrun for download_covabdab to 2022-12-01T00:00:00+00:00, run_after=2023-01-01T00:00:00+00:00
[2023-01-01T20:51:44.159-0300] {processor.py:175} INFO - Processing /home/kallox/airflow/dags/download_covabdab.py took 0.532 seconds
[2023-01-01T20:52:14.521-0300] {processor.py:153} INFO - Started process (PID=9843) to work on /home/kallox/airflow/dags/download_covabdab.py
[2023-01-01T20:52:14.522-0300] {processor.py:743} INFO - Processing file /home/kallox/airflow/dags/download_covabdab.py for tasks to queue
[2023-01-01T20:52:14.523-0300] {logging_mixin.py:137} INFO - [2023-01-01T20:52:14.522-0300] {dagbag.py:538} INFO - Filling up the DagBag from /home/kallox/airflow/dags/download_covabdab.py
[2023-01-01T20:52:14.976-0300] {processor.py:753} INFO - DAG(s) dict_keys(['download_covabdab']) retrieved from /home/kallox/airflow/dags/download_covabdab.py
[2023-01-01T20:52:15.015-0300] {logging_mixin.py:137} INFO - [2023-01-01T20:52:15.015-0300] {dag.py:2676} INFO - Sync 1 DAGs
[2023-01-01T20:52:15.051-0300] {logging_mixin.py:137} INFO - [2023-01-01T20:52:15.051-0300] {dag.py:3427} INFO - Setting next_dagrun for download_covabdab to 2022-12-01T00:00:00+00:00, run_after=2023-01-01T00:00:00+00:00
[2023-01-01T20:52:15.081-0300] {processor.py:175} INFO - Processing /home/kallox/airflow/dags/download_covabdab.py took 0.564 seconds
[2023-01-01T20:52:45.294-0300] {processor.py:153} INFO - Started process (PID=10052) to work on /home/kallox/airflow/dags/download_covabdab.py
[2023-01-01T20:52:45.295-0300] {processor.py:743} INFO - Processing file /home/kallox/airflow/dags/download_covabdab.py for tasks to queue
[2023-01-01T20:52:45.295-0300] {logging_mixin.py:137} INFO - [2023-01-01T20:52:45.295-0300] {dagbag.py:538} INFO - Filling up the DagBag from /home/kallox/airflow/dags/download_covabdab.py
[2023-01-01T20:52:45.539-0300] {processor.py:753} INFO - DAG(s) dict_keys(['download_covabdab']) retrieved from /home/kallox/airflow/dags/download_covabdab.py
[2023-01-01T20:52:45.567-0300] {logging_mixin.py:137} INFO - [2023-01-01T20:52:45.566-0300] {dag.py:2676} INFO - Sync 1 DAGs
[2023-01-01T20:52:45.594-0300] {logging_mixin.py:137} INFO - [2023-01-01T20:52:45.594-0300] {dag.py:3427} INFO - Setting next_dagrun for download_covabdab to 2022-12-01T00:00:00+00:00, run_after=2023-01-01T00:00:00+00:00
[2023-01-01T20:52:45.615-0300] {processor.py:175} INFO - Processing /home/kallox/airflow/dags/download_covabdab.py took 0.323 seconds
[2023-01-01T20:53:15.819-0300] {processor.py:153} INFO - Started process (PID=10201) to work on /home/kallox/airflow/dags/download_covabdab.py
[2023-01-01T20:53:15.820-0300] {processor.py:743} INFO - Processing file /home/kallox/airflow/dags/download_covabdab.py for tasks to queue
[2023-01-01T20:53:15.820-0300] {logging_mixin.py:137} INFO - [2023-01-01T20:53:15.820-0300] {dagbag.py:538} INFO - Filling up the DagBag from /home/kallox/airflow/dags/download_covabdab.py
[2023-01-01T20:53:16.140-0300] {processor.py:753} INFO - DAG(s) dict_keys(['download_covabdab']) retrieved from /home/kallox/airflow/dags/download_covabdab.py
[2023-01-01T20:53:16.166-0300] {logging_mixin.py:137} INFO - [2023-01-01T20:53:16.166-0300] {dag.py:2676} INFO - Sync 1 DAGs
[2023-01-01T20:53:16.187-0300] {logging_mixin.py:137} INFO - [2023-01-01T20:53:16.187-0300] {dag.py:3427} INFO - Setting next_dagrun for download_covabdab to 2022-12-01T00:00:00+00:00, run_after=2023-01-01T00:00:00+00:00
[2023-01-01T20:53:16.203-0300] {processor.py:175} INFO - Processing /home/kallox/airflow/dags/download_covabdab.py took 0.387 seconds
[2023-01-01T20:53:46.571-0300] {processor.py:153} INFO - Started process (PID=10366) to work on /home/kallox/airflow/dags/download_covabdab.py
[2023-01-01T20:53:46.572-0300] {processor.py:743} INFO - Processing file /home/kallox/airflow/dags/download_covabdab.py for tasks to queue
[2023-01-01T20:53:46.573-0300] {logging_mixin.py:137} INFO - [2023-01-01T20:53:46.573-0300] {dagbag.py:538} INFO - Filling up the DagBag from /home/kallox/airflow/dags/download_covabdab.py
[2023-01-01T20:53:46.924-0300] {processor.py:753} INFO - DAG(s) dict_keys(['download_covabdab']) retrieved from /home/kallox/airflow/dags/download_covabdab.py
[2023-01-01T20:53:46.955-0300] {logging_mixin.py:137} INFO - [2023-01-01T20:53:46.954-0300] {dag.py:2676} INFO - Sync 1 DAGs
[2023-01-01T20:53:46.979-0300] {logging_mixin.py:137} INFO - [2023-01-01T20:53:46.979-0300] {dag.py:3427} INFO - Setting next_dagrun for download_covabdab to 2022-12-01T00:00:00+00:00, run_after=2023-01-01T00:00:00+00:00
[2023-01-01T20:53:47.006-0300] {processor.py:175} INFO - Processing /home/kallox/airflow/dags/download_covabdab.py took 0.438 seconds
[2023-01-01T20:54:17.265-0300] {processor.py:153} INFO - Started process (PID=10497) to work on /home/kallox/airflow/dags/download_covabdab.py
[2023-01-01T20:54:17.266-0300] {processor.py:743} INFO - Processing file /home/kallox/airflow/dags/download_covabdab.py for tasks to queue
[2023-01-01T20:54:17.266-0300] {logging_mixin.py:137} INFO - [2023-01-01T20:54:17.266-0300] {dagbag.py:538} INFO - Filling up the DagBag from /home/kallox/airflow/dags/download_covabdab.py
[2023-01-01T20:54:17.507-0300] {processor.py:753} INFO - DAG(s) dict_keys(['download_covabdab']) retrieved from /home/kallox/airflow/dags/download_covabdab.py
[2023-01-01T20:54:17.531-0300] {logging_mixin.py:137} INFO - [2023-01-01T20:54:17.531-0300] {dag.py:2676} INFO - Sync 1 DAGs
[2023-01-01T20:54:17.552-0300] {logging_mixin.py:137} INFO - [2023-01-01T20:54:17.552-0300] {dag.py:3427} INFO - Setting next_dagrun for download_covabdab to 2022-12-01T00:00:00+00:00, run_after=2023-01-01T00:00:00+00:00
[2023-01-01T20:54:17.567-0300] {processor.py:175} INFO - Processing /home/kallox/airflow/dags/download_covabdab.py took 0.304 seconds
[2023-01-01T20:54:49.865-0300] {processor.py:153} INFO - Started process (PID=10614) to work on /home/kallox/airflow/dags/download_covabdab.py
[2023-01-01T20:54:49.866-0300] {processor.py:743} INFO - Processing file /home/kallox/airflow/dags/download_covabdab.py for tasks to queue
[2023-01-01T20:54:49.866-0300] {logging_mixin.py:137} INFO - [2023-01-01T20:54:49.866-0300] {dagbag.py:538} INFO - Filling up the DagBag from /home/kallox/airflow/dags/download_covabdab.py
[2023-01-01T20:54:50.103-0300] {processor.py:753} INFO - DAG(s) dict_keys(['download_covabdab']) retrieved from /home/kallox/airflow/dags/download_covabdab.py
[2023-01-01T20:54:50.128-0300] {logging_mixin.py:137} INFO - [2023-01-01T20:54:50.128-0300] {dag.py:2676} INFO - Sync 1 DAGs
[2023-01-01T20:54:50.149-0300] {logging_mixin.py:137} INFO - [2023-01-01T20:54:50.149-0300] {dag.py:3427} INFO - Setting next_dagrun for download_covabdab to 2022-12-01T00:00:00+00:00, run_after=2023-01-01T00:00:00+00:00
[2023-01-01T20:54:50.175-0300] {processor.py:175} INFO - Processing /home/kallox/airflow/dags/download_covabdab.py took 0.312 seconds
[2023-01-01T20:55:21.294-0300] {processor.py:153} INFO - Started process (PID=10734) to work on /home/kallox/airflow/dags/download_covabdab.py
[2023-01-01T20:55:21.295-0300] {processor.py:743} INFO - Processing file /home/kallox/airflow/dags/download_covabdab.py for tasks to queue
[2023-01-01T20:55:21.296-0300] {logging_mixin.py:137} INFO - [2023-01-01T20:55:21.296-0300] {dagbag.py:538} INFO - Filling up the DagBag from /home/kallox/airflow/dags/download_covabdab.py
[2023-01-01T20:55:21.564-0300] {processor.py:753} INFO - DAG(s) dict_keys(['download_covabdab']) retrieved from /home/kallox/airflow/dags/download_covabdab.py
[2023-01-01T20:55:21.589-0300] {logging_mixin.py:137} INFO - [2023-01-01T20:55:21.589-0300] {dag.py:2676} INFO - Sync 1 DAGs
[2023-01-01T20:55:21.611-0300] {logging_mixin.py:137} INFO - [2023-01-01T20:55:21.611-0300] {dag.py:3427} INFO - Setting next_dagrun for download_covabdab to 2022-12-01T00:00:00+00:00, run_after=2023-01-01T00:00:00+00:00
[2023-01-01T20:55:21.638-0300] {processor.py:175} INFO - Processing /home/kallox/airflow/dags/download_covabdab.py took 0.346 seconds
[2023-01-01T20:55:51.877-0300] {processor.py:153} INFO - Started process (PID=10859) to work on /home/kallox/airflow/dags/download_covabdab.py
[2023-01-01T20:55:51.878-0300] {processor.py:743} INFO - Processing file /home/kallox/airflow/dags/download_covabdab.py for tasks to queue
[2023-01-01T20:55:51.878-0300] {logging_mixin.py:137} INFO - [2023-01-01T20:55:51.878-0300] {dagbag.py:538} INFO - Filling up the DagBag from /home/kallox/airflow/dags/download_covabdab.py
[2023-01-01T20:55:52.195-0300] {processor.py:753} INFO - DAG(s) dict_keys(['download_covabdab']) retrieved from /home/kallox/airflow/dags/download_covabdab.py
[2023-01-01T20:55:52.221-0300] {logging_mixin.py:137} INFO - [2023-01-01T20:55:52.220-0300] {dag.py:2676} INFO - Sync 1 DAGs
[2023-01-01T20:55:52.242-0300] {logging_mixin.py:137} INFO - [2023-01-01T20:55:52.241-0300] {dag.py:3427} INFO - Setting next_dagrun for download_covabdab to 2022-12-01T00:00:00+00:00, run_after=2023-01-01T00:00:00+00:00
[2023-01-01T20:55:52.258-0300] {processor.py:175} INFO - Processing /home/kallox/airflow/dags/download_covabdab.py took 0.384 seconds
[2023-01-01T20:56:23.394-0300] {processor.py:153} INFO - Started process (PID=10941) to work on /home/kallox/airflow/dags/download_covabdab.py
[2023-01-01T20:56:23.395-0300] {processor.py:743} INFO - Processing file /home/kallox/airflow/dags/download_covabdab.py for tasks to queue
[2023-01-01T20:56:23.396-0300] {logging_mixin.py:137} INFO - [2023-01-01T20:56:23.396-0300] {dagbag.py:538} INFO - Filling up the DagBag from /home/kallox/airflow/dags/download_covabdab.py
[2023-01-01T20:56:23.744-0300] {processor.py:753} INFO - DAG(s) dict_keys(['download_covabdab']) retrieved from /home/kallox/airflow/dags/download_covabdab.py
[2023-01-01T20:56:23.770-0300] {logging_mixin.py:137} INFO - [2023-01-01T20:56:23.770-0300] {dag.py:2676} INFO - Sync 1 DAGs
[2023-01-01T20:56:23.792-0300] {logging_mixin.py:137} INFO - [2023-01-01T20:56:23.792-0300] {dag.py:3427} INFO - Setting next_dagrun for download_covabdab to 2022-12-01T00:00:00+00:00, run_after=2023-01-01T00:00:00+00:00
[2023-01-01T20:56:23.810-0300] {processor.py:175} INFO - Processing /home/kallox/airflow/dags/download_covabdab.py took 0.420 seconds
[2023-01-01T20:56:54.037-0300] {processor.py:153} INFO - Started process (PID=11015) to work on /home/kallox/airflow/dags/download_covabdab.py
[2023-01-01T20:56:54.038-0300] {processor.py:743} INFO - Processing file /home/kallox/airflow/dags/download_covabdab.py for tasks to queue
[2023-01-01T20:56:54.039-0300] {logging_mixin.py:137} INFO - [2023-01-01T20:56:54.038-0300] {dagbag.py:538} INFO - Filling up the DagBag from /home/kallox/airflow/dags/download_covabdab.py
[2023-01-01T20:56:54.391-0300] {processor.py:753} INFO - DAG(s) dict_keys(['download_covabdab']) retrieved from /home/kallox/airflow/dags/download_covabdab.py
[2023-01-01T20:56:54.426-0300] {logging_mixin.py:137} INFO - [2023-01-01T20:56:54.425-0300] {dag.py:2676} INFO - Sync 1 DAGs
[2023-01-01T20:56:54.450-0300] {logging_mixin.py:137} INFO - [2023-01-01T20:56:54.450-0300] {dag.py:3427} INFO - Setting next_dagrun for download_covabdab to 2022-12-01T00:00:00+00:00, run_after=2023-01-01T00:00:00+00:00
[2023-01-01T20:56:54.470-0300] {processor.py:175} INFO - Processing /home/kallox/airflow/dags/download_covabdab.py took 0.437 seconds
[2023-01-01T20:57:24.691-0300] {processor.py:153} INFO - Started process (PID=11088) to work on /home/kallox/airflow/dags/download_covabdab.py
[2023-01-01T20:57:24.692-0300] {processor.py:743} INFO - Processing file /home/kallox/airflow/dags/download_covabdab.py for tasks to queue
[2023-01-01T20:57:24.692-0300] {logging_mixin.py:137} INFO - [2023-01-01T20:57:24.692-0300] {dagbag.py:538} INFO - Filling up the DagBag from /home/kallox/airflow/dags/download_covabdab.py
[2023-01-01T20:57:25.067-0300] {processor.py:753} INFO - DAG(s) dict_keys(['download_covabdab']) retrieved from /home/kallox/airflow/dags/download_covabdab.py
[2023-01-01T20:57:25.098-0300] {logging_mixin.py:137} INFO - [2023-01-01T20:57:25.097-0300] {dag.py:2676} INFO - Sync 1 DAGs
[2023-01-01T20:57:25.124-0300] {logging_mixin.py:137} INFO - [2023-01-01T20:57:25.124-0300] {dag.py:3427} INFO - Setting next_dagrun for download_covabdab to 2022-12-01T00:00:00+00:00, run_after=2023-01-01T00:00:00+00:00
[2023-01-01T20:57:25.150-0300] {processor.py:175} INFO - Processing /home/kallox/airflow/dags/download_covabdab.py took 0.462 seconds
[2023-01-01T20:57:55.305-0300] {processor.py:153} INFO - Started process (PID=11166) to work on /home/kallox/airflow/dags/download_covabdab.py
[2023-01-01T20:57:55.306-0300] {processor.py:743} INFO - Processing file /home/kallox/airflow/dags/download_covabdab.py for tasks to queue
[2023-01-01T20:57:55.307-0300] {logging_mixin.py:137} INFO - [2023-01-01T20:57:55.307-0300] {dagbag.py:538} INFO - Filling up the DagBag from /home/kallox/airflow/dags/download_covabdab.py
[2023-01-01T20:57:55.667-0300] {processor.py:753} INFO - DAG(s) dict_keys(['download_covabdab']) retrieved from /home/kallox/airflow/dags/download_covabdab.py
[2023-01-01T20:57:55.693-0300] {logging_mixin.py:137} INFO - [2023-01-01T20:57:55.692-0300] {dag.py:2676} INFO - Sync 1 DAGs
[2023-01-01T20:57:55.715-0300] {logging_mixin.py:137} INFO - [2023-01-01T20:57:55.715-0300] {dag.py:3427} INFO - Setting next_dagrun for download_covabdab to 2022-12-01T00:00:00+00:00, run_after=2023-01-01T00:00:00+00:00
[2023-01-01T20:57:55.737-0300] {processor.py:175} INFO - Processing /home/kallox/airflow/dags/download_covabdab.py took 0.435 seconds
[2023-01-01T20:58:25.884-0300] {processor.py:153} INFO - Started process (PID=11239) to work on /home/kallox/airflow/dags/download_covabdab.py
[2023-01-01T20:58:25.885-0300] {processor.py:743} INFO - Processing file /home/kallox/airflow/dags/download_covabdab.py for tasks to queue
[2023-01-01T20:58:25.885-0300] {logging_mixin.py:137} INFO - [2023-01-01T20:58:25.885-0300] {dagbag.py:538} INFO - Filling up the DagBag from /home/kallox/airflow/dags/download_covabdab.py
[2023-01-01T20:58:26.241-0300] {processor.py:753} INFO - DAG(s) dict_keys(['download_covabdab']) retrieved from /home/kallox/airflow/dags/download_covabdab.py
[2023-01-01T20:58:26.271-0300] {logging_mixin.py:137} INFO - [2023-01-01T20:58:26.270-0300] {dag.py:2676} INFO - Sync 1 DAGs
[2023-01-01T20:58:26.300-0300] {logging_mixin.py:137} INFO - [2023-01-01T20:58:26.300-0300] {dag.py:3427} INFO - Setting next_dagrun for download_covabdab to 2022-12-01T00:00:00+00:00, run_after=2023-01-01T00:00:00+00:00
[2023-01-01T20:58:26.322-0300] {processor.py:175} INFO - Processing /home/kallox/airflow/dags/download_covabdab.py took 0.441 seconds
[2023-01-01T20:58:56.480-0300] {processor.py:153} INFO - Started process (PID=11315) to work on /home/kallox/airflow/dags/download_covabdab.py
[2023-01-01T20:58:56.481-0300] {processor.py:743} INFO - Processing file /home/kallox/airflow/dags/download_covabdab.py for tasks to queue
[2023-01-01T20:58:56.481-0300] {logging_mixin.py:137} INFO - [2023-01-01T20:58:56.481-0300] {dagbag.py:538} INFO - Filling up the DagBag from /home/kallox/airflow/dags/download_covabdab.py
[2023-01-01T20:58:56.830-0300] {processor.py:753} INFO - DAG(s) dict_keys(['download_covabdab']) retrieved from /home/kallox/airflow/dags/download_covabdab.py
[2023-01-01T20:58:56.861-0300] {logging_mixin.py:137} INFO - [2023-01-01T20:58:56.860-0300] {dag.py:2676} INFO - Sync 1 DAGs
[2023-01-01T20:58:56.888-0300] {logging_mixin.py:137} INFO - [2023-01-01T20:58:56.887-0300] {dag.py:3427} INFO - Setting next_dagrun for download_covabdab to 2022-12-01T00:00:00+00:00, run_after=2023-01-01T00:00:00+00:00
[2023-01-01T20:58:56.915-0300] {processor.py:175} INFO - Processing /home/kallox/airflow/dags/download_covabdab.py took 0.438 seconds
[2023-01-01T20:59:27.214-0300] {processor.py:153} INFO - Started process (PID=11394) to work on /home/kallox/airflow/dags/download_covabdab.py
[2023-01-01T20:59:27.215-0300] {processor.py:743} INFO - Processing file /home/kallox/airflow/dags/download_covabdab.py for tasks to queue
[2023-01-01T20:59:27.215-0300] {logging_mixin.py:137} INFO - [2023-01-01T20:59:27.215-0300] {dagbag.py:538} INFO - Filling up the DagBag from /home/kallox/airflow/dags/download_covabdab.py
[2023-01-01T20:59:27.572-0300] {processor.py:753} INFO - DAG(s) dict_keys(['download_covabdab']) retrieved from /home/kallox/airflow/dags/download_covabdab.py
[2023-01-01T20:59:27.601-0300] {logging_mixin.py:137} INFO - [2023-01-01T20:59:27.601-0300] {dag.py:2676} INFO - Sync 1 DAGs
[2023-01-01T20:59:27.626-0300] {logging_mixin.py:137} INFO - [2023-01-01T20:59:27.626-0300] {dag.py:3427} INFO - Setting next_dagrun for download_covabdab to 2022-12-01T00:00:00+00:00, run_after=2023-01-01T00:00:00+00:00
[2023-01-01T20:59:27.653-0300] {processor.py:175} INFO - Processing /home/kallox/airflow/dags/download_covabdab.py took 0.442 seconds
[2023-01-01T20:59:58.057-0300] {processor.py:153} INFO - Started process (PID=11479) to work on /home/kallox/airflow/dags/download_covabdab.py
[2023-01-01T20:59:58.058-0300] {processor.py:743} INFO - Processing file /home/kallox/airflow/dags/download_covabdab.py for tasks to queue
[2023-01-01T20:59:58.059-0300] {logging_mixin.py:137} INFO - [2023-01-01T20:59:58.059-0300] {dagbag.py:538} INFO - Filling up the DagBag from /home/kallox/airflow/dags/download_covabdab.py
[2023-01-01T20:59:58.372-0300] {processor.py:753} INFO - DAG(s) dict_keys(['download_covabdab']) retrieved from /home/kallox/airflow/dags/download_covabdab.py
[2023-01-01T20:59:58.408-0300] {logging_mixin.py:137} INFO - [2023-01-01T20:59:58.407-0300] {dag.py:2676} INFO - Sync 1 DAGs
[2023-01-01T20:59:58.439-0300] {logging_mixin.py:137} INFO - [2023-01-01T20:59:58.439-0300] {dag.py:3427} INFO - Setting next_dagrun for download_covabdab to 2022-12-01T00:00:00+00:00, run_after=2023-01-01T00:00:00+00:00
[2023-01-01T20:59:58.460-0300] {processor.py:175} INFO - Processing /home/kallox/airflow/dags/download_covabdab.py took 0.406 seconds
