[2023-01-20T19:21:38.969-0300] {taskinstance.py:1087} INFO - Dependencies all met for <TaskInstance: download_catnap.download_files scheduled__2023-01-10T00:00:00+00:00 [queued]>
[2023-01-20T19:21:38.986-0300] {taskinstance.py:1087} INFO - Dependencies all met for <TaskInstance: download_catnap.download_files scheduled__2023-01-10T00:00:00+00:00 [queued]>
[2023-01-20T19:21:38.987-0300] {taskinstance.py:1283} INFO - 
--------------------------------------------------------------------------------
[2023-01-20T19:21:38.987-0300] {taskinstance.py:1284} INFO - Starting attempt 1 of 1
[2023-01-20T19:21:38.987-0300] {taskinstance.py:1285} INFO - 
--------------------------------------------------------------------------------
[2023-01-20T19:21:39.011-0300] {taskinstance.py:1304} INFO - Executing <Task(PythonOperator): download_files> on 2023-01-10 00:00:00+00:00
[2023-01-20T19:21:39.019-0300] {standard_task_runner.py:55} INFO - Started process 6198 to run task
[2023-01-20T19:21:39.025-0300] {standard_task_runner.py:82} INFO - Running: ['***', 'tasks', 'run', 'download_catnap', 'download_files', 'scheduled__2023-01-10T00:00:00+00:00', '--job-id', '290', '--raw', '--subdir', 'DAGS_FOLDER/download_catnap.py', '--cfg-path', '/tmp/tmpzdj7pszq']
[2023-01-20T19:21:39.027-0300] {standard_task_runner.py:83} INFO - Job 290: Subtask download_files
[2023-01-20T19:21:39.114-0300] {task_command.py:389} INFO - Running <TaskInstance: download_catnap.download_files scheduled__2023-01-10T00:00:00+00:00 [running]> on host kallo-Ubuntu
[2023-01-20T19:21:39.224-0300] {taskinstance.py:1513} INFO - Exporting the following env vars:
AIRFLOW_CTX_DAG_OWNER=admin
AIRFLOW_CTX_DAG_ID=download_catnap
AIRFLOW_CTX_TASK_ID=download_files
AIRFLOW_CTX_EXECUTION_DATE=2023-01-10T00:00:00+00:00
AIRFLOW_CTX_TRY_NUMBER=1
AIRFLOW_CTX_DAG_RUN_ID=scheduled__2023-01-10T00:00:00+00:00
[2023-01-20T19:22:20.797-0300] {logging_mixin.py:137} INFO - Assay downloaded.
[2023-01-20T19:22:20.804-0300] {logging_mixin.py:137} INFO - Assay.tsv saved.
[2023-01-20T19:22:22.311-0300] {logging_mixin.py:137} INFO - Antibodies downloaded.
[2023-01-20T19:22:22.312-0300] {logging_mixin.py:137} INFO - Antibodies.tsv saved.
[2023-01-20T19:22:23.531-0300] {logging_mixin.py:137} INFO - Antibodies_germlines downloaded.
[2023-01-20T19:22:23.531-0300] {logging_mixin.py:137} INFO - Antibodies_germlines.tsv saved.
[2023-01-20T19:22:25.405-0300] {logging_mixin.py:137} INFO - Antibody_heavy_chain_na_sequences downloaded.
[2023-01-20T19:22:25.406-0300] {logging_mixin.py:137} INFO - Antibody_heavy_chain_na_sequences.fasta saved.
[2023-01-20T19:22:27.105-0300] {logging_mixin.py:137} INFO - Antibody_heavy_chain_aa_sequences downloaded.
[2023-01-20T19:22:27.106-0300] {logging_mixin.py:137} INFO - Antibody_heavy_chain_aa_sequences.fasta saved.
[2023-01-20T19:22:29.950-0300] {logging_mixin.py:137} INFO - Antibody_light_chain_na_sequences downloaded.
[2023-01-20T19:22:29.951-0300] {logging_mixin.py:137} INFO - Antibody_light_chain_na_sequences.fasta saved.
[2023-01-20T19:22:31.542-0300] {logging_mixin.py:137} INFO - Antibody_light_chain_aa_sequences downloaded.
[2023-01-20T19:22:31.543-0300] {logging_mixin.py:137} INFO - Antibody_light_chain_aa_sequences.fasta saved.
[2023-01-20T19:22:33.862-0300] {logging_mixin.py:137} INFO - Viruses downloaded.
[2023-01-20T19:22:33.870-0300] {logging_mixin.py:137} INFO - Viruses.tsv saved.
[2023-01-20T19:22:52.742-0300] {logging_mixin.py:137} INFO - Virus_na_alignment downloaded.
[2023-01-20T19:22:52.749-0300] {logging_mixin.py:137} INFO - Virus_na_alignment.tsv saved.
[2023-01-20T19:23:00.447-0300] {logging_mixin.py:137} INFO - Virus_aa_alignment downloaded.
[2023-01-20T19:23:00.450-0300] {logging_mixin.py:137} INFO - Virus_aa_alignment.tsv saved.
[2023-01-20T19:23:00.451-0300] {python.py:177} INFO - Done. Returned value was: None
[2023-01-20T19:23:00.464-0300] {taskinstance.py:1327} INFO - Marking task as SUCCESS. dag_id=download_catnap, task_id=download_files, execution_date=20230110T000000, start_date=20230120T222138, end_date=20230120T222300
[2023-01-20T19:23:00.496-0300] {local_task_job.py:159} INFO - Task exited with return code 0
[2023-01-20T19:23:00.526-0300] {taskinstance.py:2582} INFO - 1 downstream tasks scheduled from follow-on schedule check
