[2022-12-29T17:28:37.753-0300] {taskinstance.py:1087} INFO - Dependencies all met for <TaskInstance: download_catnap.download_files scheduled__2022-12-02T00:00:00+00:00 [queued]>
[2022-12-29T17:28:37.766-0300] {taskinstance.py:1087} INFO - Dependencies all met for <TaskInstance: download_catnap.download_files scheduled__2022-12-02T00:00:00+00:00 [queued]>
[2022-12-29T17:28:37.766-0300] {taskinstance.py:1283} INFO - 
--------------------------------------------------------------------------------
[2022-12-29T17:28:37.766-0300] {taskinstance.py:1284} INFO - Starting attempt 1 of 1
[2022-12-29T17:28:37.766-0300] {taskinstance.py:1285} INFO - 
--------------------------------------------------------------------------------
[2022-12-29T17:28:37.783-0300] {taskinstance.py:1304} INFO - Executing <Task(PythonOperator): download_files> on 2022-12-02 00:00:00+00:00
[2022-12-29T17:28:37.787-0300] {standard_task_runner.py:55} INFO - Started process 27591 to run task
[2022-12-29T17:28:37.788-0300] {standard_task_runner.py:82} INFO - Running: ['***', 'tasks', 'run', 'download_catnap', 'download_files', 'scheduled__2022-12-02T00:00:00+00:00', '--job-id', '76', '--raw', '--subdir', 'DAGS_FOLDER/download_catnap.py', '--cfg-path', '/tmp/tmp6gyow00b']
[2022-12-29T17:28:37.789-0300] {standard_task_runner.py:83} INFO - Job 76: Subtask download_files
[2022-12-29T17:28:37.865-0300] {task_command.py:389} INFO - Running <TaskInstance: download_catnap.download_files scheduled__2022-12-02T00:00:00+00:00 [running]> on host kallo-Ubuntu
[2022-12-29T17:28:37.951-0300] {taskinstance.py:1513} INFO - Exporting the following env vars:
AIRFLOW_CTX_DAG_OWNER=admin
AIRFLOW_CTX_DAG_ID=download_catnap
AIRFLOW_CTX_TASK_ID=download_files
AIRFLOW_CTX_EXECUTION_DATE=2022-12-02T00:00:00+00:00
AIRFLOW_CTX_TRY_NUMBER=1
AIRFLOW_CTX_DAG_RUN_ID=scheduled__2022-12-02T00:00:00+00:00
[2022-12-29T17:29:14.684-0300] {logging_mixin.py:137} INFO - Assay downloaded.
[2022-12-29T17:29:14.704-0300] {logging_mixin.py:137} INFO - Assay.tsv saved.
[2022-12-29T17:29:16.397-0300] {logging_mixin.py:137} INFO - Antibodies downloaded.
[2022-12-29T17:29:16.398-0300] {logging_mixin.py:137} INFO - Antibodies.tsv saved.
[2022-12-29T17:29:17.578-0300] {logging_mixin.py:137} INFO - Antibodies_germlines downloaded.
[2022-12-29T17:29:17.579-0300] {logging_mixin.py:137} INFO - Antibodies_germlines.tsv saved.
[2022-12-29T17:29:19.507-0300] {logging_mixin.py:137} INFO - Antibody_heavy_chain_na_sequences downloaded.
[2022-12-29T17:29:19.508-0300] {logging_mixin.py:137} INFO - Antibody_heavy_chain_na_sequences.fasta saved.
[2022-12-29T17:29:20.967-0300] {logging_mixin.py:137} INFO - Antibody_heavy_chain_aa_sequences downloaded.
[2022-12-29T17:29:20.969-0300] {logging_mixin.py:137} INFO - Antibody_heavy_chain_aa_sequences.fasta saved.
[2022-12-29T17:29:22.772-0300] {logging_mixin.py:137} INFO - Antibody_light_chain_na_sequences downloaded.
[2022-12-29T17:29:22.773-0300] {logging_mixin.py:137} INFO - Antibody_light_chain_na_sequences.fasta saved.
[2022-12-29T17:29:24.183-0300] {logging_mixin.py:137} INFO - Antibody_light_chain_aa_sequences downloaded.
[2022-12-29T17:29:24.185-0300] {logging_mixin.py:137} INFO - Antibody_light_chain_aa_sequences.fasta saved.
[2022-12-29T17:29:26.434-0300] {logging_mixin.py:137} INFO - Viruses downloaded.
[2022-12-29T17:29:26.435-0300] {logging_mixin.py:137} INFO - Viruses.tsv saved.
[2022-12-29T17:29:42.363-0300] {logging_mixin.py:137} INFO - Virus_na_alignment downloaded.
[2022-12-29T17:29:42.371-0300] {logging_mixin.py:137} INFO - Virus_na_alignment.tsv saved.
[2022-12-29T17:29:48.770-0300] {logging_mixin.py:137} INFO - Virus_aa_alignment downloaded.
[2022-12-29T17:29:48.774-0300] {logging_mixin.py:137} INFO - Virus_aa_alignment.tsv saved.
[2022-12-29T17:29:48.775-0300] {python.py:177} INFO - Done. Returned value was: None
[2022-12-29T17:29:48.797-0300] {taskinstance.py:1327} INFO - Marking task as SUCCESS. dag_id=download_catnap, task_id=download_files, execution_date=20221202T000000, start_date=20221229T202837, end_date=20221229T202948
[2022-12-29T17:29:48.997-0300] {local_task_job.py:159} INFO - Task exited with return code 0
[2022-12-29T17:29:49.054-0300] {taskinstance.py:2582} INFO - 1 downstream tasks scheduled from follow-on schedule check
