[2023-01-01T22:07:28.177-0300] {taskinstance.py:1087} INFO - Dependencies all met for <TaskInstance: get_interactions.string.string_get_uniprot_ids manual__2023-01-02T01:06:12.069428+00:00 [queued]>
[2023-01-01T22:07:28.190-0300] {taskinstance.py:1087} INFO - Dependencies all met for <TaskInstance: get_interactions.string.string_get_uniprot_ids manual__2023-01-02T01:06:12.069428+00:00 [queued]>
[2023-01-01T22:07:28.190-0300] {taskinstance.py:1283} INFO - 
--------------------------------------------------------------------------------
[2023-01-01T22:07:28.190-0300] {taskinstance.py:1284} INFO - Starting attempt 2 of 2
[2023-01-01T22:07:28.191-0300] {taskinstance.py:1285} INFO - 
--------------------------------------------------------------------------------
[2023-01-01T22:07:28.205-0300] {taskinstance.py:1304} INFO - Executing <Task(PythonOperator): string.string_get_uniprot_ids> on 2023-01-02 01:06:12.069428+00:00
[2023-01-01T22:07:28.210-0300] {standard_task_runner.py:55} INFO - Started process 24168 to run task
[2023-01-01T22:07:28.213-0300] {standard_task_runner.py:82} INFO - Running: ['***', 'tasks', 'run', 'get_interactions', 'string.string_get_uniprot_ids', 'manual__2023-01-02T01:06:12.069428+00:00', '--job-id', '198', '--raw', '--subdir', 'DAGS_FOLDER/get_interactions.py', '--cfg-path', '/tmp/tmprpq5o41u']
[2023-01-01T22:07:28.214-0300] {standard_task_runner.py:83} INFO - Job 198: Subtask string.string_get_uniprot_ids
[2023-01-01T22:07:28.285-0300] {task_command.py:389} INFO - Running <TaskInstance: get_interactions.string.string_get_uniprot_ids manual__2023-01-02T01:06:12.069428+00:00 [running]> on host kallo-Ubuntu
[2023-01-01T22:07:28.362-0300] {taskinstance.py:1513} INFO - Exporting the following env vars:
AIRFLOW_CTX_DAG_OWNER=Kallox
AIRFLOW_CTX_DAG_ID=get_interactions
AIRFLOW_CTX_TASK_ID=string.string_get_uniprot_ids
AIRFLOW_CTX_EXECUTION_DATE=2023-01-02T01:06:12.069428+00:00
AIRFLOW_CTX_TRY_NUMBER=2
AIRFLOW_CTX_DAG_RUN_ID=manual__2023-01-02T01:06:12.069428+00:00
[2023-01-01T22:07:28.370-0300] {python.py:177} INFO - Done. Returned value was: None
[2023-01-01T22:07:28.382-0300] {taskinstance.py:1327} INFO - Marking task as SUCCESS. dag_id=get_interactions, task_id=string.string_get_uniprot_ids, execution_date=20230102T010612, start_date=20230102T010728, end_date=20230102T010728
[2023-01-01T22:07:28.423-0300] {local_task_job.py:159} INFO - Task exited with return code 0
[2023-01-01T22:07:28.459-0300] {taskinstance.py:2582} INFO - 1 downstream tasks scheduled from follow-on schedule check
