[2023-01-01T21:00:02.117-0300] {taskinstance.py:1087} INFO - Dependencies all met for <TaskInstance: download_catnap.download_files scheduled__2023-01-01T00:00:00+00:00 [queued]>
[2023-01-01T21:00:02.130-0300] {taskinstance.py:1087} INFO - Dependencies all met for <TaskInstance: download_catnap.download_files scheduled__2023-01-01T00:00:00+00:00 [queued]>
[2023-01-01T21:00:02.130-0300] {taskinstance.py:1283} INFO - 
--------------------------------------------------------------------------------
[2023-01-01T21:00:02.130-0300] {taskinstance.py:1284} INFO - Starting attempt 1 of 1
[2023-01-01T21:00:02.130-0300] {taskinstance.py:1285} INFO - 
--------------------------------------------------------------------------------
[2023-01-01T21:00:02.150-0300] {taskinstance.py:1304} INFO - Executing <Task(PythonOperator): download_files> on 2023-01-01 00:00:00+00:00
[2023-01-01T21:00:02.154-0300] {standard_task_runner.py:55} INFO - Started process 11534 to run task
[2023-01-01T21:00:02.157-0300] {standard_task_runner.py:82} INFO - Running: ['***', 'tasks', 'run', 'download_catnap', 'download_files', 'scheduled__2023-01-01T00:00:00+00:00', '--job-id', '168', '--raw', '--subdir', 'DAGS_FOLDER/download_catnap.py', '--cfg-path', '/tmp/tmpcd7kas6t']
[2023-01-01T21:00:02.158-0300] {standard_task_runner.py:83} INFO - Job 168: Subtask download_files
[2023-01-01T21:00:02.236-0300] {task_command.py:389} INFO - Running <TaskInstance: download_catnap.download_files scheduled__2023-01-01T00:00:00+00:00 [running]> on host kallo-Ubuntu
[2023-01-01T21:00:02.322-0300] {taskinstance.py:1513} INFO - Exporting the following env vars:
AIRFLOW_CTX_DAG_OWNER=admin
AIRFLOW_CTX_DAG_ID=download_catnap
AIRFLOW_CTX_TASK_ID=download_files
AIRFLOW_CTX_EXECUTION_DATE=2023-01-01T00:00:00+00:00
AIRFLOW_CTX_TRY_NUMBER=1
AIRFLOW_CTX_DAG_RUN_ID=scheduled__2023-01-01T00:00:00+00:00
[2023-01-01T21:00:39.423-0300] {logging_mixin.py:137} INFO - Assay downloaded.
[2023-01-01T21:00:39.440-0300] {logging_mixin.py:137} INFO - Assay.tsv saved.
[2023-01-01T21:00:41.049-0300] {logging_mixin.py:137} INFO - Antibodies downloaded.
[2023-01-01T21:00:41.050-0300] {logging_mixin.py:137} INFO - Antibodies.tsv saved.
[2023-01-01T21:00:42.267-0300] {logging_mixin.py:137} INFO - Antibodies_germlines downloaded.
[2023-01-01T21:00:42.269-0300] {logging_mixin.py:137} INFO - Antibodies_germlines.tsv saved.
[2023-01-01T21:00:43.938-0300] {logging_mixin.py:137} INFO - Antibody_heavy_chain_na_sequences downloaded.
[2023-01-01T21:00:43.940-0300] {logging_mixin.py:137} INFO - Antibody_heavy_chain_na_sequences.fasta saved.
[2023-01-01T21:00:45.430-0300] {logging_mixin.py:137} INFO - Antibody_heavy_chain_aa_sequences downloaded.
[2023-01-01T21:00:45.432-0300] {logging_mixin.py:137} INFO - Antibody_heavy_chain_aa_sequences.fasta saved.
[2023-01-01T21:00:47.103-0300] {logging_mixin.py:137} INFO - Antibody_light_chain_na_sequences downloaded.
[2023-01-01T21:00:47.105-0300] {logging_mixin.py:137} INFO - Antibody_light_chain_na_sequences.fasta saved.
[2023-01-01T21:00:48.540-0300] {logging_mixin.py:137} INFO - Antibody_light_chain_aa_sequences downloaded.
[2023-01-01T21:00:48.541-0300] {logging_mixin.py:137} INFO - Antibody_light_chain_aa_sequences.fasta saved.
[2023-01-01T21:00:50.499-0300] {logging_mixin.py:137} INFO - Viruses downloaded.
[2023-01-01T21:00:50.509-0300] {logging_mixin.py:137} INFO - Viruses.tsv saved.
[2023-01-01T21:01:07.644-0300] {logging_mixin.py:137} INFO - Virus_na_alignment downloaded.
[2023-01-01T21:01:07.656-0300] {logging_mixin.py:137} INFO - Virus_na_alignment.tsv saved.
[2023-01-01T21:01:14.376-0300] {logging_mixin.py:137} INFO - Virus_aa_alignment downloaded.
[2023-01-01T21:01:14.382-0300] {logging_mixin.py:137} INFO - Virus_aa_alignment.tsv saved.
[2023-01-01T21:01:14.382-0300] {python.py:177} INFO - Done. Returned value was: None
[2023-01-01T21:01:14.407-0300] {taskinstance.py:1327} INFO - Marking task as SUCCESS. dag_id=download_catnap, task_id=download_files, execution_date=20230101T000000, start_date=20230102T000002, end_date=20230102T000114
[2023-01-01T21:01:14.492-0300] {local_task_job.py:159} INFO - Task exited with return code 0
[2023-01-01T21:01:14.528-0300] {taskinstance.py:2582} INFO - 1 downstream tasks scheduled from follow-on schedule check
