[2023-01-04T19:13:34.623-0300] {taskinstance.py:1087} INFO - Dependencies all met for <TaskInstance: get_epitopes.iedb manual__2023-01-04T22:13:31.509436+00:00 [queued]>
[2023-01-04T19:13:34.635-0300] {taskinstance.py:1087} INFO - Dependencies all met for <TaskInstance: get_epitopes.iedb manual__2023-01-04T22:13:31.509436+00:00 [queued]>
[2023-01-04T19:13:34.635-0300] {taskinstance.py:1283} INFO - 
--------------------------------------------------------------------------------
[2023-01-04T19:13:34.635-0300] {taskinstance.py:1284} INFO - Starting attempt 1 of 1
[2023-01-04T19:13:34.635-0300] {taskinstance.py:1285} INFO - 
--------------------------------------------------------------------------------
[2023-01-04T19:13:34.655-0300] {taskinstance.py:1304} INFO - Executing <Task(PythonOperator): iedb> on 2023-01-04 22:13:31.509436+00:00
[2023-01-04T19:13:34.658-0300] {standard_task_runner.py:55} INFO - Started process 7344 to run task
[2023-01-04T19:13:34.660-0300] {standard_task_runner.py:82} INFO - Running: ['***', 'tasks', 'run', 'get_epitopes', 'iedb', 'manual__2023-01-04T22:13:31.509436+00:00', '--job-id', '245', '--raw', '--subdir', 'DAGS_FOLDER/get_epitopes.py', '--cfg-path', '/tmp/tmpzq9x88ge']
[2023-01-04T19:13:34.661-0300] {standard_task_runner.py:83} INFO - Job 245: Subtask iedb
[2023-01-04T19:13:34.735-0300] {task_command.py:389} INFO - Running <TaskInstance: get_epitopes.iedb manual__2023-01-04T22:13:31.509436+00:00 [running]> on host kallo-Ubuntu
[2023-01-04T19:13:34.809-0300] {taskinstance.py:1513} INFO - Exporting the following env vars:
AIRFLOW_CTX_DAG_OWNER=Kallox
AIRFLOW_CTX_DAG_ID=get_epitopes
AIRFLOW_CTX_TASK_ID=iedb
AIRFLOW_CTX_EXECUTION_DATE=2023-01-04T22:13:31.509436+00:00
AIRFLOW_CTX_TRY_NUMBER=1
AIRFLOW_CTX_DAG_RUN_ID=manual__2023-01-04T22:13:31.509436+00:00
[2023-01-04T19:13:47.151-0300] {logging_mixin.py:137} WARNING - /home/kallox/anaconda3/envs/***/lib/python3.7/site-packages/***/operators/python.py:192 DtypeWarning: Columns (3,4,7,8,17,18,19,20,23,24,25,26,27,28,29,30,31,32) have mixed types.Specify dtype option on import or set low_memory=False.
[2023-01-04T19:13:52.336-0300] {python.py:177} INFO - Done. Returned value was: None
[2023-01-04T19:13:52.349-0300] {taskinstance.py:1327} INFO - Marking task as SUCCESS. dag_id=get_epitopes, task_id=iedb, execution_date=20230104T221331, start_date=20230104T221334, end_date=20230104T221352
[2023-01-04T19:13:52.443-0300] {local_task_job.py:159} INFO - Task exited with return code 0
[2023-01-04T19:13:52.493-0300] {taskinstance.py:2582} INFO - 1 downstream tasks scheduled from follow-on schedule check
