[2022-12-29T17:27:02.452-0300] {taskinstance.py:1087} INFO - Dependencies all met for <TaskInstance: download_catnap.download_files scheduled__2022-11-13T00:00:00+00:00 [queued]>
[2022-12-29T17:27:02.475-0300] {taskinstance.py:1087} INFO - Dependencies all met for <TaskInstance: download_catnap.download_files scheduled__2022-11-13T00:00:00+00:00 [queued]>
[2022-12-29T17:27:02.475-0300] {taskinstance.py:1283} INFO - 
--------------------------------------------------------------------------------
[2022-12-29T17:27:02.476-0300] {taskinstance.py:1284} INFO - Starting attempt 1 of 1
[2022-12-29T17:27:02.476-0300] {taskinstance.py:1285} INFO - 
--------------------------------------------------------------------------------
[2022-12-29T17:27:02.501-0300] {taskinstance.py:1304} INFO - Executing <Task(PythonOperator): download_files> on 2022-11-13 00:00:00+00:00
[2022-12-29T17:27:02.512-0300] {standard_task_runner.py:55} INFO - Started process 25284 to run task
[2022-12-29T17:27:02.515-0300] {standard_task_runner.py:82} INFO - Running: ['***', 'tasks', 'run', 'download_catnap', 'download_files', 'scheduled__2022-11-13T00:00:00+00:00', '--job-id', '43', '--raw', '--subdir', 'DAGS_FOLDER/download_catnap.py', '--cfg-path', '/tmp/tmpo376o9e1']
[2022-12-29T17:27:02.520-0300] {standard_task_runner.py:83} INFO - Job 43: Subtask download_files
[2022-12-29T17:27:02.654-0300] {task_command.py:389} INFO - Running <TaskInstance: download_catnap.download_files scheduled__2022-11-13T00:00:00+00:00 [running]> on host kallo-Ubuntu
[2022-12-29T17:27:02.797-0300] {taskinstance.py:1513} INFO - Exporting the following env vars:
AIRFLOW_CTX_DAG_OWNER=admin
AIRFLOW_CTX_DAG_ID=download_catnap
AIRFLOW_CTX_TASK_ID=download_files
AIRFLOW_CTX_EXECUTION_DATE=2022-11-13T00:00:00+00:00
AIRFLOW_CTX_TRY_NUMBER=1
AIRFLOW_CTX_DAG_RUN_ID=scheduled__2022-11-13T00:00:00+00:00
[2022-12-29T17:27:40.224-0300] {logging_mixin.py:137} INFO - Assay downloaded.
[2022-12-29T17:27:40.241-0300] {logging_mixin.py:137} INFO - Assay.tsv saved.
[2022-12-29T17:27:41.900-0300] {logging_mixin.py:137} INFO - Antibodies downloaded.
[2022-12-29T17:27:41.902-0300] {logging_mixin.py:137} INFO - Antibodies.tsv saved.
[2022-12-29T17:27:43.074-0300] {logging_mixin.py:137} INFO - Antibodies_germlines downloaded.
[2022-12-29T17:27:43.075-0300] {logging_mixin.py:137} INFO - Antibodies_germlines.tsv saved.
[2022-12-29T17:27:45.135-0300] {logging_mixin.py:137} INFO - Antibody_heavy_chain_na_sequences downloaded.
[2022-12-29T17:27:45.136-0300] {logging_mixin.py:137} INFO - Antibody_heavy_chain_na_sequences.fasta saved.
[2022-12-29T17:27:46.520-0300] {logging_mixin.py:137} INFO - Antibody_heavy_chain_aa_sequences downloaded.
[2022-12-29T17:27:46.521-0300] {logging_mixin.py:137} INFO - Antibody_heavy_chain_aa_sequences.fasta saved.
[2022-12-29T17:27:48.304-0300] {logging_mixin.py:137} INFO - Antibody_light_chain_na_sequences downloaded.
[2022-12-29T17:27:48.313-0300] {logging_mixin.py:137} INFO - Antibody_light_chain_na_sequences.fasta saved.
[2022-12-29T17:27:49.695-0300] {logging_mixin.py:137} INFO - Antibody_light_chain_aa_sequences downloaded.
[2022-12-29T17:27:49.704-0300] {logging_mixin.py:137} INFO - Antibody_light_chain_aa_sequences.fasta saved.
[2022-12-29T17:27:51.897-0300] {logging_mixin.py:137} INFO - Viruses downloaded.
[2022-12-29T17:27:51.898-0300] {logging_mixin.py:137} INFO - Viruses.tsv saved.
[2022-12-29T17:28:08.110-0300] {logging_mixin.py:137} INFO - Virus_na_alignment downloaded.
[2022-12-29T17:28:08.117-0300] {logging_mixin.py:137} INFO - Virus_na_alignment.tsv saved.
[2022-12-29T17:28:14.466-0300] {logging_mixin.py:137} INFO - Virus_aa_alignment downloaded.
[2022-12-29T17:28:14.473-0300] {logging_mixin.py:137} INFO - Virus_aa_alignment.tsv saved.
[2022-12-29T17:28:14.474-0300] {python.py:177} INFO - Done. Returned value was: None
[2022-12-29T17:28:14.496-0300] {taskinstance.py:1327} INFO - Marking task as SUCCESS. dag_id=download_catnap, task_id=download_files, execution_date=20221113T000000, start_date=20221229T202702, end_date=20221229T202814
[2022-12-29T17:28:14.567-0300] {local_task_job.py:159} INFO - Task exited with return code 0
[2022-12-29T17:28:14.625-0300] {taskinstance.py:2582} INFO - 1 downstream tasks scheduled from follow-on schedule check
