[2022-12-20T23:17:31.480-0300] {taskinstance.py:1087} INFO - Dependencies all met for <TaskInstance: download_iedb.download_files manual__2022-12-21T02:17:29.928388+00:00 [queued]>
[2022-12-20T23:17:31.495-0300] {taskinstance.py:1087} INFO - Dependencies all met for <TaskInstance: download_iedb.download_files manual__2022-12-21T02:17:29.928388+00:00 [queued]>
[2022-12-20T23:17:31.496-0300] {taskinstance.py:1283} INFO - 
--------------------------------------------------------------------------------
[2022-12-20T23:17:31.496-0300] {taskinstance.py:1284} INFO - Starting attempt 1 of 1
[2022-12-20T23:17:31.496-0300] {taskinstance.py:1285} INFO - 
--------------------------------------------------------------------------------
[2022-12-20T23:17:31.512-0300] {taskinstance.py:1304} INFO - Executing <Task(PythonOperator): download_files> on 2022-12-21 02:17:29.928388+00:00
[2022-12-20T23:17:31.518-0300] {standard_task_runner.py:55} INFO - Started process 62656 to run task
[2022-12-20T23:17:31.520-0300] {standard_task_runner.py:82} INFO - Running: ['***', 'tasks', 'run', 'download_iedb', 'download_files', 'manual__2022-12-21T02:17:29.928388+00:00', '--job-id', '29', '--raw', '--subdir', 'DAGS_FOLDER/download_iedb.py', '--cfg-path', '/tmp/tmp2_u_y3bo']
[2022-12-20T23:17:31.521-0300] {standard_task_runner.py:83} INFO - Job 29: Subtask download_files
[2022-12-20T23:17:31.605-0300] {task_command.py:389} INFO - Running <TaskInstance: download_iedb.download_files manual__2022-12-21T02:17:29.928388+00:00 [running]> on host kallo-Ubuntu
[2022-12-20T23:17:31.709-0300] {taskinstance.py:1513} INFO - Exporting the following env vars:
AIRFLOW_CTX_DAG_OWNER=Kallox
AIRFLOW_CTX_DAG_ID=download_iedb
AIRFLOW_CTX_TASK_ID=download_files
AIRFLOW_CTX_EXECUTION_DATE=2022-12-21T02:17:29.928388+00:00
AIRFLOW_CTX_TRY_NUMBER=1
AIRFLOW_CTX_DAG_RUN_ID=manual__2022-12-21T02:17:29.928388+00:00
[2022-12-20T23:17:34.168-0300] {logging_mixin.py:137} INFO - antigen downloaded.
[2022-12-20T23:17:34.170-0300] {logging_mixin.py:137} INFO - antigen.zip saved.
[2022-12-20T23:17:46.946-0300] {logging_mixin.py:137} INFO - epitope downloaded.
[2022-12-20T23:17:47.041-0300] {logging_mixin.py:137} INFO - epitope.zip saved.
[2022-12-20T23:17:50.698-0300] {python.py:177} INFO - Done. Returned value was: None
[2022-12-20T23:17:50.717-0300] {taskinstance.py:1327} INFO - Marking task as SUCCESS. dag_id=download_iedb, task_id=download_files, execution_date=20221221T021729, start_date=20221221T021731, end_date=20221221T021750
[2022-12-20T23:17:50.760-0300] {local_task_job.py:159} INFO - Task exited with return code 0
[2022-12-20T23:17:50.805-0300] {taskinstance.py:2582} INFO - 0 downstream tasks scheduled from follow-on schedule check
