[2023-01-07T21:07:13.044-0300] {taskinstance.py:1087} INFO - Dependencies all met for <TaskInstance: download_uniprot.download_files manual__2023-01-08T00:07:11.395065+00:00 [queued]>
[2023-01-07T21:07:13.056-0300] {taskinstance.py:1087} INFO - Dependencies all met for <TaskInstance: download_uniprot.download_files manual__2023-01-08T00:07:11.395065+00:00 [queued]>
[2023-01-07T21:07:13.056-0300] {taskinstance.py:1283} INFO - 
--------------------------------------------------------------------------------
[2023-01-07T21:07:13.056-0300] {taskinstance.py:1284} INFO - Starting attempt 1 of 1
[2023-01-07T21:07:13.057-0300] {taskinstance.py:1285} INFO - 
--------------------------------------------------------------------------------
[2023-01-07T21:07:13.069-0300] {taskinstance.py:1304} INFO - Executing <Task(PythonOperator): download_files> on 2023-01-08 00:07:11.395065+00:00
[2023-01-07T21:07:13.072-0300] {standard_task_runner.py:55} INFO - Started process 9552 to run task
[2023-01-07T21:07:13.074-0300] {standard_task_runner.py:82} INFO - Running: ['***', 'tasks', 'run', 'download_uniprot', 'download_files', 'manual__2023-01-08T00:07:11.395065+00:00', '--job-id', '279', '--raw', '--subdir', 'DAGS_FOLDER/download_uniprot.py', '--cfg-path', '/tmp/tmpmgumxl7_']
[2023-01-07T21:07:13.075-0300] {standard_task_runner.py:83} INFO - Job 279: Subtask download_files
[2023-01-07T21:07:13.145-0300] {task_command.py:389} INFO - Running <TaskInstance: download_uniprot.download_files manual__2023-01-08T00:07:11.395065+00:00 [running]> on host kallo-Ubuntu
[2023-01-07T21:07:13.225-0300] {taskinstance.py:1513} INFO - Exporting the following env vars:
AIRFLOW_CTX_DAG_OWNER=Kallox
AIRFLOW_CTX_DAG_ID=download_uniprot
AIRFLOW_CTX_TASK_ID=download_files
AIRFLOW_CTX_EXECUTION_DATE=2023-01-08T00:07:11.395065+00:00
AIRFLOW_CTX_TRY_NUMBER=1
AIRFLOW_CTX_DAG_RUN_ID=manual__2023-01-08T00:07:11.395065+00:00
[2023-01-07T21:07:13.225-0300] {logging_mixin.py:137} INFO - /home/kallox/***
[2023-01-07T21:07:41.057-0300] {logging_mixin.py:137} INFO - antibody downloaded.
[2023-01-07T21:07:41.413-0300] {logging_mixin.py:137} INFO - antibody.json saved.
[2023-01-07T21:08:04.919-0300] {logging_mixin.py:137} INFO - abcd downloaded.
[2023-01-07T21:08:05.072-0300] {logging_mixin.py:137} INFO - abcd.json saved.
[2023-01-07T21:08:10.925-0300] {logging_mixin.py:137} INFO - imgtgene downloaded.
[2023-01-07T21:08:10.937-0300] {logging_mixin.py:137} INFO - imgtgene.json saved.
[2023-01-07T21:11:29.485-0300] {logging_mixin.py:137} INFO - antibodypedia downloaded.
[2023-01-07T21:11:31.513-0300] {logging_mixin.py:137} INFO - antibodypedia.json saved.
[2023-01-07T21:11:51.110-0300] {logging_mixin.py:137} INFO - cptc downloaded.
[2023-01-07T21:11:51.146-0300] {logging_mixin.py:137} INFO - cptc.json saved.
[2023-01-07T21:11:51.147-0300] {python.py:177} INFO - Done. Returned value was: None
[2023-01-07T21:11:51.163-0300] {taskinstance.py:1327} INFO - Marking task as SUCCESS. dag_id=download_uniprot, task_id=download_files, execution_date=20230108T000711, start_date=20230108T000713, end_date=20230108T001151
[2023-01-07T21:11:51.277-0300] {local_task_job.py:159} INFO - Task exited with return code 0
[2023-01-07T21:11:51.336-0300] {taskinstance.py:2582} INFO - 1 downstream tasks scheduled from follow-on schedule check
