[2022-12-29T21:00:01.749-0300] {taskinstance.py:1087} INFO - Dependencies all met for <TaskInstance: download_catnap.download_files scheduled__2022-12-29T00:00:00+00:00 [queued]>
[2022-12-29T21:00:01.762-0300] {taskinstance.py:1087} INFO - Dependencies all met for <TaskInstance: download_catnap.download_files scheduled__2022-12-29T00:00:00+00:00 [queued]>
[2022-12-29T21:00:01.762-0300] {taskinstance.py:1283} INFO - 
--------------------------------------------------------------------------------
[2022-12-29T21:00:01.762-0300] {taskinstance.py:1284} INFO - Starting attempt 1 of 1
[2022-12-29T21:00:01.763-0300] {taskinstance.py:1285} INFO - 
--------------------------------------------------------------------------------
[2022-12-29T21:00:01.776-0300] {taskinstance.py:1304} INFO - Executing <Task(PythonOperator): download_files> on 2022-12-29 00:00:00+00:00
[2022-12-29T21:00:01.780-0300] {standard_task_runner.py:55} INFO - Started process 155922 to run task
[2022-12-29T21:00:01.783-0300] {standard_task_runner.py:82} INFO - Running: ['***', 'tasks', 'run', 'download_catnap', 'download_files', 'scheduled__2022-12-29T00:00:00+00:00', '--job-id', '144', '--raw', '--subdir', 'DAGS_FOLDER/download_catnap.py', '--cfg-path', '/tmp/tmpi07hnfa5']
[2022-12-29T21:00:01.784-0300] {standard_task_runner.py:83} INFO - Job 144: Subtask download_files
[2022-12-29T21:00:01.865-0300] {task_command.py:389} INFO - Running <TaskInstance: download_catnap.download_files scheduled__2022-12-29T00:00:00+00:00 [running]> on host kallo-Ubuntu
[2022-12-29T21:00:01.947-0300] {taskinstance.py:1513} INFO - Exporting the following env vars:
AIRFLOW_CTX_DAG_OWNER=admin
AIRFLOW_CTX_DAG_ID=download_catnap
AIRFLOW_CTX_TASK_ID=download_files
AIRFLOW_CTX_EXECUTION_DATE=2022-12-29T00:00:00+00:00
AIRFLOW_CTX_TRY_NUMBER=1
AIRFLOW_CTX_DAG_RUN_ID=scheduled__2022-12-29T00:00:00+00:00
[2022-12-29T21:00:38.870-0300] {logging_mixin.py:137} INFO - Assay downloaded.
[2022-12-29T21:00:38.889-0300] {logging_mixin.py:137} INFO - Assay.tsv saved.
[2022-12-29T21:00:41.143-0300] {logging_mixin.py:137} INFO - Antibodies downloaded.
[2022-12-29T21:00:41.145-0300] {logging_mixin.py:137} INFO - Antibodies.tsv saved.
[2022-12-29T21:00:42.703-0300] {logging_mixin.py:137} INFO - Antibodies_germlines downloaded.
[2022-12-29T21:00:42.704-0300] {logging_mixin.py:137} INFO - Antibodies_germlines.tsv saved.
[2022-12-29T21:00:44.743-0300] {logging_mixin.py:137} INFO - Antibody_heavy_chain_na_sequences downloaded.
[2022-12-29T21:00:44.744-0300] {logging_mixin.py:137} INFO - Antibody_heavy_chain_na_sequences.fasta saved.
[2022-12-29T21:00:46.401-0300] {logging_mixin.py:137} INFO - Antibody_heavy_chain_aa_sequences downloaded.
[2022-12-29T21:00:46.402-0300] {logging_mixin.py:137} INFO - Antibody_heavy_chain_aa_sequences.fasta saved.
[2022-12-29T21:00:48.422-0300] {logging_mixin.py:137} INFO - Antibody_light_chain_na_sequences downloaded.
[2022-12-29T21:00:48.423-0300] {logging_mixin.py:137} INFO - Antibody_light_chain_na_sequences.fasta saved.
[2022-12-29T21:00:49.759-0300] {logging_mixin.py:137} INFO - Antibody_light_chain_aa_sequences downloaded.
[2022-12-29T21:00:49.760-0300] {logging_mixin.py:137} INFO - Antibody_light_chain_aa_sequences.fasta saved.
[2022-12-29T21:00:52.327-0300] {logging_mixin.py:137} INFO - Viruses downloaded.
[2022-12-29T21:00:52.328-0300] {logging_mixin.py:137} INFO - Viruses.tsv saved.
[2022-12-29T21:01:09.487-0300] {logging_mixin.py:137} INFO - Virus_na_alignment downloaded.
[2022-12-29T21:01:09.497-0300] {logging_mixin.py:137} INFO - Virus_na_alignment.tsv saved.
[2022-12-29T21:01:16.514-0300] {logging_mixin.py:137} INFO - Virus_aa_alignment downloaded.
[2022-12-29T21:01:16.517-0300] {logging_mixin.py:137} INFO - Virus_aa_alignment.tsv saved.
[2022-12-29T21:01:16.517-0300] {python.py:177} INFO - Done. Returned value was: None
[2022-12-29T21:01:16.534-0300] {taskinstance.py:1327} INFO - Marking task as SUCCESS. dag_id=download_catnap, task_id=download_files, execution_date=20221229T000000, start_date=20221230T000001, end_date=20221230T000116
[2022-12-29T21:01:16.564-0300] {local_task_job.py:159} INFO - Task exited with return code 0
[2022-12-29T21:01:16.598-0300] {taskinstance.py:2582} INFO - 1 downstream tasks scheduled from follow-on schedule check
