[2022-12-29T17:29:59.774-0300] {taskinstance.py:1087} INFO - Dependencies all met for <TaskInstance: download_catnap.download_files scheduled__2022-12-09T00:00:00+00:00 [queued]>
[2022-12-29T17:29:59.790-0300] {taskinstance.py:1087} INFO - Dependencies all met for <TaskInstance: download_catnap.download_files scheduled__2022-12-09T00:00:00+00:00 [queued]>
[2022-12-29T17:29:59.790-0300] {taskinstance.py:1283} INFO - 
--------------------------------------------------------------------------------
[2022-12-29T17:29:59.790-0300] {taskinstance.py:1284} INFO - Starting attempt 1 of 1
[2022-12-29T17:29:59.790-0300] {taskinstance.py:1285} INFO - 
--------------------------------------------------------------------------------
[2022-12-29T17:29:59.807-0300] {taskinstance.py:1304} INFO - Executing <Task(PythonOperator): download_files> on 2022-12-09 00:00:00+00:00
[2022-12-29T17:29:59.812-0300] {standard_task_runner.py:55} INFO - Started process 29495 to run task
[2022-12-29T17:29:59.815-0300] {standard_task_runner.py:82} INFO - Running: ['***', 'tasks', 'run', 'download_catnap', 'download_files', 'scheduled__2022-12-09T00:00:00+00:00', '--job-id', '99', '--raw', '--subdir', 'DAGS_FOLDER/download_catnap.py', '--cfg-path', '/tmp/tmplsb8xly9']
[2022-12-29T17:29:59.816-0300] {standard_task_runner.py:83} INFO - Job 99: Subtask download_files
[2022-12-29T17:29:59.915-0300] {task_command.py:389} INFO - Running <TaskInstance: download_catnap.download_files scheduled__2022-12-09T00:00:00+00:00 [running]> on host kallo-Ubuntu
[2022-12-29T17:30:00.005-0300] {taskinstance.py:1513} INFO - Exporting the following env vars:
AIRFLOW_CTX_DAG_OWNER=admin
AIRFLOW_CTX_DAG_ID=download_catnap
AIRFLOW_CTX_TASK_ID=download_files
AIRFLOW_CTX_EXECUTION_DATE=2022-12-09T00:00:00+00:00
AIRFLOW_CTX_TRY_NUMBER=1
AIRFLOW_CTX_DAG_RUN_ID=scheduled__2022-12-09T00:00:00+00:00
[2022-12-29T17:30:37.843-0300] {logging_mixin.py:137} INFO - Assay downloaded.
[2022-12-29T17:30:37.867-0300] {logging_mixin.py:137} INFO - Assay.tsv saved.
[2022-12-29T17:30:39.520-0300] {logging_mixin.py:137} INFO - Antibodies downloaded.
[2022-12-29T17:30:39.521-0300] {logging_mixin.py:137} INFO - Antibodies.tsv saved.
[2022-12-29T17:30:40.647-0300] {logging_mixin.py:137} INFO - Antibodies_germlines downloaded.
[2022-12-29T17:30:40.648-0300] {logging_mixin.py:137} INFO - Antibodies_germlines.tsv saved.
[2022-12-29T17:30:42.497-0300] {logging_mixin.py:137} INFO - Antibody_heavy_chain_na_sequences downloaded.
[2022-12-29T17:30:42.498-0300] {logging_mixin.py:137} INFO - Antibody_heavy_chain_na_sequences.fasta saved.
[2022-12-29T17:30:43.955-0300] {logging_mixin.py:137} INFO - Antibody_heavy_chain_aa_sequences downloaded.
[2022-12-29T17:30:43.956-0300] {logging_mixin.py:137} INFO - Antibody_heavy_chain_aa_sequences.fasta saved.
[2022-12-29T17:30:45.597-0300] {logging_mixin.py:137} INFO - Antibody_light_chain_na_sequences downloaded.
[2022-12-29T17:30:45.598-0300] {logging_mixin.py:137} INFO - Antibody_light_chain_na_sequences.fasta saved.
[2022-12-29T17:30:47.018-0300] {logging_mixin.py:137} INFO - Antibody_light_chain_aa_sequences downloaded.
[2022-12-29T17:30:47.019-0300] {logging_mixin.py:137} INFO - Antibody_light_chain_aa_sequences.fasta saved.
[2022-12-29T17:30:49.304-0300] {logging_mixin.py:137} INFO - Viruses downloaded.
[2022-12-29T17:30:49.306-0300] {logging_mixin.py:137} INFO - Viruses.tsv saved.
[2022-12-29T17:31:05.241-0300] {logging_mixin.py:137} INFO - Virus_na_alignment downloaded.
[2022-12-29T17:31:05.250-0300] {logging_mixin.py:137} INFO - Virus_na_alignment.tsv saved.
[2022-12-29T17:31:11.616-0300] {logging_mixin.py:137} INFO - Virus_aa_alignment downloaded.
[2022-12-29T17:31:11.620-0300] {logging_mixin.py:137} INFO - Virus_aa_alignment.tsv saved.
[2022-12-29T17:31:11.621-0300] {python.py:177} INFO - Done. Returned value was: None
[2022-12-29T17:31:11.640-0300] {taskinstance.py:1327} INFO - Marking task as SUCCESS. dag_id=download_catnap, task_id=download_files, execution_date=20221209T000000, start_date=20221229T202959, end_date=20221229T203111
[2022-12-29T17:31:11.672-0300] {local_task_job.py:159} INFO - Task exited with return code 0
[2022-12-29T17:31:11.709-0300] {taskinstance.py:2582} INFO - 1 downstream tasks scheduled from follow-on schedule check
