[2023-01-06T16:17:26.446-0300] {taskinstance.py:1087} INFO - Dependencies all met for <TaskInstance: download_uniprot.download_files manual__2023-01-06T19:17:23.772339+00:00 [queued]>
[2023-01-06T16:17:26.461-0300] {taskinstance.py:1087} INFO - Dependencies all met for <TaskInstance: download_uniprot.download_files manual__2023-01-06T19:17:23.772339+00:00 [queued]>
[2023-01-06T16:17:26.462-0300] {taskinstance.py:1283} INFO - 
--------------------------------------------------------------------------------
[2023-01-06T16:17:26.462-0300] {taskinstance.py:1284} INFO - Starting attempt 1 of 1
[2023-01-06T16:17:26.462-0300] {taskinstance.py:1285} INFO - 
--------------------------------------------------------------------------------
[2023-01-06T16:17:26.486-0300] {taskinstance.py:1304} INFO - Executing <Task(PythonOperator): download_files> on 2023-01-06 19:17:23.772339+00:00
[2023-01-06T16:17:26.491-0300] {standard_task_runner.py:55} INFO - Started process 3687 to run task
[2023-01-06T16:17:26.495-0300] {standard_task_runner.py:82} INFO - Running: ['***', 'tasks', 'run', 'download_uniprot', 'download_files', 'manual__2023-01-06T19:17:23.772339+00:00', '--job-id', '268', '--raw', '--subdir', 'DAGS_FOLDER/download_uniprot.py', '--cfg-path', '/tmp/tmpmd0xx1mi']
[2023-01-06T16:17:26.496-0300] {standard_task_runner.py:83} INFO - Job 268: Subtask download_files
[2023-01-06T16:17:26.581-0300] {task_command.py:389} INFO - Running <TaskInstance: download_uniprot.download_files manual__2023-01-06T19:17:23.772339+00:00 [running]> on host kallo-Ubuntu
[2023-01-06T16:17:26.674-0300] {taskinstance.py:1513} INFO - Exporting the following env vars:
AIRFLOW_CTX_DAG_OWNER=Kallox
AIRFLOW_CTX_DAG_ID=download_uniprot
AIRFLOW_CTX_TASK_ID=download_files
AIRFLOW_CTX_EXECUTION_DATE=2023-01-06T19:17:23.772339+00:00
AIRFLOW_CTX_TRY_NUMBER=1
AIRFLOW_CTX_DAG_RUN_ID=manual__2023-01-06T19:17:23.772339+00:00
[2023-01-06T16:17:26.675-0300] {logging_mixin.py:137} INFO - /home/kallox/***
[2023-01-06T16:18:55.637-0300] {logging_mixin.py:137} INFO - antibody downloaded.
[2023-01-06T16:18:55.860-0300] {logging_mixin.py:137} INFO - antibody.json saved.
[2023-01-06T16:23:14.376-0300] {logging_mixin.py:137} INFO - abcd downloaded.
[2023-01-06T16:23:14.515-0300] {logging_mixin.py:137} INFO - abcd.json saved.
[2023-01-06T16:23:19.344-0300] {logging_mixin.py:137} INFO - imgtgene downloaded.
[2023-01-06T16:23:19.349-0300] {logging_mixin.py:137} INFO - imgtgene.json saved.
[2023-01-06T16:28:45.252-0300] {logging_mixin.py:137} INFO - antibodypedia downloaded.
[2023-01-06T16:28:47.053-0300] {logging_mixin.py:137} INFO - antibodypedia.json saved.
[2023-01-06T16:28:59.441-0300] {logging_mixin.py:137} INFO - cptc downloaded.
[2023-01-06T16:28:59.471-0300] {logging_mixin.py:137} INFO - cptc.json saved.
[2023-01-06T16:39:00.452-0300] {logging_mixin.py:137} INFO - antigen downloaded.
[2023-01-06T16:39:05.347-0300] {logging_mixin.py:137} INFO - antigen.json saved.
[2023-01-06T16:39:05.628-0300] {python.py:177} INFO - Done. Returned value was: None
[2023-01-06T16:39:05.793-0300] {taskinstance.py:1327} INFO - Marking task as SUCCESS. dag_id=download_uniprot, task_id=download_files, execution_date=20230106T191723, start_date=20230106T191726, end_date=20230106T193905
[2023-01-06T16:39:06.073-0300] {local_task_job.py:159} INFO - Task exited with return code 0
[2023-01-06T16:39:06.214-0300] {taskinstance.py:2582} INFO - 1 downstream tasks scheduled from follow-on schedule check
