[2022-12-29T17:30:01.834-0300] {taskinstance.py:1087} INFO - Dependencies all met for <TaskInstance: download_catnap.download_files scheduled__2022-12-19T00:00:00+00:00 [queued]>
[2022-12-29T17:30:01.846-0300] {taskinstance.py:1087} INFO - Dependencies all met for <TaskInstance: download_catnap.download_files scheduled__2022-12-19T00:00:00+00:00 [queued]>
[2022-12-29T17:30:01.846-0300] {taskinstance.py:1283} INFO - 
--------------------------------------------------------------------------------
[2022-12-29T17:30:01.847-0300] {taskinstance.py:1284} INFO - Starting attempt 1 of 1
[2022-12-29T17:30:01.847-0300] {taskinstance.py:1285} INFO - 
--------------------------------------------------------------------------------
[2022-12-29T17:30:01.859-0300] {taskinstance.py:1304} INFO - Executing <Task(PythonOperator): download_files> on 2022-12-19 00:00:00+00:00
[2022-12-29T17:30:01.863-0300] {standard_task_runner.py:55} INFO - Started process 29657 to run task
[2022-12-29T17:30:01.864-0300] {standard_task_runner.py:82} INFO - Running: ['***', 'tasks', 'run', 'download_catnap', 'download_files', 'scheduled__2022-12-19T00:00:00+00:00', '--job-id', '109', '--raw', '--subdir', 'DAGS_FOLDER/download_catnap.py', '--cfg-path', '/tmp/tmpo_6gpi9l']
[2022-12-29T17:30:01.865-0300] {standard_task_runner.py:83} INFO - Job 109: Subtask download_files
[2022-12-29T17:30:01.932-0300] {task_command.py:389} INFO - Running <TaskInstance: download_catnap.download_files scheduled__2022-12-19T00:00:00+00:00 [running]> on host kallo-Ubuntu
[2022-12-29T17:30:02.004-0300] {taskinstance.py:1513} INFO - Exporting the following env vars:
AIRFLOW_CTX_DAG_OWNER=admin
AIRFLOW_CTX_DAG_ID=download_catnap
AIRFLOW_CTX_TASK_ID=download_files
AIRFLOW_CTX_EXECUTION_DATE=2022-12-19T00:00:00+00:00
AIRFLOW_CTX_TRY_NUMBER=1
AIRFLOW_CTX_DAG_RUN_ID=scheduled__2022-12-19T00:00:00+00:00
[2022-12-29T17:30:38.721-0300] {logging_mixin.py:137} INFO - Assay downloaded.
[2022-12-29T17:30:38.732-0300] {logging_mixin.py:137} INFO - Assay.tsv saved.
[2022-12-29T17:30:40.202-0300] {logging_mixin.py:137} INFO - Antibodies downloaded.
[2022-12-29T17:30:40.203-0300] {logging_mixin.py:137} INFO - Antibodies.tsv saved.
[2022-12-29T17:30:41.335-0300] {logging_mixin.py:137} INFO - Antibodies_germlines downloaded.
[2022-12-29T17:30:41.335-0300] {logging_mixin.py:137} INFO - Antibodies_germlines.tsv saved.
[2022-12-29T17:30:43.147-0300] {logging_mixin.py:137} INFO - Antibody_heavy_chain_na_sequences downloaded.
[2022-12-29T17:30:43.147-0300] {logging_mixin.py:137} INFO - Antibody_heavy_chain_na_sequences.fasta saved.
[2022-12-29T17:30:44.564-0300] {logging_mixin.py:137} INFO - Antibody_heavy_chain_aa_sequences downloaded.
[2022-12-29T17:30:44.565-0300] {logging_mixin.py:137} INFO - Antibody_heavy_chain_aa_sequences.fasta saved.
[2022-12-29T17:30:46.157-0300] {logging_mixin.py:137} INFO - Antibody_light_chain_na_sequences downloaded.
[2022-12-29T17:30:46.158-0300] {logging_mixin.py:137} INFO - Antibody_light_chain_na_sequences.fasta saved.
[2022-12-29T17:30:47.535-0300] {logging_mixin.py:137} INFO - Antibody_light_chain_aa_sequences downloaded.
[2022-12-29T17:30:47.535-0300] {logging_mixin.py:137} INFO - Antibody_light_chain_aa_sequences.fasta saved.
[2022-12-29T17:30:49.560-0300] {logging_mixin.py:137} INFO - Viruses downloaded.
[2022-12-29T17:30:49.561-0300] {logging_mixin.py:137} INFO - Viruses.tsv saved.
[2022-12-29T17:31:06.180-0300] {logging_mixin.py:137} INFO - Virus_na_alignment downloaded.
[2022-12-29T17:31:06.186-0300] {logging_mixin.py:137} INFO - Virus_na_alignment.tsv saved.
[2022-12-29T17:31:12.703-0300] {logging_mixin.py:137} INFO - Virus_aa_alignment downloaded.
[2022-12-29T17:31:12.713-0300] {logging_mixin.py:137} INFO - Virus_aa_alignment.tsv saved.
[2022-12-29T17:31:12.713-0300] {python.py:177} INFO - Done. Returned value was: None
[2022-12-29T17:31:12.738-0300] {taskinstance.py:1327} INFO - Marking task as SUCCESS. dag_id=download_catnap, task_id=download_files, execution_date=20221219T000000, start_date=20221229T203001, end_date=20221229T203112
[2022-12-29T17:31:12.827-0300] {local_task_job.py:159} INFO - Task exited with return code 0
[2022-12-29T17:31:13.018-0300] {taskinstance.py:2582} INFO - 0 downstream tasks scheduled from follow-on schedule check
