[2023-02-14T23:10:58.555-0300] {taskinstance.py:1087} INFO - Dependencies all met for <TaskInstance: download_uniprot.download_files manual__2023-02-15T02:10:56.705877+00:00 [queued]>
[2023-02-14T23:10:58.566-0300] {taskinstance.py:1087} INFO - Dependencies all met for <TaskInstance: download_uniprot.download_files manual__2023-02-15T02:10:56.705877+00:00 [queued]>
[2023-02-14T23:10:58.566-0300] {taskinstance.py:1283} INFO - 
--------------------------------------------------------------------------------
[2023-02-14T23:10:58.567-0300] {taskinstance.py:1284} INFO - Starting attempt 1 of 1
[2023-02-14T23:10:58.567-0300] {taskinstance.py:1285} INFO - 
--------------------------------------------------------------------------------
[2023-02-14T23:10:58.577-0300] {taskinstance.py:1304} INFO - Executing <Task(PythonOperator): download_files> on 2023-02-15 02:10:56.705877+00:00
[2023-02-14T23:10:58.580-0300] {standard_task_runner.py:55} INFO - Started process 23861 to run task
[2023-02-14T23:10:58.583-0300] {standard_task_runner.py:82} INFO - Running: ['***', 'tasks', 'run', 'download_uniprot', 'download_files', 'manual__2023-02-15T02:10:56.705877+00:00', '--job-id', '402', '--raw', '--subdir', 'DAGS_FOLDER/download_uniprot.py', '--cfg-path', '/tmp/tmpb_fmc1q1']
[2023-02-14T23:10:58.584-0300] {standard_task_runner.py:83} INFO - Job 402: Subtask download_files
[2023-02-14T23:10:58.644-0300] {task_command.py:389} INFO - Running <TaskInstance: download_uniprot.download_files manual__2023-02-15T02:10:56.705877+00:00 [running]> on host kallo-Ubuntu
[2023-02-14T23:10:58.711-0300] {taskinstance.py:1513} INFO - Exporting the following env vars:
AIRFLOW_CTX_DAG_OWNER=Kallox
AIRFLOW_CTX_DAG_ID=download_uniprot
AIRFLOW_CTX_TASK_ID=download_files
AIRFLOW_CTX_EXECUTION_DATE=2023-02-15T02:10:56.705877+00:00
AIRFLOW_CTX_TRY_NUMBER=1
AIRFLOW_CTX_DAG_RUN_ID=manual__2023-02-15T02:10:56.705877+00:00
[2023-02-14T23:11:24.599-0300] {logging_mixin.py:137} INFO - antibody.json saved.
[2023-02-14T23:12:43.462-0300] {logging_mixin.py:137} INFO - abcd.json saved.
[2023-02-14T23:12:46.834-0300] {logging_mixin.py:137} INFO - imgtgene.json saved.
[2023-02-14T23:20:46.412-0300] {logging_mixin.py:137} INFO - antibodypedia.json saved.
[2023-02-14T23:20:57.460-0300] {logging_mixin.py:137} INFO - cptc.json saved.
[2023-02-14T23:24:12.437-0300] {logging_mixin.py:137} INFO - antigens.tsv saved.
[2023-02-14T23:24:12.437-0300] {python.py:177} INFO - Done. Returned value was: None
[2023-02-14T23:24:12.457-0300] {taskinstance.py:1327} INFO - Marking task as SUCCESS. dag_id=download_uniprot, task_id=download_files, execution_date=20230215T021056, start_date=20230215T021058, end_date=20230215T022412
[2023-02-14T23:24:12.580-0300] {local_task_job.py:159} INFO - Task exited with return code 0
[2023-02-14T23:24:12.635-0300] {taskinstance.py:2582} INFO - 1 downstream tasks scheduled from follow-on schedule check
