[2023-01-01T20:52:41.241-0300] {taskinstance.py:1087} INFO - Dependencies all met for <TaskInstance: get_interactions.string.download_files scheduled__2022-12-01T00:00:00+00:00 [queued]>
[2023-01-01T20:52:41.254-0300] {taskinstance.py:1087} INFO - Dependencies all met for <TaskInstance: get_interactions.string.download_files scheduled__2022-12-01T00:00:00+00:00 [queued]>
[2023-01-01T20:52:41.254-0300] {taskinstance.py:1283} INFO - 
--------------------------------------------------------------------------------
[2023-01-01T20:52:41.254-0300] {taskinstance.py:1284} INFO - Starting attempt 1 of 1
[2023-01-01T20:52:41.255-0300] {taskinstance.py:1285} INFO - 
--------------------------------------------------------------------------------
[2023-01-01T20:52:41.274-0300] {taskinstance.py:1304} INFO - Executing <Task(PythonOperator): string.download_files> on 2022-12-01 00:00:00+00:00
[2023-01-01T20:52:41.278-0300] {standard_task_runner.py:55} INFO - Started process 9998 to run task
[2023-01-01T20:52:41.280-0300] {standard_task_runner.py:82} INFO - Running: ['***', 'tasks', 'run', 'get_interactions', 'string.download_files', 'scheduled__2022-12-01T00:00:00+00:00', '--job-id', '159', '--raw', '--subdir', 'DAGS_FOLDER/get_interactions.py', '--cfg-path', '/tmp/tmp6bqnji5r']
[2023-01-01T20:52:41.281-0300] {standard_task_runner.py:83} INFO - Job 159: Subtask string.download_files
[2023-01-01T20:52:41.356-0300] {task_command.py:389} INFO - Running <TaskInstance: get_interactions.string.download_files scheduled__2022-12-01T00:00:00+00:00 [running]> on host kallo-Ubuntu
[2023-01-01T20:52:41.435-0300] {taskinstance.py:1513} INFO - Exporting the following env vars:
AIRFLOW_CTX_DAG_OWNER=Kallox
AIRFLOW_CTX_DAG_ID=get_interactions
AIRFLOW_CTX_TASK_ID=string.download_files
AIRFLOW_CTX_EXECUTION_DATE=2022-12-01T00:00:00+00:00
AIRFLOW_CTX_TRY_NUMBER=1
AIRFLOW_CTX_DAG_RUN_ID=scheduled__2022-12-01T00:00:00+00:00
[2023-01-01T20:52:44.032-0300] {logging_mixin.py:137} INFO - 0
[2023-01-01T20:52:45.077-0300] {logging_mixin.py:137} INFO - 1
[2023-01-01T20:53:11.818-0300] {local_task_job.py:224} WARNING - State of this instance has been externally set to failed. Terminating instance.
[2023-01-01T20:53:11.827-0300] {process_utils.py:133} INFO - Sending Signals.SIGTERM to group 9998. PIDs of all processes in the group: [9998]
[2023-01-01T20:53:11.828-0300] {process_utils.py:84} INFO - Sending the signal Signals.SIGTERM to group 9998
[2023-01-01T20:53:11.828-0300] {taskinstance.py:1483} ERROR - Received SIGTERM. Terminating subprocesses.
[2023-01-01T20:53:11.880-0300] {process_utils.py:79} INFO - Process psutil.Process(pid=9998, status='terminated', exitcode=0, started='20:52:40') (9998) terminated with exit code 0
