[2023-01-20T19:21:39.507-0300] {taskinstance.py:1087} INFO - Dependencies all met for <TaskInstance: download_catnap.download_files scheduled__2023-01-14T00:00:00+00:00 [queued]>
[2023-01-20T19:21:39.528-0300] {taskinstance.py:1087} INFO - Dependencies all met for <TaskInstance: download_catnap.download_files scheduled__2023-01-14T00:00:00+00:00 [queued]>
[2023-01-20T19:21:39.528-0300] {taskinstance.py:1283} INFO - 
--------------------------------------------------------------------------------
[2023-01-20T19:21:39.528-0300] {taskinstance.py:1284} INFO - Starting attempt 1 of 1
[2023-01-20T19:21:39.529-0300] {taskinstance.py:1285} INFO - 
--------------------------------------------------------------------------------
[2023-01-20T19:21:39.545-0300] {taskinstance.py:1304} INFO - Executing <Task(PythonOperator): download_files> on 2023-01-14 00:00:00+00:00
[2023-01-20T19:21:39.549-0300] {standard_task_runner.py:55} INFO - Started process 6257 to run task
[2023-01-20T19:21:39.551-0300] {standard_task_runner.py:82} INFO - Running: ['***', 'tasks', 'run', 'download_catnap', 'download_files', 'scheduled__2023-01-14T00:00:00+00:00', '--job-id', '294', '--raw', '--subdir', 'DAGS_FOLDER/download_catnap.py', '--cfg-path', '/tmp/tmplgaiho3k']
[2023-01-20T19:21:39.552-0300] {standard_task_runner.py:83} INFO - Job 294: Subtask download_files
[2023-01-20T19:21:39.627-0300] {task_command.py:389} INFO - Running <TaskInstance: download_catnap.download_files scheduled__2023-01-14T00:00:00+00:00 [running]> on host kallo-Ubuntu
[2023-01-20T19:21:39.719-0300] {taskinstance.py:1513} INFO - Exporting the following env vars:
AIRFLOW_CTX_DAG_OWNER=admin
AIRFLOW_CTX_DAG_ID=download_catnap
AIRFLOW_CTX_TASK_ID=download_files
AIRFLOW_CTX_EXECUTION_DATE=2023-01-14T00:00:00+00:00
AIRFLOW_CTX_TRY_NUMBER=1
AIRFLOW_CTX_DAG_RUN_ID=scheduled__2023-01-14T00:00:00+00:00
[2023-01-20T19:22:19.313-0300] {logging_mixin.py:137} INFO - Assay downloaded.
[2023-01-20T19:22:19.329-0300] {logging_mixin.py:137} INFO - Assay.tsv saved.
[2023-01-20T19:22:20.758-0300] {logging_mixin.py:137} INFO - Antibodies downloaded.
[2023-01-20T19:22:20.758-0300] {logging_mixin.py:137} INFO - Antibodies.tsv saved.
[2023-01-20T19:22:22.033-0300] {logging_mixin.py:137} INFO - Antibodies_germlines downloaded.
[2023-01-20T19:22:22.034-0300] {logging_mixin.py:137} INFO - Antibodies_germlines.tsv saved.
[2023-01-20T19:22:23.691-0300] {logging_mixin.py:137} INFO - Antibody_heavy_chain_na_sequences downloaded.
[2023-01-20T19:22:23.693-0300] {logging_mixin.py:137} INFO - Antibody_heavy_chain_na_sequences.fasta saved.
[2023-01-20T19:22:25.106-0300] {logging_mixin.py:137} INFO - Antibody_heavy_chain_aa_sequences downloaded.
[2023-01-20T19:22:25.107-0300] {logging_mixin.py:137} INFO - Antibody_heavy_chain_aa_sequences.fasta saved.
[2023-01-20T19:22:27.013-0300] {logging_mixin.py:137} INFO - Antibody_light_chain_na_sequences downloaded.
[2023-01-20T19:22:27.013-0300] {logging_mixin.py:137} INFO - Antibody_light_chain_na_sequences.fasta saved.
[2023-01-20T19:22:28.584-0300] {logging_mixin.py:137} INFO - Antibody_light_chain_aa_sequences downloaded.
[2023-01-20T19:22:28.585-0300] {logging_mixin.py:137} INFO - Antibody_light_chain_aa_sequences.fasta saved.
[2023-01-20T19:22:30.366-0300] {logging_mixin.py:137} INFO - Viruses downloaded.
[2023-01-20T19:22:30.367-0300] {logging_mixin.py:137} INFO - Viruses.tsv saved.
[2023-01-20T19:22:51.260-0300] {logging_mixin.py:137} INFO - Virus_na_alignment downloaded.
[2023-01-20T19:22:51.268-0300] {logging_mixin.py:137} INFO - Virus_na_alignment.tsv saved.
[2023-01-20T19:22:58.828-0300] {logging_mixin.py:137} INFO - Virus_aa_alignment downloaded.
[2023-01-20T19:22:58.831-0300] {logging_mixin.py:137} INFO - Virus_aa_alignment.tsv saved.
[2023-01-20T19:22:58.831-0300] {python.py:177} INFO - Done. Returned value was: None
[2023-01-20T19:22:58.845-0300] {taskinstance.py:1327} INFO - Marking task as SUCCESS. dag_id=download_catnap, task_id=download_files, execution_date=20230114T000000, start_date=20230120T222139, end_date=20230120T222258
[2023-01-20T19:22:58.909-0300] {local_task_job.py:159} INFO - Task exited with return code 0
[2023-01-20T19:22:58.934-0300] {taskinstance.py:2582} INFO - 1 downstream tasks scheduled from follow-on schedule check
