[2023-01-04T19:05:40.478-0300] {taskinstance.py:1087} INFO - Dependencies all met for <TaskInstance: get_epitopes.hiv_midb manual__2023-01-04T22:05:38.674543+00:00 [queued]>
[2023-01-04T19:05:40.491-0300] {taskinstance.py:1087} INFO - Dependencies all met for <TaskInstance: get_epitopes.hiv_midb manual__2023-01-04T22:05:38.674543+00:00 [queued]>
[2023-01-04T19:05:40.491-0300] {taskinstance.py:1283} INFO - 
--------------------------------------------------------------------------------
[2023-01-04T19:05:40.492-0300] {taskinstance.py:1284} INFO - Starting attempt 1 of 1
[2023-01-04T19:05:40.492-0300] {taskinstance.py:1285} INFO - 
--------------------------------------------------------------------------------
[2023-01-04T19:05:40.512-0300] {taskinstance.py:1304} INFO - Executing <Task(PythonOperator): hiv_midb> on 2023-01-04 22:05:38.674543+00:00
[2023-01-04T19:05:40.516-0300] {standard_task_runner.py:55} INFO - Started process 5999 to run task
[2023-01-04T19:05:40.519-0300] {standard_task_runner.py:82} INFO - Running: ['***', 'tasks', 'run', 'get_epitopes', 'hiv_midb', 'manual__2023-01-04T22:05:38.674543+00:00', '--job-id', '239', '--raw', '--subdir', 'DAGS_FOLDER/get_epitopes.py', '--cfg-path', '/tmp/tmpw5ei15sc']
[2023-01-04T19:05:40.520-0300] {standard_task_runner.py:83} INFO - Job 239: Subtask hiv_midb
[2023-01-04T19:05:40.598-0300] {task_command.py:389} INFO - Running <TaskInstance: get_epitopes.hiv_midb manual__2023-01-04T22:05:38.674543+00:00 [running]> on host kallo-Ubuntu
[2023-01-04T19:05:40.678-0300] {taskinstance.py:1513} INFO - Exporting the following env vars:
AIRFLOW_CTX_DAG_OWNER=Kallox
AIRFLOW_CTX_DAG_ID=get_epitopes
AIRFLOW_CTX_TASK_ID=hiv_midb
AIRFLOW_CTX_EXECUTION_DATE=2023-01-04T22:05:38.674543+00:00
AIRFLOW_CTX_TRY_NUMBER=1
AIRFLOW_CTX_DAG_RUN_ID=manual__2023-01-04T22:05:38.674543+00:00
[2023-01-04T19:05:40.688-0300] {python.py:177} INFO - Done. Returned value was: None
[2023-01-04T19:05:40.700-0300] {taskinstance.py:1327} INFO - Marking task as SUCCESS. dag_id=get_epitopes, task_id=hiv_midb, execution_date=20230104T220538, start_date=20230104T220540, end_date=20230104T220540
[2023-01-04T19:05:40.729-0300] {local_task_job.py:159} INFO - Task exited with return code 0
[2023-01-04T19:05:40.764-0300] {taskinstance.py:2582} INFO - 1 downstream tasks scheduled from follow-on schedule check
