[2023-01-04T22:25:38.321-0300] {taskinstance.py:1087} INFO - Dependencies all met for <TaskInstance: download_covabdab.extract_files manual__2023-01-05T01:25:30.072570+00:00 [queued]>
[2023-01-04T22:25:38.338-0300] {taskinstance.py:1087} INFO - Dependencies all met for <TaskInstance: download_covabdab.extract_files manual__2023-01-05T01:25:30.072570+00:00 [queued]>
[2023-01-04T22:25:38.338-0300] {taskinstance.py:1283} INFO - 
--------------------------------------------------------------------------------
[2023-01-04T22:25:38.338-0300] {taskinstance.py:1284} INFO - Starting attempt 1 of 1
[2023-01-04T22:25:38.338-0300] {taskinstance.py:1285} INFO - 
--------------------------------------------------------------------------------
[2023-01-04T22:25:38.354-0300] {taskinstance.py:1304} INFO - Executing <Task(PythonOperator): extract_files> on 2023-01-05 01:25:30.072570+00:00
[2023-01-04T22:25:38.360-0300] {standard_task_runner.py:55} INFO - Started process 8891 to run task
[2023-01-04T22:25:38.361-0300] {standard_task_runner.py:82} INFO - Running: ['***', 'tasks', 'run', 'download_covabdab', 'extract_files', 'manual__2023-01-05T01:25:30.072570+00:00', '--job-id', '256', '--raw', '--subdir', 'DAGS_FOLDER/download_covabdab.py', '--cfg-path', '/tmp/tmp1k6n8429']
[2023-01-04T22:25:38.362-0300] {standard_task_runner.py:83} INFO - Job 256: Subtask extract_files
[2023-01-04T22:25:38.441-0300] {task_command.py:389} INFO - Running <TaskInstance: download_covabdab.extract_files manual__2023-01-05T01:25:30.072570+00:00 [running]> on host kallo-Ubuntu
[2023-01-04T22:25:38.523-0300] {taskinstance.py:1513} INFO - Exporting the following env vars:
AIRFLOW_CTX_DAG_OWNER=Kallox
AIRFLOW_CTX_DAG_ID=download_covabdab
AIRFLOW_CTX_TASK_ID=extract_files
AIRFLOW_CTX_EXECUTION_DATE=2023-01-05T01:25:30.072570+00:00
AIRFLOW_CTX_TRY_NUMBER=1
AIRFLOW_CTX_DAG_RUN_ID=manual__2023-01-05T01:25:30.072570+00:00
[2023-01-04T22:25:38.777-0300] {python.py:177} INFO - Done. Returned value was: None
[2023-01-04T22:25:38.792-0300] {taskinstance.py:1327} INFO - Marking task as SUCCESS. dag_id=download_covabdab, task_id=extract_files, execution_date=20230105T012530, start_date=20230105T012538, end_date=20230105T012538
[2023-01-04T22:25:38.814-0300] {local_task_job.py:159} INFO - Task exited with return code 0
[2023-01-04T22:25:38.844-0300] {taskinstance.py:2582} INFO - 1 downstream tasks scheduled from follow-on schedule check
