[2023-01-23T14:32:37.216-0300] {taskinstance.py:1087} INFO - Dependencies all met for <TaskInstance: get_antigens.iedb.drop_columns_antigens manual__2023-01-23T17:32:31.797377+00:00 [queued]>
[2023-01-23T14:32:37.228-0300] {taskinstance.py:1087} INFO - Dependencies all met for <TaskInstance: get_antigens.iedb.drop_columns_antigens manual__2023-01-23T17:32:31.797377+00:00 [queued]>
[2023-01-23T14:32:37.228-0300] {taskinstance.py:1283} INFO - 
--------------------------------------------------------------------------------
[2023-01-23T14:32:37.229-0300] {taskinstance.py:1284} INFO - Starting attempt 1 of 1
[2023-01-23T14:32:37.229-0300] {taskinstance.py:1285} INFO - 
--------------------------------------------------------------------------------
[2023-01-23T14:32:37.241-0300] {taskinstance.py:1304} INFO - Executing <Task(PythonOperator): iedb.drop_columns_antigens> on 2023-01-23 17:32:31.797377+00:00
[2023-01-23T14:32:37.244-0300] {standard_task_runner.py:55} INFO - Started process 6093 to run task
[2023-01-23T14:32:37.248-0300] {standard_task_runner.py:82} INFO - Running: ['***', 'tasks', 'run', 'get_antigens', 'iedb.drop_columns_antigens', 'manual__2023-01-23T17:32:31.797377+00:00', '--job-id', '343', '--raw', '--subdir', 'DAGS_FOLDER/get_antigens.py', '--cfg-path', '/tmp/tmpl_ogc6cf']
[2023-01-23T14:32:37.249-0300] {standard_task_runner.py:83} INFO - Job 343: Subtask iedb.drop_columns_antigens
[2023-01-23T14:32:37.322-0300] {task_command.py:389} INFO - Running <TaskInstance: get_antigens.iedb.drop_columns_antigens manual__2023-01-23T17:32:31.797377+00:00 [running]> on host kallo-Ubuntu
[2023-01-23T14:32:37.402-0300] {taskinstance.py:1513} INFO - Exporting the following env vars:
AIRFLOW_CTX_DAG_OWNER=Kallox
AIRFLOW_CTX_DAG_ID=get_antigens
AIRFLOW_CTX_TASK_ID=iedb.drop_columns_antigens
AIRFLOW_CTX_EXECUTION_DATE=2023-01-23T17:32:31.797377+00:00
AIRFLOW_CTX_TRY_NUMBER=1
AIRFLOW_CTX_DAG_RUN_ID=manual__2023-01-23T17:32:31.797377+00:00
[2023-01-23T14:32:37.730-0300] {python.py:177} INFO - Done. Returned value was: None
[2023-01-23T14:32:37.745-0300] {taskinstance.py:1327} INFO - Marking task as SUCCESS. dag_id=get_antigens, task_id=iedb.drop_columns_antigens, execution_date=20230123T173231, start_date=20230123T173237, end_date=20230123T173237
[2023-01-23T14:32:37.779-0300] {local_task_job.py:159} INFO - Task exited with return code 0
[2023-01-23T14:32:37.838-0300] {taskinstance.py:2582} INFO - 1 downstream tasks scheduled from follow-on schedule check
