[2023-01-04T19:05:42.113-0300] {taskinstance.py:1087} INFO - Dependencies all met for <TaskInstance: get_epitopes.iedb manual__2023-01-04T22:05:38.674543+00:00 [queued]>
[2023-01-04T19:05:42.126-0300] {taskinstance.py:1087} INFO - Dependencies all met for <TaskInstance: get_epitopes.iedb manual__2023-01-04T22:05:38.674543+00:00 [queued]>
[2023-01-04T19:05:42.126-0300] {taskinstance.py:1283} INFO - 
--------------------------------------------------------------------------------
[2023-01-04T19:05:42.126-0300] {taskinstance.py:1284} INFO - Starting attempt 1 of 1
[2023-01-04T19:05:42.126-0300] {taskinstance.py:1285} INFO - 
--------------------------------------------------------------------------------
[2023-01-04T19:05:42.139-0300] {taskinstance.py:1304} INFO - Executing <Task(PythonOperator): iedb> on 2023-01-04 22:05:38.674543+00:00
[2023-01-04T19:05:42.142-0300] {standard_task_runner.py:55} INFO - Started process 6065 to run task
[2023-01-04T19:05:42.146-0300] {standard_task_runner.py:82} INFO - Running: ['***', 'tasks', 'run', 'get_epitopes', 'iedb', 'manual__2023-01-04T22:05:38.674543+00:00', '--job-id', '240', '--raw', '--subdir', 'DAGS_FOLDER/get_epitopes.py', '--cfg-path', '/tmp/tmpi9tn6654']
[2023-01-04T19:05:42.147-0300] {standard_task_runner.py:83} INFO - Job 240: Subtask iedb
[2023-01-04T19:05:42.223-0300] {task_command.py:389} INFO - Running <TaskInstance: get_epitopes.iedb manual__2023-01-04T22:05:38.674543+00:00 [running]> on host kallo-Ubuntu
[2023-01-04T19:05:42.308-0300] {taskinstance.py:1513} INFO - Exporting the following env vars:
AIRFLOW_CTX_DAG_OWNER=Kallox
AIRFLOW_CTX_DAG_ID=get_epitopes
AIRFLOW_CTX_TASK_ID=iedb
AIRFLOW_CTX_EXECUTION_DATE=2023-01-04T22:05:38.674543+00:00
AIRFLOW_CTX_TRY_NUMBER=1
AIRFLOW_CTX_DAG_RUN_ID=manual__2023-01-04T22:05:38.674543+00:00
[2023-01-04T19:05:54.747-0300] {logging_mixin.py:137} WARNING - /home/kallox/anaconda3/envs/***/lib/python3.7/site-packages/***/operators/python.py:192 DtypeWarning: Columns (3,4,7,8,17,18,19,20,23,24,25,26,27,28,29,30,31,32) have mixed types.Specify dtype option on import or set low_memory=False.
[2023-01-04T19:05:59.862-0300] {python.py:177} INFO - Done. Returned value was: None
[2023-01-04T19:05:59.873-0300] {taskinstance.py:1327} INFO - Marking task as SUCCESS. dag_id=get_epitopes, task_id=iedb, execution_date=20230104T220538, start_date=20230104T220542, end_date=20230104T220559
[2023-01-04T19:05:59.955-0300] {local_task_job.py:159} INFO - Task exited with return code 0
[2023-01-04T19:05:59.990-0300] {taskinstance.py:2582} INFO - 1 downstream tasks scheduled from follow-on schedule check
