[2023-01-01T22:27:15.265-0300] {taskinstance.py:1087} INFO - Dependencies all met for <TaskInstance: get_interactions.join_interactions manual__2023-01-02T01:18:40.037126+00:00 [queued]>
[2023-01-01T22:27:15.277-0300] {taskinstance.py:1087} INFO - Dependencies all met for <TaskInstance: get_interactions.join_interactions manual__2023-01-02T01:18:40.037126+00:00 [queued]>
[2023-01-01T22:27:15.278-0300] {taskinstance.py:1283} INFO - 
--------------------------------------------------------------------------------
[2023-01-01T22:27:15.278-0300] {taskinstance.py:1284} INFO - Starting attempt 1 of 1
[2023-01-01T22:27:15.278-0300] {taskinstance.py:1285} INFO - 
--------------------------------------------------------------------------------
[2023-01-01T22:27:15.291-0300] {taskinstance.py:1304} INFO - Executing <Task(PythonOperator): join_interactions> on 2023-01-02 01:18:40.037126+00:00
[2023-01-01T22:27:15.296-0300] {standard_task_runner.py:55} INFO - Started process 28095 to run task
[2023-01-01T22:27:15.299-0300] {standard_task_runner.py:82} INFO - Running: ['***', 'tasks', 'run', 'get_interactions', 'join_interactions', 'manual__2023-01-02T01:18:40.037126+00:00', '--job-id', '209', '--raw', '--subdir', 'DAGS_FOLDER/get_interactions.py', '--cfg-path', '/tmp/tmpj9wo3_f4']
[2023-01-01T22:27:15.300-0300] {standard_task_runner.py:83} INFO - Job 209: Subtask join_interactions
[2023-01-01T22:27:15.370-0300] {task_command.py:389} INFO - Running <TaskInstance: get_interactions.join_interactions manual__2023-01-02T01:18:40.037126+00:00 [running]> on host kallo-Ubuntu
[2023-01-01T22:27:15.444-0300] {taskinstance.py:1513} INFO - Exporting the following env vars:
AIRFLOW_CTX_DAG_OWNER=Kallox
AIRFLOW_CTX_DAG_ID=get_interactions
AIRFLOW_CTX_TASK_ID=join_interactions
AIRFLOW_CTX_EXECUTION_DATE=2023-01-02T01:18:40.037126+00:00
AIRFLOW_CTX_TRY_NUMBER=1
AIRFLOW_CTX_DAG_RUN_ID=manual__2023-01-02T01:18:40.037126+00:00
[2023-01-01T22:27:15.459-0300] {python.py:177} INFO - Done. Returned value was: None
[2023-01-01T22:27:15.472-0300] {taskinstance.py:1327} INFO - Marking task as SUCCESS. dag_id=get_interactions, task_id=join_interactions, execution_date=20230102T011840, start_date=20230102T012715, end_date=20230102T012715
[2023-01-01T22:27:15.509-0300] {local_task_job.py:159} INFO - Task exited with return code 0
[2023-01-01T22:27:15.543-0300] {taskinstance.py:2582} INFO - 1 downstream tasks scheduled from follow-on schedule check
