[2022-12-29T17:27:02.107-0300] {taskinstance.py:1087} INFO - Dependencies all met for <TaskInstance: download_catnap.download_files scheduled__2022-11-12T00:00:00+00:00 [queued]>
[2022-12-29T17:27:02.132-0300] {taskinstance.py:1087} INFO - Dependencies all met for <TaskInstance: download_catnap.download_files scheduled__2022-11-12T00:00:00+00:00 [queued]>
[2022-12-29T17:27:02.132-0300] {taskinstance.py:1283} INFO - 
--------------------------------------------------------------------------------
[2022-12-29T17:27:02.132-0300] {taskinstance.py:1284} INFO - Starting attempt 1 of 1
[2022-12-29T17:27:02.132-0300] {taskinstance.py:1285} INFO - 
--------------------------------------------------------------------------------
[2022-12-29T17:27:02.156-0300] {taskinstance.py:1304} INFO - Executing <Task(PythonOperator): download_files> on 2022-11-12 00:00:00+00:00
[2022-12-29T17:27:02.164-0300] {standard_task_runner.py:55} INFO - Started process 25243 to run task
[2022-12-29T17:27:02.167-0300] {standard_task_runner.py:82} INFO - Running: ['***', 'tasks', 'run', 'download_catnap', 'download_files', 'scheduled__2022-11-12T00:00:00+00:00', '--job-id', '42', '--raw', '--subdir', 'DAGS_FOLDER/download_catnap.py', '--cfg-path', '/tmp/tmp7z68q_6s']
[2022-12-29T17:27:02.168-0300] {standard_task_runner.py:83} INFO - Job 42: Subtask download_files
[2022-12-29T17:27:02.310-0300] {task_command.py:389} INFO - Running <TaskInstance: download_catnap.download_files scheduled__2022-11-12T00:00:00+00:00 [running]> on host kallo-Ubuntu
[2022-12-29T17:27:02.473-0300] {taskinstance.py:1513} INFO - Exporting the following env vars:
AIRFLOW_CTX_DAG_OWNER=admin
AIRFLOW_CTX_DAG_ID=download_catnap
AIRFLOW_CTX_TASK_ID=download_files
AIRFLOW_CTX_EXECUTION_DATE=2022-11-12T00:00:00+00:00
AIRFLOW_CTX_TRY_NUMBER=1
AIRFLOW_CTX_DAG_RUN_ID=scheduled__2022-11-12T00:00:00+00:00
[2022-12-29T17:27:39.444-0300] {logging_mixin.py:137} INFO - Assay downloaded.
[2022-12-29T17:27:39.454-0300] {logging_mixin.py:137} INFO - Assay.tsv saved.
[2022-12-29T17:27:41.032-0300] {logging_mixin.py:137} INFO - Antibodies downloaded.
[2022-12-29T17:27:41.033-0300] {logging_mixin.py:137} INFO - Antibodies.tsv saved.
[2022-12-29T17:27:42.459-0300] {logging_mixin.py:137} INFO - Antibodies_germlines downloaded.
[2022-12-29T17:27:42.460-0300] {logging_mixin.py:137} INFO - Antibodies_germlines.tsv saved.
[2022-12-29T17:27:44.106-0300] {logging_mixin.py:137} INFO - Antibody_heavy_chain_na_sequences downloaded.
[2022-12-29T17:27:44.107-0300] {logging_mixin.py:137} INFO - Antibody_heavy_chain_na_sequences.fasta saved.
[2022-12-29T17:27:45.551-0300] {logging_mixin.py:137} INFO - Antibody_heavy_chain_aa_sequences downloaded.
[2022-12-29T17:27:45.552-0300] {logging_mixin.py:137} INFO - Antibody_heavy_chain_aa_sequences.fasta saved.
[2022-12-29T17:27:47.381-0300] {logging_mixin.py:137} INFO - Antibody_light_chain_na_sequences downloaded.
[2022-12-29T17:27:47.382-0300] {logging_mixin.py:137} INFO - Antibody_light_chain_na_sequences.fasta saved.
[2022-12-29T17:27:48.807-0300] {logging_mixin.py:137} INFO - Antibody_light_chain_aa_sequences downloaded.
[2022-12-29T17:27:48.808-0300] {logging_mixin.py:137} INFO - Antibody_light_chain_aa_sequences.fasta saved.
[2022-12-29T17:27:50.811-0300] {logging_mixin.py:137} INFO - Viruses downloaded.
[2022-12-29T17:27:50.812-0300] {logging_mixin.py:137} INFO - Viruses.tsv saved.
[2022-12-29T17:28:07.996-0300] {logging_mixin.py:137} INFO - Virus_na_alignment downloaded.
[2022-12-29T17:28:08.005-0300] {logging_mixin.py:137} INFO - Virus_na_alignment.tsv saved.
[2022-12-29T17:28:14.260-0300] {logging_mixin.py:137} INFO - Virus_aa_alignment downloaded.
[2022-12-29T17:28:14.265-0300] {logging_mixin.py:137} INFO - Virus_aa_alignment.tsv saved.
[2022-12-29T17:28:14.266-0300] {python.py:177} INFO - Done. Returned value was: None
[2022-12-29T17:28:14.286-0300] {taskinstance.py:1327} INFO - Marking task as SUCCESS. dag_id=download_catnap, task_id=download_files, execution_date=20221112T000000, start_date=20221229T202702, end_date=20221229T202814
[2022-12-29T17:28:14.553-0300] {local_task_job.py:159} INFO - Task exited with return code 0
[2022-12-29T17:28:14.609-0300] {taskinstance.py:2582} INFO - 1 downstream tasks scheduled from follow-on schedule check
