[2022-12-29T17:31:14.608-0300] {taskinstance.py:1087} INFO - Dependencies all met for <TaskInstance: download_catnap.extract_files scheduled__2022-12-15T00:00:00+00:00 [queued]>
[2022-12-29T17:31:14.630-0300] {taskinstance.py:1087} INFO - Dependencies all met for <TaskInstance: download_catnap.extract_files scheduled__2022-12-15T00:00:00+00:00 [queued]>
[2022-12-29T17:31:14.631-0300] {taskinstance.py:1283} INFO - 
--------------------------------------------------------------------------------
[2022-12-29T17:31:14.631-0300] {taskinstance.py:1284} INFO - Starting attempt 1 of 1
[2022-12-29T17:31:14.631-0300] {taskinstance.py:1285} INFO - 
--------------------------------------------------------------------------------
[2022-12-29T17:31:14.729-0300] {taskinstance.py:1304} INFO - Executing <Task(PythonOperator): extract_files> on 2022-12-15 00:00:00+00:00
[2022-12-29T17:31:14.736-0300] {standard_task_runner.py:55} INFO - Started process 31539 to run task
[2022-12-29T17:31:14.739-0300] {standard_task_runner.py:82} INFO - Running: ['***', 'tasks', 'run', 'download_catnap', 'extract_files', 'scheduled__2022-12-15T00:00:00+00:00', '--job-id', '124', '--raw', '--subdir', 'DAGS_FOLDER/download_catnap.py', '--cfg-path', '/tmp/tmpexpoqadc']
[2022-12-29T17:31:14.740-0300] {standard_task_runner.py:83} INFO - Job 124: Subtask extract_files
[2022-12-29T17:31:14.857-0300] {task_command.py:389} INFO - Running <TaskInstance: download_catnap.extract_files scheduled__2022-12-15T00:00:00+00:00 [running]> on host kallo-Ubuntu
[2022-12-29T17:31:14.959-0300] {taskinstance.py:1513} INFO - Exporting the following env vars:
AIRFLOW_CTX_DAG_OWNER=admin
AIRFLOW_CTX_DAG_ID=download_catnap
AIRFLOW_CTX_TASK_ID=extract_files
AIRFLOW_CTX_EXECUTION_DATE=2022-12-15T00:00:00+00:00
AIRFLOW_CTX_TRY_NUMBER=1
AIRFLOW_CTX_DAG_RUN_ID=scheduled__2022-12-15T00:00:00+00:00
[2022-12-29T17:31:16.494-0300] {python.py:177} INFO - Done. Returned value was: None
[2022-12-29T17:31:16.505-0300] {taskinstance.py:1327} INFO - Marking task as SUCCESS. dag_id=download_catnap, task_id=extract_files, execution_date=20221215T000000, start_date=20221229T203114, end_date=20221229T203116
[2022-12-29T17:31:16.561-0300] {local_task_job.py:159} INFO - Task exited with return code 0
[2022-12-29T17:31:16.582-0300] {taskinstance.py:2582} INFO - 1 downstream tasks scheduled from follow-on schedule check
