[2023-01-01T22:18:41.563-0300] {taskinstance.py:1087} INFO - Dependencies all met for <TaskInstance: get_interactions.string.string_get_uniprot_ids manual__2023-01-02T01:18:40.037126+00:00 [queued]>
[2023-01-01T22:18:41.576-0300] {taskinstance.py:1087} INFO - Dependencies all met for <TaskInstance: get_interactions.string.string_get_uniprot_ids manual__2023-01-02T01:18:40.037126+00:00 [queued]>
[2023-01-01T22:18:41.576-0300] {taskinstance.py:1283} INFO - 
--------------------------------------------------------------------------------
[2023-01-01T22:18:41.576-0300] {taskinstance.py:1284} INFO - Starting attempt 1 of 1
[2023-01-01T22:18:41.576-0300] {taskinstance.py:1285} INFO - 
--------------------------------------------------------------------------------
[2023-01-01T22:18:41.590-0300] {taskinstance.py:1304} INFO - Executing <Task(PythonOperator): string.string_get_uniprot_ids> on 2023-01-02 01:18:40.037126+00:00
[2023-01-01T22:18:41.594-0300] {standard_task_runner.py:55} INFO - Started process 26338 to run task
[2023-01-01T22:18:41.596-0300] {standard_task_runner.py:82} INFO - Running: ['***', 'tasks', 'run', 'get_interactions', 'string.string_get_uniprot_ids', 'manual__2023-01-02T01:18:40.037126+00:00', '--job-id', '204', '--raw', '--subdir', 'DAGS_FOLDER/get_interactions.py', '--cfg-path', '/tmp/tmpw_hy7vst']
[2023-01-01T22:18:41.597-0300] {standard_task_runner.py:83} INFO - Job 204: Subtask string.string_get_uniprot_ids
[2023-01-01T22:18:41.668-0300] {task_command.py:389} INFO - Running <TaskInstance: get_interactions.string.string_get_uniprot_ids manual__2023-01-02T01:18:40.037126+00:00 [running]> on host kallo-Ubuntu
[2023-01-01T22:18:41.759-0300] {taskinstance.py:1513} INFO - Exporting the following env vars:
AIRFLOW_CTX_DAG_OWNER=Kallox
AIRFLOW_CTX_DAG_ID=get_interactions
AIRFLOW_CTX_TASK_ID=string.string_get_uniprot_ids
AIRFLOW_CTX_EXECUTION_DATE=2023-01-02T01:18:40.037126+00:00
AIRFLOW_CTX_TRY_NUMBER=1
AIRFLOW_CTX_DAG_RUN_ID=manual__2023-01-02T01:18:40.037126+00:00
[2023-01-01T22:18:41.769-0300] {python.py:177} INFO - Done. Returned value was: None
[2023-01-01T22:18:41.785-0300] {taskinstance.py:1327} INFO - Marking task as SUCCESS. dag_id=get_interactions, task_id=string.string_get_uniprot_ids, execution_date=20230102T011840, start_date=20230102T011841, end_date=20230102T011841
[2023-01-01T22:18:41.848-0300] {local_task_job.py:159} INFO - Task exited with return code 0
[2023-01-01T22:18:41.888-0300] {taskinstance.py:2582} INFO - 1 downstream tasks scheduled from follow-on schedule check
