[2023-01-05T19:56:28.232-0300] {taskinstance.py:1087} INFO - Dependencies all met for <TaskInstance: download_uniprot.extract_files manual__2023-01-04T22:53:53.247429+00:00 [queued]>
[2023-01-05T19:56:28.243-0300] {taskinstance.py:1087} INFO - Dependencies all met for <TaskInstance: download_uniprot.extract_files manual__2023-01-04T22:53:53.247429+00:00 [queued]>
[2023-01-05T19:56:28.243-0300] {taskinstance.py:1283} INFO - 
--------------------------------------------------------------------------------
[2023-01-05T19:56:28.243-0300] {taskinstance.py:1284} INFO - Starting attempt 3 of 1
[2023-01-05T19:56:28.243-0300] {taskinstance.py:1285} INFO - 
--------------------------------------------------------------------------------
[2023-01-05T19:56:28.254-0300] {taskinstance.py:1304} INFO - Executing <Task(PythonOperator): extract_files> on 2023-01-04 22:53:53.247429+00:00
[2023-01-05T19:56:28.257-0300] {standard_task_runner.py:55} INFO - Started process 4310 to run task
[2023-01-05T19:56:28.259-0300] {standard_task_runner.py:82} INFO - Running: ['***', 'tasks', 'run', 'download_uniprot', 'extract_files', 'manual__2023-01-04T22:53:53.247429+00:00', '--job-id', '258', '--raw', '--subdir', 'DAGS_FOLDER/download_uniprot.py', '--cfg-path', '/tmp/tmpqohgz2ys']
[2023-01-05T19:56:28.260-0300] {standard_task_runner.py:83} INFO - Job 258: Subtask extract_files
[2023-01-05T19:56:28.317-0300] {task_command.py:389} INFO - Running <TaskInstance: download_uniprot.extract_files manual__2023-01-04T22:53:53.247429+00:00 [running]> on host kallo-Ubuntu
[2023-01-05T19:56:28.383-0300] {taskinstance.py:1513} INFO - Exporting the following env vars:
AIRFLOW_CTX_DAG_OWNER=Kallox
AIRFLOW_CTX_DAG_ID=download_uniprot
AIRFLOW_CTX_TASK_ID=extract_files
AIRFLOW_CTX_EXECUTION_DATE=2023-01-04T22:53:53.247429+00:00
AIRFLOW_CTX_TRY_NUMBER=3
AIRFLOW_CTX_DAG_RUN_ID=manual__2023-01-04T22:53:53.247429+00:00
[2023-01-05T19:56:37.996-0300] {logging_mixin.py:137} INFO - 3000
[2023-01-05T19:56:40.140-0300] {logging_mixin.py:137} INFO - 4000
[2023-01-05T19:56:42.575-0300] {logging_mixin.py:137} INFO - 5000
[2023-01-05T19:56:46.310-0300] {logging_mixin.py:137} INFO - 7000
[2023-01-05T19:56:48.833-0300] {logging_mixin.py:137} INFO - 8000
[2023-01-05T19:56:54.084-0300] {logging_mixin.py:137} INFO - 11000
[2023-01-05T19:56:58.699-0300] {logging_mixin.py:137} INFO - 12000
[2023-01-05T19:57:05.330-0300] {logging_mixin.py:137} INFO - 13000
[2023-01-05T19:57:11.616-0300] {logging_mixin.py:137} INFO - 14000
[2023-01-05T19:57:18.193-0300] {logging_mixin.py:137} INFO - 15000
[2023-01-05T19:57:26.446-0300] {logging_mixin.py:137} INFO - 16000
[2023-01-05T19:57:35.064-0300] {logging_mixin.py:137} INFO - 17000
[2023-01-05T19:57:45.002-0300] {logging_mixin.py:137} INFO - 18000
[2023-01-05T19:57:54.948-0300] {logging_mixin.py:137} INFO - 19000
[2023-01-05T19:58:05.044-0300] {logging_mixin.py:137} INFO - 20000
[2023-01-05T19:58:15.169-0300] {logging_mixin.py:137} INFO - 21000
[2023-01-05T19:58:25.784-0300] {logging_mixin.py:137} INFO - 22000
[2023-01-05T19:58:36.971-0300] {logging_mixin.py:137} INFO - 23000
[2023-01-05T19:58:48.274-0300] {logging_mixin.py:137} INFO - 24000
[2023-01-05T19:59:00.149-0300] {logging_mixin.py:137} INFO - 25000
[2023-01-05T19:59:12.918-0300] {logging_mixin.py:137} INFO - 26000
[2023-01-05T19:59:32.443-0300] {logging_mixin.py:137} INFO - 2000
[2023-01-05T19:59:34.982-0300] {logging_mixin.py:137} INFO - 3000
[2023-01-05T20:00:28.665-0300] {logging_mixin.py:137} INFO - 1000
[2023-01-05T20:00:30.335-0300] {logging_mixin.py:137} INFO - 2000
[2023-01-05T20:00:34.687-0300] {logging_mixin.py:137} INFO - 4000
[2023-01-05T20:00:37.547-0300] {logging_mixin.py:137} INFO - 5000
[2023-01-05T20:00:44.442-0300] {logging_mixin.py:137} INFO - 7000
[2023-01-05T20:00:53.302-0300] {logging_mixin.py:137} INFO - 9000
[2023-01-05T20:00:58.545-0300] {logging_mixin.py:137} INFO - 10000
[2023-01-05T20:01:04.009-0300] {logging_mixin.py:137} INFO - 11000
[2023-01-05T20:01:09.715-0300] {logging_mixin.py:137} INFO - 12000
[2023-01-05T20:01:22.724-0300] {logging_mixin.py:137} INFO - 14000
[2023-01-05T20:01:29.889-0300] {logging_mixin.py:137} INFO - 15000
[2023-01-05T20:01:45.740-0300] {logging_mixin.py:137} INFO - 17000
[2023-01-05T20:01:54.533-0300] {logging_mixin.py:137} INFO - 18000
[2023-01-05T20:02:03.207-0300] {logging_mixin.py:137} INFO - 19000
[2023-01-05T20:02:22.519-0300] {logging_mixin.py:137} INFO - 21000
[2023-01-05T20:02:32.630-0300] {logging_mixin.py:137} INFO - 22000
[2023-01-05T20:02:55.464-0300] {logging_mixin.py:137} INFO - 24000
[2023-01-05T20:03:07.706-0300] {logging_mixin.py:137} INFO - 25000
[2023-01-05T20:03:21.332-0300] {logging_mixin.py:137} INFO - 26000
[2023-01-05T20:03:35.383-0300] {logging_mixin.py:137} INFO - 27000
[2023-01-05T20:03:46.805-0300] {logging_mixin.py:137} INFO - 28000
[2023-01-05T20:04:23.417-0300] {logging_mixin.py:137} INFO - 31000
[2023-01-05T20:04:40.317-0300] {logging_mixin.py:137} INFO - 32000
[2023-01-05T20:04:59.078-0300] {logging_mixin.py:137} INFO - 33000
[2023-01-05T20:05:19.393-0300] {logging_mixin.py:137} INFO - 34000
[2023-01-05T20:06:01.478-0300] {logging_mixin.py:137} INFO - 36000
[2023-01-05T20:06:23.228-0300] {logging_mixin.py:137} INFO - 37000
[2023-01-05T20:06:46.309-0300] {logging_mixin.py:137} INFO - 38000
[2023-01-05T20:07:10.191-0300] {logging_mixin.py:137} INFO - 39000
[2023-01-05T20:07:33.523-0300] {logging_mixin.py:137} INFO - 40000
[2023-01-05T20:07:59.299-0300] {logging_mixin.py:137} INFO - 41000
[2023-01-05T20:08:25.028-0300] {logging_mixin.py:137} INFO - 42000
[2023-01-05T20:08:49.253-0300] {logging_mixin.py:137} INFO - 43000
[2023-01-05T20:09:43.784-0300] {logging_mixin.py:137} INFO - 45000
[2023-01-05T20:10:13.430-0300] {logging_mixin.py:137} INFO - 46000
[2023-01-05T20:10:42.094-0300] {logging_mixin.py:137} INFO - 47000
[2023-01-05T20:11:41.389-0300] {logging_mixin.py:137} INFO - 49000
[2023-01-05T20:12:11.853-0300] {logging_mixin.py:137} INFO - 50000
[2023-01-05T20:12:46.491-0300] {logging_mixin.py:137} INFO - 51000
[2023-01-05T20:13:21.832-0300] {logging_mixin.py:137} INFO - 52000
[2023-01-05T20:13:56.479-0300] {logging_mixin.py:137} INFO - 53000
[2023-01-05T20:14:35.230-0300] {logging_mixin.py:137} INFO - 54000
[2023-01-05T20:15:13.559-0300] {logging_mixin.py:137} INFO - 55000
[2023-01-05T20:15:55.307-0300] {logging_mixin.py:137} INFO - 56000
[2023-01-05T20:16:38.919-0300] {logging_mixin.py:137} INFO - 57000
[2023-01-05T20:17:22.785-0300] {logging_mixin.py:137} INFO - 58000
[2023-01-05T20:18:07.213-0300] {logging_mixin.py:137} INFO - 59000
[2023-01-05T20:18:52.013-0300] {logging_mixin.py:137} INFO - 60000
[2023-01-05T20:19:37.958-0300] {logging_mixin.py:137} INFO - 61000
[2023-01-05T20:20:24.490-0300] {logging_mixin.py:137} INFO - 62000
[2023-01-05T20:21:11.819-0300] {logging_mixin.py:137} INFO - 63000
[2023-01-05T20:21:59.859-0300] {logging_mixin.py:137} INFO - 64000
[2023-01-05T20:22:48.263-0300] {logging_mixin.py:137} INFO - 65000
[2023-01-05T20:23:37.230-0300] {logging_mixin.py:137} INFO - 66000
[2023-01-05T20:24:27.358-0300] {logging_mixin.py:137} INFO - 67000
[2023-01-05T20:25:18.080-0300] {logging_mixin.py:137} INFO - 68000
[2023-01-05T20:26:09.139-0300] {logging_mixin.py:137} INFO - 69000
[2023-01-05T20:27:01.431-0300] {logging_mixin.py:137} INFO - 70000
[2023-01-05T20:27:54.344-0300] {logging_mixin.py:137} INFO - 71000
[2023-01-05T20:28:47.811-0300] {logging_mixin.py:137} INFO - 72000
[2023-01-05T20:29:41.854-0300] {logging_mixin.py:137} INFO - 73000
[2023-01-05T20:30:36.541-0300] {logging_mixin.py:137} INFO - 74000
[2023-01-05T20:31:32.131-0300] {logging_mixin.py:137} INFO - 75000
[2023-01-05T20:32:28.560-0300] {logging_mixin.py:137} INFO - 76000
[2023-01-05T20:33:25.430-0300] {logging_mixin.py:137} INFO - 77000
[2023-01-05T20:34:22.829-0300] {logging_mixin.py:137} INFO - 78000
[2023-01-05T20:35:21.032-0300] {logging_mixin.py:137} INFO - 79000
[2023-01-05T20:36:19.969-0300] {logging_mixin.py:137} INFO - 80000
[2023-01-05T20:37:19.826-0300] {logging_mixin.py:137} INFO - 81000
[2023-01-05T20:38:19.954-0300] {logging_mixin.py:137} INFO - 82000
[2023-01-05T20:40:22.004-0300] {logging_mixin.py:137} INFO - 84000
[2023-01-05T20:41:23.892-0300] {logging_mixin.py:137} INFO - 85000
[2023-01-05T20:42:26.884-0300] {logging_mixin.py:137} INFO - 86000
[2023-01-05T20:43:30.361-0300] {logging_mixin.py:137} INFO - 87000
[2023-01-05T20:44:34.341-0300] {logging_mixin.py:137} INFO - 88000
[2023-01-05T20:45:39.329-0300] {logging_mixin.py:137} INFO - 89000
[2023-01-05T20:46:45.058-0300] {logging_mixin.py:137} INFO - 90000
[2023-01-05T20:47:51.052-0300] {logging_mixin.py:137} INFO - 91000
[2023-01-05T20:48:58.277-0300] {logging_mixin.py:137} INFO - 92000
[2023-01-05T20:50:06.222-0300] {logging_mixin.py:137} INFO - 93000
[2023-01-05T20:51:14.357-0300] {logging_mixin.py:137} INFO - 94000
[2023-01-05T20:52:25.979-0300] {logging_mixin.py:137} INFO - 95000
[2023-01-05T20:53:37.219-0300] {logging_mixin.py:137} INFO - 96000
[2023-01-05T20:54:47.596-0300] {logging_mixin.py:137} INFO - 97000
[2023-01-05T20:55:58.663-0300] {logging_mixin.py:137} INFO - 98000
[2023-01-05T20:57:10.411-0300] {logging_mixin.py:137} INFO - 99000
[2023-01-05T20:58:22.858-0300] {logging_mixin.py:137} INFO - 100000
[2023-01-05T20:59:36.289-0300] {logging_mixin.py:137} INFO - 101000
[2023-01-05T21:00:50.237-0300] {logging_mixin.py:137} INFO - 102000
[2023-01-05T21:02:05.280-0300] {logging_mixin.py:137} INFO - 103000
[2023-01-05T21:03:19.828-0300] {logging_mixin.py:137} INFO - 104000
[2023-01-05T21:04:35.860-0300] {logging_mixin.py:137} INFO - 105000
[2023-01-05T21:05:52.123-0300] {logging_mixin.py:137} INFO - 106000
[2023-01-05T21:16:51.602-0300] {local_task_job.py:159} INFO - Task exited with return code Negsignal.SIGKILL
[2023-01-05T21:16:51.754-0300] {taskinstance.py:2582} INFO - 0 downstream tasks scheduled from follow-on schedule check
