[2023-01-04T20:27:48.280-0300] {taskinstance.py:1087} INFO - Dependencies all met for <TaskInstance: download_uniprot.extract_files manual__2023-01-04T22:53:53.247429+00:00 [queued]>
[2023-01-04T20:27:48.294-0300] {taskinstance.py:1087} INFO - Dependencies all met for <TaskInstance: download_uniprot.extract_files manual__2023-01-04T22:53:53.247429+00:00 [queued]>
[2023-01-04T20:27:48.294-0300] {taskinstance.py:1283} INFO - 
--------------------------------------------------------------------------------
[2023-01-04T20:27:48.294-0300] {taskinstance.py:1284} INFO - Starting attempt 1 of 1
[2023-01-04T20:27:48.294-0300] {taskinstance.py:1285} INFO - 
--------------------------------------------------------------------------------
[2023-01-04T20:27:48.307-0300] {taskinstance.py:1304} INFO - Executing <Task(PythonOperator): extract_files> on 2023-01-04 22:53:53.247429+00:00
[2023-01-04T20:27:48.311-0300] {standard_task_runner.py:55} INFO - Started process 19863 to run task
[2023-01-04T20:27:48.314-0300] {standard_task_runner.py:82} INFO - Running: ['***', 'tasks', 'run', 'download_uniprot', 'extract_files', 'manual__2023-01-04T22:53:53.247429+00:00', '--job-id', '249', '--raw', '--subdir', 'DAGS_FOLDER/download_uniprot.py', '--cfg-path', '/tmp/tmpte9nx3jy']
[2023-01-04T20:27:48.315-0300] {standard_task_runner.py:83} INFO - Job 249: Subtask extract_files
[2023-01-04T20:27:48.387-0300] {task_command.py:389} INFO - Running <TaskInstance: download_uniprot.extract_files manual__2023-01-04T22:53:53.247429+00:00 [running]> on host kallo-Ubuntu
[2023-01-04T20:27:48.464-0300] {taskinstance.py:1513} INFO - Exporting the following env vars:
AIRFLOW_CTX_DAG_OWNER=Kallox
AIRFLOW_CTX_DAG_ID=download_uniprot
AIRFLOW_CTX_TASK_ID=extract_files
AIRFLOW_CTX_EXECUTION_DATE=2023-01-04T22:53:53.247429+00:00
AIRFLOW_CTX_TRY_NUMBER=1
AIRFLOW_CTX_DAG_RUN_ID=manual__2023-01-04T22:53:53.247429+00:00
[2023-01-04T20:27:58.707-0300] {logging_mixin.py:137} INFO - 3000
[2023-01-04T20:28:00.860-0300] {logging_mixin.py:137} INFO - 4000
[2023-01-04T20:28:03.330-0300] {logging_mixin.py:137} INFO - 5000
[2023-01-04T20:28:07.051-0300] {logging_mixin.py:137} INFO - 7000
[2023-01-04T20:28:09.526-0300] {logging_mixin.py:137} INFO - 8000
[2023-01-04T20:28:14.988-0300] {logging_mixin.py:137} INFO - 11000
[2023-01-04T20:28:19.729-0300] {logging_mixin.py:137} INFO - 12000
[2023-01-04T20:28:25.110-0300] {logging_mixin.py:137} INFO - 13000
[2023-01-04T20:28:31.566-0300] {logging_mixin.py:137} INFO - 14000
[2023-01-04T20:28:38.360-0300] {logging_mixin.py:137} INFO - 15000
[2023-01-04T20:28:45.943-0300] {logging_mixin.py:137} INFO - 16000
[2023-01-04T20:28:53.782-0300] {logging_mixin.py:137} INFO - 17000
[2023-01-04T20:29:02.095-0300] {logging_mixin.py:137} INFO - 18000
[2023-01-04T20:29:10.971-0300] {logging_mixin.py:137} INFO - 19000
[2023-01-04T20:29:20.467-0300] {logging_mixin.py:137} INFO - 20000
[2023-01-04T20:29:30.136-0300] {logging_mixin.py:137} INFO - 21000
[2023-01-04T20:29:40.374-0300] {logging_mixin.py:137} INFO - 22000
[2023-01-04T20:29:51.394-0300] {logging_mixin.py:137} INFO - 23000
[2023-01-04T20:30:02.653-0300] {logging_mixin.py:137} INFO - 24000
[2023-01-04T20:30:14.658-0300] {logging_mixin.py:137} INFO - 25000
[2023-01-04T20:30:27.921-0300] {logging_mixin.py:137} INFO - 26000
[2023-01-04T20:30:47.797-0300] {logging_mixin.py:137} INFO - 2000
[2023-01-04T20:30:50.526-0300] {logging_mixin.py:137} INFO - 3000
[2023-01-04T20:31:41.220-0300] {logging_mixin.py:137} INFO - 1000
[2023-01-04T20:31:42.876-0300] {logging_mixin.py:137} INFO - 2000
[2023-01-04T20:31:47.224-0300] {logging_mixin.py:137} INFO - 4000
[2023-01-04T20:31:50.466-0300] {logging_mixin.py:137} INFO - 5000
[2023-01-04T20:31:57.217-0300] {logging_mixin.py:137} INFO - 7000
[2023-01-04T20:32:06.201-0300] {logging_mixin.py:137} INFO - 9000
[2023-01-04T20:32:11.458-0300] {logging_mixin.py:137} INFO - 10000
[2023-01-04T20:32:16.917-0300] {logging_mixin.py:137} INFO - 11000
[2023-01-04T20:32:23.011-0300] {logging_mixin.py:137} INFO - 12000
[2023-01-04T20:32:36.347-0300] {logging_mixin.py:137} INFO - 14000
[2023-01-04T20:32:43.347-0300] {logging_mixin.py:137} INFO - 15000
[2023-01-04T20:32:59.002-0300] {logging_mixin.py:137} INFO - 17000
[2023-01-04T20:33:07.757-0300] {logging_mixin.py:137} INFO - 18000
[2023-01-04T20:33:16.355-0300] {logging_mixin.py:137} INFO - 19000
[2023-01-04T20:33:35.930-0300] {logging_mixin.py:137} INFO - 21000
[2023-01-04T20:33:46.118-0300] {logging_mixin.py:137} INFO - 22000
[2023-01-04T20:34:09.246-0300] {logging_mixin.py:137} INFO - 24000
[2023-01-04T20:34:21.733-0300] {logging_mixin.py:137} INFO - 25000
[2023-01-04T20:34:35.429-0300] {logging_mixin.py:137} INFO - 26000
[2023-01-04T20:34:49.656-0300] {logging_mixin.py:137} INFO - 27000
[2023-01-04T20:35:01.374-0300] {logging_mixin.py:137} INFO - 28000
[2023-01-04T20:35:38.371-0300] {logging_mixin.py:137} INFO - 31000
[2023-01-04T20:35:55.420-0300] {logging_mixin.py:137} INFO - 32000
[2023-01-04T20:36:14.527-0300] {logging_mixin.py:137} INFO - 33000
[2023-01-04T20:36:35.165-0300] {logging_mixin.py:137} INFO - 34000
[2023-01-04T20:37:17.219-0300] {logging_mixin.py:137} INFO - 36000
[2023-01-04T20:37:39.288-0300] {logging_mixin.py:137} INFO - 37000
[2023-01-04T20:38:02.462-0300] {logging_mixin.py:137} INFO - 38000
[2023-01-04T20:38:26.121-0300] {logging_mixin.py:137} INFO - 39000
[2023-01-04T20:38:49.523-0300] {logging_mixin.py:137} INFO - 40000
[2023-01-04T20:39:15.336-0300] {logging_mixin.py:137} INFO - 41000
[2023-01-04T20:39:41.596-0300] {logging_mixin.py:137} INFO - 42000
[2023-01-04T20:40:06.595-0300] {logging_mixin.py:137} INFO - 43000
[2023-01-04T20:41:00.537-0300] {logging_mixin.py:137} INFO - 45000
[2023-01-04T20:41:29.934-0300] {logging_mixin.py:137} INFO - 46000
[2023-01-04T20:41:58.364-0300] {logging_mixin.py:137} INFO - 47000
[2023-01-04T20:42:56.946-0300] {logging_mixin.py:137} INFO - 49000
[2023-01-04T20:43:27.225-0300] {logging_mixin.py:137} INFO - 50000
[2023-01-04T20:44:01.345-0300] {logging_mixin.py:137} INFO - 51000
[2023-01-04T20:44:36.213-0300] {logging_mixin.py:137} INFO - 52000
[2023-01-04T20:45:10.376-0300] {logging_mixin.py:137} INFO - 53000
[2023-01-04T20:45:47.970-0300] {logging_mixin.py:137} INFO - 54000
[2023-01-04T20:46:25.599-0300] {logging_mixin.py:137} INFO - 55000
[2023-01-04T20:47:06.746-0300] {logging_mixin.py:137} INFO - 56000
[2023-01-04T20:47:50.623-0300] {logging_mixin.py:137} INFO - 57000
[2023-01-04T20:48:34.584-0300] {logging_mixin.py:137} INFO - 58000
[2023-01-04T20:49:18.905-0300] {logging_mixin.py:137} INFO - 59000
[2023-01-04T20:50:03.801-0300] {logging_mixin.py:137} INFO - 60000
[2023-01-04T20:50:49.914-0300] {logging_mixin.py:137} INFO - 61000
[2023-01-04T20:51:36.340-0300] {logging_mixin.py:137} INFO - 62000
[2023-01-04T20:52:23.694-0300] {logging_mixin.py:137} INFO - 63000
[2023-01-04T20:53:12.075-0300] {logging_mixin.py:137} INFO - 64000
[2023-01-04T20:54:00.635-0300] {logging_mixin.py:137} INFO - 65000
[2023-01-04T20:54:49.918-0300] {logging_mixin.py:137} INFO - 66000
[2023-01-04T20:55:40.455-0300] {logging_mixin.py:137} INFO - 67000
[2023-01-04T20:56:31.867-0300] {logging_mixin.py:137} INFO - 68000
[2023-01-04T20:57:23.733-0300] {logging_mixin.py:137} INFO - 69000
[2023-01-04T20:58:16.505-0300] {logging_mixin.py:137} INFO - 70000
[2023-01-04T20:59:09.557-0300] {logging_mixin.py:137} INFO - 71000
