[2023-01-04T21:59:17.808-0300] {taskinstance.py:1087} INFO - Dependencies all met for <TaskInstance: download_uniprot.extract_files manual__2023-01-04T22:53:53.247429+00:00 [queued]>
[2023-01-04T21:59:17.818-0300] {taskinstance.py:1087} INFO - Dependencies all met for <TaskInstance: download_uniprot.extract_files manual__2023-01-04T22:53:53.247429+00:00 [queued]>
[2023-01-04T21:59:17.818-0300] {taskinstance.py:1283} INFO - 
--------------------------------------------------------------------------------
[2023-01-04T21:59:17.819-0300] {taskinstance.py:1284} INFO - Starting attempt 2 of 1
[2023-01-04T21:59:17.819-0300] {taskinstance.py:1285} INFO - 
--------------------------------------------------------------------------------
[2023-01-04T21:59:17.829-0300] {taskinstance.py:1304} INFO - Executing <Task(PythonOperator): extract_files> on 2023-01-04 22:53:53.247429+00:00
[2023-01-04T21:59:17.832-0300] {standard_task_runner.py:55} INFO - Started process 3456 to run task
[2023-01-04T21:59:17.834-0300] {standard_task_runner.py:82} INFO - Running: ['***', 'tasks', 'run', 'download_uniprot', 'extract_files', 'manual__2023-01-04T22:53:53.247429+00:00', '--job-id', '251', '--raw', '--subdir', 'DAGS_FOLDER/download_uniprot.py', '--cfg-path', '/tmp/tmp0sl9sqmi']
[2023-01-04T21:59:17.834-0300] {standard_task_runner.py:83} INFO - Job 251: Subtask extract_files
[2023-01-04T21:59:17.893-0300] {task_command.py:389} INFO - Running <TaskInstance: download_uniprot.extract_files manual__2023-01-04T22:53:53.247429+00:00 [running]> on host kallo-Ubuntu
[2023-01-04T21:59:17.959-0300] {taskinstance.py:1513} INFO - Exporting the following env vars:
AIRFLOW_CTX_DAG_OWNER=Kallox
AIRFLOW_CTX_DAG_ID=download_uniprot
AIRFLOW_CTX_TASK_ID=extract_files
AIRFLOW_CTX_EXECUTION_DATE=2023-01-04T22:53:53.247429+00:00
AIRFLOW_CTX_TRY_NUMBER=2
AIRFLOW_CTX_DAG_RUN_ID=manual__2023-01-04T22:53:53.247429+00:00
[2023-01-04T21:59:27.826-0300] {logging_mixin.py:137} INFO - 3000
[2023-01-04T21:59:30.155-0300] {logging_mixin.py:137} INFO - 4000
[2023-01-04T21:59:33.426-0300] {logging_mixin.py:137} INFO - 5000
[2023-01-04T21:59:38.578-0300] {logging_mixin.py:137} INFO - 7000
[2023-01-04T21:59:41.443-0300] {logging_mixin.py:137} INFO - 8000
[2023-01-04T21:59:46.944-0300] {logging_mixin.py:137} INFO - 11000
[2023-01-04T21:59:51.658-0300] {logging_mixin.py:137} INFO - 12000
[2023-01-04T21:59:57.264-0300] {logging_mixin.py:137} INFO - 13000
[2023-01-04T22:00:03.398-0300] {logging_mixin.py:137} INFO - 14000
[2023-01-04T22:00:10.296-0300] {logging_mixin.py:137} INFO - 15000
[2023-01-04T22:00:17.473-0300] {logging_mixin.py:137} INFO - 16000
[2023-01-04T22:00:25.300-0300] {logging_mixin.py:137} INFO - 17000
[2023-01-04T22:00:33.429-0300] {logging_mixin.py:137} INFO - 18000
[2023-01-04T22:00:42.003-0300] {logging_mixin.py:137} INFO - 19000
[2023-01-04T22:00:51.187-0300] {logging_mixin.py:137} INFO - 20000
[2023-01-04T22:01:01.215-0300] {logging_mixin.py:137} INFO - 21000
[2023-01-04T22:01:11.960-0300] {logging_mixin.py:137} INFO - 22000
[2023-01-04T22:01:22.973-0300] {logging_mixin.py:137} INFO - 23000
[2023-01-04T22:01:34.720-0300] {logging_mixin.py:137} INFO - 24000
[2023-01-04T22:01:46.734-0300] {logging_mixin.py:137} INFO - 25000
[2023-01-04T22:01:59.978-0300] {logging_mixin.py:137} INFO - 26000
[2023-01-04T22:02:19.803-0300] {logging_mixin.py:137} INFO - 2000
[2023-01-04T22:02:22.408-0300] {logging_mixin.py:137} INFO - 3000
[2023-01-04T22:03:12.042-0300] {logging_mixin.py:137} INFO - 1000
[2023-01-04T22:03:13.719-0300] {logging_mixin.py:137} INFO - 2000
[2023-01-04T22:03:18.332-0300] {logging_mixin.py:137} INFO - 4000
[2023-01-04T22:03:21.247-0300] {logging_mixin.py:137} INFO - 5000
[2023-01-04T22:03:28.091-0300] {logging_mixin.py:137} INFO - 7000
[2023-01-04T22:03:37.378-0300] {logging_mixin.py:137} INFO - 9000
[2023-01-04T22:03:42.748-0300] {logging_mixin.py:137} INFO - 10000
[2023-01-04T22:03:48.241-0300] {logging_mixin.py:137} INFO - 11000
[2023-01-04T22:03:54.070-0300] {logging_mixin.py:137} INFO - 12000
[2023-01-04T22:04:07.231-0300] {logging_mixin.py:137} INFO - 14000
[2023-01-04T22:04:14.268-0300] {logging_mixin.py:137} INFO - 15000
[2023-01-04T22:04:30.264-0300] {logging_mixin.py:137} INFO - 17000
[2023-01-04T22:04:39.306-0300] {logging_mixin.py:137} INFO - 18000
[2023-01-04T22:04:47.891-0300] {logging_mixin.py:137} INFO - 19000
[2023-01-04T22:05:08.209-0300] {logging_mixin.py:137} INFO - 21000
[2023-01-04T22:05:18.506-0300] {logging_mixin.py:137} INFO - 22000
[2023-01-04T22:05:42.192-0300] {logging_mixin.py:137} INFO - 24000
[2023-01-04T22:05:55.003-0300] {logging_mixin.py:137} INFO - 25000
[2023-01-04T22:06:08.952-0300] {logging_mixin.py:137} INFO - 26000
[2023-01-04T22:06:23.729-0300] {logging_mixin.py:137} INFO - 27000
[2023-01-04T22:06:35.731-0300] {logging_mixin.py:137} INFO - 28000
[2023-01-04T22:07:13.172-0300] {logging_mixin.py:137} INFO - 31000
[2023-01-04T22:07:31.020-0300] {logging_mixin.py:137} INFO - 32000
[2023-01-04T22:07:50.371-0300] {logging_mixin.py:137} INFO - 33000
[2023-01-04T22:08:11.527-0300] {logging_mixin.py:137} INFO - 34000
[2023-01-04T22:08:54.671-0300] {logging_mixin.py:137} INFO - 36000
[2023-01-04T22:09:17.889-0300] {logging_mixin.py:137} INFO - 37000
[2023-01-04T22:09:41.938-0300] {logging_mixin.py:137} INFO - 38000
[2023-01-04T22:10:05.560-0300] {logging_mixin.py:137} INFO - 39000
[2023-01-04T22:10:30.165-0300] {logging_mixin.py:137} INFO - 40000
[2023-01-04T22:10:57.072-0300] {logging_mixin.py:137} INFO - 41000
[2023-01-04T22:11:23.256-0300] {logging_mixin.py:137} INFO - 42000
[2023-01-04T22:11:48.698-0300] {logging_mixin.py:137} INFO - 43000
[2023-01-04T22:12:43.139-0300] {logging_mixin.py:137} INFO - 45000
[2023-01-04T22:13:11.939-0300] {logging_mixin.py:137} INFO - 46000
[2023-01-04T22:13:41.617-0300] {logging_mixin.py:137} INFO - 47000
[2023-01-04T22:14:43.167-0300] {logging_mixin.py:137} INFO - 49000
[2023-01-04T22:15:14.632-0300] {logging_mixin.py:137} INFO - 50000
[2023-01-04T22:15:50.424-0300] {logging_mixin.py:137} INFO - 51000
[2023-01-04T22:16:26.508-0300] {logging_mixin.py:137} INFO - 52000
[2023-01-04T22:17:01.388-0300] {logging_mixin.py:137} INFO - 53000
[2023-01-04T22:17:40.964-0300] {logging_mixin.py:137} INFO - 54000
[2023-01-04T22:18:20.754-0300] {logging_mixin.py:137} INFO - 55000
[2023-01-04T22:19:04.076-0300] {logging_mixin.py:137} INFO - 56000
[2023-01-04T22:19:49.972-0300] {logging_mixin.py:137} INFO - 57000
[2023-01-04T22:20:38.656-0300] {logging_mixin.py:137} INFO - 58000
[2023-01-04T22:21:26.551-0300] {logging_mixin.py:137} INFO - 59000
[2023-01-04T22:22:12.008-0300] {logging_mixin.py:137} INFO - 60000
[2023-01-04T22:22:58.423-0300] {logging_mixin.py:137} INFO - 61000
[2023-01-04T22:23:44.853-0300] {logging_mixin.py:137} INFO - 62000
[2023-01-04T22:24:34.235-0300] {logging_mixin.py:137} INFO - 63000
[2023-01-04T22:25:25.141-0300] {logging_mixin.py:137} INFO - 64000
[2023-01-04T22:26:16.108-0300] {logging_mixin.py:137} INFO - 65000
[2023-01-04T22:27:08.252-0300] {logging_mixin.py:137} INFO - 66000
[2023-01-04T22:27:58.836-0300] {logging_mixin.py:137} INFO - 67000
[2023-01-04T22:28:49.511-0300] {logging_mixin.py:137} INFO - 68000
[2023-01-04T22:29:41.375-0300] {logging_mixin.py:137} INFO - 69000
[2023-01-04T22:30:33.225-0300] {logging_mixin.py:137} INFO - 70000
[2023-01-04T22:31:25.889-0300] {logging_mixin.py:137} INFO - 71000
[2023-01-04T22:32:19.654-0300] {logging_mixin.py:137} INFO - 72000
[2023-01-04T22:33:13.864-0300] {logging_mixin.py:137} INFO - 73000
[2023-01-04T22:34:08.388-0300] {logging_mixin.py:137} INFO - 74000
[2023-01-04T22:35:04.038-0300] {logging_mixin.py:137} INFO - 75000
[2023-01-04T22:36:03.088-0300] {logging_mixin.py:137} INFO - 76000
[2023-01-04T22:36:59.651-0300] {logging_mixin.py:137} INFO - 77000
[2023-01-04T22:37:57.346-0300] {logging_mixin.py:137} INFO - 78000
[2023-01-04T22:38:53.911-0300] {logging_mixin.py:137} INFO - 79000
[2023-01-04T22:39:51.287-0300] {logging_mixin.py:137} INFO - 80000
[2023-01-04T22:40:49.282-0300] {logging_mixin.py:137} INFO - 81000
[2023-01-04T22:41:47.975-0300] {logging_mixin.py:137} INFO - 82000
[2023-01-04T22:43:47.158-0300] {logging_mixin.py:137} INFO - 84000
[2023-01-04T22:44:47.905-0300] {logging_mixin.py:137} INFO - 85000
[2023-01-04T22:45:49.436-0300] {logging_mixin.py:137} INFO - 86000
[2023-01-04T22:46:51.510-0300] {logging_mixin.py:137} INFO - 87000
[2023-01-04T22:47:54.102-0300] {logging_mixin.py:137} INFO - 88000
[2023-01-04T22:48:57.676-0300] {logging_mixin.py:137} INFO - 89000
[2023-01-04T22:50:01.822-0300] {logging_mixin.py:137} INFO - 90000
[2023-01-04T22:51:06.626-0300] {logging_mixin.py:137} INFO - 91000
[2023-01-04T22:52:12.175-0300] {logging_mixin.py:137} INFO - 92000
[2023-01-04T22:53:18.419-0300] {logging_mixin.py:137} INFO - 93000
[2023-01-04T22:54:25.071-0300] {logging_mixin.py:137} INFO - 94000
[2023-01-04T22:55:32.312-0300] {logging_mixin.py:137} INFO - 95000
[2023-01-04T22:56:40.383-0300] {logging_mixin.py:137} INFO - 96000
[2023-01-04T22:57:48.855-0300] {logging_mixin.py:137} INFO - 97000
[2023-01-04T22:58:57.930-0300] {logging_mixin.py:137} INFO - 98000
[2023-01-04T23:00:07.624-0300] {logging_mixin.py:137} INFO - 99000
[2023-01-04T23:01:17.880-0300] {logging_mixin.py:137} INFO - 100000
[2023-01-04T23:02:28.610-0300] {logging_mixin.py:137} INFO - 101000
[2023-01-04T23:03:40.071-0300] {logging_mixin.py:137} INFO - 102000
[2023-01-04T23:04:52.019-0300] {logging_mixin.py:137} INFO - 103000
[2023-01-04T23:06:04.340-0300] {logging_mixin.py:137} INFO - 104000
[2023-01-04T23:07:17.811-0300] {logging_mixin.py:137} INFO - 105000
[2023-01-04T23:08:32.061-0300] {logging_mixin.py:137} INFO - 106000
