[2023-01-02T19:55:40.137-0300] {taskinstance.py:1087} INFO - Dependencies all met for <TaskInstance: download_hivmidb.download scheduled__2022-12-01T00:00:00+00:00 [queued]>
[2023-01-02T19:55:40.152-0300] {taskinstance.py:1087} INFO - Dependencies all met for <TaskInstance: download_hivmidb.download scheduled__2022-12-01T00:00:00+00:00 [queued]>
[2023-01-02T19:55:40.152-0300] {taskinstance.py:1283} INFO - 
--------------------------------------------------------------------------------
[2023-01-02T19:55:40.152-0300] {taskinstance.py:1284} INFO - Starting attempt 1 of 1
[2023-01-02T19:55:40.152-0300] {taskinstance.py:1285} INFO - 
--------------------------------------------------------------------------------
[2023-01-02T19:55:40.170-0300] {taskinstance.py:1304} INFO - Executing <Task(PythonOperator): download> on 2022-12-01 00:00:00+00:00
[2023-01-02T19:55:40.176-0300] {standard_task_runner.py:55} INFO - Started process 6471 to run task
[2023-01-02T19:55:40.179-0300] {standard_task_runner.py:82} INFO - Running: ['***', 'tasks', 'run', 'download_hivmidb', 'download', 'scheduled__2022-12-01T00:00:00+00:00', '--job-id', '212', '--raw', '--subdir', 'DAGS_FOLDER/download_hivmidb.py', '--cfg-path', '/tmp/tmp6mz63xsn']
[2023-01-02T19:55:40.180-0300] {standard_task_runner.py:83} INFO - Job 212: Subtask download
[2023-01-02T19:55:40.263-0300] {task_command.py:389} INFO - Running <TaskInstance: download_hivmidb.download scheduled__2022-12-01T00:00:00+00:00 [running]> on host kallo-Ubuntu
[2023-01-02T19:55:40.359-0300] {taskinstance.py:1513} INFO - Exporting the following env vars:
AIRFLOW_CTX_DAG_OWNER=Kallox
AIRFLOW_CTX_DAG_ID=download_hivmidb
AIRFLOW_CTX_TASK_ID=download
AIRFLOW_CTX_EXECUTION_DATE=2022-12-01T00:00:00+00:00
AIRFLOW_CTX_TRY_NUMBER=1
AIRFLOW_CTX_DAG_RUN_ID=scheduled__2022-12-01T00:00:00+00:00
[2023-01-02T19:55:42.494-0300] {logging_mixin.py:137} INFO - epitopes downloaded.
[2023-01-02T19:55:42.495-0300] {logging_mixin.py:137} INFO - epitopes.csv saved.
[2023-01-02T19:55:49.234-0300] {logging_mixin.py:137} INFO - Gag downloaded.
[2023-01-02T19:55:49.236-0300] {logging_mixin.py:137} INFO - Gag.csv saved.
[2023-01-02T19:55:51.689-0300] {logging_mixin.py:137} INFO - p17 downloaded.
[2023-01-02T19:55:51.690-0300] {logging_mixin.py:137} INFO - p17.csv saved.
[2023-01-02T19:55:55.271-0300] {logging_mixin.py:137} INFO - p24 downloaded.
[2023-01-02T19:55:55.272-0300] {logging_mixin.py:137} INFO - p24.csv saved.
[2023-01-02T19:55:56.656-0300] {logging_mixin.py:137} INFO - p2p7p1p6 downloaded.
[2023-01-02T19:55:56.657-0300] {logging_mixin.py:137} INFO - p2p7p1p6.csv saved.
[2023-01-02T19:56:00.345-0300] {logging_mixin.py:137} INFO - pol downloaded.
[2023-01-02T19:56:00.346-0300] {logging_mixin.py:137} INFO - pol.csv saved.
[2023-01-02T19:56:01.670-0300] {logging_mixin.py:137} INFO - Protease downloaded.
[2023-01-02T19:56:01.671-0300] {logging_mixin.py:137} INFO - Protease.csv saved.
[2023-01-02T19:56:03.161-0300] {logging_mixin.py:137} INFO - RT downloaded.
[2023-01-02T19:56:03.162-0300] {logging_mixin.py:137} INFO - RT.csv saved.
[2023-01-02T19:56:05.045-0300] {logging_mixin.py:137} INFO - Integrase downloaded.
[2023-01-02T19:56:05.054-0300] {logging_mixin.py:137} INFO - Integrase.csv saved.
[2023-01-02T19:56:06.414-0300] {logging_mixin.py:137} INFO - Vif downloaded.
[2023-01-02T19:56:06.415-0300] {logging_mixin.py:137} INFO - Vif.csv saved.
[2023-01-02T19:56:07.586-0300] {logging_mixin.py:137} INFO - Vpr downloaded.
[2023-01-02T19:56:07.588-0300] {logging_mixin.py:137} INFO - Vpr.csv saved.
[2023-01-02T19:56:10.975-0300] {logging_mixin.py:137} INFO - Tat downloaded.
[2023-01-02T19:56:10.976-0300] {logging_mixin.py:137} INFO - Tat.csv saved.
[2023-01-02T19:56:12.265-0300] {logging_mixin.py:137} INFO - Rev downloaded.
[2023-01-02T19:56:12.266-0300] {logging_mixin.py:137} INFO - Rev.csv saved.
[2023-01-02T19:56:13.371-0300] {logging_mixin.py:137} INFO - Vpu downloaded.
[2023-01-02T19:56:13.372-0300] {logging_mixin.py:137} INFO - Vpu.csv saved.
[2023-01-02T19:56:50.247-0300] {logging_mixin.py:137} INFO - gp160 downloaded.
[2023-01-02T19:56:50.252-0300] {logging_mixin.py:137} INFO - gp160.csv saved.
[2023-01-02T19:57:01.572-0300] {local_task_job.py:224} WARNING - State of this instance has been externally set to failed. Terminating instance.
[2023-01-02T19:57:01.581-0300] {process_utils.py:133} INFO - Sending Signals.SIGTERM to group 6471. PIDs of all processes in the group: [6471]
[2023-01-02T19:57:01.581-0300] {process_utils.py:84} INFO - Sending the signal Signals.SIGTERM to group 6471
[2023-01-02T19:57:01.581-0300] {taskinstance.py:1483} ERROR - Received SIGTERM. Terminating subprocesses.
[2023-01-02T19:57:01.633-0300] {process_utils.py:79} INFO - Process psutil.Process(pid=6471, status='terminated', exitcode=0, started='19:55:39') (6471) terminated with exit code 0
