[2023-01-01T22:04:32.337-0300] {taskinstance.py:1087} INFO - Dependencies all met for <TaskInstance: get_interactions.string.string_download_files manual__2023-01-02T01:04:29.360794+00:00 [queued]>
[2023-01-01T22:04:32.351-0300] {taskinstance.py:1087} INFO - Dependencies all met for <TaskInstance: get_interactions.string.string_download_files manual__2023-01-02T01:04:29.360794+00:00 [queued]>
[2023-01-01T22:04:32.351-0300] {taskinstance.py:1283} INFO - 
--------------------------------------------------------------------------------
[2023-01-01T22:04:32.351-0300] {taskinstance.py:1284} INFO - Starting attempt 1 of 1
[2023-01-01T22:04:32.351-0300] {taskinstance.py:1285} INFO - 
--------------------------------------------------------------------------------
[2023-01-01T22:04:32.366-0300] {taskinstance.py:1304} INFO - Executing <Task(PythonOperator): string.string_download_files> on 2023-01-02 01:04:29.360794+00:00
[2023-01-01T22:04:32.371-0300] {standard_task_runner.py:55} INFO - Started process 23430 to run task
[2023-01-01T22:04:32.373-0300] {standard_task_runner.py:82} INFO - Running: ['***', 'tasks', 'run', 'get_interactions', 'string.string_download_files', 'manual__2023-01-02T01:04:29.360794+00:00', '--job-id', '190', '--raw', '--subdir', 'DAGS_FOLDER/get_interactions.py', '--cfg-path', '/tmp/tmp9vdi8t0k']
[2023-01-01T22:04:32.373-0300] {standard_task_runner.py:83} INFO - Job 190: Subtask string.string_download_files
[2023-01-01T22:04:32.446-0300] {task_command.py:389} INFO - Running <TaskInstance: get_interactions.string.string_download_files manual__2023-01-02T01:04:29.360794+00:00 [running]> on host kallo-Ubuntu
[2023-01-01T22:04:32.521-0300] {taskinstance.py:1513} INFO - Exporting the following env vars:
AIRFLOW_CTX_DAG_OWNER=Kallox
AIRFLOW_CTX_DAG_ID=get_interactions
AIRFLOW_CTX_TASK_ID=string.string_download_files
AIRFLOW_CTX_EXECUTION_DATE=2023-01-02T01:04:29.360794+00:00
AIRFLOW_CTX_TRY_NUMBER=1
AIRFLOW_CTX_DAG_RUN_ID=manual__2023-01-02T01:04:29.360794+00:00
[2023-01-01T22:04:33.116-0300] {logging_mixin.py:137} INFO - 0
[2023-01-01T22:04:33.746-0300] {logging_mixin.py:137} INFO - 1
[2023-01-01T22:04:34.277-0300] {logging_mixin.py:137} INFO - 2
[2023-01-01T22:04:35.363-0300] {logging_mixin.py:137} INFO - 3
[2023-01-01T22:04:35.845-0300] {logging_mixin.py:137} INFO - 4
[2023-01-01T22:04:36.418-0300] {logging_mixin.py:137} INFO - 5
[2023-01-01T22:04:36.908-0300] {logging_mixin.py:137} INFO - 6
[2023-01-01T22:04:37.911-0300] {logging_mixin.py:137} INFO - 7
[2023-01-01T22:04:38.492-0300] {logging_mixin.py:137} INFO - 8
[2023-01-01T22:04:38.496-0300] {python.py:177} INFO - Done. Returned value was: None
[2023-01-01T22:04:38.512-0300] {taskinstance.py:1327} INFO - Marking task as SUCCESS. dag_id=get_interactions, task_id=string.string_download_files, execution_date=20230102T010429, start_date=20230102T010432, end_date=20230102T010438
[2023-01-01T22:04:38.557-0300] {local_task_job.py:159} INFO - Task exited with return code 0
[2023-01-01T22:04:38.634-0300] {taskinstance.py:2582} INFO - 0 downstream tasks scheduled from follow-on schedule check
