[2022-12-29T17:28:35.212-0300] {taskinstance.py:1087} INFO - Dependencies all met for <TaskInstance: download_catnap.download_files scheduled__2022-11-21T00:00:00+00:00 [queued]>
[2022-12-29T17:28:35.233-0300] {taskinstance.py:1087} INFO - Dependencies all met for <TaskInstance: download_catnap.download_files scheduled__2022-11-21T00:00:00+00:00 [queued]>
[2022-12-29T17:28:35.234-0300] {taskinstance.py:1283} INFO - 
--------------------------------------------------------------------------------
[2022-12-29T17:28:35.234-0300] {taskinstance.py:1284} INFO - Starting attempt 1 of 1
[2022-12-29T17:28:35.234-0300] {taskinstance.py:1285} INFO - 
--------------------------------------------------------------------------------
[2022-12-29T17:28:35.381-0300] {taskinstance.py:1304} INFO - Executing <Task(PythonOperator): download_files> on 2022-11-21 00:00:00+00:00
[2022-12-29T17:28:35.388-0300] {standard_task_runner.py:55} INFO - Started process 27336 to run task
[2022-12-29T17:28:35.391-0300] {standard_task_runner.py:82} INFO - Running: ['***', 'tasks', 'run', 'download_catnap', 'download_files', 'scheduled__2022-11-21T00:00:00+00:00', '--job-id', '65', '--raw', '--subdir', 'DAGS_FOLDER/download_catnap.py', '--cfg-path', '/tmp/tmpulu3jctb']
[2022-12-29T17:28:35.392-0300] {standard_task_runner.py:83} INFO - Job 65: Subtask download_files
[2022-12-29T17:28:35.516-0300] {task_command.py:389} INFO - Running <TaskInstance: download_catnap.download_files scheduled__2022-11-21T00:00:00+00:00 [running]> on host kallo-Ubuntu
[2022-12-29T17:28:35.670-0300] {taskinstance.py:1513} INFO - Exporting the following env vars:
AIRFLOW_CTX_DAG_OWNER=admin
AIRFLOW_CTX_DAG_ID=download_catnap
AIRFLOW_CTX_TASK_ID=download_files
AIRFLOW_CTX_EXECUTION_DATE=2022-11-21T00:00:00+00:00
AIRFLOW_CTX_TRY_NUMBER=1
AIRFLOW_CTX_DAG_RUN_ID=scheduled__2022-11-21T00:00:00+00:00
[2022-12-29T17:29:11.197-0300] {logging_mixin.py:137} INFO - Assay downloaded.
[2022-12-29T17:29:11.208-0300] {logging_mixin.py:137} INFO - Assay.tsv saved.
[2022-12-29T17:29:12.829-0300] {logging_mixin.py:137} INFO - Antibodies downloaded.
[2022-12-29T17:29:12.830-0300] {logging_mixin.py:137} INFO - Antibodies.tsv saved.
[2022-12-29T17:29:13.978-0300] {logging_mixin.py:137} INFO - Antibodies_germlines downloaded.
[2022-12-29T17:29:13.979-0300] {logging_mixin.py:137} INFO - Antibodies_germlines.tsv saved.
[2022-12-29T17:29:15.822-0300] {logging_mixin.py:137} INFO - Antibody_heavy_chain_na_sequences downloaded.
[2022-12-29T17:29:15.824-0300] {logging_mixin.py:137} INFO - Antibody_heavy_chain_na_sequences.fasta saved.
[2022-12-29T17:29:17.187-0300] {logging_mixin.py:137} INFO - Antibody_heavy_chain_aa_sequences downloaded.
[2022-12-29T17:29:17.188-0300] {logging_mixin.py:137} INFO - Antibody_heavy_chain_aa_sequences.fasta saved.
[2022-12-29T17:29:18.787-0300] {logging_mixin.py:137} INFO - Antibody_light_chain_na_sequences downloaded.
[2022-12-29T17:29:18.787-0300] {logging_mixin.py:137} INFO - Antibody_light_chain_na_sequences.fasta saved.
[2022-12-29T17:29:20.127-0300] {logging_mixin.py:137} INFO - Antibody_light_chain_aa_sequences downloaded.
[2022-12-29T17:29:20.127-0300] {logging_mixin.py:137} INFO - Antibody_light_chain_aa_sequences.fasta saved.
[2022-12-29T17:29:22.308-0300] {logging_mixin.py:137} INFO - Viruses downloaded.
[2022-12-29T17:29:22.310-0300] {logging_mixin.py:137} INFO - Viruses.tsv saved.
[2022-12-29T17:29:39.677-0300] {logging_mixin.py:137} INFO - Virus_na_alignment downloaded.
[2022-12-29T17:29:39.683-0300] {logging_mixin.py:137} INFO - Virus_na_alignment.tsv saved.
[2022-12-29T17:29:46.085-0300] {logging_mixin.py:137} INFO - Virus_aa_alignment downloaded.
[2022-12-29T17:29:46.088-0300] {logging_mixin.py:137} INFO - Virus_aa_alignment.tsv saved.
[2022-12-29T17:29:46.088-0300] {python.py:177} INFO - Done. Returned value was: None
[2022-12-29T17:29:46.104-0300] {taskinstance.py:1327} INFO - Marking task as SUCCESS. dag_id=download_catnap, task_id=download_files, execution_date=20221121T000000, start_date=20221229T202835, end_date=20221229T202946
[2022-12-29T17:29:46.150-0300] {local_task_job.py:159} INFO - Task exited with return code 0
[2022-12-29T17:29:46.182-0300] {taskinstance.py:2582} INFO - 1 downstream tasks scheduled from follow-on schedule check
