[2022-12-29T17:29:59.847-0300] {taskinstance.py:1087} INFO - Dependencies all met for <TaskInstance: download_catnap.download_files scheduled__2022-12-10T00:00:00+00:00 [queued]>
[2022-12-29T17:29:59.862-0300] {taskinstance.py:1087} INFO - Dependencies all met for <TaskInstance: download_catnap.download_files scheduled__2022-12-10T00:00:00+00:00 [queued]>
[2022-12-29T17:29:59.862-0300] {taskinstance.py:1283} INFO - 
--------------------------------------------------------------------------------
[2022-12-29T17:29:59.862-0300] {taskinstance.py:1284} INFO - Starting attempt 1 of 1
[2022-12-29T17:29:59.862-0300] {taskinstance.py:1285} INFO - 
--------------------------------------------------------------------------------
[2022-12-29T17:29:59.993-0300] {taskinstance.py:1304} INFO - Executing <Task(PythonOperator): download_files> on 2022-12-10 00:00:00+00:00
[2022-12-29T17:29:59.999-0300] {standard_task_runner.py:55} INFO - Started process 29512 to run task
[2022-12-29T17:30:00.002-0300] {standard_task_runner.py:82} INFO - Running: ['***', 'tasks', 'run', 'download_catnap', 'download_files', 'scheduled__2022-12-10T00:00:00+00:00', '--job-id', '100', '--raw', '--subdir', 'DAGS_FOLDER/download_catnap.py', '--cfg-path', '/tmp/tmpo5ra8945']
[2022-12-29T17:30:00.003-0300] {standard_task_runner.py:83} INFO - Job 100: Subtask download_files
[2022-12-29T17:30:00.096-0300] {task_command.py:389} INFO - Running <TaskInstance: download_catnap.download_files scheduled__2022-12-10T00:00:00+00:00 [running]> on host kallo-Ubuntu
[2022-12-29T17:30:00.185-0300] {taskinstance.py:1513} INFO - Exporting the following env vars:
AIRFLOW_CTX_DAG_OWNER=admin
AIRFLOW_CTX_DAG_ID=download_catnap
AIRFLOW_CTX_TASK_ID=download_files
AIRFLOW_CTX_EXECUTION_DATE=2022-12-10T00:00:00+00:00
AIRFLOW_CTX_TRY_NUMBER=1
AIRFLOW_CTX_DAG_RUN_ID=scheduled__2022-12-10T00:00:00+00:00
[2022-12-29T17:30:36.756-0300] {logging_mixin.py:137} INFO - Assay downloaded.
[2022-12-29T17:30:36.766-0300] {logging_mixin.py:137} INFO - Assay.tsv saved.
[2022-12-29T17:30:38.162-0300] {logging_mixin.py:137} INFO - Antibodies downloaded.
[2022-12-29T17:30:38.163-0300] {logging_mixin.py:137} INFO - Antibodies.tsv saved.
[2022-12-29T17:30:39.314-0300] {logging_mixin.py:137} INFO - Antibodies_germlines downloaded.
[2022-12-29T17:30:39.315-0300] {logging_mixin.py:137} INFO - Antibodies_germlines.tsv saved.
[2022-12-29T17:30:40.881-0300] {logging_mixin.py:137} INFO - Antibody_heavy_chain_na_sequences downloaded.
[2022-12-29T17:30:40.883-0300] {logging_mixin.py:137} INFO - Antibody_heavy_chain_na_sequences.fasta saved.
[2022-12-29T17:30:42.497-0300] {logging_mixin.py:137} INFO - Antibody_heavy_chain_aa_sequences downloaded.
[2022-12-29T17:30:42.498-0300] {logging_mixin.py:137} INFO - Antibody_heavy_chain_aa_sequences.fasta saved.
[2022-12-29T17:30:44.345-0300] {logging_mixin.py:137} INFO - Antibody_light_chain_na_sequences downloaded.
[2022-12-29T17:30:44.346-0300] {logging_mixin.py:137} INFO - Antibody_light_chain_na_sequences.fasta saved.
[2022-12-29T17:30:45.677-0300] {logging_mixin.py:137} INFO - Antibody_light_chain_aa_sequences downloaded.
[2022-12-29T17:30:45.679-0300] {logging_mixin.py:137} INFO - Antibody_light_chain_aa_sequences.fasta saved.
[2022-12-29T17:30:47.880-0300] {logging_mixin.py:137} INFO - Viruses downloaded.
[2022-12-29T17:30:47.881-0300] {logging_mixin.py:137} INFO - Viruses.tsv saved.
[2022-12-29T17:31:04.780-0300] {logging_mixin.py:137} INFO - Virus_na_alignment downloaded.
[2022-12-29T17:31:04.788-0300] {logging_mixin.py:137} INFO - Virus_na_alignment.tsv saved.
[2022-12-29T17:31:11.248-0300] {logging_mixin.py:137} INFO - Virus_aa_alignment downloaded.
[2022-12-29T17:31:11.251-0300] {logging_mixin.py:137} INFO - Virus_aa_alignment.tsv saved.
[2022-12-29T17:31:11.252-0300] {python.py:177} INFO - Done. Returned value was: None
[2022-12-29T17:31:11.271-0300] {taskinstance.py:1327} INFO - Marking task as SUCCESS. dag_id=download_catnap, task_id=download_files, execution_date=20221210T000000, start_date=20221229T202959, end_date=20221229T203111
[2022-12-29T17:31:11.415-0300] {local_task_job.py:159} INFO - Task exited with return code 0
[2022-12-29T17:31:11.463-0300] {taskinstance.py:2582} INFO - 1 downstream tasks scheduled from follow-on schedule check
