[2023-01-01T20:52:39.949-0300] {taskinstance.py:1087} INFO - Dependencies all met for <TaskInstance: get_interactions.string.get_uniprot_ids manual__2023-01-01T23:52:35.703689+00:00 [queued]>
[2023-01-01T20:52:39.966-0300] {taskinstance.py:1087} INFO - Dependencies all met for <TaskInstance: get_interactions.string.get_uniprot_ids manual__2023-01-01T23:52:35.703689+00:00 [queued]>
[2023-01-01T20:52:39.966-0300] {taskinstance.py:1283} INFO - 
--------------------------------------------------------------------------------
[2023-01-01T20:52:39.967-0300] {taskinstance.py:1284} INFO - Starting attempt 1 of 1
[2023-01-01T20:52:39.967-0300] {taskinstance.py:1285} INFO - 
--------------------------------------------------------------------------------
[2023-01-01T20:52:39.992-0300] {taskinstance.py:1304} INFO - Executing <Task(PythonOperator): string.get_uniprot_ids> on 2023-01-01 23:52:35.703689+00:00
[2023-01-01T20:52:39.998-0300] {standard_task_runner.py:55} INFO - Started process 9926 to run task
[2023-01-01T20:52:40.000-0300] {standard_task_runner.py:82} INFO - Running: ['***', 'tasks', 'run', 'get_interactions', 'string.get_uniprot_ids', 'manual__2023-01-01T23:52:35.703689+00:00', '--job-id', '157', '--raw', '--subdir', 'DAGS_FOLDER/get_interactions.py', '--cfg-path', '/tmp/tmpbkeny6mz']
[2023-01-01T20:52:40.001-0300] {standard_task_runner.py:83} INFO - Job 157: Subtask string.get_uniprot_ids
[2023-01-01T20:52:40.089-0300] {task_command.py:389} INFO - Running <TaskInstance: get_interactions.string.get_uniprot_ids manual__2023-01-01T23:52:35.703689+00:00 [running]> on host kallo-Ubuntu
[2023-01-01T20:52:40.193-0300] {taskinstance.py:1513} INFO - Exporting the following env vars:
AIRFLOW_CTX_DAG_OWNER=Kallox
AIRFLOW_CTX_DAG_ID=get_interactions
AIRFLOW_CTX_TASK_ID=string.get_uniprot_ids
AIRFLOW_CTX_EXECUTION_DATE=2023-01-01T23:52:35.703689+00:00
AIRFLOW_CTX_TRY_NUMBER=1
AIRFLOW_CTX_DAG_RUN_ID=manual__2023-01-01T23:52:35.703689+00:00
[2023-01-01T20:52:40.206-0300] {python.py:177} INFO - Done. Returned value was: None
[2023-01-01T20:52:40.223-0300] {taskinstance.py:1327} INFO - Marking task as SUCCESS. dag_id=get_interactions, task_id=string.get_uniprot_ids, execution_date=20230101T235235, start_date=20230101T235239, end_date=20230101T235240
[2023-01-01T20:52:40.292-0300] {local_task_job.py:159} INFO - Task exited with return code 0
[2023-01-01T20:52:40.349-0300] {taskinstance.py:2582} INFO - 1 downstream tasks scheduled from follow-on schedule check
