[2023-01-01T20:53:31.598-0300] {taskinstance.py:1087} INFO - Dependencies all met for <TaskInstance: get_interactions.string.get_uniprot_ids manual__2023-01-01T23:52:35.703689+00:00 [queued]>
[2023-01-01T20:53:31.614-0300] {taskinstance.py:1087} INFO - Dependencies all met for <TaskInstance: get_interactions.string.get_uniprot_ids manual__2023-01-01T23:52:35.703689+00:00 [queued]>
[2023-01-01T20:53:31.614-0300] {taskinstance.py:1283} INFO - 
--------------------------------------------------------------------------------
[2023-01-01T20:53:31.614-0300] {taskinstance.py:1284} INFO - Starting attempt 2 of 2
[2023-01-01T20:53:31.614-0300] {taskinstance.py:1285} INFO - 
--------------------------------------------------------------------------------
[2023-01-01T20:53:31.637-0300] {taskinstance.py:1304} INFO - Executing <Task(PythonOperator): string.get_uniprot_ids> on 2023-01-01 23:52:35.703689+00:00
[2023-01-01T20:53:31.644-0300] {standard_task_runner.py:55} INFO - Started process 10267 to run task
[2023-01-01T20:53:31.647-0300] {standard_task_runner.py:82} INFO - Running: ['***', 'tasks', 'run', 'get_interactions', 'string.get_uniprot_ids', 'manual__2023-01-01T23:52:35.703689+00:00', '--job-id', '163', '--raw', '--subdir', 'DAGS_FOLDER/get_interactions.py', '--cfg-path', '/tmp/tmphwa_g7zf']
[2023-01-01T20:53:31.648-0300] {standard_task_runner.py:83} INFO - Job 163: Subtask string.get_uniprot_ids
[2023-01-01T20:53:31.728-0300] {task_command.py:389} INFO - Running <TaskInstance: get_interactions.string.get_uniprot_ids manual__2023-01-01T23:52:35.703689+00:00 [running]> on host kallo-Ubuntu
[2023-01-01T20:53:31.823-0300] {taskinstance.py:1513} INFO - Exporting the following env vars:
AIRFLOW_CTX_DAG_OWNER=Kallox
AIRFLOW_CTX_DAG_ID=get_interactions
AIRFLOW_CTX_TASK_ID=string.get_uniprot_ids
AIRFLOW_CTX_EXECUTION_DATE=2023-01-01T23:52:35.703689+00:00
AIRFLOW_CTX_TRY_NUMBER=2
AIRFLOW_CTX_DAG_RUN_ID=manual__2023-01-01T23:52:35.703689+00:00
[2023-01-01T20:53:31.833-0300] {python.py:177} INFO - Done. Returned value was: None
[2023-01-01T20:53:31.847-0300] {taskinstance.py:1327} INFO - Marking task as SUCCESS. dag_id=get_interactions, task_id=string.get_uniprot_ids, execution_date=20230101T235235, start_date=20230101T235331, end_date=20230101T235331
[2023-01-01T20:53:31.899-0300] {local_task_job.py:159} INFO - Task exited with return code 0
[2023-01-01T20:53:31.970-0300] {taskinstance.py:2582} INFO - 1 downstream tasks scheduled from follow-on schedule check
