[2023-01-20T19:50:06.492-0300] {taskinstance.py:1087} INFO - Dependencies all met for <TaskInstance: get_antibodies.covabdab manual__2023-01-20T22:50:01.383520+00:00 [queued]>
[2023-01-20T19:50:06.502-0300] {taskinstance.py:1087} INFO - Dependencies all met for <TaskInstance: get_antibodies.covabdab manual__2023-01-20T22:50:01.383520+00:00 [queued]>
[2023-01-20T19:50:06.503-0300] {taskinstance.py:1283} INFO - 
--------------------------------------------------------------------------------
[2023-01-20T19:50:06.503-0300] {taskinstance.py:1284} INFO - Starting attempt 1 of 1
[2023-01-20T19:50:06.503-0300] {taskinstance.py:1285} INFO - 
--------------------------------------------------------------------------------
[2023-01-20T19:50:06.514-0300] {taskinstance.py:1304} INFO - Executing <Task(PythonOperator): covabdab> on 2023-01-20 22:50:01.383520+00:00
[2023-01-20T19:50:06.517-0300] {standard_task_runner.py:55} INFO - Started process 12686 to run task
[2023-01-20T19:50:06.521-0300] {standard_task_runner.py:82} INFO - Running: ['***', 'tasks', 'run', 'get_antibodies', 'covabdab', 'manual__2023-01-20T22:50:01.383520+00:00', '--job-id', '326', '--raw', '--subdir', 'DAGS_FOLDER/get_antibodies.py', '--cfg-path', '/tmp/tmpcfouougs']
[2023-01-20T19:50:06.522-0300] {standard_task_runner.py:83} INFO - Job 326: Subtask covabdab
[2023-01-20T19:50:06.597-0300] {task_command.py:389} INFO - Running <TaskInstance: get_antibodies.covabdab manual__2023-01-20T22:50:01.383520+00:00 [running]> on host kallo-Ubuntu
[2023-01-20T19:50:06.684-0300] {taskinstance.py:1513} INFO - Exporting the following env vars:
AIRFLOW_CTX_DAG_OWNER=Kallox
AIRFLOW_CTX_DAG_ID=get_antibodies
AIRFLOW_CTX_TASK_ID=covabdab
AIRFLOW_CTX_EXECUTION_DATE=2023-01-20T22:50:01.383520+00:00
AIRFLOW_CTX_TRY_NUMBER=1
AIRFLOW_CTX_DAG_RUN_ID=manual__2023-01-20T22:50:01.383520+00:00
[2023-01-20T19:50:06.778-0300] {python.py:177} INFO - Done. Returned value was: None
[2023-01-20T19:50:06.791-0300] {taskinstance.py:1327} INFO - Marking task as SUCCESS. dag_id=get_antibodies, task_id=covabdab, execution_date=20230120T225001, start_date=20230120T225006, end_date=20230120T225006
[2023-01-20T19:50:06.812-0300] {local_task_job.py:159} INFO - Task exited with return code 0
[2023-01-20T19:50:06.850-0300] {taskinstance.py:2582} INFO - 1 downstream tasks scheduled from follow-on schedule check
