[2023-01-07T20:49:36.737-0300] {taskinstance.py:1087} INFO - Dependencies all met for <TaskInstance: download_uniprot.download_files manual__2023-01-07T23:49:35.330876+00:00 [queued]>
[2023-01-07T20:49:36.749-0300] {taskinstance.py:1087} INFO - Dependencies all met for <TaskInstance: download_uniprot.download_files manual__2023-01-07T23:49:35.330876+00:00 [queued]>
[2023-01-07T20:49:36.750-0300] {taskinstance.py:1283} INFO - 
--------------------------------------------------------------------------------
[2023-01-07T20:49:36.750-0300] {taskinstance.py:1284} INFO - Starting attempt 1 of 1
[2023-01-07T20:49:36.750-0300] {taskinstance.py:1285} INFO - 
--------------------------------------------------------------------------------
[2023-01-07T20:49:36.770-0300] {taskinstance.py:1304} INFO - Executing <Task(PythonOperator): download_files> on 2023-01-07 23:49:35.330876+00:00
[2023-01-07T20:49:36.773-0300] {standard_task_runner.py:55} INFO - Started process 6058 to run task
[2023-01-07T20:49:36.775-0300] {standard_task_runner.py:82} INFO - Running: ['***', 'tasks', 'run', 'download_uniprot', 'download_files', 'manual__2023-01-07T23:49:35.330876+00:00', '--job-id', '276', '--raw', '--subdir', 'DAGS_FOLDER/download_uniprot.py', '--cfg-path', '/tmp/tmpkyzf1sr0']
[2023-01-07T20:49:36.776-0300] {standard_task_runner.py:83} INFO - Job 276: Subtask download_files
[2023-01-07T20:49:36.847-0300] {task_command.py:389} INFO - Running <TaskInstance: download_uniprot.download_files manual__2023-01-07T23:49:35.330876+00:00 [running]> on host kallo-Ubuntu
[2023-01-07T20:49:36.934-0300] {taskinstance.py:1513} INFO - Exporting the following env vars:
AIRFLOW_CTX_DAG_OWNER=Kallox
AIRFLOW_CTX_DAG_ID=download_uniprot
AIRFLOW_CTX_TASK_ID=download_files
AIRFLOW_CTX_EXECUTION_DATE=2023-01-07T23:49:35.330876+00:00
AIRFLOW_CTX_TRY_NUMBER=1
AIRFLOW_CTX_DAG_RUN_ID=manual__2023-01-07T23:49:35.330876+00:00
[2023-01-07T20:49:36.935-0300] {logging_mixin.py:137} INFO - /home/kallox/***
[2023-01-07T20:57:31.731-0300] {logging_mixin.py:137} INFO - antibody downloaded.
[2023-01-07T20:57:31.914-0300] {logging_mixin.py:137} INFO - antibody.json saved.
[2023-01-07T20:58:12.217-0300] {logging_mixin.py:137} INFO - abcd downloaded.
[2023-01-07T20:58:12.383-0300] {logging_mixin.py:137} INFO - abcd.json saved.
[2023-01-07T20:58:17.844-0300] {logging_mixin.py:137} INFO - imgtgene downloaded.
[2023-01-07T20:58:17.853-0300] {logging_mixin.py:137} INFO - imgtgene.json saved.
[2023-01-07T21:04:42.291-0300] {logging_mixin.py:137} INFO - antibodypedia downloaded.
[2023-01-07T21:04:43.969-0300] {logging_mixin.py:137} INFO - antibodypedia.json saved.
[2023-01-07T21:04:55.781-0300] {logging_mixin.py:137} INFO - cptc downloaded.
[2023-01-07T21:04:55.811-0300] {logging_mixin.py:137} INFO - cptc.json saved.
[2023-01-07T21:07:13.972-0300] {local_task_job.py:224} WARNING - State of this instance has been externally set to failed. Terminating instance.
[2023-01-07T21:07:13.985-0300] {process_utils.py:133} INFO - Sending Signals.SIGTERM to group 6058. PIDs of all processes in the group: [6058]
[2023-01-07T21:07:13.985-0300] {process_utils.py:84} INFO - Sending the signal Signals.SIGTERM to group 6058
[2023-01-07T21:07:13.985-0300] {taskinstance.py:1483} ERROR - Received SIGTERM. Terminating subprocesses.
[2023-01-07T21:07:14.198-0300] {process_utils.py:79} INFO - Process psutil.Process(pid=6058, status='terminated', exitcode=0, started='20:49:36') (6058) terminated with exit code 0
