[2022-12-29T17:30:01.617-0300] {taskinstance.py:1087} INFO - Dependencies all met for <TaskInstance: download_catnap.download_files scheduled__2022-12-18T00:00:00+00:00 [queued]>
[2022-12-29T17:30:01.630-0300] {taskinstance.py:1087} INFO - Dependencies all met for <TaskInstance: download_catnap.download_files scheduled__2022-12-18T00:00:00+00:00 [queued]>
[2022-12-29T17:30:01.630-0300] {taskinstance.py:1283} INFO - 
--------------------------------------------------------------------------------
[2022-12-29T17:30:01.630-0300] {taskinstance.py:1284} INFO - Starting attempt 1 of 1
[2022-12-29T17:30:01.630-0300] {taskinstance.py:1285} INFO - 
--------------------------------------------------------------------------------
[2022-12-29T17:30:01.643-0300] {taskinstance.py:1304} INFO - Executing <Task(PythonOperator): download_files> on 2022-12-18 00:00:00+00:00
[2022-12-29T17:30:01.647-0300] {standard_task_runner.py:55} INFO - Started process 29638 to run task
[2022-12-29T17:30:01.649-0300] {standard_task_runner.py:82} INFO - Running: ['***', 'tasks', 'run', 'download_catnap', 'download_files', 'scheduled__2022-12-18T00:00:00+00:00', '--job-id', '108', '--raw', '--subdir', 'DAGS_FOLDER/download_catnap.py', '--cfg-path', '/tmp/tmpyvrc7t2i']
[2022-12-29T17:30:01.650-0300] {standard_task_runner.py:83} INFO - Job 108: Subtask download_files
[2022-12-29T17:30:01.721-0300] {task_command.py:389} INFO - Running <TaskInstance: download_catnap.download_files scheduled__2022-12-18T00:00:00+00:00 [running]> on host kallo-Ubuntu
[2022-12-29T17:30:01.798-0300] {taskinstance.py:1513} INFO - Exporting the following env vars:
AIRFLOW_CTX_DAG_OWNER=admin
AIRFLOW_CTX_DAG_ID=download_catnap
AIRFLOW_CTX_TASK_ID=download_files
AIRFLOW_CTX_EXECUTION_DATE=2022-12-18T00:00:00+00:00
AIRFLOW_CTX_TRY_NUMBER=1
AIRFLOW_CTX_DAG_RUN_ID=scheduled__2022-12-18T00:00:00+00:00
[2022-12-29T17:30:39.068-0300] {logging_mixin.py:137} INFO - Assay downloaded.
[2022-12-29T17:30:39.079-0300] {logging_mixin.py:137} INFO - Assay.tsv saved.
[2022-12-29T17:30:40.680-0300] {logging_mixin.py:137} INFO - Antibodies downloaded.
[2022-12-29T17:30:40.681-0300] {logging_mixin.py:137} INFO - Antibodies.tsv saved.
[2022-12-29T17:30:42.089-0300] {logging_mixin.py:137} INFO - Antibodies_germlines downloaded.
[2022-12-29T17:30:42.090-0300] {logging_mixin.py:137} INFO - Antibodies_germlines.tsv saved.
[2022-12-29T17:30:44.115-0300] {logging_mixin.py:137} INFO - Antibody_heavy_chain_na_sequences downloaded.
[2022-12-29T17:30:44.117-0300] {logging_mixin.py:137} INFO - Antibody_heavy_chain_na_sequences.fasta saved.
[2022-12-29T17:30:45.754-0300] {logging_mixin.py:137} INFO - Antibody_heavy_chain_aa_sequences downloaded.
[2022-12-29T17:30:45.755-0300] {logging_mixin.py:137} INFO - Antibody_heavy_chain_aa_sequences.fasta saved.
[2022-12-29T17:30:47.370-0300] {logging_mixin.py:137} INFO - Antibody_light_chain_na_sequences downloaded.
[2022-12-29T17:30:47.371-0300] {logging_mixin.py:137} INFO - Antibody_light_chain_na_sequences.fasta saved.
[2022-12-29T17:30:48.850-0300] {logging_mixin.py:137} INFO - Antibody_light_chain_aa_sequences downloaded.
[2022-12-29T17:30:48.851-0300] {logging_mixin.py:137} INFO - Antibody_light_chain_aa_sequences.fasta saved.
[2022-12-29T17:30:50.891-0300] {logging_mixin.py:137} INFO - Viruses downloaded.
[2022-12-29T17:30:50.893-0300] {logging_mixin.py:137} INFO - Viruses.tsv saved.
[2022-12-29T17:31:07.449-0300] {logging_mixin.py:137} INFO - Virus_na_alignment downloaded.
[2022-12-29T17:31:07.455-0300] {logging_mixin.py:137} INFO - Virus_na_alignment.tsv saved.
[2022-12-29T17:31:13.753-0300] {logging_mixin.py:137} INFO - Virus_aa_alignment downloaded.
[2022-12-29T17:31:13.758-0300] {logging_mixin.py:137} INFO - Virus_aa_alignment.tsv saved.
[2022-12-29T17:31:13.758-0300] {python.py:177} INFO - Done. Returned value was: None
[2022-12-29T17:31:13.783-0300] {taskinstance.py:1327} INFO - Marking task as SUCCESS. dag_id=download_catnap, task_id=download_files, execution_date=20221218T000000, start_date=20221229T203001, end_date=20221229T203113
[2022-12-29T17:31:13.872-0300] {local_task_job.py:159} INFO - Task exited with return code 0
[2022-12-29T17:31:13.922-0300] {taskinstance.py:2582} INFO - 1 downstream tasks scheduled from follow-on schedule check
