[2023-01-05T21:00:01.564-0300] {taskinstance.py:1087} INFO - Dependencies all met for <TaskInstance: download_catnap.download_files scheduled__2023-01-05T00:00:00+00:00 [queued]>
[2023-01-05T21:00:01.576-0300] {taskinstance.py:1087} INFO - Dependencies all met for <TaskInstance: download_catnap.download_files scheduled__2023-01-05T00:00:00+00:00 [queued]>
[2023-01-05T21:00:01.577-0300] {taskinstance.py:1283} INFO - 
--------------------------------------------------------------------------------
[2023-01-05T21:00:01.577-0300] {taskinstance.py:1284} INFO - Starting attempt 1 of 1
[2023-01-05T21:00:01.577-0300] {taskinstance.py:1285} INFO - 
--------------------------------------------------------------------------------
[2023-01-05T21:00:01.587-0300] {taskinstance.py:1304} INFO - Executing <Task(PythonOperator): download_files> on 2023-01-05 00:00:00+00:00
[2023-01-05T21:00:01.591-0300] {standard_task_runner.py:55} INFO - Started process 16476 to run task
[2023-01-05T21:00:01.594-0300] {standard_task_runner.py:82} INFO - Running: ['***', 'tasks', 'run', 'download_catnap', 'download_files', 'scheduled__2023-01-05T00:00:00+00:00', '--job-id', '259', '--raw', '--subdir', 'DAGS_FOLDER/download_catnap.py', '--cfg-path', '/tmp/tmpklbugd6n']
[2023-01-05T21:00:01.595-0300] {standard_task_runner.py:83} INFO - Job 259: Subtask download_files
[2023-01-05T21:00:01.660-0300] {task_command.py:389} INFO - Running <TaskInstance: download_catnap.download_files scheduled__2023-01-05T00:00:00+00:00 [running]> on host kallo-Ubuntu
[2023-01-05T21:00:01.737-0300] {taskinstance.py:1513} INFO - Exporting the following env vars:
AIRFLOW_CTX_DAG_OWNER=admin
AIRFLOW_CTX_DAG_ID=download_catnap
AIRFLOW_CTX_TASK_ID=download_files
AIRFLOW_CTX_EXECUTION_DATE=2023-01-05T00:00:00+00:00
AIRFLOW_CTX_TRY_NUMBER=1
AIRFLOW_CTX_DAG_RUN_ID=scheduled__2023-01-05T00:00:00+00:00
[2023-01-05T21:00:40.308-0300] {logging_mixin.py:137} INFO - Assay downloaded.
[2023-01-05T21:00:40.321-0300] {logging_mixin.py:137} INFO - Assay.tsv saved.
[2023-01-05T21:00:42.729-0300] {logging_mixin.py:137} INFO - Antibodies downloaded.
[2023-01-05T21:00:42.731-0300] {logging_mixin.py:137} INFO - Antibodies.tsv saved.
[2023-01-05T21:00:44.664-0300] {logging_mixin.py:137} INFO - Antibodies_germlines downloaded.
[2023-01-05T21:00:44.665-0300] {logging_mixin.py:137} INFO - Antibodies_germlines.tsv saved.
[2023-01-05T21:00:46.594-0300] {logging_mixin.py:137} INFO - Antibody_heavy_chain_na_sequences downloaded.
[2023-01-05T21:00:46.596-0300] {logging_mixin.py:137} INFO - Antibody_heavy_chain_na_sequences.fasta saved.
[2023-01-05T21:00:48.606-0300] {logging_mixin.py:137} INFO - Antibody_heavy_chain_aa_sequences downloaded.
[2023-01-05T21:00:48.607-0300] {logging_mixin.py:137} INFO - Antibody_heavy_chain_aa_sequences.fasta saved.
[2023-01-05T21:00:50.846-0300] {logging_mixin.py:137} INFO - Antibody_light_chain_na_sequences downloaded.
[2023-01-05T21:00:50.847-0300] {logging_mixin.py:137} INFO - Antibody_light_chain_na_sequences.fasta saved.
[2023-01-05T21:00:52.260-0300] {logging_mixin.py:137} INFO - Antibody_light_chain_aa_sequences downloaded.
[2023-01-05T21:00:52.261-0300] {logging_mixin.py:137} INFO - Antibody_light_chain_aa_sequences.fasta saved.
[2023-01-05T21:00:54.140-0300] {logging_mixin.py:137} INFO - Viruses downloaded.
[2023-01-05T21:00:54.142-0300] {logging_mixin.py:137} INFO - Viruses.tsv saved.
[2023-01-05T21:01:10.851-0300] {logging_mixin.py:137} INFO - Virus_na_alignment downloaded.
[2023-01-05T21:01:10.862-0300] {logging_mixin.py:137} INFO - Virus_na_alignment.tsv saved.
[2023-01-05T21:01:17.848-0300] {logging_mixin.py:137} INFO - Virus_aa_alignment downloaded.
[2023-01-05T21:01:17.852-0300] {logging_mixin.py:137} INFO - Virus_aa_alignment.tsv saved.
[2023-01-05T21:01:17.853-0300] {python.py:177} INFO - Done. Returned value was: None
[2023-01-05T21:01:17.871-0300] {taskinstance.py:1327} INFO - Marking task as SUCCESS. dag_id=download_catnap, task_id=download_files, execution_date=20230105T000000, start_date=20230106T000001, end_date=20230106T000117
[2023-01-05T21:01:17.927-0300] {local_task_job.py:159} INFO - Task exited with return code 0
[2023-01-05T21:01:17.954-0300] {taskinstance.py:2582} INFO - 1 downstream tasks scheduled from follow-on schedule check
