[2023-01-20T19:50:11.611-0300] {taskinstance.py:1087} INFO - Dependencies all met for <TaskInstance: get_antibodies.join_antibodies manual__2023-01-20T22:50:01.383520+00:00 [queued]>
[2023-01-20T19:50:11.622-0300] {taskinstance.py:1087} INFO - Dependencies all met for <TaskInstance: get_antibodies.join_antibodies manual__2023-01-20T22:50:01.383520+00:00 [queued]>
[2023-01-20T19:50:11.622-0300] {taskinstance.py:1283} INFO - 
--------------------------------------------------------------------------------
[2023-01-20T19:50:11.623-0300] {taskinstance.py:1284} INFO - Starting attempt 1 of 1
[2023-01-20T19:50:11.623-0300] {taskinstance.py:1285} INFO - 
--------------------------------------------------------------------------------
[2023-01-20T19:50:11.641-0300] {taskinstance.py:1304} INFO - Executing <Task(PythonOperator): join_antibodies> on 2023-01-20 22:50:01.383520+00:00
[2023-01-20T19:50:11.645-0300] {standard_task_runner.py:55} INFO - Started process 12741 to run task
[2023-01-20T19:50:11.649-0300] {standard_task_runner.py:82} INFO - Running: ['***', 'tasks', 'run', 'get_antibodies', 'join_antibodies', 'manual__2023-01-20T22:50:01.383520+00:00', '--job-id', '329', '--raw', '--subdir', 'DAGS_FOLDER/get_antibodies.py', '--cfg-path', '/tmp/tmpwllqf1e6']
[2023-01-20T19:50:11.650-0300] {standard_task_runner.py:83} INFO - Job 329: Subtask join_antibodies
[2023-01-20T19:50:11.716-0300] {task_command.py:389} INFO - Running <TaskInstance: get_antibodies.join_antibodies manual__2023-01-20T22:50:01.383520+00:00 [running]> on host kallo-Ubuntu
[2023-01-20T19:50:11.797-0300] {taskinstance.py:1513} INFO - Exporting the following env vars:
AIRFLOW_CTX_DAG_OWNER=Kallox
AIRFLOW_CTX_DAG_ID=get_antibodies
AIRFLOW_CTX_TASK_ID=join_antibodies
AIRFLOW_CTX_EXECUTION_DATE=2023-01-20T22:50:01.383520+00:00
AIRFLOW_CTX_TRY_NUMBER=1
AIRFLOW_CTX_DAG_RUN_ID=manual__2023-01-20T22:50:01.383520+00:00
[2023-01-20T19:50:14.978-0300] {python.py:177} INFO - Done. Returned value was: None
[2023-01-20T19:50:14.991-0300] {taskinstance.py:1327} INFO - Marking task as SUCCESS. dag_id=get_antibodies, task_id=join_antibodies, execution_date=20230120T225001, start_date=20230120T225011, end_date=20230120T225014
[2023-01-20T19:50:15.029-0300] {local_task_job.py:159} INFO - Task exited with return code 0
[2023-01-20T19:50:15.063-0300] {taskinstance.py:2582} INFO - 1 downstream tasks scheduled from follow-on schedule check
