[2023-01-01T20:30:46.601-0300] {processor.py:153} INFO - Started process (PID=3623) to work on /home/kallox/anaconda3/envs/airflow/lib/python3.7/site-packages/airflow/example_dags/plugins/workday.py
[2023-01-01T20:30:46.602-0300] {processor.py:743} INFO - Processing file /home/kallox/anaconda3/envs/airflow/lib/python3.7/site-packages/airflow/example_dags/plugins/workday.py for tasks to queue
[2023-01-01T20:30:46.603-0300] {logging_mixin.py:137} INFO - [2023-01-01T20:30:46.602-0300] {dagbag.py:538} INFO - Filling up the DagBag from /home/kallox/anaconda3/envs/airflow/lib/python3.7/site-packages/airflow/example_dags/plugins/workday.py
[2023-01-01T20:30:46.604-0300] {processor.py:755} WARNING - No viable dags retrieved from /home/kallox/anaconda3/envs/airflow/lib/python3.7/site-packages/airflow/example_dags/plugins/workday.py
[2023-01-01T20:30:46.619-0300] {processor.py:175} INFO - Processing /home/kallox/anaconda3/envs/airflow/lib/python3.7/site-packages/airflow/example_dags/plugins/workday.py took 0.020 seconds
[2023-01-01T20:31:17.703-0300] {processor.py:153} INFO - Started process (PID=4890) to work on /home/kallox/anaconda3/envs/airflow/lib/python3.7/site-packages/airflow/example_dags/plugins/workday.py
[2023-01-01T20:31:17.704-0300] {processor.py:743} INFO - Processing file /home/kallox/anaconda3/envs/airflow/lib/python3.7/site-packages/airflow/example_dags/plugins/workday.py for tasks to queue
[2023-01-01T20:31:17.705-0300] {logging_mixin.py:137} INFO - [2023-01-01T20:31:17.705-0300] {dagbag.py:538} INFO - Filling up the DagBag from /home/kallox/anaconda3/envs/airflow/lib/python3.7/site-packages/airflow/example_dags/plugins/workday.py
[2023-01-01T20:31:17.707-0300] {processor.py:755} WARNING - No viable dags retrieved from /home/kallox/anaconda3/envs/airflow/lib/python3.7/site-packages/airflow/example_dags/plugins/workday.py
[2023-01-01T20:31:17.727-0300] {processor.py:175} INFO - Processing /home/kallox/anaconda3/envs/airflow/lib/python3.7/site-packages/airflow/example_dags/plugins/workday.py took 0.028 seconds
[2023-01-01T20:31:48.538-0300] {processor.py:153} INFO - Started process (PID=5267) to work on /home/kallox/anaconda3/envs/airflow/lib/python3.7/site-packages/airflow/example_dags/plugins/workday.py
[2023-01-01T20:31:48.539-0300] {processor.py:743} INFO - Processing file /home/kallox/anaconda3/envs/airflow/lib/python3.7/site-packages/airflow/example_dags/plugins/workday.py for tasks to queue
[2023-01-01T20:31:48.539-0300] {logging_mixin.py:137} INFO - [2023-01-01T20:31:48.539-0300] {dagbag.py:538} INFO - Filling up the DagBag from /home/kallox/anaconda3/envs/airflow/lib/python3.7/site-packages/airflow/example_dags/plugins/workday.py
[2023-01-01T20:31:48.540-0300] {processor.py:755} WARNING - No viable dags retrieved from /home/kallox/anaconda3/envs/airflow/lib/python3.7/site-packages/airflow/example_dags/plugins/workday.py
[2023-01-01T20:31:48.555-0300] {processor.py:175} INFO - Processing /home/kallox/anaconda3/envs/airflow/lib/python3.7/site-packages/airflow/example_dags/plugins/workday.py took 0.019 seconds
[2023-01-01T20:32:18.885-0300] {processor.py:153} INFO - Started process (PID=5624) to work on /home/kallox/anaconda3/envs/airflow/lib/python3.7/site-packages/airflow/example_dags/plugins/workday.py
[2023-01-01T20:32:18.886-0300] {processor.py:743} INFO - Processing file /home/kallox/anaconda3/envs/airflow/lib/python3.7/site-packages/airflow/example_dags/plugins/workday.py for tasks to queue
[2023-01-01T20:32:18.886-0300] {logging_mixin.py:137} INFO - [2023-01-01T20:32:18.886-0300] {dagbag.py:538} INFO - Filling up the DagBag from /home/kallox/anaconda3/envs/airflow/lib/python3.7/site-packages/airflow/example_dags/plugins/workday.py
[2023-01-01T20:32:18.888-0300] {processor.py:755} WARNING - No viable dags retrieved from /home/kallox/anaconda3/envs/airflow/lib/python3.7/site-packages/airflow/example_dags/plugins/workday.py
[2023-01-01T20:32:18.903-0300] {processor.py:175} INFO - Processing /home/kallox/anaconda3/envs/airflow/lib/python3.7/site-packages/airflow/example_dags/plugins/workday.py took 0.021 seconds
[2023-01-01T20:32:50.493-0300] {processor.py:153} INFO - Started process (PID=5939) to work on /home/kallox/anaconda3/envs/airflow/lib/python3.7/site-packages/airflow/example_dags/plugins/workday.py
[2023-01-01T20:32:50.494-0300] {processor.py:743} INFO - Processing file /home/kallox/anaconda3/envs/airflow/lib/python3.7/site-packages/airflow/example_dags/plugins/workday.py for tasks to queue
[2023-01-01T20:32:50.494-0300] {logging_mixin.py:137} INFO - [2023-01-01T20:32:50.494-0300] {dagbag.py:538} INFO - Filling up the DagBag from /home/kallox/anaconda3/envs/airflow/lib/python3.7/site-packages/airflow/example_dags/plugins/workday.py
[2023-01-01T20:32:50.495-0300] {processor.py:755} WARNING - No viable dags retrieved from /home/kallox/anaconda3/envs/airflow/lib/python3.7/site-packages/airflow/example_dags/plugins/workday.py
[2023-01-01T20:32:50.510-0300] {processor.py:175} INFO - Processing /home/kallox/anaconda3/envs/airflow/lib/python3.7/site-packages/airflow/example_dags/plugins/workday.py took 0.018 seconds
[2023-01-01T20:33:21.364-0300] {processor.py:153} INFO - Started process (PID=6241) to work on /home/kallox/anaconda3/envs/airflow/lib/python3.7/site-packages/airflow/example_dags/plugins/workday.py
[2023-01-01T20:33:21.365-0300] {processor.py:743} INFO - Processing file /home/kallox/anaconda3/envs/airflow/lib/python3.7/site-packages/airflow/example_dags/plugins/workday.py for tasks to queue
[2023-01-01T20:33:21.365-0300] {logging_mixin.py:137} INFO - [2023-01-01T20:33:21.365-0300] {dagbag.py:538} INFO - Filling up the DagBag from /home/kallox/anaconda3/envs/airflow/lib/python3.7/site-packages/airflow/example_dags/plugins/workday.py
[2023-01-01T20:33:21.366-0300] {processor.py:755} WARNING - No viable dags retrieved from /home/kallox/anaconda3/envs/airflow/lib/python3.7/site-packages/airflow/example_dags/plugins/workday.py
[2023-01-01T20:33:21.380-0300] {processor.py:175} INFO - Processing /home/kallox/anaconda3/envs/airflow/lib/python3.7/site-packages/airflow/example_dags/plugins/workday.py took 0.018 seconds
