[2023-01-20T19:21:40.277-0300] {taskinstance.py:1087} INFO - Dependencies all met for <TaskInstance: download_catnap.download_files scheduled__2023-01-19T00:00:00+00:00 [queued]>
[2023-01-20T19:21:40.288-0300] {taskinstance.py:1087} INFO - Dependencies all met for <TaskInstance: download_catnap.download_files scheduled__2023-01-19T00:00:00+00:00 [queued]>
[2023-01-20T19:21:40.288-0300] {taskinstance.py:1283} INFO - 
--------------------------------------------------------------------------------
[2023-01-20T19:21:40.288-0300] {taskinstance.py:1284} INFO - Starting attempt 1 of 1
[2023-01-20T19:21:40.288-0300] {taskinstance.py:1285} INFO - 
--------------------------------------------------------------------------------
[2023-01-20T19:21:40.299-0300] {taskinstance.py:1304} INFO - Executing <Task(PythonOperator): download_files> on 2023-01-19 00:00:00+00:00
[2023-01-20T19:21:40.302-0300] {standard_task_runner.py:55} INFO - Started process 6322 to run task
[2023-01-20T19:21:40.304-0300] {standard_task_runner.py:82} INFO - Running: ['***', 'tasks', 'run', 'download_catnap', 'download_files', 'scheduled__2023-01-19T00:00:00+00:00', '--job-id', '299', '--raw', '--subdir', 'DAGS_FOLDER/download_catnap.py', '--cfg-path', '/tmp/tmpsy_efsxy']
[2023-01-20T19:21:40.305-0300] {standard_task_runner.py:83} INFO - Job 299: Subtask download_files
[2023-01-20T19:21:40.367-0300] {task_command.py:389} INFO - Running <TaskInstance: download_catnap.download_files scheduled__2023-01-19T00:00:00+00:00 [running]> on host kallo-Ubuntu
[2023-01-20T19:21:40.431-0300] {taskinstance.py:1513} INFO - Exporting the following env vars:
AIRFLOW_CTX_DAG_OWNER=admin
AIRFLOW_CTX_DAG_ID=download_catnap
AIRFLOW_CTX_TASK_ID=download_files
AIRFLOW_CTX_EXECUTION_DATE=2023-01-19T00:00:00+00:00
AIRFLOW_CTX_TRY_NUMBER=1
AIRFLOW_CTX_DAG_RUN_ID=scheduled__2023-01-19T00:00:00+00:00
[2023-01-20T19:22:21.034-0300] {logging_mixin.py:137} INFO - Assay downloaded.
[2023-01-20T19:22:21.042-0300] {logging_mixin.py:137} INFO - Assay.tsv saved.
[2023-01-20T19:22:22.461-0300] {logging_mixin.py:137} INFO - Antibodies downloaded.
[2023-01-20T19:22:22.462-0300] {logging_mixin.py:137} INFO - Antibodies.tsv saved.
[2023-01-20T19:22:23.673-0300] {logging_mixin.py:137} INFO - Antibodies_germlines downloaded.
[2023-01-20T19:22:23.681-0300] {logging_mixin.py:137} INFO - Antibodies_germlines.tsv saved.
[2023-01-20T19:22:25.503-0300] {logging_mixin.py:137} INFO - Antibody_heavy_chain_na_sequences downloaded.
[2023-01-20T19:22:25.504-0300] {logging_mixin.py:137} INFO - Antibody_heavy_chain_na_sequences.fasta saved.
[2023-01-20T19:22:27.136-0300] {logging_mixin.py:137} INFO - Antibody_heavy_chain_aa_sequences downloaded.
[2023-01-20T19:22:27.137-0300] {logging_mixin.py:137} INFO - Antibody_heavy_chain_aa_sequences.fasta saved.
[2023-01-20T19:22:28.726-0300] {logging_mixin.py:137} INFO - Antibody_light_chain_na_sequences downloaded.
[2023-01-20T19:22:28.735-0300] {logging_mixin.py:137} INFO - Antibody_light_chain_na_sequences.fasta saved.
[2023-01-20T19:22:30.078-0300] {logging_mixin.py:137} INFO - Antibody_light_chain_aa_sequences downloaded.
[2023-01-20T19:22:30.079-0300] {logging_mixin.py:137} INFO - Antibody_light_chain_aa_sequences.fasta saved.
[2023-01-20T19:22:32.093-0300] {logging_mixin.py:137} INFO - Viruses downloaded.
[2023-01-20T19:22:32.094-0300] {logging_mixin.py:137} INFO - Viruses.tsv saved.
[2023-01-20T19:22:52.479-0300] {logging_mixin.py:137} INFO - Virus_na_alignment downloaded.
[2023-01-20T19:22:52.487-0300] {logging_mixin.py:137} INFO - Virus_na_alignment.tsv saved.
[2023-01-20T19:22:59.718-0300] {logging_mixin.py:137} INFO - Virus_aa_alignment downloaded.
[2023-01-20T19:22:59.721-0300] {logging_mixin.py:137} INFO - Virus_aa_alignment.tsv saved.
[2023-01-20T19:22:59.721-0300] {python.py:177} INFO - Done. Returned value was: None
[2023-01-20T19:22:59.736-0300] {taskinstance.py:1327} INFO - Marking task as SUCCESS. dag_id=download_catnap, task_id=download_files, execution_date=20230119T000000, start_date=20230120T222140, end_date=20230120T222259
[2023-01-20T19:22:59.774-0300] {local_task_job.py:159} INFO - Task exited with return code 0
[2023-01-20T19:22:59.806-0300] {taskinstance.py:2582} INFO - 1 downstream tasks scheduled from follow-on schedule check
