[2023-01-04T19:53:54.811-0300] {taskinstance.py:1087} INFO - Dependencies all met for <TaskInstance: download_uniprot.download_files manual__2023-01-04T22:53:53.247429+00:00 [queued]>
[2023-01-04T19:53:54.823-0300] {taskinstance.py:1087} INFO - Dependencies all met for <TaskInstance: download_uniprot.download_files manual__2023-01-04T22:53:53.247429+00:00 [queued]>
[2023-01-04T19:53:54.823-0300] {taskinstance.py:1283} INFO - 
--------------------------------------------------------------------------------
[2023-01-04T19:53:54.823-0300] {taskinstance.py:1284} INFO - Starting attempt 1 of 1
[2023-01-04T19:53:54.823-0300] {taskinstance.py:1285} INFO - 
--------------------------------------------------------------------------------
[2023-01-04T19:53:54.843-0300] {taskinstance.py:1304} INFO - Executing <Task(PythonOperator): download_files> on 2023-01-04 22:53:53.247429+00:00
[2023-01-04T19:53:54.846-0300] {standard_task_runner.py:55} INFO - Started process 13629 to run task
[2023-01-04T19:53:54.848-0300] {standard_task_runner.py:82} INFO - Running: ['***', 'tasks', 'run', 'download_uniprot', 'download_files', 'manual__2023-01-04T22:53:53.247429+00:00', '--job-id', '248', '--raw', '--subdir', 'DAGS_FOLDER/download_uniprot.py', '--cfg-path', '/tmp/tmp5fmxl6t8']
[2023-01-04T19:53:54.849-0300] {standard_task_runner.py:83} INFO - Job 248: Subtask download_files
[2023-01-04T19:53:54.919-0300] {task_command.py:389} INFO - Running <TaskInstance: download_uniprot.download_files manual__2023-01-04T22:53:53.247429+00:00 [running]> on host kallo-Ubuntu
[2023-01-04T19:53:54.995-0300] {taskinstance.py:1513} INFO - Exporting the following env vars:
AIRFLOW_CTX_DAG_OWNER=Kallox
AIRFLOW_CTX_DAG_ID=download_uniprot
AIRFLOW_CTX_TASK_ID=download_files
AIRFLOW_CTX_EXECUTION_DATE=2023-01-04T22:53:53.247429+00:00
AIRFLOW_CTX_TRY_NUMBER=1
AIRFLOW_CTX_DAG_RUN_ID=manual__2023-01-04T22:53:53.247429+00:00
[2023-01-04T19:53:54.995-0300] {logging_mixin.py:137} INFO - /home/kallox/***
[2023-01-04T19:54:45.480-0300] {logging_mixin.py:137} INFO - antibody downloaded.
[2023-01-04T19:54:45.684-0300] {logging_mixin.py:137} INFO - antibody.json saved.
[2023-01-04T20:00:58.726-0300] {logging_mixin.py:137} INFO - abcd downloaded.
[2023-01-04T20:00:58.852-0300] {logging_mixin.py:137} INFO - abcd.json saved.
[2023-01-04T20:01:06.551-0300] {logging_mixin.py:137} INFO - imgtgene downloaded.
[2023-01-04T20:01:06.562-0300] {logging_mixin.py:137} INFO - imgtgene.json saved.
[2023-01-04T20:10:27.903-0300] {logging_mixin.py:137} INFO - antibodypedia downloaded.
[2023-01-04T20:10:29.696-0300] {logging_mixin.py:137} INFO - antibodypedia.json saved.
[2023-01-04T20:10:42.814-0300] {logging_mixin.py:137} INFO - cptc downloaded.
[2023-01-04T20:10:42.841-0300] {logging_mixin.py:137} INFO - cptc.json saved.
[2023-01-04T20:27:41.169-0300] {logging_mixin.py:137} INFO - antigen downloaded.
[2023-01-04T20:27:46.205-0300] {logging_mixin.py:137} INFO - antigen.json saved.
[2023-01-04T20:27:46.461-0300] {python.py:177} INFO - Done. Returned value was: None
[2023-01-04T20:27:46.656-0300] {taskinstance.py:1327} INFO - Marking task as SUCCESS. dag_id=download_uniprot, task_id=download_files, execution_date=20230104T225353, start_date=20230104T225354, end_date=20230104T232746
[2023-01-04T20:27:46.990-0300] {local_task_job.py:159} INFO - Task exited with return code 0
[2023-01-04T20:27:47.104-0300] {taskinstance.py:2582} INFO - 1 downstream tasks scheduled from follow-on schedule check
