[2022-12-29T17:27:02.791-0300] {taskinstance.py:1087} INFO - Dependencies all met for <TaskInstance: download_catnap.download_files scheduled__2022-11-14T00:00:00+00:00 [queued]>
[2022-12-29T17:27:02.814-0300] {taskinstance.py:1087} INFO - Dependencies all met for <TaskInstance: download_catnap.download_files scheduled__2022-11-14T00:00:00+00:00 [queued]>
[2022-12-29T17:27:02.815-0300] {taskinstance.py:1283} INFO - 
--------------------------------------------------------------------------------
[2022-12-29T17:27:02.815-0300] {taskinstance.py:1284} INFO - Starting attempt 1 of 1
[2022-12-29T17:27:02.816-0300] {taskinstance.py:1285} INFO - 
--------------------------------------------------------------------------------
[2022-12-29T17:27:03.058-0300] {taskinstance.py:1304} INFO - Executing <Task(PythonOperator): download_files> on 2022-11-14 00:00:00+00:00
[2022-12-29T17:27:03.064-0300] {standard_task_runner.py:55} INFO - Started process 25337 to run task
[2022-12-29T17:27:03.067-0300] {standard_task_runner.py:82} INFO - Running: ['***', 'tasks', 'run', 'download_catnap', 'download_files', 'scheduled__2022-11-14T00:00:00+00:00', '--job-id', '44', '--raw', '--subdir', 'DAGS_FOLDER/download_catnap.py', '--cfg-path', '/tmp/tmp3zib3tfv']
[2022-12-29T17:27:03.068-0300] {standard_task_runner.py:83} INFO - Job 44: Subtask download_files
[2022-12-29T17:27:03.178-0300] {task_command.py:389} INFO - Running <TaskInstance: download_catnap.download_files scheduled__2022-11-14T00:00:00+00:00 [running]> on host kallo-Ubuntu
[2022-12-29T17:27:03.300-0300] {taskinstance.py:1513} INFO - Exporting the following env vars:
AIRFLOW_CTX_DAG_OWNER=admin
AIRFLOW_CTX_DAG_ID=download_catnap
AIRFLOW_CTX_TASK_ID=download_files
AIRFLOW_CTX_EXECUTION_DATE=2022-11-14T00:00:00+00:00
AIRFLOW_CTX_TRY_NUMBER=1
AIRFLOW_CTX_DAG_RUN_ID=scheduled__2022-11-14T00:00:00+00:00
[2022-12-29T17:27:40.330-0300] {logging_mixin.py:137} INFO - Assay downloaded.
[2022-12-29T17:27:40.345-0300] {logging_mixin.py:137} INFO - Assay.tsv saved.
[2022-12-29T17:27:41.705-0300] {logging_mixin.py:137} INFO - Antibodies downloaded.
[2022-12-29T17:27:41.706-0300] {logging_mixin.py:137} INFO - Antibodies.tsv saved.
[2022-12-29T17:27:42.932-0300] {logging_mixin.py:137} INFO - Antibodies_germlines downloaded.
[2022-12-29T17:27:42.933-0300] {logging_mixin.py:137} INFO - Antibodies_germlines.tsv saved.
[2022-12-29T17:27:44.730-0300] {logging_mixin.py:137} INFO - Antibody_heavy_chain_na_sequences downloaded.
[2022-12-29T17:27:44.731-0300] {logging_mixin.py:137} INFO - Antibody_heavy_chain_na_sequences.fasta saved.
[2022-12-29T17:27:46.380-0300] {logging_mixin.py:137} INFO - Antibody_heavy_chain_aa_sequences downloaded.
[2022-12-29T17:27:46.381-0300] {logging_mixin.py:137} INFO - Antibody_heavy_chain_aa_sequences.fasta saved.
[2022-12-29T17:27:47.946-0300] {logging_mixin.py:137} INFO - Antibody_light_chain_na_sequences downloaded.
[2022-12-29T17:27:47.947-0300] {logging_mixin.py:137} INFO - Antibody_light_chain_na_sequences.fasta saved.
[2022-12-29T17:27:49.340-0300] {logging_mixin.py:137} INFO - Antibody_light_chain_aa_sequences downloaded.
[2022-12-29T17:27:49.342-0300] {logging_mixin.py:137} INFO - Antibody_light_chain_aa_sequences.fasta saved.
[2022-12-29T17:27:51.539-0300] {logging_mixin.py:137} INFO - Viruses downloaded.
[2022-12-29T17:27:51.541-0300] {logging_mixin.py:137} INFO - Viruses.tsv saved.
[2022-12-29T17:28:08.365-0300] {logging_mixin.py:137} INFO - Virus_na_alignment downloaded.
[2022-12-29T17:28:08.371-0300] {logging_mixin.py:137} INFO - Virus_na_alignment.tsv saved.
[2022-12-29T17:28:15.057-0300] {logging_mixin.py:137} INFO - Virus_aa_alignment downloaded.
[2022-12-29T17:28:15.063-0300] {logging_mixin.py:137} INFO - Virus_aa_alignment.tsv saved.
[2022-12-29T17:28:15.064-0300] {python.py:177} INFO - Done. Returned value was: None
[2022-12-29T17:28:15.088-0300] {taskinstance.py:1327} INFO - Marking task as SUCCESS. dag_id=download_catnap, task_id=download_files, execution_date=20221114T000000, start_date=20221229T202702, end_date=20221229T202815
[2022-12-29T17:28:15.294-0300] {local_task_job.py:159} INFO - Task exited with return code 0
[2022-12-29T17:28:15.370-0300] {taskinstance.py:2582} INFO - 1 downstream tasks scheduled from follow-on schedule check
