[2023-01-01T20:31:55.142-0300] {taskinstance.py:1087} INFO - Dependencies all met for <TaskInstance: download_catnap.extract_files scheduled__2022-12-30T00:00:00+00:00 [queued]>
[2023-01-01T20:31:55.154-0300] {taskinstance.py:1087} INFO - Dependencies all met for <TaskInstance: download_catnap.extract_files scheduled__2022-12-30T00:00:00+00:00 [queued]>
[2023-01-01T20:31:55.154-0300] {taskinstance.py:1283} INFO - 
--------------------------------------------------------------------------------
[2023-01-01T20:31:55.154-0300] {taskinstance.py:1284} INFO - Starting attempt 1 of 1
[2023-01-01T20:31:55.154-0300] {taskinstance.py:1285} INFO - 
--------------------------------------------------------------------------------
[2023-01-01T20:31:55.169-0300] {taskinstance.py:1304} INFO - Executing <Task(PythonOperator): extract_files> on 2022-12-30 00:00:00+00:00
[2023-01-01T20:31:55.173-0300] {standard_task_runner.py:55} INFO - Started process 5528 to run task
[2023-01-01T20:31:55.175-0300] {standard_task_runner.py:82} INFO - Running: ['***', 'tasks', 'run', 'download_catnap', 'extract_files', 'scheduled__2022-12-30T00:00:00+00:00', '--job-id', '152', '--raw', '--subdir', 'DAGS_FOLDER/download_catnap.py', '--cfg-path', '/tmp/tmp8o9ci7ge']
[2023-01-01T20:31:55.176-0300] {standard_task_runner.py:83} INFO - Job 152: Subtask extract_files
[2023-01-01T20:31:55.250-0300] {task_command.py:389} INFO - Running <TaskInstance: download_catnap.extract_files scheduled__2022-12-30T00:00:00+00:00 [running]> on host kallo-Ubuntu
[2023-01-01T20:31:55.324-0300] {taskinstance.py:1513} INFO - Exporting the following env vars:
AIRFLOW_CTX_DAG_OWNER=admin
AIRFLOW_CTX_DAG_ID=download_catnap
AIRFLOW_CTX_TASK_ID=extract_files
AIRFLOW_CTX_EXECUTION_DATE=2022-12-30T00:00:00+00:00
AIRFLOW_CTX_TRY_NUMBER=1
AIRFLOW_CTX_DAG_RUN_ID=scheduled__2022-12-30T00:00:00+00:00
[2023-01-01T20:31:56.208-0300] {python.py:177} INFO - Done. Returned value was: None
[2023-01-01T20:31:56.222-0300] {taskinstance.py:1327} INFO - Marking task as SUCCESS. dag_id=download_catnap, task_id=extract_files, execution_date=20221230T000000, start_date=20230101T233155, end_date=20230101T233156
[2023-01-01T20:31:56.270-0300] {local_task_job.py:159} INFO - Task exited with return code 0
[2023-01-01T20:31:56.296-0300] {taskinstance.py:2582} INFO - 1 downstream tasks scheduled from follow-on schedule check
