[2023-01-20T19:44:51.219-0300] {taskinstance.py:1087} INFO - Dependencies all met for <TaskInstance: get_antibodies.catnap scheduled__2022-12-01T00:00:00+00:00 [queued]>
[2023-01-20T19:44:51.228-0300] {taskinstance.py:1087} INFO - Dependencies all met for <TaskInstance: get_antibodies.catnap scheduled__2022-12-01T00:00:00+00:00 [queued]>
[2023-01-20T19:44:51.228-0300] {taskinstance.py:1283} INFO - 
--------------------------------------------------------------------------------
[2023-01-20T19:44:51.228-0300] {taskinstance.py:1284} INFO - Starting attempt 1 of 1
[2023-01-20T19:44:51.228-0300] {taskinstance.py:1285} INFO - 
--------------------------------------------------------------------------------
[2023-01-20T19:44:51.246-0300] {taskinstance.py:1304} INFO - Executing <Task(PythonOperator): catnap> on 2022-12-01 00:00:00+00:00
[2023-01-20T19:44:51.250-0300] {standard_task_runner.py:55} INFO - Started process 11493 to run task
[2023-01-20T19:44:51.252-0300] {standard_task_runner.py:82} INFO - Running: ['***', 'tasks', 'run', 'get_antibodies', 'catnap', 'scheduled__2022-12-01T00:00:00+00:00', '--job-id', '313', '--raw', '--subdir', 'DAGS_FOLDER/get_antibodies.py', '--cfg-path', '/tmp/tmpl9wc6ybv']
[2023-01-20T19:44:51.253-0300] {standard_task_runner.py:83} INFO - Job 313: Subtask catnap
[2023-01-20T19:44:51.319-0300] {task_command.py:389} INFO - Running <TaskInstance: get_antibodies.catnap scheduled__2022-12-01T00:00:00+00:00 [running]> on host kallo-Ubuntu
[2023-01-20T19:44:51.384-0300] {taskinstance.py:1513} INFO - Exporting the following env vars:
AIRFLOW_CTX_DAG_OWNER=Kallox
AIRFLOW_CTX_DAG_ID=get_antibodies
AIRFLOW_CTX_TASK_ID=catnap
AIRFLOW_CTX_EXECUTION_DATE=2022-12-01T00:00:00+00:00
AIRFLOW_CTX_TRY_NUMBER=1
AIRFLOW_CTX_DAG_RUN_ID=scheduled__2022-12-01T00:00:00+00:00
[2023-01-20T19:44:53.471-0300] {python.py:177} INFO - Done. Returned value was: None
[2023-01-20T19:44:53.483-0300] {taskinstance.py:1327} INFO - Marking task as SUCCESS. dag_id=get_antibodies, task_id=catnap, execution_date=20221201T000000, start_date=20230120T224451, end_date=20230120T224453
[2023-01-20T19:44:53.509-0300] {local_task_job.py:159} INFO - Task exited with return code 0
[2023-01-20T19:44:53.535-0300] {taskinstance.py:2582} INFO - 1 downstream tasks scheduled from follow-on schedule check
