[2022-12-29T17:31:21.494-0300] {taskinstance.py:1087} INFO - Dependencies all met for <TaskInstance: download_catnap.download_files scheduled__2022-12-21T00:00:00+00:00 [queued]>
[2022-12-29T17:31:21.511-0300] {taskinstance.py:1087} INFO - Dependencies all met for <TaskInstance: download_catnap.download_files scheduled__2022-12-21T00:00:00+00:00 [queued]>
[2022-12-29T17:31:21.511-0300] {taskinstance.py:1283} INFO - 
--------------------------------------------------------------------------------
[2022-12-29T17:31:21.511-0300] {taskinstance.py:1284} INFO - Starting attempt 1 of 1
[2022-12-29T17:31:21.512-0300] {taskinstance.py:1285} INFO - 
--------------------------------------------------------------------------------
[2022-12-29T17:31:21.609-0300] {taskinstance.py:1304} INFO - Executing <Task(PythonOperator): download_files> on 2022-12-21 00:00:00+00:00
[2022-12-29T17:31:21.616-0300] {standard_task_runner.py:55} INFO - Started process 31636 to run task
[2022-12-29T17:31:21.619-0300] {standard_task_runner.py:82} INFO - Running: ['***', 'tasks', 'run', 'download_catnap', 'download_files', 'scheduled__2022-12-21T00:00:00+00:00', '--job-id', '127', '--raw', '--subdir', 'DAGS_FOLDER/download_catnap.py', '--cfg-path', '/tmp/tmpx0csim50']
[2022-12-29T17:31:21.620-0300] {standard_task_runner.py:83} INFO - Job 127: Subtask download_files
[2022-12-29T17:31:21.720-0300] {task_command.py:389} INFO - Running <TaskInstance: download_catnap.download_files scheduled__2022-12-21T00:00:00+00:00 [running]> on host kallo-Ubuntu
[2022-12-29T17:31:21.830-0300] {taskinstance.py:1513} INFO - Exporting the following env vars:
AIRFLOW_CTX_DAG_OWNER=admin
AIRFLOW_CTX_DAG_ID=download_catnap
AIRFLOW_CTX_TASK_ID=download_files
AIRFLOW_CTX_EXECUTION_DATE=2022-12-21T00:00:00+00:00
AIRFLOW_CTX_TRY_NUMBER=1
AIRFLOW_CTX_DAG_RUN_ID=scheduled__2022-12-21T00:00:00+00:00
[2022-12-29T17:31:58.555-0300] {logging_mixin.py:137} INFO - Assay downloaded.
[2022-12-29T17:31:58.566-0300] {logging_mixin.py:137} INFO - Assay.tsv saved.
[2022-12-29T17:31:59.990-0300] {logging_mixin.py:137} INFO - Antibodies downloaded.
[2022-12-29T17:31:59.993-0300] {logging_mixin.py:137} INFO - Antibodies.tsv saved.
[2022-12-29T17:32:01.253-0300] {logging_mixin.py:137} INFO - Antibodies_germlines downloaded.
[2022-12-29T17:32:01.254-0300] {logging_mixin.py:137} INFO - Antibodies_germlines.tsv saved.
[2022-12-29T17:32:03.161-0300] {logging_mixin.py:137} INFO - Antibody_heavy_chain_na_sequences downloaded.
[2022-12-29T17:32:03.162-0300] {logging_mixin.py:137} INFO - Antibody_heavy_chain_na_sequences.fasta saved.
[2022-12-29T17:32:04.592-0300] {logging_mixin.py:137} INFO - Antibody_heavy_chain_aa_sequences downloaded.
[2022-12-29T17:32:04.596-0300] {logging_mixin.py:137} INFO - Antibody_heavy_chain_aa_sequences.fasta saved.
[2022-12-29T17:32:06.187-0300] {logging_mixin.py:137} INFO - Antibody_light_chain_na_sequences downloaded.
[2022-12-29T17:32:06.188-0300] {logging_mixin.py:137} INFO - Antibody_light_chain_na_sequences.fasta saved.
[2022-12-29T17:32:07.592-0300] {logging_mixin.py:137} INFO - Antibody_light_chain_aa_sequences downloaded.
[2022-12-29T17:32:07.593-0300] {logging_mixin.py:137} INFO - Antibody_light_chain_aa_sequences.fasta saved.
[2022-12-29T17:32:09.593-0300] {logging_mixin.py:137} INFO - Viruses downloaded.
[2022-12-29T17:32:09.594-0300] {logging_mixin.py:137} INFO - Viruses.tsv saved.
[2022-12-29T17:32:25.772-0300] {logging_mixin.py:137} INFO - Virus_na_alignment downloaded.
[2022-12-29T17:32:25.780-0300] {logging_mixin.py:137} INFO - Virus_na_alignment.tsv saved.
[2022-12-29T17:32:32.141-0300] {logging_mixin.py:137} INFO - Virus_aa_alignment downloaded.
[2022-12-29T17:32:32.144-0300] {logging_mixin.py:137} INFO - Virus_aa_alignment.tsv saved.
[2022-12-29T17:32:32.144-0300] {python.py:177} INFO - Done. Returned value was: None
[2022-12-29T17:32:32.160-0300] {taskinstance.py:1327} INFO - Marking task as SUCCESS. dag_id=download_catnap, task_id=download_files, execution_date=20221221T000000, start_date=20221229T203121, end_date=20221229T203232
[2022-12-29T17:32:32.214-0300] {local_task_job.py:159} INFO - Task exited with return code 0
[2022-12-29T17:32:32.245-0300] {taskinstance.py:2582} INFO - 1 downstream tasks scheduled from follow-on schedule check
