[2022-12-29T17:31:21.334-0300] {taskinstance.py:1087} INFO - Dependencies all met for <TaskInstance: download_catnap.download_files scheduled__2022-12-20T00:00:00+00:00 [queued]>
[2022-12-29T17:31:21.348-0300] {taskinstance.py:1087} INFO - Dependencies all met for <TaskInstance: download_catnap.download_files scheduled__2022-12-20T00:00:00+00:00 [queued]>
[2022-12-29T17:31:21.349-0300] {taskinstance.py:1283} INFO - 
--------------------------------------------------------------------------------
[2022-12-29T17:31:21.349-0300] {taskinstance.py:1284} INFO - Starting attempt 1 of 1
[2022-12-29T17:31:21.349-0300] {taskinstance.py:1285} INFO - 
--------------------------------------------------------------------------------
[2022-12-29T17:31:21.407-0300] {taskinstance.py:1304} INFO - Executing <Task(PythonOperator): download_files> on 2022-12-20 00:00:00+00:00
[2022-12-29T17:31:21.414-0300] {standard_task_runner.py:55} INFO - Started process 31615 to run task
[2022-12-29T17:31:21.416-0300] {standard_task_runner.py:82} INFO - Running: ['***', 'tasks', 'run', 'download_catnap', 'download_files', 'scheduled__2022-12-20T00:00:00+00:00', '--job-id', '126', '--raw', '--subdir', 'DAGS_FOLDER/download_catnap.py', '--cfg-path', '/tmp/tmp3gw1ee2b']
[2022-12-29T17:31:21.417-0300] {standard_task_runner.py:83} INFO - Job 126: Subtask download_files
[2022-12-29T17:31:21.513-0300] {task_command.py:389} INFO - Running <TaskInstance: download_catnap.download_files scheduled__2022-12-20T00:00:00+00:00 [running]> on host kallo-Ubuntu
[2022-12-29T17:31:21.610-0300] {taskinstance.py:1513} INFO - Exporting the following env vars:
AIRFLOW_CTX_DAG_OWNER=admin
AIRFLOW_CTX_DAG_ID=download_catnap
AIRFLOW_CTX_TASK_ID=download_files
AIRFLOW_CTX_EXECUTION_DATE=2022-12-20T00:00:00+00:00
AIRFLOW_CTX_TRY_NUMBER=1
AIRFLOW_CTX_DAG_RUN_ID=scheduled__2022-12-20T00:00:00+00:00
[2022-12-29T17:31:57.425-0300] {logging_mixin.py:137} INFO - Assay downloaded.
[2022-12-29T17:31:57.443-0300] {logging_mixin.py:137} INFO - Assay.tsv saved.
[2022-12-29T17:31:58.937-0300] {logging_mixin.py:137} INFO - Antibodies downloaded.
[2022-12-29T17:31:58.939-0300] {logging_mixin.py:137} INFO - Antibodies.tsv saved.
[2022-12-29T17:32:00.229-0300] {logging_mixin.py:137} INFO - Antibodies_germlines downloaded.
[2022-12-29T17:32:00.230-0300] {logging_mixin.py:137} INFO - Antibodies_germlines.tsv saved.
[2022-12-29T17:32:01.988-0300] {logging_mixin.py:137} INFO - Antibody_heavy_chain_na_sequences downloaded.
[2022-12-29T17:32:01.989-0300] {logging_mixin.py:137} INFO - Antibody_heavy_chain_na_sequences.fasta saved.
[2022-12-29T17:32:03.340-0300] {logging_mixin.py:137} INFO - Antibody_heavy_chain_aa_sequences downloaded.
[2022-12-29T17:32:03.341-0300] {logging_mixin.py:137} INFO - Antibody_heavy_chain_aa_sequences.fasta saved.
[2022-12-29T17:32:05.043-0300] {logging_mixin.py:137} INFO - Antibody_light_chain_na_sequences downloaded.
[2022-12-29T17:32:05.044-0300] {logging_mixin.py:137} INFO - Antibody_light_chain_na_sequences.fasta saved.
[2022-12-29T17:32:06.443-0300] {logging_mixin.py:137} INFO - Antibody_light_chain_aa_sequences downloaded.
[2022-12-29T17:32:06.443-0300] {logging_mixin.py:137} INFO - Antibody_light_chain_aa_sequences.fasta saved.
[2022-12-29T17:32:08.549-0300] {logging_mixin.py:137} INFO - Viruses downloaded.
[2022-12-29T17:32:08.550-0300] {logging_mixin.py:137} INFO - Viruses.tsv saved.
[2022-12-29T17:32:24.413-0300] {logging_mixin.py:137} INFO - Virus_na_alignment downloaded.
[2022-12-29T17:32:24.423-0300] {logging_mixin.py:137} INFO - Virus_na_alignment.tsv saved.
[2022-12-29T17:32:30.445-0300] {logging_mixin.py:137} INFO - Virus_aa_alignment downloaded.
[2022-12-29T17:32:30.449-0300] {logging_mixin.py:137} INFO - Virus_aa_alignment.tsv saved.
[2022-12-29T17:32:30.449-0300] {python.py:177} INFO - Done. Returned value was: None
[2022-12-29T17:32:30.466-0300] {taskinstance.py:1327} INFO - Marking task as SUCCESS. dag_id=download_catnap, task_id=download_files, execution_date=20221220T000000, start_date=20221229T203121, end_date=20221229T203230
[2022-12-29T17:32:30.510-0300] {local_task_job.py:159} INFO - Task exited with return code 0
[2022-12-29T17:32:30.538-0300] {taskinstance.py:2582} INFO - 1 downstream tasks scheduled from follow-on schedule check
