[2022-12-29T17:30:00.933-0300] {taskinstance.py:1087} INFO - Dependencies all met for <TaskInstance: download_catnap.download_files scheduled__2022-12-15T00:00:00+00:00 [queued]>
[2022-12-29T17:30:00.950-0300] {taskinstance.py:1087} INFO - Dependencies all met for <TaskInstance: download_catnap.download_files scheduled__2022-12-15T00:00:00+00:00 [queued]>
[2022-12-29T17:30:00.951-0300] {taskinstance.py:1283} INFO - 
--------------------------------------------------------------------------------
[2022-12-29T17:30:00.951-0300] {taskinstance.py:1284} INFO - Starting attempt 1 of 1
[2022-12-29T17:30:00.951-0300] {taskinstance.py:1285} INFO - 
--------------------------------------------------------------------------------
[2022-12-29T17:30:00.968-0300] {taskinstance.py:1304} INFO - Executing <Task(PythonOperator): download_files> on 2022-12-15 00:00:00+00:00
[2022-12-29T17:30:00.973-0300] {standard_task_runner.py:55} INFO - Started process 29590 to run task
[2022-12-29T17:30:00.975-0300] {standard_task_runner.py:82} INFO - Running: ['***', 'tasks', 'run', 'download_catnap', 'download_files', 'scheduled__2022-12-15T00:00:00+00:00', '--job-id', '105', '--raw', '--subdir', 'DAGS_FOLDER/download_catnap.py', '--cfg-path', '/tmp/tmpxm71athp']
[2022-12-29T17:30:00.976-0300] {standard_task_runner.py:83} INFO - Job 105: Subtask download_files
[2022-12-29T17:30:01.054-0300] {task_command.py:389} INFO - Running <TaskInstance: download_catnap.download_files scheduled__2022-12-15T00:00:00+00:00 [running]> on host kallo-Ubuntu
[2022-12-29T17:30:01.152-0300] {taskinstance.py:1513} INFO - Exporting the following env vars:
AIRFLOW_CTX_DAG_OWNER=admin
AIRFLOW_CTX_DAG_ID=download_catnap
AIRFLOW_CTX_TASK_ID=download_files
AIRFLOW_CTX_EXECUTION_DATE=2022-12-15T00:00:00+00:00
AIRFLOW_CTX_TRY_NUMBER=1
AIRFLOW_CTX_DAG_RUN_ID=scheduled__2022-12-15T00:00:00+00:00
[2022-12-29T17:30:38.552-0300] {logging_mixin.py:137} INFO - Assay downloaded.
[2022-12-29T17:30:38.562-0300] {logging_mixin.py:137} INFO - Assay.tsv saved.
[2022-12-29T17:30:40.182-0300] {logging_mixin.py:137} INFO - Antibodies downloaded.
[2022-12-29T17:30:40.183-0300] {logging_mixin.py:137} INFO - Antibodies.tsv saved.
[2022-12-29T17:30:41.390-0300] {logging_mixin.py:137} INFO - Antibodies_germlines downloaded.
[2022-12-29T17:30:41.390-0300] {logging_mixin.py:137} INFO - Antibodies_germlines.tsv saved.
[2022-12-29T17:30:43.241-0300] {logging_mixin.py:137} INFO - Antibody_heavy_chain_na_sequences downloaded.
[2022-12-29T17:30:43.242-0300] {logging_mixin.py:137} INFO - Antibody_heavy_chain_na_sequences.fasta saved.
[2022-12-29T17:30:44.715-0300] {logging_mixin.py:137} INFO - Antibody_heavy_chain_aa_sequences downloaded.
[2022-12-29T17:30:44.715-0300] {logging_mixin.py:137} INFO - Antibody_heavy_chain_aa_sequences.fasta saved.
[2022-12-29T17:30:46.400-0300] {logging_mixin.py:137} INFO - Antibody_light_chain_na_sequences downloaded.
[2022-12-29T17:30:46.401-0300] {logging_mixin.py:137} INFO - Antibody_light_chain_na_sequences.fasta saved.
[2022-12-29T17:30:47.797-0300] {logging_mixin.py:137} INFO - Antibody_light_chain_aa_sequences downloaded.
[2022-12-29T17:30:47.798-0300] {logging_mixin.py:137} INFO - Antibody_light_chain_aa_sequences.fasta saved.
[2022-12-29T17:30:49.844-0300] {logging_mixin.py:137} INFO - Viruses downloaded.
[2022-12-29T17:30:49.845-0300] {logging_mixin.py:137} INFO - Viruses.tsv saved.
[2022-12-29T17:31:06.574-0300] {logging_mixin.py:137} INFO - Virus_na_alignment downloaded.
[2022-12-29T17:31:06.579-0300] {logging_mixin.py:137} INFO - Virus_na_alignment.tsv saved.
[2022-12-29T17:31:12.919-0300] {logging_mixin.py:137} INFO - Virus_aa_alignment downloaded.
[2022-12-29T17:31:12.923-0300] {logging_mixin.py:137} INFO - Virus_aa_alignment.tsv saved.
[2022-12-29T17:31:12.924-0300] {python.py:177} INFO - Done. Returned value was: None
[2022-12-29T17:31:12.952-0300] {taskinstance.py:1327} INFO - Marking task as SUCCESS. dag_id=download_catnap, task_id=download_files, execution_date=20221215T000000, start_date=20221229T203000, end_date=20221229T203112
[2022-12-29T17:31:13.061-0300] {local_task_job.py:159} INFO - Task exited with return code 0
[2022-12-29T17:31:13.140-0300] {taskinstance.py:2582} INFO - 1 downstream tasks scheduled from follow-on schedule check
