[2023-01-07T21:01:21.134-0300] {taskinstance.py:1087} INFO - Dependencies all met for <TaskInstance: download_catnap.extract_files scheduled__2023-01-07T00:00:00+00:00 [queued]>
[2023-01-07T21:01:21.146-0300] {taskinstance.py:1087} INFO - Dependencies all met for <TaskInstance: download_catnap.extract_files scheduled__2023-01-07T00:00:00+00:00 [queued]>
[2023-01-07T21:01:21.146-0300] {taskinstance.py:1283} INFO - 
--------------------------------------------------------------------------------
[2023-01-07T21:01:21.146-0300] {taskinstance.py:1284} INFO - Starting attempt 1 of 1
[2023-01-07T21:01:21.147-0300] {taskinstance.py:1285} INFO - 
--------------------------------------------------------------------------------
[2023-01-07T21:01:21.167-0300] {taskinstance.py:1304} INFO - Executing <Task(PythonOperator): extract_files> on 2023-01-07 00:00:00+00:00
[2023-01-07T21:01:21.170-0300] {standard_task_runner.py:55} INFO - Started process 8454 to run task
[2023-01-07T21:01:21.174-0300] {standard_task_runner.py:82} INFO - Running: ['***', 'tasks', 'run', 'download_catnap', 'extract_files', 'scheduled__2023-01-07T00:00:00+00:00', '--job-id', '278', '--raw', '--subdir', 'DAGS_FOLDER/download_catnap.py', '--cfg-path', '/tmp/tmp1y6qtbt7']
[2023-01-07T21:01:21.175-0300] {standard_task_runner.py:83} INFO - Job 278: Subtask extract_files
[2023-01-07T21:01:21.250-0300] {task_command.py:389} INFO - Running <TaskInstance: download_catnap.extract_files scheduled__2023-01-07T00:00:00+00:00 [running]> on host kallo-Ubuntu
[2023-01-07T21:01:21.331-0300] {taskinstance.py:1513} INFO - Exporting the following env vars:
AIRFLOW_CTX_DAG_OWNER=admin
AIRFLOW_CTX_DAG_ID=download_catnap
AIRFLOW_CTX_TASK_ID=extract_files
AIRFLOW_CTX_EXECUTION_DATE=2023-01-07T00:00:00+00:00
AIRFLOW_CTX_TRY_NUMBER=1
AIRFLOW_CTX_DAG_RUN_ID=scheduled__2023-01-07T00:00:00+00:00
[2023-01-07T21:01:24.223-0300] {python.py:177} INFO - Done. Returned value was: None
[2023-01-07T21:01:24.238-0300] {taskinstance.py:1327} INFO - Marking task as SUCCESS. dag_id=download_catnap, task_id=extract_files, execution_date=20230107T000000, start_date=20230108T000121, end_date=20230108T000124
[2023-01-07T21:01:24.271-0300] {local_task_job.py:159} INFO - Task exited with return code 0
[2023-01-07T21:01:24.298-0300] {taskinstance.py:2582} INFO - 1 downstream tasks scheduled from follow-on schedule check
