[2023-01-01T21:13:14.737-0300] {taskinstance.py:1087} INFO - Dependencies all met for <TaskInstance: get_interactions.intact.download_files manual__2023-01-02T00:13:11.834565+00:00 [queued]>
[2023-01-01T21:13:14.749-0300] {taskinstance.py:1087} INFO - Dependencies all met for <TaskInstance: get_interactions.intact.download_files manual__2023-01-02T00:13:11.834565+00:00 [queued]>
[2023-01-01T21:13:14.749-0300] {taskinstance.py:1283} INFO - 
--------------------------------------------------------------------------------
[2023-01-01T21:13:14.749-0300] {taskinstance.py:1284} INFO - Starting attempt 1 of 1
[2023-01-01T21:13:14.749-0300] {taskinstance.py:1285} INFO - 
--------------------------------------------------------------------------------
[2023-01-01T21:13:14.768-0300] {taskinstance.py:1304} INFO - Executing <Task(PythonOperator): intact.download_files> on 2023-01-02 00:13:11.834565+00:00
[2023-01-01T21:13:14.772-0300] {standard_task_runner.py:55} INFO - Started process 14373 to run task
[2023-01-01T21:13:14.774-0300] {standard_task_runner.py:82} INFO - Running: ['***', 'tasks', 'run', 'get_interactions', 'intact.download_files', 'manual__2023-01-02T00:13:11.834565+00:00', '--job-id', '185', '--raw', '--subdir', 'DAGS_FOLDER/get_interactions.py', '--cfg-path', '/tmp/tmpdtsnpu05']
[2023-01-01T21:13:14.775-0300] {standard_task_runner.py:83} INFO - Job 185: Subtask intact.download_files
[2023-01-01T21:13:14.837-0300] {task_command.py:389} INFO - Running <TaskInstance: get_interactions.intact.download_files manual__2023-01-02T00:13:11.834565+00:00 [running]> on host kallo-Ubuntu
[2023-01-01T21:13:14.910-0300] {taskinstance.py:1513} INFO - Exporting the following env vars:
AIRFLOW_CTX_DAG_OWNER=Kallox
AIRFLOW_CTX_DAG_ID=get_interactions
AIRFLOW_CTX_TASK_ID=intact.download_files
AIRFLOW_CTX_EXECUTION_DATE=2023-01-02T00:13:11.834565+00:00
AIRFLOW_CTX_TRY_NUMBER=1
AIRFLOW_CTX_DAG_RUN_ID=manual__2023-01-02T00:13:11.834565+00:00
[2023-01-01T21:13:19.476-0300] {logging_mixin.py:137} INFO - 0
[2023-01-01T21:13:20.580-0300] {logging_mixin.py:137} INFO - 1
[2023-01-01T21:14:20.639-0300] {logging_mixin.py:137} INFO - 2 inicia descanso
[2023-01-01T21:14:23.456-0300] {logging_mixin.py:137} INFO - 2
[2023-01-01T21:14:24.618-0300] {logging_mixin.py:137} INFO - 3
[2023-01-01T21:15:24.675-0300] {logging_mixin.py:137} INFO - 4 inicia descanso
[2023-01-01T21:15:26.870-0300] {logging_mixin.py:137} INFO - 4
[2023-01-01T21:15:26.874-0300] {python.py:177} INFO - Done. Returned value was: None
[2023-01-01T21:15:26.895-0300] {taskinstance.py:1327} INFO - Marking task as SUCCESS. dag_id=get_interactions, task_id=intact.download_files, execution_date=20230102T001311, start_date=20230102T001314, end_date=20230102T001526
[2023-01-01T21:15:26.942-0300] {local_task_job.py:159} INFO - Task exited with return code 0
[2023-01-01T21:15:26.979-0300] {taskinstance.py:2582} INFO - 1 downstream tasks scheduled from follow-on schedule check
