[2023-01-02T19:58:28.021-0300] {taskinstance.py:1087} INFO - Dependencies all met for <TaskInstance: download_hivmidb.join_files manual__2023-01-02T22:55:37.260221+00:00 [queued]>
[2023-01-02T19:58:28.037-0300] {taskinstance.py:1087} INFO - Dependencies all met for <TaskInstance: download_hivmidb.join_files manual__2023-01-02T22:55:37.260221+00:00 [queued]>
[2023-01-02T19:58:28.037-0300] {taskinstance.py:1283} INFO - 
--------------------------------------------------------------------------------
[2023-01-02T19:58:28.037-0300] {taskinstance.py:1284} INFO - Starting attempt 1 of 1
[2023-01-02T19:58:28.037-0300] {taskinstance.py:1285} INFO - 
--------------------------------------------------------------------------------
[2023-01-02T19:58:28.061-0300] {taskinstance.py:1304} INFO - Executing <Task(PythonOperator): join_files> on 2023-01-02 22:55:37.260221+00:00
[2023-01-02T19:58:28.068-0300] {standard_task_runner.py:55} INFO - Started process 7049 to run task
[2023-01-02T19:58:28.073-0300] {standard_task_runner.py:82} INFO - Running: ['***', 'tasks', 'run', 'download_hivmidb', 'join_files', 'manual__2023-01-02T22:55:37.260221+00:00', '--job-id', '214', '--raw', '--subdir', 'DAGS_FOLDER/download_hivmidb.py', '--cfg-path', '/tmp/tmpn8nm_pmk']
[2023-01-02T19:58:28.074-0300] {standard_task_runner.py:83} INFO - Job 214: Subtask join_files
[2023-01-02T19:58:28.156-0300] {task_command.py:389} INFO - Running <TaskInstance: download_hivmidb.join_files manual__2023-01-02T22:55:37.260221+00:00 [running]> on host kallo-Ubuntu
[2023-01-02T19:58:28.255-0300] {taskinstance.py:1513} INFO - Exporting the following env vars:
AIRFLOW_CTX_DAG_OWNER=Kallox
AIRFLOW_CTX_DAG_ID=download_hivmidb
AIRFLOW_CTX_TASK_ID=join_files
AIRFLOW_CTX_EXECUTION_DATE=2023-01-02T22:55:37.260221+00:00
AIRFLOW_CTX_TRY_NUMBER=1
AIRFLOW_CTX_DAG_RUN_ID=manual__2023-01-02T22:55:37.260221+00:00
[2023-01-02T19:58:28.631-0300] {logging_mixin.py:137} WARNING - /home/kallox/anaconda3/envs/***/lib/python3.7/site-packages/***/operators/python.py:192 DtypeWarning: Columns (4,7,135,136,137,138,139,140,141,142,143,144,145,146,147,148,149,150,151,152,153,154,155,156,157,158,159,160,161,162,163,164,165,166,167,168,169,170,171,172,173,174,175,176,177,178,179,180,181,182,183,184,185,186,187,188,189,190,191,192,193,194,195,196,197,198,199,200,201,202,203,204,205,206,207,208,209,210,211,212,213,214,215,216,217,218,219,220,221,222,223,224,225,226,227,228,229,230,231,232,233,234,235,236,237,238,239,240,241,242,243,244,245,246,247,248,249,250,251,252,253,254,255,256,257,258,259,260,261,262,263,264,265,266,267,268,269,270,271,272,273,274,275,276,277,278,279,280,281,282,283,284,285,286,287,288,289,290,291,292,293,294,295,296,297,298,299,300,301,302,303,304,305,306,307,308,309,310,311,312,313,314,315,316,317,318,319,320,321,322,323,324,325,326,327,328,329,330,331,332,333,334,335,336,337,338,339,340,341,342,343,344,345,346,347,348,349,350,351,352,353,354,355,356,357,358,359,360,361,362,363,364,365,366,367,368,369,370,371,372,373,374,375,376,377,378,379,380,381,382,383,384,385,386,387,388,389,390,391,392,393,394,395,396,397,398,399,400,401,402,403,404,405,406,407,408,409,410,411,412,413,414,415,416,417,418,419,420,421,422,423,424,425,426,427,428,429,430,431,432,433,434,435,436,437,438,439,440,441,442,443,444,445,446,447,448,449,450,451,452,453,454,455,456,457,458,459,460,461,462,463,464,465,466,467,468,469,470,471,472,473,474,475,476,477,478,479,480,481,482,483,484,485,486,487,488,489,490,491,492,493,494,495,496,497,498,499,500,501,502,503,504,505,506,507,508,509,510,511,512,513,514,515,516,517,518,519,520,521,522,523,524,525,526,527,528,529,530,531,532,533,534,535,536,537,538,539,540,541,542,543,544,545,546,547,548,549,550,551,552,553,554,555,556,557,558,559,560,561,562,563,564,565,566,567,568,569,570,571,572,573,574,575,576,577,578,579,580,581,582,583,584,585,586,587,588,589,590,591,592,593,594,595,596,597,598,599,600,601,602) have mixed types.Specify dtype option on import or set low_memory=False.
[2023-01-02T19:58:28.755-0300] {python.py:177} INFO - Done. Returned value was: None
[2023-01-02T19:58:28.771-0300] {taskinstance.py:1327} INFO - Marking task as SUCCESS. dag_id=download_hivmidb, task_id=join_files, execution_date=20230102T225537, start_date=20230102T225828, end_date=20230102T225828
[2023-01-02T19:58:28.804-0300] {local_task_job.py:159} INFO - Task exited with return code 0
[2023-01-02T19:58:28.833-0300] {taskinstance.py:2582} INFO - 1 downstream tasks scheduled from follow-on schedule check
