[2023-01-01T20:30:42.110-0300] {taskinstance.py:1087} INFO - Dependencies all met for <TaskInstance: download_catnap.download_files scheduled__2022-12-30T00:00:00+00:00 [queued]>
[2023-01-01T20:30:42.128-0300] {taskinstance.py:1087} INFO - Dependencies all met for <TaskInstance: download_catnap.download_files scheduled__2022-12-30T00:00:00+00:00 [queued]>
[2023-01-01T20:30:42.128-0300] {taskinstance.py:1283} INFO - 
--------------------------------------------------------------------------------
[2023-01-01T20:30:42.128-0300] {taskinstance.py:1284} INFO - Starting attempt 1 of 1
[2023-01-01T20:30:42.128-0300] {taskinstance.py:1285} INFO - 
--------------------------------------------------------------------------------
[2023-01-01T20:30:42.148-0300] {taskinstance.py:1304} INFO - Executing <Task(PythonOperator): download_files> on 2022-12-30 00:00:00+00:00
[2023-01-01T20:30:42.153-0300] {standard_task_runner.py:55} INFO - Started process 3507 to run task
[2023-01-01T20:30:42.155-0300] {standard_task_runner.py:82} INFO - Running: ['***', 'tasks', 'run', 'download_catnap', 'download_files', 'scheduled__2022-12-30T00:00:00+00:00', '--job-id', '150', '--raw', '--subdir', 'DAGS_FOLDER/download_catnap.py', '--cfg-path', '/tmp/tmpy1cm6_qz']
[2023-01-01T20:30:42.156-0300] {standard_task_runner.py:83} INFO - Job 150: Subtask download_files
[2023-01-01T20:30:42.247-0300] {task_command.py:389} INFO - Running <TaskInstance: download_catnap.download_files scheduled__2022-12-30T00:00:00+00:00 [running]> on host kallo-Ubuntu
[2023-01-01T20:30:42.338-0300] {taskinstance.py:1513} INFO - Exporting the following env vars:
AIRFLOW_CTX_DAG_OWNER=admin
AIRFLOW_CTX_DAG_ID=download_catnap
AIRFLOW_CTX_TASK_ID=download_files
AIRFLOW_CTX_EXECUTION_DATE=2022-12-30T00:00:00+00:00
AIRFLOW_CTX_TRY_NUMBER=1
AIRFLOW_CTX_DAG_RUN_ID=scheduled__2022-12-30T00:00:00+00:00
[2023-01-01T20:31:19.955-0300] {logging_mixin.py:137} INFO - Assay downloaded.
[2023-01-01T20:31:19.977-0300] {logging_mixin.py:137} INFO - Assay.tsv saved.
[2023-01-01T20:31:21.439-0300] {logging_mixin.py:137} INFO - Antibodies downloaded.
[2023-01-01T20:31:21.440-0300] {logging_mixin.py:137} INFO - Antibodies.tsv saved.
[2023-01-01T20:31:22.603-0300] {logging_mixin.py:137} INFO - Antibodies_germlines downloaded.
[2023-01-01T20:31:22.604-0300] {logging_mixin.py:137} INFO - Antibodies_germlines.tsv saved.
[2023-01-01T20:31:24.373-0300] {logging_mixin.py:137} INFO - Antibody_heavy_chain_na_sequences downloaded.
[2023-01-01T20:31:24.375-0300] {logging_mixin.py:137} INFO - Antibody_heavy_chain_na_sequences.fasta saved.
[2023-01-01T20:31:26.000-0300] {logging_mixin.py:137} INFO - Antibody_heavy_chain_aa_sequences downloaded.
[2023-01-01T20:31:26.001-0300] {logging_mixin.py:137} INFO - Antibody_heavy_chain_aa_sequences.fasta saved.
[2023-01-01T20:31:27.624-0300] {logging_mixin.py:137} INFO - Antibody_light_chain_na_sequences downloaded.
[2023-01-01T20:31:27.626-0300] {logging_mixin.py:137} INFO - Antibody_light_chain_na_sequences.fasta saved.
[2023-01-01T20:31:29.022-0300] {logging_mixin.py:137} INFO - Antibody_light_chain_aa_sequences downloaded.
[2023-01-01T20:31:29.024-0300] {logging_mixin.py:137} INFO - Antibody_light_chain_aa_sequences.fasta saved.
[2023-01-01T20:31:31.071-0300] {logging_mixin.py:137} INFO - Viruses downloaded.
[2023-01-01T20:31:31.073-0300] {logging_mixin.py:137} INFO - Viruses.tsv saved.
[2023-01-01T20:31:47.360-0300] {logging_mixin.py:137} INFO - Virus_na_alignment downloaded.
[2023-01-01T20:31:47.368-0300] {logging_mixin.py:137} INFO - Virus_na_alignment.tsv saved.
[2023-01-01T20:31:54.294-0300] {logging_mixin.py:137} INFO - Virus_aa_alignment downloaded.
[2023-01-01T20:31:54.298-0300] {logging_mixin.py:137} INFO - Virus_aa_alignment.tsv saved.
[2023-01-01T20:31:54.299-0300] {python.py:177} INFO - Done. Returned value was: None
[2023-01-01T20:31:54.313-0300] {taskinstance.py:1327} INFO - Marking task as SUCCESS. dag_id=download_catnap, task_id=download_files, execution_date=20221230T000000, start_date=20230101T233042, end_date=20230101T233154
[2023-01-01T20:31:54.364-0300] {local_task_job.py:159} INFO - Task exited with return code 0
[2023-01-01T20:31:54.413-0300] {taskinstance.py:2582} INFO - 1 downstream tasks scheduled from follow-on schedule check
