[2023-01-01T20:30:42.090-0300] {taskinstance.py:1087} INFO - Dependencies all met for <TaskInstance: download_iedb.download_files scheduled__2022-12-01T00:00:00+00:00 [queued]>
[2023-01-01T20:30:42.110-0300] {taskinstance.py:1087} INFO - Dependencies all met for <TaskInstance: download_iedb.download_files scheduled__2022-12-01T00:00:00+00:00 [queued]>
[2023-01-01T20:30:42.110-0300] {taskinstance.py:1283} INFO - 
--------------------------------------------------------------------------------
[2023-01-01T20:30:42.110-0300] {taskinstance.py:1284} INFO - Starting attempt 1 of 1
[2023-01-01T20:30:42.110-0300] {taskinstance.py:1285} INFO - 
--------------------------------------------------------------------------------
[2023-01-01T20:30:42.130-0300] {taskinstance.py:1304} INFO - Executing <Task(PythonOperator): download_files> on 2022-12-01 00:00:00+00:00
[2023-01-01T20:30:42.136-0300] {standard_task_runner.py:55} INFO - Started process 3505 to run task
[2023-01-01T20:30:42.139-0300] {standard_task_runner.py:82} INFO - Running: ['***', 'tasks', 'run', 'download_iedb', 'download_files', 'scheduled__2022-12-01T00:00:00+00:00', '--job-id', '148', '--raw', '--subdir', 'DAGS_FOLDER/download_iedb.py', '--cfg-path', '/tmp/tmp_w4egcpi']
[2023-01-01T20:30:42.141-0300] {standard_task_runner.py:83} INFO - Job 148: Subtask download_files
[2023-01-01T20:30:42.231-0300] {task_command.py:389} INFO - Running <TaskInstance: download_iedb.download_files scheduled__2022-12-01T00:00:00+00:00 [running]> on host kallo-Ubuntu
[2023-01-01T20:30:42.320-0300] {taskinstance.py:1513} INFO - Exporting the following env vars:
AIRFLOW_CTX_DAG_OWNER=Kallox
AIRFLOW_CTX_DAG_ID=download_iedb
AIRFLOW_CTX_TASK_ID=download_files
AIRFLOW_CTX_EXECUTION_DATE=2022-12-01T00:00:00+00:00
AIRFLOW_CTX_TRY_NUMBER=1
AIRFLOW_CTX_DAG_RUN_ID=scheduled__2022-12-01T00:00:00+00:00
[2023-01-01T20:30:44.921-0300] {logging_mixin.py:137} INFO - antigen downloaded.
[2023-01-01T20:30:44.929-0300] {logging_mixin.py:137} INFO - antigen.zip saved.
[2023-01-01T20:30:57.663-0300] {logging_mixin.py:137} INFO - epitope downloaded.
[2023-01-01T20:30:57.754-0300] {logging_mixin.py:137} INFO - epitope.zip saved.
[2023-01-01T20:31:01.420-0300] {python.py:177} INFO - Done. Returned value was: None
[2023-01-01T20:31:01.435-0300] {taskinstance.py:1327} INFO - Marking task as SUCCESS. dag_id=download_iedb, task_id=download_files, execution_date=20221201T000000, start_date=20230101T233042, end_date=20230101T233101
[2023-01-01T20:31:01.473-0300] {local_task_job.py:159} INFO - Task exited with return code 0
[2023-01-01T20:31:01.512-0300] {taskinstance.py:2582} INFO - 1 downstream tasks scheduled from follow-on schedule check
