[2023-01-01T20:30:47.311-0300] {processor.py:153} INFO - Started process (PID=3704) to work on /home/kallox/anaconda3/envs/airflow/lib/python3.7/site-packages/airflow/example_dags/example_bash_operator.py
[2023-01-01T20:30:47.312-0300] {processor.py:743} INFO - Processing file /home/kallox/anaconda3/envs/airflow/lib/python3.7/site-packages/airflow/example_dags/example_bash_operator.py for tasks to queue
[2023-01-01T20:30:47.312-0300] {logging_mixin.py:137} INFO - [2023-01-01T20:30:47.312-0300] {dagbag.py:538} INFO - Filling up the DagBag from /home/kallox/anaconda3/envs/airflow/lib/python3.7/site-packages/airflow/example_dags/example_bash_operator.py
[2023-01-01T20:30:47.329-0300] {processor.py:753} INFO - DAG(s) dict_keys(['example_bash_operator']) retrieved from /home/kallox/anaconda3/envs/airflow/lib/python3.7/site-packages/airflow/example_dags/example_bash_operator.py
[2023-01-01T20:30:47.370-0300] {logging_mixin.py:137} INFO - [2023-01-01T20:30:47.369-0300] {dag.py:2676} INFO - Sync 1 DAGs
[2023-01-01T20:30:47.394-0300] {logging_mixin.py:137} INFO - [2023-01-01T20:30:47.394-0300] {dag.py:3427} INFO - Setting next_dagrun for example_bash_operator to 2022-12-31T00:00:00+00:00, run_after=2023-01-01T00:00:00+00:00
[2023-01-01T20:30:47.413-0300] {processor.py:175} INFO - Processing /home/kallox/anaconda3/envs/airflow/lib/python3.7/site-packages/airflow/example_dags/example_bash_operator.py took 0.104 seconds
[2023-01-01T20:31:18.513-0300] {processor.py:153} INFO - Started process (PID=4962) to work on /home/kallox/anaconda3/envs/airflow/lib/python3.7/site-packages/airflow/example_dags/example_bash_operator.py
[2023-01-01T20:31:18.514-0300] {processor.py:743} INFO - Processing file /home/kallox/anaconda3/envs/airflow/lib/python3.7/site-packages/airflow/example_dags/example_bash_operator.py for tasks to queue
[2023-01-01T20:31:18.514-0300] {logging_mixin.py:137} INFO - [2023-01-01T20:31:18.514-0300] {dagbag.py:538} INFO - Filling up the DagBag from /home/kallox/anaconda3/envs/airflow/lib/python3.7/site-packages/airflow/example_dags/example_bash_operator.py
[2023-01-01T20:31:18.533-0300] {processor.py:753} INFO - DAG(s) dict_keys(['example_bash_operator']) retrieved from /home/kallox/anaconda3/envs/airflow/lib/python3.7/site-packages/airflow/example_dags/example_bash_operator.py
[2023-01-01T20:31:18.574-0300] {logging_mixin.py:137} INFO - [2023-01-01T20:31:18.574-0300] {dag.py:2676} INFO - Sync 1 DAGs
[2023-01-01T20:31:18.597-0300] {logging_mixin.py:137} INFO - [2023-01-01T20:31:18.597-0300] {dag.py:3427} INFO - Setting next_dagrun for example_bash_operator to 2022-12-31T00:00:00+00:00, run_after=2023-01-01T00:00:00+00:00
[2023-01-01T20:31:18.615-0300] {processor.py:175} INFO - Processing /home/kallox/anaconda3/envs/airflow/lib/python3.7/site-packages/airflow/example_dags/example_bash_operator.py took 0.105 seconds
[2023-01-01T20:31:49.270-0300] {processor.py:153} INFO - Started process (PID=5343) to work on /home/kallox/anaconda3/envs/airflow/lib/python3.7/site-packages/airflow/example_dags/example_bash_operator.py
[2023-01-01T20:31:49.271-0300] {processor.py:743} INFO - Processing file /home/kallox/anaconda3/envs/airflow/lib/python3.7/site-packages/airflow/example_dags/example_bash_operator.py for tasks to queue
[2023-01-01T20:31:49.272-0300] {logging_mixin.py:137} INFO - [2023-01-01T20:31:49.271-0300] {dagbag.py:538} INFO - Filling up the DagBag from /home/kallox/anaconda3/envs/airflow/lib/python3.7/site-packages/airflow/example_dags/example_bash_operator.py
[2023-01-01T20:31:49.288-0300] {processor.py:753} INFO - DAG(s) dict_keys(['example_bash_operator']) retrieved from /home/kallox/anaconda3/envs/airflow/lib/python3.7/site-packages/airflow/example_dags/example_bash_operator.py
[2023-01-01T20:31:49.328-0300] {logging_mixin.py:137} INFO - [2023-01-01T20:31:49.328-0300] {dag.py:2676} INFO - Sync 1 DAGs
[2023-01-01T20:31:49.351-0300] {logging_mixin.py:137} INFO - [2023-01-01T20:31:49.351-0300] {dag.py:3427} INFO - Setting next_dagrun for example_bash_operator to 2022-12-31T00:00:00+00:00, run_after=2023-01-01T00:00:00+00:00
[2023-01-01T20:31:49.370-0300] {processor.py:175} INFO - Processing /home/kallox/anaconda3/envs/airflow/lib/python3.7/site-packages/airflow/example_dags/example_bash_operator.py took 0.102 seconds
[2023-01-01T20:32:19.720-0300] {processor.py:153} INFO - Started process (PID=5702) to work on /home/kallox/anaconda3/envs/airflow/lib/python3.7/site-packages/airflow/example_dags/example_bash_operator.py
[2023-01-01T20:32:19.721-0300] {processor.py:743} INFO - Processing file /home/kallox/anaconda3/envs/airflow/lib/python3.7/site-packages/airflow/example_dags/example_bash_operator.py for tasks to queue
[2023-01-01T20:32:19.721-0300] {logging_mixin.py:137} INFO - [2023-01-01T20:32:19.721-0300] {dagbag.py:538} INFO - Filling up the DagBag from /home/kallox/anaconda3/envs/airflow/lib/python3.7/site-packages/airflow/example_dags/example_bash_operator.py
[2023-01-01T20:32:19.738-0300] {processor.py:753} INFO - DAG(s) dict_keys(['example_bash_operator']) retrieved from /home/kallox/anaconda3/envs/airflow/lib/python3.7/site-packages/airflow/example_dags/example_bash_operator.py
[2023-01-01T20:32:19.778-0300] {logging_mixin.py:137} INFO - [2023-01-01T20:32:19.778-0300] {dag.py:2676} INFO - Sync 1 DAGs
[2023-01-01T20:32:19.801-0300] {logging_mixin.py:137} INFO - [2023-01-01T20:32:19.801-0300] {dag.py:3427} INFO - Setting next_dagrun for example_bash_operator to 2022-12-31T00:00:00+00:00, run_after=2023-01-01T00:00:00+00:00
[2023-01-01T20:32:19.820-0300] {processor.py:175} INFO - Processing /home/kallox/anaconda3/envs/airflow/lib/python3.7/site-packages/airflow/example_dags/example_bash_operator.py took 0.102 seconds
[2023-01-01T20:32:51.295-0300] {processor.py:153} INFO - Started process (PID=6018) to work on /home/kallox/anaconda3/envs/airflow/lib/python3.7/site-packages/airflow/example_dags/example_bash_operator.py
[2023-01-01T20:32:51.295-0300] {processor.py:743} INFO - Processing file /home/kallox/anaconda3/envs/airflow/lib/python3.7/site-packages/airflow/example_dags/example_bash_operator.py for tasks to queue
[2023-01-01T20:32:51.296-0300] {logging_mixin.py:137} INFO - [2023-01-01T20:32:51.296-0300] {dagbag.py:538} INFO - Filling up the DagBag from /home/kallox/anaconda3/envs/airflow/lib/python3.7/site-packages/airflow/example_dags/example_bash_operator.py
[2023-01-01T20:32:51.312-0300] {processor.py:753} INFO - DAG(s) dict_keys(['example_bash_operator']) retrieved from /home/kallox/anaconda3/envs/airflow/lib/python3.7/site-packages/airflow/example_dags/example_bash_operator.py
[2023-01-01T20:32:51.352-0300] {logging_mixin.py:137} INFO - [2023-01-01T20:32:51.352-0300] {dag.py:2676} INFO - Sync 1 DAGs
[2023-01-01T20:32:51.377-0300] {logging_mixin.py:137} INFO - [2023-01-01T20:32:51.377-0300] {dag.py:3427} INFO - Setting next_dagrun for example_bash_operator to 2022-12-31T00:00:00+00:00, run_after=2023-01-01T00:00:00+00:00
[2023-01-01T20:32:51.394-0300] {processor.py:175} INFO - Processing /home/kallox/anaconda3/envs/airflow/lib/python3.7/site-packages/airflow/example_dags/example_bash_operator.py took 0.102 seconds
[2023-01-01T20:33:22.288-0300] {processor.py:153} INFO - Started process (PID=6321) to work on /home/kallox/anaconda3/envs/airflow/lib/python3.7/site-packages/airflow/example_dags/example_bash_operator.py
[2023-01-01T20:33:22.289-0300] {processor.py:743} INFO - Processing file /home/kallox/anaconda3/envs/airflow/lib/python3.7/site-packages/airflow/example_dags/example_bash_operator.py for tasks to queue
[2023-01-01T20:33:22.289-0300] {logging_mixin.py:137} INFO - [2023-01-01T20:33:22.289-0300] {dagbag.py:538} INFO - Filling up the DagBag from /home/kallox/anaconda3/envs/airflow/lib/python3.7/site-packages/airflow/example_dags/example_bash_operator.py
[2023-01-01T20:33:22.308-0300] {processor.py:753} INFO - DAG(s) dict_keys(['example_bash_operator']) retrieved from /home/kallox/anaconda3/envs/airflow/lib/python3.7/site-packages/airflow/example_dags/example_bash_operator.py
[2023-01-01T20:33:22.348-0300] {logging_mixin.py:137} INFO - [2023-01-01T20:33:22.348-0300] {dag.py:2676} INFO - Sync 1 DAGs
[2023-01-01T20:33:22.371-0300] {logging_mixin.py:137} INFO - [2023-01-01T20:33:22.371-0300] {dag.py:3427} INFO - Setting next_dagrun for example_bash_operator to 2022-12-31T00:00:00+00:00, run_after=2023-01-01T00:00:00+00:00
[2023-01-01T20:33:22.388-0300] {processor.py:175} INFO - Processing /home/kallox/anaconda3/envs/airflow/lib/python3.7/site-packages/airflow/example_dags/example_bash_operator.py took 0.103 seconds
