[2023-01-01T20:30:48.604-0300] {processor.py:153} INFO - Started process (PID=3893) to work on /home/kallox/anaconda3/envs/airflow/lib/python3.7/site-packages/airflow/example_dags/example_python_operator.py
[2023-01-01T20:30:48.605-0300] {processor.py:743} INFO - Processing file /home/kallox/anaconda3/envs/airflow/lib/python3.7/site-packages/airflow/example_dags/example_python_operator.py for tasks to queue
[2023-01-01T20:30:48.606-0300] {logging_mixin.py:137} INFO - [2023-01-01T20:30:48.606-0300] {dagbag.py:538} INFO - Filling up the DagBag from /home/kallox/anaconda3/envs/airflow/lib/python3.7/site-packages/airflow/example_dags/example_python_operator.py
[2023-01-01T20:30:48.624-0300] {logging_mixin.py:137} INFO - [2023-01-01T20:30:48.624-0300] {taskmixin.py:205} WARNING - Dependency <Task(_PythonDecoratedOperator): print_the_context>, log_sql_query already registered for DAG: example_python_operator
[2023-01-01T20:30:48.624-0300] {logging_mixin.py:137} INFO - [2023-01-01T20:30:48.624-0300] {taskmixin.py:205} WARNING - Dependency <Task(_PythonDecoratedOperator): log_sql_query>, print_the_context already registered for DAG: example_python_operator
[2023-01-01T20:30:48.625-0300] {logging_mixin.py:137} INFO - [2023-01-01T20:30:48.624-0300] {taskmixin.py:205} WARNING - Dependency <Task(_PythonDecoratedOperator): print_the_context>, log_sql_query already registered for DAG: example_python_operator
[2023-01-01T20:30:48.625-0300] {logging_mixin.py:137} INFO - [2023-01-01T20:30:48.625-0300] {taskmixin.py:205} WARNING - Dependency <Task(_PythonDecoratedOperator): log_sql_query>, print_the_context already registered for DAG: example_python_operator
[2023-01-01T20:30:48.625-0300] {logging_mixin.py:137} INFO - [2023-01-01T20:30:48.625-0300] {taskmixin.py:205} WARNING - Dependency <Task(_PythonDecoratedOperator): print_the_context>, log_sql_query already registered for DAG: example_python_operator
[2023-01-01T20:30:48.626-0300] {logging_mixin.py:137} INFO - [2023-01-01T20:30:48.626-0300] {taskmixin.py:205} WARNING - Dependency <Task(_PythonDecoratedOperator): log_sql_query>, print_the_context already registered for DAG: example_python_operator
[2023-01-01T20:30:48.626-0300] {logging_mixin.py:137} INFO - [2023-01-01T20:30:48.626-0300] {taskmixin.py:205} WARNING - Dependency <Task(_PythonDecoratedOperator): print_the_context>, log_sql_query already registered for DAG: example_python_operator
[2023-01-01T20:30:48.626-0300] {logging_mixin.py:137} INFO - [2023-01-01T20:30:48.626-0300] {taskmixin.py:205} WARNING - Dependency <Task(_PythonDecoratedOperator): log_sql_query>, print_the_context already registered for DAG: example_python_operator
[2023-01-01T20:30:48.627-0300] {logging_mixin.py:137} INFO - [2023-01-01T20:30:48.627-0300] {example_python_operator.py:90} WARNING - The virtalenv_python example task requires virtualenv, please install it.
[2023-01-01T20:30:48.632-0300] {processor.py:753} INFO - DAG(s) dict_keys(['example_python_operator']) retrieved from /home/kallox/anaconda3/envs/airflow/lib/python3.7/site-packages/airflow/example_dags/example_python_operator.py
[2023-01-01T20:30:48.669-0300] {logging_mixin.py:137} INFO - [2023-01-01T20:30:48.669-0300] {dag.py:2676} INFO - Sync 1 DAGs
[2023-01-01T20:30:48.696-0300] {logging_mixin.py:137} INFO - [2023-01-01T20:30:48.695-0300] {dag.py:3427} INFO - Setting next_dagrun for example_python_operator to None, run_after=None
[2023-01-01T20:30:48.719-0300] {processor.py:175} INFO - Processing /home/kallox/anaconda3/envs/airflow/lib/python3.7/site-packages/airflow/example_dags/example_python_operator.py took 0.118 seconds
[2023-01-01T20:31:19.689-0300] {processor.py:153} INFO - Started process (PID=5110) to work on /home/kallox/anaconda3/envs/airflow/lib/python3.7/site-packages/airflow/example_dags/example_python_operator.py
[2023-01-01T20:31:19.690-0300] {processor.py:743} INFO - Processing file /home/kallox/anaconda3/envs/airflow/lib/python3.7/site-packages/airflow/example_dags/example_python_operator.py for tasks to queue
[2023-01-01T20:31:19.690-0300] {logging_mixin.py:137} INFO - [2023-01-01T20:31:19.690-0300] {dagbag.py:538} INFO - Filling up the DagBag from /home/kallox/anaconda3/envs/airflow/lib/python3.7/site-packages/airflow/example_dags/example_python_operator.py
[2023-01-01T20:31:19.705-0300] {logging_mixin.py:137} INFO - [2023-01-01T20:31:19.705-0300] {taskmixin.py:205} WARNING - Dependency <Task(_PythonDecoratedOperator): print_the_context>, log_sql_query already registered for DAG: example_python_operator
[2023-01-01T20:31:19.705-0300] {logging_mixin.py:137} INFO - [2023-01-01T20:31:19.705-0300] {taskmixin.py:205} WARNING - Dependency <Task(_PythonDecoratedOperator): log_sql_query>, print_the_context already registered for DAG: example_python_operator
[2023-01-01T20:31:19.706-0300] {logging_mixin.py:137} INFO - [2023-01-01T20:31:19.706-0300] {taskmixin.py:205} WARNING - Dependency <Task(_PythonDecoratedOperator): print_the_context>, log_sql_query already registered for DAG: example_python_operator
[2023-01-01T20:31:19.706-0300] {logging_mixin.py:137} INFO - [2023-01-01T20:31:19.706-0300] {taskmixin.py:205} WARNING - Dependency <Task(_PythonDecoratedOperator): log_sql_query>, print_the_context already registered for DAG: example_python_operator
[2023-01-01T20:31:19.706-0300] {logging_mixin.py:137} INFO - [2023-01-01T20:31:19.706-0300] {taskmixin.py:205} WARNING - Dependency <Task(_PythonDecoratedOperator): print_the_context>, log_sql_query already registered for DAG: example_python_operator
[2023-01-01T20:31:19.707-0300] {logging_mixin.py:137} INFO - [2023-01-01T20:31:19.706-0300] {taskmixin.py:205} WARNING - Dependency <Task(_PythonDecoratedOperator): log_sql_query>, print_the_context already registered for DAG: example_python_operator
[2023-01-01T20:31:19.707-0300] {logging_mixin.py:137} INFO - [2023-01-01T20:31:19.707-0300] {taskmixin.py:205} WARNING - Dependency <Task(_PythonDecoratedOperator): print_the_context>, log_sql_query already registered for DAG: example_python_operator
[2023-01-01T20:31:19.707-0300] {logging_mixin.py:137} INFO - [2023-01-01T20:31:19.707-0300] {taskmixin.py:205} WARNING - Dependency <Task(_PythonDecoratedOperator): log_sql_query>, print_the_context already registered for DAG: example_python_operator
[2023-01-01T20:31:19.707-0300] {logging_mixin.py:137} INFO - [2023-01-01T20:31:19.707-0300] {example_python_operator.py:90} WARNING - The virtalenv_python example task requires virtualenv, please install it.
[2023-01-01T20:31:19.711-0300] {processor.py:753} INFO - DAG(s) dict_keys(['example_python_operator']) retrieved from /home/kallox/anaconda3/envs/airflow/lib/python3.7/site-packages/airflow/example_dags/example_python_operator.py
[2023-01-01T20:31:19.739-0300] {logging_mixin.py:137} INFO - [2023-01-01T20:31:19.739-0300] {dag.py:2676} INFO - Sync 1 DAGs
[2023-01-01T20:31:19.768-0300] {logging_mixin.py:137} INFO - [2023-01-01T20:31:19.767-0300] {dag.py:3427} INFO - Setting next_dagrun for example_python_operator to None, run_after=None
[2023-01-01T20:31:19.785-0300] {processor.py:175} INFO - Processing /home/kallox/anaconda3/envs/airflow/lib/python3.7/site-packages/airflow/example_dags/example_python_operator.py took 0.098 seconds
[2023-01-01T20:31:50.442-0300] {processor.py:153} INFO - Started process (PID=5472) to work on /home/kallox/anaconda3/envs/airflow/lib/python3.7/site-packages/airflow/example_dags/example_python_operator.py
[2023-01-01T20:31:50.443-0300] {processor.py:743} INFO - Processing file /home/kallox/anaconda3/envs/airflow/lib/python3.7/site-packages/airflow/example_dags/example_python_operator.py for tasks to queue
[2023-01-01T20:31:50.444-0300] {logging_mixin.py:137} INFO - [2023-01-01T20:31:50.443-0300] {dagbag.py:538} INFO - Filling up the DagBag from /home/kallox/anaconda3/envs/airflow/lib/python3.7/site-packages/airflow/example_dags/example_python_operator.py
[2023-01-01T20:31:50.457-0300] {logging_mixin.py:137} INFO - [2023-01-01T20:31:50.457-0300] {taskmixin.py:205} WARNING - Dependency <Task(_PythonDecoratedOperator): print_the_context>, log_sql_query already registered for DAG: example_python_operator
[2023-01-01T20:31:50.457-0300] {logging_mixin.py:137} INFO - [2023-01-01T20:31:50.457-0300] {taskmixin.py:205} WARNING - Dependency <Task(_PythonDecoratedOperator): log_sql_query>, print_the_context already registered for DAG: example_python_operator
[2023-01-01T20:31:50.458-0300] {logging_mixin.py:137} INFO - [2023-01-01T20:31:50.458-0300] {taskmixin.py:205} WARNING - Dependency <Task(_PythonDecoratedOperator): print_the_context>, log_sql_query already registered for DAG: example_python_operator
[2023-01-01T20:31:50.458-0300] {logging_mixin.py:137} INFO - [2023-01-01T20:31:50.458-0300] {taskmixin.py:205} WARNING - Dependency <Task(_PythonDecoratedOperator): log_sql_query>, print_the_context already registered for DAG: example_python_operator
[2023-01-01T20:31:50.458-0300] {logging_mixin.py:137} INFO - [2023-01-01T20:31:50.458-0300] {taskmixin.py:205} WARNING - Dependency <Task(_PythonDecoratedOperator): print_the_context>, log_sql_query already registered for DAG: example_python_operator
[2023-01-01T20:31:50.458-0300] {logging_mixin.py:137} INFO - [2023-01-01T20:31:50.458-0300] {taskmixin.py:205} WARNING - Dependency <Task(_PythonDecoratedOperator): log_sql_query>, print_the_context already registered for DAG: example_python_operator
[2023-01-01T20:31:50.459-0300] {logging_mixin.py:137} INFO - [2023-01-01T20:31:50.459-0300] {taskmixin.py:205} WARNING - Dependency <Task(_PythonDecoratedOperator): print_the_context>, log_sql_query already registered for DAG: example_python_operator
[2023-01-01T20:31:50.459-0300] {logging_mixin.py:137} INFO - [2023-01-01T20:31:50.459-0300] {taskmixin.py:205} WARNING - Dependency <Task(_PythonDecoratedOperator): log_sql_query>, print_the_context already registered for DAG: example_python_operator
[2023-01-01T20:31:50.459-0300] {logging_mixin.py:137} INFO - [2023-01-01T20:31:50.459-0300] {example_python_operator.py:90} WARNING - The virtalenv_python example task requires virtualenv, please install it.
[2023-01-01T20:31:50.463-0300] {processor.py:753} INFO - DAG(s) dict_keys(['example_python_operator']) retrieved from /home/kallox/anaconda3/envs/airflow/lib/python3.7/site-packages/airflow/example_dags/example_python_operator.py
[2023-01-01T20:31:50.491-0300] {logging_mixin.py:137} INFO - [2023-01-01T20:31:50.491-0300] {dag.py:2676} INFO - Sync 1 DAGs
[2023-01-01T20:31:50.515-0300] {logging_mixin.py:137} INFO - [2023-01-01T20:31:50.515-0300] {dag.py:3427} INFO - Setting next_dagrun for example_python_operator to None, run_after=None
[2023-01-01T20:31:50.538-0300] {processor.py:175} INFO - Processing /home/kallox/anaconda3/envs/airflow/lib/python3.7/site-packages/airflow/example_dags/example_python_operator.py took 0.098 seconds
[2023-01-01T20:32:20.872-0300] {processor.py:153} INFO - Started process (PID=5834) to work on /home/kallox/anaconda3/envs/airflow/lib/python3.7/site-packages/airflow/example_dags/example_python_operator.py
[2023-01-01T20:32:20.873-0300] {processor.py:743} INFO - Processing file /home/kallox/anaconda3/envs/airflow/lib/python3.7/site-packages/airflow/example_dags/example_python_operator.py for tasks to queue
[2023-01-01T20:32:20.873-0300] {logging_mixin.py:137} INFO - [2023-01-01T20:32:20.873-0300] {dagbag.py:538} INFO - Filling up the DagBag from /home/kallox/anaconda3/envs/airflow/lib/python3.7/site-packages/airflow/example_dags/example_python_operator.py
[2023-01-01T20:32:20.888-0300] {logging_mixin.py:137} INFO - [2023-01-01T20:32:20.888-0300] {taskmixin.py:205} WARNING - Dependency <Task(_PythonDecoratedOperator): print_the_context>, log_sql_query already registered for DAG: example_python_operator
[2023-01-01T20:32:20.888-0300] {logging_mixin.py:137} INFO - [2023-01-01T20:32:20.888-0300] {taskmixin.py:205} WARNING - Dependency <Task(_PythonDecoratedOperator): log_sql_query>, print_the_context already registered for DAG: example_python_operator
[2023-01-01T20:32:20.889-0300] {logging_mixin.py:137} INFO - [2023-01-01T20:32:20.888-0300] {taskmixin.py:205} WARNING - Dependency <Task(_PythonDecoratedOperator): print_the_context>, log_sql_query already registered for DAG: example_python_operator
[2023-01-01T20:32:20.889-0300] {logging_mixin.py:137} INFO - [2023-01-01T20:32:20.889-0300] {taskmixin.py:205} WARNING - Dependency <Task(_PythonDecoratedOperator): log_sql_query>, print_the_context already registered for DAG: example_python_operator
[2023-01-01T20:32:20.889-0300] {logging_mixin.py:137} INFO - [2023-01-01T20:32:20.889-0300] {taskmixin.py:205} WARNING - Dependency <Task(_PythonDecoratedOperator): print_the_context>, log_sql_query already registered for DAG: example_python_operator
[2023-01-01T20:32:20.889-0300] {logging_mixin.py:137} INFO - [2023-01-01T20:32:20.889-0300] {taskmixin.py:205} WARNING - Dependency <Task(_PythonDecoratedOperator): log_sql_query>, print_the_context already registered for DAG: example_python_operator
[2023-01-01T20:32:20.890-0300] {logging_mixin.py:137} INFO - [2023-01-01T20:32:20.890-0300] {taskmixin.py:205} WARNING - Dependency <Task(_PythonDecoratedOperator): print_the_context>, log_sql_query already registered for DAG: example_python_operator
[2023-01-01T20:32:20.890-0300] {logging_mixin.py:137} INFO - [2023-01-01T20:32:20.890-0300] {taskmixin.py:205} WARNING - Dependency <Task(_PythonDecoratedOperator): log_sql_query>, print_the_context already registered for DAG: example_python_operator
[2023-01-01T20:32:20.890-0300] {logging_mixin.py:137} INFO - [2023-01-01T20:32:20.890-0300] {example_python_operator.py:90} WARNING - The virtalenv_python example task requires virtualenv, please install it.
[2023-01-01T20:32:20.894-0300] {processor.py:753} INFO - DAG(s) dict_keys(['example_python_operator']) retrieved from /home/kallox/anaconda3/envs/airflow/lib/python3.7/site-packages/airflow/example_dags/example_python_operator.py
[2023-01-01T20:32:20.923-0300] {logging_mixin.py:137} INFO - [2023-01-01T20:32:20.923-0300] {dag.py:2676} INFO - Sync 1 DAGs
[2023-01-01T20:32:20.947-0300] {logging_mixin.py:137} INFO - [2023-01-01T20:32:20.947-0300] {dag.py:3427} INFO - Setting next_dagrun for example_python_operator to None, run_after=None
[2023-01-01T20:32:20.967-0300] {processor.py:175} INFO - Processing /home/kallox/anaconda3/envs/airflow/lib/python3.7/site-packages/airflow/example_dags/example_python_operator.py took 0.096 seconds
[2023-01-01T20:32:52.696-0300] {processor.py:153} INFO - Started process (PID=6149) to work on /home/kallox/anaconda3/envs/airflow/lib/python3.7/site-packages/airflow/example_dags/example_python_operator.py
[2023-01-01T20:32:52.697-0300] {processor.py:743} INFO - Processing file /home/kallox/anaconda3/envs/airflow/lib/python3.7/site-packages/airflow/example_dags/example_python_operator.py for tasks to queue
[2023-01-01T20:32:52.697-0300] {logging_mixin.py:137} INFO - [2023-01-01T20:32:52.697-0300] {dagbag.py:538} INFO - Filling up the DagBag from /home/kallox/anaconda3/envs/airflow/lib/python3.7/site-packages/airflow/example_dags/example_python_operator.py
[2023-01-01T20:32:52.710-0300] {logging_mixin.py:137} INFO - [2023-01-01T20:32:52.710-0300] {taskmixin.py:205} WARNING - Dependency <Task(_PythonDecoratedOperator): print_the_context>, log_sql_query already registered for DAG: example_python_operator
[2023-01-01T20:32:52.711-0300] {logging_mixin.py:137} INFO - [2023-01-01T20:32:52.711-0300] {taskmixin.py:205} WARNING - Dependency <Task(_PythonDecoratedOperator): log_sql_query>, print_the_context already registered for DAG: example_python_operator
[2023-01-01T20:32:52.711-0300] {logging_mixin.py:137} INFO - [2023-01-01T20:32:52.711-0300] {taskmixin.py:205} WARNING - Dependency <Task(_PythonDecoratedOperator): print_the_context>, log_sql_query already registered for DAG: example_python_operator
[2023-01-01T20:32:52.711-0300] {logging_mixin.py:137} INFO - [2023-01-01T20:32:52.711-0300] {taskmixin.py:205} WARNING - Dependency <Task(_PythonDecoratedOperator): log_sql_query>, print_the_context already registered for DAG: example_python_operator
[2023-01-01T20:32:52.712-0300] {logging_mixin.py:137} INFO - [2023-01-01T20:32:52.712-0300] {taskmixin.py:205} WARNING - Dependency <Task(_PythonDecoratedOperator): print_the_context>, log_sql_query already registered for DAG: example_python_operator
[2023-01-01T20:32:52.712-0300] {logging_mixin.py:137} INFO - [2023-01-01T20:32:52.712-0300] {taskmixin.py:205} WARNING - Dependency <Task(_PythonDecoratedOperator): log_sql_query>, print_the_context already registered for DAG: example_python_operator
[2023-01-01T20:32:52.713-0300] {logging_mixin.py:137} INFO - [2023-01-01T20:32:52.712-0300] {taskmixin.py:205} WARNING - Dependency <Task(_PythonDecoratedOperator): print_the_context>, log_sql_query already registered for DAG: example_python_operator
[2023-01-01T20:32:52.713-0300] {logging_mixin.py:137} INFO - [2023-01-01T20:32:52.713-0300] {taskmixin.py:205} WARNING - Dependency <Task(_PythonDecoratedOperator): log_sql_query>, print_the_context already registered for DAG: example_python_operator
[2023-01-01T20:32:52.713-0300] {logging_mixin.py:137} INFO - [2023-01-01T20:32:52.713-0300] {example_python_operator.py:90} WARNING - The virtalenv_python example task requires virtualenv, please install it.
[2023-01-01T20:32:52.717-0300] {processor.py:753} INFO - DAG(s) dict_keys(['example_python_operator']) retrieved from /home/kallox/anaconda3/envs/airflow/lib/python3.7/site-packages/airflow/example_dags/example_python_operator.py
[2023-01-01T20:32:52.746-0300] {logging_mixin.py:137} INFO - [2023-01-01T20:32:52.746-0300] {dag.py:2676} INFO - Sync 1 DAGs
[2023-01-01T20:32:52.768-0300] {logging_mixin.py:137} INFO - [2023-01-01T20:32:52.767-0300] {dag.py:3427} INFO - Setting next_dagrun for example_python_operator to None, run_after=None
[2023-01-01T20:32:52.785-0300] {processor.py:175} INFO - Processing /home/kallox/anaconda3/envs/airflow/lib/python3.7/site-packages/airflow/example_dags/example_python_operator.py took 0.091 seconds
[2023-01-01T20:33:23.569-0300] {processor.py:153} INFO - Started process (PID=6450) to work on /home/kallox/anaconda3/envs/airflow/lib/python3.7/site-packages/airflow/example_dags/example_python_operator.py
[2023-01-01T20:33:23.570-0300] {processor.py:743} INFO - Processing file /home/kallox/anaconda3/envs/airflow/lib/python3.7/site-packages/airflow/example_dags/example_python_operator.py for tasks to queue
[2023-01-01T20:33:23.570-0300] {logging_mixin.py:137} INFO - [2023-01-01T20:33:23.570-0300] {dagbag.py:538} INFO - Filling up the DagBag from /home/kallox/anaconda3/envs/airflow/lib/python3.7/site-packages/airflow/example_dags/example_python_operator.py
[2023-01-01T20:33:23.584-0300] {logging_mixin.py:137} INFO - [2023-01-01T20:33:23.584-0300] {taskmixin.py:205} WARNING - Dependency <Task(_PythonDecoratedOperator): print_the_context>, log_sql_query already registered for DAG: example_python_operator
[2023-01-01T20:33:23.584-0300] {logging_mixin.py:137} INFO - [2023-01-01T20:33:23.584-0300] {taskmixin.py:205} WARNING - Dependency <Task(_PythonDecoratedOperator): log_sql_query>, print_the_context already registered for DAG: example_python_operator
[2023-01-01T20:33:23.585-0300] {logging_mixin.py:137} INFO - [2023-01-01T20:33:23.585-0300] {taskmixin.py:205} WARNING - Dependency <Task(_PythonDecoratedOperator): print_the_context>, log_sql_query already registered for DAG: example_python_operator
[2023-01-01T20:33:23.585-0300] {logging_mixin.py:137} INFO - [2023-01-01T20:33:23.585-0300] {taskmixin.py:205} WARNING - Dependency <Task(_PythonDecoratedOperator): log_sql_query>, print_the_context already registered for DAG: example_python_operator
[2023-01-01T20:33:23.585-0300] {logging_mixin.py:137} INFO - [2023-01-01T20:33:23.585-0300] {taskmixin.py:205} WARNING - Dependency <Task(_PythonDecoratedOperator): print_the_context>, log_sql_query already registered for DAG: example_python_operator
[2023-01-01T20:33:23.585-0300] {logging_mixin.py:137} INFO - [2023-01-01T20:33:23.585-0300] {taskmixin.py:205} WARNING - Dependency <Task(_PythonDecoratedOperator): log_sql_query>, print_the_context already registered for DAG: example_python_operator
[2023-01-01T20:33:23.586-0300] {logging_mixin.py:137} INFO - [2023-01-01T20:33:23.586-0300] {taskmixin.py:205} WARNING - Dependency <Task(_PythonDecoratedOperator): print_the_context>, log_sql_query already registered for DAG: example_python_operator
[2023-01-01T20:33:23.586-0300] {logging_mixin.py:137} INFO - [2023-01-01T20:33:23.586-0300] {taskmixin.py:205} WARNING - Dependency <Task(_PythonDecoratedOperator): log_sql_query>, print_the_context already registered for DAG: example_python_operator
[2023-01-01T20:33:23.586-0300] {logging_mixin.py:137} INFO - [2023-01-01T20:33:23.586-0300] {example_python_operator.py:90} WARNING - The virtalenv_python example task requires virtualenv, please install it.
[2023-01-01T20:33:23.590-0300] {processor.py:753} INFO - DAG(s) dict_keys(['example_python_operator']) retrieved from /home/kallox/anaconda3/envs/airflow/lib/python3.7/site-packages/airflow/example_dags/example_python_operator.py
[2023-01-01T20:33:23.619-0300] {logging_mixin.py:137} INFO - [2023-01-01T20:33:23.619-0300] {dag.py:2676} INFO - Sync 1 DAGs
[2023-01-01T20:33:23.640-0300] {logging_mixin.py:137} INFO - [2023-01-01T20:33:23.640-0300] {dag.py:3427} INFO - Setting next_dagrun for example_python_operator to None, run_after=None
[2023-01-01T20:33:23.658-0300] {processor.py:175} INFO - Processing /home/kallox/anaconda3/envs/airflow/lib/python3.7/site-packages/airflow/example_dags/example_python_operator.py took 0.090 seconds
