[2023-01-01T20:30:47.939-0300] {processor.py:153} INFO - Started process (PID=3771) to work on /home/kallox/anaconda3/envs/airflow/lib/python3.7/site-packages/airflow/example_dags/example_branch_day_of_week_operator.py
[2023-01-01T20:30:47.940-0300] {processor.py:743} INFO - Processing file /home/kallox/anaconda3/envs/airflow/lib/python3.7/site-packages/airflow/example_dags/example_branch_day_of_week_operator.py for tasks to queue
[2023-01-01T20:30:47.941-0300] {logging_mixin.py:137} INFO - [2023-01-01T20:30:47.941-0300] {dagbag.py:538} INFO - Filling up the DagBag from /home/kallox/anaconda3/envs/airflow/lib/python3.7/site-packages/airflow/example_dags/example_branch_day_of_week_operator.py
[2023-01-01T20:30:47.954-0300] {processor.py:753} INFO - DAG(s) dict_keys(['example_weekday_branch_operator']) retrieved from /home/kallox/anaconda3/envs/airflow/lib/python3.7/site-packages/airflow/example_dags/example_branch_day_of_week_operator.py
[2023-01-01T20:30:47.990-0300] {logging_mixin.py:137} INFO - [2023-01-01T20:30:47.990-0300] {dag.py:2676} INFO - Sync 1 DAGs
[2023-01-01T20:30:48.015-0300] {logging_mixin.py:137} INFO - [2023-01-01T20:30:48.015-0300] {dag.py:3427} INFO - Setting next_dagrun for example_weekday_branch_operator to 2022-12-31T00:00:00+00:00, run_after=2023-01-01T00:00:00+00:00
[2023-01-01T20:30:48.032-0300] {processor.py:175} INFO - Processing /home/kallox/anaconda3/envs/airflow/lib/python3.7/site-packages/airflow/example_dags/example_branch_day_of_week_operator.py took 0.095 seconds
[2023-01-01T20:31:19.119-0300] {processor.py:153} INFO - Started process (PID=5029) to work on /home/kallox/anaconda3/envs/airflow/lib/python3.7/site-packages/airflow/example_dags/example_branch_day_of_week_operator.py
[2023-01-01T20:31:19.120-0300] {processor.py:743} INFO - Processing file /home/kallox/anaconda3/envs/airflow/lib/python3.7/site-packages/airflow/example_dags/example_branch_day_of_week_operator.py for tasks to queue
[2023-01-01T20:31:19.120-0300] {logging_mixin.py:137} INFO - [2023-01-01T20:31:19.120-0300] {dagbag.py:538} INFO - Filling up the DagBag from /home/kallox/anaconda3/envs/airflow/lib/python3.7/site-packages/airflow/example_dags/example_branch_day_of_week_operator.py
[2023-01-01T20:31:19.132-0300] {processor.py:753} INFO - DAG(s) dict_keys(['example_weekday_branch_operator']) retrieved from /home/kallox/anaconda3/envs/airflow/lib/python3.7/site-packages/airflow/example_dags/example_branch_day_of_week_operator.py
[2023-01-01T20:31:19.165-0300] {logging_mixin.py:137} INFO - [2023-01-01T20:31:19.165-0300] {dag.py:2676} INFO - Sync 1 DAGs
[2023-01-01T20:31:19.190-0300] {logging_mixin.py:137} INFO - [2023-01-01T20:31:19.190-0300] {dag.py:3427} INFO - Setting next_dagrun for example_weekday_branch_operator to 2022-12-31T00:00:00+00:00, run_after=2023-01-01T00:00:00+00:00
[2023-01-01T20:31:19.207-0300] {processor.py:175} INFO - Processing /home/kallox/anaconda3/envs/airflow/lib/python3.7/site-packages/airflow/example_dags/example_branch_day_of_week_operator.py took 0.090 seconds
[2023-01-01T20:31:49.896-0300] {processor.py:153} INFO - Started process (PID=5408) to work on /home/kallox/anaconda3/envs/airflow/lib/python3.7/site-packages/airflow/example_dags/example_branch_day_of_week_operator.py
[2023-01-01T20:31:49.896-0300] {processor.py:743} INFO - Processing file /home/kallox/anaconda3/envs/airflow/lib/python3.7/site-packages/airflow/example_dags/example_branch_day_of_week_operator.py for tasks to queue
[2023-01-01T20:31:49.897-0300] {logging_mixin.py:137} INFO - [2023-01-01T20:31:49.897-0300] {dagbag.py:538} INFO - Filling up the DagBag from /home/kallox/anaconda3/envs/airflow/lib/python3.7/site-packages/airflow/example_dags/example_branch_day_of_week_operator.py
[2023-01-01T20:31:49.909-0300] {processor.py:753} INFO - DAG(s) dict_keys(['example_weekday_branch_operator']) retrieved from /home/kallox/anaconda3/envs/airflow/lib/python3.7/site-packages/airflow/example_dags/example_branch_day_of_week_operator.py
[2023-01-01T20:31:49.937-0300] {logging_mixin.py:137} INFO - [2023-01-01T20:31:49.937-0300] {dag.py:2676} INFO - Sync 1 DAGs
[2023-01-01T20:31:49.960-0300] {logging_mixin.py:137} INFO - [2023-01-01T20:31:49.960-0300] {dag.py:3427} INFO - Setting next_dagrun for example_weekday_branch_operator to 2022-12-31T00:00:00+00:00, run_after=2023-01-01T00:00:00+00:00
[2023-01-01T20:31:49.978-0300] {processor.py:175} INFO - Processing /home/kallox/anaconda3/envs/airflow/lib/python3.7/site-packages/airflow/example_dags/example_branch_day_of_week_operator.py took 0.085 seconds
[2023-01-01T20:32:20.273-0300] {processor.py:153} INFO - Started process (PID=5767) to work on /home/kallox/anaconda3/envs/airflow/lib/python3.7/site-packages/airflow/example_dags/example_branch_day_of_week_operator.py
[2023-01-01T20:32:20.274-0300] {processor.py:743} INFO - Processing file /home/kallox/anaconda3/envs/airflow/lib/python3.7/site-packages/airflow/example_dags/example_branch_day_of_week_operator.py for tasks to queue
[2023-01-01T20:32:20.274-0300] {logging_mixin.py:137} INFO - [2023-01-01T20:32:20.274-0300] {dagbag.py:538} INFO - Filling up the DagBag from /home/kallox/anaconda3/envs/airflow/lib/python3.7/site-packages/airflow/example_dags/example_branch_day_of_week_operator.py
[2023-01-01T20:32:20.287-0300] {processor.py:753} INFO - DAG(s) dict_keys(['example_weekday_branch_operator']) retrieved from /home/kallox/anaconda3/envs/airflow/lib/python3.7/site-packages/airflow/example_dags/example_branch_day_of_week_operator.py
[2023-01-01T20:32:20.315-0300] {logging_mixin.py:137} INFO - [2023-01-01T20:32:20.315-0300] {dag.py:2676} INFO - Sync 1 DAGs
[2023-01-01T20:32:20.339-0300] {logging_mixin.py:137} INFO - [2023-01-01T20:32:20.339-0300] {dag.py:3427} INFO - Setting next_dagrun for example_weekday_branch_operator to 2022-12-31T00:00:00+00:00, run_after=2023-01-01T00:00:00+00:00
[2023-01-01T20:32:20.359-0300] {processor.py:175} INFO - Processing /home/kallox/anaconda3/envs/airflow/lib/python3.7/site-packages/airflow/example_dags/example_branch_day_of_week_operator.py took 0.088 seconds
[2023-01-01T20:32:52.035-0300] {processor.py:153} INFO - Started process (PID=6086) to work on /home/kallox/anaconda3/envs/airflow/lib/python3.7/site-packages/airflow/example_dags/example_branch_day_of_week_operator.py
[2023-01-01T20:32:52.036-0300] {processor.py:743} INFO - Processing file /home/kallox/anaconda3/envs/airflow/lib/python3.7/site-packages/airflow/example_dags/example_branch_day_of_week_operator.py for tasks to queue
[2023-01-01T20:32:52.036-0300] {logging_mixin.py:137} INFO - [2023-01-01T20:32:52.036-0300] {dagbag.py:538} INFO - Filling up the DagBag from /home/kallox/anaconda3/envs/airflow/lib/python3.7/site-packages/airflow/example_dags/example_branch_day_of_week_operator.py
[2023-01-01T20:32:52.047-0300] {processor.py:753} INFO - DAG(s) dict_keys(['example_weekday_branch_operator']) retrieved from /home/kallox/anaconda3/envs/airflow/lib/python3.7/site-packages/airflow/example_dags/example_branch_day_of_week_operator.py
[2023-01-01T20:32:52.075-0300] {logging_mixin.py:137} INFO - [2023-01-01T20:32:52.075-0300] {dag.py:2676} INFO - Sync 1 DAGs
[2023-01-01T20:32:52.099-0300] {logging_mixin.py:137} INFO - [2023-01-01T20:32:52.099-0300] {dag.py:3427} INFO - Setting next_dagrun for example_weekday_branch_operator to 2022-12-31T00:00:00+00:00, run_after=2023-01-01T00:00:00+00:00
[2023-01-01T20:32:52.117-0300] {processor.py:175} INFO - Processing /home/kallox/anaconda3/envs/airflow/lib/python3.7/site-packages/airflow/example_dags/example_branch_day_of_week_operator.py took 0.084 seconds
[2023-01-01T20:33:23.006-0300] {processor.py:153} INFO - Started process (PID=6387) to work on /home/kallox/anaconda3/envs/airflow/lib/python3.7/site-packages/airflow/example_dags/example_branch_day_of_week_operator.py
[2023-01-01T20:33:23.006-0300] {processor.py:743} INFO - Processing file /home/kallox/anaconda3/envs/airflow/lib/python3.7/site-packages/airflow/example_dags/example_branch_day_of_week_operator.py for tasks to queue
[2023-01-01T20:33:23.007-0300] {logging_mixin.py:137} INFO - [2023-01-01T20:33:23.007-0300] {dagbag.py:538} INFO - Filling up the DagBag from /home/kallox/anaconda3/envs/airflow/lib/python3.7/site-packages/airflow/example_dags/example_branch_day_of_week_operator.py
[2023-01-01T20:33:23.018-0300] {processor.py:753} INFO - DAG(s) dict_keys(['example_weekday_branch_operator']) retrieved from /home/kallox/anaconda3/envs/airflow/lib/python3.7/site-packages/airflow/example_dags/example_branch_day_of_week_operator.py
[2023-01-01T20:33:23.046-0300] {logging_mixin.py:137} INFO - [2023-01-01T20:33:23.046-0300] {dag.py:2676} INFO - Sync 1 DAGs
[2023-01-01T20:33:23.068-0300] {logging_mixin.py:137} INFO - [2023-01-01T20:33:23.068-0300] {dag.py:3427} INFO - Setting next_dagrun for example_weekday_branch_operator to 2022-12-31T00:00:00+00:00, run_after=2023-01-01T00:00:00+00:00
[2023-01-01T20:33:23.085-0300] {processor.py:175} INFO - Processing /home/kallox/anaconda3/envs/airflow/lib/python3.7/site-packages/airflow/example_dags/example_branch_day_of_week_operator.py took 0.082 seconds
