[2023-01-01T20:30:48.572-0300] {processor.py:153} INFO - Started process (PID=3870) to work on /home/kallox/anaconda3/envs/airflow/lib/python3.7/site-packages/airflow/example_dags/example_subdag_operator.py
[2023-01-01T20:30:48.573-0300] {processor.py:743} INFO - Processing file /home/kallox/anaconda3/envs/airflow/lib/python3.7/site-packages/airflow/example_dags/example_subdag_operator.py for tasks to queue
[2023-01-01T20:30:48.573-0300] {logging_mixin.py:137} INFO - [2023-01-01T20:30:48.573-0300] {dagbag.py:538} INFO - Filling up the DagBag from /home/kallox/anaconda3/envs/airflow/lib/python3.7/site-packages/airflow/example_dags/example_subdag_operator.py
[2023-01-01T20:30:48.613-0300] {processor.py:753} INFO - DAG(s) dict_keys(['example_subdag_operator.section-1', 'example_subdag_operator.section-2', 'example_subdag_operator']) retrieved from /home/kallox/anaconda3/envs/airflow/lib/python3.7/site-packages/airflow/example_dags/example_subdag_operator.py
[2023-01-01T20:30:48.637-0300] {logging_mixin.py:137} INFO - [2023-01-01T20:30:48.637-0300] {dag.py:2676} INFO - Sync 3 DAGs
[2023-01-01T20:30:48.666-0300] {logging_mixin.py:137} INFO - [2023-01-01T20:30:48.665-0300] {dag.py:3427} INFO - Setting next_dagrun for example_subdag_operator to 2022-01-01T00:00:00+00:00, run_after=2022-01-01T00:00:00+00:00
[2023-01-01T20:30:48.669-0300] {logging_mixin.py:137} INFO - [2023-01-01T20:30:48.669-0300] {dag.py:3427} INFO - Setting next_dagrun for example_subdag_operator.section-1 to None, run_after=None
[2023-01-01T20:30:48.671-0300] {logging_mixin.py:137} INFO - [2023-01-01T20:30:48.671-0300] {dag.py:3427} INFO - Setting next_dagrun for example_subdag_operator.section-2 to None, run_after=None
[2023-01-01T20:30:48.680-0300] {logging_mixin.py:137} INFO - [2023-01-01T20:30:48.680-0300] {dag.py:2676} INFO - Sync 2 DAGs
[2023-01-01T20:30:48.687-0300] {logging_mixin.py:137} INFO - [2023-01-01T20:30:48.687-0300] {dag.py:3427} INFO - Setting next_dagrun for example_subdag_operator.section-1 to None, run_after=None
[2023-01-01T20:30:48.687-0300] {logging_mixin.py:137} INFO - [2023-01-01T20:30:48.687-0300] {dag.py:3427} INFO - Setting next_dagrun for example_subdag_operator.section-2 to None, run_after=None
[2023-01-01T20:30:48.701-0300] {processor.py:175} INFO - Processing /home/kallox/anaconda3/envs/airflow/lib/python3.7/site-packages/airflow/example_dags/example_subdag_operator.py took 0.132 seconds
[2023-01-01T20:31:19.660-0300] {processor.py:153} INFO - Started process (PID=5104) to work on /home/kallox/anaconda3/envs/airflow/lib/python3.7/site-packages/airflow/example_dags/example_subdag_operator.py
[2023-01-01T20:31:19.660-0300] {processor.py:743} INFO - Processing file /home/kallox/anaconda3/envs/airflow/lib/python3.7/site-packages/airflow/example_dags/example_subdag_operator.py for tasks to queue
[2023-01-01T20:31:19.661-0300] {logging_mixin.py:137} INFO - [2023-01-01T20:31:19.661-0300] {dagbag.py:538} INFO - Filling up the DagBag from /home/kallox/anaconda3/envs/airflow/lib/python3.7/site-packages/airflow/example_dags/example_subdag_operator.py
[2023-01-01T20:31:19.692-0300] {processor.py:753} INFO - DAG(s) dict_keys(['example_subdag_operator.section-1', 'example_subdag_operator.section-2', 'example_subdag_operator']) retrieved from /home/kallox/anaconda3/envs/airflow/lib/python3.7/site-packages/airflow/example_dags/example_subdag_operator.py
[2023-01-01T20:31:19.712-0300] {logging_mixin.py:137} INFO - [2023-01-01T20:31:19.712-0300] {dag.py:2676} INFO - Sync 3 DAGs
[2023-01-01T20:31:19.735-0300] {logging_mixin.py:137} INFO - [2023-01-01T20:31:19.735-0300] {dag.py:3427} INFO - Setting next_dagrun for example_subdag_operator to 2022-01-01T00:00:00+00:00, run_after=2022-01-01T00:00:00+00:00
[2023-01-01T20:31:19.739-0300] {logging_mixin.py:137} INFO - [2023-01-01T20:31:19.739-0300] {dag.py:3427} INFO - Setting next_dagrun for example_subdag_operator.section-1 to None, run_after=None
[2023-01-01T20:31:19.740-0300] {logging_mixin.py:137} INFO - [2023-01-01T20:31:19.740-0300] {dag.py:3427} INFO - Setting next_dagrun for example_subdag_operator.section-2 to None, run_after=None
[2023-01-01T20:31:19.748-0300] {logging_mixin.py:137} INFO - [2023-01-01T20:31:19.747-0300] {dag.py:2676} INFO - Sync 2 DAGs
[2023-01-01T20:31:19.756-0300] {logging_mixin.py:137} INFO - [2023-01-01T20:31:19.756-0300] {dag.py:3427} INFO - Setting next_dagrun for example_subdag_operator.section-1 to None, run_after=None
[2023-01-01T20:31:19.756-0300] {logging_mixin.py:137} INFO - [2023-01-01T20:31:19.756-0300] {dag.py:3427} INFO - Setting next_dagrun for example_subdag_operator.section-2 to None, run_after=None
[2023-01-01T20:31:19.771-0300] {processor.py:175} INFO - Processing /home/kallox/anaconda3/envs/airflow/lib/python3.7/site-packages/airflow/example_dags/example_subdag_operator.py took 0.114 seconds
[2023-01-01T20:31:50.425-0300] {processor.py:153} INFO - Started process (PID=5467) to work on /home/kallox/anaconda3/envs/airflow/lib/python3.7/site-packages/airflow/example_dags/example_subdag_operator.py
[2023-01-01T20:31:50.426-0300] {processor.py:743} INFO - Processing file /home/kallox/anaconda3/envs/airflow/lib/python3.7/site-packages/airflow/example_dags/example_subdag_operator.py for tasks to queue
[2023-01-01T20:31:50.427-0300] {logging_mixin.py:137} INFO - [2023-01-01T20:31:50.426-0300] {dagbag.py:538} INFO - Filling up the DagBag from /home/kallox/anaconda3/envs/airflow/lib/python3.7/site-packages/airflow/example_dags/example_subdag_operator.py
[2023-01-01T20:31:50.458-0300] {processor.py:753} INFO - DAG(s) dict_keys(['example_subdag_operator.section-1', 'example_subdag_operator.section-2', 'example_subdag_operator']) retrieved from /home/kallox/anaconda3/envs/airflow/lib/python3.7/site-packages/airflow/example_dags/example_subdag_operator.py
[2023-01-01T20:31:50.478-0300] {logging_mixin.py:137} INFO - [2023-01-01T20:31:50.477-0300] {dag.py:2676} INFO - Sync 3 DAGs
[2023-01-01T20:31:50.501-0300] {logging_mixin.py:137} INFO - [2023-01-01T20:31:50.501-0300] {dag.py:3427} INFO - Setting next_dagrun for example_subdag_operator to 2022-01-01T00:00:00+00:00, run_after=2022-01-01T00:00:00+00:00
[2023-01-01T20:31:50.504-0300] {logging_mixin.py:137} INFO - [2023-01-01T20:31:50.504-0300] {dag.py:3427} INFO - Setting next_dagrun for example_subdag_operator.section-1 to None, run_after=None
[2023-01-01T20:31:50.505-0300] {logging_mixin.py:137} INFO - [2023-01-01T20:31:50.505-0300] {dag.py:3427} INFO - Setting next_dagrun for example_subdag_operator.section-2 to None, run_after=None
[2023-01-01T20:31:50.513-0300] {logging_mixin.py:137} INFO - [2023-01-01T20:31:50.512-0300] {dag.py:2676} INFO - Sync 2 DAGs
[2023-01-01T20:31:50.520-0300] {logging_mixin.py:137} INFO - [2023-01-01T20:31:50.519-0300] {dag.py:3427} INFO - Setting next_dagrun for example_subdag_operator.section-1 to None, run_after=None
[2023-01-01T20:31:50.520-0300] {logging_mixin.py:137} INFO - [2023-01-01T20:31:50.520-0300] {dag.py:3427} INFO - Setting next_dagrun for example_subdag_operator.section-2 to None, run_after=None
[2023-01-01T20:31:50.531-0300] {processor.py:175} INFO - Processing /home/kallox/anaconda3/envs/airflow/lib/python3.7/site-packages/airflow/example_dags/example_subdag_operator.py took 0.108 seconds
[2023-01-01T20:32:20.807-0300] {processor.py:153} INFO - Started process (PID=5828) to work on /home/kallox/anaconda3/envs/airflow/lib/python3.7/site-packages/airflow/example_dags/example_subdag_operator.py
[2023-01-01T20:32:20.808-0300] {processor.py:743} INFO - Processing file /home/kallox/anaconda3/envs/airflow/lib/python3.7/site-packages/airflow/example_dags/example_subdag_operator.py for tasks to queue
[2023-01-01T20:32:20.808-0300] {logging_mixin.py:137} INFO - [2023-01-01T20:32:20.808-0300] {dagbag.py:538} INFO - Filling up the DagBag from /home/kallox/anaconda3/envs/airflow/lib/python3.7/site-packages/airflow/example_dags/example_subdag_operator.py
[2023-01-01T20:32:20.837-0300] {processor.py:753} INFO - DAG(s) dict_keys(['example_subdag_operator.section-1', 'example_subdag_operator.section-2', 'example_subdag_operator']) retrieved from /home/kallox/anaconda3/envs/airflow/lib/python3.7/site-packages/airflow/example_dags/example_subdag_operator.py
[2023-01-01T20:32:20.857-0300] {logging_mixin.py:137} INFO - [2023-01-01T20:32:20.857-0300] {dag.py:2676} INFO - Sync 3 DAGs
[2023-01-01T20:32:20.884-0300] {logging_mixin.py:137} INFO - [2023-01-01T20:32:20.883-0300] {dag.py:3427} INFO - Setting next_dagrun for example_subdag_operator to 2022-01-01T00:00:00+00:00, run_after=2022-01-01T00:00:00+00:00
[2023-01-01T20:32:20.887-0300] {logging_mixin.py:137} INFO - [2023-01-01T20:32:20.887-0300] {dag.py:3427} INFO - Setting next_dagrun for example_subdag_operator.section-1 to None, run_after=None
[2023-01-01T20:32:20.888-0300] {logging_mixin.py:137} INFO - [2023-01-01T20:32:20.888-0300] {dag.py:3427} INFO - Setting next_dagrun for example_subdag_operator.section-2 to None, run_after=None
[2023-01-01T20:32:20.896-0300] {logging_mixin.py:137} INFO - [2023-01-01T20:32:20.896-0300] {dag.py:2676} INFO - Sync 2 DAGs
[2023-01-01T20:32:20.902-0300] {logging_mixin.py:137} INFO - [2023-01-01T20:32:20.902-0300] {dag.py:3427} INFO - Setting next_dagrun for example_subdag_operator.section-1 to None, run_after=None
[2023-01-01T20:32:20.902-0300] {logging_mixin.py:137} INFO - [2023-01-01T20:32:20.902-0300] {dag.py:3427} INFO - Setting next_dagrun for example_subdag_operator.section-2 to None, run_after=None
[2023-01-01T20:32:20.912-0300] {processor.py:175} INFO - Processing /home/kallox/anaconda3/envs/airflow/lib/python3.7/site-packages/airflow/example_dags/example_subdag_operator.py took 0.108 seconds
[2023-01-01T20:32:52.679-0300] {processor.py:153} INFO - Started process (PID=6144) to work on /home/kallox/anaconda3/envs/airflow/lib/python3.7/site-packages/airflow/example_dags/example_subdag_operator.py
[2023-01-01T20:32:52.680-0300] {processor.py:743} INFO - Processing file /home/kallox/anaconda3/envs/airflow/lib/python3.7/site-packages/airflow/example_dags/example_subdag_operator.py for tasks to queue
[2023-01-01T20:32:52.681-0300] {logging_mixin.py:137} INFO - [2023-01-01T20:32:52.680-0300] {dagbag.py:538} INFO - Filling up the DagBag from /home/kallox/anaconda3/envs/airflow/lib/python3.7/site-packages/airflow/example_dags/example_subdag_operator.py
[2023-01-01T20:32:52.709-0300] {processor.py:753} INFO - DAG(s) dict_keys(['example_subdag_operator.section-1', 'example_subdag_operator.section-2', 'example_subdag_operator']) retrieved from /home/kallox/anaconda3/envs/airflow/lib/python3.7/site-packages/airflow/example_dags/example_subdag_operator.py
[2023-01-01T20:32:52.728-0300] {logging_mixin.py:137} INFO - [2023-01-01T20:32:52.727-0300] {dag.py:2676} INFO - Sync 3 DAGs
[2023-01-01T20:32:52.750-0300] {logging_mixin.py:137} INFO - [2023-01-01T20:32:52.750-0300] {dag.py:3427} INFO - Setting next_dagrun for example_subdag_operator to 2022-01-01T00:00:00+00:00, run_after=2022-01-01T00:00:00+00:00
[2023-01-01T20:32:52.753-0300] {logging_mixin.py:137} INFO - [2023-01-01T20:32:52.753-0300] {dag.py:3427} INFO - Setting next_dagrun for example_subdag_operator.section-1 to None, run_after=None
[2023-01-01T20:32:52.755-0300] {logging_mixin.py:137} INFO - [2023-01-01T20:32:52.754-0300] {dag.py:3427} INFO - Setting next_dagrun for example_subdag_operator.section-2 to None, run_after=None
[2023-01-01T20:32:52.761-0300] {logging_mixin.py:137} INFO - [2023-01-01T20:32:52.761-0300] {dag.py:2676} INFO - Sync 2 DAGs
[2023-01-01T20:32:52.767-0300] {logging_mixin.py:137} INFO - [2023-01-01T20:32:52.766-0300] {dag.py:3427} INFO - Setting next_dagrun for example_subdag_operator.section-1 to None, run_after=None
[2023-01-01T20:32:52.767-0300] {logging_mixin.py:137} INFO - [2023-01-01T20:32:52.767-0300] {dag.py:3427} INFO - Setting next_dagrun for example_subdag_operator.section-2 to None, run_after=None
[2023-01-01T20:32:52.776-0300] {processor.py:175} INFO - Processing /home/kallox/anaconda3/envs/airflow/lib/python3.7/site-packages/airflow/example_dags/example_subdag_operator.py took 0.100 seconds
[2023-01-01T20:33:23.556-0300] {processor.py:153} INFO - Started process (PID=6445) to work on /home/kallox/anaconda3/envs/airflow/lib/python3.7/site-packages/airflow/example_dags/example_subdag_operator.py
[2023-01-01T20:33:23.557-0300] {processor.py:743} INFO - Processing file /home/kallox/anaconda3/envs/airflow/lib/python3.7/site-packages/airflow/example_dags/example_subdag_operator.py for tasks to queue
[2023-01-01T20:33:23.557-0300] {logging_mixin.py:137} INFO - [2023-01-01T20:33:23.557-0300] {dagbag.py:538} INFO - Filling up the DagBag from /home/kallox/anaconda3/envs/airflow/lib/python3.7/site-packages/airflow/example_dags/example_subdag_operator.py
[2023-01-01T20:33:23.587-0300] {processor.py:753} INFO - DAG(s) dict_keys(['example_subdag_operator.section-1', 'example_subdag_operator.section-2', 'example_subdag_operator']) retrieved from /home/kallox/anaconda3/envs/airflow/lib/python3.7/site-packages/airflow/example_dags/example_subdag_operator.py
[2023-01-01T20:33:23.607-0300] {logging_mixin.py:137} INFO - [2023-01-01T20:33:23.607-0300] {dag.py:2676} INFO - Sync 3 DAGs
[2023-01-01T20:33:23.629-0300] {logging_mixin.py:137} INFO - [2023-01-01T20:33:23.629-0300] {dag.py:3427} INFO - Setting next_dagrun for example_subdag_operator to 2022-01-01T00:00:00+00:00, run_after=2022-01-01T00:00:00+00:00
[2023-01-01T20:33:23.632-0300] {logging_mixin.py:137} INFO - [2023-01-01T20:33:23.632-0300] {dag.py:3427} INFO - Setting next_dagrun for example_subdag_operator.section-1 to None, run_after=None
[2023-01-01T20:33:23.633-0300] {logging_mixin.py:137} INFO - [2023-01-01T20:33:23.633-0300] {dag.py:3427} INFO - Setting next_dagrun for example_subdag_operator.section-2 to None, run_after=None
[2023-01-01T20:33:23.640-0300] {logging_mixin.py:137} INFO - [2023-01-01T20:33:23.640-0300] {dag.py:2676} INFO - Sync 2 DAGs
[2023-01-01T20:33:23.646-0300] {logging_mixin.py:137} INFO - [2023-01-01T20:33:23.645-0300] {dag.py:3427} INFO - Setting next_dagrun for example_subdag_operator.section-1 to None, run_after=None
[2023-01-01T20:33:23.646-0300] {logging_mixin.py:137} INFO - [2023-01-01T20:33:23.646-0300] {dag.py:3427} INFO - Setting next_dagrun for example_subdag_operator.section-2 to None, run_after=None
[2023-01-01T20:33:23.656-0300] {processor.py:175} INFO - Processing /home/kallox/anaconda3/envs/airflow/lib/python3.7/site-packages/airflow/example_dags/example_subdag_operator.py took 0.102 seconds
