[2023-01-01T20:30:47.828-0300] {processor.py:153} INFO - Started process (PID=3759) to work on /home/kallox/anaconda3/envs/airflow/lib/python3.7/site-packages/airflow/example_dags/example_short_circuit_operator.py
[2023-01-01T20:30:47.829-0300] {processor.py:743} INFO - Processing file /home/kallox/anaconda3/envs/airflow/lib/python3.7/site-packages/airflow/example_dags/example_short_circuit_operator.py for tasks to queue
[2023-01-01T20:30:47.829-0300] {logging_mixin.py:137} INFO - [2023-01-01T20:30:47.829-0300] {dagbag.py:538} INFO - Filling up the DagBag from /home/kallox/anaconda3/envs/airflow/lib/python3.7/site-packages/airflow/example_dags/example_short_circuit_operator.py
[2023-01-01T20:30:47.842-0300] {processor.py:753} INFO - DAG(s) dict_keys(['example_short_circuit_operator']) retrieved from /home/kallox/anaconda3/envs/airflow/lib/python3.7/site-packages/airflow/example_dags/example_short_circuit_operator.py
[2023-01-01T20:30:47.874-0300] {logging_mixin.py:137} INFO - [2023-01-01T20:30:47.873-0300] {dag.py:2676} INFO - Sync 1 DAGs
[2023-01-01T20:30:47.898-0300] {logging_mixin.py:137} INFO - [2023-01-01T20:30:47.898-0300] {dag.py:3427} INFO - Setting next_dagrun for example_short_circuit_operator to 2022-12-31T23:30:47.898310+00:00, run_after=2023-01-01T23:30:47.898310+00:00
[2023-01-01T20:30:47.919-0300] {processor.py:175} INFO - Processing /home/kallox/anaconda3/envs/airflow/lib/python3.7/site-packages/airflow/example_dags/example_short_circuit_operator.py took 0.093 seconds
[2023-01-01T20:31:19.021-0300] {processor.py:153} INFO - Started process (PID=5017) to work on /home/kallox/anaconda3/envs/airflow/lib/python3.7/site-packages/airflow/example_dags/example_short_circuit_operator.py
[2023-01-01T20:31:19.021-0300] {processor.py:743} INFO - Processing file /home/kallox/anaconda3/envs/airflow/lib/python3.7/site-packages/airflow/example_dags/example_short_circuit_operator.py for tasks to queue
[2023-01-01T20:31:19.022-0300] {logging_mixin.py:137} INFO - [2023-01-01T20:31:19.022-0300] {dagbag.py:538} INFO - Filling up the DagBag from /home/kallox/anaconda3/envs/airflow/lib/python3.7/site-packages/airflow/example_dags/example_short_circuit_operator.py
[2023-01-01T20:31:19.033-0300] {processor.py:753} INFO - DAG(s) dict_keys(['example_short_circuit_operator']) retrieved from /home/kallox/anaconda3/envs/airflow/lib/python3.7/site-packages/airflow/example_dags/example_short_circuit_operator.py
[2023-01-01T20:31:19.063-0300] {logging_mixin.py:137} INFO - [2023-01-01T20:31:19.062-0300] {dag.py:2676} INFO - Sync 1 DAGs
[2023-01-01T20:31:19.085-0300] {logging_mixin.py:137} INFO - [2023-01-01T20:31:19.085-0300] {dag.py:3427} INFO - Setting next_dagrun for example_short_circuit_operator to 2022-12-31T23:31:19.084770+00:00, run_after=2023-01-01T23:31:19.084770+00:00
[2023-01-01T20:31:19.102-0300] {processor.py:175} INFO - Processing /home/kallox/anaconda3/envs/airflow/lib/python3.7/site-packages/airflow/example_dags/example_short_circuit_operator.py took 0.083 seconds
[2023-01-01T20:31:49.792-0300] {processor.py:153} INFO - Started process (PID=5397) to work on /home/kallox/anaconda3/envs/airflow/lib/python3.7/site-packages/airflow/example_dags/example_short_circuit_operator.py
[2023-01-01T20:31:49.793-0300] {processor.py:743} INFO - Processing file /home/kallox/anaconda3/envs/airflow/lib/python3.7/site-packages/airflow/example_dags/example_short_circuit_operator.py for tasks to queue
[2023-01-01T20:31:49.793-0300] {logging_mixin.py:137} INFO - [2023-01-01T20:31:49.793-0300] {dagbag.py:538} INFO - Filling up the DagBag from /home/kallox/anaconda3/envs/airflow/lib/python3.7/site-packages/airflow/example_dags/example_short_circuit_operator.py
[2023-01-01T20:31:49.805-0300] {processor.py:753} INFO - DAG(s) dict_keys(['example_short_circuit_operator']) retrieved from /home/kallox/anaconda3/envs/airflow/lib/python3.7/site-packages/airflow/example_dags/example_short_circuit_operator.py
[2023-01-01T20:31:49.833-0300] {logging_mixin.py:137} INFO - [2023-01-01T20:31:49.833-0300] {dag.py:2676} INFO - Sync 1 DAGs
[2023-01-01T20:31:49.855-0300] {logging_mixin.py:137} INFO - [2023-01-01T20:31:49.855-0300] {dag.py:3427} INFO - Setting next_dagrun for example_short_circuit_operator to 2022-12-31T23:31:49.855448+00:00, run_after=2023-01-01T23:31:49.855448+00:00
[2023-01-01T20:31:49.874-0300] {processor.py:175} INFO - Processing /home/kallox/anaconda3/envs/airflow/lib/python3.7/site-packages/airflow/example_dags/example_short_circuit_operator.py took 0.084 seconds
[2023-01-01T20:32:20.170-0300] {processor.py:153} INFO - Started process (PID=5755) to work on /home/kallox/anaconda3/envs/airflow/lib/python3.7/site-packages/airflow/example_dags/example_short_circuit_operator.py
[2023-01-01T20:32:20.170-0300] {processor.py:743} INFO - Processing file /home/kallox/anaconda3/envs/airflow/lib/python3.7/site-packages/airflow/example_dags/example_short_circuit_operator.py for tasks to queue
[2023-01-01T20:32:20.171-0300] {logging_mixin.py:137} INFO - [2023-01-01T20:32:20.171-0300] {dagbag.py:538} INFO - Filling up the DagBag from /home/kallox/anaconda3/envs/airflow/lib/python3.7/site-packages/airflow/example_dags/example_short_circuit_operator.py
[2023-01-01T20:32:20.182-0300] {processor.py:753} INFO - DAG(s) dict_keys(['example_short_circuit_operator']) retrieved from /home/kallox/anaconda3/envs/airflow/lib/python3.7/site-packages/airflow/example_dags/example_short_circuit_operator.py
[2023-01-01T20:32:20.211-0300] {logging_mixin.py:137} INFO - [2023-01-01T20:32:20.210-0300] {dag.py:2676} INFO - Sync 1 DAGs
[2023-01-01T20:32:20.233-0300] {logging_mixin.py:137} INFO - [2023-01-01T20:32:20.233-0300] {dag.py:3427} INFO - Setting next_dagrun for example_short_circuit_operator to 2022-12-31T23:32:20.233164+00:00, run_after=2023-01-01T23:32:20.233164+00:00
[2023-01-01T20:32:20.255-0300] {processor.py:175} INFO - Processing /home/kallox/anaconda3/envs/airflow/lib/python3.7/site-packages/airflow/example_dags/example_short_circuit_operator.py took 0.087 seconds
[2023-01-01T20:32:51.933-0300] {processor.py:153} INFO - Started process (PID=6074) to work on /home/kallox/anaconda3/envs/airflow/lib/python3.7/site-packages/airflow/example_dags/example_short_circuit_operator.py
[2023-01-01T20:32:51.934-0300] {processor.py:743} INFO - Processing file /home/kallox/anaconda3/envs/airflow/lib/python3.7/site-packages/airflow/example_dags/example_short_circuit_operator.py for tasks to queue
[2023-01-01T20:32:51.934-0300] {logging_mixin.py:137} INFO - [2023-01-01T20:32:51.934-0300] {dagbag.py:538} INFO - Filling up the DagBag from /home/kallox/anaconda3/envs/airflow/lib/python3.7/site-packages/airflow/example_dags/example_short_circuit_operator.py
[2023-01-01T20:32:51.946-0300] {processor.py:753} INFO - DAG(s) dict_keys(['example_short_circuit_operator']) retrieved from /home/kallox/anaconda3/envs/airflow/lib/python3.7/site-packages/airflow/example_dags/example_short_circuit_operator.py
[2023-01-01T20:32:51.979-0300] {logging_mixin.py:137} INFO - [2023-01-01T20:32:51.979-0300] {dag.py:2676} INFO - Sync 1 DAGs
[2023-01-01T20:32:52.001-0300] {logging_mixin.py:137} INFO - [2023-01-01T20:32:52.001-0300] {dag.py:3427} INFO - Setting next_dagrun for example_short_circuit_operator to 2022-12-31T23:32:52.001223+00:00, run_after=2023-01-01T23:32:52.001223+00:00
[2023-01-01T20:32:52.018-0300] {processor.py:175} INFO - Processing /home/kallox/anaconda3/envs/airflow/lib/python3.7/site-packages/airflow/example_dags/example_short_circuit_operator.py took 0.087 seconds
[2023-01-01T20:33:22.813-0300] {processor.py:153} INFO - Started process (PID=6372) to work on /home/kallox/anaconda3/envs/airflow/lib/python3.7/site-packages/airflow/example_dags/example_short_circuit_operator.py
[2023-01-01T20:33:22.814-0300] {processor.py:743} INFO - Processing file /home/kallox/anaconda3/envs/airflow/lib/python3.7/site-packages/airflow/example_dags/example_short_circuit_operator.py for tasks to queue
[2023-01-01T20:33:22.814-0300] {logging_mixin.py:137} INFO - [2023-01-01T20:33:22.814-0300] {dagbag.py:538} INFO - Filling up the DagBag from /home/kallox/anaconda3/envs/airflow/lib/python3.7/site-packages/airflow/example_dags/example_short_circuit_operator.py
[2023-01-01T20:33:22.825-0300] {processor.py:753} INFO - DAG(s) dict_keys(['example_short_circuit_operator']) retrieved from /home/kallox/anaconda3/envs/airflow/lib/python3.7/site-packages/airflow/example_dags/example_short_circuit_operator.py
[2023-01-01T20:33:22.854-0300] {logging_mixin.py:137} INFO - [2023-01-01T20:33:22.854-0300] {dag.py:2676} INFO - Sync 1 DAGs
[2023-01-01T20:33:22.875-0300] {logging_mixin.py:137} INFO - [2023-01-01T20:33:22.875-0300] {dag.py:3427} INFO - Setting next_dagrun for example_short_circuit_operator to 2022-12-31T23:33:22.875125+00:00, run_after=2023-01-01T23:33:22.875125+00:00
[2023-01-01T20:33:22.891-0300] {processor.py:175} INFO - Processing /home/kallox/anaconda3/envs/airflow/lib/python3.7/site-packages/airflow/example_dags/example_short_circuit_operator.py took 0.081 seconds
