[2023-01-01T20:30:47.192-0300] {processor.py:153} INFO - Started process (PID=3683) to work on /home/kallox/anaconda3/envs/airflow/lib/python3.7/site-packages/airflow/example_dags/example_latest_only.py
[2023-01-01T20:30:47.193-0300] {processor.py:743} INFO - Processing file /home/kallox/anaconda3/envs/airflow/lib/python3.7/site-packages/airflow/example_dags/example_latest_only.py for tasks to queue
[2023-01-01T20:30:47.193-0300] {logging_mixin.py:137} INFO - [2023-01-01T20:30:47.193-0300] {dagbag.py:538} INFO - Filling up the DagBag from /home/kallox/anaconda3/envs/airflow/lib/python3.7/site-packages/airflow/example_dags/example_latest_only.py
[2023-01-01T20:30:47.205-0300] {processor.py:753} INFO - DAG(s) dict_keys(['latest_only']) retrieved from /home/kallox/anaconda3/envs/airflow/lib/python3.7/site-packages/airflow/example_dags/example_latest_only.py
[2023-01-01T20:30:47.238-0300] {logging_mixin.py:137} INFO - [2023-01-01T20:30:47.238-0300] {dag.py:2676} INFO - Sync 1 DAGs
[2023-01-01T20:30:47.267-0300] {logging_mixin.py:137} INFO - [2023-01-01T20:30:47.266-0300] {dag.py:3427} INFO - Setting next_dagrun for latest_only to 2023-01-01T19:30:47.266750+00:00, run_after=2023-01-01T23:30:47.266750+00:00
[2023-01-01T20:30:47.284-0300] {processor.py:175} INFO - Processing /home/kallox/anaconda3/envs/airflow/lib/python3.7/site-packages/airflow/example_dags/example_latest_only.py took 0.095 seconds
[2023-01-01T20:31:18.394-0300] {processor.py:153} INFO - Started process (PID=4947) to work on /home/kallox/anaconda3/envs/airflow/lib/python3.7/site-packages/airflow/example_dags/example_latest_only.py
[2023-01-01T20:31:18.395-0300] {processor.py:743} INFO - Processing file /home/kallox/anaconda3/envs/airflow/lib/python3.7/site-packages/airflow/example_dags/example_latest_only.py for tasks to queue
[2023-01-01T20:31:18.396-0300] {logging_mixin.py:137} INFO - [2023-01-01T20:31:18.395-0300] {dagbag.py:538} INFO - Filling up the DagBag from /home/kallox/anaconda3/envs/airflow/lib/python3.7/site-packages/airflow/example_dags/example_latest_only.py
[2023-01-01T20:31:18.405-0300] {processor.py:753} INFO - DAG(s) dict_keys(['latest_only']) retrieved from /home/kallox/anaconda3/envs/airflow/lib/python3.7/site-packages/airflow/example_dags/example_latest_only.py
[2023-01-01T20:31:18.433-0300] {logging_mixin.py:137} INFO - [2023-01-01T20:31:18.433-0300] {dag.py:2676} INFO - Sync 1 DAGs
[2023-01-01T20:31:18.456-0300] {logging_mixin.py:137} INFO - [2023-01-01T20:31:18.456-0300] {dag.py:3427} INFO - Setting next_dagrun for latest_only to 2023-01-01T19:31:18.456583+00:00, run_after=2023-01-01T23:31:18.456583+00:00
[2023-01-01T20:31:18.474-0300] {processor.py:175} INFO - Processing /home/kallox/anaconda3/envs/airflow/lib/python3.7/site-packages/airflow/example_dags/example_latest_only.py took 0.082 seconds
[2023-01-01T20:31:49.047-0300] {processor.py:153} INFO - Started process (PID=5321) to work on /home/kallox/anaconda3/envs/airflow/lib/python3.7/site-packages/airflow/example_dags/example_latest_only.py
[2023-01-01T20:31:49.047-0300] {processor.py:743} INFO - Processing file /home/kallox/anaconda3/envs/airflow/lib/python3.7/site-packages/airflow/example_dags/example_latest_only.py for tasks to queue
[2023-01-01T20:31:49.048-0300] {logging_mixin.py:137} INFO - [2023-01-01T20:31:49.048-0300] {dagbag.py:538} INFO - Filling up the DagBag from /home/kallox/anaconda3/envs/airflow/lib/python3.7/site-packages/airflow/example_dags/example_latest_only.py
[2023-01-01T20:31:49.058-0300] {processor.py:753} INFO - DAG(s) dict_keys(['latest_only']) retrieved from /home/kallox/anaconda3/envs/airflow/lib/python3.7/site-packages/airflow/example_dags/example_latest_only.py
[2023-01-01T20:31:49.085-0300] {logging_mixin.py:137} INFO - [2023-01-01T20:31:49.085-0300] {dag.py:2676} INFO - Sync 1 DAGs
[2023-01-01T20:31:49.109-0300] {logging_mixin.py:137} INFO - [2023-01-01T20:31:49.109-0300] {dag.py:3427} INFO - Setting next_dagrun for latest_only to 2023-01-01T19:31:49.108805+00:00, run_after=2023-01-01T23:31:49.108805+00:00
[2023-01-01T20:31:49.132-0300] {processor.py:175} INFO - Processing /home/kallox/anaconda3/envs/airflow/lib/python3.7/site-packages/airflow/example_dags/example_latest_only.py took 0.088 seconds
[2023-01-01T20:32:19.539-0300] {processor.py:153} INFO - Started process (PID=5684) to work on /home/kallox/anaconda3/envs/airflow/lib/python3.7/site-packages/airflow/example_dags/example_latest_only.py
[2023-01-01T20:32:19.539-0300] {processor.py:743} INFO - Processing file /home/kallox/anaconda3/envs/airflow/lib/python3.7/site-packages/airflow/example_dags/example_latest_only.py for tasks to queue
[2023-01-01T20:32:19.540-0300] {logging_mixin.py:137} INFO - [2023-01-01T20:32:19.540-0300] {dagbag.py:538} INFO - Filling up the DagBag from /home/kallox/anaconda3/envs/airflow/lib/python3.7/site-packages/airflow/example_dags/example_latest_only.py
[2023-01-01T20:32:19.549-0300] {processor.py:753} INFO - DAG(s) dict_keys(['latest_only']) retrieved from /home/kallox/anaconda3/envs/airflow/lib/python3.7/site-packages/airflow/example_dags/example_latest_only.py
[2023-01-01T20:32:19.577-0300] {logging_mixin.py:137} INFO - [2023-01-01T20:32:19.577-0300] {dag.py:2676} INFO - Sync 1 DAGs
[2023-01-01T20:32:19.600-0300] {logging_mixin.py:137} INFO - [2023-01-01T20:32:19.599-0300] {dag.py:3427} INFO - Setting next_dagrun for latest_only to 2023-01-01T19:32:19.599657+00:00, run_after=2023-01-01T23:32:19.599657+00:00
[2023-01-01T20:32:19.617-0300] {processor.py:175} INFO - Processing /home/kallox/anaconda3/envs/airflow/lib/python3.7/site-packages/airflow/example_dags/example_latest_only.py took 0.080 seconds
[2023-01-01T20:32:51.101-0300] {processor.py:153} INFO - Started process (PID=5998) to work on /home/kallox/anaconda3/envs/airflow/lib/python3.7/site-packages/airflow/example_dags/example_latest_only.py
[2023-01-01T20:32:51.102-0300] {processor.py:743} INFO - Processing file /home/kallox/anaconda3/envs/airflow/lib/python3.7/site-packages/airflow/example_dags/example_latest_only.py for tasks to queue
[2023-01-01T20:32:51.103-0300] {logging_mixin.py:137} INFO - [2023-01-01T20:32:51.102-0300] {dagbag.py:538} INFO - Filling up the DagBag from /home/kallox/anaconda3/envs/airflow/lib/python3.7/site-packages/airflow/example_dags/example_latest_only.py
[2023-01-01T20:32:51.114-0300] {processor.py:753} INFO - DAG(s) dict_keys(['latest_only']) retrieved from /home/kallox/anaconda3/envs/airflow/lib/python3.7/site-packages/airflow/example_dags/example_latest_only.py
[2023-01-01T20:32:51.143-0300] {logging_mixin.py:137} INFO - [2023-01-01T20:32:51.143-0300] {dag.py:2676} INFO - Sync 1 DAGs
[2023-01-01T20:32:51.168-0300] {logging_mixin.py:137} INFO - [2023-01-01T20:32:51.168-0300] {dag.py:3427} INFO - Setting next_dagrun for latest_only to 2023-01-01T19:32:51.168110+00:00, run_after=2023-01-01T23:32:51.168110+00:00
[2023-01-01T20:32:51.187-0300] {processor.py:175} INFO - Processing /home/kallox/anaconda3/envs/airflow/lib/python3.7/site-packages/airflow/example_dags/example_latest_only.py took 0.088 seconds
[2023-01-01T20:33:21.973-0300] {processor.py:153} INFO - Started process (PID=6300) to work on /home/kallox/anaconda3/envs/airflow/lib/python3.7/site-packages/airflow/example_dags/example_latest_only.py
[2023-01-01T20:33:21.973-0300] {processor.py:743} INFO - Processing file /home/kallox/anaconda3/envs/airflow/lib/python3.7/site-packages/airflow/example_dags/example_latest_only.py for tasks to queue
[2023-01-01T20:33:21.974-0300] {logging_mixin.py:137} INFO - [2023-01-01T20:33:21.974-0300] {dagbag.py:538} INFO - Filling up the DagBag from /home/kallox/anaconda3/envs/airflow/lib/python3.7/site-packages/airflow/example_dags/example_latest_only.py
[2023-01-01T20:33:21.983-0300] {processor.py:753} INFO - DAG(s) dict_keys(['latest_only']) retrieved from /home/kallox/anaconda3/envs/airflow/lib/python3.7/site-packages/airflow/example_dags/example_latest_only.py
[2023-01-01T20:33:22.012-0300] {logging_mixin.py:137} INFO - [2023-01-01T20:33:22.011-0300] {dag.py:2676} INFO - Sync 1 DAGs
[2023-01-01T20:33:22.034-0300] {logging_mixin.py:137} INFO - [2023-01-01T20:33:22.033-0300] {dag.py:3427} INFO - Setting next_dagrun for latest_only to 2023-01-01T19:33:22.033782+00:00, run_after=2023-01-01T23:33:22.033782+00:00
[2023-01-01T20:33:22.052-0300] {processor.py:175} INFO - Processing /home/kallox/anaconda3/envs/airflow/lib/python3.7/site-packages/airflow/example_dags/example_latest_only.py took 0.082 seconds
