[2023-01-01T20:30:46.743-0300] {processor.py:153} INFO - Started process (PID=3641) to work on /home/kallox/anaconda3/envs/airflow/lib/python3.7/site-packages/airflow/example_dags/example_datasets.py
[2023-01-01T20:30:46.743-0300] {processor.py:743} INFO - Processing file /home/kallox/anaconda3/envs/airflow/lib/python3.7/site-packages/airflow/example_dags/example_datasets.py for tasks to queue
[2023-01-01T20:30:46.744-0300] {logging_mixin.py:137} INFO - [2023-01-01T20:30:46.744-0300] {dagbag.py:538} INFO - Filling up the DagBag from /home/kallox/anaconda3/envs/airflow/lib/python3.7/site-packages/airflow/example_dags/example_datasets.py
[2023-01-01T20:30:46.756-0300] {processor.py:753} INFO - DAG(s) dict_keys(['dataset_consumes_1_never_scheduled', 'dataset_consumes_1_and_2', 'dataset_produces_2', 'dataset_produces_1', 'dataset_consumes_unknown_never_scheduled', 'dataset_consumes_1']) retrieved from /home/kallox/anaconda3/envs/airflow/lib/python3.7/site-packages/airflow/example_dags/example_datasets.py
[2023-01-01T20:30:46.849-0300] {logging_mixin.py:137} INFO - [2023-01-01T20:30:46.849-0300] {dag.py:2676} INFO - Sync 6 DAGs
[2023-01-01T20:30:46.872-0300] {logging_mixin.py:137} INFO - [2023-01-01T20:30:46.871-0300] {dag.py:3427} INFO - Setting next_dagrun for dataset_consumes_1 to None, run_after=None
[2023-01-01T20:30:46.875-0300] {logging_mixin.py:137} INFO - [2023-01-01T20:30:46.874-0300] {dag.py:3427} INFO - Setting next_dagrun for dataset_consumes_1_and_2 to None, run_after=None
[2023-01-01T20:30:46.876-0300] {logging_mixin.py:137} INFO - [2023-01-01T20:30:46.876-0300] {dag.py:3427} INFO - Setting next_dagrun for dataset_consumes_1_never_scheduled to None, run_after=None
[2023-01-01T20:30:46.877-0300] {logging_mixin.py:137} INFO - [2023-01-01T20:30:46.877-0300] {dag.py:3427} INFO - Setting next_dagrun for dataset_consumes_unknown_never_scheduled to None, run_after=None
[2023-01-01T20:30:46.880-0300] {logging_mixin.py:137} INFO - [2023-01-01T20:30:46.880-0300] {dag.py:3427} INFO - Setting next_dagrun for dataset_produces_1 to 2022-12-31T00:00:00+00:00, run_after=2023-01-01T00:00:00+00:00
[2023-01-01T20:30:46.881-0300] {logging_mixin.py:137} INFO - [2023-01-01T20:30:46.881-0300] {dag.py:3427} INFO - Setting next_dagrun for dataset_produces_2 to None, run_after=None
[2023-01-01T20:30:46.918-0300] {processor.py:175} INFO - Processing /home/kallox/anaconda3/envs/airflow/lib/python3.7/site-packages/airflow/example_dags/example_datasets.py took 0.177 seconds
[2023-01-01T20:31:17.992-0300] {processor.py:153} INFO - Started process (PID=4909) to work on /home/kallox/anaconda3/envs/airflow/lib/python3.7/site-packages/airflow/example_dags/example_datasets.py
[2023-01-01T20:31:17.992-0300] {processor.py:743} INFO - Processing file /home/kallox/anaconda3/envs/airflow/lib/python3.7/site-packages/airflow/example_dags/example_datasets.py for tasks to queue
[2023-01-01T20:31:17.992-0300] {logging_mixin.py:137} INFO - [2023-01-01T20:31:17.992-0300] {dagbag.py:538} INFO - Filling up the DagBag from /home/kallox/anaconda3/envs/airflow/lib/python3.7/site-packages/airflow/example_dags/example_datasets.py
[2023-01-01T20:31:18.005-0300] {processor.py:753} INFO - DAG(s) dict_keys(['dataset_consumes_1_and_2', 'dataset_consumes_1', 'dataset_produces_1', 'dataset_consumes_unknown_never_scheduled', 'dataset_produces_2', 'dataset_consumes_1_never_scheduled']) retrieved from /home/kallox/anaconda3/envs/airflow/lib/python3.7/site-packages/airflow/example_dags/example_datasets.py
[2023-01-01T20:31:18.048-0300] {logging_mixin.py:137} INFO - [2023-01-01T20:31:18.048-0300] {dag.py:2676} INFO - Sync 6 DAGs
[2023-01-01T20:31:18.072-0300] {logging_mixin.py:137} INFO - [2023-01-01T20:31:18.072-0300] {dag.py:3427} INFO - Setting next_dagrun for dataset_consumes_1 to None, run_after=None
[2023-01-01T20:31:18.076-0300] {logging_mixin.py:137} INFO - [2023-01-01T20:31:18.075-0300] {dag.py:3427} INFO - Setting next_dagrun for dataset_consumes_1_and_2 to None, run_after=None
[2023-01-01T20:31:18.077-0300] {logging_mixin.py:137} INFO - [2023-01-01T20:31:18.077-0300] {dag.py:3427} INFO - Setting next_dagrun for dataset_consumes_1_never_scheduled to None, run_after=None
[2023-01-01T20:31:18.078-0300] {logging_mixin.py:137} INFO - [2023-01-01T20:31:18.078-0300] {dag.py:3427} INFO - Setting next_dagrun for dataset_consumes_unknown_never_scheduled to None, run_after=None
[2023-01-01T20:31:18.081-0300] {logging_mixin.py:137} INFO - [2023-01-01T20:31:18.081-0300] {dag.py:3427} INFO - Setting next_dagrun for dataset_produces_1 to 2022-12-31T00:00:00+00:00, run_after=2023-01-01T00:00:00+00:00
[2023-01-01T20:31:18.082-0300] {logging_mixin.py:137} INFO - [2023-01-01T20:31:18.082-0300] {dag.py:3427} INFO - Setting next_dagrun for dataset_produces_2 to None, run_after=None
[2023-01-01T20:31:18.116-0300] {processor.py:175} INFO - Processing /home/kallox/anaconda3/envs/airflow/lib/python3.7/site-packages/airflow/example_dags/example_datasets.py took 0.126 seconds
[2023-01-01T20:31:48.738-0300] {processor.py:153} INFO - Started process (PID=5286) to work on /home/kallox/anaconda3/envs/airflow/lib/python3.7/site-packages/airflow/example_dags/example_datasets.py
[2023-01-01T20:31:48.739-0300] {processor.py:743} INFO - Processing file /home/kallox/anaconda3/envs/airflow/lib/python3.7/site-packages/airflow/example_dags/example_datasets.py for tasks to queue
[2023-01-01T20:31:48.739-0300] {logging_mixin.py:137} INFO - [2023-01-01T20:31:48.739-0300] {dagbag.py:538} INFO - Filling up the DagBag from /home/kallox/anaconda3/envs/airflow/lib/python3.7/site-packages/airflow/example_dags/example_datasets.py
[2023-01-01T20:31:48.752-0300] {processor.py:753} INFO - DAG(s) dict_keys(['dataset_produces_1', 'dataset_produces_2', 'dataset_consumes_1', 'dataset_consumes_unknown_never_scheduled', 'dataset_consumes_1_never_scheduled', 'dataset_consumes_1_and_2']) retrieved from /home/kallox/anaconda3/envs/airflow/lib/python3.7/site-packages/airflow/example_dags/example_datasets.py
[2023-01-01T20:31:48.797-0300] {logging_mixin.py:137} INFO - [2023-01-01T20:31:48.797-0300] {dag.py:2676} INFO - Sync 6 DAGs
[2023-01-01T20:31:48.819-0300] {logging_mixin.py:137} INFO - [2023-01-01T20:31:48.819-0300] {dag.py:3427} INFO - Setting next_dagrun for dataset_consumes_1 to None, run_after=None
[2023-01-01T20:31:48.822-0300] {logging_mixin.py:137} INFO - [2023-01-01T20:31:48.822-0300] {dag.py:3427} INFO - Setting next_dagrun for dataset_consumes_1_and_2 to None, run_after=None
[2023-01-01T20:31:48.824-0300] {logging_mixin.py:137} INFO - [2023-01-01T20:31:48.824-0300] {dag.py:3427} INFO - Setting next_dagrun for dataset_consumes_1_never_scheduled to None, run_after=None
[2023-01-01T20:31:48.825-0300] {logging_mixin.py:137} INFO - [2023-01-01T20:31:48.825-0300] {dag.py:3427} INFO - Setting next_dagrun for dataset_consumes_unknown_never_scheduled to None, run_after=None
[2023-01-01T20:31:48.827-0300] {logging_mixin.py:137} INFO - [2023-01-01T20:31:48.827-0300] {dag.py:3427} INFO - Setting next_dagrun for dataset_produces_1 to 2022-12-31T00:00:00+00:00, run_after=2023-01-01T00:00:00+00:00
[2023-01-01T20:31:48.829-0300] {logging_mixin.py:137} INFO - [2023-01-01T20:31:48.829-0300] {dag.py:3427} INFO - Setting next_dagrun for dataset_produces_2 to None, run_after=None
[2023-01-01T20:31:48.868-0300] {processor.py:175} INFO - Processing /home/kallox/anaconda3/envs/airflow/lib/python3.7/site-packages/airflow/example_dags/example_datasets.py took 0.133 seconds
[2023-01-01T20:32:19.194-0300] {processor.py:153} INFO - Started process (PID=5648) to work on /home/kallox/anaconda3/envs/airflow/lib/python3.7/site-packages/airflow/example_dags/example_datasets.py
[2023-01-01T20:32:19.195-0300] {processor.py:743} INFO - Processing file /home/kallox/anaconda3/envs/airflow/lib/python3.7/site-packages/airflow/example_dags/example_datasets.py for tasks to queue
[2023-01-01T20:32:19.196-0300] {logging_mixin.py:137} INFO - [2023-01-01T20:32:19.196-0300] {dagbag.py:538} INFO - Filling up the DagBag from /home/kallox/anaconda3/envs/airflow/lib/python3.7/site-packages/airflow/example_dags/example_datasets.py
[2023-01-01T20:32:19.208-0300] {processor.py:753} INFO - DAG(s) dict_keys(['dataset_consumes_1_and_2', 'dataset_consumes_unknown_never_scheduled', 'dataset_consumes_1_never_scheduled', 'dataset_produces_1', 'dataset_produces_2', 'dataset_consumes_1']) retrieved from /home/kallox/anaconda3/envs/airflow/lib/python3.7/site-packages/airflow/example_dags/example_datasets.py
[2023-01-01T20:32:19.256-0300] {logging_mixin.py:137} INFO - [2023-01-01T20:32:19.256-0300] {dag.py:2676} INFO - Sync 6 DAGs
[2023-01-01T20:32:19.279-0300] {logging_mixin.py:137} INFO - [2023-01-01T20:32:19.279-0300] {dag.py:3427} INFO - Setting next_dagrun for dataset_consumes_1 to None, run_after=None
[2023-01-01T20:32:19.283-0300] {logging_mixin.py:137} INFO - [2023-01-01T20:32:19.283-0300] {dag.py:3427} INFO - Setting next_dagrun for dataset_consumes_1_and_2 to None, run_after=None
[2023-01-01T20:32:19.284-0300] {logging_mixin.py:137} INFO - [2023-01-01T20:32:19.284-0300] {dag.py:3427} INFO - Setting next_dagrun for dataset_consumes_1_never_scheduled to None, run_after=None
[2023-01-01T20:32:19.285-0300] {logging_mixin.py:137} INFO - [2023-01-01T20:32:19.285-0300] {dag.py:3427} INFO - Setting next_dagrun for dataset_consumes_unknown_never_scheduled to None, run_after=None
[2023-01-01T20:32:19.288-0300] {logging_mixin.py:137} INFO - [2023-01-01T20:32:19.288-0300] {dag.py:3427} INFO - Setting next_dagrun for dataset_produces_1 to 2022-12-31T00:00:00+00:00, run_after=2023-01-01T00:00:00+00:00
[2023-01-01T20:32:19.289-0300] {logging_mixin.py:137} INFO - [2023-01-01T20:32:19.289-0300] {dag.py:3427} INFO - Setting next_dagrun for dataset_produces_2 to None, run_after=None
[2023-01-01T20:32:19.323-0300] {processor.py:175} INFO - Processing /home/kallox/anaconda3/envs/airflow/lib/python3.7/site-packages/airflow/example_dags/example_datasets.py took 0.130 seconds
[2023-01-01T20:32:50.657-0300] {processor.py:153} INFO - Started process (PID=5962) to work on /home/kallox/anaconda3/envs/airflow/lib/python3.7/site-packages/airflow/example_dags/example_datasets.py
[2023-01-01T20:32:50.657-0300] {processor.py:743} INFO - Processing file /home/kallox/anaconda3/envs/airflow/lib/python3.7/site-packages/airflow/example_dags/example_datasets.py for tasks to queue
[2023-01-01T20:32:50.658-0300] {logging_mixin.py:137} INFO - [2023-01-01T20:32:50.658-0300] {dagbag.py:538} INFO - Filling up the DagBag from /home/kallox/anaconda3/envs/airflow/lib/python3.7/site-packages/airflow/example_dags/example_datasets.py
[2023-01-01T20:32:50.670-0300] {processor.py:753} INFO - DAG(s) dict_keys(['dataset_consumes_1', 'dataset_consumes_1_and_2', 'dataset_consumes_1_never_scheduled', 'dataset_produces_1', 'dataset_produces_2', 'dataset_consumes_unknown_never_scheduled']) retrieved from /home/kallox/anaconda3/envs/airflow/lib/python3.7/site-packages/airflow/example_dags/example_datasets.py
[2023-01-01T20:32:50.714-0300] {logging_mixin.py:137} INFO - [2023-01-01T20:32:50.714-0300] {dag.py:2676} INFO - Sync 6 DAGs
[2023-01-01T20:32:50.738-0300] {logging_mixin.py:137} INFO - [2023-01-01T20:32:50.738-0300] {dag.py:3427} INFO - Setting next_dagrun for dataset_consumes_1 to None, run_after=None
[2023-01-01T20:32:50.742-0300] {logging_mixin.py:137} INFO - [2023-01-01T20:32:50.741-0300] {dag.py:3427} INFO - Setting next_dagrun for dataset_consumes_1_and_2 to None, run_after=None
[2023-01-01T20:32:50.743-0300] {logging_mixin.py:137} INFO - [2023-01-01T20:32:50.743-0300] {dag.py:3427} INFO - Setting next_dagrun for dataset_consumes_1_never_scheduled to None, run_after=None
[2023-01-01T20:32:50.744-0300] {logging_mixin.py:137} INFO - [2023-01-01T20:32:50.744-0300] {dag.py:3427} INFO - Setting next_dagrun for dataset_consumes_unknown_never_scheduled to None, run_after=None
[2023-01-01T20:32:50.746-0300] {logging_mixin.py:137} INFO - [2023-01-01T20:32:50.746-0300] {dag.py:3427} INFO - Setting next_dagrun for dataset_produces_1 to 2022-12-31T00:00:00+00:00, run_after=2023-01-01T00:00:00+00:00
[2023-01-01T20:32:50.748-0300] {logging_mixin.py:137} INFO - [2023-01-01T20:32:50.748-0300] {dag.py:3427} INFO - Setting next_dagrun for dataset_produces_2 to None, run_after=None
[2023-01-01T20:32:50.792-0300] {processor.py:175} INFO - Processing /home/kallox/anaconda3/envs/airflow/lib/python3.7/site-packages/airflow/example_dags/example_datasets.py took 0.137 seconds
[2023-01-01T20:33:21.648-0300] {processor.py:153} INFO - Started process (PID=6265) to work on /home/kallox/anaconda3/envs/airflow/lib/python3.7/site-packages/airflow/example_dags/example_datasets.py
[2023-01-01T20:33:21.649-0300] {processor.py:743} INFO - Processing file /home/kallox/anaconda3/envs/airflow/lib/python3.7/site-packages/airflow/example_dags/example_datasets.py for tasks to queue
[2023-01-01T20:33:21.649-0300] {logging_mixin.py:137} INFO - [2023-01-01T20:33:21.649-0300] {dagbag.py:538} INFO - Filling up the DagBag from /home/kallox/anaconda3/envs/airflow/lib/python3.7/site-packages/airflow/example_dags/example_datasets.py
[2023-01-01T20:33:21.664-0300] {processor.py:753} INFO - DAG(s) dict_keys(['dataset_produces_1', 'dataset_produces_2', 'dataset_consumes_1_and_2', 'dataset_consumes_1', 'dataset_consumes_unknown_never_scheduled', 'dataset_consumes_1_never_scheduled']) retrieved from /home/kallox/anaconda3/envs/airflow/lib/python3.7/site-packages/airflow/example_dags/example_datasets.py
[2023-01-01T20:33:21.712-0300] {logging_mixin.py:137} INFO - [2023-01-01T20:33:21.712-0300] {dag.py:2676} INFO - Sync 6 DAGs
[2023-01-01T20:33:21.735-0300] {logging_mixin.py:137} INFO - [2023-01-01T20:33:21.735-0300] {dag.py:3427} INFO - Setting next_dagrun for dataset_consumes_1 to None, run_after=None
[2023-01-01T20:33:21.739-0300] {logging_mixin.py:137} INFO - [2023-01-01T20:33:21.738-0300] {dag.py:3427} INFO - Setting next_dagrun for dataset_consumes_1_and_2 to None, run_after=None
[2023-01-01T20:33:21.740-0300] {logging_mixin.py:137} INFO - [2023-01-01T20:33:21.740-0300] {dag.py:3427} INFO - Setting next_dagrun for dataset_consumes_1_never_scheduled to None, run_after=None
[2023-01-01T20:33:21.741-0300] {logging_mixin.py:137} INFO - [2023-01-01T20:33:21.741-0300] {dag.py:3427} INFO - Setting next_dagrun for dataset_consumes_unknown_never_scheduled to None, run_after=None
[2023-01-01T20:33:21.744-0300] {logging_mixin.py:137} INFO - [2023-01-01T20:33:21.743-0300] {dag.py:3427} INFO - Setting next_dagrun for dataset_produces_1 to 2022-12-31T00:00:00+00:00, run_after=2023-01-01T00:00:00+00:00
[2023-01-01T20:33:21.745-0300] {logging_mixin.py:137} INFO - [2023-01-01T20:33:21.745-0300] {dag.py:3427} INFO - Setting next_dagrun for dataset_produces_2 to None, run_after=None
[2023-01-01T20:33:21.779-0300] {processor.py:175} INFO - Processing /home/kallox/anaconda3/envs/airflow/lib/python3.7/site-packages/airflow/example_dags/example_datasets.py took 0.133 seconds
