[2023-01-01T20:30:47.549-0300] {processor.py:153} INFO - Started process (PID=3729) to work on /home/kallox/anaconda3/envs/airflow/lib/python3.7/site-packages/airflow/example_dags/example_latest_only_with_trigger.py
[2023-01-01T20:30:47.550-0300] {processor.py:743} INFO - Processing file /home/kallox/anaconda3/envs/airflow/lib/python3.7/site-packages/airflow/example_dags/example_latest_only_with_trigger.py for tasks to queue
[2023-01-01T20:30:47.550-0300] {logging_mixin.py:137} INFO - [2023-01-01T20:30:47.550-0300] {dagbag.py:538} INFO - Filling up the DagBag from /home/kallox/anaconda3/envs/airflow/lib/python3.7/site-packages/airflow/example_dags/example_latest_only_with_trigger.py
[2023-01-01T20:30:47.560-0300] {processor.py:753} INFO - DAG(s) dict_keys(['latest_only_with_trigger']) retrieved from /home/kallox/anaconda3/envs/airflow/lib/python3.7/site-packages/airflow/example_dags/example_latest_only_with_trigger.py
[2023-01-01T20:30:47.588-0300] {logging_mixin.py:137} INFO - [2023-01-01T20:30:47.587-0300] {dag.py:2676} INFO - Sync 1 DAGs
[2023-01-01T20:30:47.611-0300] {logging_mixin.py:137} INFO - [2023-01-01T20:30:47.611-0300] {dag.py:3427} INFO - Setting next_dagrun for latest_only_with_trigger to 2023-01-01T19:30:47.611370+00:00, run_after=2023-01-01T23:30:47.611370+00:00
[2023-01-01T20:30:47.629-0300] {processor.py:175} INFO - Processing /home/kallox/anaconda3/envs/airflow/lib/python3.7/site-packages/airflow/example_dags/example_latest_only_with_trigger.py took 0.082 seconds
[2023-01-01T20:31:18.746-0300] {processor.py:153} INFO - Started process (PID=4987) to work on /home/kallox/anaconda3/envs/airflow/lib/python3.7/site-packages/airflow/example_dags/example_latest_only_with_trigger.py
[2023-01-01T20:31:18.747-0300] {processor.py:743} INFO - Processing file /home/kallox/anaconda3/envs/airflow/lib/python3.7/site-packages/airflow/example_dags/example_latest_only_with_trigger.py for tasks to queue
[2023-01-01T20:31:18.747-0300] {logging_mixin.py:137} INFO - [2023-01-01T20:31:18.747-0300] {dagbag.py:538} INFO - Filling up the DagBag from /home/kallox/anaconda3/envs/airflow/lib/python3.7/site-packages/airflow/example_dags/example_latest_only_with_trigger.py
[2023-01-01T20:31:18.757-0300] {processor.py:753} INFO - DAG(s) dict_keys(['latest_only_with_trigger']) retrieved from /home/kallox/anaconda3/envs/airflow/lib/python3.7/site-packages/airflow/example_dags/example_latest_only_with_trigger.py
[2023-01-01T20:31:18.788-0300] {logging_mixin.py:137} INFO - [2023-01-01T20:31:18.788-0300] {dag.py:2676} INFO - Sync 1 DAGs
[2023-01-01T20:31:18.810-0300] {logging_mixin.py:137} INFO - [2023-01-01T20:31:18.809-0300] {dag.py:3427} INFO - Setting next_dagrun for latest_only_with_trigger to 2023-01-01T19:31:18.809792+00:00, run_after=2023-01-01T23:31:18.809792+00:00
[2023-01-01T20:31:18.827-0300] {processor.py:175} INFO - Processing /home/kallox/anaconda3/envs/airflow/lib/python3.7/site-packages/airflow/example_dags/example_latest_only_with_trigger.py took 0.083 seconds
[2023-01-01T20:31:49.511-0300] {processor.py:153} INFO - Started process (PID=5364) to work on /home/kallox/anaconda3/envs/airflow/lib/python3.7/site-packages/airflow/example_dags/example_latest_only_with_trigger.py
[2023-01-01T20:31:49.511-0300] {processor.py:743} INFO - Processing file /home/kallox/anaconda3/envs/airflow/lib/python3.7/site-packages/airflow/example_dags/example_latest_only_with_trigger.py for tasks to queue
[2023-01-01T20:31:49.512-0300] {logging_mixin.py:137} INFO - [2023-01-01T20:31:49.512-0300] {dagbag.py:538} INFO - Filling up the DagBag from /home/kallox/anaconda3/envs/airflow/lib/python3.7/site-packages/airflow/example_dags/example_latest_only_with_trigger.py
[2023-01-01T20:31:49.522-0300] {processor.py:753} INFO - DAG(s) dict_keys(['latest_only_with_trigger']) retrieved from /home/kallox/anaconda3/envs/airflow/lib/python3.7/site-packages/airflow/example_dags/example_latest_only_with_trigger.py
[2023-01-01T20:31:49.550-0300] {logging_mixin.py:137} INFO - [2023-01-01T20:31:49.550-0300] {dag.py:2676} INFO - Sync 1 DAGs
[2023-01-01T20:31:49.572-0300] {logging_mixin.py:137} INFO - [2023-01-01T20:31:49.572-0300] {dag.py:3427} INFO - Setting next_dagrun for latest_only_with_trigger to 2023-01-01T19:31:49.572013+00:00, run_after=2023-01-01T23:31:49.572013+00:00
[2023-01-01T20:31:49.589-0300] {processor.py:175} INFO - Processing /home/kallox/anaconda3/envs/airflow/lib/python3.7/site-packages/airflow/example_dags/example_latest_only_with_trigger.py took 0.081 seconds
[2023-01-01T20:32:19.952-0300] {processor.py:153} INFO - Started process (PID=5728) to work on /home/kallox/anaconda3/envs/airflow/lib/python3.7/site-packages/airflow/example_dags/example_latest_only_with_trigger.py
[2023-01-01T20:32:19.953-0300] {processor.py:743} INFO - Processing file /home/kallox/anaconda3/envs/airflow/lib/python3.7/site-packages/airflow/example_dags/example_latest_only_with_trigger.py for tasks to queue
[2023-01-01T20:32:19.954-0300] {logging_mixin.py:137} INFO - [2023-01-01T20:32:19.953-0300] {dagbag.py:538} INFO - Filling up the DagBag from /home/kallox/anaconda3/envs/airflow/lib/python3.7/site-packages/airflow/example_dags/example_latest_only_with_trigger.py
[2023-01-01T20:32:19.965-0300] {processor.py:753} INFO - DAG(s) dict_keys(['latest_only_with_trigger']) retrieved from /home/kallox/anaconda3/envs/airflow/lib/python3.7/site-packages/airflow/example_dags/example_latest_only_with_trigger.py
[2023-01-01T20:32:19.992-0300] {logging_mixin.py:137} INFO - [2023-01-01T20:32:19.992-0300] {dag.py:2676} INFO - Sync 1 DAGs
[2023-01-01T20:32:20.014-0300] {logging_mixin.py:137} INFO - [2023-01-01T20:32:20.014-0300] {dag.py:3427} INFO - Setting next_dagrun for latest_only_with_trigger to 2023-01-01T19:32:20.013943+00:00, run_after=2023-01-01T23:32:20.013943+00:00
[2023-01-01T20:32:20.033-0300] {processor.py:175} INFO - Processing /home/kallox/anaconda3/envs/airflow/lib/python3.7/site-packages/airflow/example_dags/example_latest_only_with_trigger.py took 0.083 seconds
[2023-01-01T20:32:51.535-0300] {processor.py:153} INFO - Started process (PID=6041) to work on /home/kallox/anaconda3/envs/airflow/lib/python3.7/site-packages/airflow/example_dags/example_latest_only_with_trigger.py
[2023-01-01T20:32:51.536-0300] {processor.py:743} INFO - Processing file /home/kallox/anaconda3/envs/airflow/lib/python3.7/site-packages/airflow/example_dags/example_latest_only_with_trigger.py for tasks to queue
[2023-01-01T20:32:51.537-0300] {logging_mixin.py:137} INFO - [2023-01-01T20:32:51.536-0300] {dagbag.py:538} INFO - Filling up the DagBag from /home/kallox/anaconda3/envs/airflow/lib/python3.7/site-packages/airflow/example_dags/example_latest_only_with_trigger.py
[2023-01-01T20:32:51.548-0300] {processor.py:753} INFO - DAG(s) dict_keys(['latest_only_with_trigger']) retrieved from /home/kallox/anaconda3/envs/airflow/lib/python3.7/site-packages/airflow/example_dags/example_latest_only_with_trigger.py
[2023-01-01T20:32:51.578-0300] {logging_mixin.py:137} INFO - [2023-01-01T20:32:51.578-0300] {dag.py:2676} INFO - Sync 1 DAGs
[2023-01-01T20:32:51.601-0300] {logging_mixin.py:137} INFO - [2023-01-01T20:32:51.600-0300] {dag.py:3427} INFO - Setting next_dagrun for latest_only_with_trigger to 2023-01-01T19:32:51.600780+00:00, run_after=2023-01-01T23:32:51.600780+00:00
[2023-01-01T20:32:51.618-0300] {processor.py:175} INFO - Processing /home/kallox/anaconda3/envs/airflow/lib/python3.7/site-packages/airflow/example_dags/example_latest_only_with_trigger.py took 0.085 seconds
[2023-01-01T20:33:22.510-0300] {processor.py:153} INFO - Started process (PID=6345) to work on /home/kallox/anaconda3/envs/airflow/lib/python3.7/site-packages/airflow/example_dags/example_latest_only_with_trigger.py
[2023-01-01T20:33:22.510-0300] {processor.py:743} INFO - Processing file /home/kallox/anaconda3/envs/airflow/lib/python3.7/site-packages/airflow/example_dags/example_latest_only_with_trigger.py for tasks to queue
[2023-01-01T20:33:22.511-0300] {logging_mixin.py:137} INFO - [2023-01-01T20:33:22.511-0300] {dagbag.py:538} INFO - Filling up the DagBag from /home/kallox/anaconda3/envs/airflow/lib/python3.7/site-packages/airflow/example_dags/example_latest_only_with_trigger.py
[2023-01-01T20:33:22.521-0300] {processor.py:753} INFO - DAG(s) dict_keys(['latest_only_with_trigger']) retrieved from /home/kallox/anaconda3/envs/airflow/lib/python3.7/site-packages/airflow/example_dags/example_latest_only_with_trigger.py
[2023-01-01T20:33:22.550-0300] {logging_mixin.py:137} INFO - [2023-01-01T20:33:22.549-0300] {dag.py:2676} INFO - Sync 1 DAGs
[2023-01-01T20:33:22.572-0300] {logging_mixin.py:137} INFO - [2023-01-01T20:33:22.571-0300] {dag.py:3427} INFO - Setting next_dagrun for latest_only_with_trigger to 2023-01-01T19:33:22.571715+00:00, run_after=2023-01-01T23:33:22.571715+00:00
[2023-01-01T20:33:22.591-0300] {processor.py:175} INFO - Processing /home/kallox/anaconda3/envs/airflow/lib/python3.7/site-packages/airflow/example_dags/example_latest_only_with_trigger.py took 0.083 seconds
