[2023-01-01T20:30:48.182-0300] {processor.py:153} INFO - Started process (PID=3795) to work on /home/kallox/anaconda3/envs/airflow/lib/python3.7/site-packages/airflow/example_dags/example_sensors.py
[2023-01-01T20:30:48.183-0300] {processor.py:743} INFO - Processing file /home/kallox/anaconda3/envs/airflow/lib/python3.7/site-packages/airflow/example_dags/example_sensors.py for tasks to queue
[2023-01-01T20:30:48.183-0300] {logging_mixin.py:137} INFO - [2023-01-01T20:30:48.183-0300] {dagbag.py:538} INFO - Filling up the DagBag from /home/kallox/anaconda3/envs/airflow/lib/python3.7/site-packages/airflow/example_dags/example_sensors.py
[2023-01-01T20:30:48.198-0300] {processor.py:753} INFO - DAG(s) dict_keys(['example_sensors']) retrieved from /home/kallox/anaconda3/envs/airflow/lib/python3.7/site-packages/airflow/example_dags/example_sensors.py
[2023-01-01T20:30:48.229-0300] {logging_mixin.py:137} INFO - [2023-01-01T20:30:48.229-0300] {dag.py:2676} INFO - Sync 1 DAGs
[2023-01-01T20:30:48.253-0300] {logging_mixin.py:137} INFO - [2023-01-01T20:30:48.252-0300] {dag.py:3427} INFO - Setting next_dagrun for example_sensors to None, run_after=None
[2023-01-01T20:30:48.274-0300] {processor.py:175} INFO - Processing /home/kallox/anaconda3/envs/airflow/lib/python3.7/site-packages/airflow/example_dags/example_sensors.py took 0.094 seconds
[2023-01-01T20:31:19.339-0300] {processor.py:153} INFO - Started process (PID=5068) to work on /home/kallox/anaconda3/envs/airflow/lib/python3.7/site-packages/airflow/example_dags/example_sensors.py
[2023-01-01T20:31:19.340-0300] {processor.py:743} INFO - Processing file /home/kallox/anaconda3/envs/airflow/lib/python3.7/site-packages/airflow/example_dags/example_sensors.py for tasks to queue
[2023-01-01T20:31:19.340-0300] {logging_mixin.py:137} INFO - [2023-01-01T20:31:19.340-0300] {dagbag.py:538} INFO - Filling up the DagBag from /home/kallox/anaconda3/envs/airflow/lib/python3.7/site-packages/airflow/example_dags/example_sensors.py
[2023-01-01T20:31:19.354-0300] {processor.py:753} INFO - DAG(s) dict_keys(['example_sensors']) retrieved from /home/kallox/anaconda3/envs/airflow/lib/python3.7/site-packages/airflow/example_dags/example_sensors.py
[2023-01-01T20:31:19.385-0300] {logging_mixin.py:137} INFO - [2023-01-01T20:31:19.385-0300] {dag.py:2676} INFO - Sync 1 DAGs
[2023-01-01T20:31:19.406-0300] {logging_mixin.py:137} INFO - [2023-01-01T20:31:19.406-0300] {dag.py:3427} INFO - Setting next_dagrun for example_sensors to None, run_after=None
[2023-01-01T20:31:19.423-0300] {processor.py:175} INFO - Processing /home/kallox/anaconda3/envs/airflow/lib/python3.7/site-packages/airflow/example_dags/example_sensors.py took 0.086 seconds
[2023-01-01T20:31:50.107-0300] {processor.py:153} INFO - Started process (PID=5431) to work on /home/kallox/anaconda3/envs/airflow/lib/python3.7/site-packages/airflow/example_dags/example_sensors.py
[2023-01-01T20:31:50.107-0300] {processor.py:743} INFO - Processing file /home/kallox/anaconda3/envs/airflow/lib/python3.7/site-packages/airflow/example_dags/example_sensors.py for tasks to queue
[2023-01-01T20:31:50.108-0300] {logging_mixin.py:137} INFO - [2023-01-01T20:31:50.108-0300] {dagbag.py:538} INFO - Filling up the DagBag from /home/kallox/anaconda3/envs/airflow/lib/python3.7/site-packages/airflow/example_dags/example_sensors.py
[2023-01-01T20:31:50.123-0300] {processor.py:753} INFO - DAG(s) dict_keys(['example_sensors']) retrieved from /home/kallox/anaconda3/envs/airflow/lib/python3.7/site-packages/airflow/example_dags/example_sensors.py
[2023-01-01T20:31:50.153-0300] {logging_mixin.py:137} INFO - [2023-01-01T20:31:50.153-0300] {dag.py:2676} INFO - Sync 1 DAGs
[2023-01-01T20:31:50.174-0300] {logging_mixin.py:137} INFO - [2023-01-01T20:31:50.174-0300] {dag.py:3427} INFO - Setting next_dagrun for example_sensors to None, run_after=None
[2023-01-01T20:31:50.191-0300] {processor.py:175} INFO - Processing /home/kallox/anaconda3/envs/airflow/lib/python3.7/site-packages/airflow/example_dags/example_sensors.py took 0.087 seconds
[2023-01-01T20:32:20.492-0300] {processor.py:153} INFO - Started process (PID=5792) to work on /home/kallox/anaconda3/envs/airflow/lib/python3.7/site-packages/airflow/example_dags/example_sensors.py
[2023-01-01T20:32:20.493-0300] {processor.py:743} INFO - Processing file /home/kallox/anaconda3/envs/airflow/lib/python3.7/site-packages/airflow/example_dags/example_sensors.py for tasks to queue
[2023-01-01T20:32:20.493-0300] {logging_mixin.py:137} INFO - [2023-01-01T20:32:20.493-0300] {dagbag.py:538} INFO - Filling up the DagBag from /home/kallox/anaconda3/envs/airflow/lib/python3.7/site-packages/airflow/example_dags/example_sensors.py
[2023-01-01T20:32:20.507-0300] {processor.py:753} INFO - DAG(s) dict_keys(['example_sensors']) retrieved from /home/kallox/anaconda3/envs/airflow/lib/python3.7/site-packages/airflow/example_dags/example_sensors.py
[2023-01-01T20:32:20.537-0300] {logging_mixin.py:137} INFO - [2023-01-01T20:32:20.537-0300] {dag.py:2676} INFO - Sync 1 DAGs
[2023-01-01T20:32:20.560-0300] {logging_mixin.py:137} INFO - [2023-01-01T20:32:20.560-0300] {dag.py:3427} INFO - Setting next_dagrun for example_sensors to None, run_after=None
[2023-01-01T20:32:20.578-0300] {processor.py:175} INFO - Processing /home/kallox/anaconda3/envs/airflow/lib/python3.7/site-packages/airflow/example_dags/example_sensors.py took 0.087 seconds
[2023-01-01T20:32:52.255-0300] {processor.py:153} INFO - Started process (PID=6107) to work on /home/kallox/anaconda3/envs/airflow/lib/python3.7/site-packages/airflow/example_dags/example_sensors.py
[2023-01-01T20:32:52.256-0300] {processor.py:743} INFO - Processing file /home/kallox/anaconda3/envs/airflow/lib/python3.7/site-packages/airflow/example_dags/example_sensors.py for tasks to queue
[2023-01-01T20:32:52.256-0300] {logging_mixin.py:137} INFO - [2023-01-01T20:32:52.256-0300] {dagbag.py:538} INFO - Filling up the DagBag from /home/kallox/anaconda3/envs/airflow/lib/python3.7/site-packages/airflow/example_dags/example_sensors.py
[2023-01-01T20:32:52.270-0300] {processor.py:753} INFO - DAG(s) dict_keys(['example_sensors']) retrieved from /home/kallox/anaconda3/envs/airflow/lib/python3.7/site-packages/airflow/example_dags/example_sensors.py
[2023-01-01T20:32:52.306-0300] {logging_mixin.py:137} INFO - [2023-01-01T20:32:52.305-0300] {dag.py:2676} INFO - Sync 1 DAGs
[2023-01-01T20:32:52.329-0300] {logging_mixin.py:137} INFO - [2023-01-01T20:32:52.329-0300] {dag.py:3427} INFO - Setting next_dagrun for example_sensors to None, run_after=None
[2023-01-01T20:32:52.348-0300] {processor.py:175} INFO - Processing /home/kallox/anaconda3/envs/airflow/lib/python3.7/site-packages/airflow/example_dags/example_sensors.py took 0.095 seconds
[2023-01-01T20:33:23.228-0300] {processor.py:153} INFO - Started process (PID=6409) to work on /home/kallox/anaconda3/envs/airflow/lib/python3.7/site-packages/airflow/example_dags/example_sensors.py
[2023-01-01T20:33:23.228-0300] {processor.py:743} INFO - Processing file /home/kallox/anaconda3/envs/airflow/lib/python3.7/site-packages/airflow/example_dags/example_sensors.py for tasks to queue
[2023-01-01T20:33:23.229-0300] {logging_mixin.py:137} INFO - [2023-01-01T20:33:23.229-0300] {dagbag.py:538} INFO - Filling up the DagBag from /home/kallox/anaconda3/envs/airflow/lib/python3.7/site-packages/airflow/example_dags/example_sensors.py
[2023-01-01T20:33:23.245-0300] {processor.py:753} INFO - DAG(s) dict_keys(['example_sensors']) retrieved from /home/kallox/anaconda3/envs/airflow/lib/python3.7/site-packages/airflow/example_dags/example_sensors.py
[2023-01-01T20:33:23.276-0300] {logging_mixin.py:137} INFO - [2023-01-01T20:33:23.275-0300] {dag.py:2676} INFO - Sync 1 DAGs
[2023-01-01T20:33:23.306-0300] {logging_mixin.py:137} INFO - [2023-01-01T20:33:23.306-0300] {dag.py:3427} INFO - Setting next_dagrun for example_sensors to None, run_after=None
[2023-01-01T20:33:23.328-0300] {processor.py:175} INFO - Processing /home/kallox/anaconda3/envs/airflow/lib/python3.7/site-packages/airflow/example_dags/example_sensors.py took 0.102 seconds
