[2023-01-01T20:30:47.411-0300] {processor.py:153} INFO - Started process (PID=3711) to work on /home/kallox/anaconda3/envs/airflow/lib/python3.7/site-packages/airflow/example_dags/example_trigger_target_dag.py
[2023-01-01T20:30:47.412-0300] {processor.py:743} INFO - Processing file /home/kallox/anaconda3/envs/airflow/lib/python3.7/site-packages/airflow/example_dags/example_trigger_target_dag.py for tasks to queue
[2023-01-01T20:30:47.413-0300] {logging_mixin.py:137} INFO - [2023-01-01T20:30:47.412-0300] {dagbag.py:538} INFO - Filling up the DagBag from /home/kallox/anaconda3/envs/airflow/lib/python3.7/site-packages/airflow/example_dags/example_trigger_target_dag.py
[2023-01-01T20:30:47.430-0300] {processor.py:753} INFO - DAG(s) dict_keys(['example_trigger_target_dag']) retrieved from /home/kallox/anaconda3/envs/airflow/lib/python3.7/site-packages/airflow/example_dags/example_trigger_target_dag.py
[2023-01-01T20:30:47.457-0300] {logging_mixin.py:137} INFO - [2023-01-01T20:30:47.457-0300] {dag.py:2676} INFO - Sync 1 DAGs
[2023-01-01T20:30:47.480-0300] {logging_mixin.py:137} INFO - [2023-01-01T20:30:47.480-0300] {dag.py:3427} INFO - Setting next_dagrun for example_trigger_target_dag to None, run_after=None
[2023-01-01T20:30:47.499-0300] {processor.py:175} INFO - Processing /home/kallox/anaconda3/envs/airflow/lib/python3.7/site-packages/airflow/example_dags/example_trigger_target_dag.py took 0.090 seconds
[2023-01-01T20:31:18.608-0300] {processor.py:153} INFO - Started process (PID=4969) to work on /home/kallox/anaconda3/envs/airflow/lib/python3.7/site-packages/airflow/example_dags/example_trigger_target_dag.py
[2023-01-01T20:31:18.608-0300] {processor.py:743} INFO - Processing file /home/kallox/anaconda3/envs/airflow/lib/python3.7/site-packages/airflow/example_dags/example_trigger_target_dag.py for tasks to queue
[2023-01-01T20:31:18.609-0300] {logging_mixin.py:137} INFO - [2023-01-01T20:31:18.609-0300] {dagbag.py:538} INFO - Filling up the DagBag from /home/kallox/anaconda3/envs/airflow/lib/python3.7/site-packages/airflow/example_dags/example_trigger_target_dag.py
[2023-01-01T20:31:18.626-0300] {processor.py:753} INFO - DAG(s) dict_keys(['example_trigger_target_dag']) retrieved from /home/kallox/anaconda3/envs/airflow/lib/python3.7/site-packages/airflow/example_dags/example_trigger_target_dag.py
[2023-01-01T20:31:18.654-0300] {logging_mixin.py:137} INFO - [2023-01-01T20:31:18.654-0300] {dag.py:2676} INFO - Sync 1 DAGs
[2023-01-01T20:31:18.677-0300] {logging_mixin.py:137} INFO - [2023-01-01T20:31:18.676-0300] {dag.py:3427} INFO - Setting next_dagrun for example_trigger_target_dag to None, run_after=None
[2023-01-01T20:31:18.695-0300] {processor.py:175} INFO - Processing /home/kallox/anaconda3/envs/airflow/lib/python3.7/site-packages/airflow/example_dags/example_trigger_target_dag.py took 0.090 seconds
[2023-01-01T20:31:49.390-0300] {processor.py:153} INFO - Started process (PID=5349) to work on /home/kallox/anaconda3/envs/airflow/lib/python3.7/site-packages/airflow/example_dags/example_trigger_target_dag.py
[2023-01-01T20:31:49.391-0300] {processor.py:743} INFO - Processing file /home/kallox/anaconda3/envs/airflow/lib/python3.7/site-packages/airflow/example_dags/example_trigger_target_dag.py for tasks to queue
[2023-01-01T20:31:49.391-0300] {logging_mixin.py:137} INFO - [2023-01-01T20:31:49.391-0300] {dagbag.py:538} INFO - Filling up the DagBag from /home/kallox/anaconda3/envs/airflow/lib/python3.7/site-packages/airflow/example_dags/example_trigger_target_dag.py
[2023-01-01T20:31:49.408-0300] {processor.py:753} INFO - DAG(s) dict_keys(['example_trigger_target_dag']) retrieved from /home/kallox/anaconda3/envs/airflow/lib/python3.7/site-packages/airflow/example_dags/example_trigger_target_dag.py
[2023-01-01T20:31:49.436-0300] {logging_mixin.py:137} INFO - [2023-01-01T20:31:49.436-0300] {dag.py:2676} INFO - Sync 1 DAGs
[2023-01-01T20:31:49.462-0300] {logging_mixin.py:137} INFO - [2023-01-01T20:31:49.462-0300] {dag.py:3427} INFO - Setting next_dagrun for example_trigger_target_dag to None, run_after=None
[2023-01-01T20:31:49.482-0300] {processor.py:175} INFO - Processing /home/kallox/anaconda3/envs/airflow/lib/python3.7/site-packages/airflow/example_dags/example_trigger_target_dag.py took 0.094 seconds
[2023-01-01T20:32:19.742-0300] {processor.py:153} INFO - Started process (PID=5707) to work on /home/kallox/anaconda3/envs/airflow/lib/python3.7/site-packages/airflow/example_dags/example_trigger_target_dag.py
[2023-01-01T20:32:19.743-0300] {processor.py:743} INFO - Processing file /home/kallox/anaconda3/envs/airflow/lib/python3.7/site-packages/airflow/example_dags/example_trigger_target_dag.py for tasks to queue
[2023-01-01T20:32:19.744-0300] {logging_mixin.py:137} INFO - [2023-01-01T20:32:19.744-0300] {dagbag.py:538} INFO - Filling up the DagBag from /home/kallox/anaconda3/envs/airflow/lib/python3.7/site-packages/airflow/example_dags/example_trigger_target_dag.py
[2023-01-01T20:32:19.760-0300] {processor.py:753} INFO - DAG(s) dict_keys(['example_trigger_target_dag']) retrieved from /home/kallox/anaconda3/envs/airflow/lib/python3.7/site-packages/airflow/example_dags/example_trigger_target_dag.py
[2023-01-01T20:32:19.787-0300] {logging_mixin.py:137} INFO - [2023-01-01T20:32:19.787-0300] {dag.py:2676} INFO - Sync 1 DAGs
[2023-01-01T20:32:19.810-0300] {logging_mixin.py:137} INFO - [2023-01-01T20:32:19.809-0300] {dag.py:3427} INFO - Setting next_dagrun for example_trigger_target_dag to None, run_after=None
[2023-01-01T20:32:19.829-0300] {processor.py:175} INFO - Processing /home/kallox/anaconda3/envs/airflow/lib/python3.7/site-packages/airflow/example_dags/example_trigger_target_dag.py took 0.088 seconds
[2023-01-01T20:32:51.316-0300] {processor.py:153} INFO - Started process (PID=6023) to work on /home/kallox/anaconda3/envs/airflow/lib/python3.7/site-packages/airflow/example_dags/example_trigger_target_dag.py
[2023-01-01T20:32:51.316-0300] {processor.py:743} INFO - Processing file /home/kallox/anaconda3/envs/airflow/lib/python3.7/site-packages/airflow/example_dags/example_trigger_target_dag.py for tasks to queue
[2023-01-01T20:32:51.317-0300] {logging_mixin.py:137} INFO - [2023-01-01T20:32:51.317-0300] {dagbag.py:538} INFO - Filling up the DagBag from /home/kallox/anaconda3/envs/airflow/lib/python3.7/site-packages/airflow/example_dags/example_trigger_target_dag.py
[2023-01-01T20:32:51.333-0300] {processor.py:753} INFO - DAG(s) dict_keys(['example_trigger_target_dag']) retrieved from /home/kallox/anaconda3/envs/airflow/lib/python3.7/site-packages/airflow/example_dags/example_trigger_target_dag.py
[2023-01-01T20:32:51.362-0300] {logging_mixin.py:137} INFO - [2023-01-01T20:32:51.362-0300] {dag.py:2676} INFO - Sync 1 DAGs
[2023-01-01T20:32:51.384-0300] {logging_mixin.py:137} INFO - [2023-01-01T20:32:51.384-0300] {dag.py:3427} INFO - Setting next_dagrun for example_trigger_target_dag to None, run_after=None
[2023-01-01T20:32:51.402-0300] {processor.py:175} INFO - Processing /home/kallox/anaconda3/envs/airflow/lib/python3.7/site-packages/airflow/example_dags/example_trigger_target_dag.py took 0.088 seconds
[2023-01-01T20:33:22.292-0300] {processor.py:153} INFO - Started process (PID=6324) to work on /home/kallox/anaconda3/envs/airflow/lib/python3.7/site-packages/airflow/example_dags/example_trigger_target_dag.py
[2023-01-01T20:33:22.293-0300] {processor.py:743} INFO - Processing file /home/kallox/anaconda3/envs/airflow/lib/python3.7/site-packages/airflow/example_dags/example_trigger_target_dag.py for tasks to queue
[2023-01-01T20:33:22.293-0300] {logging_mixin.py:137} INFO - [2023-01-01T20:33:22.293-0300] {dagbag.py:538} INFO - Filling up the DagBag from /home/kallox/anaconda3/envs/airflow/lib/python3.7/site-packages/airflow/example_dags/example_trigger_target_dag.py
[2023-01-01T20:33:22.309-0300] {processor.py:753} INFO - DAG(s) dict_keys(['example_trigger_target_dag']) retrieved from /home/kallox/anaconda3/envs/airflow/lib/python3.7/site-packages/airflow/example_dags/example_trigger_target_dag.py
[2023-01-01T20:33:22.336-0300] {logging_mixin.py:137} INFO - [2023-01-01T20:33:22.336-0300] {dag.py:2676} INFO - Sync 1 DAGs
[2023-01-01T20:33:22.358-0300] {logging_mixin.py:137} INFO - [2023-01-01T20:33:22.358-0300] {dag.py:3427} INFO - Setting next_dagrun for example_trigger_target_dag to None, run_after=None
[2023-01-01T20:33:22.375-0300] {processor.py:175} INFO - Processing /home/kallox/anaconda3/envs/airflow/lib/python3.7/site-packages/airflow/example_dags/example_trigger_target_dag.py took 0.085 seconds
