[2023-01-01T20:30:46.937-0300] {processor.py:153} INFO - Started process (PID=3659) to work on /home/kallox/anaconda3/envs/airflow/lib/python3.7/site-packages/airflow/example_dags/example_dag_decorator.py
[2023-01-01T20:30:46.938-0300] {processor.py:743} INFO - Processing file /home/kallox/anaconda3/envs/airflow/lib/python3.7/site-packages/airflow/example_dags/example_dag_decorator.py for tasks to queue
[2023-01-01T20:30:46.938-0300] {logging_mixin.py:137} INFO - [2023-01-01T20:30:46.938-0300] {dagbag.py:538} INFO - Filling up the DagBag from /home/kallox/anaconda3/envs/airflow/lib/python3.7/site-packages/airflow/example_dags/example_dag_decorator.py
[2023-01-01T20:30:46.952-0300] {logging_mixin.py:137} INFO - [2023-01-01T20:30:46.952-0300] {taskmixin.py:205} WARNING - Dependency <Task(_PythonDecoratedOperator): prepare_email>, send_email already registered for DAG: example_dag_decorator
[2023-01-01T20:30:46.952-0300] {logging_mixin.py:137} INFO - [2023-01-01T20:30:46.952-0300] {taskmixin.py:205} WARNING - Dependency <Task(EmailOperator): send_email>, prepare_email already registered for DAG: example_dag_decorator
[2023-01-01T20:30:46.962-0300] {processor.py:753} INFO - DAG(s) dict_keys(['example_dag_decorator']) retrieved from /home/kallox/anaconda3/envs/airflow/lib/python3.7/site-packages/airflow/example_dags/example_dag_decorator.py
[2023-01-01T20:30:47.028-0300] {logging_mixin.py:137} INFO - [2023-01-01T20:30:47.028-0300] {dag.py:2676} INFO - Sync 1 DAGs
[2023-01-01T20:30:47.048-0300] {logging_mixin.py:137} INFO - [2023-01-01T20:30:47.048-0300] {dag.py:3427} INFO - Setting next_dagrun for example_dag_decorator to None, run_after=None
[2023-01-01T20:30:47.066-0300] {processor.py:175} INFO - Processing /home/kallox/anaconda3/envs/airflow/lib/python3.7/site-packages/airflow/example_dags/example_dag_decorator.py took 0.131 seconds
[2023-01-01T20:31:18.134-0300] {processor.py:153} INFO - Started process (PID=4926) to work on /home/kallox/anaconda3/envs/airflow/lib/python3.7/site-packages/airflow/example_dags/example_dag_decorator.py
[2023-01-01T20:31:18.135-0300] {processor.py:743} INFO - Processing file /home/kallox/anaconda3/envs/airflow/lib/python3.7/site-packages/airflow/example_dags/example_dag_decorator.py for tasks to queue
[2023-01-01T20:31:18.135-0300] {logging_mixin.py:137} INFO - [2023-01-01T20:31:18.135-0300] {dagbag.py:538} INFO - Filling up the DagBag from /home/kallox/anaconda3/envs/airflow/lib/python3.7/site-packages/airflow/example_dags/example_dag_decorator.py
[2023-01-01T20:31:18.153-0300] {logging_mixin.py:137} INFO - [2023-01-01T20:31:18.153-0300] {taskmixin.py:205} WARNING - Dependency <Task(_PythonDecoratedOperator): prepare_email>, send_email already registered for DAG: example_dag_decorator
[2023-01-01T20:31:18.153-0300] {logging_mixin.py:137} INFO - [2023-01-01T20:31:18.153-0300] {taskmixin.py:205} WARNING - Dependency <Task(EmailOperator): send_email>, prepare_email already registered for DAG: example_dag_decorator
[2023-01-01T20:31:18.162-0300] {processor.py:753} INFO - DAG(s) dict_keys(['example_dag_decorator']) retrieved from /home/kallox/anaconda3/envs/airflow/lib/python3.7/site-packages/airflow/example_dags/example_dag_decorator.py
[2023-01-01T20:31:18.233-0300] {logging_mixin.py:137} INFO - [2023-01-01T20:31:18.232-0300] {dag.py:2676} INFO - Sync 1 DAGs
[2023-01-01T20:31:18.253-0300] {logging_mixin.py:137} INFO - [2023-01-01T20:31:18.253-0300] {dag.py:3427} INFO - Setting next_dagrun for example_dag_decorator to None, run_after=None
[2023-01-01T20:31:18.273-0300] {processor.py:175} INFO - Processing /home/kallox/anaconda3/envs/airflow/lib/python3.7/site-packages/airflow/example_dags/example_dag_decorator.py took 0.141 seconds
[2023-01-01T20:31:48.896-0300] {processor.py:153} INFO - Started process (PID=5303) to work on /home/kallox/anaconda3/envs/airflow/lib/python3.7/site-packages/airflow/example_dags/example_dag_decorator.py
[2023-01-01T20:31:48.897-0300] {processor.py:743} INFO - Processing file /home/kallox/anaconda3/envs/airflow/lib/python3.7/site-packages/airflow/example_dags/example_dag_decorator.py for tasks to queue
[2023-01-01T20:31:48.897-0300] {logging_mixin.py:137} INFO - [2023-01-01T20:31:48.897-0300] {dagbag.py:538} INFO - Filling up the DagBag from /home/kallox/anaconda3/envs/airflow/lib/python3.7/site-packages/airflow/example_dags/example_dag_decorator.py
[2023-01-01T20:31:48.910-0300] {logging_mixin.py:137} INFO - [2023-01-01T20:31:48.910-0300] {taskmixin.py:205} WARNING - Dependency <Task(_PythonDecoratedOperator): prepare_email>, send_email already registered for DAG: example_dag_decorator
[2023-01-01T20:31:48.910-0300] {logging_mixin.py:137} INFO - [2023-01-01T20:31:48.910-0300] {taskmixin.py:205} WARNING - Dependency <Task(EmailOperator): send_email>, prepare_email already registered for DAG: example_dag_decorator
[2023-01-01T20:31:48.919-0300] {processor.py:753} INFO - DAG(s) dict_keys(['example_dag_decorator']) retrieved from /home/kallox/anaconda3/envs/airflow/lib/python3.7/site-packages/airflow/example_dags/example_dag_decorator.py
[2023-01-01T20:31:48.986-0300] {logging_mixin.py:137} INFO - [2023-01-01T20:31:48.986-0300] {dag.py:2676} INFO - Sync 1 DAGs
[2023-01-01T20:31:49.008-0300] {logging_mixin.py:137} INFO - [2023-01-01T20:31:49.008-0300] {dag.py:3427} INFO - Setting next_dagrun for example_dag_decorator to None, run_after=None
[2023-01-01T20:31:49.027-0300] {processor.py:175} INFO - Processing /home/kallox/anaconda3/envs/airflow/lib/python3.7/site-packages/airflow/example_dags/example_dag_decorator.py took 0.133 seconds
[2023-01-01T20:32:19.389-0300] {processor.py:153} INFO - Started process (PID=5668) to work on /home/kallox/anaconda3/envs/airflow/lib/python3.7/site-packages/airflow/example_dags/example_dag_decorator.py
[2023-01-01T20:32:19.389-0300] {processor.py:743} INFO - Processing file /home/kallox/anaconda3/envs/airflow/lib/python3.7/site-packages/airflow/example_dags/example_dag_decorator.py for tasks to queue
[2023-01-01T20:32:19.390-0300] {logging_mixin.py:137} INFO - [2023-01-01T20:32:19.390-0300] {dagbag.py:538} INFO - Filling up the DagBag from /home/kallox/anaconda3/envs/airflow/lib/python3.7/site-packages/airflow/example_dags/example_dag_decorator.py
[2023-01-01T20:32:19.404-0300] {logging_mixin.py:137} INFO - [2023-01-01T20:32:19.404-0300] {taskmixin.py:205} WARNING - Dependency <Task(_PythonDecoratedOperator): prepare_email>, send_email already registered for DAG: example_dag_decorator
[2023-01-01T20:32:19.404-0300] {logging_mixin.py:137} INFO - [2023-01-01T20:32:19.404-0300] {taskmixin.py:205} WARNING - Dependency <Task(EmailOperator): send_email>, prepare_email already registered for DAG: example_dag_decorator
[2023-01-01T20:32:19.413-0300] {processor.py:753} INFO - DAG(s) dict_keys(['example_dag_decorator']) retrieved from /home/kallox/anaconda3/envs/airflow/lib/python3.7/site-packages/airflow/example_dags/example_dag_decorator.py
[2023-01-01T20:32:19.481-0300] {logging_mixin.py:137} INFO - [2023-01-01T20:32:19.481-0300] {dag.py:2676} INFO - Sync 1 DAGs
[2023-01-01T20:32:19.502-0300] {logging_mixin.py:137} INFO - [2023-01-01T20:32:19.502-0300] {dag.py:3427} INFO - Setting next_dagrun for example_dag_decorator to None, run_after=None
[2023-01-01T20:32:19.521-0300] {processor.py:175} INFO - Processing /home/kallox/anaconda3/envs/airflow/lib/python3.7/site-packages/airflow/example_dags/example_dag_decorator.py took 0.134 seconds
[2023-01-01T20:32:50.950-0300] {processor.py:153} INFO - Started process (PID=5981) to work on /home/kallox/anaconda3/envs/airflow/lib/python3.7/site-packages/airflow/example_dags/example_dag_decorator.py
[2023-01-01T20:32:50.951-0300] {processor.py:743} INFO - Processing file /home/kallox/anaconda3/envs/airflow/lib/python3.7/site-packages/airflow/example_dags/example_dag_decorator.py for tasks to queue
[2023-01-01T20:32:50.951-0300] {logging_mixin.py:137} INFO - [2023-01-01T20:32:50.951-0300] {dagbag.py:538} INFO - Filling up the DagBag from /home/kallox/anaconda3/envs/airflow/lib/python3.7/site-packages/airflow/example_dags/example_dag_decorator.py
[2023-01-01T20:32:50.969-0300] {logging_mixin.py:137} INFO - [2023-01-01T20:32:50.969-0300] {taskmixin.py:205} WARNING - Dependency <Task(_PythonDecoratedOperator): prepare_email>, send_email already registered for DAG: example_dag_decorator
[2023-01-01T20:32:50.969-0300] {logging_mixin.py:137} INFO - [2023-01-01T20:32:50.969-0300] {taskmixin.py:205} WARNING - Dependency <Task(EmailOperator): send_email>, prepare_email already registered for DAG: example_dag_decorator
[2023-01-01T20:32:50.977-0300] {processor.py:753} INFO - DAG(s) dict_keys(['example_dag_decorator']) retrieved from /home/kallox/anaconda3/envs/airflow/lib/python3.7/site-packages/airflow/example_dags/example_dag_decorator.py
[2023-01-01T20:32:51.041-0300] {logging_mixin.py:137} INFO - [2023-01-01T20:32:51.041-0300] {dag.py:2676} INFO - Sync 1 DAGs
[2023-01-01T20:32:51.061-0300] {logging_mixin.py:137} INFO - [2023-01-01T20:32:51.061-0300] {dag.py:3427} INFO - Setting next_dagrun for example_dag_decorator to None, run_after=None
[2023-01-01T20:32:51.081-0300] {processor.py:175} INFO - Processing /home/kallox/anaconda3/envs/airflow/lib/python3.7/site-packages/airflow/example_dags/example_dag_decorator.py took 0.134 seconds
[2023-01-01T20:33:21.813-0300] {processor.py:153} INFO - Started process (PID=6282) to work on /home/kallox/anaconda3/envs/airflow/lib/python3.7/site-packages/airflow/example_dags/example_dag_decorator.py
[2023-01-01T20:33:21.814-0300] {processor.py:743} INFO - Processing file /home/kallox/anaconda3/envs/airflow/lib/python3.7/site-packages/airflow/example_dags/example_dag_decorator.py for tasks to queue
[2023-01-01T20:33:21.814-0300] {logging_mixin.py:137} INFO - [2023-01-01T20:33:21.814-0300] {dagbag.py:538} INFO - Filling up the DagBag from /home/kallox/anaconda3/envs/airflow/lib/python3.7/site-packages/airflow/example_dags/example_dag_decorator.py
[2023-01-01T20:33:21.828-0300] {logging_mixin.py:137} INFO - [2023-01-01T20:33:21.828-0300] {taskmixin.py:205} WARNING - Dependency <Task(_PythonDecoratedOperator): prepare_email>, send_email already registered for DAG: example_dag_decorator
[2023-01-01T20:33:21.828-0300] {logging_mixin.py:137} INFO - [2023-01-01T20:33:21.828-0300] {taskmixin.py:205} WARNING - Dependency <Task(EmailOperator): send_email>, prepare_email already registered for DAG: example_dag_decorator
[2023-01-01T20:33:21.837-0300] {processor.py:753} INFO - DAG(s) dict_keys(['example_dag_decorator']) retrieved from /home/kallox/anaconda3/envs/airflow/lib/python3.7/site-packages/airflow/example_dags/example_dag_decorator.py
[2023-01-01T20:33:21.905-0300] {logging_mixin.py:137} INFO - [2023-01-01T20:33:21.904-0300] {dag.py:2676} INFO - Sync 1 DAGs
[2023-01-01T20:33:21.929-0300] {logging_mixin.py:137} INFO - [2023-01-01T20:33:21.929-0300] {dag.py:3427} INFO - Setting next_dagrun for example_dag_decorator to None, run_after=None
[2023-01-01T20:33:21.951-0300] {processor.py:175} INFO - Processing /home/kallox/anaconda3/envs/airflow/lib/python3.7/site-packages/airflow/example_dags/example_dag_decorator.py took 0.139 seconds
