[2023-01-01T20:30:46.827-0300] {processor.py:153} INFO - Started process (PID=3648) to work on /home/kallox/anaconda3/envs/airflow/lib/python3.7/site-packages/airflow/example_dags/example_branch_operator.py
[2023-01-01T20:30:46.828-0300] {processor.py:743} INFO - Processing file /home/kallox/anaconda3/envs/airflow/lib/python3.7/site-packages/airflow/example_dags/example_branch_operator.py for tasks to queue
[2023-01-01T20:30:46.828-0300] {logging_mixin.py:137} INFO - [2023-01-01T20:30:46.828-0300] {dagbag.py:538} INFO - Filling up the DagBag from /home/kallox/anaconda3/envs/airflow/lib/python3.7/site-packages/airflow/example_dags/example_branch_operator.py
[2023-01-01T20:30:46.842-0300] {processor.py:753} INFO - DAG(s) dict_keys(['example_branch_operator']) retrieved from /home/kallox/anaconda3/envs/airflow/lib/python3.7/site-packages/airflow/example_dags/example_branch_operator.py
[2023-01-01T20:30:46.870-0300] {logging_mixin.py:137} INFO - [2023-01-01T20:30:46.870-0300] {dag.py:2676} INFO - Sync 1 DAGs
[2023-01-01T20:30:46.894-0300] {logging_mixin.py:137} INFO - [2023-01-01T20:30:46.894-0300] {dag.py:3427} INFO - Setting next_dagrun for example_branch_operator to 2022-12-31T00:00:00+00:00, run_after=2023-01-01T00:00:00+00:00
[2023-01-01T20:30:46.913-0300] {processor.py:175} INFO - Processing /home/kallox/anaconda3/envs/airflow/lib/python3.7/site-packages/airflow/example_dags/example_branch_operator.py took 0.088 seconds
[2023-01-01T20:31:18.013-0300] {processor.py:153} INFO - Started process (PID=4914) to work on /home/kallox/anaconda3/envs/airflow/lib/python3.7/site-packages/airflow/example_dags/example_branch_operator.py
[2023-01-01T20:31:18.013-0300] {processor.py:743} INFO - Processing file /home/kallox/anaconda3/envs/airflow/lib/python3.7/site-packages/airflow/example_dags/example_branch_operator.py for tasks to queue
[2023-01-01T20:31:18.014-0300] {logging_mixin.py:137} INFO - [2023-01-01T20:31:18.014-0300] {dagbag.py:538} INFO - Filling up the DagBag from /home/kallox/anaconda3/envs/airflow/lib/python3.7/site-packages/airflow/example_dags/example_branch_operator.py
[2023-01-01T20:31:18.027-0300] {processor.py:753} INFO - DAG(s) dict_keys(['example_branch_operator']) retrieved from /home/kallox/anaconda3/envs/airflow/lib/python3.7/site-packages/airflow/example_dags/example_branch_operator.py
[2023-01-01T20:31:18.057-0300] {logging_mixin.py:137} INFO - [2023-01-01T20:31:18.057-0300] {dag.py:2676} INFO - Sync 1 DAGs
[2023-01-01T20:31:18.081-0300] {logging_mixin.py:137} INFO - [2023-01-01T20:31:18.081-0300] {dag.py:3427} INFO - Setting next_dagrun for example_branch_operator to 2022-12-31T00:00:00+00:00, run_after=2023-01-01T00:00:00+00:00
[2023-01-01T20:31:18.099-0300] {processor.py:175} INFO - Processing /home/kallox/anaconda3/envs/airflow/lib/python3.7/site-packages/airflow/example_dags/example_branch_operator.py took 0.088 seconds
[2023-01-01T20:31:48.785-0300] {processor.py:153} INFO - Started process (PID=5292) to work on /home/kallox/anaconda3/envs/airflow/lib/python3.7/site-packages/airflow/example_dags/example_branch_operator.py
[2023-01-01T20:31:48.785-0300] {processor.py:743} INFO - Processing file /home/kallox/anaconda3/envs/airflow/lib/python3.7/site-packages/airflow/example_dags/example_branch_operator.py for tasks to queue
[2023-01-01T20:31:48.786-0300] {logging_mixin.py:137} INFO - [2023-01-01T20:31:48.786-0300] {dagbag.py:538} INFO - Filling up the DagBag from /home/kallox/anaconda3/envs/airflow/lib/python3.7/site-packages/airflow/example_dags/example_branch_operator.py
[2023-01-01T20:31:48.799-0300] {processor.py:753} INFO - DAG(s) dict_keys(['example_branch_operator']) retrieved from /home/kallox/anaconda3/envs/airflow/lib/python3.7/site-packages/airflow/example_dags/example_branch_operator.py
[2023-01-01T20:31:48.828-0300] {logging_mixin.py:137} INFO - [2023-01-01T20:31:48.828-0300] {dag.py:2676} INFO - Sync 1 DAGs
[2023-01-01T20:31:48.852-0300] {logging_mixin.py:137} INFO - [2023-01-01T20:31:48.852-0300] {dag.py:3427} INFO - Setting next_dagrun for example_branch_operator to 2022-12-31T00:00:00+00:00, run_after=2023-01-01T00:00:00+00:00
[2023-01-01T20:31:48.874-0300] {processor.py:175} INFO - Processing /home/kallox/anaconda3/envs/airflow/lib/python3.7/site-packages/airflow/example_dags/example_branch_operator.py took 0.091 seconds
[2023-01-01T20:32:19.241-0300] {processor.py:153} INFO - Started process (PID=5654) to work on /home/kallox/anaconda3/envs/airflow/lib/python3.7/site-packages/airflow/example_dags/example_branch_operator.py
[2023-01-01T20:32:19.242-0300] {processor.py:743} INFO - Processing file /home/kallox/anaconda3/envs/airflow/lib/python3.7/site-packages/airflow/example_dags/example_branch_operator.py for tasks to queue
[2023-01-01T20:32:19.243-0300] {logging_mixin.py:137} INFO - [2023-01-01T20:32:19.243-0300] {dagbag.py:538} INFO - Filling up the DagBag from /home/kallox/anaconda3/envs/airflow/lib/python3.7/site-packages/airflow/example_dags/example_branch_operator.py
[2023-01-01T20:32:19.256-0300] {processor.py:753} INFO - DAG(s) dict_keys(['example_branch_operator']) retrieved from /home/kallox/anaconda3/envs/airflow/lib/python3.7/site-packages/airflow/example_dags/example_branch_operator.py
[2023-01-01T20:32:19.284-0300] {logging_mixin.py:137} INFO - [2023-01-01T20:32:19.284-0300] {dag.py:2676} INFO - Sync 1 DAGs
[2023-01-01T20:32:19.306-0300] {logging_mixin.py:137} INFO - [2023-01-01T20:32:19.306-0300] {dag.py:3427} INFO - Setting next_dagrun for example_branch_operator to 2022-12-31T00:00:00+00:00, run_after=2023-01-01T00:00:00+00:00
[2023-01-01T20:32:19.325-0300] {processor.py:175} INFO - Processing /home/kallox/anaconda3/envs/airflow/lib/python3.7/site-packages/airflow/example_dags/example_branch_operator.py took 0.086 seconds
[2023-01-01T20:32:50.811-0300] {processor.py:153} INFO - Started process (PID=5968) to work on /home/kallox/anaconda3/envs/airflow/lib/python3.7/site-packages/airflow/example_dags/example_branch_operator.py
[2023-01-01T20:32:50.812-0300] {processor.py:743} INFO - Processing file /home/kallox/anaconda3/envs/airflow/lib/python3.7/site-packages/airflow/example_dags/example_branch_operator.py for tasks to queue
[2023-01-01T20:32:50.812-0300] {logging_mixin.py:137} INFO - [2023-01-01T20:32:50.812-0300] {dagbag.py:538} INFO - Filling up the DagBag from /home/kallox/anaconda3/envs/airflow/lib/python3.7/site-packages/airflow/example_dags/example_branch_operator.py
[2023-01-01T20:32:50.824-0300] {processor.py:753} INFO - DAG(s) dict_keys(['example_branch_operator']) retrieved from /home/kallox/anaconda3/envs/airflow/lib/python3.7/site-packages/airflow/example_dags/example_branch_operator.py
[2023-01-01T20:32:50.854-0300] {logging_mixin.py:137} INFO - [2023-01-01T20:32:50.854-0300] {dag.py:2676} INFO - Sync 1 DAGs
[2023-01-01T20:32:50.878-0300] {logging_mixin.py:137} INFO - [2023-01-01T20:32:50.878-0300] {dag.py:3427} INFO - Setting next_dagrun for example_branch_operator to 2022-12-31T00:00:00+00:00, run_after=2023-01-01T00:00:00+00:00
[2023-01-01T20:32:50.896-0300] {processor.py:175} INFO - Processing /home/kallox/anaconda3/envs/airflow/lib/python3.7/site-packages/airflow/example_dags/example_branch_operator.py took 0.088 seconds
[2023-01-01T20:33:21.709-0300] {processor.py:153} INFO - Started process (PID=6271) to work on /home/kallox/anaconda3/envs/airflow/lib/python3.7/site-packages/airflow/example_dags/example_branch_operator.py
[2023-01-01T20:33:21.709-0300] {processor.py:743} INFO - Processing file /home/kallox/anaconda3/envs/airflow/lib/python3.7/site-packages/airflow/example_dags/example_branch_operator.py for tasks to queue
[2023-01-01T20:33:21.710-0300] {logging_mixin.py:137} INFO - [2023-01-01T20:33:21.710-0300] {dagbag.py:538} INFO - Filling up the DagBag from /home/kallox/anaconda3/envs/airflow/lib/python3.7/site-packages/airflow/example_dags/example_branch_operator.py
[2023-01-01T20:33:21.723-0300] {processor.py:753} INFO - DAG(s) dict_keys(['example_branch_operator']) retrieved from /home/kallox/anaconda3/envs/airflow/lib/python3.7/site-packages/airflow/example_dags/example_branch_operator.py
[2023-01-01T20:33:21.753-0300] {logging_mixin.py:137} INFO - [2023-01-01T20:33:21.753-0300] {dag.py:2676} INFO - Sync 1 DAGs
[2023-01-01T20:33:21.776-0300] {logging_mixin.py:137} INFO - [2023-01-01T20:33:21.776-0300] {dag.py:3427} INFO - Setting next_dagrun for example_branch_operator to 2022-12-31T00:00:00+00:00, run_after=2023-01-01T00:00:00+00:00
[2023-01-01T20:33:21.794-0300] {processor.py:175} INFO - Processing /home/kallox/anaconda3/envs/airflow/lib/python3.7/site-packages/airflow/example_dags/example_branch_operator.py took 0.087 seconds
