[2023-01-01T20:30:47.731-0300] {processor.py:153} INFO - Started process (PID=3747) to work on /home/kallox/anaconda3/envs/airflow/lib/python3.7/site-packages/airflow/example_dags/example_branch_labels.py
[2023-01-01T20:30:47.732-0300] {processor.py:743} INFO - Processing file /home/kallox/anaconda3/envs/airflow/lib/python3.7/site-packages/airflow/example_dags/example_branch_labels.py for tasks to queue
[2023-01-01T20:30:47.732-0300] {logging_mixin.py:137} INFO - [2023-01-01T20:30:47.732-0300] {dagbag.py:538} INFO - Filling up the DagBag from /home/kallox/anaconda3/envs/airflow/lib/python3.7/site-packages/airflow/example_dags/example_branch_labels.py
[2023-01-01T20:30:47.743-0300] {processor.py:753} INFO - DAG(s) dict_keys(['example_branch_labels']) retrieved from /home/kallox/anaconda3/envs/airflow/lib/python3.7/site-packages/airflow/example_dags/example_branch_labels.py
[2023-01-01T20:30:47.771-0300] {logging_mixin.py:137} INFO - [2023-01-01T20:30:47.770-0300] {dag.py:2676} INFO - Sync 1 DAGs
[2023-01-01T20:30:47.793-0300] {logging_mixin.py:137} INFO - [2023-01-01T20:30:47.793-0300] {dag.py:3427} INFO - Setting next_dagrun for example_branch_labels to 2022-12-31T00:00:00+00:00, run_after=2023-01-01T00:00:00+00:00
[2023-01-01T20:30:47.811-0300] {processor.py:175} INFO - Processing /home/kallox/anaconda3/envs/airflow/lib/python3.7/site-packages/airflow/example_dags/example_branch_labels.py took 0.082 seconds
[2023-01-01T20:31:18.924-0300] {processor.py:153} INFO - Started process (PID=5005) to work on /home/kallox/anaconda3/envs/airflow/lib/python3.7/site-packages/airflow/example_dags/example_branch_labels.py
[2023-01-01T20:31:18.924-0300] {processor.py:743} INFO - Processing file /home/kallox/anaconda3/envs/airflow/lib/python3.7/site-packages/airflow/example_dags/example_branch_labels.py for tasks to queue
[2023-01-01T20:31:18.925-0300] {logging_mixin.py:137} INFO - [2023-01-01T20:31:18.925-0300] {dagbag.py:538} INFO - Filling up the DagBag from /home/kallox/anaconda3/envs/airflow/lib/python3.7/site-packages/airflow/example_dags/example_branch_labels.py
[2023-01-01T20:31:18.935-0300] {processor.py:753} INFO - DAG(s) dict_keys(['example_branch_labels']) retrieved from /home/kallox/anaconda3/envs/airflow/lib/python3.7/site-packages/airflow/example_dags/example_branch_labels.py
[2023-01-01T20:31:18.963-0300] {logging_mixin.py:137} INFO - [2023-01-01T20:31:18.963-0300] {dag.py:2676} INFO - Sync 1 DAGs
[2023-01-01T20:31:18.987-0300] {logging_mixin.py:137} INFO - [2023-01-01T20:31:18.987-0300] {dag.py:3427} INFO - Setting next_dagrun for example_branch_labels to 2022-12-31T00:00:00+00:00, run_after=2023-01-01T00:00:00+00:00
[2023-01-01T20:31:19.003-0300] {processor.py:175} INFO - Processing /home/kallox/anaconda3/envs/airflow/lib/python3.7/site-packages/airflow/example_dags/example_branch_labels.py took 0.082 seconds
[2023-01-01T20:31:49.697-0300] {processor.py:153} INFO - Started process (PID=5385) to work on /home/kallox/anaconda3/envs/airflow/lib/python3.7/site-packages/airflow/example_dags/example_branch_labels.py
[2023-01-01T20:31:49.698-0300] {processor.py:743} INFO - Processing file /home/kallox/anaconda3/envs/airflow/lib/python3.7/site-packages/airflow/example_dags/example_branch_labels.py for tasks to queue
[2023-01-01T20:31:49.698-0300] {logging_mixin.py:137} INFO - [2023-01-01T20:31:49.698-0300] {dagbag.py:538} INFO - Filling up the DagBag from /home/kallox/anaconda3/envs/airflow/lib/python3.7/site-packages/airflow/example_dags/example_branch_labels.py
[2023-01-01T20:31:49.709-0300] {processor.py:753} INFO - DAG(s) dict_keys(['example_branch_labels']) retrieved from /home/kallox/anaconda3/envs/airflow/lib/python3.7/site-packages/airflow/example_dags/example_branch_labels.py
[2023-01-01T20:31:49.736-0300] {logging_mixin.py:137} INFO - [2023-01-01T20:31:49.736-0300] {dag.py:2676} INFO - Sync 1 DAGs
[2023-01-01T20:31:49.758-0300] {logging_mixin.py:137} INFO - [2023-01-01T20:31:49.758-0300] {dag.py:3427} INFO - Setting next_dagrun for example_branch_labels to 2022-12-31T00:00:00+00:00, run_after=2023-01-01T00:00:00+00:00
[2023-01-01T20:31:49.775-0300] {processor.py:175} INFO - Processing /home/kallox/anaconda3/envs/airflow/lib/python3.7/site-packages/airflow/example_dags/example_branch_labels.py took 0.080 seconds
[2023-01-01T20:32:20.067-0300] {processor.py:153} INFO - Started process (PID=5743) to work on /home/kallox/anaconda3/envs/airflow/lib/python3.7/site-packages/airflow/example_dags/example_branch_labels.py
[2023-01-01T20:32:20.067-0300] {processor.py:743} INFO - Processing file /home/kallox/anaconda3/envs/airflow/lib/python3.7/site-packages/airflow/example_dags/example_branch_labels.py for tasks to queue
[2023-01-01T20:32:20.068-0300] {logging_mixin.py:137} INFO - [2023-01-01T20:32:20.068-0300] {dagbag.py:538} INFO - Filling up the DagBag from /home/kallox/anaconda3/envs/airflow/lib/python3.7/site-packages/airflow/example_dags/example_branch_labels.py
[2023-01-01T20:32:20.078-0300] {processor.py:753} INFO - DAG(s) dict_keys(['example_branch_labels']) retrieved from /home/kallox/anaconda3/envs/airflow/lib/python3.7/site-packages/airflow/example_dags/example_branch_labels.py
[2023-01-01T20:32:20.107-0300] {logging_mixin.py:137} INFO - [2023-01-01T20:32:20.106-0300] {dag.py:2676} INFO - Sync 1 DAGs
[2023-01-01T20:32:20.130-0300] {logging_mixin.py:137} INFO - [2023-01-01T20:32:20.130-0300] {dag.py:3427} INFO - Setting next_dagrun for example_branch_labels to 2022-12-31T00:00:00+00:00, run_after=2023-01-01T00:00:00+00:00
[2023-01-01T20:32:20.147-0300] {processor.py:175} INFO - Processing /home/kallox/anaconda3/envs/airflow/lib/python3.7/site-packages/airflow/example_dags/example_branch_labels.py took 0.082 seconds
[2023-01-01T20:32:51.741-0300] {processor.py:153} INFO - Started process (PID=6059) to work on /home/kallox/anaconda3/envs/airflow/lib/python3.7/site-packages/airflow/example_dags/example_branch_labels.py
[2023-01-01T20:32:51.742-0300] {processor.py:743} INFO - Processing file /home/kallox/anaconda3/envs/airflow/lib/python3.7/site-packages/airflow/example_dags/example_branch_labels.py for tasks to queue
[2023-01-01T20:32:51.742-0300] {logging_mixin.py:137} INFO - [2023-01-01T20:32:51.742-0300] {dagbag.py:538} INFO - Filling up the DagBag from /home/kallox/anaconda3/envs/airflow/lib/python3.7/site-packages/airflow/example_dags/example_branch_labels.py
[2023-01-01T20:32:51.753-0300] {processor.py:753} INFO - DAG(s) dict_keys(['example_branch_labels']) retrieved from /home/kallox/anaconda3/envs/airflow/lib/python3.7/site-packages/airflow/example_dags/example_branch_labels.py
[2023-01-01T20:32:51.783-0300] {logging_mixin.py:137} INFO - [2023-01-01T20:32:51.782-0300] {dag.py:2676} INFO - Sync 1 DAGs
[2023-01-01T20:32:51.808-0300] {logging_mixin.py:137} INFO - [2023-01-01T20:32:51.808-0300] {dag.py:3427} INFO - Setting next_dagrun for example_branch_labels to 2022-12-31T00:00:00+00:00, run_after=2023-01-01T00:00:00+00:00
[2023-01-01T20:32:51.826-0300] {processor.py:175} INFO - Processing /home/kallox/anaconda3/envs/airflow/lib/python3.7/site-packages/airflow/example_dags/example_branch_labels.py took 0.087 seconds
[2023-01-01T20:33:22.711-0300] {processor.py:153} INFO - Started process (PID=6363) to work on /home/kallox/anaconda3/envs/airflow/lib/python3.7/site-packages/airflow/example_dags/example_branch_labels.py
[2023-01-01T20:33:22.712-0300] {processor.py:743} INFO - Processing file /home/kallox/anaconda3/envs/airflow/lib/python3.7/site-packages/airflow/example_dags/example_branch_labels.py for tasks to queue
[2023-01-01T20:33:22.712-0300] {logging_mixin.py:137} INFO - [2023-01-01T20:33:22.712-0300] {dagbag.py:538} INFO - Filling up the DagBag from /home/kallox/anaconda3/envs/airflow/lib/python3.7/site-packages/airflow/example_dags/example_branch_labels.py
[2023-01-01T20:33:22.723-0300] {processor.py:753} INFO - DAG(s) dict_keys(['example_branch_labels']) retrieved from /home/kallox/anaconda3/envs/airflow/lib/python3.7/site-packages/airflow/example_dags/example_branch_labels.py
[2023-01-01T20:33:22.751-0300] {logging_mixin.py:137} INFO - [2023-01-01T20:33:22.751-0300] {dag.py:2676} INFO - Sync 1 DAGs
[2023-01-01T20:33:22.774-0300] {logging_mixin.py:137} INFO - [2023-01-01T20:33:22.774-0300] {dag.py:3427} INFO - Setting next_dagrun for example_branch_labels to 2022-12-31T00:00:00+00:00, run_after=2023-01-01T00:00:00+00:00
[2023-01-01T20:33:22.793-0300] {processor.py:175} INFO - Processing /home/kallox/anaconda3/envs/airflow/lib/python3.7/site-packages/airflow/example_dags/example_branch_labels.py took 0.083 seconds
