[2023-01-01T20:30:47.755-0300] {processor.py:153} INFO - Started process (PID=3752) to work on /home/kallox/anaconda3/envs/airflow/lib/python3.7/site-packages/airflow/example_dags/example_time_delta_sensor_async.py
[2023-01-01T20:30:47.755-0300] {processor.py:743} INFO - Processing file /home/kallox/anaconda3/envs/airflow/lib/python3.7/site-packages/airflow/example_dags/example_time_delta_sensor_async.py for tasks to queue
[2023-01-01T20:30:47.756-0300] {logging_mixin.py:137} INFO - [2023-01-01T20:30:47.755-0300] {dagbag.py:538} INFO - Filling up the DagBag from /home/kallox/anaconda3/envs/airflow/lib/python3.7/site-packages/airflow/example_dags/example_time_delta_sensor_async.py
[2023-01-01T20:30:47.764-0300] {processor.py:753} INFO - DAG(s) dict_keys(['example_time_delta_sensor_async']) retrieved from /home/kallox/anaconda3/envs/airflow/lib/python3.7/site-packages/airflow/example_dags/example_time_delta_sensor_async.py
[2023-01-01T20:30:47.791-0300] {logging_mixin.py:137} INFO - [2023-01-01T20:30:47.791-0300] {dag.py:2676} INFO - Sync 1 DAGs
[2023-01-01T20:30:47.812-0300] {logging_mixin.py:137} INFO - [2023-01-01T20:30:47.812-0300] {dag.py:3427} INFO - Setting next_dagrun for example_time_delta_sensor_async to None, run_after=None
[2023-01-01T20:30:47.832-0300] {processor.py:175} INFO - Processing /home/kallox/anaconda3/envs/airflow/lib/python3.7/site-packages/airflow/example_dags/example_time_delta_sensor_async.py took 0.079 seconds
[2023-01-01T20:31:18.951-0300] {processor.py:153} INFO - Started process (PID=5011) to work on /home/kallox/anaconda3/envs/airflow/lib/python3.7/site-packages/airflow/example_dags/example_time_delta_sensor_async.py
[2023-01-01T20:31:18.952-0300] {processor.py:743} INFO - Processing file /home/kallox/anaconda3/envs/airflow/lib/python3.7/site-packages/airflow/example_dags/example_time_delta_sensor_async.py for tasks to queue
[2023-01-01T20:31:18.952-0300] {logging_mixin.py:137} INFO - [2023-01-01T20:31:18.952-0300] {dagbag.py:538} INFO - Filling up the DagBag from /home/kallox/anaconda3/envs/airflow/lib/python3.7/site-packages/airflow/example_dags/example_time_delta_sensor_async.py
[2023-01-01T20:31:18.960-0300] {processor.py:753} INFO - DAG(s) dict_keys(['example_time_delta_sensor_async']) retrieved from /home/kallox/anaconda3/envs/airflow/lib/python3.7/site-packages/airflow/example_dags/example_time_delta_sensor_async.py
[2023-01-01T20:31:18.987-0300] {logging_mixin.py:137} INFO - [2023-01-01T20:31:18.987-0300] {dag.py:2676} INFO - Sync 1 DAGs
[2023-01-01T20:31:19.009-0300] {logging_mixin.py:137} INFO - [2023-01-01T20:31:19.009-0300] {dag.py:3427} INFO - Setting next_dagrun for example_time_delta_sensor_async to None, run_after=None
[2023-01-01T20:31:19.027-0300] {processor.py:175} INFO - Processing /home/kallox/anaconda3/envs/airflow/lib/python3.7/site-packages/airflow/example_dags/example_time_delta_sensor_async.py took 0.079 seconds
[2023-01-01T20:31:49.705-0300] {processor.py:153} INFO - Started process (PID=5388) to work on /home/kallox/anaconda3/envs/airflow/lib/python3.7/site-packages/airflow/example_dags/example_time_delta_sensor_async.py
[2023-01-01T20:31:49.706-0300] {processor.py:743} INFO - Processing file /home/kallox/anaconda3/envs/airflow/lib/python3.7/site-packages/airflow/example_dags/example_time_delta_sensor_async.py for tasks to queue
[2023-01-01T20:31:49.706-0300] {logging_mixin.py:137} INFO - [2023-01-01T20:31:49.706-0300] {dagbag.py:538} INFO - Filling up the DagBag from /home/kallox/anaconda3/envs/airflow/lib/python3.7/site-packages/airflow/example_dags/example_time_delta_sensor_async.py
[2023-01-01T20:31:49.715-0300] {processor.py:753} INFO - DAG(s) dict_keys(['example_time_delta_sensor_async']) retrieved from /home/kallox/anaconda3/envs/airflow/lib/python3.7/site-packages/airflow/example_dags/example_time_delta_sensor_async.py
[2023-01-01T20:31:49.743-0300] {logging_mixin.py:137} INFO - [2023-01-01T20:31:49.742-0300] {dag.py:2676} INFO - Sync 1 DAGs
[2023-01-01T20:31:49.764-0300] {logging_mixin.py:137} INFO - [2023-01-01T20:31:49.764-0300] {dag.py:3427} INFO - Setting next_dagrun for example_time_delta_sensor_async to None, run_after=None
[2023-01-01T20:31:49.781-0300] {processor.py:175} INFO - Processing /home/kallox/anaconda3/envs/airflow/lib/python3.7/site-packages/airflow/example_dags/example_time_delta_sensor_async.py took 0.078 seconds
[2023-01-01T20:32:20.152-0300] {processor.py:153} INFO - Started process (PID=5750) to work on /home/kallox/anaconda3/envs/airflow/lib/python3.7/site-packages/airflow/example_dags/example_time_delta_sensor_async.py
[2023-01-01T20:32:20.153-0300] {processor.py:743} INFO - Processing file /home/kallox/anaconda3/envs/airflow/lib/python3.7/site-packages/airflow/example_dags/example_time_delta_sensor_async.py for tasks to queue
[2023-01-01T20:32:20.153-0300] {logging_mixin.py:137} INFO - [2023-01-01T20:32:20.153-0300] {dagbag.py:538} INFO - Filling up the DagBag from /home/kallox/anaconda3/envs/airflow/lib/python3.7/site-packages/airflow/example_dags/example_time_delta_sensor_async.py
[2023-01-01T20:32:20.163-0300] {processor.py:753} INFO - DAG(s) dict_keys(['example_time_delta_sensor_async']) retrieved from /home/kallox/anaconda3/envs/airflow/lib/python3.7/site-packages/airflow/example_dags/example_time_delta_sensor_async.py
[2023-01-01T20:32:20.190-0300] {logging_mixin.py:137} INFO - [2023-01-01T20:32:20.190-0300] {dag.py:2676} INFO - Sync 1 DAGs
[2023-01-01T20:32:20.212-0300] {logging_mixin.py:137} INFO - [2023-01-01T20:32:20.212-0300] {dag.py:3427} INFO - Setting next_dagrun for example_time_delta_sensor_async to None, run_after=None
[2023-01-01T20:32:20.232-0300] {processor.py:175} INFO - Processing /home/kallox/anaconda3/envs/airflow/lib/python3.7/site-packages/airflow/example_dags/example_time_delta_sensor_async.py took 0.083 seconds
[2023-01-01T20:32:51.838-0300] {processor.py:153} INFO - Started process (PID=6068) to work on /home/kallox/anaconda3/envs/airflow/lib/python3.7/site-packages/airflow/example_dags/example_time_delta_sensor_async.py
[2023-01-01T20:32:51.839-0300] {processor.py:743} INFO - Processing file /home/kallox/anaconda3/envs/airflow/lib/python3.7/site-packages/airflow/example_dags/example_time_delta_sensor_async.py for tasks to queue
[2023-01-01T20:32:51.840-0300] {logging_mixin.py:137} INFO - [2023-01-01T20:32:51.839-0300] {dagbag.py:538} INFO - Filling up the DagBag from /home/kallox/anaconda3/envs/airflow/lib/python3.7/site-packages/airflow/example_dags/example_time_delta_sensor_async.py
[2023-01-01T20:32:51.848-0300] {processor.py:753} INFO - DAG(s) dict_keys(['example_time_delta_sensor_async']) retrieved from /home/kallox/anaconda3/envs/airflow/lib/python3.7/site-packages/airflow/example_dags/example_time_delta_sensor_async.py
[2023-01-01T20:32:51.876-0300] {logging_mixin.py:137} INFO - [2023-01-01T20:32:51.876-0300] {dag.py:2676} INFO - Sync 1 DAGs
[2023-01-01T20:32:51.899-0300] {logging_mixin.py:137} INFO - [2023-01-01T20:32:51.898-0300] {dag.py:3427} INFO - Setting next_dagrun for example_time_delta_sensor_async to None, run_after=None
[2023-01-01T20:32:51.916-0300] {processor.py:175} INFO - Processing /home/kallox/anaconda3/envs/airflow/lib/python3.7/site-packages/airflow/example_dags/example_time_delta_sensor_async.py took 0.080 seconds
[2023-01-01T20:33:22.810-0300] {processor.py:153} INFO - Started process (PID=6369) to work on /home/kallox/anaconda3/envs/airflow/lib/python3.7/site-packages/airflow/example_dags/example_time_delta_sensor_async.py
[2023-01-01T20:33:22.811-0300] {processor.py:743} INFO - Processing file /home/kallox/anaconda3/envs/airflow/lib/python3.7/site-packages/airflow/example_dags/example_time_delta_sensor_async.py for tasks to queue
[2023-01-01T20:33:22.811-0300] {logging_mixin.py:137} INFO - [2023-01-01T20:33:22.811-0300] {dagbag.py:538} INFO - Filling up the DagBag from /home/kallox/anaconda3/envs/airflow/lib/python3.7/site-packages/airflow/example_dags/example_time_delta_sensor_async.py
[2023-01-01T20:33:22.821-0300] {processor.py:753} INFO - DAG(s) dict_keys(['example_time_delta_sensor_async']) retrieved from /home/kallox/anaconda3/envs/airflow/lib/python3.7/site-packages/airflow/example_dags/example_time_delta_sensor_async.py
[2023-01-01T20:33:22.849-0300] {logging_mixin.py:137} INFO - [2023-01-01T20:33:22.849-0300] {dag.py:2676} INFO - Sync 1 DAGs
[2023-01-01T20:33:22.870-0300] {logging_mixin.py:137} INFO - [2023-01-01T20:33:22.870-0300] {dag.py:3427} INFO - Setting next_dagrun for example_time_delta_sensor_async to None, run_after=None
[2023-01-01T20:33:22.887-0300] {processor.py:175} INFO - Processing /home/kallox/anaconda3/envs/airflow/lib/python3.7/site-packages/airflow/example_dags/example_time_delta_sensor_async.py took 0.079 seconds
