[2023-01-01T20:30:46.635-0300] {processor.py:153} INFO - Started process (PID=3629) to work on /home/kallox/anaconda3/envs/airflow/lib/python3.7/site-packages/airflow/example_dags/example_sensor_decorator.py
[2023-01-01T20:30:46.635-0300] {processor.py:743} INFO - Processing file /home/kallox/anaconda3/envs/airflow/lib/python3.7/site-packages/airflow/example_dags/example_sensor_decorator.py for tasks to queue
[2023-01-01T20:30:46.636-0300] {logging_mixin.py:137} INFO - [2023-01-01T20:30:46.636-0300] {dagbag.py:538} INFO - Filling up the DagBag from /home/kallox/anaconda3/envs/airflow/lib/python3.7/site-packages/airflow/example_dags/example_sensor_decorator.py
[2023-01-01T20:30:46.651-0300] {logging_mixin.py:137} WARNING - /home/kallox/anaconda3/envs/airflow/lib/python3.7/site-packages/airflow/models/dag.py:3524 RemovedInAirflow3Warning: Param `schedule_interval` is deprecated and will be removed in a future release. Please use `schedule` instead.
[2023-01-01T20:30:46.656-0300] {processor.py:753} INFO - DAG(s) dict_keys(['example_sensor_decorator']) retrieved from /home/kallox/anaconda3/envs/airflow/lib/python3.7/site-packages/airflow/example_dags/example_sensor_decorator.py
[2023-01-01T20:30:46.683-0300] {logging_mixin.py:137} INFO - [2023-01-01T20:30:46.683-0300] {dag.py:2676} INFO - Sync 1 DAGs
[2023-01-01T20:30:46.707-0300] {logging_mixin.py:137} INFO - [2023-01-01T20:30:46.707-0300] {dag.py:3427} INFO - Setting next_dagrun for example_sensor_decorator to None, run_after=None
[2023-01-01T20:30:46.725-0300] {processor.py:175} INFO - Processing /home/kallox/anaconda3/envs/airflow/lib/python3.7/site-packages/airflow/example_dags/example_sensor_decorator.py took 0.093 seconds
[2023-01-01T20:31:17.751-0300] {processor.py:153} INFO - Started process (PID=4896) to work on /home/kallox/anaconda3/envs/airflow/lib/python3.7/site-packages/airflow/example_dags/example_sensor_decorator.py
[2023-01-01T20:31:17.752-0300] {processor.py:743} INFO - Processing file /home/kallox/anaconda3/envs/airflow/lib/python3.7/site-packages/airflow/example_dags/example_sensor_decorator.py for tasks to queue
[2023-01-01T20:31:17.753-0300] {logging_mixin.py:137} INFO - [2023-01-01T20:31:17.753-0300] {dagbag.py:538} INFO - Filling up the DagBag from /home/kallox/anaconda3/envs/airflow/lib/python3.7/site-packages/airflow/example_dags/example_sensor_decorator.py
[2023-01-01T20:31:17.772-0300] {logging_mixin.py:137} WARNING - /home/kallox/anaconda3/envs/airflow/lib/python3.7/site-packages/airflow/models/dag.py:3524 RemovedInAirflow3Warning: Param `schedule_interval` is deprecated and will be removed in a future release. Please use `schedule` instead.
[2023-01-01T20:31:17.781-0300] {processor.py:753} INFO - DAG(s) dict_keys(['example_sensor_decorator']) retrieved from /home/kallox/anaconda3/envs/airflow/lib/python3.7/site-packages/airflow/example_dags/example_sensor_decorator.py
[2023-01-01T20:31:17.823-0300] {logging_mixin.py:137} INFO - [2023-01-01T20:31:17.823-0300] {dag.py:2676} INFO - Sync 1 DAGs
[2023-01-01T20:31:17.855-0300] {logging_mixin.py:137} INFO - [2023-01-01T20:31:17.854-0300] {dag.py:3427} INFO - Setting next_dagrun for example_sensor_decorator to None, run_after=None
[2023-01-01T20:31:17.882-0300] {processor.py:175} INFO - Processing /home/kallox/anaconda3/envs/airflow/lib/python3.7/site-packages/airflow/example_dags/example_sensor_decorator.py took 0.134 seconds
[2023-01-01T20:31:48.571-0300] {processor.py:153} INFO - Started process (PID=5274) to work on /home/kallox/anaconda3/envs/airflow/lib/python3.7/site-packages/airflow/example_dags/example_sensor_decorator.py
[2023-01-01T20:31:48.572-0300] {processor.py:743} INFO - Processing file /home/kallox/anaconda3/envs/airflow/lib/python3.7/site-packages/airflow/example_dags/example_sensor_decorator.py for tasks to queue
[2023-01-01T20:31:48.572-0300] {logging_mixin.py:137} INFO - [2023-01-01T20:31:48.572-0300] {dagbag.py:538} INFO - Filling up the DagBag from /home/kallox/anaconda3/envs/airflow/lib/python3.7/site-packages/airflow/example_dags/example_sensor_decorator.py
[2023-01-01T20:31:48.587-0300] {logging_mixin.py:137} WARNING - /home/kallox/anaconda3/envs/airflow/lib/python3.7/site-packages/airflow/models/dag.py:3524 RemovedInAirflow3Warning: Param `schedule_interval` is deprecated and will be removed in a future release. Please use `schedule` instead.
[2023-01-01T20:31:48.593-0300] {processor.py:753} INFO - DAG(s) dict_keys(['example_sensor_decorator']) retrieved from /home/kallox/anaconda3/envs/airflow/lib/python3.7/site-packages/airflow/example_dags/example_sensor_decorator.py
[2023-01-01T20:31:48.620-0300] {logging_mixin.py:137} INFO - [2023-01-01T20:31:48.620-0300] {dag.py:2676} INFO - Sync 1 DAGs
[2023-01-01T20:31:48.642-0300] {logging_mixin.py:137} INFO - [2023-01-01T20:31:48.642-0300] {dag.py:3427} INFO - Setting next_dagrun for example_sensor_decorator to None, run_after=None
[2023-01-01T20:31:48.659-0300] {processor.py:175} INFO - Processing /home/kallox/anaconda3/envs/airflow/lib/python3.7/site-packages/airflow/example_dags/example_sensor_decorator.py took 0.090 seconds
[2023-01-01T20:32:18.973-0300] {processor.py:153} INFO - Started process (PID=5635) to work on /home/kallox/anaconda3/envs/airflow/lib/python3.7/site-packages/airflow/example_dags/example_sensor_decorator.py
[2023-01-01T20:32:18.974-0300] {processor.py:743} INFO - Processing file /home/kallox/anaconda3/envs/airflow/lib/python3.7/site-packages/airflow/example_dags/example_sensor_decorator.py for tasks to queue
[2023-01-01T20:32:18.974-0300] {logging_mixin.py:137} INFO - [2023-01-01T20:32:18.974-0300] {dagbag.py:538} INFO - Filling up the DagBag from /home/kallox/anaconda3/envs/airflow/lib/python3.7/site-packages/airflow/example_dags/example_sensor_decorator.py
[2023-01-01T20:32:18.991-0300] {logging_mixin.py:137} WARNING - /home/kallox/anaconda3/envs/airflow/lib/python3.7/site-packages/airflow/models/dag.py:3524 RemovedInAirflow3Warning: Param `schedule_interval` is deprecated and will be removed in a future release. Please use `schedule` instead.
[2023-01-01T20:32:18.997-0300] {processor.py:753} INFO - DAG(s) dict_keys(['example_sensor_decorator']) retrieved from /home/kallox/anaconda3/envs/airflow/lib/python3.7/site-packages/airflow/example_dags/example_sensor_decorator.py
[2023-01-01T20:32:19.024-0300] {logging_mixin.py:137} INFO - [2023-01-01T20:32:19.024-0300] {dag.py:2676} INFO - Sync 1 DAGs
[2023-01-01T20:32:19.047-0300] {logging_mixin.py:137} INFO - [2023-01-01T20:32:19.047-0300] {dag.py:3427} INFO - Setting next_dagrun for example_sensor_decorator to None, run_after=None
[2023-01-01T20:32:19.068-0300] {processor.py:175} INFO - Processing /home/kallox/anaconda3/envs/airflow/lib/python3.7/site-packages/airflow/example_dags/example_sensor_decorator.py took 0.097 seconds
[2023-01-01T20:32:50.525-0300] {processor.py:153} INFO - Started process (PID=5945) to work on /home/kallox/anaconda3/envs/airflow/lib/python3.7/site-packages/airflow/example_dags/example_sensor_decorator.py
[2023-01-01T20:32:50.526-0300] {processor.py:743} INFO - Processing file /home/kallox/anaconda3/envs/airflow/lib/python3.7/site-packages/airflow/example_dags/example_sensor_decorator.py for tasks to queue
[2023-01-01T20:32:50.526-0300] {logging_mixin.py:137} INFO - [2023-01-01T20:32:50.526-0300] {dagbag.py:538} INFO - Filling up the DagBag from /home/kallox/anaconda3/envs/airflow/lib/python3.7/site-packages/airflow/example_dags/example_sensor_decorator.py
[2023-01-01T20:32:50.542-0300] {logging_mixin.py:137} WARNING - /home/kallox/anaconda3/envs/airflow/lib/python3.7/site-packages/airflow/models/dag.py:3524 RemovedInAirflow3Warning: Param `schedule_interval` is deprecated and will be removed in a future release. Please use `schedule` instead.
[2023-01-01T20:32:50.548-0300] {processor.py:753} INFO - DAG(s) dict_keys(['example_sensor_decorator']) retrieved from /home/kallox/anaconda3/envs/airflow/lib/python3.7/site-packages/airflow/example_dags/example_sensor_decorator.py
[2023-01-01T20:32:50.574-0300] {logging_mixin.py:137} INFO - [2023-01-01T20:32:50.574-0300] {dag.py:2676} INFO - Sync 1 DAGs
[2023-01-01T20:32:50.598-0300] {logging_mixin.py:137} INFO - [2023-01-01T20:32:50.597-0300] {dag.py:3427} INFO - Setting next_dagrun for example_sensor_decorator to None, run_after=None
[2023-01-01T20:32:50.617-0300] {processor.py:175} INFO - Processing /home/kallox/anaconda3/envs/airflow/lib/python3.7/site-packages/airflow/example_dags/example_sensor_decorator.py took 0.094 seconds
[2023-01-01T20:33:21.433-0300] {processor.py:153} INFO - Started process (PID=6252) to work on /home/kallox/anaconda3/envs/airflow/lib/python3.7/site-packages/airflow/example_dags/example_sensor_decorator.py
[2023-01-01T20:33:21.434-0300] {processor.py:743} INFO - Processing file /home/kallox/anaconda3/envs/airflow/lib/python3.7/site-packages/airflow/example_dags/example_sensor_decorator.py for tasks to queue
[2023-01-01T20:33:21.434-0300] {logging_mixin.py:137} INFO - [2023-01-01T20:33:21.434-0300] {dagbag.py:538} INFO - Filling up the DagBag from /home/kallox/anaconda3/envs/airflow/lib/python3.7/site-packages/airflow/example_dags/example_sensor_decorator.py
[2023-01-01T20:33:21.449-0300] {logging_mixin.py:137} WARNING - /home/kallox/anaconda3/envs/airflow/lib/python3.7/site-packages/airflow/models/dag.py:3524 RemovedInAirflow3Warning: Param `schedule_interval` is deprecated and will be removed in a future release. Please use `schedule` instead.
[2023-01-01T20:33:21.454-0300] {processor.py:753} INFO - DAG(s) dict_keys(['example_sensor_decorator']) retrieved from /home/kallox/anaconda3/envs/airflow/lib/python3.7/site-packages/airflow/example_dags/example_sensor_decorator.py
[2023-01-01T20:33:21.481-0300] {logging_mixin.py:137} INFO - [2023-01-01T20:33:21.481-0300] {dag.py:2676} INFO - Sync 1 DAGs
[2023-01-01T20:33:21.503-0300] {logging_mixin.py:137} INFO - [2023-01-01T20:33:21.502-0300] {dag.py:3427} INFO - Setting next_dagrun for example_sensor_decorator to None, run_after=None
[2023-01-01T20:33:21.519-0300] {processor.py:175} INFO - Processing /home/kallox/anaconda3/envs/airflow/lib/python3.7/site-packages/airflow/example_dags/example_sensor_decorator.py took 0.088 seconds
