[2023-01-01T20:30:47.519-0300] {processor.py:153} INFO - Started process (PID=3723) to work on /home/kallox/anaconda3/envs/airflow/lib/python3.7/site-packages/airflow/example_dags/example_task_group.py
[2023-01-01T20:30:47.519-0300] {processor.py:743} INFO - Processing file /home/kallox/anaconda3/envs/airflow/lib/python3.7/site-packages/airflow/example_dags/example_task_group.py for tasks to queue
[2023-01-01T20:30:47.520-0300] {logging_mixin.py:137} INFO - [2023-01-01T20:30:47.520-0300] {dagbag.py:538} INFO - Filling up the DagBag from /home/kallox/anaconda3/envs/airflow/lib/python3.7/site-packages/airflow/example_dags/example_task_group.py
[2023-01-01T20:30:47.532-0300] {processor.py:753} INFO - DAG(s) dict_keys(['example_task_group']) retrieved from /home/kallox/anaconda3/envs/airflow/lib/python3.7/site-packages/airflow/example_dags/example_task_group.py
[2023-01-01T20:30:47.563-0300] {logging_mixin.py:137} INFO - [2023-01-01T20:30:47.563-0300] {dag.py:2676} INFO - Sync 1 DAGs
[2023-01-01T20:30:47.586-0300] {logging_mixin.py:137} INFO - [2023-01-01T20:30:47.586-0300] {dag.py:3427} INFO - Setting next_dagrun for example_task_group to 2022-12-31T23:30:47.586268+00:00, run_after=2023-01-01T23:30:47.586268+00:00
[2023-01-01T20:30:47.605-0300] {processor.py:175} INFO - Processing /home/kallox/anaconda3/envs/airflow/lib/python3.7/site-packages/airflow/example_dags/example_task_group.py took 0.088 seconds
[2023-01-01T20:31:18.713-0300] {processor.py:153} INFO - Started process (PID=4981) to work on /home/kallox/anaconda3/envs/airflow/lib/python3.7/site-packages/airflow/example_dags/example_task_group.py
[2023-01-01T20:31:18.714-0300] {processor.py:743} INFO - Processing file /home/kallox/anaconda3/envs/airflow/lib/python3.7/site-packages/airflow/example_dags/example_task_group.py for tasks to queue
[2023-01-01T20:31:18.714-0300] {logging_mixin.py:137} INFO - [2023-01-01T20:31:18.714-0300] {dagbag.py:538} INFO - Filling up the DagBag from /home/kallox/anaconda3/envs/airflow/lib/python3.7/site-packages/airflow/example_dags/example_task_group.py
[2023-01-01T20:31:18.726-0300] {processor.py:753} INFO - DAG(s) dict_keys(['example_task_group']) retrieved from /home/kallox/anaconda3/envs/airflow/lib/python3.7/site-packages/airflow/example_dags/example_task_group.py
[2023-01-01T20:31:18.758-0300] {logging_mixin.py:137} INFO - [2023-01-01T20:31:18.758-0300] {dag.py:2676} INFO - Sync 1 DAGs
[2023-01-01T20:31:18.786-0300] {logging_mixin.py:137} INFO - [2023-01-01T20:31:18.786-0300] {dag.py:3427} INFO - Setting next_dagrun for example_task_group to 2022-12-31T23:31:18.786506+00:00, run_after=2023-01-01T23:31:18.786506+00:00
[2023-01-01T20:31:18.803-0300] {processor.py:175} INFO - Processing /home/kallox/anaconda3/envs/airflow/lib/python3.7/site-packages/airflow/example_dags/example_task_group.py took 0.092 seconds
[2023-01-01T20:31:49.501-0300] {processor.py:153} INFO - Started process (PID=5361) to work on /home/kallox/anaconda3/envs/airflow/lib/python3.7/site-packages/airflow/example_dags/example_task_group.py
[2023-01-01T20:31:49.502-0300] {processor.py:743} INFO - Processing file /home/kallox/anaconda3/envs/airflow/lib/python3.7/site-packages/airflow/example_dags/example_task_group.py for tasks to queue
[2023-01-01T20:31:49.502-0300] {logging_mixin.py:137} INFO - [2023-01-01T20:31:49.502-0300] {dagbag.py:538} INFO - Filling up the DagBag from /home/kallox/anaconda3/envs/airflow/lib/python3.7/site-packages/airflow/example_dags/example_task_group.py
[2023-01-01T20:31:49.514-0300] {processor.py:753} INFO - DAG(s) dict_keys(['example_task_group']) retrieved from /home/kallox/anaconda3/envs/airflow/lib/python3.7/site-packages/airflow/example_dags/example_task_group.py
[2023-01-01T20:31:49.543-0300] {logging_mixin.py:137} INFO - [2023-01-01T20:31:49.542-0300] {dag.py:2676} INFO - Sync 1 DAGs
[2023-01-01T20:31:49.564-0300] {logging_mixin.py:137} INFO - [2023-01-01T20:31:49.564-0300] {dag.py:3427} INFO - Setting next_dagrun for example_task_group to 2022-12-31T23:31:49.564591+00:00, run_after=2023-01-01T23:31:49.564591+00:00
[2023-01-01T20:31:49.581-0300] {processor.py:175} INFO - Processing /home/kallox/anaconda3/envs/airflow/lib/python3.7/site-packages/airflow/example_dags/example_task_group.py took 0.083 seconds
[2023-01-01T20:32:19.848-0300] {processor.py:153} INFO - Started process (PID=5719) to work on /home/kallox/anaconda3/envs/airflow/lib/python3.7/site-packages/airflow/example_dags/example_task_group.py
[2023-01-01T20:32:19.849-0300] {processor.py:743} INFO - Processing file /home/kallox/anaconda3/envs/airflow/lib/python3.7/site-packages/airflow/example_dags/example_task_group.py for tasks to queue
[2023-01-01T20:32:19.849-0300] {logging_mixin.py:137} INFO - [2023-01-01T20:32:19.849-0300] {dagbag.py:538} INFO - Filling up the DagBag from /home/kallox/anaconda3/envs/airflow/lib/python3.7/site-packages/airflow/example_dags/example_task_group.py
[2023-01-01T20:32:19.861-0300] {processor.py:753} INFO - DAG(s) dict_keys(['example_task_group']) retrieved from /home/kallox/anaconda3/envs/airflow/lib/python3.7/site-packages/airflow/example_dags/example_task_group.py
[2023-01-01T20:32:19.892-0300] {logging_mixin.py:137} INFO - [2023-01-01T20:32:19.892-0300] {dag.py:2676} INFO - Sync 1 DAGs
[2023-01-01T20:32:19.914-0300] {logging_mixin.py:137} INFO - [2023-01-01T20:32:19.914-0300] {dag.py:3427} INFO - Setting next_dagrun for example_task_group to 2022-12-31T23:32:19.914559+00:00, run_after=2023-01-01T23:32:19.914559+00:00
[2023-01-01T20:32:19.935-0300] {processor.py:175} INFO - Processing /home/kallox/anaconda3/envs/airflow/lib/python3.7/site-packages/airflow/example_dags/example_task_group.py took 0.089 seconds
[2023-01-01T20:32:51.531-0300] {processor.py:153} INFO - Started process (PID=6038) to work on /home/kallox/anaconda3/envs/airflow/lib/python3.7/site-packages/airflow/example_dags/example_task_group.py
[2023-01-01T20:32:51.531-0300] {processor.py:743} INFO - Processing file /home/kallox/anaconda3/envs/airflow/lib/python3.7/site-packages/airflow/example_dags/example_task_group.py for tasks to queue
[2023-01-01T20:32:51.532-0300] {logging_mixin.py:137} INFO - [2023-01-01T20:32:51.532-0300] {dagbag.py:538} INFO - Filling up the DagBag from /home/kallox/anaconda3/envs/airflow/lib/python3.7/site-packages/airflow/example_dags/example_task_group.py
[2023-01-01T20:32:51.544-0300] {processor.py:753} INFO - DAG(s) dict_keys(['example_task_group']) retrieved from /home/kallox/anaconda3/envs/airflow/lib/python3.7/site-packages/airflow/example_dags/example_task_group.py
[2023-01-01T20:32:51.573-0300] {logging_mixin.py:137} INFO - [2023-01-01T20:32:51.572-0300] {dag.py:2676} INFO - Sync 1 DAGs
[2023-01-01T20:32:51.596-0300] {logging_mixin.py:137} INFO - [2023-01-01T20:32:51.596-0300] {dag.py:3427} INFO - Setting next_dagrun for example_task_group to 2022-12-31T23:32:51.596474+00:00, run_after=2023-01-01T23:32:51.596474+00:00
[2023-01-01T20:32:51.615-0300] {processor.py:175} INFO - Processing /home/kallox/anaconda3/envs/airflow/lib/python3.7/site-packages/airflow/example_dags/example_task_group.py took 0.086 seconds
[2023-01-01T20:33:22.407-0300] {processor.py:153} INFO - Started process (PID=6336) to work on /home/kallox/anaconda3/envs/airflow/lib/python3.7/site-packages/airflow/example_dags/example_task_group.py
[2023-01-01T20:33:22.408-0300] {processor.py:743} INFO - Processing file /home/kallox/anaconda3/envs/airflow/lib/python3.7/site-packages/airflow/example_dags/example_task_group.py for tasks to queue
[2023-01-01T20:33:22.408-0300] {logging_mixin.py:137} INFO - [2023-01-01T20:33:22.408-0300] {dagbag.py:538} INFO - Filling up the DagBag from /home/kallox/anaconda3/envs/airflow/lib/python3.7/site-packages/airflow/example_dags/example_task_group.py
[2023-01-01T20:33:22.419-0300] {processor.py:753} INFO - DAG(s) dict_keys(['example_task_group']) retrieved from /home/kallox/anaconda3/envs/airflow/lib/python3.7/site-packages/airflow/example_dags/example_task_group.py
[2023-01-01T20:33:22.448-0300] {logging_mixin.py:137} INFO - [2023-01-01T20:33:22.448-0300] {dag.py:2676} INFO - Sync 1 DAGs
[2023-01-01T20:33:22.473-0300] {logging_mixin.py:137} INFO - [2023-01-01T20:33:22.473-0300] {dag.py:3427} INFO - Setting next_dagrun for example_task_group to 2022-12-31T23:33:22.472998+00:00, run_after=2023-01-01T23:33:22.472998+00:00
[2023-01-01T20:33:22.492-0300] {processor.py:175} INFO - Processing /home/kallox/anaconda3/envs/airflow/lib/python3.7/site-packages/airflow/example_dags/example_task_group.py took 0.087 seconds
