[2023-01-01T20:30:47.966-0300] {processor.py:153} INFO - Started process (PID=3776) to work on /home/kallox/anaconda3/envs/airflow/lib/python3.7/site-packages/airflow/example_dags/example_branch_operator_decorator.py
[2023-01-01T20:30:47.967-0300] {processor.py:743} INFO - Processing file /home/kallox/anaconda3/envs/airflow/lib/python3.7/site-packages/airflow/example_dags/example_branch_operator_decorator.py for tasks to queue
[2023-01-01T20:30:47.967-0300] {logging_mixin.py:137} INFO - [2023-01-01T20:30:47.967-0300] {dagbag.py:538} INFO - Filling up the DagBag from /home/kallox/anaconda3/envs/airflow/lib/python3.7/site-packages/airflow/example_dags/example_branch_operator_decorator.py
[2023-01-01T20:30:47.995-0300] {processor.py:753} INFO - DAG(s) dict_keys(['example_branch_python_operator_decorator']) retrieved from /home/kallox/anaconda3/envs/airflow/lib/python3.7/site-packages/airflow/example_dags/example_branch_operator_decorator.py
[2023-01-01T20:30:48.023-0300] {logging_mixin.py:137} INFO - [2023-01-01T20:30:48.022-0300] {dag.py:2676} INFO - Sync 1 DAGs
[2023-01-01T20:30:48.047-0300] {logging_mixin.py:137} INFO - [2023-01-01T20:30:48.047-0300] {dag.py:3427} INFO - Setting next_dagrun for example_branch_python_operator_decorator to 2022-12-31T00:00:00+00:00, run_after=2023-01-01T00:00:00+00:00
[2023-01-01T20:30:48.069-0300] {processor.py:175} INFO - Processing /home/kallox/anaconda3/envs/airflow/lib/python3.7/site-packages/airflow/example_dags/example_branch_operator_decorator.py took 0.106 seconds
[2023-01-01T20:31:19.151-0300] {processor.py:153} INFO - Started process (PID=5035) to work on /home/kallox/anaconda3/envs/airflow/lib/python3.7/site-packages/airflow/example_dags/example_branch_operator_decorator.py
[2023-01-01T20:31:19.152-0300] {processor.py:743} INFO - Processing file /home/kallox/anaconda3/envs/airflow/lib/python3.7/site-packages/airflow/example_dags/example_branch_operator_decorator.py for tasks to queue
[2023-01-01T20:31:19.153-0300] {logging_mixin.py:137} INFO - [2023-01-01T20:31:19.153-0300] {dagbag.py:538} INFO - Filling up the DagBag from /home/kallox/anaconda3/envs/airflow/lib/python3.7/site-packages/airflow/example_dags/example_branch_operator_decorator.py
[2023-01-01T20:31:19.176-0300] {processor.py:753} INFO - DAG(s) dict_keys(['example_branch_python_operator_decorator']) retrieved from /home/kallox/anaconda3/envs/airflow/lib/python3.7/site-packages/airflow/example_dags/example_branch_operator_decorator.py
[2023-01-01T20:31:19.206-0300] {logging_mixin.py:137} INFO - [2023-01-01T20:31:19.206-0300] {dag.py:2676} INFO - Sync 1 DAGs
[2023-01-01T20:31:19.236-0300] {logging_mixin.py:137} INFO - [2023-01-01T20:31:19.235-0300] {dag.py:3427} INFO - Setting next_dagrun for example_branch_python_operator_decorator to 2022-12-31T00:00:00+00:00, run_after=2023-01-01T00:00:00+00:00
[2023-01-01T20:31:19.258-0300] {processor.py:175} INFO - Processing /home/kallox/anaconda3/envs/airflow/lib/python3.7/site-packages/airflow/example_dags/example_branch_operator_decorator.py took 0.109 seconds
[2023-01-01T20:31:49.907-0300] {processor.py:153} INFO - Started process (PID=5412) to work on /home/kallox/anaconda3/envs/airflow/lib/python3.7/site-packages/airflow/example_dags/example_branch_operator_decorator.py
[2023-01-01T20:31:49.908-0300] {processor.py:743} INFO - Processing file /home/kallox/anaconda3/envs/airflow/lib/python3.7/site-packages/airflow/example_dags/example_branch_operator_decorator.py for tasks to queue
[2023-01-01T20:31:49.909-0300] {logging_mixin.py:137} INFO - [2023-01-01T20:31:49.908-0300] {dagbag.py:538} INFO - Filling up the DagBag from /home/kallox/anaconda3/envs/airflow/lib/python3.7/site-packages/airflow/example_dags/example_branch_operator_decorator.py
[2023-01-01T20:31:49.930-0300] {processor.py:753} INFO - DAG(s) dict_keys(['example_branch_python_operator_decorator']) retrieved from /home/kallox/anaconda3/envs/airflow/lib/python3.7/site-packages/airflow/example_dags/example_branch_operator_decorator.py
[2023-01-01T20:31:49.958-0300] {logging_mixin.py:137} INFO - [2023-01-01T20:31:49.958-0300] {dag.py:2676} INFO - Sync 1 DAGs
[2023-01-01T20:31:49.981-0300] {logging_mixin.py:137} INFO - [2023-01-01T20:31:49.981-0300] {dag.py:3427} INFO - Setting next_dagrun for example_branch_python_operator_decorator to 2022-12-31T00:00:00+00:00, run_after=2023-01-01T00:00:00+00:00
[2023-01-01T20:31:49.999-0300] {processor.py:175} INFO - Processing /home/kallox/anaconda3/envs/airflow/lib/python3.7/site-packages/airflow/example_dags/example_branch_operator_decorator.py took 0.094 seconds
[2023-01-01T20:32:20.349-0300] {processor.py:153} INFO - Started process (PID=5774) to work on /home/kallox/anaconda3/envs/airflow/lib/python3.7/site-packages/airflow/example_dags/example_branch_operator_decorator.py
[2023-01-01T20:32:20.349-0300] {processor.py:743} INFO - Processing file /home/kallox/anaconda3/envs/airflow/lib/python3.7/site-packages/airflow/example_dags/example_branch_operator_decorator.py for tasks to queue
[2023-01-01T20:32:20.350-0300] {logging_mixin.py:137} INFO - [2023-01-01T20:32:20.350-0300] {dagbag.py:538} INFO - Filling up the DagBag from /home/kallox/anaconda3/envs/airflow/lib/python3.7/site-packages/airflow/example_dags/example_branch_operator_decorator.py
[2023-01-01T20:32:20.369-0300] {processor.py:753} INFO - DAG(s) dict_keys(['example_branch_python_operator_decorator']) retrieved from /home/kallox/anaconda3/envs/airflow/lib/python3.7/site-packages/airflow/example_dags/example_branch_operator_decorator.py
[2023-01-01T20:32:20.397-0300] {logging_mixin.py:137} INFO - [2023-01-01T20:32:20.397-0300] {dag.py:2676} INFO - Sync 1 DAGs
[2023-01-01T20:32:20.420-0300] {logging_mixin.py:137} INFO - [2023-01-01T20:32:20.420-0300] {dag.py:3427} INFO - Setting next_dagrun for example_branch_python_operator_decorator to 2022-12-31T00:00:00+00:00, run_after=2023-01-01T00:00:00+00:00
[2023-01-01T20:32:20.439-0300] {processor.py:175} INFO - Processing /home/kallox/anaconda3/envs/airflow/lib/python3.7/site-packages/airflow/example_dags/example_branch_operator_decorator.py took 0.092 seconds
[2023-01-01T20:32:52.135-0300] {processor.py:153} INFO - Started process (PID=6092) to work on /home/kallox/anaconda3/envs/airflow/lib/python3.7/site-packages/airflow/example_dags/example_branch_operator_decorator.py
[2023-01-01T20:32:52.136-0300] {processor.py:743} INFO - Processing file /home/kallox/anaconda3/envs/airflow/lib/python3.7/site-packages/airflow/example_dags/example_branch_operator_decorator.py for tasks to queue
[2023-01-01T20:32:52.136-0300] {logging_mixin.py:137} INFO - [2023-01-01T20:32:52.136-0300] {dagbag.py:538} INFO - Filling up the DagBag from /home/kallox/anaconda3/envs/airflow/lib/python3.7/site-packages/airflow/example_dags/example_branch_operator_decorator.py
[2023-01-01T20:32:52.156-0300] {processor.py:753} INFO - DAG(s) dict_keys(['example_branch_python_operator_decorator']) retrieved from /home/kallox/anaconda3/envs/airflow/lib/python3.7/site-packages/airflow/example_dags/example_branch_operator_decorator.py
[2023-01-01T20:32:52.186-0300] {logging_mixin.py:137} INFO - [2023-01-01T20:32:52.186-0300] {dag.py:2676} INFO - Sync 1 DAGs
[2023-01-01T20:32:52.209-0300] {logging_mixin.py:137} INFO - [2023-01-01T20:32:52.209-0300] {dag.py:3427} INFO - Setting next_dagrun for example_branch_python_operator_decorator to 2022-12-31T00:00:00+00:00, run_after=2023-01-01T00:00:00+00:00
[2023-01-01T20:32:52.230-0300] {processor.py:175} INFO - Processing /home/kallox/anaconda3/envs/airflow/lib/python3.7/site-packages/airflow/example_dags/example_branch_operator_decorator.py took 0.097 seconds
[2023-01-01T20:33:23.013-0300] {processor.py:153} INFO - Started process (PID=6390) to work on /home/kallox/anaconda3/envs/airflow/lib/python3.7/site-packages/airflow/example_dags/example_branch_operator_decorator.py
[2023-01-01T20:33:23.013-0300] {processor.py:743} INFO - Processing file /home/kallox/anaconda3/envs/airflow/lib/python3.7/site-packages/airflow/example_dags/example_branch_operator_decorator.py for tasks to queue
[2023-01-01T20:33:23.014-0300] {logging_mixin.py:137} INFO - [2023-01-01T20:33:23.014-0300] {dagbag.py:538} INFO - Filling up the DagBag from /home/kallox/anaconda3/envs/airflow/lib/python3.7/site-packages/airflow/example_dags/example_branch_operator_decorator.py
[2023-01-01T20:33:23.036-0300] {processor.py:753} INFO - DAG(s) dict_keys(['example_branch_python_operator_decorator']) retrieved from /home/kallox/anaconda3/envs/airflow/lib/python3.7/site-packages/airflow/example_dags/example_branch_operator_decorator.py
[2023-01-01T20:33:23.066-0300] {logging_mixin.py:137} INFO - [2023-01-01T20:33:23.065-0300] {dag.py:2676} INFO - Sync 1 DAGs
[2023-01-01T20:33:23.089-0300] {logging_mixin.py:137} INFO - [2023-01-01T20:33:23.089-0300] {dag.py:3427} INFO - Setting next_dagrun for example_branch_python_operator_decorator to 2022-12-31T00:00:00+00:00, run_after=2023-01-01T00:00:00+00:00
[2023-01-01T20:33:23.109-0300] {processor.py:175} INFO - Processing /home/kallox/anaconda3/envs/airflow/lib/python3.7/site-packages/airflow/example_dags/example_branch_operator_decorator.py took 0.099 seconds
