[2023-01-01T20:30:47.196-0300] {processor.py:153} INFO - Started process (PID=3686) to work on /home/kallox/anaconda3/envs/airflow/lib/python3.7/site-packages/airflow/example_dags/example_task_group_decorator.py
[2023-01-01T20:30:47.196-0300] {processor.py:743} INFO - Processing file /home/kallox/anaconda3/envs/airflow/lib/python3.7/site-packages/airflow/example_dags/example_task_group_decorator.py for tasks to queue
[2023-01-01T20:30:47.197-0300] {logging_mixin.py:137} INFO - [2023-01-01T20:30:47.196-0300] {dagbag.py:538} INFO - Filling up the DagBag from /home/kallox/anaconda3/envs/airflow/lib/python3.7/site-packages/airflow/example_dags/example_task_group_decorator.py
[2023-01-01T20:30:47.221-0300] {processor.py:753} INFO - DAG(s) dict_keys(['example_task_group_decorator']) retrieved from /home/kallox/anaconda3/envs/airflow/lib/python3.7/site-packages/airflow/example_dags/example_task_group_decorator.py
[2023-01-01T20:30:47.253-0300] {logging_mixin.py:137} INFO - [2023-01-01T20:30:47.252-0300] {dag.py:2676} INFO - Sync 1 DAGs
[2023-01-01T20:30:47.276-0300] {logging_mixin.py:137} INFO - [2023-01-01T20:30:47.275-0300] {dag.py:3427} INFO - Setting next_dagrun for example_task_group_decorator to 2022-12-31T23:30:47.275725+00:00, run_after=2023-01-01T23:30:47.275725+00:00
[2023-01-01T20:30:47.293-0300] {processor.py:175} INFO - Processing /home/kallox/anaconda3/envs/airflow/lib/python3.7/site-packages/airflow/example_dags/example_task_group_decorator.py took 0.100 seconds
[2023-01-01T20:31:18.398-0300] {processor.py:153} INFO - Started process (PID=4950) to work on /home/kallox/anaconda3/envs/airflow/lib/python3.7/site-packages/airflow/example_dags/example_task_group_decorator.py
[2023-01-01T20:31:18.398-0300] {processor.py:743} INFO - Processing file /home/kallox/anaconda3/envs/airflow/lib/python3.7/site-packages/airflow/example_dags/example_task_group_decorator.py for tasks to queue
[2023-01-01T20:31:18.399-0300] {logging_mixin.py:137} INFO - [2023-01-01T20:31:18.399-0300] {dagbag.py:538} INFO - Filling up the DagBag from /home/kallox/anaconda3/envs/airflow/lib/python3.7/site-packages/airflow/example_dags/example_task_group_decorator.py
[2023-01-01T20:31:18.420-0300] {processor.py:753} INFO - DAG(s) dict_keys(['example_task_group_decorator']) retrieved from /home/kallox/anaconda3/envs/airflow/lib/python3.7/site-packages/airflow/example_dags/example_task_group_decorator.py
[2023-01-01T20:31:18.451-0300] {logging_mixin.py:137} INFO - [2023-01-01T20:31:18.451-0300] {dag.py:2676} INFO - Sync 1 DAGs
[2023-01-01T20:31:18.473-0300] {logging_mixin.py:137} INFO - [2023-01-01T20:31:18.473-0300] {dag.py:3427} INFO - Setting next_dagrun for example_task_group_decorator to 2022-12-31T23:31:18.472951+00:00, run_after=2023-01-01T23:31:18.472951+00:00
[2023-01-01T20:31:18.493-0300] {processor.py:175} INFO - Processing /home/kallox/anaconda3/envs/airflow/lib/python3.7/site-packages/airflow/example_dags/example_task_group_decorator.py took 0.098 seconds
[2023-01-01T20:31:49.143-0300] {processor.py:153} INFO - Started process (PID=5331) to work on /home/kallox/anaconda3/envs/airflow/lib/python3.7/site-packages/airflow/example_dags/example_task_group_decorator.py
[2023-01-01T20:31:49.144-0300] {processor.py:743} INFO - Processing file /home/kallox/anaconda3/envs/airflow/lib/python3.7/site-packages/airflow/example_dags/example_task_group_decorator.py for tasks to queue
[2023-01-01T20:31:49.144-0300] {logging_mixin.py:137} INFO - [2023-01-01T20:31:49.144-0300] {dagbag.py:538} INFO - Filling up the DagBag from /home/kallox/anaconda3/envs/airflow/lib/python3.7/site-packages/airflow/example_dags/example_task_group_decorator.py
[2023-01-01T20:31:49.168-0300] {processor.py:753} INFO - DAG(s) dict_keys(['example_task_group_decorator']) retrieved from /home/kallox/anaconda3/envs/airflow/lib/python3.7/site-packages/airflow/example_dags/example_task_group_decorator.py
[2023-01-01T20:31:49.199-0300] {logging_mixin.py:137} INFO - [2023-01-01T20:31:49.199-0300] {dag.py:2676} INFO - Sync 1 DAGs
[2023-01-01T20:31:49.229-0300] {logging_mixin.py:137} INFO - [2023-01-01T20:31:49.229-0300] {dag.py:3427} INFO - Setting next_dagrun for example_task_group_decorator to 2022-12-31T23:31:49.228889+00:00, run_after=2023-01-01T23:31:49.228889+00:00
[2023-01-01T20:31:49.252-0300] {processor.py:175} INFO - Processing /home/kallox/anaconda3/envs/airflow/lib/python3.7/site-packages/airflow/example_dags/example_task_group_decorator.py took 0.110 seconds
[2023-01-01T20:32:19.605-0300] {processor.py:153} INFO - Started process (PID=5690) to work on /home/kallox/anaconda3/envs/airflow/lib/python3.7/site-packages/airflow/example_dags/example_task_group_decorator.py
[2023-01-01T20:32:19.606-0300] {processor.py:743} INFO - Processing file /home/kallox/anaconda3/envs/airflow/lib/python3.7/site-packages/airflow/example_dags/example_task_group_decorator.py for tasks to queue
[2023-01-01T20:32:19.607-0300] {logging_mixin.py:137} INFO - [2023-01-01T20:32:19.607-0300] {dagbag.py:538} INFO - Filling up the DagBag from /home/kallox/anaconda3/envs/airflow/lib/python3.7/site-packages/airflow/example_dags/example_task_group_decorator.py
[2023-01-01T20:32:19.631-0300] {processor.py:753} INFO - DAG(s) dict_keys(['example_task_group_decorator']) retrieved from /home/kallox/anaconda3/envs/airflow/lib/python3.7/site-packages/airflow/example_dags/example_task_group_decorator.py
[2023-01-01T20:32:19.661-0300] {logging_mixin.py:137} INFO - [2023-01-01T20:32:19.661-0300] {dag.py:2676} INFO - Sync 1 DAGs
[2023-01-01T20:32:19.683-0300] {logging_mixin.py:137} INFO - [2023-01-01T20:32:19.683-0300] {dag.py:3427} INFO - Setting next_dagrun for example_task_group_decorator to 2022-12-31T23:32:19.683580+00:00, run_after=2023-01-01T23:32:19.683580+00:00
[2023-01-01T20:32:19.701-0300] {processor.py:175} INFO - Processing /home/kallox/anaconda3/envs/airflow/lib/python3.7/site-packages/airflow/example_dags/example_task_group_decorator.py took 0.098 seconds
[2023-01-01T20:32:51.184-0300] {processor.py:153} INFO - Started process (PID=6006) to work on /home/kallox/anaconda3/envs/airflow/lib/python3.7/site-packages/airflow/example_dags/example_task_group_decorator.py
[2023-01-01T20:32:51.185-0300] {processor.py:743} INFO - Processing file /home/kallox/anaconda3/envs/airflow/lib/python3.7/site-packages/airflow/example_dags/example_task_group_decorator.py for tasks to queue
[2023-01-01T20:32:51.185-0300] {logging_mixin.py:137} INFO - [2023-01-01T20:32:51.185-0300] {dagbag.py:538} INFO - Filling up the DagBag from /home/kallox/anaconda3/envs/airflow/lib/python3.7/site-packages/airflow/example_dags/example_task_group_decorator.py
[2023-01-01T20:32:51.207-0300] {processor.py:753} INFO - DAG(s) dict_keys(['example_task_group_decorator']) retrieved from /home/kallox/anaconda3/envs/airflow/lib/python3.7/site-packages/airflow/example_dags/example_task_group_decorator.py
[2023-01-01T20:32:51.236-0300] {logging_mixin.py:137} INFO - [2023-01-01T20:32:51.236-0300] {dag.py:2676} INFO - Sync 1 DAGs
[2023-01-01T20:32:51.258-0300] {logging_mixin.py:137} INFO - [2023-01-01T20:32:51.258-0300] {dag.py:3427} INFO - Setting next_dagrun for example_task_group_decorator to 2022-12-31T23:32:51.258229+00:00, run_after=2023-01-01T23:32:51.258229+00:00
[2023-01-01T20:32:51.275-0300] {processor.py:175} INFO - Processing /home/kallox/anaconda3/envs/airflow/lib/python3.7/site-packages/airflow/example_dags/example_task_group_decorator.py took 0.094 seconds
[2023-01-01T20:33:22.066-0300] {processor.py:153} INFO - Started process (PID=6309) to work on /home/kallox/anaconda3/envs/airflow/lib/python3.7/site-packages/airflow/example_dags/example_task_group_decorator.py
[2023-01-01T20:33:22.067-0300] {processor.py:743} INFO - Processing file /home/kallox/anaconda3/envs/airflow/lib/python3.7/site-packages/airflow/example_dags/example_task_group_decorator.py for tasks to queue
[2023-01-01T20:33:22.067-0300] {logging_mixin.py:137} INFO - [2023-01-01T20:33:22.067-0300] {dagbag.py:538} INFO - Filling up the DagBag from /home/kallox/anaconda3/envs/airflow/lib/python3.7/site-packages/airflow/example_dags/example_task_group_decorator.py
[2023-01-01T20:33:22.088-0300] {processor.py:753} INFO - DAG(s) dict_keys(['example_task_group_decorator']) retrieved from /home/kallox/anaconda3/envs/airflow/lib/python3.7/site-packages/airflow/example_dags/example_task_group_decorator.py
[2023-01-01T20:33:22.119-0300] {logging_mixin.py:137} INFO - [2023-01-01T20:33:22.119-0300] {dag.py:2676} INFO - Sync 1 DAGs
[2023-01-01T20:33:22.141-0300] {logging_mixin.py:137} INFO - [2023-01-01T20:33:22.141-0300] {dag.py:3427} INFO - Setting next_dagrun for example_task_group_decorator to 2022-12-31T23:33:22.141056+00:00, run_after=2023-01-01T23:33:22.141056+00:00
[2023-01-01T20:33:22.158-0300] {processor.py:175} INFO - Processing /home/kallox/anaconda3/envs/airflow/lib/python3.7/site-packages/airflow/example_dags/example_task_group_decorator.py took 0.094 seconds
