[2023-01-01T20:30:46.720-0300] {processor.py:153} INFO - Started process (PID=3636) to work on /home/kallox/anaconda3/envs/airflow/lib/python3.7/site-packages/airflow/example_dags/example_complex.py
[2023-01-01T20:30:46.721-0300] {processor.py:743} INFO - Processing file /home/kallox/anaconda3/envs/airflow/lib/python3.7/site-packages/airflow/example_dags/example_complex.py for tasks to queue
[2023-01-01T20:30:46.721-0300] {logging_mixin.py:137} INFO - [2023-01-01T20:30:46.721-0300] {dagbag.py:538} INFO - Filling up the DagBag from /home/kallox/anaconda3/envs/airflow/lib/python3.7/site-packages/airflow/example_dags/example_complex.py
[2023-01-01T20:30:46.732-0300] {logging_mixin.py:137} INFO - [2023-01-01T20:30:46.732-0300] {taskmixin.py:205} WARNING - Dependency <Task(BashOperator): create_entry_group>, delete_entry_group already registered for DAG: example_complex
[2023-01-01T20:30:46.732-0300] {logging_mixin.py:137} INFO - [2023-01-01T20:30:46.732-0300] {taskmixin.py:205} WARNING - Dependency <Task(BashOperator): delete_entry_group>, create_entry_group already registered for DAG: example_complex
[2023-01-01T20:30:46.732-0300] {logging_mixin.py:137} INFO - [2023-01-01T20:30:46.732-0300] {taskmixin.py:205} WARNING - Dependency <Task(BashOperator): create_entry_gcs>, delete_entry already registered for DAG: example_complex
[2023-01-01T20:30:46.733-0300] {logging_mixin.py:137} INFO - [2023-01-01T20:30:46.732-0300] {taskmixin.py:205} WARNING - Dependency <Task(BashOperator): delete_entry>, create_entry_gcs already registered for DAG: example_complex
[2023-01-01T20:30:46.733-0300] {logging_mixin.py:137} INFO - [2023-01-01T20:30:46.733-0300] {taskmixin.py:205} WARNING - Dependency <Task(BashOperator): create_tag>, delete_tag already registered for DAG: example_complex
[2023-01-01T20:30:46.733-0300] {logging_mixin.py:137} INFO - [2023-01-01T20:30:46.733-0300] {taskmixin.py:205} WARNING - Dependency <Task(BashOperator): delete_tag>, create_tag already registered for DAG: example_complex
[2023-01-01T20:30:46.739-0300] {processor.py:753} INFO - DAG(s) dict_keys(['example_complex']) retrieved from /home/kallox/anaconda3/envs/airflow/lib/python3.7/site-packages/airflow/example_dags/example_complex.py
[2023-01-01T20:30:46.771-0300] {logging_mixin.py:137} INFO - [2023-01-01T20:30:46.770-0300] {dag.py:2676} INFO - Sync 1 DAGs
[2023-01-01T20:30:46.793-0300] {logging_mixin.py:137} INFO - [2023-01-01T20:30:46.793-0300] {dag.py:3427} INFO - Setting next_dagrun for example_complex to None, run_after=None
[2023-01-01T20:30:46.810-0300] {processor.py:175} INFO - Processing /home/kallox/anaconda3/envs/airflow/lib/python3.7/site-packages/airflow/example_dags/example_complex.py took 0.093 seconds
[2023-01-01T20:31:17.905-0300] {processor.py:153} INFO - Started process (PID=4903) to work on /home/kallox/anaconda3/envs/airflow/lib/python3.7/site-packages/airflow/example_dags/example_complex.py
[2023-01-01T20:31:17.905-0300] {processor.py:743} INFO - Processing file /home/kallox/anaconda3/envs/airflow/lib/python3.7/site-packages/airflow/example_dags/example_complex.py for tasks to queue
[2023-01-01T20:31:17.906-0300] {logging_mixin.py:137} INFO - [2023-01-01T20:31:17.905-0300] {dagbag.py:538} INFO - Filling up the DagBag from /home/kallox/anaconda3/envs/airflow/lib/python3.7/site-packages/airflow/example_dags/example_complex.py
[2023-01-01T20:31:17.915-0300] {logging_mixin.py:137} INFO - [2023-01-01T20:31:17.915-0300] {taskmixin.py:205} WARNING - Dependency <Task(BashOperator): create_entry_group>, delete_entry_group already registered for DAG: example_complex
[2023-01-01T20:31:17.915-0300] {logging_mixin.py:137} INFO - [2023-01-01T20:31:17.915-0300] {taskmixin.py:205} WARNING - Dependency <Task(BashOperator): delete_entry_group>, create_entry_group already registered for DAG: example_complex
[2023-01-01T20:31:17.915-0300] {logging_mixin.py:137} INFO - [2023-01-01T20:31:17.915-0300] {taskmixin.py:205} WARNING - Dependency <Task(BashOperator): create_entry_gcs>, delete_entry already registered for DAG: example_complex
[2023-01-01T20:31:17.915-0300] {logging_mixin.py:137} INFO - [2023-01-01T20:31:17.915-0300] {taskmixin.py:205} WARNING - Dependency <Task(BashOperator): delete_entry>, create_entry_gcs already registered for DAG: example_complex
[2023-01-01T20:31:17.916-0300] {logging_mixin.py:137} INFO - [2023-01-01T20:31:17.916-0300] {taskmixin.py:205} WARNING - Dependency <Task(BashOperator): create_tag>, delete_tag already registered for DAG: example_complex
[2023-01-01T20:31:17.916-0300] {logging_mixin.py:137} INFO - [2023-01-01T20:31:17.916-0300] {taskmixin.py:205} WARNING - Dependency <Task(BashOperator): delete_tag>, create_tag already registered for DAG: example_complex
[2023-01-01T20:31:17.922-0300] {processor.py:753} INFO - DAG(s) dict_keys(['example_complex']) retrieved from /home/kallox/anaconda3/envs/airflow/lib/python3.7/site-packages/airflow/example_dags/example_complex.py
[2023-01-01T20:31:17.954-0300] {logging_mixin.py:137} INFO - [2023-01-01T20:31:17.954-0300] {dag.py:2676} INFO - Sync 1 DAGs
[2023-01-01T20:31:17.977-0300] {logging_mixin.py:137} INFO - [2023-01-01T20:31:17.977-0300] {dag.py:3427} INFO - Setting next_dagrun for example_complex to None, run_after=None
[2023-01-01T20:31:17.995-0300] {processor.py:175} INFO - Processing /home/kallox/anaconda3/envs/airflow/lib/python3.7/site-packages/airflow/example_dags/example_complex.py took 0.092 seconds
[2023-01-01T20:31:48.677-0300] {processor.py:153} INFO - Started process (PID=5280) to work on /home/kallox/anaconda3/envs/airflow/lib/python3.7/site-packages/airflow/example_dags/example_complex.py
[2023-01-01T20:31:48.677-0300] {processor.py:743} INFO - Processing file /home/kallox/anaconda3/envs/airflow/lib/python3.7/site-packages/airflow/example_dags/example_complex.py for tasks to queue
[2023-01-01T20:31:48.678-0300] {logging_mixin.py:137} INFO - [2023-01-01T20:31:48.678-0300] {dagbag.py:538} INFO - Filling up the DagBag from /home/kallox/anaconda3/envs/airflow/lib/python3.7/site-packages/airflow/example_dags/example_complex.py
[2023-01-01T20:31:48.687-0300] {logging_mixin.py:137} INFO - [2023-01-01T20:31:48.687-0300] {taskmixin.py:205} WARNING - Dependency <Task(BashOperator): create_entry_group>, delete_entry_group already registered for DAG: example_complex
[2023-01-01T20:31:48.687-0300] {logging_mixin.py:137} INFO - [2023-01-01T20:31:48.687-0300] {taskmixin.py:205} WARNING - Dependency <Task(BashOperator): delete_entry_group>, create_entry_group already registered for DAG: example_complex
[2023-01-01T20:31:48.688-0300] {logging_mixin.py:137} INFO - [2023-01-01T20:31:48.688-0300] {taskmixin.py:205} WARNING - Dependency <Task(BashOperator): create_entry_gcs>, delete_entry already registered for DAG: example_complex
[2023-01-01T20:31:48.688-0300] {logging_mixin.py:137} INFO - [2023-01-01T20:31:48.688-0300] {taskmixin.py:205} WARNING - Dependency <Task(BashOperator): delete_entry>, create_entry_gcs already registered for DAG: example_complex
[2023-01-01T20:31:48.688-0300] {logging_mixin.py:137} INFO - [2023-01-01T20:31:48.688-0300] {taskmixin.py:205} WARNING - Dependency <Task(BashOperator): create_tag>, delete_tag already registered for DAG: example_complex
[2023-01-01T20:31:48.688-0300] {logging_mixin.py:137} INFO - [2023-01-01T20:31:48.688-0300] {taskmixin.py:205} WARNING - Dependency <Task(BashOperator): delete_tag>, create_tag already registered for DAG: example_complex
[2023-01-01T20:31:48.694-0300] {processor.py:753} INFO - DAG(s) dict_keys(['example_complex']) retrieved from /home/kallox/anaconda3/envs/airflow/lib/python3.7/site-packages/airflow/example_dags/example_complex.py
[2023-01-01T20:31:48.727-0300] {logging_mixin.py:137} INFO - [2023-01-01T20:31:48.727-0300] {dag.py:2676} INFO - Sync 1 DAGs
[2023-01-01T20:31:48.749-0300] {logging_mixin.py:137} INFO - [2023-01-01T20:31:48.749-0300] {dag.py:3427} INFO - Setting next_dagrun for example_complex to None, run_after=None
[2023-01-01T20:31:48.767-0300] {processor.py:175} INFO - Processing /home/kallox/anaconda3/envs/airflow/lib/python3.7/site-packages/airflow/example_dags/example_complex.py took 0.093 seconds
[2023-01-01T20:32:19.085-0300] {processor.py:153} INFO - Started process (PID=5642) to work on /home/kallox/anaconda3/envs/airflow/lib/python3.7/site-packages/airflow/example_dags/example_complex.py
[2023-01-01T20:32:19.086-0300] {processor.py:743} INFO - Processing file /home/kallox/anaconda3/envs/airflow/lib/python3.7/site-packages/airflow/example_dags/example_complex.py for tasks to queue
[2023-01-01T20:32:19.087-0300] {logging_mixin.py:137} INFO - [2023-01-01T20:32:19.087-0300] {dagbag.py:538} INFO - Filling up the DagBag from /home/kallox/anaconda3/envs/airflow/lib/python3.7/site-packages/airflow/example_dags/example_complex.py
[2023-01-01T20:32:19.096-0300] {logging_mixin.py:137} INFO - [2023-01-01T20:32:19.096-0300] {taskmixin.py:205} WARNING - Dependency <Task(BashOperator): create_entry_group>, delete_entry_group already registered for DAG: example_complex
[2023-01-01T20:32:19.096-0300] {logging_mixin.py:137} INFO - [2023-01-01T20:32:19.096-0300] {taskmixin.py:205} WARNING - Dependency <Task(BashOperator): delete_entry_group>, create_entry_group already registered for DAG: example_complex
[2023-01-01T20:32:19.096-0300] {logging_mixin.py:137} INFO - [2023-01-01T20:32:19.096-0300] {taskmixin.py:205} WARNING - Dependency <Task(BashOperator): create_entry_gcs>, delete_entry already registered for DAG: example_complex
[2023-01-01T20:32:19.096-0300] {logging_mixin.py:137} INFO - [2023-01-01T20:32:19.096-0300] {taskmixin.py:205} WARNING - Dependency <Task(BashOperator): delete_entry>, create_entry_gcs already registered for DAG: example_complex
[2023-01-01T20:32:19.097-0300] {logging_mixin.py:137} INFO - [2023-01-01T20:32:19.097-0300] {taskmixin.py:205} WARNING - Dependency <Task(BashOperator): create_tag>, delete_tag already registered for DAG: example_complex
[2023-01-01T20:32:19.097-0300] {logging_mixin.py:137} INFO - [2023-01-01T20:32:19.097-0300] {taskmixin.py:205} WARNING - Dependency <Task(BashOperator): delete_tag>, create_tag already registered for DAG: example_complex
[2023-01-01T20:32:19.103-0300] {processor.py:753} INFO - DAG(s) dict_keys(['example_complex']) retrieved from /home/kallox/anaconda3/envs/airflow/lib/python3.7/site-packages/airflow/example_dags/example_complex.py
[2023-01-01T20:32:19.136-0300] {logging_mixin.py:137} INFO - [2023-01-01T20:32:19.136-0300] {dag.py:2676} INFO - Sync 1 DAGs
[2023-01-01T20:32:19.159-0300] {logging_mixin.py:137} INFO - [2023-01-01T20:32:19.159-0300] {dag.py:3427} INFO - Setting next_dagrun for example_complex to None, run_after=None
[2023-01-01T20:32:19.178-0300] {processor.py:175} INFO - Processing /home/kallox/anaconda3/envs/airflow/lib/python3.7/site-packages/airflow/example_dags/example_complex.py took 0.094 seconds
[2023-01-01T20:32:50.546-0300] {processor.py:153} INFO - Started process (PID=5950) to work on /home/kallox/anaconda3/envs/airflow/lib/python3.7/site-packages/airflow/example_dags/example_complex.py
[2023-01-01T20:32:50.547-0300] {processor.py:743} INFO - Processing file /home/kallox/anaconda3/envs/airflow/lib/python3.7/site-packages/airflow/example_dags/example_complex.py for tasks to queue
[2023-01-01T20:32:50.547-0300] {logging_mixin.py:137} INFO - [2023-01-01T20:32:50.547-0300] {dagbag.py:538} INFO - Filling up the DagBag from /home/kallox/anaconda3/envs/airflow/lib/python3.7/site-packages/airflow/example_dags/example_complex.py
[2023-01-01T20:32:50.556-0300] {logging_mixin.py:137} INFO - [2023-01-01T20:32:50.556-0300] {taskmixin.py:205} WARNING - Dependency <Task(BashOperator): create_entry_group>, delete_entry_group already registered for DAG: example_complex
[2023-01-01T20:32:50.556-0300] {logging_mixin.py:137} INFO - [2023-01-01T20:32:50.556-0300] {taskmixin.py:205} WARNING - Dependency <Task(BashOperator): delete_entry_group>, create_entry_group already registered for DAG: example_complex
[2023-01-01T20:32:50.557-0300] {logging_mixin.py:137} INFO - [2023-01-01T20:32:50.556-0300] {taskmixin.py:205} WARNING - Dependency <Task(BashOperator): create_entry_gcs>, delete_entry already registered for DAG: example_complex
[2023-01-01T20:32:50.557-0300] {logging_mixin.py:137} INFO - [2023-01-01T20:32:50.557-0300] {taskmixin.py:205} WARNING - Dependency <Task(BashOperator): delete_entry>, create_entry_gcs already registered for DAG: example_complex
[2023-01-01T20:32:50.557-0300] {logging_mixin.py:137} INFO - [2023-01-01T20:32:50.557-0300] {taskmixin.py:205} WARNING - Dependency <Task(BashOperator): create_tag>, delete_tag already registered for DAG: example_complex
[2023-01-01T20:32:50.557-0300] {logging_mixin.py:137} INFO - [2023-01-01T20:32:50.557-0300] {taskmixin.py:205} WARNING - Dependency <Task(BashOperator): delete_tag>, create_tag already registered for DAG: example_complex
[2023-01-01T20:32:50.563-0300] {processor.py:753} INFO - DAG(s) dict_keys(['example_complex']) retrieved from /home/kallox/anaconda3/envs/airflow/lib/python3.7/site-packages/airflow/example_dags/example_complex.py
[2023-01-01T20:32:50.597-0300] {logging_mixin.py:137} INFO - [2023-01-01T20:32:50.597-0300] {dag.py:2676} INFO - Sync 1 DAGs
[2023-01-01T20:32:50.621-0300] {logging_mixin.py:137} INFO - [2023-01-01T20:32:50.621-0300] {dag.py:3427} INFO - Setting next_dagrun for example_complex to None, run_after=None
[2023-01-01T20:32:50.638-0300] {processor.py:175} INFO - Processing /home/kallox/anaconda3/envs/airflow/lib/python3.7/site-packages/airflow/example_dags/example_complex.py took 0.095 seconds
[2023-01-01T20:33:21.537-0300] {processor.py:153} INFO - Started process (PID=6258) to work on /home/kallox/anaconda3/envs/airflow/lib/python3.7/site-packages/airflow/example_dags/example_complex.py
[2023-01-01T20:33:21.538-0300] {processor.py:743} INFO - Processing file /home/kallox/anaconda3/envs/airflow/lib/python3.7/site-packages/airflow/example_dags/example_complex.py for tasks to queue
[2023-01-01T20:33:21.538-0300] {logging_mixin.py:137} INFO - [2023-01-01T20:33:21.538-0300] {dagbag.py:538} INFO - Filling up the DagBag from /home/kallox/anaconda3/envs/airflow/lib/python3.7/site-packages/airflow/example_dags/example_complex.py
[2023-01-01T20:33:21.547-0300] {logging_mixin.py:137} INFO - [2023-01-01T20:33:21.547-0300] {taskmixin.py:205} WARNING - Dependency <Task(BashOperator): create_entry_group>, delete_entry_group already registered for DAG: example_complex
[2023-01-01T20:33:21.547-0300] {logging_mixin.py:137} INFO - [2023-01-01T20:33:21.547-0300] {taskmixin.py:205} WARNING - Dependency <Task(BashOperator): delete_entry_group>, create_entry_group already registered for DAG: example_complex
[2023-01-01T20:33:21.548-0300] {logging_mixin.py:137} INFO - [2023-01-01T20:33:21.548-0300] {taskmixin.py:205} WARNING - Dependency <Task(BashOperator): create_entry_gcs>, delete_entry already registered for DAG: example_complex
[2023-01-01T20:33:21.548-0300] {logging_mixin.py:137} INFO - [2023-01-01T20:33:21.548-0300] {taskmixin.py:205} WARNING - Dependency <Task(BashOperator): delete_entry>, create_entry_gcs already registered for DAG: example_complex
[2023-01-01T20:33:21.548-0300] {logging_mixin.py:137} INFO - [2023-01-01T20:33:21.548-0300] {taskmixin.py:205} WARNING - Dependency <Task(BashOperator): create_tag>, delete_tag already registered for DAG: example_complex
[2023-01-01T20:33:21.548-0300] {logging_mixin.py:137} INFO - [2023-01-01T20:33:21.548-0300] {taskmixin.py:205} WARNING - Dependency <Task(BashOperator): delete_tag>, create_tag already registered for DAG: example_complex
[2023-01-01T20:33:21.554-0300] {processor.py:753} INFO - DAG(s) dict_keys(['example_complex']) retrieved from /home/kallox/anaconda3/envs/airflow/lib/python3.7/site-packages/airflow/example_dags/example_complex.py
[2023-01-01T20:33:21.588-0300] {logging_mixin.py:137} INFO - [2023-01-01T20:33:21.588-0300] {dag.py:2676} INFO - Sync 1 DAGs
[2023-01-01T20:33:21.610-0300] {logging_mixin.py:137} INFO - [2023-01-01T20:33:21.610-0300] {dag.py:3427} INFO - Setting next_dagrun for example_complex to None, run_after=None
[2023-01-01T20:33:21.629-0300] {processor.py:175} INFO - Processing /home/kallox/anaconda3/envs/airflow/lib/python3.7/site-packages/airflow/example_dags/example_complex.py took 0.095 seconds
