[2023-01-01T20:30:46.973-0300] {processor.py:153} INFO - Started process (PID=3665) to work on /home/kallox/anaconda3/envs/airflow/lib/python3.7/site-packages/airflow/example_dags/example_short_circuit_decorator.py
[2023-01-01T20:30:46.973-0300] {processor.py:743} INFO - Processing file /home/kallox/anaconda3/envs/airflow/lib/python3.7/site-packages/airflow/example_dags/example_short_circuit_decorator.py for tasks to queue
[2023-01-01T20:30:46.974-0300] {logging_mixin.py:137} INFO - [2023-01-01T20:30:46.973-0300] {dagbag.py:538} INFO - Filling up the DagBag from /home/kallox/anaconda3/envs/airflow/lib/python3.7/site-packages/airflow/example_dags/example_short_circuit_decorator.py
[2023-01-01T20:30:46.993-0300] {processor.py:753} INFO - DAG(s) dict_keys(['example_short_circuit_decorator']) retrieved from /home/kallox/anaconda3/envs/airflow/lib/python3.7/site-packages/airflow/example_dags/example_short_circuit_decorator.py
[2023-01-01T20:30:47.021-0300] {logging_mixin.py:137} INFO - [2023-01-01T20:30:47.021-0300] {dag.py:2676} INFO - Sync 1 DAGs
[2023-01-01T20:30:47.044-0300] {logging_mixin.py:137} INFO - [2023-01-01T20:30:47.044-0300] {dag.py:3427} INFO - Setting next_dagrun for example_short_circuit_decorator to 2022-12-31T23:30:47.044159+00:00, run_after=2023-01-01T23:30:47.044159+00:00
[2023-01-01T20:30:47.062-0300] {processor.py:175} INFO - Processing /home/kallox/anaconda3/envs/airflow/lib/python3.7/site-packages/airflow/example_dags/example_short_circuit_decorator.py took 0.092 seconds
[2023-01-01T20:31:18.175-0300] {processor.py:153} INFO - Started process (PID=4932) to work on /home/kallox/anaconda3/envs/airflow/lib/python3.7/site-packages/airflow/example_dags/example_short_circuit_decorator.py
[2023-01-01T20:31:18.176-0300] {processor.py:743} INFO - Processing file /home/kallox/anaconda3/envs/airflow/lib/python3.7/site-packages/airflow/example_dags/example_short_circuit_decorator.py for tasks to queue
[2023-01-01T20:31:18.176-0300] {logging_mixin.py:137} INFO - [2023-01-01T20:31:18.176-0300] {dagbag.py:538} INFO - Filling up the DagBag from /home/kallox/anaconda3/envs/airflow/lib/python3.7/site-packages/airflow/example_dags/example_short_circuit_decorator.py
[2023-01-01T20:31:18.197-0300] {processor.py:753} INFO - DAG(s) dict_keys(['example_short_circuit_decorator']) retrieved from /home/kallox/anaconda3/envs/airflow/lib/python3.7/site-packages/airflow/example_dags/example_short_circuit_decorator.py
[2023-01-01T20:31:18.227-0300] {logging_mixin.py:137} INFO - [2023-01-01T20:31:18.226-0300] {dag.py:2676} INFO - Sync 1 DAGs
[2023-01-01T20:31:18.250-0300] {logging_mixin.py:137} INFO - [2023-01-01T20:31:18.249-0300] {dag.py:3427} INFO - Setting next_dagrun for example_short_circuit_decorator to 2022-12-31T23:31:18.249767+00:00, run_after=2023-01-01T23:31:18.249767+00:00
[2023-01-01T20:31:18.269-0300] {processor.py:175} INFO - Processing /home/kallox/anaconda3/envs/airflow/lib/python3.7/site-packages/airflow/example_dags/example_short_circuit_decorator.py took 0.097 seconds
[2023-01-01T20:31:48.934-0300] {processor.py:153} INFO - Started process (PID=5310) to work on /home/kallox/anaconda3/envs/airflow/lib/python3.7/site-packages/airflow/example_dags/example_short_circuit_decorator.py
[2023-01-01T20:31:48.935-0300] {processor.py:743} INFO - Processing file /home/kallox/anaconda3/envs/airflow/lib/python3.7/site-packages/airflow/example_dags/example_short_circuit_decorator.py for tasks to queue
[2023-01-01T20:31:48.935-0300] {logging_mixin.py:137} INFO - [2023-01-01T20:31:48.935-0300] {dagbag.py:538} INFO - Filling up the DagBag from /home/kallox/anaconda3/envs/airflow/lib/python3.7/site-packages/airflow/example_dags/example_short_circuit_decorator.py
[2023-01-01T20:31:48.954-0300] {processor.py:753} INFO - DAG(s) dict_keys(['example_short_circuit_decorator']) retrieved from /home/kallox/anaconda3/envs/airflow/lib/python3.7/site-packages/airflow/example_dags/example_short_circuit_decorator.py
[2023-01-01T20:31:48.982-0300] {logging_mixin.py:137} INFO - [2023-01-01T20:31:48.982-0300] {dag.py:2676} INFO - Sync 1 DAGs
[2023-01-01T20:31:49.004-0300] {logging_mixin.py:137} INFO - [2023-01-01T20:31:49.003-0300] {dag.py:3427} INFO - Setting next_dagrun for example_short_circuit_decorator to 2022-12-31T23:31:49.003811+00:00, run_after=2023-01-01T23:31:49.003811+00:00
[2023-01-01T20:31:49.021-0300] {processor.py:175} INFO - Processing /home/kallox/anaconda3/envs/airflow/lib/python3.7/site-packages/airflow/example_dags/example_short_circuit_decorator.py took 0.089 seconds
[2023-01-01T20:32:19.392-0300] {processor.py:153} INFO - Started process (PID=5671) to work on /home/kallox/anaconda3/envs/airflow/lib/python3.7/site-packages/airflow/example_dags/example_short_circuit_decorator.py
[2023-01-01T20:32:19.393-0300] {processor.py:743} INFO - Processing file /home/kallox/anaconda3/envs/airflow/lib/python3.7/site-packages/airflow/example_dags/example_short_circuit_decorator.py for tasks to queue
[2023-01-01T20:32:19.393-0300] {logging_mixin.py:137} INFO - [2023-01-01T20:32:19.393-0300] {dagbag.py:538} INFO - Filling up the DagBag from /home/kallox/anaconda3/envs/airflow/lib/python3.7/site-packages/airflow/example_dags/example_short_circuit_decorator.py
[2023-01-01T20:32:19.411-0300] {processor.py:753} INFO - DAG(s) dict_keys(['example_short_circuit_decorator']) retrieved from /home/kallox/anaconda3/envs/airflow/lib/python3.7/site-packages/airflow/example_dags/example_short_circuit_decorator.py
[2023-01-01T20:32:19.439-0300] {logging_mixin.py:137} INFO - [2023-01-01T20:32:19.439-0300] {dag.py:2676} INFO - Sync 1 DAGs
[2023-01-01T20:32:19.462-0300] {logging_mixin.py:137} INFO - [2023-01-01T20:32:19.461-0300] {dag.py:3427} INFO - Setting next_dagrun for example_short_circuit_decorator to 2022-12-31T23:32:19.461819+00:00, run_after=2023-01-01T23:32:19.461819+00:00
[2023-01-01T20:32:19.479-0300] {processor.py:175} INFO - Processing /home/kallox/anaconda3/envs/airflow/lib/python3.7/site-packages/airflow/example_dags/example_short_circuit_decorator.py took 0.089 seconds
[2023-01-01T20:32:50.965-0300] {processor.py:153} INFO - Started process (PID=5986) to work on /home/kallox/anaconda3/envs/airflow/lib/python3.7/site-packages/airflow/example_dags/example_short_circuit_decorator.py
[2023-01-01T20:32:50.966-0300] {processor.py:743} INFO - Processing file /home/kallox/anaconda3/envs/airflow/lib/python3.7/site-packages/airflow/example_dags/example_short_circuit_decorator.py for tasks to queue
[2023-01-01T20:32:50.966-0300] {logging_mixin.py:137} INFO - [2023-01-01T20:32:50.966-0300] {dagbag.py:538} INFO - Filling up the DagBag from /home/kallox/anaconda3/envs/airflow/lib/python3.7/site-packages/airflow/example_dags/example_short_circuit_decorator.py
[2023-01-01T20:32:50.985-0300] {processor.py:753} INFO - DAG(s) dict_keys(['example_short_circuit_decorator']) retrieved from /home/kallox/anaconda3/envs/airflow/lib/python3.7/site-packages/airflow/example_dags/example_short_circuit_decorator.py
[2023-01-01T20:32:51.014-0300] {logging_mixin.py:137} INFO - [2023-01-01T20:32:51.014-0300] {dag.py:2676} INFO - Sync 1 DAGs
[2023-01-01T20:32:51.037-0300] {logging_mixin.py:137} INFO - [2023-01-01T20:32:51.037-0300] {dag.py:3427} INFO - Setting next_dagrun for example_short_circuit_decorator to 2022-12-31T23:32:51.037448+00:00, run_after=2023-01-01T23:32:51.037448+00:00
[2023-01-01T20:32:51.055-0300] {processor.py:175} INFO - Processing /home/kallox/anaconda3/envs/airflow/lib/python3.7/site-packages/airflow/example_dags/example_short_circuit_decorator.py took 0.092 seconds
[2023-01-01T20:33:21.846-0300] {processor.py:153} INFO - Started process (PID=6288) to work on /home/kallox/anaconda3/envs/airflow/lib/python3.7/site-packages/airflow/example_dags/example_short_circuit_decorator.py
[2023-01-01T20:33:21.847-0300] {processor.py:743} INFO - Processing file /home/kallox/anaconda3/envs/airflow/lib/python3.7/site-packages/airflow/example_dags/example_short_circuit_decorator.py for tasks to queue
[2023-01-01T20:33:21.848-0300] {logging_mixin.py:137} INFO - [2023-01-01T20:33:21.848-0300] {dagbag.py:538} INFO - Filling up the DagBag from /home/kallox/anaconda3/envs/airflow/lib/python3.7/site-packages/airflow/example_dags/example_short_circuit_decorator.py
[2023-01-01T20:33:21.868-0300] {processor.py:753} INFO - DAG(s) dict_keys(['example_short_circuit_decorator']) retrieved from /home/kallox/anaconda3/envs/airflow/lib/python3.7/site-packages/airflow/example_dags/example_short_circuit_decorator.py
[2023-01-01T20:33:21.899-0300] {logging_mixin.py:137} INFO - [2023-01-01T20:33:21.898-0300] {dag.py:2676} INFO - Sync 1 DAGs
[2023-01-01T20:33:21.921-0300] {logging_mixin.py:137} INFO - [2023-01-01T20:33:21.921-0300] {dag.py:3427} INFO - Setting next_dagrun for example_short_circuit_decorator to 2022-12-31T23:33:21.921108+00:00, run_after=2023-01-01T23:33:21.921108+00:00
[2023-01-01T20:33:21.942-0300] {processor.py:175} INFO - Processing /home/kallox/anaconda3/envs/airflow/lib/python3.7/site-packages/airflow/example_dags/example_short_circuit_decorator.py took 0.098 seconds
