[2023-01-01T20:30:47.430-0300] {processor.py:153} INFO - Started process (PID=3716) to work on /home/kallox/anaconda3/envs/airflow/lib/python3.7/site-packages/airflow/example_dags/example_branch_datetime_operator.py
[2023-01-01T20:30:47.431-0300] {processor.py:743} INFO - Processing file /home/kallox/anaconda3/envs/airflow/lib/python3.7/site-packages/airflow/example_dags/example_branch_datetime_operator.py for tasks to queue
[2023-01-01T20:30:47.431-0300] {logging_mixin.py:137} INFO - [2023-01-01T20:30:47.431-0300] {dagbag.py:538} INFO - Filling up the DagBag from /home/kallox/anaconda3/envs/airflow/lib/python3.7/site-packages/airflow/example_dags/example_branch_datetime_operator.py
[2023-01-01T20:30:47.445-0300] {processor.py:753} INFO - DAG(s) dict_keys(['example_branch_datetime_operator_2', 'example_branch_datetime_operator', 'example_branch_datetime_operator_3']) retrieved from /home/kallox/anaconda3/envs/airflow/lib/python3.7/site-packages/airflow/example_dags/example_branch_datetime_operator.py
[2023-01-01T20:30:47.479-0300] {logging_mixin.py:137} INFO - [2023-01-01T20:30:47.479-0300] {dag.py:2676} INFO - Sync 3 DAGs
[2023-01-01T20:30:47.504-0300] {logging_mixin.py:137} INFO - [2023-01-01T20:30:47.503-0300] {dag.py:3427} INFO - Setting next_dagrun for example_branch_datetime_operator to 2022-12-31T00:00:00+00:00, run_after=2023-01-01T00:00:00+00:00
[2023-01-01T20:30:47.508-0300] {logging_mixin.py:137} INFO - [2023-01-01T20:30:47.508-0300] {dag.py:3427} INFO - Setting next_dagrun for example_branch_datetime_operator_2 to 2022-12-31T00:00:00+00:00, run_after=2023-01-01T00:00:00+00:00
[2023-01-01T20:30:47.511-0300] {logging_mixin.py:137} INFO - [2023-01-01T20:30:47.511-0300] {dag.py:3427} INFO - Setting next_dagrun for example_branch_datetime_operator_3 to 2022-12-31T00:00:00+00:00, run_after=2023-01-01T00:00:00+00:00
[2023-01-01T20:30:47.527-0300] {processor.py:175} INFO - Processing /home/kallox/anaconda3/envs/airflow/lib/python3.7/site-packages/airflow/example_dags/example_branch_datetime_operator.py took 0.099 seconds
[2023-01-01T20:31:18.633-0300] {processor.py:153} INFO - Started process (PID=4974) to work on /home/kallox/anaconda3/envs/airflow/lib/python3.7/site-packages/airflow/example_dags/example_branch_datetime_operator.py
[2023-01-01T20:31:18.633-0300] {processor.py:743} INFO - Processing file /home/kallox/anaconda3/envs/airflow/lib/python3.7/site-packages/airflow/example_dags/example_branch_datetime_operator.py for tasks to queue
[2023-01-01T20:31:18.634-0300] {logging_mixin.py:137} INFO - [2023-01-01T20:31:18.634-0300] {dagbag.py:538} INFO - Filling up the DagBag from /home/kallox/anaconda3/envs/airflow/lib/python3.7/site-packages/airflow/example_dags/example_branch_datetime_operator.py
[2023-01-01T20:31:18.647-0300] {processor.py:753} INFO - DAG(s) dict_keys(['example_branch_datetime_operator_3', 'example_branch_datetime_operator_2', 'example_branch_datetime_operator']) retrieved from /home/kallox/anaconda3/envs/airflow/lib/python3.7/site-packages/airflow/example_dags/example_branch_datetime_operator.py
[2023-01-01T20:31:18.681-0300] {logging_mixin.py:137} INFO - [2023-01-01T20:31:18.681-0300] {dag.py:2676} INFO - Sync 3 DAGs
[2023-01-01T20:31:18.706-0300] {logging_mixin.py:137} INFO - [2023-01-01T20:31:18.706-0300] {dag.py:3427} INFO - Setting next_dagrun for example_branch_datetime_operator to 2022-12-31T00:00:00+00:00, run_after=2023-01-01T00:00:00+00:00
[2023-01-01T20:31:18.710-0300] {logging_mixin.py:137} INFO - [2023-01-01T20:31:18.710-0300] {dag.py:3427} INFO - Setting next_dagrun for example_branch_datetime_operator_2 to 2022-12-31T00:00:00+00:00, run_after=2023-01-01T00:00:00+00:00
[2023-01-01T20:31:18.713-0300] {logging_mixin.py:137} INFO - [2023-01-01T20:31:18.713-0300] {dag.py:3427} INFO - Setting next_dagrun for example_branch_datetime_operator_3 to 2022-12-31T00:00:00+00:00, run_after=2023-01-01T00:00:00+00:00
[2023-01-01T20:31:18.729-0300] {processor.py:175} INFO - Processing /home/kallox/anaconda3/envs/airflow/lib/python3.7/site-packages/airflow/example_dags/example_branch_datetime_operator.py took 0.098 seconds
[2023-01-01T20:31:49.395-0300] {processor.py:153} INFO - Started process (PID=5352) to work on /home/kallox/anaconda3/envs/airflow/lib/python3.7/site-packages/airflow/example_dags/example_branch_datetime_operator.py
[2023-01-01T20:31:49.396-0300] {processor.py:743} INFO - Processing file /home/kallox/anaconda3/envs/airflow/lib/python3.7/site-packages/airflow/example_dags/example_branch_datetime_operator.py for tasks to queue
[2023-01-01T20:31:49.396-0300] {logging_mixin.py:137} INFO - [2023-01-01T20:31:49.396-0300] {dagbag.py:538} INFO - Filling up the DagBag from /home/kallox/anaconda3/envs/airflow/lib/python3.7/site-packages/airflow/example_dags/example_branch_datetime_operator.py
[2023-01-01T20:31:49.411-0300] {processor.py:753} INFO - DAG(s) dict_keys(['example_branch_datetime_operator_3', 'example_branch_datetime_operator', 'example_branch_datetime_operator_2']) retrieved from /home/kallox/anaconda3/envs/airflow/lib/python3.7/site-packages/airflow/example_dags/example_branch_datetime_operator.py
[2023-01-01T20:31:49.444-0300] {logging_mixin.py:137} INFO - [2023-01-01T20:31:49.444-0300] {dag.py:2676} INFO - Sync 3 DAGs
[2023-01-01T20:31:49.467-0300] {logging_mixin.py:137} INFO - [2023-01-01T20:31:49.467-0300] {dag.py:3427} INFO - Setting next_dagrun for example_branch_datetime_operator to 2022-12-31T00:00:00+00:00, run_after=2023-01-01T00:00:00+00:00
[2023-01-01T20:31:49.472-0300] {logging_mixin.py:137} INFO - [2023-01-01T20:31:49.472-0300] {dag.py:3427} INFO - Setting next_dagrun for example_branch_datetime_operator_2 to 2022-12-31T00:00:00+00:00, run_after=2023-01-01T00:00:00+00:00
[2023-01-01T20:31:49.474-0300] {logging_mixin.py:137} INFO - [2023-01-01T20:31:49.474-0300] {dag.py:3427} INFO - Setting next_dagrun for example_branch_datetime_operator_3 to 2022-12-31T00:00:00+00:00, run_after=2023-01-01T00:00:00+00:00
[2023-01-01T20:31:49.491-0300] {processor.py:175} INFO - Processing /home/kallox/anaconda3/envs/airflow/lib/python3.7/site-packages/airflow/example_dags/example_branch_datetime_operator.py took 0.098 seconds
[2023-01-01T20:32:19.839-0300] {processor.py:153} INFO - Started process (PID=5716) to work on /home/kallox/anaconda3/envs/airflow/lib/python3.7/site-packages/airflow/example_dags/example_branch_datetime_operator.py
[2023-01-01T20:32:19.840-0300] {processor.py:743} INFO - Processing file /home/kallox/anaconda3/envs/airflow/lib/python3.7/site-packages/airflow/example_dags/example_branch_datetime_operator.py for tasks to queue
[2023-01-01T20:32:19.840-0300] {logging_mixin.py:137} INFO - [2023-01-01T20:32:19.840-0300] {dagbag.py:538} INFO - Filling up the DagBag from /home/kallox/anaconda3/envs/airflow/lib/python3.7/site-packages/airflow/example_dags/example_branch_datetime_operator.py
[2023-01-01T20:32:19.857-0300] {processor.py:753} INFO - DAG(s) dict_keys(['example_branch_datetime_operator_3', 'example_branch_datetime_operator', 'example_branch_datetime_operator_2']) retrieved from /home/kallox/anaconda3/envs/airflow/lib/python3.7/site-packages/airflow/example_dags/example_branch_datetime_operator.py
[2023-01-01T20:32:19.891-0300] {logging_mixin.py:137} INFO - [2023-01-01T20:32:19.891-0300] {dag.py:2676} INFO - Sync 3 DAGs
[2023-01-01T20:32:19.916-0300] {logging_mixin.py:137} INFO - [2023-01-01T20:32:19.916-0300] {dag.py:3427} INFO - Setting next_dagrun for example_branch_datetime_operator to 2022-12-31T00:00:00+00:00, run_after=2023-01-01T00:00:00+00:00
[2023-01-01T20:32:19.920-0300] {logging_mixin.py:137} INFO - [2023-01-01T20:32:19.920-0300] {dag.py:3427} INFO - Setting next_dagrun for example_branch_datetime_operator_2 to 2022-12-31T00:00:00+00:00, run_after=2023-01-01T00:00:00+00:00
[2023-01-01T20:32:19.923-0300] {logging_mixin.py:137} INFO - [2023-01-01T20:32:19.922-0300] {dag.py:3427} INFO - Setting next_dagrun for example_branch_datetime_operator_3 to 2022-12-31T00:00:00+00:00, run_after=2023-01-01T00:00:00+00:00
[2023-01-01T20:32:19.940-0300] {processor.py:175} INFO - Processing /home/kallox/anaconda3/envs/airflow/lib/python3.7/site-packages/airflow/example_dags/example_branch_datetime_operator.py took 0.104 seconds
[2023-01-01T20:32:51.415-0300] {processor.py:153} INFO - Started process (PID=6032) to work on /home/kallox/anaconda3/envs/airflow/lib/python3.7/site-packages/airflow/example_dags/example_branch_datetime_operator.py
[2023-01-01T20:32:51.415-0300] {processor.py:743} INFO - Processing file /home/kallox/anaconda3/envs/airflow/lib/python3.7/site-packages/airflow/example_dags/example_branch_datetime_operator.py for tasks to queue
[2023-01-01T20:32:51.416-0300] {logging_mixin.py:137} INFO - [2023-01-01T20:32:51.416-0300] {dagbag.py:538} INFO - Filling up the DagBag from /home/kallox/anaconda3/envs/airflow/lib/python3.7/site-packages/airflow/example_dags/example_branch_datetime_operator.py
[2023-01-01T20:32:51.429-0300] {processor.py:753} INFO - DAG(s) dict_keys(['example_branch_datetime_operator_3', 'example_branch_datetime_operator', 'example_branch_datetime_operator_2']) retrieved from /home/kallox/anaconda3/envs/airflow/lib/python3.7/site-packages/airflow/example_dags/example_branch_datetime_operator.py
[2023-01-01T20:32:51.464-0300] {logging_mixin.py:137} INFO - [2023-01-01T20:32:51.463-0300] {dag.py:2676} INFO - Sync 3 DAGs
[2023-01-01T20:32:51.490-0300] {logging_mixin.py:137} INFO - [2023-01-01T20:32:51.489-0300] {dag.py:3427} INFO - Setting next_dagrun for example_branch_datetime_operator to 2022-12-31T00:00:00+00:00, run_after=2023-01-01T00:00:00+00:00
[2023-01-01T20:32:51.494-0300] {logging_mixin.py:137} INFO - [2023-01-01T20:32:51.494-0300] {dag.py:3427} INFO - Setting next_dagrun for example_branch_datetime_operator_2 to 2022-12-31T00:00:00+00:00, run_after=2023-01-01T00:00:00+00:00
[2023-01-01T20:32:51.496-0300] {logging_mixin.py:137} INFO - [2023-01-01T20:32:51.496-0300] {dag.py:3427} INFO - Setting next_dagrun for example_branch_datetime_operator_3 to 2022-12-31T00:00:00+00:00, run_after=2023-01-01T00:00:00+00:00
[2023-01-01T20:32:51.512-0300] {processor.py:175} INFO - Processing /home/kallox/anaconda3/envs/airflow/lib/python3.7/site-packages/airflow/example_dags/example_branch_datetime_operator.py took 0.099 seconds
[2023-01-01T20:33:22.394-0300] {processor.py:153} INFO - Started process (PID=6331) to work on /home/kallox/anaconda3/envs/airflow/lib/python3.7/site-packages/airflow/example_dags/example_branch_datetime_operator.py
[2023-01-01T20:33:22.395-0300] {processor.py:743} INFO - Processing file /home/kallox/anaconda3/envs/airflow/lib/python3.7/site-packages/airflow/example_dags/example_branch_datetime_operator.py for tasks to queue
[2023-01-01T20:33:22.395-0300] {logging_mixin.py:137} INFO - [2023-01-01T20:33:22.395-0300] {dagbag.py:538} INFO - Filling up the DagBag from /home/kallox/anaconda3/envs/airflow/lib/python3.7/site-packages/airflow/example_dags/example_branch_datetime_operator.py
[2023-01-01T20:33:22.409-0300] {processor.py:753} INFO - DAG(s) dict_keys(['example_branch_datetime_operator_3', 'example_branch_datetime_operator_2', 'example_branch_datetime_operator']) retrieved from /home/kallox/anaconda3/envs/airflow/lib/python3.7/site-packages/airflow/example_dags/example_branch_datetime_operator.py
[2023-01-01T20:33:22.442-0300] {logging_mixin.py:137} INFO - [2023-01-01T20:33:22.442-0300] {dag.py:2676} INFO - Sync 3 DAGs
[2023-01-01T20:33:22.465-0300] {logging_mixin.py:137} INFO - [2023-01-01T20:33:22.465-0300] {dag.py:3427} INFO - Setting next_dagrun for example_branch_datetime_operator to 2022-12-31T00:00:00+00:00, run_after=2023-01-01T00:00:00+00:00
[2023-01-01T20:33:22.469-0300] {logging_mixin.py:137} INFO - [2023-01-01T20:33:22.469-0300] {dag.py:3427} INFO - Setting next_dagrun for example_branch_datetime_operator_2 to 2022-12-31T00:00:00+00:00, run_after=2023-01-01T00:00:00+00:00
[2023-01-01T20:33:22.472-0300] {logging_mixin.py:137} INFO - [2023-01-01T20:33:22.472-0300] {dag.py:3427} INFO - Setting next_dagrun for example_branch_datetime_operator_3 to 2022-12-31T00:00:00+00:00, run_after=2023-01-01T00:00:00+00:00
[2023-01-01T20:33:22.487-0300] {processor.py:175} INFO - Processing /home/kallox/anaconda3/envs/airflow/lib/python3.7/site-packages/airflow/example_dags/example_branch_datetime_operator.py took 0.095 seconds
