[2023-01-01T20:30:47.302-0300] {processor.py:153} INFO - Started process (PID=3701) to work on /home/kallox/anaconda3/envs/airflow/lib/python3.7/site-packages/airflow/example_dags/example_branch_python_dop_operator_3.py
[2023-01-01T20:30:47.302-0300] {processor.py:743} INFO - Processing file /home/kallox/anaconda3/envs/airflow/lib/python3.7/site-packages/airflow/example_dags/example_branch_python_dop_operator_3.py for tasks to queue
[2023-01-01T20:30:47.303-0300] {logging_mixin.py:137} INFO - [2023-01-01T20:30:47.303-0300] {dagbag.py:538} INFO - Filling up the DagBag from /home/kallox/anaconda3/envs/airflow/lib/python3.7/site-packages/airflow/example_dags/example_branch_python_dop_operator_3.py
[2023-01-01T20:30:47.322-0300] {processor.py:753} INFO - DAG(s) dict_keys(['example_branch_dop_operator_v3']) retrieved from /home/kallox/anaconda3/envs/airflow/lib/python3.7/site-packages/airflow/example_dags/example_branch_python_dop_operator_3.py
[2023-01-01T20:30:47.349-0300] {logging_mixin.py:137} INFO - [2023-01-01T20:30:47.349-0300] {dag.py:2676} INFO - Sync 1 DAGs
[2023-01-01T20:30:47.376-0300] {logging_mixin.py:137} INFO - [2023-01-01T20:30:47.376-0300] {dag.py:3427} INFO - Setting next_dagrun for example_branch_dop_operator_v3 to 2023-01-01T23:29:00+00:00, run_after=2023-01-01T23:30:00+00:00
[2023-01-01T20:30:47.393-0300] {processor.py:175} INFO - Processing /home/kallox/anaconda3/envs/airflow/lib/python3.7/site-packages/airflow/example_dags/example_branch_python_dop_operator_3.py took 0.094 seconds
[2023-01-01T20:31:18.497-0300] {processor.py:153} INFO - Started process (PID=4957) to work on /home/kallox/anaconda3/envs/airflow/lib/python3.7/site-packages/airflow/example_dags/example_branch_python_dop_operator_3.py
[2023-01-01T20:31:18.498-0300] {processor.py:743} INFO - Processing file /home/kallox/anaconda3/envs/airflow/lib/python3.7/site-packages/airflow/example_dags/example_branch_python_dop_operator_3.py for tasks to queue
[2023-01-01T20:31:18.498-0300] {logging_mixin.py:137} INFO - [2023-01-01T20:31:18.498-0300] {dagbag.py:538} INFO - Filling up the DagBag from /home/kallox/anaconda3/envs/airflow/lib/python3.7/site-packages/airflow/example_dags/example_branch_python_dop_operator_3.py
[2023-01-01T20:31:18.519-0300] {processor.py:753} INFO - DAG(s) dict_keys(['example_branch_dop_operator_v3']) retrieved from /home/kallox/anaconda3/envs/airflow/lib/python3.7/site-packages/airflow/example_dags/example_branch_python_dop_operator_3.py
[2023-01-01T20:31:18.546-0300] {logging_mixin.py:137} INFO - [2023-01-01T20:31:18.546-0300] {dag.py:2676} INFO - Sync 1 DAGs
[2023-01-01T20:31:18.573-0300] {logging_mixin.py:137} INFO - [2023-01-01T20:31:18.573-0300] {dag.py:3427} INFO - Setting next_dagrun for example_branch_dop_operator_v3 to 2023-01-01T23:30:00+00:00, run_after=2023-01-01T23:31:00+00:00
[2023-01-01T20:31:18.590-0300] {processor.py:175} INFO - Processing /home/kallox/anaconda3/envs/airflow/lib/python3.7/site-packages/airflow/example_dags/example_branch_python_dop_operator_3.py took 0.096 seconds
[2023-01-01T20:31:49.152-0300] {processor.py:153} INFO - Started process (PID=5334) to work on /home/kallox/anaconda3/envs/airflow/lib/python3.7/site-packages/airflow/example_dags/example_branch_python_dop_operator_3.py
[2023-01-01T20:31:49.152-0300] {processor.py:743} INFO - Processing file /home/kallox/anaconda3/envs/airflow/lib/python3.7/site-packages/airflow/example_dags/example_branch_python_dop_operator_3.py for tasks to queue
[2023-01-01T20:31:49.153-0300] {logging_mixin.py:137} INFO - [2023-01-01T20:31:49.153-0300] {dagbag.py:538} INFO - Filling up the DagBag from /home/kallox/anaconda3/envs/airflow/lib/python3.7/site-packages/airflow/example_dags/example_branch_python_dop_operator_3.py
[2023-01-01T20:31:49.172-0300] {processor.py:753} INFO - DAG(s) dict_keys(['example_branch_dop_operator_v3']) retrieved from /home/kallox/anaconda3/envs/airflow/lib/python3.7/site-packages/airflow/example_dags/example_branch_python_dop_operator_3.py
[2023-01-01T20:31:49.206-0300] {logging_mixin.py:137} INFO - [2023-01-01T20:31:49.206-0300] {dag.py:2676} INFO - Sync 1 DAGs
[2023-01-01T20:31:49.237-0300] {logging_mixin.py:137} INFO - [2023-01-01T20:31:49.237-0300] {dag.py:3427} INFO - Setting next_dagrun for example_branch_dop_operator_v3 to 2023-01-01T23:30:00+00:00, run_after=2023-01-01T23:31:00+00:00
[2023-01-01T20:31:49.254-0300] {processor.py:175} INFO - Processing /home/kallox/anaconda3/envs/airflow/lib/python3.7/site-packages/airflow/example_dags/example_branch_python_dop_operator_3.py took 0.105 seconds
[2023-01-01T20:32:19.634-0300] {processor.py:153} INFO - Started process (PID=5695) to work on /home/kallox/anaconda3/envs/airflow/lib/python3.7/site-packages/airflow/example_dags/example_branch_python_dop_operator_3.py
[2023-01-01T20:32:19.635-0300] {processor.py:743} INFO - Processing file /home/kallox/anaconda3/envs/airflow/lib/python3.7/site-packages/airflow/example_dags/example_branch_python_dop_operator_3.py for tasks to queue
[2023-01-01T20:32:19.635-0300] {logging_mixin.py:137} INFO - [2023-01-01T20:32:19.635-0300] {dagbag.py:538} INFO - Filling up the DagBag from /home/kallox/anaconda3/envs/airflow/lib/python3.7/site-packages/airflow/example_dags/example_branch_python_dop_operator_3.py
[2023-01-01T20:32:19.654-0300] {processor.py:753} INFO - DAG(s) dict_keys(['example_branch_dop_operator_v3']) retrieved from /home/kallox/anaconda3/envs/airflow/lib/python3.7/site-packages/airflow/example_dags/example_branch_python_dop_operator_3.py
[2023-01-01T20:32:19.681-0300] {logging_mixin.py:137} INFO - [2023-01-01T20:32:19.681-0300] {dag.py:2676} INFO - Sync 1 DAGs
[2023-01-01T20:32:19.707-0300] {logging_mixin.py:137} INFO - [2023-01-01T20:32:19.707-0300] {dag.py:3427} INFO - Setting next_dagrun for example_branch_dop_operator_v3 to 2023-01-01T23:31:00+00:00, run_after=2023-01-01T23:32:00+00:00
[2023-01-01T20:32:19.724-0300] {processor.py:175} INFO - Processing /home/kallox/anaconda3/envs/airflow/lib/python3.7/site-packages/airflow/example_dags/example_branch_python_dop_operator_3.py took 0.092 seconds
[2023-01-01T20:32:51.204-0300] {processor.py:153} INFO - Started process (PID=6011) to work on /home/kallox/anaconda3/envs/airflow/lib/python3.7/site-packages/airflow/example_dags/example_branch_python_dop_operator_3.py
[2023-01-01T20:32:51.205-0300] {processor.py:743} INFO - Processing file /home/kallox/anaconda3/envs/airflow/lib/python3.7/site-packages/airflow/example_dags/example_branch_python_dop_operator_3.py for tasks to queue
[2023-01-01T20:32:51.205-0300] {logging_mixin.py:137} INFO - [2023-01-01T20:32:51.205-0300] {dagbag.py:538} INFO - Filling up the DagBag from /home/kallox/anaconda3/envs/airflow/lib/python3.7/site-packages/airflow/example_dags/example_branch_python_dop_operator_3.py
[2023-01-01T20:32:51.224-0300] {processor.py:753} INFO - DAG(s) dict_keys(['example_branch_dop_operator_v3']) retrieved from /home/kallox/anaconda3/envs/airflow/lib/python3.7/site-packages/airflow/example_dags/example_branch_python_dop_operator_3.py
[2023-01-01T20:32:51.252-0300] {logging_mixin.py:137} INFO - [2023-01-01T20:32:51.252-0300] {dag.py:2676} INFO - Sync 1 DAGs
[2023-01-01T20:32:51.278-0300] {logging_mixin.py:137} INFO - [2023-01-01T20:32:51.278-0300] {dag.py:3427} INFO - Setting next_dagrun for example_branch_dop_operator_v3 to 2023-01-01T23:31:00+00:00, run_after=2023-01-01T23:32:00+00:00
[2023-01-01T20:32:51.296-0300] {processor.py:175} INFO - Processing /home/kallox/anaconda3/envs/airflow/lib/python3.7/site-packages/airflow/example_dags/example_branch_python_dop_operator_3.py took 0.094 seconds
[2023-01-01T20:33:22.177-0300] {processor.py:153} INFO - Started process (PID=6315) to work on /home/kallox/anaconda3/envs/airflow/lib/python3.7/site-packages/airflow/example_dags/example_branch_python_dop_operator_3.py
[2023-01-01T20:33:22.177-0300] {processor.py:743} INFO - Processing file /home/kallox/anaconda3/envs/airflow/lib/python3.7/site-packages/airflow/example_dags/example_branch_python_dop_operator_3.py for tasks to queue
[2023-01-01T20:33:22.178-0300] {logging_mixin.py:137} INFO - [2023-01-01T20:33:22.178-0300] {dagbag.py:538} INFO - Filling up the DagBag from /home/kallox/anaconda3/envs/airflow/lib/python3.7/site-packages/airflow/example_dags/example_branch_python_dop_operator_3.py
[2023-01-01T20:33:22.196-0300] {processor.py:753} INFO - DAG(s) dict_keys(['example_branch_dop_operator_v3']) retrieved from /home/kallox/anaconda3/envs/airflow/lib/python3.7/site-packages/airflow/example_dags/example_branch_python_dop_operator_3.py
[2023-01-01T20:33:22.223-0300] {logging_mixin.py:137} INFO - [2023-01-01T20:33:22.223-0300] {dag.py:2676} INFO - Sync 1 DAGs
[2023-01-01T20:33:22.249-0300] {logging_mixin.py:137} INFO - [2023-01-01T20:33:22.249-0300] {dag.py:3427} INFO - Setting next_dagrun for example_branch_dop_operator_v3 to 2023-01-01T23:32:00+00:00, run_after=2023-01-01T23:33:00+00:00
[2023-01-01T20:33:22.266-0300] {processor.py:175} INFO - Processing /home/kallox/anaconda3/envs/airflow/lib/python3.7/site-packages/airflow/example_dags/example_branch_python_dop_operator_3.py took 0.091 seconds
