[2023-01-01T20:30:47.625-0300] {processor.py:153} INFO - Started process (PID=3735) to work on /home/kallox/anaconda3/envs/airflow/lib/python3.7/site-packages/airflow/example_dags/example_external_task_marker_dag.py
[2023-01-01T20:30:47.626-0300] {processor.py:743} INFO - Processing file /home/kallox/anaconda3/envs/airflow/lib/python3.7/site-packages/airflow/example_dags/example_external_task_marker_dag.py for tasks to queue
[2023-01-01T20:30:47.626-0300] {logging_mixin.py:137} INFO - [2023-01-01T20:30:47.626-0300] {dagbag.py:538} INFO - Filling up the DagBag from /home/kallox/anaconda3/envs/airflow/lib/python3.7/site-packages/airflow/example_dags/example_external_task_marker_dag.py
[2023-01-01T20:30:47.638-0300] {processor.py:753} INFO - DAG(s) dict_keys(['example_external_task_marker_child', 'example_external_task_marker_parent']) retrieved from /home/kallox/anaconda3/envs/airflow/lib/python3.7/site-packages/airflow/example_dags/example_external_task_marker_dag.py
[2023-01-01T20:30:47.668-0300] {logging_mixin.py:137} INFO - [2023-01-01T20:30:47.668-0300] {dag.py:2676} INFO - Sync 2 DAGs
[2023-01-01T20:30:47.692-0300] {logging_mixin.py:137} INFO - [2023-01-01T20:30:47.692-0300] {dag.py:3427} INFO - Setting next_dagrun for example_external_task_marker_child to None, run_after=None
[2023-01-01T20:30:47.695-0300] {logging_mixin.py:137} INFO - [2023-01-01T20:30:47.695-0300] {dag.py:3427} INFO - Setting next_dagrun for example_external_task_marker_parent to None, run_after=None
[2023-01-01T20:30:47.710-0300] {processor.py:175} INFO - Processing /home/kallox/anaconda3/envs/airflow/lib/python3.7/site-packages/airflow/example_dags/example_external_task_marker_dag.py took 0.087 seconds
[2023-01-01T20:31:18.821-0300] {processor.py:153} INFO - Started process (PID=4993) to work on /home/kallox/anaconda3/envs/airflow/lib/python3.7/site-packages/airflow/example_dags/example_external_task_marker_dag.py
[2023-01-01T20:31:18.821-0300] {processor.py:743} INFO - Processing file /home/kallox/anaconda3/envs/airflow/lib/python3.7/site-packages/airflow/example_dags/example_external_task_marker_dag.py for tasks to queue
[2023-01-01T20:31:18.822-0300] {logging_mixin.py:137} INFO - [2023-01-01T20:31:18.822-0300] {dagbag.py:538} INFO - Filling up the DagBag from /home/kallox/anaconda3/envs/airflow/lib/python3.7/site-packages/airflow/example_dags/example_external_task_marker_dag.py
[2023-01-01T20:31:18.832-0300] {processor.py:753} INFO - DAG(s) dict_keys(['example_external_task_marker_child', 'example_external_task_marker_parent']) retrieved from /home/kallox/anaconda3/envs/airflow/lib/python3.7/site-packages/airflow/example_dags/example_external_task_marker_dag.py
[2023-01-01T20:31:18.864-0300] {logging_mixin.py:137} INFO - [2023-01-01T20:31:18.863-0300] {dag.py:2676} INFO - Sync 2 DAGs
[2023-01-01T20:31:18.887-0300] {logging_mixin.py:137} INFO - [2023-01-01T20:31:18.886-0300] {dag.py:3427} INFO - Setting next_dagrun for example_external_task_marker_child to None, run_after=None
[2023-01-01T20:31:18.890-0300] {logging_mixin.py:137} INFO - [2023-01-01T20:31:18.890-0300] {dag.py:3427} INFO - Setting next_dagrun for example_external_task_marker_parent to None, run_after=None
[2023-01-01T20:31:18.905-0300] {processor.py:175} INFO - Processing /home/kallox/anaconda3/envs/airflow/lib/python3.7/site-packages/airflow/example_dags/example_external_task_marker_dag.py took 0.087 seconds
[2023-01-01T20:31:49.599-0300] {processor.py:153} INFO - Started process (PID=5373) to work on /home/kallox/anaconda3/envs/airflow/lib/python3.7/site-packages/airflow/example_dags/example_external_task_marker_dag.py
[2023-01-01T20:31:49.600-0300] {processor.py:743} INFO - Processing file /home/kallox/anaconda3/envs/airflow/lib/python3.7/site-packages/airflow/example_dags/example_external_task_marker_dag.py for tasks to queue
[2023-01-01T20:31:49.600-0300] {logging_mixin.py:137} INFO - [2023-01-01T20:31:49.600-0300] {dagbag.py:538} INFO - Filling up the DagBag from /home/kallox/anaconda3/envs/airflow/lib/python3.7/site-packages/airflow/example_dags/example_external_task_marker_dag.py
[2023-01-01T20:31:49.610-0300] {processor.py:753} INFO - DAG(s) dict_keys(['example_external_task_marker_child', 'example_external_task_marker_parent']) retrieved from /home/kallox/anaconda3/envs/airflow/lib/python3.7/site-packages/airflow/example_dags/example_external_task_marker_dag.py
[2023-01-01T20:31:49.639-0300] {logging_mixin.py:137} INFO - [2023-01-01T20:31:49.639-0300] {dag.py:2676} INFO - Sync 2 DAGs
[2023-01-01T20:31:49.662-0300] {logging_mixin.py:137} INFO - [2023-01-01T20:31:49.662-0300] {dag.py:3427} INFO - Setting next_dagrun for example_external_task_marker_child to None, run_after=None
[2023-01-01T20:31:49.665-0300] {logging_mixin.py:137} INFO - [2023-01-01T20:31:49.665-0300] {dag.py:3427} INFO - Setting next_dagrun for example_external_task_marker_parent to None, run_after=None
[2023-01-01T20:31:49.680-0300] {processor.py:175} INFO - Processing /home/kallox/anaconda3/envs/airflow/lib/python3.7/site-packages/airflow/example_dags/example_external_task_marker_dag.py took 0.083 seconds
[2023-01-01T20:32:19.959-0300] {processor.py:153} INFO - Started process (PID=5731) to work on /home/kallox/anaconda3/envs/airflow/lib/python3.7/site-packages/airflow/example_dags/example_external_task_marker_dag.py
[2023-01-01T20:32:19.959-0300] {processor.py:743} INFO - Processing file /home/kallox/anaconda3/envs/airflow/lib/python3.7/site-packages/airflow/example_dags/example_external_task_marker_dag.py for tasks to queue
[2023-01-01T20:32:19.960-0300] {logging_mixin.py:137} INFO - [2023-01-01T20:32:19.960-0300] {dagbag.py:538} INFO - Filling up the DagBag from /home/kallox/anaconda3/envs/airflow/lib/python3.7/site-packages/airflow/example_dags/example_external_task_marker_dag.py
[2023-01-01T20:32:19.970-0300] {processor.py:753} INFO - DAG(s) dict_keys(['example_external_task_marker_parent', 'example_external_task_marker_child']) retrieved from /home/kallox/anaconda3/envs/airflow/lib/python3.7/site-packages/airflow/example_dags/example_external_task_marker_dag.py
[2023-01-01T20:32:20.001-0300] {logging_mixin.py:137} INFO - [2023-01-01T20:32:20.001-0300] {dag.py:2676} INFO - Sync 2 DAGs
[2023-01-01T20:32:20.023-0300] {logging_mixin.py:137} INFO - [2023-01-01T20:32:20.023-0300] {dag.py:3427} INFO - Setting next_dagrun for example_external_task_marker_child to None, run_after=None
[2023-01-01T20:32:20.026-0300] {logging_mixin.py:137} INFO - [2023-01-01T20:32:20.026-0300] {dag.py:3427} INFO - Setting next_dagrun for example_external_task_marker_parent to None, run_after=None
[2023-01-01T20:32:20.044-0300] {processor.py:175} INFO - Processing /home/kallox/anaconda3/envs/airflow/lib/python3.7/site-packages/airflow/example_dags/example_external_task_marker_dag.py took 0.087 seconds
[2023-01-01T20:32:51.636-0300] {processor.py:153} INFO - Started process (PID=6050) to work on /home/kallox/anaconda3/envs/airflow/lib/python3.7/site-packages/airflow/example_dags/example_external_task_marker_dag.py
[2023-01-01T20:32:51.637-0300] {processor.py:743} INFO - Processing file /home/kallox/anaconda3/envs/airflow/lib/python3.7/site-packages/airflow/example_dags/example_external_task_marker_dag.py for tasks to queue
[2023-01-01T20:32:51.637-0300] {logging_mixin.py:137} INFO - [2023-01-01T20:32:51.637-0300] {dagbag.py:538} INFO - Filling up the DagBag from /home/kallox/anaconda3/envs/airflow/lib/python3.7/site-packages/airflow/example_dags/example_external_task_marker_dag.py
[2023-01-01T20:32:51.649-0300] {processor.py:753} INFO - DAG(s) dict_keys(['example_external_task_marker_parent', 'example_external_task_marker_child']) retrieved from /home/kallox/anaconda3/envs/airflow/lib/python3.7/site-packages/airflow/example_dags/example_external_task_marker_dag.py
[2023-01-01T20:32:51.679-0300] {logging_mixin.py:137} INFO - [2023-01-01T20:32:51.679-0300] {dag.py:2676} INFO - Sync 2 DAGs
[2023-01-01T20:32:51.702-0300] {logging_mixin.py:137} INFO - [2023-01-01T20:32:51.702-0300] {dag.py:3427} INFO - Setting next_dagrun for example_external_task_marker_child to None, run_after=None
[2023-01-01T20:32:51.705-0300] {logging_mixin.py:137} INFO - [2023-01-01T20:32:51.705-0300] {dag.py:3427} INFO - Setting next_dagrun for example_external_task_marker_parent to None, run_after=None
[2023-01-01T20:32:51.720-0300] {processor.py:175} INFO - Processing /home/kallox/anaconda3/envs/airflow/lib/python3.7/site-packages/airflow/example_dags/example_external_task_marker_dag.py took 0.087 seconds
[2023-01-01T20:33:22.609-0300] {processor.py:153} INFO - Started process (PID=6351) to work on /home/kallox/anaconda3/envs/airflow/lib/python3.7/site-packages/airflow/example_dags/example_external_task_marker_dag.py
[2023-01-01T20:33:22.610-0300] {processor.py:743} INFO - Processing file /home/kallox/anaconda3/envs/airflow/lib/python3.7/site-packages/airflow/example_dags/example_external_task_marker_dag.py for tasks to queue
[2023-01-01T20:33:22.611-0300] {logging_mixin.py:137} INFO - [2023-01-01T20:33:22.611-0300] {dagbag.py:538} INFO - Filling up the DagBag from /home/kallox/anaconda3/envs/airflow/lib/python3.7/site-packages/airflow/example_dags/example_external_task_marker_dag.py
[2023-01-01T20:33:22.621-0300] {processor.py:753} INFO - DAG(s) dict_keys(['example_external_task_marker_child', 'example_external_task_marker_parent']) retrieved from /home/kallox/anaconda3/envs/airflow/lib/python3.7/site-packages/airflow/example_dags/example_external_task_marker_dag.py
[2023-01-01T20:33:22.654-0300] {logging_mixin.py:137} INFO - [2023-01-01T20:33:22.654-0300] {dag.py:2676} INFO - Sync 2 DAGs
[2023-01-01T20:33:22.677-0300] {logging_mixin.py:137} INFO - [2023-01-01T20:33:22.677-0300] {dag.py:3427} INFO - Setting next_dagrun for example_external_task_marker_child to None, run_after=None
[2023-01-01T20:33:22.680-0300] {logging_mixin.py:137} INFO - [2023-01-01T20:33:22.680-0300] {dag.py:3427} INFO - Setting next_dagrun for example_external_task_marker_parent to None, run_after=None
[2023-01-01T20:33:22.698-0300] {processor.py:175} INFO - Processing /home/kallox/anaconda3/envs/airflow/lib/python3.7/site-packages/airflow/example_dags/example_external_task_marker_dag.py took 0.090 seconds
