[2023-01-01T20:30:48.465-0300] {processor.py:153} INFO - Started process (PID=3848) to work on /home/kallox/anaconda3/envs/airflow/lib/python3.7/site-packages/airflow/example_dags/example_trigger_controller_dag.py
[2023-01-01T20:30:48.467-0300] {processor.py:743} INFO - Processing file /home/kallox/anaconda3/envs/airflow/lib/python3.7/site-packages/airflow/example_dags/example_trigger_controller_dag.py for tasks to queue
[2023-01-01T20:30:48.468-0300] {logging_mixin.py:137} INFO - [2023-01-01T20:30:48.468-0300] {dagbag.py:538} INFO - Filling up the DagBag from /home/kallox/anaconda3/envs/airflow/lib/python3.7/site-packages/airflow/example_dags/example_trigger_controller_dag.py
[2023-01-01T20:30:48.481-0300] {processor.py:753} INFO - DAG(s) dict_keys(['example_trigger_controller_dag']) retrieved from /home/kallox/anaconda3/envs/airflow/lib/python3.7/site-packages/airflow/example_dags/example_trigger_controller_dag.py
[2023-01-01T20:30:48.523-0300] {logging_mixin.py:137} INFO - [2023-01-01T20:30:48.523-0300] {dag.py:2676} INFO - Sync 1 DAGs
[2023-01-01T20:30:48.555-0300] {logging_mixin.py:137} INFO - [2023-01-01T20:30:48.554-0300] {dag.py:3427} INFO - Setting next_dagrun for example_trigger_controller_dag to 2021-01-01T00:00:00+00:00, run_after=2021-01-01T00:00:00+00:00
[2023-01-01T20:30:48.580-0300] {processor.py:175} INFO - Processing /home/kallox/anaconda3/envs/airflow/lib/python3.7/site-packages/airflow/example_dags/example_trigger_controller_dag.py took 0.118 seconds
[2023-01-01T20:31:19.594-0300] {processor.py:153} INFO - Started process (PID=5098) to work on /home/kallox/anaconda3/envs/airflow/lib/python3.7/site-packages/airflow/example_dags/example_trigger_controller_dag.py
[2023-01-01T20:31:19.595-0300] {processor.py:743} INFO - Processing file /home/kallox/anaconda3/envs/airflow/lib/python3.7/site-packages/airflow/example_dags/example_trigger_controller_dag.py for tasks to queue
[2023-01-01T20:31:19.595-0300] {logging_mixin.py:137} INFO - [2023-01-01T20:31:19.595-0300] {dagbag.py:538} INFO - Filling up the DagBag from /home/kallox/anaconda3/envs/airflow/lib/python3.7/site-packages/airflow/example_dags/example_trigger_controller_dag.py
[2023-01-01T20:31:19.603-0300] {processor.py:753} INFO - DAG(s) dict_keys(['example_trigger_controller_dag']) retrieved from /home/kallox/anaconda3/envs/airflow/lib/python3.7/site-packages/airflow/example_dags/example_trigger_controller_dag.py
[2023-01-01T20:31:19.631-0300] {logging_mixin.py:137} INFO - [2023-01-01T20:31:19.631-0300] {dag.py:2676} INFO - Sync 1 DAGs
[2023-01-01T20:31:19.652-0300] {logging_mixin.py:137} INFO - [2023-01-01T20:31:19.652-0300] {dag.py:3427} INFO - Setting next_dagrun for example_trigger_controller_dag to 2021-01-01T00:00:00+00:00, run_after=2021-01-01T00:00:00+00:00
[2023-01-01T20:31:19.670-0300] {processor.py:175} INFO - Processing /home/kallox/anaconda3/envs/airflow/lib/python3.7/site-packages/airflow/example_dags/example_trigger_controller_dag.py took 0.078 seconds
[2023-01-01T20:31:50.345-0300] {processor.py:153} INFO - Started process (PID=5460) to work on /home/kallox/anaconda3/envs/airflow/lib/python3.7/site-packages/airflow/example_dags/example_trigger_controller_dag.py
[2023-01-01T20:31:50.346-0300] {processor.py:743} INFO - Processing file /home/kallox/anaconda3/envs/airflow/lib/python3.7/site-packages/airflow/example_dags/example_trigger_controller_dag.py for tasks to queue
[2023-01-01T20:31:50.346-0300] {logging_mixin.py:137} INFO - [2023-01-01T20:31:50.346-0300] {dagbag.py:538} INFO - Filling up the DagBag from /home/kallox/anaconda3/envs/airflow/lib/python3.7/site-packages/airflow/example_dags/example_trigger_controller_dag.py
[2023-01-01T20:31:50.355-0300] {processor.py:753} INFO - DAG(s) dict_keys(['example_trigger_controller_dag']) retrieved from /home/kallox/anaconda3/envs/airflow/lib/python3.7/site-packages/airflow/example_dags/example_trigger_controller_dag.py
[2023-01-01T20:31:50.384-0300] {logging_mixin.py:137} INFO - [2023-01-01T20:31:50.383-0300] {dag.py:2676} INFO - Sync 1 DAGs
[2023-01-01T20:31:50.407-0300] {logging_mixin.py:137} INFO - [2023-01-01T20:31:50.407-0300] {dag.py:3427} INFO - Setting next_dagrun for example_trigger_controller_dag to 2021-01-01T00:00:00+00:00, run_after=2021-01-01T00:00:00+00:00
[2023-01-01T20:31:50.424-0300] {processor.py:175} INFO - Processing /home/kallox/anaconda3/envs/airflow/lib/python3.7/site-packages/airflow/example_dags/example_trigger_controller_dag.py took 0.082 seconds
[2023-01-01T20:32:20.774-0300] {processor.py:153} INFO - Started process (PID=5822) to work on /home/kallox/anaconda3/envs/airflow/lib/python3.7/site-packages/airflow/example_dags/example_trigger_controller_dag.py
[2023-01-01T20:32:20.774-0300] {processor.py:743} INFO - Processing file /home/kallox/anaconda3/envs/airflow/lib/python3.7/site-packages/airflow/example_dags/example_trigger_controller_dag.py for tasks to queue
[2023-01-01T20:32:20.775-0300] {logging_mixin.py:137} INFO - [2023-01-01T20:32:20.775-0300] {dagbag.py:538} INFO - Filling up the DagBag from /home/kallox/anaconda3/envs/airflow/lib/python3.7/site-packages/airflow/example_dags/example_trigger_controller_dag.py
[2023-01-01T20:32:20.783-0300] {processor.py:753} INFO - DAG(s) dict_keys(['example_trigger_controller_dag']) retrieved from /home/kallox/anaconda3/envs/airflow/lib/python3.7/site-packages/airflow/example_dags/example_trigger_controller_dag.py
[2023-01-01T20:32:20.812-0300] {logging_mixin.py:137} INFO - [2023-01-01T20:32:20.812-0300] {dag.py:2676} INFO - Sync 1 DAGs
[2023-01-01T20:32:20.835-0300] {logging_mixin.py:137} INFO - [2023-01-01T20:32:20.834-0300] {dag.py:3427} INFO - Setting next_dagrun for example_trigger_controller_dag to 2021-01-01T00:00:00+00:00, run_after=2021-01-01T00:00:00+00:00
[2023-01-01T20:32:20.854-0300] {processor.py:175} INFO - Processing /home/kallox/anaconda3/envs/airflow/lib/python3.7/site-packages/airflow/example_dags/example_trigger_controller_dag.py took 0.082 seconds
[2023-01-01T20:32:52.577-0300] {processor.py:153} INFO - Started process (PID=6137) to work on /home/kallox/anaconda3/envs/airflow/lib/python3.7/site-packages/airflow/example_dags/example_trigger_controller_dag.py
[2023-01-01T20:32:52.577-0300] {processor.py:743} INFO - Processing file /home/kallox/anaconda3/envs/airflow/lib/python3.7/site-packages/airflow/example_dags/example_trigger_controller_dag.py for tasks to queue
[2023-01-01T20:32:52.578-0300] {logging_mixin.py:137} INFO - [2023-01-01T20:32:52.578-0300] {dagbag.py:538} INFO - Filling up the DagBag from /home/kallox/anaconda3/envs/airflow/lib/python3.7/site-packages/airflow/example_dags/example_trigger_controller_dag.py
[2023-01-01T20:32:52.586-0300] {processor.py:753} INFO - DAG(s) dict_keys(['example_trigger_controller_dag']) retrieved from /home/kallox/anaconda3/envs/airflow/lib/python3.7/site-packages/airflow/example_dags/example_trigger_controller_dag.py
[2023-01-01T20:32:52.616-0300] {logging_mixin.py:137} INFO - [2023-01-01T20:32:52.616-0300] {dag.py:2676} INFO - Sync 1 DAGs
[2023-01-01T20:32:52.642-0300] {logging_mixin.py:137} INFO - [2023-01-01T20:32:52.642-0300] {dag.py:3427} INFO - Setting next_dagrun for example_trigger_controller_dag to 2021-01-01T00:00:00+00:00, run_after=2021-01-01T00:00:00+00:00
[2023-01-01T20:32:52.660-0300] {processor.py:175} INFO - Processing /home/kallox/anaconda3/envs/airflow/lib/python3.7/site-packages/airflow/example_dags/example_trigger_controller_dag.py took 0.086 seconds
[2023-01-01T20:33:23.473-0300] {processor.py:153} INFO - Started process (PID=6438) to work on /home/kallox/anaconda3/envs/airflow/lib/python3.7/site-packages/airflow/example_dags/example_trigger_controller_dag.py
[2023-01-01T20:33:23.474-0300] {processor.py:743} INFO - Processing file /home/kallox/anaconda3/envs/airflow/lib/python3.7/site-packages/airflow/example_dags/example_trigger_controller_dag.py for tasks to queue
[2023-01-01T20:33:23.474-0300] {logging_mixin.py:137} INFO - [2023-01-01T20:33:23.474-0300] {dagbag.py:538} INFO - Filling up the DagBag from /home/kallox/anaconda3/envs/airflow/lib/python3.7/site-packages/airflow/example_dags/example_trigger_controller_dag.py
[2023-01-01T20:33:23.482-0300] {processor.py:753} INFO - DAG(s) dict_keys(['example_trigger_controller_dag']) retrieved from /home/kallox/anaconda3/envs/airflow/lib/python3.7/site-packages/airflow/example_dags/example_trigger_controller_dag.py
[2023-01-01T20:33:23.510-0300] {logging_mixin.py:137} INFO - [2023-01-01T20:33:23.509-0300] {dag.py:2676} INFO - Sync 1 DAGs
[2023-01-01T20:33:23.532-0300] {logging_mixin.py:137} INFO - [2023-01-01T20:33:23.532-0300] {dag.py:3427} INFO - Setting next_dagrun for example_trigger_controller_dag to 2021-01-01T00:00:00+00:00, run_after=2021-01-01T00:00:00+00:00
[2023-01-01T20:33:23.551-0300] {processor.py:175} INFO - Processing /home/kallox/anaconda3/envs/airflow/lib/python3.7/site-packages/airflow/example_dags/example_trigger_controller_dag.py took 0.080 seconds
