[2023-01-01T20:30:48.723-0300] {processor.py:153} INFO - Started process (PID=3935) to work on /home/kallox/anaconda3/envs/airflow/lib/python3.7/site-packages/airflow/example_dags/example_kubernetes_executor.py
[2023-01-01T20:30:48.724-0300] {processor.py:743} INFO - Processing file /home/kallox/anaconda3/envs/airflow/lib/python3.7/site-packages/airflow/example_dags/example_kubernetes_executor.py for tasks to queue
[2023-01-01T20:30:48.725-0300] {logging_mixin.py:137} INFO - [2023-01-01T20:30:48.725-0300] {dagbag.py:538} INFO - Filling up the DagBag from /home/kallox/anaconda3/envs/airflow/lib/python3.7/site-packages/airflow/example_dags/example_kubernetes_executor.py
[2023-01-01T20:30:48.739-0300] {logging_mixin.py:137} INFO - [2023-01-01T20:30:48.738-0300] {example_kubernetes_executor.py:42} WARNING - The example_kubernetes_executor example DAG requires the kubernetes provider. Please install it with: pip install apache-airflow[cncf.kubernetes]
[2023-01-01T20:30:48.739-0300] {processor.py:755} WARNING - No viable dags retrieved from /home/kallox/anaconda3/envs/airflow/lib/python3.7/site-packages/airflow/example_dags/example_kubernetes_executor.py
[2023-01-01T20:30:48.758-0300] {processor.py:175} INFO - Processing /home/kallox/anaconda3/envs/airflow/lib/python3.7/site-packages/airflow/example_dags/example_kubernetes_executor.py took 0.038 seconds
[2023-01-01T20:31:19.791-0300] {processor.py:153} INFO - Started process (PID=5116) to work on /home/kallox/anaconda3/envs/airflow/lib/python3.7/site-packages/airflow/example_dags/example_kubernetes_executor.py
[2023-01-01T20:31:19.792-0300] {processor.py:743} INFO - Processing file /home/kallox/anaconda3/envs/airflow/lib/python3.7/site-packages/airflow/example_dags/example_kubernetes_executor.py for tasks to queue
[2023-01-01T20:31:19.793-0300] {logging_mixin.py:137} INFO - [2023-01-01T20:31:19.793-0300] {dagbag.py:538} INFO - Filling up the DagBag from /home/kallox/anaconda3/envs/airflow/lib/python3.7/site-packages/airflow/example_dags/example_kubernetes_executor.py
[2023-01-01T20:31:19.807-0300] {logging_mixin.py:137} INFO - [2023-01-01T20:31:19.807-0300] {example_kubernetes_executor.py:42} WARNING - The example_kubernetes_executor example DAG requires the kubernetes provider. Please install it with: pip install apache-airflow[cncf.kubernetes]
[2023-01-01T20:31:19.807-0300] {processor.py:755} WARNING - No viable dags retrieved from /home/kallox/anaconda3/envs/airflow/lib/python3.7/site-packages/airflow/example_dags/example_kubernetes_executor.py
[2023-01-01T20:31:19.822-0300] {processor.py:175} INFO - Processing /home/kallox/anaconda3/envs/airflow/lib/python3.7/site-packages/airflow/example_dags/example_kubernetes_executor.py took 0.034 seconds
[2023-01-01T20:31:50.552-0300] {processor.py:153} INFO - Started process (PID=5481) to work on /home/kallox/anaconda3/envs/airflow/lib/python3.7/site-packages/airflow/example_dags/example_kubernetes_executor.py
[2023-01-01T20:31:50.552-0300] {processor.py:743} INFO - Processing file /home/kallox/anaconda3/envs/airflow/lib/python3.7/site-packages/airflow/example_dags/example_kubernetes_executor.py for tasks to queue
[2023-01-01T20:31:50.553-0300] {logging_mixin.py:137} INFO - [2023-01-01T20:31:50.553-0300] {dagbag.py:538} INFO - Filling up the DagBag from /home/kallox/anaconda3/envs/airflow/lib/python3.7/site-packages/airflow/example_dags/example_kubernetes_executor.py
[2023-01-01T20:31:50.565-0300] {logging_mixin.py:137} INFO - [2023-01-01T20:31:50.565-0300] {example_kubernetes_executor.py:42} WARNING - The example_kubernetes_executor example DAG requires the kubernetes provider. Please install it with: pip install apache-airflow[cncf.kubernetes]
[2023-01-01T20:31:50.565-0300] {processor.py:755} WARNING - No viable dags retrieved from /home/kallox/anaconda3/envs/airflow/lib/python3.7/site-packages/airflow/example_dags/example_kubernetes_executor.py
[2023-01-01T20:31:50.581-0300] {processor.py:175} INFO - Processing /home/kallox/anaconda3/envs/airflow/lib/python3.7/site-packages/airflow/example_dags/example_kubernetes_executor.py took 0.031 seconds
[2023-01-01T20:32:20.930-0300] {processor.py:153} INFO - Started process (PID=5840) to work on /home/kallox/anaconda3/envs/airflow/lib/python3.7/site-packages/airflow/example_dags/example_kubernetes_executor.py
[2023-01-01T20:32:20.931-0300] {processor.py:743} INFO - Processing file /home/kallox/anaconda3/envs/airflow/lib/python3.7/site-packages/airflow/example_dags/example_kubernetes_executor.py for tasks to queue
[2023-01-01T20:32:20.931-0300] {logging_mixin.py:137} INFO - [2023-01-01T20:32:20.931-0300] {dagbag.py:538} INFO - Filling up the DagBag from /home/kallox/anaconda3/envs/airflow/lib/python3.7/site-packages/airflow/example_dags/example_kubernetes_executor.py
[2023-01-01T20:32:20.943-0300] {logging_mixin.py:137} INFO - [2023-01-01T20:32:20.943-0300] {example_kubernetes_executor.py:42} WARNING - The example_kubernetes_executor example DAG requires the kubernetes provider. Please install it with: pip install apache-airflow[cncf.kubernetes]
[2023-01-01T20:32:20.943-0300] {processor.py:755} WARNING - No viable dags retrieved from /home/kallox/anaconda3/envs/airflow/lib/python3.7/site-packages/airflow/example_dags/example_kubernetes_executor.py
[2023-01-01T20:32:20.960-0300] {processor.py:175} INFO - Processing /home/kallox/anaconda3/envs/airflow/lib/python3.7/site-packages/airflow/example_dags/example_kubernetes_executor.py took 0.032 seconds
[2023-01-01T20:32:52.794-0300] {processor.py:153} INFO - Started process (PID=6158) to work on /home/kallox/anaconda3/envs/airflow/lib/python3.7/site-packages/airflow/example_dags/example_kubernetes_executor.py
[2023-01-01T20:32:52.794-0300] {processor.py:743} INFO - Processing file /home/kallox/anaconda3/envs/airflow/lib/python3.7/site-packages/airflow/example_dags/example_kubernetes_executor.py for tasks to queue
[2023-01-01T20:32:52.795-0300] {logging_mixin.py:137} INFO - [2023-01-01T20:32:52.795-0300] {dagbag.py:538} INFO - Filling up the DagBag from /home/kallox/anaconda3/envs/airflow/lib/python3.7/site-packages/airflow/example_dags/example_kubernetes_executor.py
[2023-01-01T20:32:52.807-0300] {logging_mixin.py:137} INFO - [2023-01-01T20:32:52.806-0300] {example_kubernetes_executor.py:42} WARNING - The example_kubernetes_executor example DAG requires the kubernetes provider. Please install it with: pip install apache-airflow[cncf.kubernetes]
[2023-01-01T20:32:52.807-0300] {processor.py:755} WARNING - No viable dags retrieved from /home/kallox/anaconda3/envs/airflow/lib/python3.7/site-packages/airflow/example_dags/example_kubernetes_executor.py
[2023-01-01T20:32:52.821-0300] {processor.py:175} INFO - Processing /home/kallox/anaconda3/envs/airflow/lib/python3.7/site-packages/airflow/example_dags/example_kubernetes_executor.py took 0.030 seconds
[2023-01-01T20:33:23.674-0300] {processor.py:153} INFO - Started process (PID=6459) to work on /home/kallox/anaconda3/envs/airflow/lib/python3.7/site-packages/airflow/example_dags/example_kubernetes_executor.py
[2023-01-01T20:33:23.675-0300] {processor.py:743} INFO - Processing file /home/kallox/anaconda3/envs/airflow/lib/python3.7/site-packages/airflow/example_dags/example_kubernetes_executor.py for tasks to queue
[2023-01-01T20:33:23.675-0300] {logging_mixin.py:137} INFO - [2023-01-01T20:33:23.675-0300] {dagbag.py:538} INFO - Filling up the DagBag from /home/kallox/anaconda3/envs/airflow/lib/python3.7/site-packages/airflow/example_dags/example_kubernetes_executor.py
[2023-01-01T20:33:23.687-0300] {logging_mixin.py:137} INFO - [2023-01-01T20:33:23.687-0300] {example_kubernetes_executor.py:42} WARNING - The example_kubernetes_executor example DAG requires the kubernetes provider. Please install it with: pip install apache-airflow[cncf.kubernetes]
[2023-01-01T20:33:23.687-0300] {processor.py:755} WARNING - No viable dags retrieved from /home/kallox/anaconda3/envs/airflow/lib/python3.7/site-packages/airflow/example_dags/example_kubernetes_executor.py
[2023-01-01T20:33:23.702-0300] {processor.py:175} INFO - Processing /home/kallox/anaconda3/envs/airflow/lib/python3.7/site-packages/airflow/example_dags/example_kubernetes_executor.py took 0.030 seconds
