[2023-01-01T20:30:47.080-0300] {processor.py:153} INFO - Started process (PID=3674) to work on /home/kallox/anaconda3/envs/airflow/lib/python3.7/site-packages/airflow/example_dags/example_nested_branch_dag.py
[2023-01-01T20:30:47.081-0300] {processor.py:743} INFO - Processing file /home/kallox/anaconda3/envs/airflow/lib/python3.7/site-packages/airflow/example_dags/example_nested_branch_dag.py for tasks to queue
[2023-01-01T20:30:47.081-0300] {logging_mixin.py:137} INFO - [2023-01-01T20:30:47.081-0300] {dagbag.py:538} INFO - Filling up the DagBag from /home/kallox/anaconda3/envs/airflow/lib/python3.7/site-packages/airflow/example_dags/example_nested_branch_dag.py
[2023-01-01T20:30:47.102-0300] {processor.py:753} INFO - DAG(s) dict_keys(['example_nested_branch_dag']) retrieved from /home/kallox/anaconda3/envs/airflow/lib/python3.7/site-packages/airflow/example_dags/example_nested_branch_dag.py
[2023-01-01T20:30:47.132-0300] {logging_mixin.py:137} INFO - [2023-01-01T20:30:47.132-0300] {dag.py:2676} INFO - Sync 1 DAGs
[2023-01-01T20:30:47.156-0300] {logging_mixin.py:137} INFO - [2023-01-01T20:30:47.156-0300] {dag.py:3427} INFO - Setting next_dagrun for example_nested_branch_dag to 2022-12-31T00:00:00+00:00, run_after=2023-01-01T00:00:00+00:00
[2023-01-01T20:30:47.173-0300] {processor.py:175} INFO - Processing /home/kallox/anaconda3/envs/airflow/lib/python3.7/site-packages/airflow/example_dags/example_nested_branch_dag.py took 0.095 seconds
[2023-01-01T20:31:18.286-0300] {processor.py:153} INFO - Started process (PID=4941) to work on /home/kallox/anaconda3/envs/airflow/lib/python3.7/site-packages/airflow/example_dags/example_nested_branch_dag.py
[2023-01-01T20:31:18.286-0300] {processor.py:743} INFO - Processing file /home/kallox/anaconda3/envs/airflow/lib/python3.7/site-packages/airflow/example_dags/example_nested_branch_dag.py for tasks to queue
[2023-01-01T20:31:18.287-0300] {logging_mixin.py:137} INFO - [2023-01-01T20:31:18.287-0300] {dagbag.py:538} INFO - Filling up the DagBag from /home/kallox/anaconda3/envs/airflow/lib/python3.7/site-packages/airflow/example_dags/example_nested_branch_dag.py
[2023-01-01T20:31:18.306-0300] {processor.py:753} INFO - DAG(s) dict_keys(['example_nested_branch_dag']) retrieved from /home/kallox/anaconda3/envs/airflow/lib/python3.7/site-packages/airflow/example_dags/example_nested_branch_dag.py
[2023-01-01T20:31:18.336-0300] {logging_mixin.py:137} INFO - [2023-01-01T20:31:18.336-0300] {dag.py:2676} INFO - Sync 1 DAGs
[2023-01-01T20:31:18.360-0300] {logging_mixin.py:137} INFO - [2023-01-01T20:31:18.360-0300] {dag.py:3427} INFO - Setting next_dagrun for example_nested_branch_dag to 2022-12-31T00:00:00+00:00, run_after=2023-01-01T00:00:00+00:00
[2023-01-01T20:31:18.378-0300] {processor.py:175} INFO - Processing /home/kallox/anaconda3/envs/airflow/lib/python3.7/site-packages/airflow/example_dags/example_nested_branch_dag.py took 0.094 seconds
[2023-01-01T20:31:49.037-0300] {processor.py:153} INFO - Started process (PID=5318) to work on /home/kallox/anaconda3/envs/airflow/lib/python3.7/site-packages/airflow/example_dags/example_nested_branch_dag.py
[2023-01-01T20:31:49.038-0300] {processor.py:743} INFO - Processing file /home/kallox/anaconda3/envs/airflow/lib/python3.7/site-packages/airflow/example_dags/example_nested_branch_dag.py for tasks to queue
[2023-01-01T20:31:49.038-0300] {logging_mixin.py:137} INFO - [2023-01-01T20:31:49.038-0300] {dagbag.py:538} INFO - Filling up the DagBag from /home/kallox/anaconda3/envs/airflow/lib/python3.7/site-packages/airflow/example_dags/example_nested_branch_dag.py
[2023-01-01T20:31:49.058-0300] {processor.py:753} INFO - DAG(s) dict_keys(['example_nested_branch_dag']) retrieved from /home/kallox/anaconda3/envs/airflow/lib/python3.7/site-packages/airflow/example_dags/example_nested_branch_dag.py
[2023-01-01T20:31:49.086-0300] {logging_mixin.py:137} INFO - [2023-01-01T20:31:49.086-0300] {dag.py:2676} INFO - Sync 1 DAGs
[2023-01-01T20:31:49.109-0300] {logging_mixin.py:137} INFO - [2023-01-01T20:31:49.109-0300] {dag.py:3427} INFO - Setting next_dagrun for example_nested_branch_dag to 2022-12-31T00:00:00+00:00, run_after=2023-01-01T00:00:00+00:00
[2023-01-01T20:31:49.125-0300] {processor.py:175} INFO - Processing /home/kallox/anaconda3/envs/airflow/lib/python3.7/site-packages/airflow/example_dags/example_nested_branch_dag.py took 0.090 seconds
[2023-01-01T20:32:19.498-0300] {processor.py:153} INFO - Started process (PID=5678) to work on /home/kallox/anaconda3/envs/airflow/lib/python3.7/site-packages/airflow/example_dags/example_nested_branch_dag.py
[2023-01-01T20:32:19.498-0300] {processor.py:743} INFO - Processing file /home/kallox/anaconda3/envs/airflow/lib/python3.7/site-packages/airflow/example_dags/example_nested_branch_dag.py for tasks to queue
[2023-01-01T20:32:19.499-0300] {logging_mixin.py:137} INFO - [2023-01-01T20:32:19.499-0300] {dagbag.py:538} INFO - Filling up the DagBag from /home/kallox/anaconda3/envs/airflow/lib/python3.7/site-packages/airflow/example_dags/example_nested_branch_dag.py
[2023-01-01T20:32:19.518-0300] {processor.py:753} INFO - DAG(s) dict_keys(['example_nested_branch_dag']) retrieved from /home/kallox/anaconda3/envs/airflow/lib/python3.7/site-packages/airflow/example_dags/example_nested_branch_dag.py
[2023-01-01T20:32:19.546-0300] {logging_mixin.py:137} INFO - [2023-01-01T20:32:19.546-0300] {dag.py:2676} INFO - Sync 1 DAGs
[2023-01-01T20:32:19.570-0300] {logging_mixin.py:137} INFO - [2023-01-01T20:32:19.570-0300] {dag.py:3427} INFO - Setting next_dagrun for example_nested_branch_dag to 2022-12-31T00:00:00+00:00, run_after=2023-01-01T00:00:00+00:00
[2023-01-01T20:32:19.587-0300] {processor.py:175} INFO - Processing /home/kallox/anaconda3/envs/airflow/lib/python3.7/site-packages/airflow/example_dags/example_nested_branch_dag.py took 0.092 seconds
[2023-01-01T20:32:51.073-0300] {processor.py:153} INFO - Started process (PID=5993) to work on /home/kallox/anaconda3/envs/airflow/lib/python3.7/site-packages/airflow/example_dags/example_nested_branch_dag.py
[2023-01-01T20:32:51.074-0300] {processor.py:743} INFO - Processing file /home/kallox/anaconda3/envs/airflow/lib/python3.7/site-packages/airflow/example_dags/example_nested_branch_dag.py for tasks to queue
[2023-01-01T20:32:51.074-0300] {logging_mixin.py:137} INFO - [2023-01-01T20:32:51.074-0300] {dagbag.py:538} INFO - Filling up the DagBag from /home/kallox/anaconda3/envs/airflow/lib/python3.7/site-packages/airflow/example_dags/example_nested_branch_dag.py
[2023-01-01T20:32:51.094-0300] {processor.py:753} INFO - DAG(s) dict_keys(['example_nested_branch_dag']) retrieved from /home/kallox/anaconda3/envs/airflow/lib/python3.7/site-packages/airflow/example_dags/example_nested_branch_dag.py
[2023-01-01T20:32:51.123-0300] {logging_mixin.py:137} INFO - [2023-01-01T20:32:51.123-0300] {dag.py:2676} INFO - Sync 1 DAGs
[2023-01-01T20:32:51.147-0300] {logging_mixin.py:137} INFO - [2023-01-01T20:32:51.147-0300] {dag.py:3427} INFO - Setting next_dagrun for example_nested_branch_dag to 2022-12-31T00:00:00+00:00, run_after=2023-01-01T00:00:00+00:00
[2023-01-01T20:32:51.166-0300] {processor.py:175} INFO - Processing /home/kallox/anaconda3/envs/airflow/lib/python3.7/site-packages/airflow/example_dags/example_nested_branch_dag.py took 0.095 seconds
[2023-01-01T20:33:21.961-0300] {processor.py:153} INFO - Started process (PID=6297) to work on /home/kallox/anaconda3/envs/airflow/lib/python3.7/site-packages/airflow/example_dags/example_nested_branch_dag.py
[2023-01-01T20:33:21.962-0300] {processor.py:743} INFO - Processing file /home/kallox/anaconda3/envs/airflow/lib/python3.7/site-packages/airflow/example_dags/example_nested_branch_dag.py for tasks to queue
[2023-01-01T20:33:21.962-0300] {logging_mixin.py:137} INFO - [2023-01-01T20:33:21.962-0300] {dagbag.py:538} INFO - Filling up the DagBag from /home/kallox/anaconda3/envs/airflow/lib/python3.7/site-packages/airflow/example_dags/example_nested_branch_dag.py
[2023-01-01T20:33:21.981-0300] {processor.py:753} INFO - DAG(s) dict_keys(['example_nested_branch_dag']) retrieved from /home/kallox/anaconda3/envs/airflow/lib/python3.7/site-packages/airflow/example_dags/example_nested_branch_dag.py
[2023-01-01T20:33:22.009-0300] {logging_mixin.py:137} INFO - [2023-01-01T20:33:22.009-0300] {dag.py:2676} INFO - Sync 1 DAGs
[2023-01-01T20:33:22.032-0300] {logging_mixin.py:137} INFO - [2023-01-01T20:33:22.031-0300] {dag.py:3427} INFO - Setting next_dagrun for example_nested_branch_dag to 2022-12-31T00:00:00+00:00, run_after=2023-01-01T00:00:00+00:00
[2023-01-01T20:33:22.048-0300] {processor.py:175} INFO - Processing /home/kallox/anaconda3/envs/airflow/lib/python3.7/site-packages/airflow/example_dags/example_nested_branch_dag.py took 0.089 seconds
