[2023-01-01T20:30:48.214-0300] {processor.py:153} INFO - Started process (PID=3801) to work on /home/kallox/anaconda3/envs/airflow/lib/python3.7/site-packages/airflow/example_dags/tutorial_taskflow_api.py
[2023-01-01T20:30:48.215-0300] {processor.py:743} INFO - Processing file /home/kallox/anaconda3/envs/airflow/lib/python3.7/site-packages/airflow/example_dags/tutorial_taskflow_api.py for tasks to queue
[2023-01-01T20:30:48.215-0300] {logging_mixin.py:137} INFO - [2023-01-01T20:30:48.215-0300] {dagbag.py:538} INFO - Filling up the DagBag from /home/kallox/anaconda3/envs/airflow/lib/python3.7/site-packages/airflow/example_dags/tutorial_taskflow_api.py
[2023-01-01T20:30:48.233-0300] {processor.py:753} INFO - DAG(s) dict_keys(['tutorial_taskflow_api']) retrieved from /home/kallox/anaconda3/envs/airflow/lib/python3.7/site-packages/airflow/example_dags/tutorial_taskflow_api.py
[2023-01-01T20:30:48.260-0300] {logging_mixin.py:137} INFO - [2023-01-01T20:30:48.260-0300] {dag.py:2676} INFO - Sync 1 DAGs
[2023-01-01T20:30:48.286-0300] {logging_mixin.py:137} INFO - [2023-01-01T20:30:48.286-0300] {dag.py:3427} INFO - Setting next_dagrun for tutorial_taskflow_api to None, run_after=None
[2023-01-01T20:30:48.308-0300] {processor.py:175} INFO - Processing /home/kallox/anaconda3/envs/airflow/lib/python3.7/site-packages/airflow/example_dags/tutorial_taskflow_api.py took 0.096 seconds
[2023-01-01T20:31:19.385-0300] {processor.py:153} INFO - Started process (PID=5074) to work on /home/kallox/anaconda3/envs/airflow/lib/python3.7/site-packages/airflow/example_dags/tutorial_taskflow_api.py
[2023-01-01T20:31:19.385-0300] {processor.py:743} INFO - Processing file /home/kallox/anaconda3/envs/airflow/lib/python3.7/site-packages/airflow/example_dags/tutorial_taskflow_api.py for tasks to queue
[2023-01-01T20:31:19.386-0300] {logging_mixin.py:137} INFO - [2023-01-01T20:31:19.386-0300] {dagbag.py:538} INFO - Filling up the DagBag from /home/kallox/anaconda3/envs/airflow/lib/python3.7/site-packages/airflow/example_dags/tutorial_taskflow_api.py
[2023-01-01T20:31:19.402-0300] {processor.py:753} INFO - DAG(s) dict_keys(['tutorial_taskflow_api']) retrieved from /home/kallox/anaconda3/envs/airflow/lib/python3.7/site-packages/airflow/example_dags/tutorial_taskflow_api.py
[2023-01-01T20:31:19.429-0300] {logging_mixin.py:137} INFO - [2023-01-01T20:31:19.429-0300] {dag.py:2676} INFO - Sync 1 DAGs
[2023-01-01T20:31:19.451-0300] {logging_mixin.py:137} INFO - [2023-01-01T20:31:19.451-0300] {dag.py:3427} INFO - Setting next_dagrun for tutorial_taskflow_api to None, run_after=None
[2023-01-01T20:31:19.469-0300] {processor.py:175} INFO - Processing /home/kallox/anaconda3/envs/airflow/lib/python3.7/site-packages/airflow/example_dags/tutorial_taskflow_api.py took 0.086 seconds
[2023-01-01T20:31:50.123-0300] {processor.py:153} INFO - Started process (PID=5436) to work on /home/kallox/anaconda3/envs/airflow/lib/python3.7/site-packages/airflow/example_dags/tutorial_taskflow_api.py
[2023-01-01T20:31:50.123-0300] {processor.py:743} INFO - Processing file /home/kallox/anaconda3/envs/airflow/lib/python3.7/site-packages/airflow/example_dags/tutorial_taskflow_api.py for tasks to queue
[2023-01-01T20:31:50.124-0300] {logging_mixin.py:137} INFO - [2023-01-01T20:31:50.124-0300] {dagbag.py:538} INFO - Filling up the DagBag from /home/kallox/anaconda3/envs/airflow/lib/python3.7/site-packages/airflow/example_dags/tutorial_taskflow_api.py
[2023-01-01T20:31:50.141-0300] {processor.py:753} INFO - DAG(s) dict_keys(['tutorial_taskflow_api']) retrieved from /home/kallox/anaconda3/envs/airflow/lib/python3.7/site-packages/airflow/example_dags/tutorial_taskflow_api.py
[2023-01-01T20:31:50.168-0300] {logging_mixin.py:137} INFO - [2023-01-01T20:31:50.168-0300] {dag.py:2676} INFO - Sync 1 DAGs
[2023-01-01T20:31:50.195-0300] {logging_mixin.py:137} INFO - [2023-01-01T20:31:50.195-0300] {dag.py:3427} INFO - Setting next_dagrun for tutorial_taskflow_api to None, run_after=None
[2023-01-01T20:31:50.215-0300] {processor.py:175} INFO - Processing /home/kallox/anaconda3/envs/airflow/lib/python3.7/site-packages/airflow/example_dags/tutorial_taskflow_api.py took 0.095 seconds
[2023-01-01T20:32:20.564-0300] {processor.py:153} INFO - Started process (PID=5798) to work on /home/kallox/anaconda3/envs/airflow/lib/python3.7/site-packages/airflow/example_dags/tutorial_taskflow_api.py
[2023-01-01T20:32:20.565-0300] {processor.py:743} INFO - Processing file /home/kallox/anaconda3/envs/airflow/lib/python3.7/site-packages/airflow/example_dags/tutorial_taskflow_api.py for tasks to queue
[2023-01-01T20:32:20.565-0300] {logging_mixin.py:137} INFO - [2023-01-01T20:32:20.565-0300] {dagbag.py:538} INFO - Filling up the DagBag from /home/kallox/anaconda3/envs/airflow/lib/python3.7/site-packages/airflow/example_dags/tutorial_taskflow_api.py
[2023-01-01T20:32:20.582-0300] {processor.py:753} INFO - DAG(s) dict_keys(['tutorial_taskflow_api']) retrieved from /home/kallox/anaconda3/envs/airflow/lib/python3.7/site-packages/airflow/example_dags/tutorial_taskflow_api.py
[2023-01-01T20:32:20.610-0300] {logging_mixin.py:137} INFO - [2023-01-01T20:32:20.609-0300] {dag.py:2676} INFO - Sync 1 DAGs
[2023-01-01T20:32:20.632-0300] {logging_mixin.py:137} INFO - [2023-01-01T20:32:20.632-0300] {dag.py:3427} INFO - Setting next_dagrun for tutorial_taskflow_api to None, run_after=None
[2023-01-01T20:32:20.649-0300] {processor.py:175} INFO - Processing /home/kallox/anaconda3/envs/airflow/lib/python3.7/site-packages/airflow/example_dags/tutorial_taskflow_api.py took 0.087 seconds
[2023-01-01T20:32:52.357-0300] {processor.py:153} INFO - Started process (PID=6116) to work on /home/kallox/anaconda3/envs/airflow/lib/python3.7/site-packages/airflow/example_dags/tutorial_taskflow_api.py
[2023-01-01T20:32:52.358-0300] {processor.py:743} INFO - Processing file /home/kallox/anaconda3/envs/airflow/lib/python3.7/site-packages/airflow/example_dags/tutorial_taskflow_api.py for tasks to queue
[2023-01-01T20:32:52.358-0300] {logging_mixin.py:137} INFO - [2023-01-01T20:32:52.358-0300] {dagbag.py:538} INFO - Filling up the DagBag from /home/kallox/anaconda3/envs/airflow/lib/python3.7/site-packages/airflow/example_dags/tutorial_taskflow_api.py
[2023-01-01T20:32:52.375-0300] {processor.py:753} INFO - DAG(s) dict_keys(['tutorial_taskflow_api']) retrieved from /home/kallox/anaconda3/envs/airflow/lib/python3.7/site-packages/airflow/example_dags/tutorial_taskflow_api.py
[2023-01-01T20:32:52.404-0300] {logging_mixin.py:137} INFO - [2023-01-01T20:32:52.403-0300] {dag.py:2676} INFO - Sync 1 DAGs
[2023-01-01T20:32:52.426-0300] {logging_mixin.py:137} INFO - [2023-01-01T20:32:52.426-0300] {dag.py:3427} INFO - Setting next_dagrun for tutorial_taskflow_api to None, run_after=None
[2023-01-01T20:32:52.444-0300] {processor.py:175} INFO - Processing /home/kallox/anaconda3/envs/airflow/lib/python3.7/site-packages/airflow/example_dags/tutorial_taskflow_api.py took 0.089 seconds
[2023-01-01T20:33:23.244-0300] {processor.py:153} INFO - Started process (PID=6414) to work on /home/kallox/anaconda3/envs/airflow/lib/python3.7/site-packages/airflow/example_dags/tutorial_taskflow_api.py
[2023-01-01T20:33:23.245-0300] {processor.py:743} INFO - Processing file /home/kallox/anaconda3/envs/airflow/lib/python3.7/site-packages/airflow/example_dags/tutorial_taskflow_api.py for tasks to queue
[2023-01-01T20:33:23.245-0300] {logging_mixin.py:137} INFO - [2023-01-01T20:33:23.245-0300] {dagbag.py:538} INFO - Filling up the DagBag from /home/kallox/anaconda3/envs/airflow/lib/python3.7/site-packages/airflow/example_dags/tutorial_taskflow_api.py
[2023-01-01T20:33:23.262-0300] {processor.py:753} INFO - DAG(s) dict_keys(['tutorial_taskflow_api']) retrieved from /home/kallox/anaconda3/envs/airflow/lib/python3.7/site-packages/airflow/example_dags/tutorial_taskflow_api.py
[2023-01-01T20:33:23.297-0300] {logging_mixin.py:137} INFO - [2023-01-01T20:33:23.297-0300] {dag.py:2676} INFO - Sync 1 DAGs
[2023-01-01T20:33:23.327-0300] {logging_mixin.py:137} INFO - [2023-01-01T20:33:23.327-0300] {dag.py:3427} INFO - Setting next_dagrun for tutorial_taskflow_api to None, run_after=None
[2023-01-01T20:33:23.347-0300] {processor.py:175} INFO - Processing /home/kallox/anaconda3/envs/airflow/lib/python3.7/site-packages/airflow/example_dags/tutorial_taskflow_api.py took 0.105 seconds
