[2023-01-01T20:30:47.652-0300] {processor.py:153} INFO - Started process (PID=3741) to work on /home/kallox/anaconda3/envs/airflow/lib/python3.7/site-packages/airflow/example_dags/tutorial_dag.py
[2023-01-01T20:30:47.653-0300] {processor.py:743} INFO - Processing file /home/kallox/anaconda3/envs/airflow/lib/python3.7/site-packages/airflow/example_dags/tutorial_dag.py for tasks to queue
[2023-01-01T20:30:47.653-0300] {logging_mixin.py:137} INFO - [2023-01-01T20:30:47.653-0300] {dagbag.py:538} INFO - Filling up the DagBag from /home/kallox/anaconda3/envs/airflow/lib/python3.7/site-packages/airflow/example_dags/tutorial_dag.py
[2023-01-01T20:30:47.663-0300] {processor.py:753} INFO - DAG(s) dict_keys(['tutorial_dag']) retrieved from /home/kallox/anaconda3/envs/airflow/lib/python3.7/site-packages/airflow/example_dags/tutorial_dag.py
[2023-01-01T20:30:47.690-0300] {logging_mixin.py:137} INFO - [2023-01-01T20:30:47.690-0300] {dag.py:2676} INFO - Sync 1 DAGs
[2023-01-01T20:30:47.714-0300] {logging_mixin.py:137} INFO - [2023-01-01T20:30:47.714-0300] {dag.py:3427} INFO - Setting next_dagrun for tutorial_dag to None, run_after=None
[2023-01-01T20:30:47.734-0300] {processor.py:175} INFO - Processing /home/kallox/anaconda3/envs/airflow/lib/python3.7/site-packages/airflow/example_dags/tutorial_dag.py took 0.084 seconds
[2023-01-01T20:31:18.846-0300] {processor.py:153} INFO - Started process (PID=4999) to work on /home/kallox/anaconda3/envs/airflow/lib/python3.7/site-packages/airflow/example_dags/tutorial_dag.py
[2023-01-01T20:31:18.847-0300] {processor.py:743} INFO - Processing file /home/kallox/anaconda3/envs/airflow/lib/python3.7/site-packages/airflow/example_dags/tutorial_dag.py for tasks to queue
[2023-01-01T20:31:18.847-0300] {logging_mixin.py:137} INFO - [2023-01-01T20:31:18.847-0300] {dagbag.py:538} INFO - Filling up the DagBag from /home/kallox/anaconda3/envs/airflow/lib/python3.7/site-packages/airflow/example_dags/tutorial_dag.py
[2023-01-01T20:31:18.858-0300] {processor.py:753} INFO - DAG(s) dict_keys(['tutorial_dag']) retrieved from /home/kallox/anaconda3/envs/airflow/lib/python3.7/site-packages/airflow/example_dags/tutorial_dag.py
[2023-01-01T20:31:18.887-0300] {logging_mixin.py:137} INFO - [2023-01-01T20:31:18.887-0300] {dag.py:2676} INFO - Sync 1 DAGs
[2023-01-01T20:31:18.911-0300] {logging_mixin.py:137} INFO - [2023-01-01T20:31:18.911-0300] {dag.py:3427} INFO - Setting next_dagrun for tutorial_dag to None, run_after=None
[2023-01-01T20:31:18.932-0300] {processor.py:175} INFO - Processing /home/kallox/anaconda3/envs/airflow/lib/python3.7/site-packages/airflow/example_dags/tutorial_dag.py took 0.088 seconds
[2023-01-01T20:31:49.608-0300] {processor.py:153} INFO - Started process (PID=5376) to work on /home/kallox/anaconda3/envs/airflow/lib/python3.7/site-packages/airflow/example_dags/tutorial_dag.py
[2023-01-01T20:31:49.608-0300] {processor.py:743} INFO - Processing file /home/kallox/anaconda3/envs/airflow/lib/python3.7/site-packages/airflow/example_dags/tutorial_dag.py for tasks to queue
[2023-01-01T20:31:49.609-0300] {logging_mixin.py:137} INFO - [2023-01-01T20:31:49.609-0300] {dagbag.py:538} INFO - Filling up the DagBag from /home/kallox/anaconda3/envs/airflow/lib/python3.7/site-packages/airflow/example_dags/tutorial_dag.py
[2023-01-01T20:31:49.618-0300] {processor.py:753} INFO - DAG(s) dict_keys(['tutorial_dag']) retrieved from /home/kallox/anaconda3/envs/airflow/lib/python3.7/site-packages/airflow/example_dags/tutorial_dag.py
[2023-01-01T20:31:49.646-0300] {logging_mixin.py:137} INFO - [2023-01-01T20:31:49.646-0300] {dag.py:2676} INFO - Sync 1 DAGs
[2023-01-01T20:31:49.668-0300] {logging_mixin.py:137} INFO - [2023-01-01T20:31:49.668-0300] {dag.py:3427} INFO - Setting next_dagrun for tutorial_dag to None, run_after=None
[2023-01-01T20:31:49.686-0300] {processor.py:175} INFO - Processing /home/kallox/anaconda3/envs/airflow/lib/python3.7/site-packages/airflow/example_dags/tutorial_dag.py took 0.080 seconds
[2023-01-01T20:32:20.054-0300] {processor.py:153} INFO - Started process (PID=5740) to work on /home/kallox/anaconda3/envs/airflow/lib/python3.7/site-packages/airflow/example_dags/tutorial_dag.py
[2023-01-01T20:32:20.054-0300] {processor.py:743} INFO - Processing file /home/kallox/anaconda3/envs/airflow/lib/python3.7/site-packages/airflow/example_dags/tutorial_dag.py for tasks to queue
[2023-01-01T20:32:20.055-0300] {logging_mixin.py:137} INFO - [2023-01-01T20:32:20.055-0300] {dagbag.py:538} INFO - Filling up the DagBag from /home/kallox/anaconda3/envs/airflow/lib/python3.7/site-packages/airflow/example_dags/tutorial_dag.py
[2023-01-01T20:32:20.064-0300] {processor.py:753} INFO - DAG(s) dict_keys(['tutorial_dag']) retrieved from /home/kallox/anaconda3/envs/airflow/lib/python3.7/site-packages/airflow/example_dags/tutorial_dag.py
[2023-01-01T20:32:20.091-0300] {logging_mixin.py:137} INFO - [2023-01-01T20:32:20.091-0300] {dag.py:2676} INFO - Sync 1 DAGs
[2023-01-01T20:32:20.112-0300] {logging_mixin.py:137} INFO - [2023-01-01T20:32:20.112-0300] {dag.py:3427} INFO - Setting next_dagrun for tutorial_dag to None, run_after=None
[2023-01-01T20:32:20.130-0300] {processor.py:175} INFO - Processing /home/kallox/anaconda3/envs/airflow/lib/python3.7/site-packages/airflow/example_dags/tutorial_dag.py took 0.079 seconds
[2023-01-01T20:32:51.737-0300] {processor.py:153} INFO - Started process (PID=6056) to work on /home/kallox/anaconda3/envs/airflow/lib/python3.7/site-packages/airflow/example_dags/tutorial_dag.py
[2023-01-01T20:32:51.738-0300] {processor.py:743} INFO - Processing file /home/kallox/anaconda3/envs/airflow/lib/python3.7/site-packages/airflow/example_dags/tutorial_dag.py for tasks to queue
[2023-01-01T20:32:51.738-0300] {logging_mixin.py:137} INFO - [2023-01-01T20:32:51.738-0300] {dagbag.py:538} INFO - Filling up the DagBag from /home/kallox/anaconda3/envs/airflow/lib/python3.7/site-packages/airflow/example_dags/tutorial_dag.py
[2023-01-01T20:32:51.748-0300] {processor.py:753} INFO - DAG(s) dict_keys(['tutorial_dag']) retrieved from /home/kallox/anaconda3/envs/airflow/lib/python3.7/site-packages/airflow/example_dags/tutorial_dag.py
[2023-01-01T20:32:51.778-0300] {logging_mixin.py:137} INFO - [2023-01-01T20:32:51.778-0300] {dag.py:2676} INFO - Sync 1 DAGs
[2023-01-01T20:32:51.802-0300] {logging_mixin.py:137} INFO - [2023-01-01T20:32:51.801-0300] {dag.py:3427} INFO - Setting next_dagrun for tutorial_dag to None, run_after=None
[2023-01-01T20:32:51.821-0300] {processor.py:175} INFO - Processing /home/kallox/anaconda3/envs/airflow/lib/python3.7/site-packages/airflow/example_dags/tutorial_dag.py took 0.086 seconds
[2023-01-01T20:33:22.613-0300] {processor.py:153} INFO - Started process (PID=6354) to work on /home/kallox/anaconda3/envs/airflow/lib/python3.7/site-packages/airflow/example_dags/tutorial_dag.py
[2023-01-01T20:33:22.613-0300] {processor.py:743} INFO - Processing file /home/kallox/anaconda3/envs/airflow/lib/python3.7/site-packages/airflow/example_dags/tutorial_dag.py for tasks to queue
[2023-01-01T20:33:22.614-0300] {logging_mixin.py:137} INFO - [2023-01-01T20:33:22.614-0300] {dagbag.py:538} INFO - Filling up the DagBag from /home/kallox/anaconda3/envs/airflow/lib/python3.7/site-packages/airflow/example_dags/tutorial_dag.py
[2023-01-01T20:33:22.623-0300] {processor.py:753} INFO - DAG(s) dict_keys(['tutorial_dag']) retrieved from /home/kallox/anaconda3/envs/airflow/lib/python3.7/site-packages/airflow/example_dags/tutorial_dag.py
[2023-01-01T20:33:22.652-0300] {logging_mixin.py:137} INFO - [2023-01-01T20:33:22.652-0300] {dag.py:2676} INFO - Sync 1 DAGs
[2023-01-01T20:33:22.674-0300] {logging_mixin.py:137} INFO - [2023-01-01T20:33:22.674-0300] {dag.py:3427} INFO - Setting next_dagrun for tutorial_dag to None, run_after=None
[2023-01-01T20:33:22.693-0300] {processor.py:175} INFO - Processing /home/kallox/anaconda3/envs/airflow/lib/python3.7/site-packages/airflow/example_dags/tutorial_dag.py took 0.082 seconds
