[2023-01-01T20:30:47.851-0300] {processor.py:153} INFO - Started process (PID=3764) to work on /home/kallox/anaconda3/envs/airflow/lib/python3.7/site-packages/airflow/example_dags/tutorial.py
[2023-01-01T20:30:47.852-0300] {processor.py:743} INFO - Processing file /home/kallox/anaconda3/envs/airflow/lib/python3.7/site-packages/airflow/example_dags/tutorial.py for tasks to queue
[2023-01-01T20:30:47.853-0300] {logging_mixin.py:137} INFO - [2023-01-01T20:30:47.853-0300] {dagbag.py:538} INFO - Filling up the DagBag from /home/kallox/anaconda3/envs/airflow/lib/python3.7/site-packages/airflow/example_dags/tutorial.py
[2023-01-01T20:30:47.864-0300] {processor.py:753} INFO - DAG(s) dict_keys(['tutorial']) retrieved from /home/kallox/anaconda3/envs/airflow/lib/python3.7/site-packages/airflow/example_dags/tutorial.py
[2023-01-01T20:30:47.896-0300] {logging_mixin.py:137} INFO - [2023-01-01T20:30:47.896-0300] {dag.py:2676} INFO - Sync 1 DAGs
[2023-01-01T20:30:47.923-0300] {logging_mixin.py:137} INFO - [2023-01-01T20:30:47.922-0300] {dag.py:3427} INFO - Setting next_dagrun for tutorial to 2022-12-31T23:30:47.922528+00:00, run_after=2023-01-01T23:30:47.922528+00:00
[2023-01-01T20:30:47.945-0300] {processor.py:175} INFO - Processing /home/kallox/anaconda3/envs/airflow/lib/python3.7/site-packages/airflow/example_dags/tutorial.py took 0.096 seconds
[2023-01-01T20:31:19.045-0300] {processor.py:153} INFO - Started process (PID=5023) to work on /home/kallox/anaconda3/envs/airflow/lib/python3.7/site-packages/airflow/example_dags/tutorial.py
[2023-01-01T20:31:19.046-0300] {processor.py:743} INFO - Processing file /home/kallox/anaconda3/envs/airflow/lib/python3.7/site-packages/airflow/example_dags/tutorial.py for tasks to queue
[2023-01-01T20:31:19.047-0300] {logging_mixin.py:137} INFO - [2023-01-01T20:31:19.046-0300] {dagbag.py:538} INFO - Filling up the DagBag from /home/kallox/anaconda3/envs/airflow/lib/python3.7/site-packages/airflow/example_dags/tutorial.py
[2023-01-01T20:31:19.057-0300] {processor.py:753} INFO - DAG(s) dict_keys(['tutorial']) retrieved from /home/kallox/anaconda3/envs/airflow/lib/python3.7/site-packages/airflow/example_dags/tutorial.py
[2023-01-01T20:31:19.086-0300] {logging_mixin.py:137} INFO - [2023-01-01T20:31:19.086-0300] {dag.py:2676} INFO - Sync 1 DAGs
[2023-01-01T20:31:19.108-0300] {logging_mixin.py:137} INFO - [2023-01-01T20:31:19.108-0300] {dag.py:3427} INFO - Setting next_dagrun for tutorial to 2022-12-31T23:31:19.107865+00:00, run_after=2023-01-01T23:31:19.107865+00:00
[2023-01-01T20:31:19.129-0300] {processor.py:175} INFO - Processing /home/kallox/anaconda3/envs/airflow/lib/python3.7/site-packages/airflow/example_dags/tutorial.py took 0.085 seconds
[2023-01-01T20:31:49.800-0300] {processor.py:153} INFO - Started process (PID=5400) to work on /home/kallox/anaconda3/envs/airflow/lib/python3.7/site-packages/airflow/example_dags/tutorial.py
[2023-01-01T20:31:49.801-0300] {processor.py:743} INFO - Processing file /home/kallox/anaconda3/envs/airflow/lib/python3.7/site-packages/airflow/example_dags/tutorial.py for tasks to queue
[2023-01-01T20:31:49.801-0300] {logging_mixin.py:137} INFO - [2023-01-01T20:31:49.801-0300] {dagbag.py:538} INFO - Filling up the DagBag from /home/kallox/anaconda3/envs/airflow/lib/python3.7/site-packages/airflow/example_dags/tutorial.py
[2023-01-01T20:31:49.811-0300] {processor.py:753} INFO - DAG(s) dict_keys(['tutorial']) retrieved from /home/kallox/anaconda3/envs/airflow/lib/python3.7/site-packages/airflow/example_dags/tutorial.py
[2023-01-01T20:31:49.844-0300] {logging_mixin.py:137} INFO - [2023-01-01T20:31:49.844-0300] {dag.py:2676} INFO - Sync 1 DAGs
[2023-01-01T20:31:49.867-0300] {logging_mixin.py:137} INFO - [2023-01-01T20:31:49.867-0300] {dag.py:3427} INFO - Setting next_dagrun for tutorial to 2022-12-31T23:31:49.867650+00:00, run_after=2023-01-01T23:31:49.867650+00:00
[2023-01-01T20:31:49.886-0300] {processor.py:175} INFO - Processing /home/kallox/anaconda3/envs/airflow/lib/python3.7/site-packages/airflow/example_dags/tutorial.py took 0.089 seconds
[2023-01-01T20:32:20.252-0300] {processor.py:153} INFO - Started process (PID=5762) to work on /home/kallox/anaconda3/envs/airflow/lib/python3.7/site-packages/airflow/example_dags/tutorial.py
[2023-01-01T20:32:20.253-0300] {processor.py:743} INFO - Processing file /home/kallox/anaconda3/envs/airflow/lib/python3.7/site-packages/airflow/example_dags/tutorial.py for tasks to queue
[2023-01-01T20:32:20.254-0300] {logging_mixin.py:137} INFO - [2023-01-01T20:32:20.253-0300] {dagbag.py:538} INFO - Filling up the DagBag from /home/kallox/anaconda3/envs/airflow/lib/python3.7/site-packages/airflow/example_dags/tutorial.py
[2023-01-01T20:32:20.264-0300] {processor.py:753} INFO - DAG(s) dict_keys(['tutorial']) retrieved from /home/kallox/anaconda3/envs/airflow/lib/python3.7/site-packages/airflow/example_dags/tutorial.py
[2023-01-01T20:32:20.292-0300] {logging_mixin.py:137} INFO - [2023-01-01T20:32:20.292-0300] {dag.py:2676} INFO - Sync 1 DAGs
[2023-01-01T20:32:20.314-0300] {logging_mixin.py:137} INFO - [2023-01-01T20:32:20.313-0300] {dag.py:3427} INFO - Setting next_dagrun for tutorial to 2022-12-31T23:32:20.313718+00:00, run_after=2023-01-01T23:32:20.313718+00:00
[2023-01-01T20:32:20.331-0300] {processor.py:175} INFO - Processing /home/kallox/anaconda3/envs/airflow/lib/python3.7/site-packages/airflow/example_dags/tutorial.py took 0.081 seconds
[2023-01-01T20:32:51.937-0300] {processor.py:153} INFO - Started process (PID=6077) to work on /home/kallox/anaconda3/envs/airflow/lib/python3.7/site-packages/airflow/example_dags/tutorial.py
[2023-01-01T20:32:51.938-0300] {processor.py:743} INFO - Processing file /home/kallox/anaconda3/envs/airflow/lib/python3.7/site-packages/airflow/example_dags/tutorial.py for tasks to queue
[2023-01-01T20:32:51.938-0300] {logging_mixin.py:137} INFO - [2023-01-01T20:32:51.938-0300] {dagbag.py:538} INFO - Filling up the DagBag from /home/kallox/anaconda3/envs/airflow/lib/python3.7/site-packages/airflow/example_dags/tutorial.py
[2023-01-01T20:32:51.950-0300] {processor.py:753} INFO - DAG(s) dict_keys(['tutorial']) retrieved from /home/kallox/anaconda3/envs/airflow/lib/python3.7/site-packages/airflow/example_dags/tutorial.py
[2023-01-01T20:32:51.980-0300] {logging_mixin.py:137} INFO - [2023-01-01T20:32:51.980-0300] {dag.py:2676} INFO - Sync 1 DAGs
[2023-01-01T20:32:52.003-0300] {logging_mixin.py:137} INFO - [2023-01-01T20:32:52.003-0300] {dag.py:3427} INFO - Setting next_dagrun for tutorial to 2022-12-31T23:32:52.002918+00:00, run_after=2023-01-01T23:32:52.002918+00:00
[2023-01-01T20:32:52.020-0300] {processor.py:175} INFO - Processing /home/kallox/anaconda3/envs/airflow/lib/python3.7/site-packages/airflow/example_dags/tutorial.py took 0.086 seconds
[2023-01-01T20:33:22.904-0300] {processor.py:153} INFO - Started process (PID=6381) to work on /home/kallox/anaconda3/envs/airflow/lib/python3.7/site-packages/airflow/example_dags/tutorial.py
[2023-01-01T20:33:22.905-0300] {processor.py:743} INFO - Processing file /home/kallox/anaconda3/envs/airflow/lib/python3.7/site-packages/airflow/example_dags/tutorial.py for tasks to queue
[2023-01-01T20:33:22.905-0300] {logging_mixin.py:137} INFO - [2023-01-01T20:33:22.905-0300] {dagbag.py:538} INFO - Filling up the DagBag from /home/kallox/anaconda3/envs/airflow/lib/python3.7/site-packages/airflow/example_dags/tutorial.py
[2023-01-01T20:33:22.915-0300] {processor.py:753} INFO - DAG(s) dict_keys(['tutorial']) retrieved from /home/kallox/anaconda3/envs/airflow/lib/python3.7/site-packages/airflow/example_dags/tutorial.py
[2023-01-01T20:33:22.943-0300] {logging_mixin.py:137} INFO - [2023-01-01T20:33:22.943-0300] {dag.py:2676} INFO - Sync 1 DAGs
[2023-01-01T20:33:22.964-0300] {logging_mixin.py:137} INFO - [2023-01-01T20:33:22.964-0300] {dag.py:3427} INFO - Setting next_dagrun for tutorial to 2022-12-31T23:33:22.964610+00:00, run_after=2023-01-01T23:33:22.964610+00:00
[2023-01-01T20:33:22.986-0300] {processor.py:175} INFO - Processing /home/kallox/anaconda3/envs/airflow/lib/python3.7/site-packages/airflow/example_dags/tutorial.py took 0.084 seconds
