[2023-01-01T20:53:33.221-0300] {taskinstance.py:1087} INFO - Dependencies all met for <TaskInstance: get_interactions.string.download_files manual__2023-01-01T23:52:35.703689+00:00 [queued]>
[2023-01-01T20:53:33.238-0300] {taskinstance.py:1087} INFO - Dependencies all met for <TaskInstance: get_interactions.string.download_files manual__2023-01-01T23:52:35.703689+00:00 [queued]>
[2023-01-01T20:53:33.238-0300] {taskinstance.py:1283} INFO - 
--------------------------------------------------------------------------------
[2023-01-01T20:53:33.238-0300] {taskinstance.py:1284} INFO - Starting attempt 2 of 2
[2023-01-01T20:53:33.238-0300] {taskinstance.py:1285} INFO - 
--------------------------------------------------------------------------------
[2023-01-01T20:53:33.254-0300] {taskinstance.py:1304} INFO - Executing <Task(PythonOperator): string.download_files> on 2023-01-01 23:52:35.703689+00:00
[2023-01-01T20:53:33.261-0300] {standard_task_runner.py:55} INFO - Started process 10305 to run task
[2023-01-01T20:53:33.263-0300] {standard_task_runner.py:82} INFO - Running: ['***', 'tasks', 'run', 'get_interactions', 'string.download_files', 'manual__2023-01-01T23:52:35.703689+00:00', '--job-id', '166', '--raw', '--subdir', 'DAGS_FOLDER/get_interactions.py', '--cfg-path', '/tmp/tmpa9m13lja']
[2023-01-01T20:53:33.265-0300] {standard_task_runner.py:83} INFO - Job 166: Subtask string.download_files
[2023-01-01T20:53:33.347-0300] {task_command.py:389} INFO - Running <TaskInstance: get_interactions.string.download_files manual__2023-01-01T23:52:35.703689+00:00 [running]> on host kallo-Ubuntu
[2023-01-01T20:53:33.436-0300] {taskinstance.py:1513} INFO - Exporting the following env vars:
AIRFLOW_CTX_DAG_OWNER=Kallox
AIRFLOW_CTX_DAG_ID=get_interactions
AIRFLOW_CTX_TASK_ID=string.download_files
AIRFLOW_CTX_EXECUTION_DATE=2023-01-01T23:52:35.703689+00:00
AIRFLOW_CTX_TRY_NUMBER=2
AIRFLOW_CTX_DAG_RUN_ID=manual__2023-01-01T23:52:35.703689+00:00
[2023-01-01T20:53:34.607-0300] {logging_mixin.py:137} INFO - 0
[2023-01-01T20:53:35.683-0300] {logging_mixin.py:137} INFO - 1
[2023-01-01T20:54:35.727-0300] {logging_mixin.py:137} INFO - 2 inicia descanso
[2023-01-01T20:54:37.874-0300] {logging_mixin.py:137} INFO - 2
[2023-01-01T20:54:39.059-0300] {logging_mixin.py:137} INFO - 3
[2023-01-01T20:55:39.081-0300] {logging_mixin.py:137} INFO - 4 inicia descanso
[2023-01-01T20:55:40.554-0300] {logging_mixin.py:137} INFO - 4
[2023-01-01T20:55:40.558-0300] {python.py:177} INFO - Done. Returned value was: None
[2023-01-01T20:55:40.582-0300] {taskinstance.py:1327} INFO - Marking task as SUCCESS. dag_id=get_interactions, task_id=string.download_files, execution_date=20230101T235235, start_date=20230101T235333, end_date=20230101T235540
[2023-01-01T20:55:40.659-0300] {local_task_job.py:159} INFO - Task exited with return code 0
[2023-01-01T20:55:40.712-0300] {taskinstance.py:2582} INFO - 1 downstream tasks scheduled from follow-on schedule check
