[2022-12-29T17:27:03.036-0300] {taskinstance.py:1087} INFO - Dependencies all met for <TaskInstance: download_catnap.download_files scheduled__2022-11-15T00:00:00+00:00 [queued]>
[2022-12-29T17:27:03.052-0300] {taskinstance.py:1087} INFO - Dependencies all met for <TaskInstance: download_catnap.download_files scheduled__2022-11-15T00:00:00+00:00 [queued]>
[2022-12-29T17:27:03.053-0300] {taskinstance.py:1283} INFO - 
--------------------------------------------------------------------------------
[2022-12-29T17:27:03.053-0300] {taskinstance.py:1284} INFO - Starting attempt 1 of 1
[2022-12-29T17:27:03.053-0300] {taskinstance.py:1285} INFO - 
--------------------------------------------------------------------------------
[2022-12-29T17:27:03.074-0300] {taskinstance.py:1304} INFO - Executing <Task(PythonOperator): download_files> on 2022-11-15 00:00:00+00:00
[2022-12-29T17:27:03.081-0300] {standard_task_runner.py:55} INFO - Started process 25341 to run task
[2022-12-29T17:27:03.086-0300] {standard_task_runner.py:82} INFO - Running: ['***', 'tasks', 'run', 'download_catnap', 'download_files', 'scheduled__2022-11-15T00:00:00+00:00', '--job-id', '45', '--raw', '--subdir', 'DAGS_FOLDER/download_catnap.py', '--cfg-path', '/tmp/tmpyyr8ulu6']
[2022-12-29T17:27:03.088-0300] {standard_task_runner.py:83} INFO - Job 45: Subtask download_files
[2022-12-29T17:27:03.197-0300] {task_command.py:389} INFO - Running <TaskInstance: download_catnap.download_files scheduled__2022-11-15T00:00:00+00:00 [running]> on host kallo-Ubuntu
[2022-12-29T17:27:03.316-0300] {taskinstance.py:1513} INFO - Exporting the following env vars:
AIRFLOW_CTX_DAG_OWNER=admin
AIRFLOW_CTX_DAG_ID=download_catnap
AIRFLOW_CTX_TASK_ID=download_files
AIRFLOW_CTX_EXECUTION_DATE=2022-11-15T00:00:00+00:00
AIRFLOW_CTX_TRY_NUMBER=1
AIRFLOW_CTX_DAG_RUN_ID=scheduled__2022-11-15T00:00:00+00:00
[2022-12-29T17:27:40.781-0300] {logging_mixin.py:137} INFO - Assay downloaded.
[2022-12-29T17:27:40.793-0300] {logging_mixin.py:137} INFO - Assay.tsv saved.
[2022-12-29T17:27:42.272-0300] {logging_mixin.py:137} INFO - Antibodies downloaded.
[2022-12-29T17:27:42.272-0300] {logging_mixin.py:137} INFO - Antibodies.tsv saved.
[2022-12-29T17:27:43.439-0300] {logging_mixin.py:137} INFO - Antibodies_germlines downloaded.
[2022-12-29T17:27:43.441-0300] {logging_mixin.py:137} INFO - Antibodies_germlines.tsv saved.
[2022-12-29T17:27:45.474-0300] {logging_mixin.py:137} INFO - Antibody_heavy_chain_na_sequences downloaded.
[2022-12-29T17:27:45.476-0300] {logging_mixin.py:137} INFO - Antibody_heavy_chain_na_sequences.fasta saved.
[2022-12-29T17:27:46.923-0300] {logging_mixin.py:137} INFO - Antibody_heavy_chain_aa_sequences downloaded.
[2022-12-29T17:27:46.924-0300] {logging_mixin.py:137} INFO - Antibody_heavy_chain_aa_sequences.fasta saved.
[2022-12-29T17:27:48.757-0300] {logging_mixin.py:137} INFO - Antibody_light_chain_na_sequences downloaded.
[2022-12-29T17:27:48.758-0300] {logging_mixin.py:137} INFO - Antibody_light_chain_na_sequences.fasta saved.
[2022-12-29T17:27:50.131-0300] {logging_mixin.py:137} INFO - Antibody_light_chain_aa_sequences downloaded.
[2022-12-29T17:27:50.133-0300] {logging_mixin.py:137} INFO - Antibody_light_chain_aa_sequences.fasta saved.
[2022-12-29T17:27:52.193-0300] {logging_mixin.py:137} INFO - Viruses downloaded.
[2022-12-29T17:27:52.194-0300] {logging_mixin.py:137} INFO - Viruses.tsv saved.
[2022-12-29T17:28:08.308-0300] {logging_mixin.py:137} INFO - Virus_na_alignment downloaded.
[2022-12-29T17:28:08.313-0300] {logging_mixin.py:137} INFO - Virus_na_alignment.tsv saved.
[2022-12-29T17:28:14.799-0300] {logging_mixin.py:137} INFO - Virus_aa_alignment downloaded.
[2022-12-29T17:28:14.804-0300] {logging_mixin.py:137} INFO - Virus_aa_alignment.tsv saved.
[2022-12-29T17:28:14.805-0300] {python.py:177} INFO - Done. Returned value was: None
[2022-12-29T17:28:14.823-0300] {taskinstance.py:1327} INFO - Marking task as SUCCESS. dag_id=download_catnap, task_id=download_files, execution_date=20221115T000000, start_date=20221229T202703, end_date=20221229T202814
[2022-12-29T17:28:14.878-0300] {local_task_job.py:159} INFO - Task exited with return code 0
[2022-12-29T17:28:14.947-0300] {taskinstance.py:2582} INFO - 1 downstream tasks scheduled from follow-on schedule check
