[2022-12-29T17:28:36.503-0300] {taskinstance.py:1087} INFO - Dependencies all met for <TaskInstance: download_catnap.download_files scheduled__2022-11-27T00:00:00+00:00 [queued]>
[2022-12-29T17:28:36.517-0300] {taskinstance.py:1087} INFO - Dependencies all met for <TaskInstance: download_catnap.download_files scheduled__2022-11-27T00:00:00+00:00 [queued]>
[2022-12-29T17:28:36.518-0300] {taskinstance.py:1283} INFO - 
--------------------------------------------------------------------------------
[2022-12-29T17:28:36.518-0300] {taskinstance.py:1284} INFO - Starting attempt 1 of 1
[2022-12-29T17:28:36.518-0300] {taskinstance.py:1285} INFO - 
--------------------------------------------------------------------------------
[2022-12-29T17:28:36.536-0300] {taskinstance.py:1304} INFO - Executing <Task(PythonOperator): download_files> on 2022-11-27 00:00:00+00:00
[2022-12-29T17:28:36.543-0300] {standard_task_runner.py:55} INFO - Started process 27501 to run task
[2022-12-29T17:28:36.545-0300] {standard_task_runner.py:82} INFO - Running: ['***', 'tasks', 'run', 'download_catnap', 'download_files', 'scheduled__2022-11-27T00:00:00+00:00', '--job-id', '71', '--raw', '--subdir', 'DAGS_FOLDER/download_catnap.py', '--cfg-path', '/tmp/tmp56rjqbt5']
[2022-12-29T17:28:36.546-0300] {standard_task_runner.py:83} INFO - Job 71: Subtask download_files
[2022-12-29T17:28:36.635-0300] {task_command.py:389} INFO - Running <TaskInstance: download_catnap.download_files scheduled__2022-11-27T00:00:00+00:00 [running]> on host kallo-Ubuntu
[2022-12-29T17:28:36.741-0300] {taskinstance.py:1513} INFO - Exporting the following env vars:
AIRFLOW_CTX_DAG_OWNER=admin
AIRFLOW_CTX_DAG_ID=download_catnap
AIRFLOW_CTX_TASK_ID=download_files
AIRFLOW_CTX_EXECUTION_DATE=2022-11-27T00:00:00+00:00
AIRFLOW_CTX_TRY_NUMBER=1
AIRFLOW_CTX_DAG_RUN_ID=scheduled__2022-11-27T00:00:00+00:00
[2022-12-29T17:29:11.543-0300] {logging_mixin.py:137} INFO - Assay downloaded.
[2022-12-29T17:29:11.556-0300] {logging_mixin.py:137} INFO - Assay.tsv saved.
[2022-12-29T17:29:13.162-0300] {logging_mixin.py:137} INFO - Antibodies downloaded.
[2022-12-29T17:29:13.163-0300] {logging_mixin.py:137} INFO - Antibodies.tsv saved.
[2022-12-29T17:29:14.402-0300] {logging_mixin.py:137} INFO - Antibodies_germlines downloaded.
[2022-12-29T17:29:14.403-0300] {logging_mixin.py:137} INFO - Antibodies_germlines.tsv saved.
[2022-12-29T17:29:16.229-0300] {logging_mixin.py:137} INFO - Antibody_heavy_chain_na_sequences downloaded.
[2022-12-29T17:29:16.230-0300] {logging_mixin.py:137} INFO - Antibody_heavy_chain_na_sequences.fasta saved.
[2022-12-29T17:29:17.613-0300] {logging_mixin.py:137} INFO - Antibody_heavy_chain_aa_sequences downloaded.
[2022-12-29T17:29:17.614-0300] {logging_mixin.py:137} INFO - Antibody_heavy_chain_aa_sequences.fasta saved.
[2022-12-29T17:29:19.501-0300] {logging_mixin.py:137} INFO - Antibody_light_chain_na_sequences downloaded.
[2022-12-29T17:29:19.502-0300] {logging_mixin.py:137} INFO - Antibody_light_chain_na_sequences.fasta saved.
[2022-12-29T17:29:20.964-0300] {logging_mixin.py:137} INFO - Antibody_light_chain_aa_sequences downloaded.
[2022-12-29T17:29:20.965-0300] {logging_mixin.py:137} INFO - Antibody_light_chain_aa_sequences.fasta saved.
[2022-12-29T17:29:23.044-0300] {logging_mixin.py:137} INFO - Viruses downloaded.
[2022-12-29T17:29:23.046-0300] {logging_mixin.py:137} INFO - Viruses.tsv saved.
[2022-12-29T17:29:39.195-0300] {logging_mixin.py:137} INFO - Virus_na_alignment downloaded.
[2022-12-29T17:29:39.204-0300] {logging_mixin.py:137} INFO - Virus_na_alignment.tsv saved.
[2022-12-29T17:29:45.821-0300] {logging_mixin.py:137} INFO - Virus_aa_alignment downloaded.
[2022-12-29T17:29:45.824-0300] {logging_mixin.py:137} INFO - Virus_aa_alignment.tsv saved.
[2022-12-29T17:29:45.824-0300] {python.py:177} INFO - Done. Returned value was: None
[2022-12-29T17:29:45.840-0300] {taskinstance.py:1327} INFO - Marking task as SUCCESS. dag_id=download_catnap, task_id=download_files, execution_date=20221127T000000, start_date=20221229T202836, end_date=20221229T202945
[2022-12-29T17:29:46.034-0300] {local_task_job.py:159} INFO - Task exited with return code 0
[2022-12-29T17:29:46.071-0300] {taskinstance.py:2582} INFO - 1 downstream tasks scheduled from follow-on schedule check
