[2023-01-01T21:03:48.578-0300] {taskinstance.py:1087} INFO - Dependencies all met for <TaskInstance: get_interactions.string.download_files manual__2023-01-02T00:03:45.540566+00:00 [queued]>
[2023-01-01T21:03:48.591-0300] {taskinstance.py:1087} INFO - Dependencies all met for <TaskInstance: get_interactions.string.download_files manual__2023-01-02T00:03:45.540566+00:00 [queued]>
[2023-01-01T21:03:48.591-0300] {taskinstance.py:1283} INFO - 
--------------------------------------------------------------------------------
[2023-01-01T21:03:48.591-0300] {taskinstance.py:1284} INFO - Starting attempt 1 of 1
[2023-01-01T21:03:48.591-0300] {taskinstance.py:1285} INFO - 
--------------------------------------------------------------------------------
[2023-01-01T21:03:48.610-0300] {taskinstance.py:1304} INFO - Executing <Task(PythonOperator): string.download_files> on 2023-01-02 00:03:45.540566+00:00
[2023-01-01T21:03:48.614-0300] {standard_task_runner.py:55} INFO - Started process 12407 to run task
[2023-01-01T21:03:48.616-0300] {standard_task_runner.py:82} INFO - Running: ['***', 'tasks', 'run', 'get_interactions', 'string.download_files', 'manual__2023-01-02T00:03:45.540566+00:00', '--job-id', '179', '--raw', '--subdir', 'DAGS_FOLDER/get_interactions.py', '--cfg-path', '/tmp/tmpwxkt58pp']
[2023-01-01T21:03:48.617-0300] {standard_task_runner.py:83} INFO - Job 179: Subtask string.download_files
[2023-01-01T21:03:48.686-0300] {task_command.py:389} INFO - Running <TaskInstance: get_interactions.string.download_files manual__2023-01-02T00:03:45.540566+00:00 [running]> on host kallo-Ubuntu
[2023-01-01T21:03:48.760-0300] {taskinstance.py:1513} INFO - Exporting the following env vars:
AIRFLOW_CTX_DAG_OWNER=Kallox
AIRFLOW_CTX_DAG_ID=get_interactions
AIRFLOW_CTX_TASK_ID=string.download_files
AIRFLOW_CTX_EXECUTION_DATE=2023-01-02T00:03:45.540566+00:00
AIRFLOW_CTX_TRY_NUMBER=1
AIRFLOW_CTX_DAG_RUN_ID=manual__2023-01-02T00:03:45.540566+00:00
[2023-01-01T21:03:50.258-0300] {logging_mixin.py:137} INFO - 0
[2023-01-01T21:03:51.365-0300] {logging_mixin.py:137} INFO - 1
[2023-01-01T21:04:51.425-0300] {logging_mixin.py:137} INFO - 2 inicia descanso
[2023-01-01T21:04:52.969-0300] {logging_mixin.py:137} INFO - 2
[2023-01-01T21:04:54.114-0300] {logging_mixin.py:137} INFO - 3
[2023-01-01T21:05:54.175-0300] {logging_mixin.py:137} INFO - 4 inicia descanso
[2023-01-01T21:05:55.605-0300] {logging_mixin.py:137} INFO - 4
[2023-01-01T21:05:55.610-0300] {python.py:177} INFO - Done. Returned value was: None
[2023-01-01T21:05:55.631-0300] {taskinstance.py:1327} INFO - Marking task as SUCCESS. dag_id=get_interactions, task_id=string.download_files, execution_date=20230102T000345, start_date=20230102T000348, end_date=20230102T000555
[2023-01-01T21:05:55.662-0300] {local_task_job.py:159} INFO - Task exited with return code 0
[2023-01-01T21:05:55.720-0300] {taskinstance.py:2582} INFO - 1 downstream tasks scheduled from follow-on schedule check
