[2023-01-03T22:27:22.100-0300] {taskinstance.py:1087} INFO - Dependencies all met for <TaskInstance: get_epitopes.iedb scheduled__2022-12-01T00:00:00+00:00 [queued]>
[2023-01-03T22:27:22.113-0300] {taskinstance.py:1087} INFO - Dependencies all met for <TaskInstance: get_epitopes.iedb scheduled__2022-12-01T00:00:00+00:00 [queued]>
[2023-01-03T22:27:22.113-0300] {taskinstance.py:1283} INFO - 
--------------------------------------------------------------------------------
[2023-01-03T22:27:22.113-0300] {taskinstance.py:1284} INFO - Starting attempt 1 of 1
[2023-01-03T22:27:22.113-0300] {taskinstance.py:1285} INFO - 
--------------------------------------------------------------------------------
[2023-01-03T22:27:22.126-0300] {taskinstance.py:1304} INFO - Executing <Task(PythonOperator): iedb> on 2022-12-01 00:00:00+00:00
[2023-01-03T22:27:22.130-0300] {standard_task_runner.py:55} INFO - Started process 20492 to run task
[2023-01-03T22:27:22.133-0300] {standard_task_runner.py:82} INFO - Running: ['***', 'tasks', 'run', 'get_epitopes', 'iedb', 'scheduled__2022-12-01T00:00:00+00:00', '--job-id', '222', '--raw', '--subdir', 'DAGS_FOLDER/get_epitopes.py', '--cfg-path', '/tmp/tmpwd332mul']
[2023-01-03T22:27:22.134-0300] {standard_task_runner.py:83} INFO - Job 222: Subtask iedb
[2023-01-03T22:27:22.206-0300] {task_command.py:389} INFO - Running <TaskInstance: get_epitopes.iedb scheduled__2022-12-01T00:00:00+00:00 [running]> on host kallo-Ubuntu
[2023-01-03T22:27:22.279-0300] {taskinstance.py:1513} INFO - Exporting the following env vars:
AIRFLOW_CTX_DAG_OWNER=Kallox
AIRFLOW_CTX_DAG_ID=get_epitopes
AIRFLOW_CTX_TASK_ID=iedb
AIRFLOW_CTX_EXECUTION_DATE=2022-12-01T00:00:00+00:00
AIRFLOW_CTX_TRY_NUMBER=1
AIRFLOW_CTX_DAG_RUN_ID=scheduled__2022-12-01T00:00:00+00:00
[2023-01-03T22:27:31.649-0300] {logging_mixin.py:137} WARNING - /home/kallox/anaconda3/envs/***/lib/python3.7/site-packages/***/operators/python.py:192 DtypeWarning: Columns (3,4,5,6,7,8,17,18,19,20,21,22,23,24,25,26,27,28,29,30,31,32) have mixed types.Specify dtype option on import or set low_memory=False.
[2023-01-03T22:27:32.232-0300] {taskinstance.py:1772} ERROR - Task failed with exception
Traceback (most recent call last):
  File "/home/kallox/anaconda3/envs/airflow/lib/python3.7/site-packages/airflow/operators/python.py", line 175, in execute
    return_value = self.execute_callable()
  File "/home/kallox/anaconda3/envs/airflow/lib/python3.7/site-packages/airflow/operators/python.py", line 192, in execute_callable
    return self.python_callable(*self.op_args, **self.op_kwargs)
  File "/home/kallox/airflow/dags/scripts/iedb/drop_columns.py", line 31, in drop_columns_epitopes
    epitope = epitope.drop(columns=columns_to_drop)
  File "/home/kallox/anaconda3/envs/airflow/lib/python3.7/site-packages/pandas/util/_decorators.py", line 311, in wrapper
    return func(*args, **kwargs)
  File "/home/kallox/anaconda3/envs/airflow/lib/python3.7/site-packages/pandas/core/frame.py", line 4913, in drop
    errors=errors,
  File "/home/kallox/anaconda3/envs/airflow/lib/python3.7/site-packages/pandas/core/generic.py", line 4150, in drop
    obj = obj._drop_axis(labels, axis, level=level, errors=errors)
  File "/home/kallox/anaconda3/envs/airflow/lib/python3.7/site-packages/pandas/core/generic.py", line 4185, in _drop_axis
    new_axis = axis.drop(labels, errors=errors)
  File "/home/kallox/anaconda3/envs/airflow/lib/python3.7/site-packages/pandas/core/indexes/base.py", line 6017, in drop
    raise KeyError(f"{labels[mask]} not found in axis")
KeyError: "['Epitope Modified Residue(s)' 'Epitope Modification(s)'\n 'Non-peptidic epitope IRI' 'Parent Protein' 'Parent Protein IRI'\n 'Organism Name' 'Organism IRI' 'Parent Organism' 'Parent Organism IRI'\n 'Epitope Comments' 'Non-peptidic object IRI' 'Parent Protein.1'\n 'Parent Protein IRI.1' 'Organism Name.1' 'Organism IRI.1'\n 'Parent Organism.1' 'Parent Organism IRI.1' 'Epitope Synonyms'\n 'Epitope Relationship' 'Synonyms' 'Antigen IRI.1' 'Antigen Name.1'\n 'Ending Position.1' 'Starting Position.1' 'Description.1' 'Object Type.1'\n 'Starting Position' 'Ending Position' 'Antigen Name'] not found in axis"
[2023-01-03T22:27:32.252-0300] {taskinstance.py:1327} INFO - Marking task as FAILED. dag_id=get_epitopes, task_id=iedb, execution_date=20221201T000000, start_date=20230104T012722, end_date=20230104T012732
[2023-01-03T22:27:32.262-0300] {standard_task_runner.py:105} ERROR - Failed to execute job 222 for task iedb ("['Epitope Modified Residue(s)' 'Epitope Modification(s)'\n 'Non-peptidic epitope IRI' 'Parent Protein' 'Parent Protein IRI'\n 'Organism Name' 'Organism IRI' 'Parent Organism' 'Parent Organism IRI'\n 'Epitope Comments' 'Non-peptidic object IRI' 'Parent Protein.1'\n 'Parent Protein IRI.1' 'Organism Name.1' 'Organism IRI.1'\n 'Parent Organism.1' 'Parent Organism IRI.1' 'Epitope Synonyms'\n 'Epitope Relationship' 'Synonyms' 'Antigen IRI.1' 'Antigen Name.1'\n 'Ending Position.1' 'Starting Position.1' 'Description.1' 'Object Type.1'\n 'Starting Position' 'Ending Position' 'Antigen Name'] not found in axis"; 20492)
[2023-01-03T22:27:32.347-0300] {local_task_job.py:159} INFO - Task exited with return code 1
[2023-01-03T22:27:32.374-0300] {taskinstance.py:2582} INFO - 0 downstream tasks scheduled from follow-on schedule check
