[2023-02-14T22:50:27.006-0300] {taskinstance.py:1087} INFO - Dependencies all met for <TaskInstance: download_uniprot.extract_files manual__2023-02-15T01:37:11.265628+00:00 [queued]>
[2023-02-14T22:50:27.016-0300] {taskinstance.py:1087} INFO - Dependencies all met for <TaskInstance: download_uniprot.extract_files manual__2023-02-15T01:37:11.265628+00:00 [queued]>
[2023-02-14T22:50:27.016-0300] {taskinstance.py:1283} INFO - 
--------------------------------------------------------------------------------
[2023-02-14T22:50:27.016-0300] {taskinstance.py:1284} INFO - Starting attempt 1 of 1
[2023-02-14T22:50:27.016-0300] {taskinstance.py:1285} INFO - 
--------------------------------------------------------------------------------
[2023-02-14T22:50:27.035-0300] {taskinstance.py:1304} INFO - Executing <Task(PythonOperator): extract_files> on 2023-02-15 01:37:11.265628+00:00
[2023-02-14T22:50:27.039-0300] {standard_task_runner.py:55} INFO - Started process 18767 to run task
[2023-02-14T22:50:27.042-0300] {standard_task_runner.py:82} INFO - Running: ['***', 'tasks', 'run', 'download_uniprot', 'extract_files', 'manual__2023-02-15T01:37:11.265628+00:00', '--job-id', '401', '--raw', '--subdir', 'DAGS_FOLDER/download_uniprot.py', '--cfg-path', '/tmp/tmpfp8o6t7u']
[2023-02-14T22:50:27.043-0300] {standard_task_runner.py:83} INFO - Job 401: Subtask extract_files
[2023-02-14T22:50:27.100-0300] {task_command.py:389} INFO - Running <TaskInstance: download_uniprot.extract_files manual__2023-02-15T01:37:11.265628+00:00 [running]> on host kallo-Ubuntu
[2023-02-14T22:50:27.165-0300] {taskinstance.py:1513} INFO - Exporting the following env vars:
AIRFLOW_CTX_DAG_OWNER=Kallox
AIRFLOW_CTX_DAG_ID=download_uniprot
AIRFLOW_CTX_TASK_ID=extract_files
AIRFLOW_CTX_EXECUTION_DATE=2023-02-15T01:37:11.265628+00:00
AIRFLOW_CTX_TRY_NUMBER=1
AIRFLOW_CTX_DAG_RUN_ID=manual__2023-02-15T01:37:11.265628+00:00
[2023-02-14T22:50:38.096-0300] {logging_mixin.py:137} INFO - 3000
[2023-02-14T22:50:41.943-0300] {logging_mixin.py:137} INFO - 4000
[2023-02-14T22:50:46.581-0300] {logging_mixin.py:137} INFO - 5000
[2023-02-14T22:50:53.756-0300] {logging_mixin.py:137} INFO - 7000
[2023-02-14T22:50:58.571-0300] {logging_mixin.py:137} INFO - 8000
[2023-02-14T22:51:09.130-0300] {logging_mixin.py:137} INFO - 11000
[2023-02-14T22:51:18.620-0300] {logging_mixin.py:137} INFO - 12000
[2023-02-14T22:51:29.726-0300] {logging_mixin.py:137} INFO - 13000
[2023-02-14T22:51:43.076-0300] {logging_mixin.py:137} INFO - 14000
[2023-02-14T22:51:57.489-0300] {logging_mixin.py:137} INFO - 15000
[2023-02-14T22:52:13.577-0300] {logging_mixin.py:137} INFO - 16000
[2023-02-14T22:52:30.715-0300] {logging_mixin.py:137} INFO - 17000
[2023-02-14T22:52:49.461-0300] {logging_mixin.py:137} INFO - 18000
[2023-02-14T22:53:09.533-0300] {logging_mixin.py:137} INFO - 19000
[2023-02-14T22:53:30.763-0300] {logging_mixin.py:137} INFO - 20000
[2023-02-14T22:53:53.526-0300] {logging_mixin.py:137} INFO - 21000
[2023-02-14T22:54:17.676-0300] {logging_mixin.py:137} INFO - 22000
[2023-02-14T22:54:43.205-0300] {logging_mixin.py:137} INFO - 23000
[2023-02-14T22:55:09.683-0300] {logging_mixin.py:137} INFO - 24000
[2023-02-14T22:55:37.877-0300] {logging_mixin.py:137} INFO - 25000
[2023-02-14T22:56:07.593-0300] {logging_mixin.py:137} INFO - 26000
[2023-02-14T22:56:44.702-0300] {logging_mixin.py:137} INFO - 2000
[2023-02-14T22:56:49.135-0300] {logging_mixin.py:137} INFO - 3000
[2023-02-14T22:57:40.565-0300] {logging_mixin.py:137} INFO - 1000
[2023-02-14T22:57:43.277-0300] {logging_mixin.py:137} INFO - 2000
[2023-02-14T22:57:50.907-0300] {logging_mixin.py:137} INFO - 4000
[2023-02-14T22:57:55.826-0300] {logging_mixin.py:137} INFO - 5000
[2023-02-14T22:58:07.531-0300] {logging_mixin.py:137} INFO - 7000
[2023-02-14T22:58:23.833-0300] {logging_mixin.py:137} INFO - 9000
[2023-02-14T22:58:34.651-0300] {logging_mixin.py:137} INFO - 10000
[2023-02-14T22:58:44.839-0300] {logging_mixin.py:137} INFO - 11000
[2023-02-14T22:58:55.784-0300] {logging_mixin.py:137} INFO - 12000
[2023-02-14T22:59:20.002-0300] {logging_mixin.py:137} INFO - 14000
[2023-02-14T22:59:33.542-0300] {logging_mixin.py:137} INFO - 15000
[2023-02-14T23:00:02.961-0300] {logging_mixin.py:137} INFO - 17000
[2023-02-14T23:00:19.668-0300] {logging_mixin.py:137} INFO - 18000
[2023-02-14T23:00:36.442-0300] {logging_mixin.py:137} INFO - 19000
[2023-02-14T23:01:14.051-0300] {logging_mixin.py:137} INFO - 21000
[2023-02-14T23:01:33.837-0300] {logging_mixin.py:137} INFO - 22000
[2023-02-14T23:02:18.109-0300] {logging_mixin.py:137} INFO - 24000
[2023-02-14T23:02:42.443-0300] {logging_mixin.py:137} INFO - 25000
[2023-02-14T23:03:08.357-0300] {logging_mixin.py:137} INFO - 26000
[2023-02-14T23:03:36.324-0300] {logging_mixin.py:137} INFO - 27000
[2023-02-14T23:03:58.117-0300] {logging_mixin.py:137} INFO - 28000
[2023-02-14T23:05:09.815-0300] {logging_mixin.py:137} INFO - 31000
[2023-02-14T23:05:43.224-0300] {logging_mixin.py:137} INFO - 32000
[2023-02-14T23:06:20.280-0300] {logging_mixin.py:137} INFO - 33000
[2023-02-14T23:06:59.777-0300] {logging_mixin.py:137} INFO - 34000
[2023-02-14T23:08:20.744-0300] {logging_mixin.py:137} INFO - 36000
[2023-02-14T23:09:00.675-0300] {logging_mixin.py:137} INFO - 37000
[2023-02-14T23:09:27.487-0300] {local_task_job.py:224} WARNING - State of this instance has been externally set to failed. Terminating instance.
[2023-02-14T23:09:27.519-0300] {process_utils.py:133} INFO - Sending Signals.SIGTERM to group 18767. PIDs of all processes in the group: [18767]
[2023-02-14T23:09:27.521-0300] {process_utils.py:84} INFO - Sending the signal Signals.SIGTERM to group 18767
[2023-02-14T23:09:27.521-0300] {taskinstance.py:1483} ERROR - Received SIGTERM. Terminating subprocesses.
[2023-02-14T23:09:52.568-0300] {process_utils.py:79} INFO - Process psutil.Process(pid=18767, status='terminated', exitcode=0, started='22:50:26') (18767) terminated with exit code 0
