[2022-12-29T17:31:21.962-0300] {taskinstance.py:1087} INFO - Dependencies all met for <TaskInstance: download_catnap.download_files scheduled__2022-12-24T00:00:00+00:00 [queued]>
[2022-12-29T17:31:21.976-0300] {taskinstance.py:1087} INFO - Dependencies all met for <TaskInstance: download_catnap.download_files scheduled__2022-12-24T00:00:00+00:00 [queued]>
[2022-12-29T17:31:21.976-0300] {taskinstance.py:1283} INFO - 
--------------------------------------------------------------------------------
[2022-12-29T17:31:21.977-0300] {taskinstance.py:1284} INFO - Starting attempt 1 of 1
[2022-12-29T17:31:21.977-0300] {taskinstance.py:1285} INFO - 
--------------------------------------------------------------------------------
[2022-12-29T17:31:21.993-0300] {taskinstance.py:1304} INFO - Executing <Task(PythonOperator): download_files> on 2022-12-24 00:00:00+00:00
[2022-12-29T17:31:21.999-0300] {standard_task_runner.py:55} INFO - Started process 31678 to run task
[2022-12-29T17:31:22.001-0300] {standard_task_runner.py:82} INFO - Running: ['***', 'tasks', 'run', 'download_catnap', 'download_files', 'scheduled__2022-12-24T00:00:00+00:00', '--job-id', '130', '--raw', '--subdir', 'DAGS_FOLDER/download_catnap.py', '--cfg-path', '/tmp/tmp9odmkwk7']
[2022-12-29T17:31:22.003-0300] {standard_task_runner.py:83} INFO - Job 130: Subtask download_files
[2022-12-29T17:31:22.089-0300] {task_command.py:389} INFO - Running <TaskInstance: download_catnap.download_files scheduled__2022-12-24T00:00:00+00:00 [running]> on host kallo-Ubuntu
[2022-12-29T17:31:22.180-0300] {taskinstance.py:1513} INFO - Exporting the following env vars:
AIRFLOW_CTX_DAG_OWNER=admin
AIRFLOW_CTX_DAG_ID=download_catnap
AIRFLOW_CTX_TASK_ID=download_files
AIRFLOW_CTX_EXECUTION_DATE=2022-12-24T00:00:00+00:00
AIRFLOW_CTX_TRY_NUMBER=1
AIRFLOW_CTX_DAG_RUN_ID=scheduled__2022-12-24T00:00:00+00:00
[2022-12-29T17:31:59.194-0300] {logging_mixin.py:137} INFO - Assay downloaded.
[2022-12-29T17:31:59.218-0300] {logging_mixin.py:137} INFO - Assay.tsv saved.
[2022-12-29T17:32:00.683-0300] {logging_mixin.py:137} INFO - Antibodies downloaded.
[2022-12-29T17:32:00.685-0300] {logging_mixin.py:137} INFO - Antibodies.tsv saved.
[2022-12-29T17:32:01.942-0300] {logging_mixin.py:137} INFO - Antibodies_germlines downloaded.
[2022-12-29T17:32:01.943-0300] {logging_mixin.py:137} INFO - Antibodies_germlines.tsv saved.
[2022-12-29T17:32:03.897-0300] {logging_mixin.py:137} INFO - Antibody_heavy_chain_na_sequences downloaded.
[2022-12-29T17:32:03.899-0300] {logging_mixin.py:137} INFO - Antibody_heavy_chain_na_sequences.fasta saved.
[2022-12-29T17:32:05.477-0300] {logging_mixin.py:137} INFO - Antibody_heavy_chain_aa_sequences downloaded.
[2022-12-29T17:32:05.479-0300] {logging_mixin.py:137} INFO - Antibody_heavy_chain_aa_sequences.fasta saved.
[2022-12-29T17:32:07.168-0300] {logging_mixin.py:137} INFO - Antibody_light_chain_na_sequences downloaded.
[2022-12-29T17:32:07.170-0300] {logging_mixin.py:137} INFO - Antibody_light_chain_na_sequences.fasta saved.
[2022-12-29T17:32:08.690-0300] {logging_mixin.py:137} INFO - Antibody_light_chain_aa_sequences downloaded.
[2022-12-29T17:32:08.692-0300] {logging_mixin.py:137} INFO - Antibody_light_chain_aa_sequences.fasta saved.
[2022-12-29T17:32:10.555-0300] {logging_mixin.py:137} INFO - Viruses downloaded.
[2022-12-29T17:32:10.556-0300] {logging_mixin.py:137} INFO - Viruses.tsv saved.
[2022-12-29T17:32:27.195-0300] {logging_mixin.py:137} INFO - Virus_na_alignment downloaded.
[2022-12-29T17:32:27.203-0300] {logging_mixin.py:137} INFO - Virus_na_alignment.tsv saved.
[2022-12-29T17:32:33.364-0300] {logging_mixin.py:137} INFO - Virus_aa_alignment downloaded.
[2022-12-29T17:32:33.367-0300] {logging_mixin.py:137} INFO - Virus_aa_alignment.tsv saved.
[2022-12-29T17:32:33.368-0300] {python.py:177} INFO - Done. Returned value was: None
[2022-12-29T17:32:33.386-0300] {taskinstance.py:1327} INFO - Marking task as SUCCESS. dag_id=download_catnap, task_id=download_files, execution_date=20221224T000000, start_date=20221229T203121, end_date=20221229T203233
[2022-12-29T17:32:33.446-0300] {local_task_job.py:159} INFO - Task exited with return code 0
[2022-12-29T17:32:33.494-0300] {taskinstance.py:2582} INFO - 1 downstream tasks scheduled from follow-on schedule check
