[2022-12-29T17:27:03.587-0300] {taskinstance.py:1087} INFO - Dependencies all met for <TaskInstance: download_catnap.download_files scheduled__2022-11-17T00:00:00+00:00 [queued]>
[2022-12-29T17:27:03.603-0300] {taskinstance.py:1087} INFO - Dependencies all met for <TaskInstance: download_catnap.download_files scheduled__2022-11-17T00:00:00+00:00 [queued]>
[2022-12-29T17:27:03.603-0300] {taskinstance.py:1283} INFO - 
--------------------------------------------------------------------------------
[2022-12-29T17:27:03.603-0300] {taskinstance.py:1284} INFO - Starting attempt 1 of 1
[2022-12-29T17:27:03.603-0300] {taskinstance.py:1285} INFO - 
--------------------------------------------------------------------------------
[2022-12-29T17:27:03.619-0300] {taskinstance.py:1304} INFO - Executing <Task(PythonOperator): download_files> on 2022-11-17 00:00:00+00:00
[2022-12-29T17:27:03.625-0300] {standard_task_runner.py:55} INFO - Started process 25417 to run task
[2022-12-29T17:27:03.627-0300] {standard_task_runner.py:82} INFO - Running: ['***', 'tasks', 'run', 'download_catnap', 'download_files', 'scheduled__2022-11-17T00:00:00+00:00', '--job-id', '47', '--raw', '--subdir', 'DAGS_FOLDER/download_catnap.py', '--cfg-path', '/tmp/tmppncxv3sr']
[2022-12-29T17:27:03.628-0300] {standard_task_runner.py:83} INFO - Job 47: Subtask download_files
[2022-12-29T17:27:03.712-0300] {task_command.py:389} INFO - Running <TaskInstance: download_catnap.download_files scheduled__2022-11-17T00:00:00+00:00 [running]> on host kallo-Ubuntu
[2022-12-29T17:27:03.794-0300] {taskinstance.py:1513} INFO - Exporting the following env vars:
AIRFLOW_CTX_DAG_OWNER=admin
AIRFLOW_CTX_DAG_ID=download_catnap
AIRFLOW_CTX_TASK_ID=download_files
AIRFLOW_CTX_EXECUTION_DATE=2022-11-17T00:00:00+00:00
AIRFLOW_CTX_TRY_NUMBER=1
AIRFLOW_CTX_DAG_RUN_ID=scheduled__2022-11-17T00:00:00+00:00
[2022-12-29T17:27:39.494-0300] {logging_mixin.py:137} INFO - Assay downloaded.
[2022-12-29T17:27:39.508-0300] {logging_mixin.py:137} INFO - Assay.tsv saved.
[2022-12-29T17:27:41.287-0300] {logging_mixin.py:137} INFO - Antibodies downloaded.
[2022-12-29T17:27:41.288-0300] {logging_mixin.py:137} INFO - Antibodies.tsv saved.
[2022-12-29T17:27:42.496-0300] {logging_mixin.py:137} INFO - Antibodies_germlines downloaded.
[2022-12-29T17:27:42.497-0300] {logging_mixin.py:137} INFO - Antibodies_germlines.tsv saved.
[2022-12-29T17:27:44.228-0300] {logging_mixin.py:137} INFO - Antibody_heavy_chain_na_sequences downloaded.
[2022-12-29T17:27:44.229-0300] {logging_mixin.py:137} INFO - Antibody_heavy_chain_na_sequences.fasta saved.
[2022-12-29T17:27:45.634-0300] {logging_mixin.py:137} INFO - Antibody_heavy_chain_aa_sequences downloaded.
[2022-12-29T17:27:45.635-0300] {logging_mixin.py:137} INFO - Antibody_heavy_chain_aa_sequences.fasta saved.
[2022-12-29T17:27:47.415-0300] {logging_mixin.py:137} INFO - Antibody_light_chain_na_sequences downloaded.
[2022-12-29T17:27:47.416-0300] {logging_mixin.py:137} INFO - Antibody_light_chain_na_sequences.fasta saved.
[2022-12-29T17:27:48.847-0300] {logging_mixin.py:137} INFO - Antibody_light_chain_aa_sequences downloaded.
[2022-12-29T17:27:48.848-0300] {logging_mixin.py:137} INFO - Antibody_light_chain_aa_sequences.fasta saved.
[2022-12-29T17:27:50.907-0300] {logging_mixin.py:137} INFO - Viruses downloaded.
[2022-12-29T17:27:50.908-0300] {logging_mixin.py:137} INFO - Viruses.tsv saved.
[2022-12-29T17:28:07.559-0300] {logging_mixin.py:137} INFO - Virus_na_alignment downloaded.
[2022-12-29T17:28:07.571-0300] {logging_mixin.py:137} INFO - Virus_na_alignment.tsv saved.
[2022-12-29T17:28:14.124-0300] {logging_mixin.py:137} INFO - Virus_aa_alignment downloaded.
[2022-12-29T17:28:14.128-0300] {logging_mixin.py:137} INFO - Virus_aa_alignment.tsv saved.
[2022-12-29T17:28:14.128-0300] {python.py:177} INFO - Done. Returned value was: None
[2022-12-29T17:28:14.148-0300] {taskinstance.py:1327} INFO - Marking task as SUCCESS. dag_id=download_catnap, task_id=download_files, execution_date=20221117T000000, start_date=20221229T202703, end_date=20221229T202814
[2022-12-29T17:28:14.201-0300] {local_task_job.py:159} INFO - Task exited with return code 0
[2022-12-29T17:28:14.248-0300] {taskinstance.py:2582} INFO - 1 downstream tasks scheduled from follow-on schedule check
