[2022-12-14T18:31:56.855-0300] {taskinstance.py:1087} INFO - Dependencies all met for <TaskInstance: download_uniprot.download_files manual__2022-12-14T21:31:55.246085+00:00 [queued]>
[2022-12-14T18:31:56.869-0300] {taskinstance.py:1087} INFO - Dependencies all met for <TaskInstance: download_uniprot.download_files manual__2022-12-14T21:31:55.246085+00:00 [queued]>
[2022-12-14T18:31:56.869-0300] {taskinstance.py:1283} INFO - 
--------------------------------------------------------------------------------
[2022-12-14T18:31:56.869-0300] {taskinstance.py:1284} INFO - Starting attempt 1 of 1
[2022-12-14T18:31:56.869-0300] {taskinstance.py:1285} INFO - 
--------------------------------------------------------------------------------
[2022-12-14T18:31:56.882-0300] {taskinstance.py:1304} INFO - Executing <Task(PythonOperator): download_files> on 2022-12-14 21:31:55.246085+00:00
[2022-12-14T18:31:56.886-0300] {standard_task_runner.py:55} INFO - Started process 30510 to run task
[2022-12-14T18:31:56.889-0300] {standard_task_runner.py:82} INFO - Running: ['***', 'tasks', 'run', 'download_uniprot', 'download_files', 'manual__2022-12-14T21:31:55.246085+00:00', '--job-id', '7', '--raw', '--subdir', 'DAGS_FOLDER/download_uniprot.py', '--cfg-path', '/tmp/tmp76851isu']
[2022-12-14T18:31:56.889-0300] {standard_task_runner.py:83} INFO - Job 7: Subtask download_files
[2022-12-14T18:31:56.961-0300] {task_command.py:389} INFO - Running <TaskInstance: download_uniprot.download_files manual__2022-12-14T21:31:55.246085+00:00 [running]> on host kallo-Ubuntu
[2022-12-14T18:31:57.046-0300] {taskinstance.py:1513} INFO - Exporting the following env vars:
AIRFLOW_CTX_DAG_OWNER=Kallox
AIRFLOW_CTX_DAG_ID=download_uniprot
AIRFLOW_CTX_TASK_ID=download_files
AIRFLOW_CTX_EXECUTION_DATE=2022-12-14T21:31:55.246085+00:00
AIRFLOW_CTX_TRY_NUMBER=1
AIRFLOW_CTX_DAG_RUN_ID=manual__2022-12-14T21:31:55.246085+00:00
[2022-12-14T18:31:57.046-0300] {logging_mixin.py:137} INFO - /home/kallox/***/dags
[2022-12-14T18:31:57.047-0300] {python.py:177} INFO - Done. Returned value was: None
[2022-12-14T18:31:57.062-0300] {taskinstance.py:1327} INFO - Marking task as SUCCESS. dag_id=download_uniprot, task_id=download_files, execution_date=20221214T213155, start_date=20221214T213156, end_date=20221214T213157
[2022-12-14T18:31:57.100-0300] {local_task_job.py:159} INFO - Task exited with return code 0
[2022-12-14T18:31:57.131-0300] {taskinstance.py:2582} INFO - 1 downstream tasks scheduled from follow-on schedule check
