[2022-12-29T17:29:59.020-0300] {taskinstance.py:1087} INFO - Dependencies all met for <TaskInstance: download_catnap.download_files scheduled__2022-12-05T00:00:00+00:00 [queued]>
[2022-12-29T17:29:59.036-0300] {taskinstance.py:1087} INFO - Dependencies all met for <TaskInstance: download_catnap.download_files scheduled__2022-12-05T00:00:00+00:00 [queued]>
[2022-12-29T17:29:59.037-0300] {taskinstance.py:1283} INFO - 
--------------------------------------------------------------------------------
[2022-12-29T17:29:59.037-0300] {taskinstance.py:1284} INFO - Starting attempt 1 of 1
[2022-12-29T17:29:59.037-0300] {taskinstance.py:1285} INFO - 
--------------------------------------------------------------------------------
[2022-12-29T17:29:59.057-0300] {taskinstance.py:1304} INFO - Executing <Task(PythonOperator): download_files> on 2022-12-05 00:00:00+00:00
[2022-12-29T17:29:59.063-0300] {standard_task_runner.py:55} INFO - Started process 29421 to run task
[2022-12-29T17:29:59.066-0300] {standard_task_runner.py:82} INFO - Running: ['***', 'tasks', 'run', 'download_catnap', 'download_files', 'scheduled__2022-12-05T00:00:00+00:00', '--job-id', '95', '--raw', '--subdir', 'DAGS_FOLDER/download_catnap.py', '--cfg-path', '/tmp/tmprdhg241t']
[2022-12-29T17:29:59.067-0300] {standard_task_runner.py:83} INFO - Job 95: Subtask download_files
[2022-12-29T17:29:59.158-0300] {task_command.py:389} INFO - Running <TaskInstance: download_catnap.download_files scheduled__2022-12-05T00:00:00+00:00 [running]> on host kallo-Ubuntu
[2022-12-29T17:29:59.267-0300] {taskinstance.py:1513} INFO - Exporting the following env vars:
AIRFLOW_CTX_DAG_OWNER=admin
AIRFLOW_CTX_DAG_ID=download_catnap
AIRFLOW_CTX_TASK_ID=download_files
AIRFLOW_CTX_EXECUTION_DATE=2022-12-05T00:00:00+00:00
AIRFLOW_CTX_TRY_NUMBER=1
AIRFLOW_CTX_DAG_RUN_ID=scheduled__2022-12-05T00:00:00+00:00
[2022-12-29T17:30:35.336-0300] {logging_mixin.py:137} INFO - Assay downloaded.
[2022-12-29T17:30:35.347-0300] {logging_mixin.py:137} INFO - Assay.tsv saved.
[2022-12-29T17:30:36.701-0300] {logging_mixin.py:137} INFO - Antibodies downloaded.
[2022-12-29T17:30:36.702-0300] {logging_mixin.py:137} INFO - Antibodies.tsv saved.
[2022-12-29T17:30:37.943-0300] {logging_mixin.py:137} INFO - Antibodies_germlines downloaded.
[2022-12-29T17:30:37.945-0300] {logging_mixin.py:137} INFO - Antibodies_germlines.tsv saved.
[2022-12-29T17:30:39.512-0300] {logging_mixin.py:137} INFO - Antibody_heavy_chain_na_sequences downloaded.
[2022-12-29T17:30:39.514-0300] {logging_mixin.py:137} INFO - Antibody_heavy_chain_na_sequences.fasta saved.
[2022-12-29T17:30:40.974-0300] {logging_mixin.py:137} INFO - Antibody_heavy_chain_aa_sequences downloaded.
[2022-12-29T17:30:40.975-0300] {logging_mixin.py:137} INFO - Antibody_heavy_chain_aa_sequences.fasta saved.
[2022-12-29T17:30:42.602-0300] {logging_mixin.py:137} INFO - Antibody_light_chain_na_sequences downloaded.
[2022-12-29T17:30:42.603-0300] {logging_mixin.py:137} INFO - Antibody_light_chain_na_sequences.fasta saved.
[2022-12-29T17:30:43.950-0300] {logging_mixin.py:137} INFO - Antibody_light_chain_aa_sequences downloaded.
[2022-12-29T17:30:43.952-0300] {logging_mixin.py:137} INFO - Antibody_light_chain_aa_sequences.fasta saved.
[2022-12-29T17:30:46.036-0300] {logging_mixin.py:137} INFO - Viruses downloaded.
[2022-12-29T17:30:46.038-0300] {logging_mixin.py:137} INFO - Viruses.tsv saved.
[2022-12-29T17:31:02.418-0300] {logging_mixin.py:137} INFO - Virus_na_alignment downloaded.
[2022-12-29T17:31:02.424-0300] {logging_mixin.py:137} INFO - Virus_na_alignment.tsv saved.
[2022-12-29T17:31:09.161-0300] {logging_mixin.py:137} INFO - Virus_aa_alignment downloaded.
[2022-12-29T17:31:09.164-0300] {logging_mixin.py:137} INFO - Virus_aa_alignment.tsv saved.
[2022-12-29T17:31:09.164-0300] {python.py:177} INFO - Done. Returned value was: None
[2022-12-29T17:31:09.178-0300] {taskinstance.py:1327} INFO - Marking task as SUCCESS. dag_id=download_catnap, task_id=download_files, execution_date=20221205T000000, start_date=20221229T202959, end_date=20221229T203109
[2022-12-29T17:31:09.217-0300] {local_task_job.py:159} INFO - Task exited with return code 0
[2022-12-29T17:31:09.247-0300] {taskinstance.py:2582} INFO - 1 downstream tasks scheduled from follow-on schedule check
