[2022-12-29T17:28:35.858-0300] {taskinstance.py:1087} INFO - Dependencies all met for <TaskInstance: download_catnap.download_files scheduled__2022-11-24T00:00:00+00:00 [queued]>
[2022-12-29T17:28:35.882-0300] {taskinstance.py:1087} INFO - Dependencies all met for <TaskInstance: download_catnap.download_files scheduled__2022-11-24T00:00:00+00:00 [queued]>
[2022-12-29T17:28:35.882-0300] {taskinstance.py:1283} INFO - 
--------------------------------------------------------------------------------
[2022-12-29T17:28:35.882-0300] {taskinstance.py:1284} INFO - Starting attempt 1 of 1
[2022-12-29T17:28:35.883-0300] {taskinstance.py:1285} INFO - 
--------------------------------------------------------------------------------
[2022-12-29T17:28:35.901-0300] {taskinstance.py:1304} INFO - Executing <Task(PythonOperator): download_files> on 2022-11-24 00:00:00+00:00
[2022-12-29T17:28:35.907-0300] {standard_task_runner.py:55} INFO - Started process 27412 to run task
[2022-12-29T17:28:35.911-0300] {standard_task_runner.py:82} INFO - Running: ['***', 'tasks', 'run', 'download_catnap', 'download_files', 'scheduled__2022-11-24T00:00:00+00:00', '--job-id', '68', '--raw', '--subdir', 'DAGS_FOLDER/download_catnap.py', '--cfg-path', '/tmp/tmpljdsz7ow']
[2022-12-29T17:28:35.912-0300] {standard_task_runner.py:83} INFO - Job 68: Subtask download_files
[2022-12-29T17:28:36.020-0300] {task_command.py:389} INFO - Running <TaskInstance: download_catnap.download_files scheduled__2022-11-24T00:00:00+00:00 [running]> on host kallo-Ubuntu
[2022-12-29T17:28:36.143-0300] {taskinstance.py:1513} INFO - Exporting the following env vars:
AIRFLOW_CTX_DAG_OWNER=admin
AIRFLOW_CTX_DAG_ID=download_catnap
AIRFLOW_CTX_TASK_ID=download_files
AIRFLOW_CTX_EXECUTION_DATE=2022-11-24T00:00:00+00:00
AIRFLOW_CTX_TRY_NUMBER=1
AIRFLOW_CTX_DAG_RUN_ID=scheduled__2022-11-24T00:00:00+00:00
[2022-12-29T17:29:12.319-0300] {logging_mixin.py:137} INFO - Assay downloaded.
[2022-12-29T17:29:12.331-0300] {logging_mixin.py:137} INFO - Assay.tsv saved.
[2022-12-29T17:29:13.675-0300] {logging_mixin.py:137} INFO - Antibodies downloaded.
[2022-12-29T17:29:13.676-0300] {logging_mixin.py:137} INFO - Antibodies.tsv saved.
[2022-12-29T17:29:14.885-0300] {logging_mixin.py:137} INFO - Antibodies_germlines downloaded.
[2022-12-29T17:29:14.887-0300] {logging_mixin.py:137} INFO - Antibodies_germlines.tsv saved.
[2022-12-29T17:29:16.612-0300] {logging_mixin.py:137} INFO - Antibody_heavy_chain_na_sequences downloaded.
[2022-12-29T17:29:16.614-0300] {logging_mixin.py:137} INFO - Antibody_heavy_chain_na_sequences.fasta saved.
[2022-12-29T17:29:17.997-0300] {logging_mixin.py:137} INFO - Antibody_heavy_chain_aa_sequences downloaded.
[2022-12-29T17:29:17.999-0300] {logging_mixin.py:137} INFO - Antibody_heavy_chain_aa_sequences.fasta saved.
[2022-12-29T17:29:19.522-0300] {logging_mixin.py:137} INFO - Antibody_light_chain_na_sequences downloaded.
[2022-12-29T17:29:19.524-0300] {logging_mixin.py:137} INFO - Antibody_light_chain_na_sequences.fasta saved.
[2022-12-29T17:29:20.853-0300] {logging_mixin.py:137} INFO - Antibody_light_chain_aa_sequences downloaded.
[2022-12-29T17:29:20.854-0300] {logging_mixin.py:137} INFO - Antibody_light_chain_aa_sequences.fasta saved.
[2022-12-29T17:29:22.882-0300] {logging_mixin.py:137} INFO - Viruses downloaded.
[2022-12-29T17:29:22.883-0300] {logging_mixin.py:137} INFO - Viruses.tsv saved.
[2022-12-29T17:29:39.586-0300] {logging_mixin.py:137} INFO - Virus_na_alignment downloaded.
[2022-12-29T17:29:39.595-0300] {logging_mixin.py:137} INFO - Virus_na_alignment.tsv saved.
[2022-12-29T17:29:46.176-0300] {logging_mixin.py:137} INFO - Virus_aa_alignment downloaded.
[2022-12-29T17:29:46.179-0300] {logging_mixin.py:137} INFO - Virus_aa_alignment.tsv saved.
[2022-12-29T17:29:46.179-0300] {python.py:177} INFO - Done. Returned value was: None
[2022-12-29T17:29:46.194-0300] {taskinstance.py:1327} INFO - Marking task as SUCCESS. dag_id=download_catnap, task_id=download_files, execution_date=20221124T000000, start_date=20221229T202835, end_date=20221229T202946
[2022-12-29T17:29:46.222-0300] {local_task_job.py:159} INFO - Task exited with return code 0
[2022-12-29T17:29:46.254-0300] {taskinstance.py:2582} INFO - 1 downstream tasks scheduled from follow-on schedule check
