[2022-12-14T21:45:12.070-0300] {taskinstance.py:1087} INFO - Dependencies all met for <TaskInstance: download_uniprot.join_antibodies_files manual__2022-12-15T00:45:09.860766+00:00 [queued]>
[2022-12-14T21:45:12.080-0300] {taskinstance.py:1087} INFO - Dependencies all met for <TaskInstance: download_uniprot.join_antibodies_files manual__2022-12-15T00:45:09.860766+00:00 [queued]>
[2022-12-14T21:45:12.081-0300] {taskinstance.py:1283} INFO - 
--------------------------------------------------------------------------------
[2022-12-14T21:45:12.081-0300] {taskinstance.py:1284} INFO - Starting attempt 1 of 1
[2022-12-14T21:45:12.081-0300] {taskinstance.py:1285} INFO - 
--------------------------------------------------------------------------------
[2022-12-14T21:45:12.093-0300] {taskinstance.py:1304} INFO - Executing <Task(PythonOperator): join_antibodies_files> on 2022-12-15 00:45:09.860766+00:00
[2022-12-14T21:45:12.097-0300] {standard_task_runner.py:55} INFO - Started process 141712 to run task
[2022-12-14T21:45:12.099-0300] {standard_task_runner.py:82} INFO - Running: ['***', 'tasks', 'run', 'download_uniprot', 'join_antibodies_files', 'manual__2022-12-15T00:45:09.860766+00:00', '--job-id', '19', '--raw', '--subdir', 'DAGS_FOLDER/download_uniprot.py', '--cfg-path', '/tmp/tmpdb4dczo2']
[2022-12-14T21:45:12.100-0300] {standard_task_runner.py:83} INFO - Job 19: Subtask join_antibodies_files
[2022-12-14T21:45:12.175-0300] {task_command.py:389} INFO - Running <TaskInstance: download_uniprot.join_antibodies_files manual__2022-12-15T00:45:09.860766+00:00 [running]> on host kallo-Ubuntu
[2022-12-14T21:45:12.257-0300] {taskinstance.py:1513} INFO - Exporting the following env vars:
AIRFLOW_CTX_DAG_OWNER=Kallox
AIRFLOW_CTX_DAG_ID=download_uniprot
AIRFLOW_CTX_TASK_ID=join_antibodies_files
AIRFLOW_CTX_EXECUTION_DATE=2022-12-15T00:45:09.860766+00:00
AIRFLOW_CTX_TRY_NUMBER=1
AIRFLOW_CTX_DAG_RUN_ID=manual__2022-12-15T00:45:09.860766+00:00
[2022-12-14T21:45:13.840-0300] {python.py:177} INFO - Done. Returned value was: None
[2022-12-14T21:45:13.852-0300] {taskinstance.py:1327} INFO - Marking task as SUCCESS. dag_id=download_uniprot, task_id=join_antibodies_files, execution_date=20221215T004509, start_date=20221215T004512, end_date=20221215T004513
[2022-12-14T21:45:13.875-0300] {local_task_job.py:159} INFO - Task exited with return code 0
[2022-12-14T21:45:13.902-0300] {taskinstance.py:2582} INFO - 1 downstream tasks scheduled from follow-on schedule check
