[2022-12-29T17:28:14.971-0300] {taskinstance.py:1087} INFO - Dependencies all met for <TaskInstance: download_catnap.extract_files scheduled__2022-11-10T00:00:00+00:00 [queued]>
[2022-12-29T17:28:14.995-0300] {taskinstance.py:1087} INFO - Dependencies all met for <TaskInstance: download_catnap.extract_files scheduled__2022-11-10T00:00:00+00:00 [queued]>
[2022-12-29T17:28:14.995-0300] {taskinstance.py:1283} INFO - 
--------------------------------------------------------------------------------
[2022-12-29T17:28:14.996-0300] {taskinstance.py:1284} INFO - Starting attempt 1 of 1
[2022-12-29T17:28:14.996-0300] {taskinstance.py:1285} INFO - 
--------------------------------------------------------------------------------
[2022-12-29T17:28:15.272-0300] {taskinstance.py:1304} INFO - Executing <Task(PythonOperator): extract_files> on 2022-11-10 00:00:00+00:00
[2022-12-29T17:28:15.283-0300] {standard_task_runner.py:55} INFO - Started process 26949 to run task
[2022-12-29T17:28:15.295-0300] {standard_task_runner.py:82} INFO - Running: ['***', 'tasks', 'run', 'download_catnap', 'extract_files', 'scheduled__2022-11-10T00:00:00+00:00', '--job-id', '51', '--raw', '--subdir', 'DAGS_FOLDER/download_catnap.py', '--cfg-path', '/tmp/tmppyf4gtn4']
[2022-12-29T17:28:15.298-0300] {standard_task_runner.py:83} INFO - Job 51: Subtask extract_files
[2022-12-29T17:28:15.479-0300] {task_command.py:389} INFO - Running <TaskInstance: download_catnap.extract_files scheduled__2022-11-10T00:00:00+00:00 [running]> on host kallo-Ubuntu
[2022-12-29T17:28:15.727-0300] {taskinstance.py:1513} INFO - Exporting the following env vars:
AIRFLOW_CTX_DAG_OWNER=admin
AIRFLOW_CTX_DAG_ID=download_catnap
AIRFLOW_CTX_TASK_ID=extract_files
AIRFLOW_CTX_EXECUTION_DATE=2022-11-10T00:00:00+00:00
AIRFLOW_CTX_TRY_NUMBER=1
AIRFLOW_CTX_DAG_RUN_ID=scheduled__2022-11-10T00:00:00+00:00
[2022-12-29T17:28:18.553-0300] {python.py:177} INFO - Done. Returned value was: None
[2022-12-29T17:28:18.573-0300] {taskinstance.py:1327} INFO - Marking task as SUCCESS. dag_id=download_catnap, task_id=extract_files, execution_date=20221110T000000, start_date=20221229T202814, end_date=20221229T202818
[2022-12-29T17:28:18.649-0300] {local_task_job.py:159} INFO - Task exited with return code 0
[2022-12-29T17:28:18.699-0300] {taskinstance.py:2582} INFO - 1 downstream tasks scheduled from follow-on schedule check
