[2023-01-23T14:27:02.145-0300] {taskinstance.py:1087} INFO - Dependencies all met for <TaskInstance: download_catnap.download_files scheduled__2023-01-22T00:00:00+00:00 [queued]>
[2023-01-23T14:27:02.158-0300] {taskinstance.py:1087} INFO - Dependencies all met for <TaskInstance: download_catnap.download_files scheduled__2023-01-22T00:00:00+00:00 [queued]>
[2023-01-23T14:27:02.159-0300] {taskinstance.py:1283} INFO - 
--------------------------------------------------------------------------------
[2023-01-23T14:27:02.159-0300] {taskinstance.py:1284} INFO - Starting attempt 1 of 1
[2023-01-23T14:27:02.159-0300] {taskinstance.py:1285} INFO - 
--------------------------------------------------------------------------------
[2023-01-23T14:27:02.185-0300] {taskinstance.py:1304} INFO - Executing <Task(PythonOperator): download_files> on 2023-01-22 00:00:00+00:00
[2023-01-23T14:27:02.190-0300] {standard_task_runner.py:55} INFO - Started process 4817 to run task
[2023-01-23T14:27:02.193-0300] {standard_task_runner.py:82} INFO - Running: ['***', 'tasks', 'run', 'download_catnap', 'download_files', 'scheduled__2023-01-22T00:00:00+00:00', '--job-id', '333', '--raw', '--subdir', 'DAGS_FOLDER/download_catnap.py', '--cfg-path', '/tmp/tmp08wkpvku']
[2023-01-23T14:27:02.194-0300] {standard_task_runner.py:83} INFO - Job 333: Subtask download_files
[2023-01-23T14:27:02.264-0300] {task_command.py:389} INFO - Running <TaskInstance: download_catnap.download_files scheduled__2023-01-22T00:00:00+00:00 [running]> on host kallo-Ubuntu
[2023-01-23T14:27:02.344-0300] {taskinstance.py:1513} INFO - Exporting the following env vars:
AIRFLOW_CTX_DAG_OWNER=admin
AIRFLOW_CTX_DAG_ID=download_catnap
AIRFLOW_CTX_TASK_ID=download_files
AIRFLOW_CTX_EXECUTION_DATE=2023-01-22T00:00:00+00:00
AIRFLOW_CTX_TRY_NUMBER=1
AIRFLOW_CTX_DAG_RUN_ID=scheduled__2023-01-22T00:00:00+00:00
[2023-01-23T14:27:40.799-0300] {logging_mixin.py:137} INFO - Assay downloaded.
[2023-01-23T14:27:40.815-0300] {logging_mixin.py:137} INFO - Assay.tsv saved.
[2023-01-23T14:27:43.146-0300] {logging_mixin.py:137} INFO - Antibodies downloaded.
[2023-01-23T14:27:43.147-0300] {logging_mixin.py:137} INFO - Antibodies.tsv saved.
[2023-01-23T14:27:44.567-0300] {logging_mixin.py:137} INFO - Antibodies_germlines downloaded.
[2023-01-23T14:27:44.569-0300] {logging_mixin.py:137} INFO - Antibodies_germlines.tsv saved.
[2023-01-23T14:27:46.418-0300] {logging_mixin.py:137} INFO - Antibody_heavy_chain_na_sequences downloaded.
[2023-01-23T14:27:46.419-0300] {logging_mixin.py:137} INFO - Antibody_heavy_chain_na_sequences.fasta saved.
[2023-01-23T14:27:47.866-0300] {logging_mixin.py:137} INFO - Antibody_heavy_chain_aa_sequences downloaded.
[2023-01-23T14:27:47.868-0300] {logging_mixin.py:137} INFO - Antibody_heavy_chain_aa_sequences.fasta saved.
[2023-01-23T14:27:49.692-0300] {logging_mixin.py:137} INFO - Antibody_light_chain_na_sequences downloaded.
[2023-01-23T14:27:49.694-0300] {logging_mixin.py:137} INFO - Antibody_light_chain_na_sequences.fasta saved.
[2023-01-23T14:27:51.132-0300] {logging_mixin.py:137} INFO - Antibody_light_chain_aa_sequences downloaded.
[2023-01-23T14:27:51.133-0300] {logging_mixin.py:137} INFO - Antibody_light_chain_aa_sequences.fasta saved.
[2023-01-23T14:27:53.146-0300] {logging_mixin.py:137} INFO - Viruses downloaded.
[2023-01-23T14:27:53.147-0300] {logging_mixin.py:137} INFO - Viruses.tsv saved.
[2023-01-23T14:28:09.806-0300] {logging_mixin.py:137} INFO - Virus_na_alignment downloaded.
[2023-01-23T14:28:09.811-0300] {logging_mixin.py:137} INFO - Virus_na_alignment.tsv saved.
[2023-01-23T14:28:16.184-0300] {logging_mixin.py:137} INFO - Virus_aa_alignment downloaded.
[2023-01-23T14:28:16.188-0300] {logging_mixin.py:137} INFO - Virus_aa_alignment.tsv saved.
[2023-01-23T14:28:16.189-0300] {python.py:177} INFO - Done. Returned value was: None
[2023-01-23T14:28:16.214-0300] {taskinstance.py:1327} INFO - Marking task as SUCCESS. dag_id=download_catnap, task_id=download_files, execution_date=20230122T000000, start_date=20230123T172702, end_date=20230123T172816
[2023-01-23T14:28:16.256-0300] {local_task_job.py:159} INFO - Task exited with return code 0
[2023-01-23T14:28:16.310-0300] {taskinstance.py:2582} INFO - 1 downstream tasks scheduled from follow-on schedule check
