[2023-02-14T21:50:53.202-0300] {processor.py:153} INFO - Started process (PID=4791) to work on /home/kallox/respaldo/thesis/dags/files/iedb/downloads/epitope.zip
[2023-02-14T21:50:53.202-0300] {processor.py:743} INFO - Processing file /home/kallox/respaldo/thesis/dags/files/iedb/downloads/epitope.zip for tasks to queue
[2023-02-14T21:50:53.202-0300] {logging_mixin.py:137} INFO - [2023-02-14T21:50:53.202-0300] {dagbag.py:538} INFO - Filling up the DagBag from /home/kallox/respaldo/thesis/dags/files/iedb/downloads/epitope.zip
[2023-02-14T21:50:53.203-0300] {processor.py:755} WARNING - No viable dags retrieved from /home/kallox/respaldo/thesis/dags/files/iedb/downloads/epitope.zip
[2023-02-14T21:50:53.215-0300] {processor.py:175} INFO - Processing /home/kallox/respaldo/thesis/dags/files/iedb/downloads/epitope.zip took 0.016 seconds
[2023-02-14T21:51:23.594-0300] {processor.py:153} INFO - Started process (PID=4963) to work on /home/kallox/respaldo/thesis/dags/files/iedb/downloads/epitope.zip
[2023-02-14T21:51:23.594-0300] {processor.py:743} INFO - Processing file /home/kallox/respaldo/thesis/dags/files/iedb/downloads/epitope.zip for tasks to queue
[2023-02-14T21:51:23.595-0300] {logging_mixin.py:137} INFO - [2023-02-14T21:51:23.595-0300] {dagbag.py:538} INFO - Filling up the DagBag from /home/kallox/respaldo/thesis/dags/files/iedb/downloads/epitope.zip
[2023-02-14T21:51:23.595-0300] {processor.py:755} WARNING - No viable dags retrieved from /home/kallox/respaldo/thesis/dags/files/iedb/downloads/epitope.zip
[2023-02-14T21:51:23.608-0300] {processor.py:175} INFO - Processing /home/kallox/respaldo/thesis/dags/files/iedb/downloads/epitope.zip took 0.015 seconds
[2023-02-14T21:51:54.404-0300] {processor.py:153} INFO - Started process (PID=5064) to work on /home/kallox/respaldo/thesis/dags/files/iedb/downloads/epitope.zip
[2023-02-14T21:51:54.405-0300] {processor.py:743} INFO - Processing file /home/kallox/respaldo/thesis/dags/files/iedb/downloads/epitope.zip for tasks to queue
[2023-02-14T21:51:54.405-0300] {logging_mixin.py:137} INFO - [2023-02-14T21:51:54.405-0300] {dagbag.py:538} INFO - Filling up the DagBag from /home/kallox/respaldo/thesis/dags/files/iedb/downloads/epitope.zip
[2023-02-14T21:51:54.406-0300] {processor.py:755} WARNING - No viable dags retrieved from /home/kallox/respaldo/thesis/dags/files/iedb/downloads/epitope.zip
[2023-02-14T21:51:54.422-0300] {processor.py:175} INFO - Processing /home/kallox/respaldo/thesis/dags/files/iedb/downloads/epitope.zip took 0.021 seconds
[2023-02-14T21:52:25.387-0300] {processor.py:153} INFO - Started process (PID=5187) to work on /home/kallox/respaldo/thesis/dags/files/iedb/downloads/epitope.zip
[2023-02-14T21:52:25.388-0300] {processor.py:743} INFO - Processing file /home/kallox/respaldo/thesis/dags/files/iedb/downloads/epitope.zip for tasks to queue
[2023-02-14T21:52:25.389-0300] {logging_mixin.py:137} INFO - [2023-02-14T21:52:25.388-0300] {dagbag.py:538} INFO - Filling up the DagBag from /home/kallox/respaldo/thesis/dags/files/iedb/downloads/epitope.zip
[2023-02-14T21:52:25.389-0300] {processor.py:755} WARNING - No viable dags retrieved from /home/kallox/respaldo/thesis/dags/files/iedb/downloads/epitope.zip
[2023-02-14T21:52:25.407-0300] {processor.py:175} INFO - Processing /home/kallox/respaldo/thesis/dags/files/iedb/downloads/epitope.zip took 0.022 seconds
[2023-02-14T21:52:56.446-0300] {processor.py:153} INFO - Started process (PID=5292) to work on /home/kallox/respaldo/thesis/dags/files/iedb/downloads/epitope.zip
[2023-02-14T21:52:56.446-0300] {processor.py:743} INFO - Processing file /home/kallox/respaldo/thesis/dags/files/iedb/downloads/epitope.zip for tasks to queue
[2023-02-14T21:52:56.447-0300] {logging_mixin.py:137} INFO - [2023-02-14T21:52:56.447-0300] {dagbag.py:538} INFO - Filling up the DagBag from /home/kallox/respaldo/thesis/dags/files/iedb/downloads/epitope.zip
[2023-02-14T21:52:56.447-0300] {processor.py:755} WARNING - No viable dags retrieved from /home/kallox/respaldo/thesis/dags/files/iedb/downloads/epitope.zip
[2023-02-14T21:52:56.461-0300] {processor.py:175} INFO - Processing /home/kallox/respaldo/thesis/dags/files/iedb/downloads/epitope.zip took 0.018 seconds
[2023-02-14T21:53:22.930-0300] {processor.py:153} INFO - Started process (PID=5556) to work on /home/kallox/respaldo/thesis/dags/files/iedb/downloads/epitope.zip
[2023-02-14T21:53:22.931-0300] {processor.py:743} INFO - Processing file /home/kallox/respaldo/thesis/dags/files/iedb/downloads/epitope.zip for tasks to queue
[2023-02-14T21:53:22.931-0300] {logging_mixin.py:137} INFO - [2023-02-14T21:53:22.931-0300] {dagbag.py:538} INFO - Filling up the DagBag from /home/kallox/respaldo/thesis/dags/files/iedb/downloads/epitope.zip
[2023-02-14T21:53:22.931-0300] {processor.py:755} WARNING - No viable dags retrieved from /home/kallox/respaldo/thesis/dags/files/iedb/downloads/epitope.zip
[2023-02-14T21:53:22.944-0300] {processor.py:175} INFO - Processing /home/kallox/respaldo/thesis/dags/files/iedb/downloads/epitope.zip took 0.016 seconds
[2023-02-14T21:53:53.232-0300] {processor.py:153} INFO - Started process (PID=5650) to work on /home/kallox/respaldo/thesis/dags/files/iedb/downloads/epitope.zip
[2023-02-14T21:53:53.233-0300] {processor.py:743} INFO - Processing file /home/kallox/respaldo/thesis/dags/files/iedb/downloads/epitope.zip for tasks to queue
[2023-02-14T21:53:53.234-0300] {logging_mixin.py:137} INFO - [2023-02-14T21:53:53.234-0300] {dagbag.py:538} INFO - Filling up the DagBag from /home/kallox/respaldo/thesis/dags/files/iedb/downloads/epitope.zip
[2023-02-14T21:53:53.234-0300] {processor.py:755} WARNING - No viable dags retrieved from /home/kallox/respaldo/thesis/dags/files/iedb/downloads/epitope.zip
[2023-02-14T21:53:53.251-0300] {processor.py:175} INFO - Processing /home/kallox/respaldo/thesis/dags/files/iedb/downloads/epitope.zip took 0.021 seconds
[2023-02-14T21:54:23.812-0300] {processor.py:153} INFO - Started process (PID=5764) to work on /home/kallox/respaldo/thesis/dags/files/iedb/downloads/epitope.zip
[2023-02-14T21:54:23.813-0300] {processor.py:743} INFO - Processing file /home/kallox/respaldo/thesis/dags/files/iedb/downloads/epitope.zip for tasks to queue
[2023-02-14T21:54:23.813-0300] {logging_mixin.py:137} INFO - [2023-02-14T21:54:23.813-0300] {dagbag.py:538} INFO - Filling up the DagBag from /home/kallox/respaldo/thesis/dags/files/iedb/downloads/epitope.zip
[2023-02-14T21:54:23.814-0300] {processor.py:755} WARNING - No viable dags retrieved from /home/kallox/respaldo/thesis/dags/files/iedb/downloads/epitope.zip
[2023-02-14T21:54:23.829-0300] {processor.py:175} INFO - Processing /home/kallox/respaldo/thesis/dags/files/iedb/downloads/epitope.zip took 0.019 seconds
[2023-02-14T21:54:56.231-0300] {processor.py:153} INFO - Started process (PID=6092) to work on /home/kallox/respaldo/thesis/dags/files/iedb/downloads/epitope.zip
[2023-02-14T21:54:56.232-0300] {processor.py:743} INFO - Processing file /home/kallox/respaldo/thesis/dags/files/iedb/downloads/epitope.zip for tasks to queue
[2023-02-14T21:54:56.232-0300] {logging_mixin.py:137} INFO - [2023-02-14T21:54:56.232-0300] {dagbag.py:538} INFO - Filling up the DagBag from /home/kallox/respaldo/thesis/dags/files/iedb/downloads/epitope.zip
[2023-02-14T21:54:56.233-0300] {processor.py:755} WARNING - No viable dags retrieved from /home/kallox/respaldo/thesis/dags/files/iedb/downloads/epitope.zip
[2023-02-14T21:54:56.246-0300] {processor.py:175} INFO - Processing /home/kallox/respaldo/thesis/dags/files/iedb/downloads/epitope.zip took 0.016 seconds
[2023-02-14T21:55:26.319-0300] {processor.py:153} INFO - Started process (PID=6189) to work on /home/kallox/respaldo/thesis/dags/files/iedb/downloads/epitope.zip
[2023-02-14T21:55:26.320-0300] {processor.py:743} INFO - Processing file /home/kallox/respaldo/thesis/dags/files/iedb/downloads/epitope.zip for tasks to queue
[2023-02-14T21:55:26.320-0300] {logging_mixin.py:137} INFO - [2023-02-14T21:55:26.320-0300] {dagbag.py:538} INFO - Filling up the DagBag from /home/kallox/respaldo/thesis/dags/files/iedb/downloads/epitope.zip
[2023-02-14T21:55:26.321-0300] {processor.py:755} WARNING - No viable dags retrieved from /home/kallox/respaldo/thesis/dags/files/iedb/downloads/epitope.zip
[2023-02-14T21:55:26.338-0300] {processor.py:175} INFO - Processing /home/kallox/respaldo/thesis/dags/files/iedb/downloads/epitope.zip took 0.021 seconds
[2023-02-14T21:55:56.779-0300] {processor.py:153} INFO - Started process (PID=6292) to work on /home/kallox/respaldo/thesis/dags/files/iedb/downloads/epitope.zip
[2023-02-14T21:55:56.779-0300] {processor.py:743} INFO - Processing file /home/kallox/respaldo/thesis/dags/files/iedb/downloads/epitope.zip for tasks to queue
[2023-02-14T21:55:56.780-0300] {logging_mixin.py:137} INFO - [2023-02-14T21:55:56.780-0300] {dagbag.py:538} INFO - Filling up the DagBag from /home/kallox/respaldo/thesis/dags/files/iedb/downloads/epitope.zip
[2023-02-14T21:55:56.780-0300] {processor.py:755} WARNING - No viable dags retrieved from /home/kallox/respaldo/thesis/dags/files/iedb/downloads/epitope.zip
[2023-02-14T21:55:56.797-0300] {processor.py:175} INFO - Processing /home/kallox/respaldo/thesis/dags/files/iedb/downloads/epitope.zip took 0.020 seconds
[2023-02-14T21:56:26.825-0300] {processor.py:153} INFO - Started process (PID=6385) to work on /home/kallox/respaldo/thesis/dags/files/iedb/downloads/epitope.zip
[2023-02-14T21:56:26.833-0300] {processor.py:743} INFO - Processing file /home/kallox/respaldo/thesis/dags/files/iedb/downloads/epitope.zip for tasks to queue
[2023-02-14T21:56:26.833-0300] {logging_mixin.py:137} INFO - [2023-02-14T21:56:26.833-0300] {dagbag.py:538} INFO - Filling up the DagBag from /home/kallox/respaldo/thesis/dags/files/iedb/downloads/epitope.zip
[2023-02-14T21:56:26.834-0300] {processor.py:755} WARNING - No viable dags retrieved from /home/kallox/respaldo/thesis/dags/files/iedb/downloads/epitope.zip
[2023-02-14T21:56:26.852-0300] {processor.py:175} INFO - Processing /home/kallox/respaldo/thesis/dags/files/iedb/downloads/epitope.zip took 0.029 seconds
[2023-02-14T21:56:57.811-0300] {processor.py:153} INFO - Started process (PID=6486) to work on /home/kallox/respaldo/thesis/dags/files/iedb/downloads/epitope.zip
[2023-02-14T21:56:57.817-0300] {processor.py:743} INFO - Processing file /home/kallox/respaldo/thesis/dags/files/iedb/downloads/epitope.zip for tasks to queue
[2023-02-14T21:56:57.818-0300] {logging_mixin.py:137} INFO - [2023-02-14T21:56:57.818-0300] {dagbag.py:538} INFO - Filling up the DagBag from /home/kallox/respaldo/thesis/dags/files/iedb/downloads/epitope.zip
[2023-02-14T21:56:57.819-0300] {processor.py:755} WARNING - No viable dags retrieved from /home/kallox/respaldo/thesis/dags/files/iedb/downloads/epitope.zip
[2023-02-14T21:56:57.836-0300] {processor.py:175} INFO - Processing /home/kallox/respaldo/thesis/dags/files/iedb/downloads/epitope.zip took 0.027 seconds
[2023-02-14T21:57:27.926-0300] {processor.py:153} INFO - Started process (PID=6590) to work on /home/kallox/respaldo/thesis/dags/files/iedb/downloads/epitope.zip
[2023-02-14T21:57:27.934-0300] {processor.py:743} INFO - Processing file /home/kallox/respaldo/thesis/dags/files/iedb/downloads/epitope.zip for tasks to queue
[2023-02-14T21:57:27.935-0300] {logging_mixin.py:137} INFO - [2023-02-14T21:57:27.934-0300] {dagbag.py:538} INFO - Filling up the DagBag from /home/kallox/respaldo/thesis/dags/files/iedb/downloads/epitope.zip
[2023-02-14T21:57:27.935-0300] {processor.py:755} WARNING - No viable dags retrieved from /home/kallox/respaldo/thesis/dags/files/iedb/downloads/epitope.zip
[2023-02-14T21:57:27.953-0300] {processor.py:175} INFO - Processing /home/kallox/respaldo/thesis/dags/files/iedb/downloads/epitope.zip took 0.029 seconds
[2023-02-14T21:57:58.384-0300] {processor.py:153} INFO - Started process (PID=6697) to work on /home/kallox/respaldo/thesis/dags/files/iedb/downloads/epitope.zip
[2023-02-14T21:57:58.385-0300] {processor.py:743} INFO - Processing file /home/kallox/respaldo/thesis/dags/files/iedb/downloads/epitope.zip for tasks to queue
[2023-02-14T21:57:58.386-0300] {logging_mixin.py:137} INFO - [2023-02-14T21:57:58.385-0300] {dagbag.py:538} INFO - Filling up the DagBag from /home/kallox/respaldo/thesis/dags/files/iedb/downloads/epitope.zip
[2023-02-14T21:57:58.386-0300] {processor.py:755} WARNING - No viable dags retrieved from /home/kallox/respaldo/thesis/dags/files/iedb/downloads/epitope.zip
[2023-02-14T21:57:58.405-0300] {processor.py:175} INFO - Processing /home/kallox/respaldo/thesis/dags/files/iedb/downloads/epitope.zip took 0.023 seconds
[2023-02-14T21:58:28.697-0300] {processor.py:153} INFO - Started process (PID=6803) to work on /home/kallox/respaldo/thesis/dags/files/iedb/downloads/epitope.zip
[2023-02-14T21:58:28.698-0300] {processor.py:743} INFO - Processing file /home/kallox/respaldo/thesis/dags/files/iedb/downloads/epitope.zip for tasks to queue
[2023-02-14T21:58:28.698-0300] {logging_mixin.py:137} INFO - [2023-02-14T21:58:28.698-0300] {dagbag.py:538} INFO - Filling up the DagBag from /home/kallox/respaldo/thesis/dags/files/iedb/downloads/epitope.zip
[2023-02-14T21:58:28.699-0300] {processor.py:755} WARNING - No viable dags retrieved from /home/kallox/respaldo/thesis/dags/files/iedb/downloads/epitope.zip
[2023-02-14T21:58:28.716-0300] {processor.py:175} INFO - Processing /home/kallox/respaldo/thesis/dags/files/iedb/downloads/epitope.zip took 0.022 seconds
[2023-02-14T21:58:58.860-0300] {processor.py:153} INFO - Started process (PID=6904) to work on /home/kallox/respaldo/thesis/dags/files/iedb/downloads/epitope.zip
[2023-02-14T21:58:58.868-0300] {processor.py:743} INFO - Processing file /home/kallox/respaldo/thesis/dags/files/iedb/downloads/epitope.zip for tasks to queue
[2023-02-14T21:58:58.869-0300] {logging_mixin.py:137} INFO - [2023-02-14T21:58:58.869-0300] {dagbag.py:538} INFO - Filling up the DagBag from /home/kallox/respaldo/thesis/dags/files/iedb/downloads/epitope.zip
[2023-02-14T21:58:58.870-0300] {processor.py:755} WARNING - No viable dags retrieved from /home/kallox/respaldo/thesis/dags/files/iedb/downloads/epitope.zip
[2023-02-14T21:58:58.889-0300] {processor.py:175} INFO - Processing /home/kallox/respaldo/thesis/dags/files/iedb/downloads/epitope.zip took 0.032 seconds
[2023-02-14T21:59:29.803-0300] {processor.py:153} INFO - Started process (PID=7009) to work on /home/kallox/respaldo/thesis/dags/files/iedb/downloads/epitope.zip
[2023-02-14T21:59:29.804-0300] {processor.py:743} INFO - Processing file /home/kallox/respaldo/thesis/dags/files/iedb/downloads/epitope.zip for tasks to queue
[2023-02-14T21:59:29.805-0300] {logging_mixin.py:137} INFO - [2023-02-14T21:59:29.805-0300] {dagbag.py:538} INFO - Filling up the DagBag from /home/kallox/respaldo/thesis/dags/files/iedb/downloads/epitope.zip
[2023-02-14T21:59:29.805-0300] {processor.py:755} WARNING - No viable dags retrieved from /home/kallox/respaldo/thesis/dags/files/iedb/downloads/epitope.zip
[2023-02-14T21:59:29.821-0300] {processor.py:175} INFO - Processing /home/kallox/respaldo/thesis/dags/files/iedb/downloads/epitope.zip took 0.020 seconds
[2023-02-14T22:01:58.500-0300] {processor.py:153} INFO - Started process (PID=7383) to work on /home/kallox/respaldo/thesis/dags/files/iedb/downloads/epitope.zip
[2023-02-14T22:01:58.500-0300] {processor.py:743} INFO - Processing file /home/kallox/respaldo/thesis/dags/files/iedb/downloads/epitope.zip for tasks to queue
[2023-02-14T22:01:58.501-0300] {logging_mixin.py:137} INFO - [2023-02-14T22:01:58.501-0300] {dagbag.py:538} INFO - Filling up the DagBag from /home/kallox/respaldo/thesis/dags/files/iedb/downloads/epitope.zip
[2023-02-14T22:01:58.501-0300] {processor.py:755} WARNING - No viable dags retrieved from /home/kallox/respaldo/thesis/dags/files/iedb/downloads/epitope.zip
[2023-02-14T22:01:58.513-0300] {processor.py:175} INFO - Processing /home/kallox/respaldo/thesis/dags/files/iedb/downloads/epitope.zip took 0.015 seconds
[2023-02-14T22:02:29.691-0300] {processor.py:153} INFO - Started process (PID=7559) to work on /home/kallox/respaldo/thesis/dags/files/iedb/downloads/epitope.zip
[2023-02-14T22:02:29.692-0300] {processor.py:743} INFO - Processing file /home/kallox/respaldo/thesis/dags/files/iedb/downloads/epitope.zip for tasks to queue
[2023-02-14T22:02:29.692-0300] {logging_mixin.py:137} INFO - [2023-02-14T22:02:29.692-0300] {dagbag.py:538} INFO - Filling up the DagBag from /home/kallox/respaldo/thesis/dags/files/iedb/downloads/epitope.zip
[2023-02-14T22:02:29.692-0300] {processor.py:755} WARNING - No viable dags retrieved from /home/kallox/respaldo/thesis/dags/files/iedb/downloads/epitope.zip
[2023-02-14T22:02:29.709-0300] {processor.py:175} INFO - Processing /home/kallox/respaldo/thesis/dags/files/iedb/downloads/epitope.zip took 0.021 seconds
[2023-02-14T22:02:35.957-0300] {processor.py:153} INFO - Started process (PID=7768) to work on /home/kallox/respaldo/thesis/dags/files/iedb/downloads/epitope.zip
[2023-02-14T22:02:35.958-0300] {processor.py:743} INFO - Processing file /home/kallox/respaldo/thesis/dags/files/iedb/downloads/epitope.zip for tasks to queue
[2023-02-14T22:02:35.958-0300] {logging_mixin.py:137} INFO - [2023-02-14T22:02:35.958-0300] {dagbag.py:538} INFO - Filling up the DagBag from /home/kallox/respaldo/thesis/dags/files/iedb/downloads/epitope.zip
[2023-02-14T22:02:35.958-0300] {processor.py:755} WARNING - No viable dags retrieved from /home/kallox/respaldo/thesis/dags/files/iedb/downloads/epitope.zip
[2023-02-14T22:02:35.973-0300] {processor.py:175} INFO - Processing /home/kallox/respaldo/thesis/dags/files/iedb/downloads/epitope.zip took 0.017 seconds
[2023-02-14T22:03:07.147-0300] {processor.py:153} INFO - Started process (PID=7860) to work on /home/kallox/respaldo/thesis/dags/files/iedb/downloads/epitope.zip
[2023-02-14T22:03:07.148-0300] {processor.py:743} INFO - Processing file /home/kallox/respaldo/thesis/dags/files/iedb/downloads/epitope.zip for tasks to queue
[2023-02-14T22:03:07.149-0300] {logging_mixin.py:137} INFO - [2023-02-14T22:03:07.149-0300] {dagbag.py:538} INFO - Filling up the DagBag from /home/kallox/respaldo/thesis/dags/files/iedb/downloads/epitope.zip
[2023-02-14T22:03:07.149-0300] {processor.py:755} WARNING - No viable dags retrieved from /home/kallox/respaldo/thesis/dags/files/iedb/downloads/epitope.zip
[2023-02-14T22:03:07.170-0300] {processor.py:175} INFO - Processing /home/kallox/respaldo/thesis/dags/files/iedb/downloads/epitope.zip took 0.026 seconds
[2023-02-14T22:03:37.334-0300] {processor.py:153} INFO - Started process (PID=7946) to work on /home/kallox/respaldo/thesis/dags/files/iedb/downloads/epitope.zip
[2023-02-14T22:03:37.334-0300] {processor.py:743} INFO - Processing file /home/kallox/respaldo/thesis/dags/files/iedb/downloads/epitope.zip for tasks to queue
[2023-02-14T22:03:37.335-0300] {logging_mixin.py:137} INFO - [2023-02-14T22:03:37.335-0300] {dagbag.py:538} INFO - Filling up the DagBag from /home/kallox/respaldo/thesis/dags/files/iedb/downloads/epitope.zip
[2023-02-14T22:03:37.335-0300] {processor.py:755} WARNING - No viable dags retrieved from /home/kallox/respaldo/thesis/dags/files/iedb/downloads/epitope.zip
[2023-02-14T22:03:37.352-0300] {processor.py:175} INFO - Processing /home/kallox/respaldo/thesis/dags/files/iedb/downloads/epitope.zip took 0.021 seconds
[2023-02-14T22:04:08.585-0300] {processor.py:153} INFO - Started process (PID=8050) to work on /home/kallox/respaldo/thesis/dags/files/iedb/downloads/epitope.zip
[2023-02-14T22:04:08.586-0300] {processor.py:743} INFO - Processing file /home/kallox/respaldo/thesis/dags/files/iedb/downloads/epitope.zip for tasks to queue
[2023-02-14T22:04:08.587-0300] {logging_mixin.py:137} INFO - [2023-02-14T22:04:08.587-0300] {dagbag.py:538} INFO - Filling up the DagBag from /home/kallox/respaldo/thesis/dags/files/iedb/downloads/epitope.zip
[2023-02-14T22:04:08.587-0300] {processor.py:755} WARNING - No viable dags retrieved from /home/kallox/respaldo/thesis/dags/files/iedb/downloads/epitope.zip
[2023-02-14T22:04:08.604-0300] {processor.py:175} INFO - Processing /home/kallox/respaldo/thesis/dags/files/iedb/downloads/epitope.zip took 0.020 seconds
[2023-02-14T22:04:39.618-0300] {processor.py:153} INFO - Started process (PID=8141) to work on /home/kallox/respaldo/thesis/dags/files/iedb/downloads/epitope.zip
[2023-02-14T22:04:39.619-0300] {processor.py:743} INFO - Processing file /home/kallox/respaldo/thesis/dags/files/iedb/downloads/epitope.zip for tasks to queue
[2023-02-14T22:04:39.619-0300] {logging_mixin.py:137} INFO - [2023-02-14T22:04:39.619-0300] {dagbag.py:538} INFO - Filling up the DagBag from /home/kallox/respaldo/thesis/dags/files/iedb/downloads/epitope.zip
[2023-02-14T22:04:39.620-0300] {processor.py:755} WARNING - No viable dags retrieved from /home/kallox/respaldo/thesis/dags/files/iedb/downloads/epitope.zip
[2023-02-14T22:04:39.637-0300] {processor.py:175} INFO - Processing /home/kallox/respaldo/thesis/dags/files/iedb/downloads/epitope.zip took 0.021 seconds
[2023-02-14T22:05:10.516-0300] {processor.py:153} INFO - Started process (PID=8234) to work on /home/kallox/respaldo/thesis/dags/files/iedb/downloads/epitope.zip
[2023-02-14T22:05:10.517-0300] {processor.py:743} INFO - Processing file /home/kallox/respaldo/thesis/dags/files/iedb/downloads/epitope.zip for tasks to queue
[2023-02-14T22:05:10.518-0300] {logging_mixin.py:137} INFO - [2023-02-14T22:05:10.517-0300] {dagbag.py:538} INFO - Filling up the DagBag from /home/kallox/respaldo/thesis/dags/files/iedb/downloads/epitope.zip
[2023-02-14T22:05:10.518-0300] {processor.py:755} WARNING - No viable dags retrieved from /home/kallox/respaldo/thesis/dags/files/iedb/downloads/epitope.zip
[2023-02-14T22:05:10.537-0300] {processor.py:175} INFO - Processing /home/kallox/respaldo/thesis/dags/files/iedb/downloads/epitope.zip took 0.024 seconds
[2023-02-14T22:05:40.951-0300] {processor.py:153} INFO - Started process (PID=8328) to work on /home/kallox/respaldo/thesis/dags/files/iedb/downloads/epitope.zip
[2023-02-14T22:05:40.952-0300] {processor.py:743} INFO - Processing file /home/kallox/respaldo/thesis/dags/files/iedb/downloads/epitope.zip for tasks to queue
[2023-02-14T22:05:40.953-0300] {logging_mixin.py:137} INFO - [2023-02-14T22:05:40.953-0300] {dagbag.py:538} INFO - Filling up the DagBag from /home/kallox/respaldo/thesis/dags/files/iedb/downloads/epitope.zip
[2023-02-14T22:05:40.953-0300] {processor.py:755} WARNING - No viable dags retrieved from /home/kallox/respaldo/thesis/dags/files/iedb/downloads/epitope.zip
[2023-02-14T22:05:40.969-0300] {processor.py:175} INFO - Processing /home/kallox/respaldo/thesis/dags/files/iedb/downloads/epitope.zip took 0.020 seconds
[2023-02-14T22:06:11.553-0300] {processor.py:153} INFO - Started process (PID=8424) to work on /home/kallox/respaldo/thesis/dags/files/iedb/downloads/epitope.zip
[2023-02-14T22:06:11.553-0300] {processor.py:743} INFO - Processing file /home/kallox/respaldo/thesis/dags/files/iedb/downloads/epitope.zip for tasks to queue
[2023-02-14T22:06:11.554-0300] {logging_mixin.py:137} INFO - [2023-02-14T22:06:11.554-0300] {dagbag.py:538} INFO - Filling up the DagBag from /home/kallox/respaldo/thesis/dags/files/iedb/downloads/epitope.zip
[2023-02-14T22:06:11.555-0300] {processor.py:755} WARNING - No viable dags retrieved from /home/kallox/respaldo/thesis/dags/files/iedb/downloads/epitope.zip
[2023-02-14T22:06:11.571-0300] {processor.py:175} INFO - Processing /home/kallox/respaldo/thesis/dags/files/iedb/downloads/epitope.zip took 0.021 seconds
[2023-02-14T22:06:42.731-0300] {processor.py:153} INFO - Started process (PID=8544) to work on /home/kallox/respaldo/thesis/dags/files/iedb/downloads/epitope.zip
[2023-02-14T22:06:42.732-0300] {processor.py:743} INFO - Processing file /home/kallox/respaldo/thesis/dags/files/iedb/downloads/epitope.zip for tasks to queue
[2023-02-14T22:06:42.732-0300] {logging_mixin.py:137} INFO - [2023-02-14T22:06:42.732-0300] {dagbag.py:538} INFO - Filling up the DagBag from /home/kallox/respaldo/thesis/dags/files/iedb/downloads/epitope.zip
[2023-02-14T22:06:42.732-0300] {processor.py:755} WARNING - No viable dags retrieved from /home/kallox/respaldo/thesis/dags/files/iedb/downloads/epitope.zip
[2023-02-14T22:06:42.750-0300] {processor.py:175} INFO - Processing /home/kallox/respaldo/thesis/dags/files/iedb/downloads/epitope.zip took 0.022 seconds
[2023-02-14T22:07:16.834-0300] {processor.py:153} INFO - Started process (PID=8815) to work on /home/kallox/respaldo/thesis/dags/files/iedb/downloads/epitope.zip
[2023-02-14T22:07:16.834-0300] {processor.py:743} INFO - Processing file /home/kallox/respaldo/thesis/dags/files/iedb/downloads/epitope.zip for tasks to queue
[2023-02-14T22:07:16.835-0300] {logging_mixin.py:137} INFO - [2023-02-14T22:07:16.835-0300] {dagbag.py:538} INFO - Filling up the DagBag from /home/kallox/respaldo/thesis/dags/files/iedb/downloads/epitope.zip
[2023-02-14T22:07:16.835-0300] {processor.py:755} WARNING - No viable dags retrieved from /home/kallox/respaldo/thesis/dags/files/iedb/downloads/epitope.zip
[2023-02-14T22:07:16.848-0300] {processor.py:175} INFO - Processing /home/kallox/respaldo/thesis/dags/files/iedb/downloads/epitope.zip took 0.017 seconds
[2023-02-14T22:07:48.027-0300] {processor.py:153} INFO - Started process (PID=8908) to work on /home/kallox/respaldo/thesis/dags/files/iedb/downloads/epitope.zip
[2023-02-14T22:07:48.027-0300] {processor.py:743} INFO - Processing file /home/kallox/respaldo/thesis/dags/files/iedb/downloads/epitope.zip for tasks to queue
[2023-02-14T22:07:48.028-0300] {logging_mixin.py:137} INFO - [2023-02-14T22:07:48.028-0300] {dagbag.py:538} INFO - Filling up the DagBag from /home/kallox/respaldo/thesis/dags/files/iedb/downloads/epitope.zip
[2023-02-14T22:07:48.028-0300] {processor.py:755} WARNING - No viable dags retrieved from /home/kallox/respaldo/thesis/dags/files/iedb/downloads/epitope.zip
[2023-02-14T22:07:48.046-0300] {processor.py:175} INFO - Processing /home/kallox/respaldo/thesis/dags/files/iedb/downloads/epitope.zip took 0.022 seconds
[2023-02-14T22:08:18.651-0300] {processor.py:153} INFO - Started process (PID=9004) to work on /home/kallox/respaldo/thesis/dags/files/iedb/downloads/epitope.zip
[2023-02-14T22:08:18.652-0300] {processor.py:743} INFO - Processing file /home/kallox/respaldo/thesis/dags/files/iedb/downloads/epitope.zip for tasks to queue
[2023-02-14T22:08:18.652-0300] {logging_mixin.py:137} INFO - [2023-02-14T22:08:18.652-0300] {dagbag.py:538} INFO - Filling up the DagBag from /home/kallox/respaldo/thesis/dags/files/iedb/downloads/epitope.zip
[2023-02-14T22:08:18.652-0300] {processor.py:755} WARNING - No viable dags retrieved from /home/kallox/respaldo/thesis/dags/files/iedb/downloads/epitope.zip
[2023-02-14T22:08:18.669-0300] {processor.py:175} INFO - Processing /home/kallox/respaldo/thesis/dags/files/iedb/downloads/epitope.zip took 0.021 seconds
[2023-02-14T22:08:49.741-0300] {processor.py:153} INFO - Started process (PID=9096) to work on /home/kallox/respaldo/thesis/dags/files/iedb/downloads/epitope.zip
[2023-02-14T22:08:49.742-0300] {processor.py:743} INFO - Processing file /home/kallox/respaldo/thesis/dags/files/iedb/downloads/epitope.zip for tasks to queue
[2023-02-14T22:08:49.742-0300] {logging_mixin.py:137} INFO - [2023-02-14T22:08:49.742-0300] {dagbag.py:538} INFO - Filling up the DagBag from /home/kallox/respaldo/thesis/dags/files/iedb/downloads/epitope.zip
[2023-02-14T22:08:49.743-0300] {processor.py:755} WARNING - No viable dags retrieved from /home/kallox/respaldo/thesis/dags/files/iedb/downloads/epitope.zip
[2023-02-14T22:08:49.761-0300] {processor.py:175} INFO - Processing /home/kallox/respaldo/thesis/dags/files/iedb/downloads/epitope.zip took 0.022 seconds
[2023-02-14T22:09:20.592-0300] {processor.py:153} INFO - Started process (PID=9188) to work on /home/kallox/respaldo/thesis/dags/files/iedb/downloads/epitope.zip
[2023-02-14T22:09:20.593-0300] {processor.py:743} INFO - Processing file /home/kallox/respaldo/thesis/dags/files/iedb/downloads/epitope.zip for tasks to queue
[2023-02-14T22:09:20.593-0300] {logging_mixin.py:137} INFO - [2023-02-14T22:09:20.593-0300] {dagbag.py:538} INFO - Filling up the DagBag from /home/kallox/respaldo/thesis/dags/files/iedb/downloads/epitope.zip
[2023-02-14T22:09:20.594-0300] {processor.py:755} WARNING - No viable dags retrieved from /home/kallox/respaldo/thesis/dags/files/iedb/downloads/epitope.zip
[2023-02-14T22:09:20.610-0300] {processor.py:175} INFO - Processing /home/kallox/respaldo/thesis/dags/files/iedb/downloads/epitope.zip took 0.020 seconds
[2023-02-14T22:09:51.543-0300] {processor.py:153} INFO - Started process (PID=9279) to work on /home/kallox/respaldo/thesis/dags/files/iedb/downloads/epitope.zip
[2023-02-14T22:09:51.544-0300] {processor.py:743} INFO - Processing file /home/kallox/respaldo/thesis/dags/files/iedb/downloads/epitope.zip for tasks to queue
[2023-02-14T22:09:51.544-0300] {logging_mixin.py:137} INFO - [2023-02-14T22:09:51.544-0300] {dagbag.py:538} INFO - Filling up the DagBag from /home/kallox/respaldo/thesis/dags/files/iedb/downloads/epitope.zip
[2023-02-14T22:09:51.545-0300] {processor.py:755} WARNING - No viable dags retrieved from /home/kallox/respaldo/thesis/dags/files/iedb/downloads/epitope.zip
[2023-02-14T22:09:51.562-0300] {processor.py:175} INFO - Processing /home/kallox/respaldo/thesis/dags/files/iedb/downloads/epitope.zip took 0.022 seconds
[2023-02-14T22:10:21.964-0300] {processor.py:153} INFO - Started process (PID=9375) to work on /home/kallox/respaldo/thesis/dags/files/iedb/downloads/epitope.zip
[2023-02-14T22:10:21.964-0300] {processor.py:743} INFO - Processing file /home/kallox/respaldo/thesis/dags/files/iedb/downloads/epitope.zip for tasks to queue
[2023-02-14T22:10:21.965-0300] {logging_mixin.py:137} INFO - [2023-02-14T22:10:21.965-0300] {dagbag.py:538} INFO - Filling up the DagBag from /home/kallox/respaldo/thesis/dags/files/iedb/downloads/epitope.zip
[2023-02-14T22:10:21.965-0300] {processor.py:755} WARNING - No viable dags retrieved from /home/kallox/respaldo/thesis/dags/files/iedb/downloads/epitope.zip
[2023-02-14T22:10:21.980-0300] {processor.py:175} INFO - Processing /home/kallox/respaldo/thesis/dags/files/iedb/downloads/epitope.zip took 0.019 seconds
[2023-02-14T22:10:52.562-0300] {processor.py:153} INFO - Started process (PID=9497) to work on /home/kallox/respaldo/thesis/dags/files/iedb/downloads/epitope.zip
[2023-02-14T22:10:52.562-0300] {processor.py:743} INFO - Processing file /home/kallox/respaldo/thesis/dags/files/iedb/downloads/epitope.zip for tasks to queue
[2023-02-14T22:10:52.563-0300] {logging_mixin.py:137} INFO - [2023-02-14T22:10:52.563-0300] {dagbag.py:538} INFO - Filling up the DagBag from /home/kallox/respaldo/thesis/dags/files/iedb/downloads/epitope.zip
[2023-02-14T22:10:52.563-0300] {processor.py:755} WARNING - No viable dags retrieved from /home/kallox/respaldo/thesis/dags/files/iedb/downloads/epitope.zip
[2023-02-14T22:10:52.579-0300] {processor.py:175} INFO - Processing /home/kallox/respaldo/thesis/dags/files/iedb/downloads/epitope.zip took 0.019 seconds
[2023-02-14T22:11:23.332-0300] {processor.py:153} INFO - Started process (PID=9599) to work on /home/kallox/respaldo/thesis/dags/files/iedb/downloads/epitope.zip
[2023-02-14T22:11:23.333-0300] {processor.py:743} INFO - Processing file /home/kallox/respaldo/thesis/dags/files/iedb/downloads/epitope.zip for tasks to queue
[2023-02-14T22:11:23.333-0300] {logging_mixin.py:137} INFO - [2023-02-14T22:11:23.333-0300] {dagbag.py:538} INFO - Filling up the DagBag from /home/kallox/respaldo/thesis/dags/files/iedb/downloads/epitope.zip
[2023-02-14T22:11:23.334-0300] {processor.py:755} WARNING - No viable dags retrieved from /home/kallox/respaldo/thesis/dags/files/iedb/downloads/epitope.zip
[2023-02-14T22:11:23.350-0300] {processor.py:175} INFO - Processing /home/kallox/respaldo/thesis/dags/files/iedb/downloads/epitope.zip took 0.021 seconds
[2023-02-14T22:11:54.629-0300] {processor.py:153} INFO - Started process (PID=9708) to work on /home/kallox/respaldo/thesis/dags/files/iedb/downloads/epitope.zip
[2023-02-14T22:11:54.630-0300] {processor.py:743} INFO - Processing file /home/kallox/respaldo/thesis/dags/files/iedb/downloads/epitope.zip for tasks to queue
[2023-02-14T22:11:54.630-0300] {logging_mixin.py:137} INFO - [2023-02-14T22:11:54.630-0300] {dagbag.py:538} INFO - Filling up the DagBag from /home/kallox/respaldo/thesis/dags/files/iedb/downloads/epitope.zip
[2023-02-14T22:11:54.630-0300] {processor.py:755} WARNING - No viable dags retrieved from /home/kallox/respaldo/thesis/dags/files/iedb/downloads/epitope.zip
[2023-02-14T22:11:54.646-0300] {processor.py:175} INFO - Processing /home/kallox/respaldo/thesis/dags/files/iedb/downloads/epitope.zip took 0.019 seconds
[2023-02-14T22:12:25.250-0300] {processor.py:153} INFO - Started process (PID=9814) to work on /home/kallox/respaldo/thesis/dags/files/iedb/downloads/epitope.zip
[2023-02-14T22:12:25.251-0300] {processor.py:743} INFO - Processing file /home/kallox/respaldo/thesis/dags/files/iedb/downloads/epitope.zip for tasks to queue
[2023-02-14T22:12:25.251-0300] {logging_mixin.py:137} INFO - [2023-02-14T22:12:25.251-0300] {dagbag.py:538} INFO - Filling up the DagBag from /home/kallox/respaldo/thesis/dags/files/iedb/downloads/epitope.zip
[2023-02-14T22:12:25.251-0300] {processor.py:755} WARNING - No viable dags retrieved from /home/kallox/respaldo/thesis/dags/files/iedb/downloads/epitope.zip
[2023-02-14T22:12:25.269-0300] {processor.py:175} INFO - Processing /home/kallox/respaldo/thesis/dags/files/iedb/downloads/epitope.zip took 0.021 seconds
[2023-02-14T22:12:55.568-0300] {processor.py:153} INFO - Started process (PID=9911) to work on /home/kallox/respaldo/thesis/dags/files/iedb/downloads/epitope.zip
[2023-02-14T22:12:55.569-0300] {processor.py:743} INFO - Processing file /home/kallox/respaldo/thesis/dags/files/iedb/downloads/epitope.zip for tasks to queue
[2023-02-14T22:12:55.569-0300] {logging_mixin.py:137} INFO - [2023-02-14T22:12:55.569-0300] {dagbag.py:538} INFO - Filling up the DagBag from /home/kallox/respaldo/thesis/dags/files/iedb/downloads/epitope.zip
[2023-02-14T22:12:55.570-0300] {processor.py:755} WARNING - No viable dags retrieved from /home/kallox/respaldo/thesis/dags/files/iedb/downloads/epitope.zip
[2023-02-14T22:12:55.596-0300] {processor.py:175} INFO - Processing /home/kallox/respaldo/thesis/dags/files/iedb/downloads/epitope.zip took 0.031 seconds
[2023-02-14T22:13:25.671-0300] {processor.py:153} INFO - Started process (PID=10218) to work on /home/kallox/respaldo/thesis/dags/files/iedb/downloads/epitope.zip
[2023-02-14T22:13:25.672-0300] {processor.py:743} INFO - Processing file /home/kallox/respaldo/thesis/dags/files/iedb/downloads/epitope.zip for tasks to queue
[2023-02-14T22:13:25.672-0300] {logging_mixin.py:137} INFO - [2023-02-14T22:13:25.672-0300] {dagbag.py:538} INFO - Filling up the DagBag from /home/kallox/respaldo/thesis/dags/files/iedb/downloads/epitope.zip
[2023-02-14T22:13:25.672-0300] {processor.py:755} WARNING - No viable dags retrieved from /home/kallox/respaldo/thesis/dags/files/iedb/downloads/epitope.zip
[2023-02-14T22:13:25.688-0300] {processor.py:175} INFO - Processing /home/kallox/respaldo/thesis/dags/files/iedb/downloads/epitope.zip took 0.019 seconds
[2023-02-14T22:13:56.771-0300] {processor.py:153} INFO - Started process (PID=10341) to work on /home/kallox/respaldo/thesis/dags/files/iedb/downloads/epitope.zip
[2023-02-14T22:13:56.771-0300] {processor.py:743} INFO - Processing file /home/kallox/respaldo/thesis/dags/files/iedb/downloads/epitope.zip for tasks to queue
[2023-02-14T22:13:56.772-0300] {logging_mixin.py:137} INFO - [2023-02-14T22:13:56.772-0300] {dagbag.py:538} INFO - Filling up the DagBag from /home/kallox/respaldo/thesis/dags/files/iedb/downloads/epitope.zip
[2023-02-14T22:13:56.772-0300] {processor.py:755} WARNING - No viable dags retrieved from /home/kallox/respaldo/thesis/dags/files/iedb/downloads/epitope.zip
[2023-02-14T22:13:56.788-0300] {processor.py:175} INFO - Processing /home/kallox/respaldo/thesis/dags/files/iedb/downloads/epitope.zip took 0.020 seconds
[2023-02-14T22:14:27.159-0300] {processor.py:153} INFO - Started process (PID=10429) to work on /home/kallox/respaldo/thesis/dags/files/iedb/downloads/epitope.zip
[2023-02-14T22:14:27.160-0300] {processor.py:743} INFO - Processing file /home/kallox/respaldo/thesis/dags/files/iedb/downloads/epitope.zip for tasks to queue
[2023-02-14T22:14:27.160-0300] {logging_mixin.py:137} INFO - [2023-02-14T22:14:27.160-0300] {dagbag.py:538} INFO - Filling up the DagBag from /home/kallox/respaldo/thesis/dags/files/iedb/downloads/epitope.zip
[2023-02-14T22:14:27.161-0300] {processor.py:755} WARNING - No viable dags retrieved from /home/kallox/respaldo/thesis/dags/files/iedb/downloads/epitope.zip
[2023-02-14T22:14:27.177-0300] {processor.py:175} INFO - Processing /home/kallox/respaldo/thesis/dags/files/iedb/downloads/epitope.zip took 0.020 seconds
[2023-02-14T22:14:57.552-0300] {processor.py:153} INFO - Started process (PID=10521) to work on /home/kallox/respaldo/thesis/dags/files/iedb/downloads/epitope.zip
[2023-02-14T22:14:57.553-0300] {processor.py:743} INFO - Processing file /home/kallox/respaldo/thesis/dags/files/iedb/downloads/epitope.zip for tasks to queue
[2023-02-14T22:14:57.554-0300] {logging_mixin.py:137} INFO - [2023-02-14T22:14:57.554-0300] {dagbag.py:538} INFO - Filling up the DagBag from /home/kallox/respaldo/thesis/dags/files/iedb/downloads/epitope.zip
[2023-02-14T22:14:57.554-0300] {processor.py:755} WARNING - No viable dags retrieved from /home/kallox/respaldo/thesis/dags/files/iedb/downloads/epitope.zip
[2023-02-14T22:14:57.571-0300] {processor.py:175} INFO - Processing /home/kallox/respaldo/thesis/dags/files/iedb/downloads/epitope.zip took 0.021 seconds
[2023-02-14T22:15:28.655-0300] {processor.py:153} INFO - Started process (PID=10615) to work on /home/kallox/respaldo/thesis/dags/files/iedb/downloads/epitope.zip
[2023-02-14T22:15:28.656-0300] {processor.py:743} INFO - Processing file /home/kallox/respaldo/thesis/dags/files/iedb/downloads/epitope.zip for tasks to queue
[2023-02-14T22:15:28.656-0300] {logging_mixin.py:137} INFO - [2023-02-14T22:15:28.656-0300] {dagbag.py:538} INFO - Filling up the DagBag from /home/kallox/respaldo/thesis/dags/files/iedb/downloads/epitope.zip
[2023-02-14T22:15:28.657-0300] {processor.py:755} WARNING - No viable dags retrieved from /home/kallox/respaldo/thesis/dags/files/iedb/downloads/epitope.zip
[2023-02-14T22:15:28.673-0300] {processor.py:175} INFO - Processing /home/kallox/respaldo/thesis/dags/files/iedb/downloads/epitope.zip took 0.020 seconds
[2023-02-14T22:15:59.079-0300] {processor.py:153} INFO - Started process (PID=10708) to work on /home/kallox/respaldo/thesis/dags/files/iedb/downloads/epitope.zip
[2023-02-14T22:15:59.079-0300] {processor.py:743} INFO - Processing file /home/kallox/respaldo/thesis/dags/files/iedb/downloads/epitope.zip for tasks to queue
[2023-02-14T22:15:59.080-0300] {logging_mixin.py:137} INFO - [2023-02-14T22:15:59.080-0300] {dagbag.py:538} INFO - Filling up the DagBag from /home/kallox/respaldo/thesis/dags/files/iedb/downloads/epitope.zip
[2023-02-14T22:15:59.080-0300] {processor.py:755} WARNING - No viable dags retrieved from /home/kallox/respaldo/thesis/dags/files/iedb/downloads/epitope.zip
[2023-02-14T22:15:59.096-0300] {processor.py:175} INFO - Processing /home/kallox/respaldo/thesis/dags/files/iedb/downloads/epitope.zip took 0.020 seconds
[2023-02-14T22:16:29.881-0300] {processor.py:153} INFO - Started process (PID=10801) to work on /home/kallox/respaldo/thesis/dags/files/iedb/downloads/epitope.zip
[2023-02-14T22:16:29.882-0300] {processor.py:743} INFO - Processing file /home/kallox/respaldo/thesis/dags/files/iedb/downloads/epitope.zip for tasks to queue
[2023-02-14T22:16:29.883-0300] {logging_mixin.py:137} INFO - [2023-02-14T22:16:29.882-0300] {dagbag.py:538} INFO - Filling up the DagBag from /home/kallox/respaldo/thesis/dags/files/iedb/downloads/epitope.zip
[2023-02-14T22:16:29.883-0300] {processor.py:755} WARNING - No viable dags retrieved from /home/kallox/respaldo/thesis/dags/files/iedb/downloads/epitope.zip
[2023-02-14T22:16:29.900-0300] {processor.py:175} INFO - Processing /home/kallox/respaldo/thesis/dags/files/iedb/downloads/epitope.zip took 0.021 seconds
[2023-02-14T22:17:00.741-0300] {processor.py:153} INFO - Started process (PID=10897) to work on /home/kallox/respaldo/thesis/dags/files/iedb/downloads/epitope.zip
[2023-02-14T22:17:00.742-0300] {processor.py:743} INFO - Processing file /home/kallox/respaldo/thesis/dags/files/iedb/downloads/epitope.zip for tasks to queue
[2023-02-14T22:17:00.743-0300] {logging_mixin.py:137} INFO - [2023-02-14T22:17:00.743-0300] {dagbag.py:538} INFO - Filling up the DagBag from /home/kallox/respaldo/thesis/dags/files/iedb/downloads/epitope.zip
[2023-02-14T22:17:00.743-0300] {processor.py:755} WARNING - No viable dags retrieved from /home/kallox/respaldo/thesis/dags/files/iedb/downloads/epitope.zip
[2023-02-14T22:17:00.760-0300] {processor.py:175} INFO - Processing /home/kallox/respaldo/thesis/dags/files/iedb/downloads/epitope.zip took 0.021 seconds
[2023-02-14T22:17:31.362-0300] {processor.py:153} INFO - Started process (PID=10999) to work on /home/kallox/respaldo/thesis/dags/files/iedb/downloads/epitope.zip
[2023-02-14T22:17:31.363-0300] {processor.py:743} INFO - Processing file /home/kallox/respaldo/thesis/dags/files/iedb/downloads/epitope.zip for tasks to queue
[2023-02-14T22:17:31.363-0300] {logging_mixin.py:137} INFO - [2023-02-14T22:17:31.363-0300] {dagbag.py:538} INFO - Filling up the DagBag from /home/kallox/respaldo/thesis/dags/files/iedb/downloads/epitope.zip
[2023-02-14T22:17:31.364-0300] {processor.py:755} WARNING - No viable dags retrieved from /home/kallox/respaldo/thesis/dags/files/iedb/downloads/epitope.zip
[2023-02-14T22:17:31.382-0300] {processor.py:175} INFO - Processing /home/kallox/respaldo/thesis/dags/files/iedb/downloads/epitope.zip took 0.022 seconds
[2023-02-14T22:18:02.375-0300] {processor.py:153} INFO - Started process (PID=11089) to work on /home/kallox/respaldo/thesis/dags/files/iedb/downloads/epitope.zip
[2023-02-14T22:18:02.376-0300] {processor.py:743} INFO - Processing file /home/kallox/respaldo/thesis/dags/files/iedb/downloads/epitope.zip for tasks to queue
[2023-02-14T22:18:02.377-0300] {logging_mixin.py:137} INFO - [2023-02-14T22:18:02.376-0300] {dagbag.py:538} INFO - Filling up the DagBag from /home/kallox/respaldo/thesis/dags/files/iedb/downloads/epitope.zip
[2023-02-14T22:18:02.377-0300] {processor.py:755} WARNING - No viable dags retrieved from /home/kallox/respaldo/thesis/dags/files/iedb/downloads/epitope.zip
[2023-02-14T22:18:02.393-0300] {processor.py:175} INFO - Processing /home/kallox/respaldo/thesis/dags/files/iedb/downloads/epitope.zip took 0.020 seconds
[2023-02-14T22:18:33.299-0300] {processor.py:153} INFO - Started process (PID=11181) to work on /home/kallox/respaldo/thesis/dags/files/iedb/downloads/epitope.zip
[2023-02-14T22:18:33.300-0300] {processor.py:743} INFO - Processing file /home/kallox/respaldo/thesis/dags/files/iedb/downloads/epitope.zip for tasks to queue
[2023-02-14T22:18:33.300-0300] {logging_mixin.py:137} INFO - [2023-02-14T22:18:33.300-0300] {dagbag.py:538} INFO - Filling up the DagBag from /home/kallox/respaldo/thesis/dags/files/iedb/downloads/epitope.zip
[2023-02-14T22:18:33.301-0300] {processor.py:755} WARNING - No viable dags retrieved from /home/kallox/respaldo/thesis/dags/files/iedb/downloads/epitope.zip
[2023-02-14T22:18:33.317-0300] {processor.py:175} INFO - Processing /home/kallox/respaldo/thesis/dags/files/iedb/downloads/epitope.zip took 0.020 seconds
[2023-02-14T22:19:03.903-0300] {processor.py:153} INFO - Started process (PID=11277) to work on /home/kallox/respaldo/thesis/dags/files/iedb/downloads/epitope.zip
[2023-02-14T22:19:03.904-0300] {processor.py:743} INFO - Processing file /home/kallox/respaldo/thesis/dags/files/iedb/downloads/epitope.zip for tasks to queue
[2023-02-14T22:19:03.904-0300] {logging_mixin.py:137} INFO - [2023-02-14T22:19:03.904-0300] {dagbag.py:538} INFO - Filling up the DagBag from /home/kallox/respaldo/thesis/dags/files/iedb/downloads/epitope.zip
[2023-02-14T22:19:03.905-0300] {processor.py:755} WARNING - No viable dags retrieved from /home/kallox/respaldo/thesis/dags/files/iedb/downloads/epitope.zip
[2023-02-14T22:19:03.923-0300] {processor.py:175} INFO - Processing /home/kallox/respaldo/thesis/dags/files/iedb/downloads/epitope.zip took 0.023 seconds
[2023-02-14T22:19:34.712-0300] {processor.py:153} INFO - Started process (PID=11369) to work on /home/kallox/respaldo/thesis/dags/files/iedb/downloads/epitope.zip
[2023-02-14T22:19:34.713-0300] {processor.py:743} INFO - Processing file /home/kallox/respaldo/thesis/dags/files/iedb/downloads/epitope.zip for tasks to queue
[2023-02-14T22:19:34.713-0300] {logging_mixin.py:137} INFO - [2023-02-14T22:19:34.713-0300] {dagbag.py:538} INFO - Filling up the DagBag from /home/kallox/respaldo/thesis/dags/files/iedb/downloads/epitope.zip
[2023-02-14T22:19:34.714-0300] {processor.py:755} WARNING - No viable dags retrieved from /home/kallox/respaldo/thesis/dags/files/iedb/downloads/epitope.zip
[2023-02-14T22:19:34.730-0300] {processor.py:175} INFO - Processing /home/kallox/respaldo/thesis/dags/files/iedb/downloads/epitope.zip took 0.020 seconds
[2023-02-14T22:24:16.146-0300] {processor.py:153} INFO - Started process (PID=11737) to work on /home/kallox/respaldo/thesis/dags/files/iedb/downloads/epitope.zip
[2023-02-14T22:24:16.146-0300] {processor.py:743} INFO - Processing file /home/kallox/respaldo/thesis/dags/files/iedb/downloads/epitope.zip for tasks to queue
[2023-02-14T22:24:16.147-0300] {logging_mixin.py:137} INFO - [2023-02-14T22:24:16.147-0300] {dagbag.py:538} INFO - Filling up the DagBag from /home/kallox/respaldo/thesis/dags/files/iedb/downloads/epitope.zip
[2023-02-14T22:24:16.147-0300] {processor.py:755} WARNING - No viable dags retrieved from /home/kallox/respaldo/thesis/dags/files/iedb/downloads/epitope.zip
[2023-02-14T22:24:16.159-0300] {processor.py:175} INFO - Processing /home/kallox/respaldo/thesis/dags/files/iedb/downloads/epitope.zip took 0.015 seconds
[2023-02-14T22:24:46.495-0300] {processor.py:153} INFO - Started process (PID=11894) to work on /home/kallox/respaldo/thesis/dags/files/iedb/downloads/epitope.zip
[2023-02-14T22:24:46.496-0300] {processor.py:743} INFO - Processing file /home/kallox/respaldo/thesis/dags/files/iedb/downloads/epitope.zip for tasks to queue
[2023-02-14T22:24:46.496-0300] {logging_mixin.py:137} INFO - [2023-02-14T22:24:46.496-0300] {dagbag.py:538} INFO - Filling up the DagBag from /home/kallox/respaldo/thesis/dags/files/iedb/downloads/epitope.zip
[2023-02-14T22:24:46.497-0300] {processor.py:755} WARNING - No viable dags retrieved from /home/kallox/respaldo/thesis/dags/files/iedb/downloads/epitope.zip
[2023-02-14T22:24:46.510-0300] {processor.py:175} INFO - Processing /home/kallox/respaldo/thesis/dags/files/iedb/downloads/epitope.zip took 0.017 seconds
[2023-02-14T22:24:57.412-0300] {processor.py:153} INFO - Started process (PID=12149) to work on /home/kallox/respaldo/thesis/dags/files/iedb/downloads/epitope.zip
[2023-02-14T22:24:57.413-0300] {processor.py:743} INFO - Processing file /home/kallox/respaldo/thesis/dags/files/iedb/downloads/epitope.zip for tasks to queue
[2023-02-14T22:24:57.413-0300] {logging_mixin.py:137} INFO - [2023-02-14T22:24:57.413-0300] {dagbag.py:538} INFO - Filling up the DagBag from /home/kallox/respaldo/thesis/dags/files/iedb/downloads/epitope.zip
[2023-02-14T22:24:57.414-0300] {processor.py:755} WARNING - No viable dags retrieved from /home/kallox/respaldo/thesis/dags/files/iedb/downloads/epitope.zip
[2023-02-14T22:24:57.427-0300] {processor.py:175} INFO - Processing /home/kallox/respaldo/thesis/dags/files/iedb/downloads/epitope.zip took 0.017 seconds
[2023-02-14T22:26:10.714-0300] {processor.py:153} INFO - Started process (PID=12464) to work on /home/kallox/respaldo/thesis/dags/files/iedb/downloads/epitope.zip
[2023-02-14T22:26:10.714-0300] {processor.py:743} INFO - Processing file /home/kallox/respaldo/thesis/dags/files/iedb/downloads/epitope.zip for tasks to queue
[2023-02-14T22:26:10.714-0300] {logging_mixin.py:137} INFO - [2023-02-14T22:26:10.714-0300] {dagbag.py:538} INFO - Filling up the DagBag from /home/kallox/respaldo/thesis/dags/files/iedb/downloads/epitope.zip
[2023-02-14T22:26:10.715-0300] {processor.py:755} WARNING - No viable dags retrieved from /home/kallox/respaldo/thesis/dags/files/iedb/downloads/epitope.zip
[2023-02-14T22:26:10.730-0300] {processor.py:175} INFO - Processing /home/kallox/respaldo/thesis/dags/files/iedb/downloads/epitope.zip took 0.019 seconds
[2023-02-14T22:27:31.296-0300] {processor.py:153} INFO - Started process (PID=12833) to work on /home/kallox/respaldo/thesis/dags/files/iedb/downloads/epitope.zip
[2023-02-14T22:27:31.297-0300] {processor.py:743} INFO - Processing file /home/kallox/respaldo/thesis/dags/files/iedb/downloads/epitope.zip for tasks to queue
[2023-02-14T22:27:31.297-0300] {logging_mixin.py:137} INFO - [2023-02-14T22:27:31.297-0300] {dagbag.py:538} INFO - Filling up the DagBag from /home/kallox/respaldo/thesis/dags/files/iedb/downloads/epitope.zip
[2023-02-14T22:27:31.297-0300] {processor.py:755} WARNING - No viable dags retrieved from /home/kallox/respaldo/thesis/dags/files/iedb/downloads/epitope.zip
[2023-02-14T22:27:31.311-0300] {processor.py:175} INFO - Processing /home/kallox/respaldo/thesis/dags/files/iedb/downloads/epitope.zip took 0.016 seconds
[2023-02-14T22:28:01.795-0300] {processor.py:153} INFO - Started process (PID=12939) to work on /home/kallox/respaldo/thesis/dags/files/iedb/downloads/epitope.zip
[2023-02-14T22:28:01.797-0300] {processor.py:743} INFO - Processing file /home/kallox/respaldo/thesis/dags/files/iedb/downloads/epitope.zip for tasks to queue
[2023-02-14T22:28:01.798-0300] {logging_mixin.py:137} INFO - [2023-02-14T22:28:01.798-0300] {dagbag.py:538} INFO - Filling up the DagBag from /home/kallox/respaldo/thesis/dags/files/iedb/downloads/epitope.zip
[2023-02-14T22:28:01.799-0300] {processor.py:755} WARNING - No viable dags retrieved from /home/kallox/respaldo/thesis/dags/files/iedb/downloads/epitope.zip
[2023-02-14T22:28:01.819-0300] {processor.py:175} INFO - Processing /home/kallox/respaldo/thesis/dags/files/iedb/downloads/epitope.zip took 0.028 seconds
[2023-02-14T22:28:10.616-0300] {processor.py:153} INFO - Started process (PID=13201) to work on /home/kallox/respaldo/thesis/dags/files/iedb/downloads/epitope.zip
[2023-02-14T22:28:10.616-0300] {processor.py:743} INFO - Processing file /home/kallox/respaldo/thesis/dags/files/iedb/downloads/epitope.zip for tasks to queue
[2023-02-14T22:28:10.617-0300] {logging_mixin.py:137} INFO - [2023-02-14T22:28:10.617-0300] {dagbag.py:538} INFO - Filling up the DagBag from /home/kallox/respaldo/thesis/dags/files/iedb/downloads/epitope.zip
[2023-02-14T22:28:10.617-0300] {processor.py:755} WARNING - No viable dags retrieved from /home/kallox/respaldo/thesis/dags/files/iedb/downloads/epitope.zip
[2023-02-14T22:28:10.630-0300] {processor.py:175} INFO - Processing /home/kallox/respaldo/thesis/dags/files/iedb/downloads/epitope.zip took 0.016 seconds
[2023-02-14T22:28:40.995-0300] {processor.py:153} INFO - Started process (PID=13301) to work on /home/kallox/respaldo/thesis/dags/files/iedb/downloads/epitope.zip
[2023-02-14T22:28:40.997-0300] {processor.py:743} INFO - Processing file /home/kallox/respaldo/thesis/dags/files/iedb/downloads/epitope.zip for tasks to queue
[2023-02-14T22:28:40.997-0300] {logging_mixin.py:137} INFO - [2023-02-14T22:28:40.997-0300] {dagbag.py:538} INFO - Filling up the DagBag from /home/kallox/respaldo/thesis/dags/files/iedb/downloads/epitope.zip
[2023-02-14T22:28:40.998-0300] {processor.py:755} WARNING - No viable dags retrieved from /home/kallox/respaldo/thesis/dags/files/iedb/downloads/epitope.zip
[2023-02-14T22:28:41.013-0300] {processor.py:175} INFO - Processing /home/kallox/respaldo/thesis/dags/files/iedb/downloads/epitope.zip took 0.020 seconds
[2023-02-14T22:29:11.600-0300] {processor.py:153} INFO - Started process (PID=13399) to work on /home/kallox/respaldo/thesis/dags/files/iedb/downloads/epitope.zip
[2023-02-14T22:29:11.601-0300] {processor.py:743} INFO - Processing file /home/kallox/respaldo/thesis/dags/files/iedb/downloads/epitope.zip for tasks to queue
[2023-02-14T22:29:11.601-0300] {logging_mixin.py:137} INFO - [2023-02-14T22:29:11.601-0300] {dagbag.py:538} INFO - Filling up the DagBag from /home/kallox/respaldo/thesis/dags/files/iedb/downloads/epitope.zip
[2023-02-14T22:29:11.602-0300] {processor.py:755} WARNING - No viable dags retrieved from /home/kallox/respaldo/thesis/dags/files/iedb/downloads/epitope.zip
[2023-02-14T22:29:11.618-0300] {processor.py:175} INFO - Processing /home/kallox/respaldo/thesis/dags/files/iedb/downloads/epitope.zip took 0.020 seconds
[2023-02-14T22:29:42.602-0300] {processor.py:153} INFO - Started process (PID=13511) to work on /home/kallox/respaldo/thesis/dags/files/iedb/downloads/epitope.zip
[2023-02-14T22:29:42.602-0300] {processor.py:743} INFO - Processing file /home/kallox/respaldo/thesis/dags/files/iedb/downloads/epitope.zip for tasks to queue
[2023-02-14T22:29:42.603-0300] {logging_mixin.py:137} INFO - [2023-02-14T22:29:42.603-0300] {dagbag.py:538} INFO - Filling up the DagBag from /home/kallox/respaldo/thesis/dags/files/iedb/downloads/epitope.zip
[2023-02-14T22:29:42.603-0300] {processor.py:755} WARNING - No viable dags retrieved from /home/kallox/respaldo/thesis/dags/files/iedb/downloads/epitope.zip
[2023-02-14T22:29:42.615-0300] {processor.py:175} INFO - Processing /home/kallox/respaldo/thesis/dags/files/iedb/downloads/epitope.zip took 0.015 seconds
[2023-02-14T22:30:06.920-0300] {processor.py:153} INFO - Started process (PID=13781) to work on /home/kallox/respaldo/thesis/dags/files/iedb/downloads/epitope.zip
[2023-02-14T22:30:06.921-0300] {processor.py:743} INFO - Processing file /home/kallox/respaldo/thesis/dags/files/iedb/downloads/epitope.zip for tasks to queue
[2023-02-14T22:30:06.921-0300] {logging_mixin.py:137} INFO - [2023-02-14T22:30:06.921-0300] {dagbag.py:538} INFO - Filling up the DagBag from /home/kallox/respaldo/thesis/dags/files/iedb/downloads/epitope.zip
[2023-02-14T22:30:06.922-0300] {processor.py:755} WARNING - No viable dags retrieved from /home/kallox/respaldo/thesis/dags/files/iedb/downloads/epitope.zip
[2023-02-14T22:30:06.934-0300] {processor.py:175} INFO - Processing /home/kallox/respaldo/thesis/dags/files/iedb/downloads/epitope.zip took 0.015 seconds
[2023-02-14T22:30:37.334-0300] {processor.py:153} INFO - Started process (PID=13882) to work on /home/kallox/respaldo/thesis/dags/files/iedb/downloads/epitope.zip
[2023-02-14T22:30:37.335-0300] {processor.py:743} INFO - Processing file /home/kallox/respaldo/thesis/dags/files/iedb/downloads/epitope.zip for tasks to queue
[2023-02-14T22:30:37.336-0300] {logging_mixin.py:137} INFO - [2023-02-14T22:30:37.335-0300] {dagbag.py:538} INFO - Filling up the DagBag from /home/kallox/respaldo/thesis/dags/files/iedb/downloads/epitope.zip
[2023-02-14T22:30:37.336-0300] {processor.py:755} WARNING - No viable dags retrieved from /home/kallox/respaldo/thesis/dags/files/iedb/downloads/epitope.zip
[2023-02-14T22:30:37.354-0300] {processor.py:175} INFO - Processing /home/kallox/respaldo/thesis/dags/files/iedb/downloads/epitope.zip took 0.022 seconds
