[2023-01-03T22:47:41.766-0300] {taskinstance.py:1087} INFO - Dependencies all met for <TaskInstance: get_epitopes.join_epitopes manual__2023-01-04T01:47:19.682129+00:00 [queued]>
[2023-01-03T22:47:41.777-0300] {taskinstance.py:1087} INFO - Dependencies all met for <TaskInstance: get_epitopes.join_epitopes manual__2023-01-04T01:47:19.682129+00:00 [queued]>
[2023-01-03T22:47:41.777-0300] {taskinstance.py:1283} INFO - 
--------------------------------------------------------------------------------
[2023-01-03T22:47:41.777-0300] {taskinstance.py:1284} INFO - Starting attempt 1 of 1
[2023-01-03T22:47:41.777-0300] {taskinstance.py:1285} INFO - 
--------------------------------------------------------------------------------
[2023-01-03T22:47:41.789-0300] {taskinstance.py:1304} INFO - Executing <Task(PythonOperator): join_epitopes> on 2023-01-04 01:47:19.682129+00:00
[2023-01-03T22:47:41.792-0300] {standard_task_runner.py:55} INFO - Started process 24724 to run task
[2023-01-03T22:47:41.795-0300] {standard_task_runner.py:82} INFO - Running: ['***', 'tasks', 'run', 'get_epitopes', 'join_epitopes', 'manual__2023-01-04T01:47:19.682129+00:00', '--job-id', '236', '--raw', '--subdir', 'DAGS_FOLDER/get_epitopes.py', '--cfg-path', '/tmp/tmp8ebxuklh']
[2023-01-03T22:47:41.796-0300] {standard_task_runner.py:83} INFO - Job 236: Subtask join_epitopes
[2023-01-03T22:47:41.862-0300] {task_command.py:389} INFO - Running <TaskInstance: get_epitopes.join_epitopes manual__2023-01-04T01:47:19.682129+00:00 [running]> on host kallo-Ubuntu
[2023-01-03T22:47:41.935-0300] {taskinstance.py:1513} INFO - Exporting the following env vars:
AIRFLOW_CTX_DAG_OWNER=Kallox
AIRFLOW_CTX_DAG_ID=get_epitopes
AIRFLOW_CTX_TASK_ID=join_epitopes
AIRFLOW_CTX_EXECUTION_DATE=2023-01-04T01:47:19.682129+00:00
AIRFLOW_CTX_TRY_NUMBER=1
AIRFLOW_CTX_DAG_RUN_ID=manual__2023-01-04T01:47:19.682129+00:00
[2023-01-03T22:47:49.997-0300] {python.py:177} INFO - Done. Returned value was: None
[2023-01-03T22:47:50.010-0300] {taskinstance.py:1327} INFO - Marking task as SUCCESS. dag_id=get_epitopes, task_id=join_epitopes, execution_date=20230104T014719, start_date=20230104T014741, end_date=20230104T014750
[2023-01-03T22:47:50.072-0300] {local_task_job.py:159} INFO - Task exited with return code 0
[2023-01-03T22:47:50.116-0300] {taskinstance.py:2582} INFO - 1 downstream tasks scheduled from follow-on schedule check
