[2023-01-04T22:25:32.404-0300] {taskinstance.py:1087} INFO - Dependencies all met for <TaskInstance: download_covabdab.download_files manual__2023-01-05T01:25:30.072570+00:00 [queued]>
[2023-01-04T22:25:32.417-0300] {taskinstance.py:1087} INFO - Dependencies all met for <TaskInstance: download_covabdab.download_files manual__2023-01-05T01:25:30.072570+00:00 [queued]>
[2023-01-04T22:25:32.418-0300] {taskinstance.py:1283} INFO - 
--------------------------------------------------------------------------------
[2023-01-04T22:25:32.418-0300] {taskinstance.py:1284} INFO - Starting attempt 1 of 1
[2023-01-04T22:25:32.418-0300] {taskinstance.py:1285} INFO - 
--------------------------------------------------------------------------------
[2023-01-04T22:25:32.431-0300] {taskinstance.py:1304} INFO - Executing <Task(PythonOperator): download_files> on 2023-01-05 01:25:30.072570+00:00
[2023-01-04T22:25:32.436-0300] {standard_task_runner.py:55} INFO - Started process 8859 to run task
[2023-01-04T22:25:32.438-0300] {standard_task_runner.py:82} INFO - Running: ['***', 'tasks', 'run', 'download_covabdab', 'download_files', 'manual__2023-01-05T01:25:30.072570+00:00', '--job-id', '254', '--raw', '--subdir', 'DAGS_FOLDER/download_covabdab.py', '--cfg-path', '/tmp/tmpkhpqkpib']
[2023-01-04T22:25:32.439-0300] {standard_task_runner.py:83} INFO - Job 254: Subtask download_files
[2023-01-04T22:25:32.502-0300] {task_command.py:389} INFO - Running <TaskInstance: download_covabdab.download_files manual__2023-01-05T01:25:30.072570+00:00 [running]> on host kallo-Ubuntu
[2023-01-04T22:25:32.574-0300] {taskinstance.py:1513} INFO - Exporting the following env vars:
AIRFLOW_CTX_DAG_OWNER=Kallox
AIRFLOW_CTX_DAG_ID=download_covabdab
AIRFLOW_CTX_TASK_ID=download_files
AIRFLOW_CTX_EXECUTION_DATE=2023-01-05T01:25:30.072570+00:00
AIRFLOW_CTX_TRY_NUMBER=1
AIRFLOW_CTX_DAG_RUN_ID=manual__2023-01-05T01:25:30.072570+00:00
[2023-01-04T22:25:34.166-0300] {logging_mixin.py:137} INFO - 20th December, 2022
[2023-01-04T22:25:34.167-0300] {logging_mixin.py:137} INFO - http://opig.stats.ox.ac.uk/webapps/covabdab/static/downloads/CoV-AbDab_201222.csv
[2023-01-04T22:25:37.163-0300] {logging_mixin.py:137} INFO - url descargada
[2023-01-04T22:25:37.170-0300] {python.py:177} INFO - Done. Returned value was: None
[2023-01-04T22:25:37.190-0300] {taskinstance.py:1327} INFO - Marking task as SUCCESS. dag_id=download_covabdab, task_id=download_files, execution_date=20230105T012530, start_date=20230105T012532, end_date=20230105T012537
[2023-01-04T22:25:37.226-0300] {local_task_job.py:159} INFO - Task exited with return code 0
[2023-01-04T22:25:37.271-0300] {taskinstance.py:2582} INFO - 1 downstream tasks scheduled from follow-on schedule check
