[2023-01-01T22:06:14.598-0300] {taskinstance.py:1087} INFO - Dependencies all met for <TaskInstance: get_interactions.string.string_download_files manual__2023-01-02T01:06:12.069428+00:00 [queued]>
[2023-01-01T22:06:14.611-0300] {taskinstance.py:1087} INFO - Dependencies all met for <TaskInstance: get_interactions.string.string_download_files manual__2023-01-02T01:06:12.069428+00:00 [queued]>
[2023-01-01T22:06:14.611-0300] {taskinstance.py:1283} INFO - 
--------------------------------------------------------------------------------
[2023-01-01T22:06:14.611-0300] {taskinstance.py:1284} INFO - Starting attempt 1 of 1
[2023-01-01T22:06:14.611-0300] {taskinstance.py:1285} INFO - 
--------------------------------------------------------------------------------
[2023-01-01T22:06:14.625-0300] {taskinstance.py:1304} INFO - Executing <Task(PythonOperator): string.string_download_files> on 2023-01-02 01:06:12.069428+00:00
[2023-01-01T22:06:14.629-0300] {standard_task_runner.py:55} INFO - Started process 23849 to run task
[2023-01-01T22:06:14.631-0300] {standard_task_runner.py:82} INFO - Running: ['***', 'tasks', 'run', 'get_interactions', 'string.string_download_files', 'manual__2023-01-02T01:06:12.069428+00:00', '--job-id', '195', '--raw', '--subdir', 'DAGS_FOLDER/get_interactions.py', '--cfg-path', '/tmp/tmpspovfne3']
[2023-01-01T22:06:14.632-0300] {standard_task_runner.py:83} INFO - Job 195: Subtask string.string_download_files
[2023-01-01T22:06:14.698-0300] {task_command.py:389} INFO - Running <TaskInstance: get_interactions.string.string_download_files manual__2023-01-02T01:06:12.069428+00:00 [running]> on host kallo-Ubuntu
[2023-01-01T22:06:14.773-0300] {taskinstance.py:1513} INFO - Exporting the following env vars:
AIRFLOW_CTX_DAG_OWNER=Kallox
AIRFLOW_CTX_DAG_ID=get_interactions
AIRFLOW_CTX_TASK_ID=string.string_download_files
AIRFLOW_CTX_EXECUTION_DATE=2023-01-02T01:06:12.069428+00:00
AIRFLOW_CTX_TRY_NUMBER=1
AIRFLOW_CTX_DAG_RUN_ID=manual__2023-01-02T01:06:12.069428+00:00
[2023-01-01T22:06:15.298-0300] {logging_mixin.py:137} INFO - 0
[2023-01-01T22:06:15.886-0300] {logging_mixin.py:137} INFO - 1
[2023-01-01T22:06:16.370-0300] {logging_mixin.py:137} INFO - 2
[2023-01-01T22:06:16.879-0300] {logging_mixin.py:137} INFO - 3
[2023-01-01T22:06:17.374-0300] {logging_mixin.py:137} INFO - 4
[2023-01-01T22:06:17.938-0300] {logging_mixin.py:137} INFO - 5
[2023-01-01T22:06:18.476-0300] {logging_mixin.py:137} INFO - 6
[2023-01-01T22:06:18.977-0300] {logging_mixin.py:137} INFO - 7
[2023-01-01T22:06:19.542-0300] {logging_mixin.py:137} INFO - 8
[2023-01-01T22:06:19.545-0300] {python.py:177} INFO - Done. Returned value was: None
[2023-01-01T22:06:19.562-0300] {taskinstance.py:1327} INFO - Marking task as SUCCESS. dag_id=get_interactions, task_id=string.string_download_files, execution_date=20230102T010612, start_date=20230102T010614, end_date=20230102T010619
[2023-01-01T22:06:19.619-0300] {local_task_job.py:159} INFO - Task exited with return code 0
[2023-01-01T22:06:19.656-0300] {taskinstance.py:2582} INFO - 1 downstream tasks scheduled from follow-on schedule check
