[2023-01-08T21:00:16.647-0300] {processor.py:153} INFO - Started process (PID=23083) to work on /home/kallox/airflow/dags/files/iedb/downloads/antigen.zip
[2023-01-08T21:00:16.647-0300] {processor.py:743} INFO - Processing file /home/kallox/airflow/dags/files/iedb/downloads/antigen.zip for tasks to queue
[2023-01-08T21:00:16.648-0300] {logging_mixin.py:137} INFO - [2023-01-08T21:00:16.647-0300] {dagbag.py:538} INFO - Filling up the DagBag from /home/kallox/airflow/dags/files/iedb/downloads/antigen.zip
[2023-01-08T21:00:16.648-0300] {processor.py:755} WARNING - No viable dags retrieved from /home/kallox/airflow/dags/files/iedb/downloads/antigen.zip
[2023-01-08T21:00:16.662-0300] {processor.py:175} INFO - Processing /home/kallox/airflow/dags/files/iedb/downloads/antigen.zip took 0.018 seconds
[2023-01-08T21:00:47.195-0300] {processor.py:153} INFO - Started process (PID=23201) to work on /home/kallox/airflow/dags/files/iedb/downloads/antigen.zip
[2023-01-08T21:00:47.196-0300] {processor.py:743} INFO - Processing file /home/kallox/airflow/dags/files/iedb/downloads/antigen.zip for tasks to queue
[2023-01-08T21:00:47.196-0300] {logging_mixin.py:137} INFO - [2023-01-08T21:00:47.196-0300] {dagbag.py:538} INFO - Filling up the DagBag from /home/kallox/airflow/dags/files/iedb/downloads/antigen.zip
[2023-01-08T21:00:47.197-0300] {processor.py:755} WARNING - No viable dags retrieved from /home/kallox/airflow/dags/files/iedb/downloads/antigen.zip
[2023-01-08T21:00:47.213-0300] {processor.py:175} INFO - Processing /home/kallox/airflow/dags/files/iedb/downloads/antigen.zip took 0.020 seconds
[2023-01-08T21:01:17.822-0300] {processor.py:153} INFO - Started process (PID=23310) to work on /home/kallox/airflow/dags/files/iedb/downloads/antigen.zip
[2023-01-08T21:01:17.823-0300] {processor.py:743} INFO - Processing file /home/kallox/airflow/dags/files/iedb/downloads/antigen.zip for tasks to queue
[2023-01-08T21:01:17.823-0300] {logging_mixin.py:137} INFO - [2023-01-08T21:01:17.823-0300] {dagbag.py:538} INFO - Filling up the DagBag from /home/kallox/airflow/dags/files/iedb/downloads/antigen.zip
[2023-01-08T21:01:17.824-0300] {processor.py:755} WARNING - No viable dags retrieved from /home/kallox/airflow/dags/files/iedb/downloads/antigen.zip
[2023-01-08T21:01:17.838-0300] {processor.py:175} INFO - Processing /home/kallox/airflow/dags/files/iedb/downloads/antigen.zip took 0.019 seconds
[2023-01-08T21:01:48.400-0300] {processor.py:153} INFO - Started process (PID=23430) to work on /home/kallox/airflow/dags/files/iedb/downloads/antigen.zip
[2023-01-08T21:01:48.401-0300] {processor.py:743} INFO - Processing file /home/kallox/airflow/dags/files/iedb/downloads/antigen.zip for tasks to queue
[2023-01-08T21:01:48.401-0300] {logging_mixin.py:137} INFO - [2023-01-08T21:01:48.401-0300] {dagbag.py:538} INFO - Filling up the DagBag from /home/kallox/airflow/dags/files/iedb/downloads/antigen.zip
[2023-01-08T21:01:48.402-0300] {processor.py:755} WARNING - No viable dags retrieved from /home/kallox/airflow/dags/files/iedb/downloads/antigen.zip
[2023-01-08T21:01:48.415-0300] {processor.py:175} INFO - Processing /home/kallox/airflow/dags/files/iedb/downloads/antigen.zip took 0.017 seconds
[2023-01-08T21:02:19.005-0300] {processor.py:153} INFO - Started process (PID=23522) to work on /home/kallox/airflow/dags/files/iedb/downloads/antigen.zip
[2023-01-08T21:02:19.006-0300] {processor.py:743} INFO - Processing file /home/kallox/airflow/dags/files/iedb/downloads/antigen.zip for tasks to queue
[2023-01-08T21:02:19.007-0300] {logging_mixin.py:137} INFO - [2023-01-08T21:02:19.006-0300] {dagbag.py:538} INFO - Filling up the DagBag from /home/kallox/airflow/dags/files/iedb/downloads/antigen.zip
[2023-01-08T21:02:19.007-0300] {processor.py:755} WARNING - No viable dags retrieved from /home/kallox/airflow/dags/files/iedb/downloads/antigen.zip
[2023-01-08T21:02:19.021-0300] {processor.py:175} INFO - Processing /home/kallox/airflow/dags/files/iedb/downloads/antigen.zip took 0.018 seconds
[2023-01-08T21:02:49.611-0300] {processor.py:153} INFO - Started process (PID=23615) to work on /home/kallox/airflow/dags/files/iedb/downloads/antigen.zip
[2023-01-08T21:02:49.612-0300] {processor.py:743} INFO - Processing file /home/kallox/airflow/dags/files/iedb/downloads/antigen.zip for tasks to queue
[2023-01-08T21:02:49.613-0300] {logging_mixin.py:137} INFO - [2023-01-08T21:02:49.613-0300] {dagbag.py:538} INFO - Filling up the DagBag from /home/kallox/airflow/dags/files/iedb/downloads/antigen.zip
[2023-01-08T21:02:49.613-0300] {processor.py:755} WARNING - No viable dags retrieved from /home/kallox/airflow/dags/files/iedb/downloads/antigen.zip
[2023-01-08T21:02:49.627-0300] {processor.py:175} INFO - Processing /home/kallox/airflow/dags/files/iedb/downloads/antigen.zip took 0.017 seconds
[2023-01-08T21:03:20.193-0300] {processor.py:153} INFO - Started process (PID=23708) to work on /home/kallox/airflow/dags/files/iedb/downloads/antigen.zip
[2023-01-08T21:03:20.194-0300] {processor.py:743} INFO - Processing file /home/kallox/airflow/dags/files/iedb/downloads/antigen.zip for tasks to queue
[2023-01-08T21:03:20.194-0300] {logging_mixin.py:137} INFO - [2023-01-08T21:03:20.194-0300] {dagbag.py:538} INFO - Filling up the DagBag from /home/kallox/airflow/dags/files/iedb/downloads/antigen.zip
[2023-01-08T21:03:20.195-0300] {processor.py:755} WARNING - No viable dags retrieved from /home/kallox/airflow/dags/files/iedb/downloads/antigen.zip
[2023-01-08T21:03:20.214-0300] {processor.py:175} INFO - Processing /home/kallox/airflow/dags/files/iedb/downloads/antigen.zip took 0.023 seconds
[2023-01-08T21:03:50.771-0300] {processor.py:153} INFO - Started process (PID=23801) to work on /home/kallox/airflow/dags/files/iedb/downloads/antigen.zip
[2023-01-08T21:03:50.771-0300] {processor.py:743} INFO - Processing file /home/kallox/airflow/dags/files/iedb/downloads/antigen.zip for tasks to queue
[2023-01-08T21:03:50.772-0300] {logging_mixin.py:137} INFO - [2023-01-08T21:03:50.772-0300] {dagbag.py:538} INFO - Filling up the DagBag from /home/kallox/airflow/dags/files/iedb/downloads/antigen.zip
[2023-01-08T21:03:50.772-0300] {processor.py:755} WARNING - No viable dags retrieved from /home/kallox/airflow/dags/files/iedb/downloads/antigen.zip
[2023-01-08T21:03:50.786-0300] {processor.py:175} INFO - Processing /home/kallox/airflow/dags/files/iedb/downloads/antigen.zip took 0.018 seconds
[2023-01-08T21:04:21.303-0300] {processor.py:153} INFO - Started process (PID=23895) to work on /home/kallox/airflow/dags/files/iedb/downloads/antigen.zip
[2023-01-08T21:04:21.303-0300] {processor.py:743} INFO - Processing file /home/kallox/airflow/dags/files/iedb/downloads/antigen.zip for tasks to queue
[2023-01-08T21:04:21.304-0300] {logging_mixin.py:137} INFO - [2023-01-08T21:04:21.304-0300] {dagbag.py:538} INFO - Filling up the DagBag from /home/kallox/airflow/dags/files/iedb/downloads/antigen.zip
[2023-01-08T21:04:21.304-0300] {processor.py:755} WARNING - No viable dags retrieved from /home/kallox/airflow/dags/files/iedb/downloads/antigen.zip
[2023-01-08T21:04:21.317-0300] {processor.py:175} INFO - Processing /home/kallox/airflow/dags/files/iedb/downloads/antigen.zip took 0.017 seconds
[2023-01-08T21:04:52.598-0300] {processor.py:153} INFO - Started process (PID=23996) to work on /home/kallox/airflow/dags/files/iedb/downloads/antigen.zip
[2023-01-08T21:04:52.598-0300] {processor.py:743} INFO - Processing file /home/kallox/airflow/dags/files/iedb/downloads/antigen.zip for tasks to queue
[2023-01-08T21:04:52.599-0300] {logging_mixin.py:137} INFO - [2023-01-08T21:04:52.599-0300] {dagbag.py:538} INFO - Filling up the DagBag from /home/kallox/airflow/dags/files/iedb/downloads/antigen.zip
[2023-01-08T21:04:52.599-0300] {processor.py:755} WARNING - No viable dags retrieved from /home/kallox/airflow/dags/files/iedb/downloads/antigen.zip
[2023-01-08T21:04:52.614-0300] {processor.py:175} INFO - Processing /home/kallox/airflow/dags/files/iedb/downloads/antigen.zip took 0.018 seconds
[2023-01-08T21:05:23.158-0300] {processor.py:153} INFO - Started process (PID=24091) to work on /home/kallox/airflow/dags/files/iedb/downloads/antigen.zip
[2023-01-08T21:05:23.159-0300] {processor.py:743} INFO - Processing file /home/kallox/airflow/dags/files/iedb/downloads/antigen.zip for tasks to queue
[2023-01-08T21:05:23.160-0300] {logging_mixin.py:137} INFO - [2023-01-08T21:05:23.159-0300] {dagbag.py:538} INFO - Filling up the DagBag from /home/kallox/airflow/dags/files/iedb/downloads/antigen.zip
[2023-01-08T21:05:23.161-0300] {processor.py:755} WARNING - No viable dags retrieved from /home/kallox/airflow/dags/files/iedb/downloads/antigen.zip
[2023-01-08T21:05:23.179-0300] {processor.py:175} INFO - Processing /home/kallox/airflow/dags/files/iedb/downloads/antigen.zip took 0.024 seconds
[2023-01-08T21:05:53.777-0300] {processor.py:153} INFO - Started process (PID=24185) to work on /home/kallox/airflow/dags/files/iedb/downloads/antigen.zip
[2023-01-08T21:05:53.778-0300] {processor.py:743} INFO - Processing file /home/kallox/airflow/dags/files/iedb/downloads/antigen.zip for tasks to queue
[2023-01-08T21:05:53.778-0300] {logging_mixin.py:137} INFO - [2023-01-08T21:05:53.778-0300] {dagbag.py:538} INFO - Filling up the DagBag from /home/kallox/airflow/dags/files/iedb/downloads/antigen.zip
[2023-01-08T21:05:53.778-0300] {processor.py:755} WARNING - No viable dags retrieved from /home/kallox/airflow/dags/files/iedb/downloads/antigen.zip
[2023-01-08T21:05:53.793-0300] {processor.py:175} INFO - Processing /home/kallox/airflow/dags/files/iedb/downloads/antigen.zip took 0.019 seconds
[2023-01-08T21:06:24.411-0300] {processor.py:153} INFO - Started process (PID=24278) to work on /home/kallox/airflow/dags/files/iedb/downloads/antigen.zip
[2023-01-08T21:06:24.411-0300] {processor.py:743} INFO - Processing file /home/kallox/airflow/dags/files/iedb/downloads/antigen.zip for tasks to queue
[2023-01-08T21:06:24.412-0300] {logging_mixin.py:137} INFO - [2023-01-08T21:06:24.412-0300] {dagbag.py:538} INFO - Filling up the DagBag from /home/kallox/airflow/dags/files/iedb/downloads/antigen.zip
[2023-01-08T21:06:24.412-0300] {processor.py:755} WARNING - No viable dags retrieved from /home/kallox/airflow/dags/files/iedb/downloads/antigen.zip
[2023-01-08T21:06:24.425-0300] {processor.py:175} INFO - Processing /home/kallox/airflow/dags/files/iedb/downloads/antigen.zip took 0.017 seconds
[2023-01-08T21:06:54.982-0300] {processor.py:153} INFO - Started process (PID=24368) to work on /home/kallox/airflow/dags/files/iedb/downloads/antigen.zip
[2023-01-08T21:06:54.983-0300] {processor.py:743} INFO - Processing file /home/kallox/airflow/dags/files/iedb/downloads/antigen.zip for tasks to queue
[2023-01-08T21:06:54.984-0300] {logging_mixin.py:137} INFO - [2023-01-08T21:06:54.984-0300] {dagbag.py:538} INFO - Filling up the DagBag from /home/kallox/airflow/dags/files/iedb/downloads/antigen.zip
[2023-01-08T21:06:54.984-0300] {processor.py:755} WARNING - No viable dags retrieved from /home/kallox/airflow/dags/files/iedb/downloads/antigen.zip
[2023-01-08T21:06:55.005-0300] {processor.py:175} INFO - Processing /home/kallox/airflow/dags/files/iedb/downloads/antigen.zip took 0.025 seconds
[2023-01-08T21:07:25.586-0300] {processor.py:153} INFO - Started process (PID=24461) to work on /home/kallox/airflow/dags/files/iedb/downloads/antigen.zip
[2023-01-08T21:07:25.586-0300] {processor.py:743} INFO - Processing file /home/kallox/airflow/dags/files/iedb/downloads/antigen.zip for tasks to queue
[2023-01-08T21:07:25.587-0300] {logging_mixin.py:137} INFO - [2023-01-08T21:07:25.587-0300] {dagbag.py:538} INFO - Filling up the DagBag from /home/kallox/airflow/dags/files/iedb/downloads/antigen.zip
[2023-01-08T21:07:25.588-0300] {processor.py:755} WARNING - No viable dags retrieved from /home/kallox/airflow/dags/files/iedb/downloads/antigen.zip
[2023-01-08T21:07:25.602-0300] {processor.py:175} INFO - Processing /home/kallox/airflow/dags/files/iedb/downloads/antigen.zip took 0.019 seconds
[2023-01-08T21:07:56.159-0300] {processor.py:153} INFO - Started process (PID=24555) to work on /home/kallox/airflow/dags/files/iedb/downloads/antigen.zip
[2023-01-08T21:07:56.160-0300] {processor.py:743} INFO - Processing file /home/kallox/airflow/dags/files/iedb/downloads/antigen.zip for tasks to queue
[2023-01-08T21:07:56.160-0300] {logging_mixin.py:137} INFO - [2023-01-08T21:07:56.160-0300] {dagbag.py:538} INFO - Filling up the DagBag from /home/kallox/airflow/dags/files/iedb/downloads/antigen.zip
[2023-01-08T21:07:56.161-0300] {processor.py:755} WARNING - No viable dags retrieved from /home/kallox/airflow/dags/files/iedb/downloads/antigen.zip
[2023-01-08T21:07:56.175-0300] {processor.py:175} INFO - Processing /home/kallox/airflow/dags/files/iedb/downloads/antigen.zip took 0.019 seconds
[2023-01-08T21:08:26.746-0300] {processor.py:153} INFO - Started process (PID=24645) to work on /home/kallox/airflow/dags/files/iedb/downloads/antigen.zip
[2023-01-08T21:08:26.747-0300] {processor.py:743} INFO - Processing file /home/kallox/airflow/dags/files/iedb/downloads/antigen.zip for tasks to queue
[2023-01-08T21:08:26.747-0300] {logging_mixin.py:137} INFO - [2023-01-08T21:08:26.747-0300] {dagbag.py:538} INFO - Filling up the DagBag from /home/kallox/airflow/dags/files/iedb/downloads/antigen.zip
[2023-01-08T21:08:26.748-0300] {processor.py:755} WARNING - No viable dags retrieved from /home/kallox/airflow/dags/files/iedb/downloads/antigen.zip
[2023-01-08T21:08:26.763-0300] {processor.py:175} INFO - Processing /home/kallox/airflow/dags/files/iedb/downloads/antigen.zip took 0.019 seconds
[2023-01-08T21:08:57.314-0300] {processor.py:153} INFO - Started process (PID=24736) to work on /home/kallox/airflow/dags/files/iedb/downloads/antigen.zip
[2023-01-08T21:08:57.314-0300] {processor.py:743} INFO - Processing file /home/kallox/airflow/dags/files/iedb/downloads/antigen.zip for tasks to queue
[2023-01-08T21:08:57.315-0300] {logging_mixin.py:137} INFO - [2023-01-08T21:08:57.315-0300] {dagbag.py:538} INFO - Filling up the DagBag from /home/kallox/airflow/dags/files/iedb/downloads/antigen.zip
[2023-01-08T21:08:57.316-0300] {processor.py:755} WARNING - No viable dags retrieved from /home/kallox/airflow/dags/files/iedb/downloads/antigen.zip
[2023-01-08T21:08:57.331-0300] {processor.py:175} INFO - Processing /home/kallox/airflow/dags/files/iedb/downloads/antigen.zip took 0.020 seconds
[2023-01-08T21:09:28.535-0300] {processor.py:153} INFO - Started process (PID=24828) to work on /home/kallox/airflow/dags/files/iedb/downloads/antigen.zip
[2023-01-08T21:09:28.536-0300] {processor.py:743} INFO - Processing file /home/kallox/airflow/dags/files/iedb/downloads/antigen.zip for tasks to queue
[2023-01-08T21:09:28.536-0300] {logging_mixin.py:137} INFO - [2023-01-08T21:09:28.536-0300] {dagbag.py:538} INFO - Filling up the DagBag from /home/kallox/airflow/dags/files/iedb/downloads/antigen.zip
[2023-01-08T21:09:28.537-0300] {processor.py:755} WARNING - No viable dags retrieved from /home/kallox/airflow/dags/files/iedb/downloads/antigen.zip
[2023-01-08T21:09:28.555-0300] {processor.py:175} INFO - Processing /home/kallox/airflow/dags/files/iedb/downloads/antigen.zip took 0.022 seconds
[2023-01-08T21:09:59.220-0300] {processor.py:153} INFO - Started process (PID=24928) to work on /home/kallox/airflow/dags/files/iedb/downloads/antigen.zip
[2023-01-08T21:09:59.221-0300] {processor.py:743} INFO - Processing file /home/kallox/airflow/dags/files/iedb/downloads/antigen.zip for tasks to queue
[2023-01-08T21:09:59.221-0300] {logging_mixin.py:137} INFO - [2023-01-08T21:09:59.221-0300] {dagbag.py:538} INFO - Filling up the DagBag from /home/kallox/airflow/dags/files/iedb/downloads/antigen.zip
[2023-01-08T21:09:59.222-0300] {processor.py:755} WARNING - No viable dags retrieved from /home/kallox/airflow/dags/files/iedb/downloads/antigen.zip
[2023-01-08T21:09:59.235-0300] {processor.py:175} INFO - Processing /home/kallox/airflow/dags/files/iedb/downloads/antigen.zip took 0.018 seconds
[2023-01-08T21:10:29.843-0300] {processor.py:153} INFO - Started process (PID=25020) to work on /home/kallox/airflow/dags/files/iedb/downloads/antigen.zip
[2023-01-08T21:10:29.844-0300] {processor.py:743} INFO - Processing file /home/kallox/airflow/dags/files/iedb/downloads/antigen.zip for tasks to queue
[2023-01-08T21:10:29.844-0300] {logging_mixin.py:137} INFO - [2023-01-08T21:10:29.844-0300] {dagbag.py:538} INFO - Filling up the DagBag from /home/kallox/airflow/dags/files/iedb/downloads/antigen.zip
[2023-01-08T21:10:29.845-0300] {processor.py:755} WARNING - No viable dags retrieved from /home/kallox/airflow/dags/files/iedb/downloads/antigen.zip
[2023-01-08T21:10:29.860-0300] {processor.py:175} INFO - Processing /home/kallox/airflow/dags/files/iedb/downloads/antigen.zip took 0.019 seconds
[2023-01-08T21:11:00.427-0300] {processor.py:153} INFO - Started process (PID=25114) to work on /home/kallox/airflow/dags/files/iedb/downloads/antigen.zip
[2023-01-08T21:11:00.428-0300] {processor.py:743} INFO - Processing file /home/kallox/airflow/dags/files/iedb/downloads/antigen.zip for tasks to queue
[2023-01-08T21:11:00.428-0300] {logging_mixin.py:137} INFO - [2023-01-08T21:11:00.428-0300] {dagbag.py:538} INFO - Filling up the DagBag from /home/kallox/airflow/dags/files/iedb/downloads/antigen.zip
[2023-01-08T21:11:00.429-0300] {processor.py:755} WARNING - No viable dags retrieved from /home/kallox/airflow/dags/files/iedb/downloads/antigen.zip
[2023-01-08T21:11:00.444-0300] {processor.py:175} INFO - Processing /home/kallox/airflow/dags/files/iedb/downloads/antigen.zip took 0.019 seconds
[2023-01-08T21:11:30.927-0300] {processor.py:153} INFO - Started process (PID=25207) to work on /home/kallox/airflow/dags/files/iedb/downloads/antigen.zip
[2023-01-08T21:11:30.928-0300] {processor.py:743} INFO - Processing file /home/kallox/airflow/dags/files/iedb/downloads/antigen.zip for tasks to queue
[2023-01-08T21:11:30.928-0300] {logging_mixin.py:137} INFO - [2023-01-08T21:11:30.928-0300] {dagbag.py:538} INFO - Filling up the DagBag from /home/kallox/airflow/dags/files/iedb/downloads/antigen.zip
[2023-01-08T21:11:30.929-0300] {processor.py:755} WARNING - No viable dags retrieved from /home/kallox/airflow/dags/files/iedb/downloads/antigen.zip
[2023-01-08T21:11:30.941-0300] {processor.py:175} INFO - Processing /home/kallox/airflow/dags/files/iedb/downloads/antigen.zip took 0.016 seconds
[2023-01-08T21:12:03.294-0300] {processor.py:153} INFO - Started process (PID=25307) to work on /home/kallox/airflow/dags/files/iedb/downloads/antigen.zip
[2023-01-08T21:12:03.295-0300] {processor.py:743} INFO - Processing file /home/kallox/airflow/dags/files/iedb/downloads/antigen.zip for tasks to queue
[2023-01-08T21:12:03.296-0300] {logging_mixin.py:137} INFO - [2023-01-08T21:12:03.296-0300] {dagbag.py:538} INFO - Filling up the DagBag from /home/kallox/airflow/dags/files/iedb/downloads/antigen.zip
[2023-01-08T21:12:03.296-0300] {processor.py:755} WARNING - No viable dags retrieved from /home/kallox/airflow/dags/files/iedb/downloads/antigen.zip
[2023-01-08T21:12:03.312-0300] {processor.py:175} INFO - Processing /home/kallox/airflow/dags/files/iedb/downloads/antigen.zip took 0.021 seconds
[2023-01-08T21:12:34.815-0300] {processor.py:153} INFO - Started process (PID=25397) to work on /home/kallox/airflow/dags/files/iedb/downloads/antigen.zip
[2023-01-08T21:12:34.815-0300] {processor.py:743} INFO - Processing file /home/kallox/airflow/dags/files/iedb/downloads/antigen.zip for tasks to queue
[2023-01-08T21:12:34.816-0300] {logging_mixin.py:137} INFO - [2023-01-08T21:12:34.816-0300] {dagbag.py:538} INFO - Filling up the DagBag from /home/kallox/airflow/dags/files/iedb/downloads/antigen.zip
[2023-01-08T21:12:34.816-0300] {processor.py:755} WARNING - No viable dags retrieved from /home/kallox/airflow/dags/files/iedb/downloads/antigen.zip
[2023-01-08T21:12:34.831-0300] {processor.py:175} INFO - Processing /home/kallox/airflow/dags/files/iedb/downloads/antigen.zip took 0.018 seconds
[2023-01-08T21:13:06.371-0300] {processor.py:153} INFO - Started process (PID=25492) to work on /home/kallox/airflow/dags/files/iedb/downloads/antigen.zip
[2023-01-08T21:13:06.372-0300] {processor.py:743} INFO - Processing file /home/kallox/airflow/dags/files/iedb/downloads/antigen.zip for tasks to queue
[2023-01-08T21:13:06.372-0300] {logging_mixin.py:137} INFO - [2023-01-08T21:13:06.372-0300] {dagbag.py:538} INFO - Filling up the DagBag from /home/kallox/airflow/dags/files/iedb/downloads/antigen.zip
[2023-01-08T21:13:06.373-0300] {processor.py:755} WARNING - No viable dags retrieved from /home/kallox/airflow/dags/files/iedb/downloads/antigen.zip
[2023-01-08T21:13:06.386-0300] {processor.py:175} INFO - Processing /home/kallox/airflow/dags/files/iedb/downloads/antigen.zip took 0.017 seconds
[2023-01-08T21:13:37.148-0300] {processor.py:153} INFO - Started process (PID=25599) to work on /home/kallox/airflow/dags/files/iedb/downloads/antigen.zip
[2023-01-08T21:13:37.148-0300] {processor.py:743} INFO - Processing file /home/kallox/airflow/dags/files/iedb/downloads/antigen.zip for tasks to queue
[2023-01-08T21:13:37.149-0300] {logging_mixin.py:137} INFO - [2023-01-08T21:13:37.149-0300] {dagbag.py:538} INFO - Filling up the DagBag from /home/kallox/airflow/dags/files/iedb/downloads/antigen.zip
[2023-01-08T21:13:37.149-0300] {processor.py:755} WARNING - No viable dags retrieved from /home/kallox/airflow/dags/files/iedb/downloads/antigen.zip
[2023-01-08T21:13:37.167-0300] {processor.py:175} INFO - Processing /home/kallox/airflow/dags/files/iedb/downloads/antigen.zip took 0.022 seconds
[2023-01-08T21:14:09.289-0300] {processor.py:153} INFO - Started process (PID=25702) to work on /home/kallox/airflow/dags/files/iedb/downloads/antigen.zip
[2023-01-08T21:14:09.289-0300] {processor.py:743} INFO - Processing file /home/kallox/airflow/dags/files/iedb/downloads/antigen.zip for tasks to queue
[2023-01-08T21:14:09.290-0300] {logging_mixin.py:137} INFO - [2023-01-08T21:14:09.290-0300] {dagbag.py:538} INFO - Filling up the DagBag from /home/kallox/airflow/dags/files/iedb/downloads/antigen.zip
[2023-01-08T21:14:09.291-0300] {processor.py:755} WARNING - No viable dags retrieved from /home/kallox/airflow/dags/files/iedb/downloads/antigen.zip
[2023-01-08T21:14:09.308-0300] {processor.py:175} INFO - Processing /home/kallox/airflow/dags/files/iedb/downloads/antigen.zip took 0.022 seconds
[2023-01-08T21:14:40.917-0300] {processor.py:153} INFO - Started process (PID=25797) to work on /home/kallox/airflow/dags/files/iedb/downloads/antigen.zip
[2023-01-08T21:14:40.918-0300] {processor.py:743} INFO - Processing file /home/kallox/airflow/dags/files/iedb/downloads/antigen.zip for tasks to queue
[2023-01-08T21:14:40.919-0300] {logging_mixin.py:137} INFO - [2023-01-08T21:14:40.919-0300] {dagbag.py:538} INFO - Filling up the DagBag from /home/kallox/airflow/dags/files/iedb/downloads/antigen.zip
[2023-01-08T21:14:40.919-0300] {processor.py:755} WARNING - No viable dags retrieved from /home/kallox/airflow/dags/files/iedb/downloads/antigen.zip
[2023-01-08T21:14:40.935-0300] {processor.py:175} INFO - Processing /home/kallox/airflow/dags/files/iedb/downloads/antigen.zip took 0.020 seconds
[2023-01-08T21:15:12.673-0300] {processor.py:153} INFO - Started process (PID=25890) to work on /home/kallox/airflow/dags/files/iedb/downloads/antigen.zip
[2023-01-08T21:15:12.674-0300] {processor.py:743} INFO - Processing file /home/kallox/airflow/dags/files/iedb/downloads/antigen.zip for tasks to queue
[2023-01-08T21:15:12.675-0300] {logging_mixin.py:137} INFO - [2023-01-08T21:15:12.675-0300] {dagbag.py:538} INFO - Filling up the DagBag from /home/kallox/airflow/dags/files/iedb/downloads/antigen.zip
[2023-01-08T21:15:12.676-0300] {processor.py:755} WARNING - No viable dags retrieved from /home/kallox/airflow/dags/files/iedb/downloads/antigen.zip
[2023-01-08T21:15:12.690-0300] {processor.py:175} INFO - Processing /home/kallox/airflow/dags/files/iedb/downloads/antigen.zip took 0.020 seconds
[2023-01-08T21:15:47.834-0300] {processor.py:153} INFO - Started process (PID=25984) to work on /home/kallox/airflow/dags/files/iedb/downloads/antigen.zip
[2023-01-08T21:15:47.835-0300] {processor.py:743} INFO - Processing file /home/kallox/airflow/dags/files/iedb/downloads/antigen.zip for tasks to queue
[2023-01-08T21:15:47.836-0300] {logging_mixin.py:137} INFO - [2023-01-08T21:15:47.836-0300] {dagbag.py:538} INFO - Filling up the DagBag from /home/kallox/airflow/dags/files/iedb/downloads/antigen.zip
[2023-01-08T21:15:47.837-0300] {processor.py:755} WARNING - No viable dags retrieved from /home/kallox/airflow/dags/files/iedb/downloads/antigen.zip
[2023-01-08T21:15:47.853-0300] {processor.py:175} INFO - Processing /home/kallox/airflow/dags/files/iedb/downloads/antigen.zip took 0.022 seconds
[2023-01-08T21:16:22.209-0300] {processor.py:153} INFO - Started process (PID=26085) to work on /home/kallox/airflow/dags/files/iedb/downloads/antigen.zip
[2023-01-08T21:16:22.210-0300] {processor.py:743} INFO - Processing file /home/kallox/airflow/dags/files/iedb/downloads/antigen.zip for tasks to queue
[2023-01-08T21:16:22.210-0300] {logging_mixin.py:137} INFO - [2023-01-08T21:16:22.210-0300] {dagbag.py:538} INFO - Filling up the DagBag from /home/kallox/airflow/dags/files/iedb/downloads/antigen.zip
[2023-01-08T21:16:22.211-0300] {processor.py:755} WARNING - No viable dags retrieved from /home/kallox/airflow/dags/files/iedb/downloads/antigen.zip
[2023-01-08T21:16:22.225-0300] {processor.py:175} INFO - Processing /home/kallox/airflow/dags/files/iedb/downloads/antigen.zip took 0.018 seconds
[2023-01-08T21:16:54.610-0300] {processor.py:153} INFO - Started process (PID=26182) to work on /home/kallox/airflow/dags/files/iedb/downloads/antigen.zip
[2023-01-08T21:16:54.635-0300] {processor.py:743} INFO - Processing file /home/kallox/airflow/dags/files/iedb/downloads/antigen.zip for tasks to queue
[2023-01-08T21:16:54.635-0300] {logging_mixin.py:137} INFO - [2023-01-08T21:16:54.635-0300] {dagbag.py:538} INFO - Filling up the DagBag from /home/kallox/airflow/dags/files/iedb/downloads/antigen.zip
[2023-01-08T21:16:54.636-0300] {processor.py:755} WARNING - No viable dags retrieved from /home/kallox/airflow/dags/files/iedb/downloads/antigen.zip
[2023-01-08T21:16:54.652-0300] {processor.py:175} INFO - Processing /home/kallox/airflow/dags/files/iedb/downloads/antigen.zip took 0.044 seconds
[2023-01-08T21:17:29.021-0300] {processor.py:153} INFO - Started process (PID=26284) to work on /home/kallox/airflow/dags/files/iedb/downloads/antigen.zip
[2023-01-08T21:17:29.023-0300] {processor.py:743} INFO - Processing file /home/kallox/airflow/dags/files/iedb/downloads/antigen.zip for tasks to queue
[2023-01-08T21:17:29.023-0300] {logging_mixin.py:137} INFO - [2023-01-08T21:17:29.023-0300] {dagbag.py:538} INFO - Filling up the DagBag from /home/kallox/airflow/dags/files/iedb/downloads/antigen.zip
[2023-01-08T21:17:29.024-0300] {processor.py:755} WARNING - No viable dags retrieved from /home/kallox/airflow/dags/files/iedb/downloads/antigen.zip
[2023-01-08T21:17:29.038-0300] {processor.py:175} INFO - Processing /home/kallox/airflow/dags/files/iedb/downloads/antigen.zip took 0.020 seconds
[2023-01-08T21:18:03.837-0300] {processor.py:153} INFO - Started process (PID=26376) to work on /home/kallox/airflow/dags/files/iedb/downloads/antigen.zip
[2023-01-08T21:18:03.844-0300] {processor.py:743} INFO - Processing file /home/kallox/airflow/dags/files/iedb/downloads/antigen.zip for tasks to queue
[2023-01-08T21:18:03.844-0300] {logging_mixin.py:137} INFO - [2023-01-08T21:18:03.844-0300] {dagbag.py:538} INFO - Filling up the DagBag from /home/kallox/airflow/dags/files/iedb/downloads/antigen.zip
[2023-01-08T21:18:03.846-0300] {processor.py:755} WARNING - No viable dags retrieved from /home/kallox/airflow/dags/files/iedb/downloads/antigen.zip
[2023-01-08T21:18:03.868-0300] {processor.py:175} INFO - Processing /home/kallox/airflow/dags/files/iedb/downloads/antigen.zip took 0.033 seconds
[2023-01-08T21:18:36.659-0300] {processor.py:153} INFO - Started process (PID=26478) to work on /home/kallox/airflow/dags/files/iedb/downloads/antigen.zip
[2023-01-08T21:18:36.659-0300] {processor.py:743} INFO - Processing file /home/kallox/airflow/dags/files/iedb/downloads/antigen.zip for tasks to queue
[2023-01-08T21:18:36.660-0300] {logging_mixin.py:137} INFO - [2023-01-08T21:18:36.660-0300] {dagbag.py:538} INFO - Filling up the DagBag from /home/kallox/airflow/dags/files/iedb/downloads/antigen.zip
[2023-01-08T21:18:36.660-0300] {processor.py:755} WARNING - No viable dags retrieved from /home/kallox/airflow/dags/files/iedb/downloads/antigen.zip
[2023-01-08T21:18:36.679-0300] {processor.py:175} INFO - Processing /home/kallox/airflow/dags/files/iedb/downloads/antigen.zip took 0.023 seconds
[2023-01-08T21:19:09.908-0300] {processor.py:153} INFO - Started process (PID=26574) to work on /home/kallox/airflow/dags/files/iedb/downloads/antigen.zip
[2023-01-08T21:19:09.914-0300] {processor.py:743} INFO - Processing file /home/kallox/airflow/dags/files/iedb/downloads/antigen.zip for tasks to queue
[2023-01-08T21:19:09.915-0300] {logging_mixin.py:137} INFO - [2023-01-08T21:19:09.915-0300] {dagbag.py:538} INFO - Filling up the DagBag from /home/kallox/airflow/dags/files/iedb/downloads/antigen.zip
[2023-01-08T21:19:09.940-0300] {processor.py:755} WARNING - No viable dags retrieved from /home/kallox/airflow/dags/files/iedb/downloads/antigen.zip
[2023-01-08T21:19:09.984-0300] {processor.py:175} INFO - Processing /home/kallox/airflow/dags/files/iedb/downloads/antigen.zip took 0.079 seconds
[2023-01-08T21:19:59.880-0300] {processor.py:153} INFO - Started process (PID=26685) to work on /home/kallox/airflow/dags/files/iedb/downloads/antigen.zip
[2023-01-08T21:19:59.881-0300] {processor.py:743} INFO - Processing file /home/kallox/airflow/dags/files/iedb/downloads/antigen.zip for tasks to queue
[2023-01-08T21:19:59.881-0300] {logging_mixin.py:137} INFO - [2023-01-08T21:19:59.881-0300] {dagbag.py:538} INFO - Filling up the DagBag from /home/kallox/airflow/dags/files/iedb/downloads/antigen.zip
[2023-01-08T21:19:59.882-0300] {processor.py:755} WARNING - No viable dags retrieved from /home/kallox/airflow/dags/files/iedb/downloads/antigen.zip
[2023-01-08T21:19:59.895-0300] {processor.py:175} INFO - Processing /home/kallox/airflow/dags/files/iedb/downloads/antigen.zip took 0.018 seconds
[2023-01-08T21:20:32.367-0300] {processor.py:153} INFO - Started process (PID=26784) to work on /home/kallox/airflow/dags/files/iedb/downloads/antigen.zip
[2023-01-08T21:20:32.368-0300] {processor.py:743} INFO - Processing file /home/kallox/airflow/dags/files/iedb/downloads/antigen.zip for tasks to queue
[2023-01-08T21:20:32.368-0300] {logging_mixin.py:137} INFO - [2023-01-08T21:20:32.368-0300] {dagbag.py:538} INFO - Filling up the DagBag from /home/kallox/airflow/dags/files/iedb/downloads/antigen.zip
[2023-01-08T21:20:32.369-0300] {processor.py:755} WARNING - No viable dags retrieved from /home/kallox/airflow/dags/files/iedb/downloads/antigen.zip
[2023-01-08T21:20:32.384-0300] {processor.py:175} INFO - Processing /home/kallox/airflow/dags/files/iedb/downloads/antigen.zip took 0.018 seconds
[2023-01-08T21:21:04.415-0300] {processor.py:153} INFO - Started process (PID=26879) to work on /home/kallox/airflow/dags/files/iedb/downloads/antigen.zip
[2023-01-08T21:21:04.415-0300] {processor.py:743} INFO - Processing file /home/kallox/airflow/dags/files/iedb/downloads/antigen.zip for tasks to queue
[2023-01-08T21:21:04.416-0300] {logging_mixin.py:137} INFO - [2023-01-08T21:21:04.416-0300] {dagbag.py:538} INFO - Filling up the DagBag from /home/kallox/airflow/dags/files/iedb/downloads/antigen.zip
[2023-01-08T21:21:04.416-0300] {processor.py:755} WARNING - No viable dags retrieved from /home/kallox/airflow/dags/files/iedb/downloads/antigen.zip
[2023-01-08T21:21:04.429-0300] {processor.py:175} INFO - Processing /home/kallox/airflow/dags/files/iedb/downloads/antigen.zip took 0.017 seconds
[2023-01-08T21:21:38.410-0300] {processor.py:153} INFO - Started process (PID=26968) to work on /home/kallox/airflow/dags/files/iedb/downloads/antigen.zip
[2023-01-08T21:21:38.411-0300] {processor.py:743} INFO - Processing file /home/kallox/airflow/dags/files/iedb/downloads/antigen.zip for tasks to queue
[2023-01-08T21:21:38.411-0300] {logging_mixin.py:137} INFO - [2023-01-08T21:21:38.411-0300] {dagbag.py:538} INFO - Filling up the DagBag from /home/kallox/airflow/dags/files/iedb/downloads/antigen.zip
[2023-01-08T21:21:38.412-0300] {processor.py:755} WARNING - No viable dags retrieved from /home/kallox/airflow/dags/files/iedb/downloads/antigen.zip
[2023-01-08T21:21:38.449-0300] {processor.py:175} INFO - Processing /home/kallox/airflow/dags/files/iedb/downloads/antigen.zip took 0.041 seconds
[2023-01-08T21:22:09.866-0300] {processor.py:153} INFO - Started process (PID=27063) to work on /home/kallox/airflow/dags/files/iedb/downloads/antigen.zip
[2023-01-08T21:22:09.867-0300] {processor.py:743} INFO - Processing file /home/kallox/airflow/dags/files/iedb/downloads/antigen.zip for tasks to queue
[2023-01-08T21:22:09.867-0300] {logging_mixin.py:137} INFO - [2023-01-08T21:22:09.867-0300] {dagbag.py:538} INFO - Filling up the DagBag from /home/kallox/airflow/dags/files/iedb/downloads/antigen.zip
[2023-01-08T21:22:09.868-0300] {processor.py:755} WARNING - No viable dags retrieved from /home/kallox/airflow/dags/files/iedb/downloads/antigen.zip
[2023-01-08T21:22:09.883-0300] {processor.py:175} INFO - Processing /home/kallox/airflow/dags/files/iedb/downloads/antigen.zip took 0.019 seconds
[2023-01-08T21:22:41.139-0300] {processor.py:153} INFO - Started process (PID=27164) to work on /home/kallox/airflow/dags/files/iedb/downloads/antigen.zip
[2023-01-08T21:22:41.140-0300] {processor.py:743} INFO - Processing file /home/kallox/airflow/dags/files/iedb/downloads/antigen.zip for tasks to queue
[2023-01-08T21:22:41.140-0300] {logging_mixin.py:137} INFO - [2023-01-08T21:22:41.140-0300] {dagbag.py:538} INFO - Filling up the DagBag from /home/kallox/airflow/dags/files/iedb/downloads/antigen.zip
[2023-01-08T21:22:41.141-0300] {processor.py:755} WARNING - No viable dags retrieved from /home/kallox/airflow/dags/files/iedb/downloads/antigen.zip
[2023-01-08T21:22:41.154-0300] {processor.py:175} INFO - Processing /home/kallox/airflow/dags/files/iedb/downloads/antigen.zip took 0.018 seconds
[2023-01-08T21:23:15.517-0300] {processor.py:153} INFO - Started process (PID=27266) to work on /home/kallox/airflow/dags/files/iedb/downloads/antigen.zip
[2023-01-08T21:23:15.518-0300] {processor.py:743} INFO - Processing file /home/kallox/airflow/dags/files/iedb/downloads/antigen.zip for tasks to queue
[2023-01-08T21:23:15.518-0300] {logging_mixin.py:137} INFO - [2023-01-08T21:23:15.518-0300] {dagbag.py:538} INFO - Filling up the DagBag from /home/kallox/airflow/dags/files/iedb/downloads/antigen.zip
[2023-01-08T21:23:15.519-0300] {processor.py:755} WARNING - No viable dags retrieved from /home/kallox/airflow/dags/files/iedb/downloads/antigen.zip
[2023-01-08T21:23:15.533-0300] {processor.py:175} INFO - Processing /home/kallox/airflow/dags/files/iedb/downloads/antigen.zip took 0.019 seconds
[2023-01-08T21:23:47.698-0300] {processor.py:153} INFO - Started process (PID=27359) to work on /home/kallox/airflow/dags/files/iedb/downloads/antigen.zip
[2023-01-08T21:23:47.701-0300] {processor.py:743} INFO - Processing file /home/kallox/airflow/dags/files/iedb/downloads/antigen.zip for tasks to queue
[2023-01-08T21:23:47.702-0300] {logging_mixin.py:137} INFO - [2023-01-08T21:23:47.702-0300] {dagbag.py:538} INFO - Filling up the DagBag from /home/kallox/airflow/dags/files/iedb/downloads/antigen.zip
[2023-01-08T21:23:47.725-0300] {processor.py:755} WARNING - No viable dags retrieved from /home/kallox/airflow/dags/files/iedb/downloads/antigen.zip
[2023-01-08T21:23:47.740-0300] {processor.py:175} INFO - Processing /home/kallox/airflow/dags/files/iedb/downloads/antigen.zip took 0.049 seconds
[2023-01-08T21:24:19.167-0300] {processor.py:153} INFO - Started process (PID=27459) to work on /home/kallox/airflow/dags/files/iedb/downloads/antigen.zip
[2023-01-08T21:24:19.169-0300] {processor.py:743} INFO - Processing file /home/kallox/airflow/dags/files/iedb/downloads/antigen.zip for tasks to queue
[2023-01-08T21:24:19.170-0300] {logging_mixin.py:137} INFO - [2023-01-08T21:24:19.170-0300] {dagbag.py:538} INFO - Filling up the DagBag from /home/kallox/airflow/dags/files/iedb/downloads/antigen.zip
[2023-01-08T21:24:19.170-0300] {processor.py:755} WARNING - No viable dags retrieved from /home/kallox/airflow/dags/files/iedb/downloads/antigen.zip
[2023-01-08T21:24:19.183-0300] {processor.py:175} INFO - Processing /home/kallox/airflow/dags/files/iedb/downloads/antigen.zip took 0.019 seconds
[2023-01-08T21:24:52.437-0300] {processor.py:153} INFO - Started process (PID=27551) to work on /home/kallox/airflow/dags/files/iedb/downloads/antigen.zip
[2023-01-08T21:24:52.437-0300] {processor.py:743} INFO - Processing file /home/kallox/airflow/dags/files/iedb/downloads/antigen.zip for tasks to queue
[2023-01-08T21:24:52.438-0300] {logging_mixin.py:137} INFO - [2023-01-08T21:24:52.438-0300] {dagbag.py:538} INFO - Filling up the DagBag from /home/kallox/airflow/dags/files/iedb/downloads/antigen.zip
[2023-01-08T21:24:52.438-0300] {processor.py:755} WARNING - No viable dags retrieved from /home/kallox/airflow/dags/files/iedb/downloads/antigen.zip
[2023-01-08T21:24:52.452-0300] {processor.py:175} INFO - Processing /home/kallox/airflow/dags/files/iedb/downloads/antigen.zip took 0.017 seconds
[2023-01-08T21:25:22.561-0300] {processor.py:153} INFO - Started process (PID=27619) to work on /home/kallox/airflow/dags/files/iedb/downloads/antigen.zip
[2023-01-08T21:25:22.562-0300] {processor.py:743} INFO - Processing file /home/kallox/airflow/dags/files/iedb/downloads/antigen.zip for tasks to queue
[2023-01-08T21:25:22.562-0300] {logging_mixin.py:137} INFO - [2023-01-08T21:25:22.562-0300] {dagbag.py:538} INFO - Filling up the DagBag from /home/kallox/airflow/dags/files/iedb/downloads/antigen.zip
[2023-01-08T21:25:22.563-0300] {processor.py:755} WARNING - No viable dags retrieved from /home/kallox/airflow/dags/files/iedb/downloads/antigen.zip
[2023-01-08T21:25:22.577-0300] {processor.py:175} INFO - Processing /home/kallox/airflow/dags/files/iedb/downloads/antigen.zip took 0.018 seconds
[2023-01-08T21:25:53.049-0300] {processor.py:153} INFO - Started process (PID=27703) to work on /home/kallox/airflow/dags/files/iedb/downloads/antigen.zip
[2023-01-08T21:25:53.049-0300] {processor.py:743} INFO - Processing file /home/kallox/airflow/dags/files/iedb/downloads/antigen.zip for tasks to queue
[2023-01-08T21:25:53.050-0300] {logging_mixin.py:137} INFO - [2023-01-08T21:25:53.050-0300] {dagbag.py:538} INFO - Filling up the DagBag from /home/kallox/airflow/dags/files/iedb/downloads/antigen.zip
[2023-01-08T21:25:53.050-0300] {processor.py:755} WARNING - No viable dags retrieved from /home/kallox/airflow/dags/files/iedb/downloads/antigen.zip
[2023-01-08T21:25:53.065-0300] {processor.py:175} INFO - Processing /home/kallox/airflow/dags/files/iedb/downloads/antigen.zip took 0.019 seconds
[2023-01-08T21:26:23.485-0300] {processor.py:153} INFO - Started process (PID=27777) to work on /home/kallox/airflow/dags/files/iedb/downloads/antigen.zip
[2023-01-08T21:26:23.486-0300] {processor.py:743} INFO - Processing file /home/kallox/airflow/dags/files/iedb/downloads/antigen.zip for tasks to queue
[2023-01-08T21:26:23.486-0300] {logging_mixin.py:137} INFO - [2023-01-08T21:26:23.486-0300] {dagbag.py:538} INFO - Filling up the DagBag from /home/kallox/airflow/dags/files/iedb/downloads/antigen.zip
[2023-01-08T21:26:23.487-0300] {processor.py:755} WARNING - No viable dags retrieved from /home/kallox/airflow/dags/files/iedb/downloads/antigen.zip
[2023-01-08T21:26:23.502-0300] {processor.py:175} INFO - Processing /home/kallox/airflow/dags/files/iedb/downloads/antigen.zip took 0.018 seconds
[2023-01-08T21:26:53.958-0300] {processor.py:153} INFO - Started process (PID=27854) to work on /home/kallox/airflow/dags/files/iedb/downloads/antigen.zip
[2023-01-08T21:26:53.959-0300] {processor.py:743} INFO - Processing file /home/kallox/airflow/dags/files/iedb/downloads/antigen.zip for tasks to queue
[2023-01-08T21:26:53.960-0300] {logging_mixin.py:137} INFO - [2023-01-08T21:26:53.960-0300] {dagbag.py:538} INFO - Filling up the DagBag from /home/kallox/airflow/dags/files/iedb/downloads/antigen.zip
[2023-01-08T21:26:53.960-0300] {processor.py:755} WARNING - No viable dags retrieved from /home/kallox/airflow/dags/files/iedb/downloads/antigen.zip
[2023-01-08T21:26:53.979-0300] {processor.py:175} INFO - Processing /home/kallox/airflow/dags/files/iedb/downloads/antigen.zip took 0.024 seconds
[2023-01-08T21:27:24.418-0300] {processor.py:153} INFO - Started process (PID=27928) to work on /home/kallox/airflow/dags/files/iedb/downloads/antigen.zip
[2023-01-08T21:27:24.419-0300] {processor.py:743} INFO - Processing file /home/kallox/airflow/dags/files/iedb/downloads/antigen.zip for tasks to queue
[2023-01-08T21:27:24.420-0300] {logging_mixin.py:137} INFO - [2023-01-08T21:27:24.420-0300] {dagbag.py:538} INFO - Filling up the DagBag from /home/kallox/airflow/dags/files/iedb/downloads/antigen.zip
[2023-01-08T21:27:24.420-0300] {processor.py:755} WARNING - No viable dags retrieved from /home/kallox/airflow/dags/files/iedb/downloads/antigen.zip
[2023-01-08T21:27:24.435-0300] {processor.py:175} INFO - Processing /home/kallox/airflow/dags/files/iedb/downloads/antigen.zip took 0.018 seconds
[2023-01-08T21:27:44.909-0300] {processor.py:153} INFO - Started process (PID=28180) to work on /home/kallox/airflow/dags/files/iedb/downloads/antigen.zip
[2023-01-08T21:27:44.909-0300] {processor.py:743} INFO - Processing file /home/kallox/airflow/dags/files/iedb/downloads/antigen.zip for tasks to queue
[2023-01-08T21:27:44.910-0300] {logging_mixin.py:137} INFO - [2023-01-08T21:27:44.910-0300] {dagbag.py:538} INFO - Filling up the DagBag from /home/kallox/airflow/dags/files/iedb/downloads/antigen.zip
[2023-01-08T21:27:44.910-0300] {processor.py:755} WARNING - No viable dags retrieved from /home/kallox/airflow/dags/files/iedb/downloads/antigen.zip
[2023-01-08T21:27:44.925-0300] {processor.py:175} INFO - Processing /home/kallox/airflow/dags/files/iedb/downloads/antigen.zip took 0.018 seconds
[2023-01-08T21:28:15.676-0300] {processor.py:153} INFO - Started process (PID=28259) to work on /home/kallox/airflow/dags/files/iedb/downloads/antigen.zip
[2023-01-08T21:28:15.677-0300] {processor.py:743} INFO - Processing file /home/kallox/airflow/dags/files/iedb/downloads/antigen.zip for tasks to queue
[2023-01-08T21:28:15.678-0300] {logging_mixin.py:137} INFO - [2023-01-08T21:28:15.678-0300] {dagbag.py:538} INFO - Filling up the DagBag from /home/kallox/airflow/dags/files/iedb/downloads/antigen.zip
[2023-01-08T21:28:15.678-0300] {processor.py:755} WARNING - No viable dags retrieved from /home/kallox/airflow/dags/files/iedb/downloads/antigen.zip
[2023-01-08T21:28:15.693-0300] {processor.py:175} INFO - Processing /home/kallox/airflow/dags/files/iedb/downloads/antigen.zip took 0.019 seconds
[2023-01-08T21:28:46.164-0300] {processor.py:153} INFO - Started process (PID=28340) to work on /home/kallox/airflow/dags/files/iedb/downloads/antigen.zip
[2023-01-08T21:28:46.165-0300] {processor.py:743} INFO - Processing file /home/kallox/airflow/dags/files/iedb/downloads/antigen.zip for tasks to queue
[2023-01-08T21:28:46.165-0300] {logging_mixin.py:137} INFO - [2023-01-08T21:28:46.165-0300] {dagbag.py:538} INFO - Filling up the DagBag from /home/kallox/airflow/dags/files/iedb/downloads/antigen.zip
[2023-01-08T21:28:46.166-0300] {processor.py:755} WARNING - No viable dags retrieved from /home/kallox/airflow/dags/files/iedb/downloads/antigen.zip
[2023-01-08T21:28:46.180-0300] {processor.py:175} INFO - Processing /home/kallox/airflow/dags/files/iedb/downloads/antigen.zip took 0.018 seconds
[2023-01-08T21:29:16.531-0300] {processor.py:153} INFO - Started process (PID=28415) to work on /home/kallox/airflow/dags/files/iedb/downloads/antigen.zip
[2023-01-08T21:29:16.532-0300] {processor.py:743} INFO - Processing file /home/kallox/airflow/dags/files/iedb/downloads/antigen.zip for tasks to queue
[2023-01-08T21:29:16.532-0300] {logging_mixin.py:137} INFO - [2023-01-08T21:29:16.532-0300] {dagbag.py:538} INFO - Filling up the DagBag from /home/kallox/airflow/dags/files/iedb/downloads/antigen.zip
[2023-01-08T21:29:16.532-0300] {processor.py:755} WARNING - No viable dags retrieved from /home/kallox/airflow/dags/files/iedb/downloads/antigen.zip
[2023-01-08T21:29:16.545-0300] {processor.py:175} INFO - Processing /home/kallox/airflow/dags/files/iedb/downloads/antigen.zip took 0.016 seconds
[2023-01-08T21:29:47.469-0300] {processor.py:153} INFO - Started process (PID=28508) to work on /home/kallox/airflow/dags/files/iedb/downloads/antigen.zip
[2023-01-08T21:29:47.469-0300] {processor.py:743} INFO - Processing file /home/kallox/airflow/dags/files/iedb/downloads/antigen.zip for tasks to queue
[2023-01-08T21:29:47.470-0300] {logging_mixin.py:137} INFO - [2023-01-08T21:29:47.470-0300] {dagbag.py:538} INFO - Filling up the DagBag from /home/kallox/airflow/dags/files/iedb/downloads/antigen.zip
[2023-01-08T21:29:47.470-0300] {processor.py:755} WARNING - No viable dags retrieved from /home/kallox/airflow/dags/files/iedb/downloads/antigen.zip
[2023-01-08T21:29:47.483-0300] {processor.py:175} INFO - Processing /home/kallox/airflow/dags/files/iedb/downloads/antigen.zip took 0.016 seconds
[2023-01-08T21:30:18.440-0300] {processor.py:153} INFO - Started process (PID=28589) to work on /home/kallox/airflow/dags/files/iedb/downloads/antigen.zip
[2023-01-08T21:30:18.440-0300] {processor.py:743} INFO - Processing file /home/kallox/airflow/dags/files/iedb/downloads/antigen.zip for tasks to queue
[2023-01-08T21:30:18.440-0300] {logging_mixin.py:137} INFO - [2023-01-08T21:30:18.440-0300] {dagbag.py:538} INFO - Filling up the DagBag from /home/kallox/airflow/dags/files/iedb/downloads/antigen.zip
[2023-01-08T21:30:18.441-0300] {processor.py:755} WARNING - No viable dags retrieved from /home/kallox/airflow/dags/files/iedb/downloads/antigen.zip
[2023-01-08T21:30:18.456-0300] {processor.py:175} INFO - Processing /home/kallox/airflow/dags/files/iedb/downloads/antigen.zip took 0.019 seconds
[2023-01-08T21:30:49.122-0300] {processor.py:153} INFO - Started process (PID=28669) to work on /home/kallox/airflow/dags/files/iedb/downloads/antigen.zip
[2023-01-08T21:30:49.123-0300] {processor.py:743} INFO - Processing file /home/kallox/airflow/dags/files/iedb/downloads/antigen.zip for tasks to queue
[2023-01-08T21:30:49.123-0300] {logging_mixin.py:137} INFO - [2023-01-08T21:30:49.123-0300] {dagbag.py:538} INFO - Filling up the DagBag from /home/kallox/airflow/dags/files/iedb/downloads/antigen.zip
[2023-01-08T21:30:49.124-0300] {processor.py:755} WARNING - No viable dags retrieved from /home/kallox/airflow/dags/files/iedb/downloads/antigen.zip
[2023-01-08T21:30:49.139-0300] {processor.py:175} INFO - Processing /home/kallox/airflow/dags/files/iedb/downloads/antigen.zip took 0.020 seconds
[2023-01-08T21:31:19.836-0300] {processor.py:153} INFO - Started process (PID=28749) to work on /home/kallox/airflow/dags/files/iedb/downloads/antigen.zip
[2023-01-08T21:31:19.837-0300] {processor.py:743} INFO - Processing file /home/kallox/airflow/dags/files/iedb/downloads/antigen.zip for tasks to queue
[2023-01-08T21:31:19.837-0300] {logging_mixin.py:137} INFO - [2023-01-08T21:31:19.837-0300] {dagbag.py:538} INFO - Filling up the DagBag from /home/kallox/airflow/dags/files/iedb/downloads/antigen.zip
[2023-01-08T21:31:19.838-0300] {processor.py:755} WARNING - No viable dags retrieved from /home/kallox/airflow/dags/files/iedb/downloads/antigen.zip
[2023-01-08T21:31:19.853-0300] {processor.py:175} INFO - Processing /home/kallox/airflow/dags/files/iedb/downloads/antigen.zip took 0.019 seconds
[2023-01-08T21:31:50.813-0300] {processor.py:153} INFO - Started process (PID=28828) to work on /home/kallox/airflow/dags/files/iedb/downloads/antigen.zip
[2023-01-08T21:31:50.813-0300] {processor.py:743} INFO - Processing file /home/kallox/airflow/dags/files/iedb/downloads/antigen.zip for tasks to queue
[2023-01-08T21:31:50.814-0300] {logging_mixin.py:137} INFO - [2023-01-08T21:31:50.814-0300] {dagbag.py:538} INFO - Filling up the DagBag from /home/kallox/airflow/dags/files/iedb/downloads/antigen.zip
[2023-01-08T21:31:50.814-0300] {processor.py:755} WARNING - No viable dags retrieved from /home/kallox/airflow/dags/files/iedb/downloads/antigen.zip
[2023-01-08T21:31:50.829-0300] {processor.py:175} INFO - Processing /home/kallox/airflow/dags/files/iedb/downloads/antigen.zip took 0.018 seconds
[2023-01-08T21:32:21.256-0300] {processor.py:153} INFO - Started process (PID=28907) to work on /home/kallox/airflow/dags/files/iedb/downloads/antigen.zip
[2023-01-08T21:32:21.257-0300] {processor.py:743} INFO - Processing file /home/kallox/airflow/dags/files/iedb/downloads/antigen.zip for tasks to queue
[2023-01-08T21:32:21.257-0300] {logging_mixin.py:137} INFO - [2023-01-08T21:32:21.257-0300] {dagbag.py:538} INFO - Filling up the DagBag from /home/kallox/airflow/dags/files/iedb/downloads/antigen.zip
[2023-01-08T21:32:21.257-0300] {processor.py:755} WARNING - No viable dags retrieved from /home/kallox/airflow/dags/files/iedb/downloads/antigen.zip
[2023-01-08T21:32:21.272-0300] {processor.py:175} INFO - Processing /home/kallox/airflow/dags/files/iedb/downloads/antigen.zip took 0.019 seconds
[2023-01-08T21:32:52.397-0300] {processor.py:153} INFO - Started process (PID=28987) to work on /home/kallox/airflow/dags/files/iedb/downloads/antigen.zip
[2023-01-08T21:32:52.397-0300] {processor.py:743} INFO - Processing file /home/kallox/airflow/dags/files/iedb/downloads/antigen.zip for tasks to queue
[2023-01-08T21:32:52.399-0300] {logging_mixin.py:137} INFO - [2023-01-08T21:32:52.398-0300] {dagbag.py:538} INFO - Filling up the DagBag from /home/kallox/airflow/dags/files/iedb/downloads/antigen.zip
[2023-01-08T21:32:52.399-0300] {processor.py:755} WARNING - No viable dags retrieved from /home/kallox/airflow/dags/files/iedb/downloads/antigen.zip
[2023-01-08T21:32:52.414-0300] {processor.py:175} INFO - Processing /home/kallox/airflow/dags/files/iedb/downloads/antigen.zip took 0.020 seconds
[2023-01-08T21:33:23.061-0300] {processor.py:153} INFO - Started process (PID=29068) to work on /home/kallox/airflow/dags/files/iedb/downloads/antigen.zip
[2023-01-08T21:33:23.062-0300] {processor.py:743} INFO - Processing file /home/kallox/airflow/dags/files/iedb/downloads/antigen.zip for tasks to queue
[2023-01-08T21:33:23.063-0300] {logging_mixin.py:137} INFO - [2023-01-08T21:33:23.062-0300] {dagbag.py:538} INFO - Filling up the DagBag from /home/kallox/airflow/dags/files/iedb/downloads/antigen.zip
[2023-01-08T21:33:23.063-0300] {processor.py:755} WARNING - No viable dags retrieved from /home/kallox/airflow/dags/files/iedb/downloads/antigen.zip
[2023-01-08T21:33:23.080-0300] {processor.py:175} INFO - Processing /home/kallox/airflow/dags/files/iedb/downloads/antigen.zip took 0.022 seconds
[2023-01-08T21:33:53.765-0300] {processor.py:153} INFO - Started process (PID=29147) to work on /home/kallox/airflow/dags/files/iedb/downloads/antigen.zip
[2023-01-08T21:33:53.766-0300] {processor.py:743} INFO - Processing file /home/kallox/airflow/dags/files/iedb/downloads/antigen.zip for tasks to queue
[2023-01-08T21:33:53.766-0300] {logging_mixin.py:137} INFO - [2023-01-08T21:33:53.766-0300] {dagbag.py:538} INFO - Filling up the DagBag from /home/kallox/airflow/dags/files/iedb/downloads/antigen.zip
[2023-01-08T21:33:53.767-0300] {processor.py:755} WARNING - No viable dags retrieved from /home/kallox/airflow/dags/files/iedb/downloads/antigen.zip
[2023-01-08T21:33:53.780-0300] {processor.py:175} INFO - Processing /home/kallox/airflow/dags/files/iedb/downloads/antigen.zip took 0.017 seconds
[2023-01-08T21:34:24.154-0300] {processor.py:153} INFO - Started process (PID=29229) to work on /home/kallox/airflow/dags/files/iedb/downloads/antigen.zip
[2023-01-08T21:34:24.154-0300] {processor.py:743} INFO - Processing file /home/kallox/airflow/dags/files/iedb/downloads/antigen.zip for tasks to queue
[2023-01-08T21:34:24.155-0300] {logging_mixin.py:137} INFO - [2023-01-08T21:34:24.155-0300] {dagbag.py:538} INFO - Filling up the DagBag from /home/kallox/airflow/dags/files/iedb/downloads/antigen.zip
[2023-01-08T21:34:24.155-0300] {processor.py:755} WARNING - No viable dags retrieved from /home/kallox/airflow/dags/files/iedb/downloads/antigen.zip
[2023-01-08T21:34:24.171-0300] {processor.py:175} INFO - Processing /home/kallox/airflow/dags/files/iedb/downloads/antigen.zip took 0.019 seconds
[2023-01-08T21:34:54.632-0300] {processor.py:153} INFO - Started process (PID=29315) to work on /home/kallox/airflow/dags/files/iedb/downloads/antigen.zip
[2023-01-08T21:34:54.633-0300] {processor.py:743} INFO - Processing file /home/kallox/airflow/dags/files/iedb/downloads/antigen.zip for tasks to queue
[2023-01-08T21:34:54.634-0300] {logging_mixin.py:137} INFO - [2023-01-08T21:34:54.634-0300] {dagbag.py:538} INFO - Filling up the DagBag from /home/kallox/airflow/dags/files/iedb/downloads/antigen.zip
[2023-01-08T21:34:54.634-0300] {processor.py:755} WARNING - No viable dags retrieved from /home/kallox/airflow/dags/files/iedb/downloads/antigen.zip
[2023-01-08T21:34:54.648-0300] {processor.py:175} INFO - Processing /home/kallox/airflow/dags/files/iedb/downloads/antigen.zip took 0.018 seconds
[2023-01-08T21:35:25.110-0300] {processor.py:153} INFO - Started process (PID=29399) to work on /home/kallox/airflow/dags/files/iedb/downloads/antigen.zip
[2023-01-08T21:35:25.110-0300] {processor.py:743} INFO - Processing file /home/kallox/airflow/dags/files/iedb/downloads/antigen.zip for tasks to queue
[2023-01-08T21:35:25.111-0300] {logging_mixin.py:137} INFO - [2023-01-08T21:35:25.111-0300] {dagbag.py:538} INFO - Filling up the DagBag from /home/kallox/airflow/dags/files/iedb/downloads/antigen.zip
[2023-01-08T21:35:25.111-0300] {processor.py:755} WARNING - No viable dags retrieved from /home/kallox/airflow/dags/files/iedb/downloads/antigen.zip
[2023-01-08T21:35:25.125-0300] {processor.py:175} INFO - Processing /home/kallox/airflow/dags/files/iedb/downloads/antigen.zip took 0.017 seconds
[2023-01-08T21:35:55.581-0300] {processor.py:153} INFO - Started process (PID=29478) to work on /home/kallox/airflow/dags/files/iedb/downloads/antigen.zip
[2023-01-08T21:35:55.581-0300] {processor.py:743} INFO - Processing file /home/kallox/airflow/dags/files/iedb/downloads/antigen.zip for tasks to queue
[2023-01-08T21:35:55.582-0300] {logging_mixin.py:137} INFO - [2023-01-08T21:35:55.582-0300] {dagbag.py:538} INFO - Filling up the DagBag from /home/kallox/airflow/dags/files/iedb/downloads/antigen.zip
[2023-01-08T21:35:55.583-0300] {processor.py:755} WARNING - No viable dags retrieved from /home/kallox/airflow/dags/files/iedb/downloads/antigen.zip
[2023-01-08T21:35:55.599-0300] {processor.py:175} INFO - Processing /home/kallox/airflow/dags/files/iedb/downloads/antigen.zip took 0.020 seconds
[2023-01-08T21:36:26.086-0300] {processor.py:153} INFO - Started process (PID=29554) to work on /home/kallox/airflow/dags/files/iedb/downloads/antigen.zip
[2023-01-08T21:36:26.087-0300] {processor.py:743} INFO - Processing file /home/kallox/airflow/dags/files/iedb/downloads/antigen.zip for tasks to queue
[2023-01-08T21:36:26.087-0300] {logging_mixin.py:137} INFO - [2023-01-08T21:36:26.087-0300] {dagbag.py:538} INFO - Filling up the DagBag from /home/kallox/airflow/dags/files/iedb/downloads/antigen.zip
[2023-01-08T21:36:26.087-0300] {processor.py:755} WARNING - No viable dags retrieved from /home/kallox/airflow/dags/files/iedb/downloads/antigen.zip
[2023-01-08T21:36:26.101-0300] {processor.py:175} INFO - Processing /home/kallox/airflow/dags/files/iedb/downloads/antigen.zip took 0.017 seconds
[2023-01-08T21:36:56.495-0300] {processor.py:153} INFO - Started process (PID=29636) to work on /home/kallox/airflow/dags/files/iedb/downloads/antigen.zip
[2023-01-08T21:36:56.495-0300] {processor.py:743} INFO - Processing file /home/kallox/airflow/dags/files/iedb/downloads/antigen.zip for tasks to queue
[2023-01-08T21:36:56.496-0300] {logging_mixin.py:137} INFO - [2023-01-08T21:36:56.496-0300] {dagbag.py:538} INFO - Filling up the DagBag from /home/kallox/airflow/dags/files/iedb/downloads/antigen.zip
[2023-01-08T21:36:56.497-0300] {processor.py:755} WARNING - No viable dags retrieved from /home/kallox/airflow/dags/files/iedb/downloads/antigen.zip
[2023-01-08T21:36:56.511-0300] {processor.py:175} INFO - Processing /home/kallox/airflow/dags/files/iedb/downloads/antigen.zip took 0.018 seconds
[2023-01-08T21:37:26.961-0300] {processor.py:153} INFO - Started process (PID=29717) to work on /home/kallox/airflow/dags/files/iedb/downloads/antigen.zip
[2023-01-08T21:37:26.962-0300] {processor.py:743} INFO - Processing file /home/kallox/airflow/dags/files/iedb/downloads/antigen.zip for tasks to queue
[2023-01-08T21:37:26.963-0300] {logging_mixin.py:137} INFO - [2023-01-08T21:37:26.962-0300] {dagbag.py:538} INFO - Filling up the DagBag from /home/kallox/airflow/dags/files/iedb/downloads/antigen.zip
[2023-01-08T21:37:26.963-0300] {processor.py:755} WARNING - No viable dags retrieved from /home/kallox/airflow/dags/files/iedb/downloads/antigen.zip
[2023-01-08T21:37:26.977-0300] {processor.py:175} INFO - Processing /home/kallox/airflow/dags/files/iedb/downloads/antigen.zip took 0.018 seconds
[2023-01-08T21:37:57.825-0300] {processor.py:153} INFO - Started process (PID=29800) to work on /home/kallox/airflow/dags/files/iedb/downloads/antigen.zip
[2023-01-08T21:37:57.825-0300] {processor.py:743} INFO - Processing file /home/kallox/airflow/dags/files/iedb/downloads/antigen.zip for tasks to queue
[2023-01-08T21:37:57.826-0300] {logging_mixin.py:137} INFO - [2023-01-08T21:37:57.826-0300] {dagbag.py:538} INFO - Filling up the DagBag from /home/kallox/airflow/dags/files/iedb/downloads/antigen.zip
[2023-01-08T21:37:57.826-0300] {processor.py:755} WARNING - No viable dags retrieved from /home/kallox/airflow/dags/files/iedb/downloads/antigen.zip
[2023-01-08T21:37:57.840-0300] {processor.py:175} INFO - Processing /home/kallox/airflow/dags/files/iedb/downloads/antigen.zip took 0.016 seconds
[2023-01-08T21:38:28.699-0300] {processor.py:153} INFO - Started process (PID=29881) to work on /home/kallox/airflow/dags/files/iedb/downloads/antigen.zip
[2023-01-08T21:38:28.699-0300] {processor.py:743} INFO - Processing file /home/kallox/airflow/dags/files/iedb/downloads/antigen.zip for tasks to queue
[2023-01-08T21:38:28.700-0300] {logging_mixin.py:137} INFO - [2023-01-08T21:38:28.700-0300] {dagbag.py:538} INFO - Filling up the DagBag from /home/kallox/airflow/dags/files/iedb/downloads/antigen.zip
[2023-01-08T21:38:28.700-0300] {processor.py:755} WARNING - No viable dags retrieved from /home/kallox/airflow/dags/files/iedb/downloads/antigen.zip
[2023-01-08T21:38:28.717-0300] {processor.py:175} INFO - Processing /home/kallox/airflow/dags/files/iedb/downloads/antigen.zip took 0.021 seconds
[2023-01-08T21:38:59.387-0300] {processor.py:153} INFO - Started process (PID=29962) to work on /home/kallox/airflow/dags/files/iedb/downloads/antigen.zip
[2023-01-08T21:38:59.388-0300] {processor.py:743} INFO - Processing file /home/kallox/airflow/dags/files/iedb/downloads/antigen.zip for tasks to queue
[2023-01-08T21:38:59.388-0300] {logging_mixin.py:137} INFO - [2023-01-08T21:38:59.388-0300] {dagbag.py:538} INFO - Filling up the DagBag from /home/kallox/airflow/dags/files/iedb/downloads/antigen.zip
[2023-01-08T21:38:59.389-0300] {processor.py:755} WARNING - No viable dags retrieved from /home/kallox/airflow/dags/files/iedb/downloads/antigen.zip
[2023-01-08T21:38:59.402-0300] {processor.py:175} INFO - Processing /home/kallox/airflow/dags/files/iedb/downloads/antigen.zip took 0.016 seconds
[2023-01-08T21:39:30.057-0300] {processor.py:153} INFO - Started process (PID=30041) to work on /home/kallox/airflow/dags/files/iedb/downloads/antigen.zip
[2023-01-08T21:39:30.058-0300] {processor.py:743} INFO - Processing file /home/kallox/airflow/dags/files/iedb/downloads/antigen.zip for tasks to queue
[2023-01-08T21:39:30.058-0300] {logging_mixin.py:137} INFO - [2023-01-08T21:39:30.058-0300] {dagbag.py:538} INFO - Filling up the DagBag from /home/kallox/airflow/dags/files/iedb/downloads/antigen.zip
[2023-01-08T21:39:30.059-0300] {processor.py:755} WARNING - No viable dags retrieved from /home/kallox/airflow/dags/files/iedb/downloads/antigen.zip
[2023-01-08T21:39:30.074-0300] {processor.py:175} INFO - Processing /home/kallox/airflow/dags/files/iedb/downloads/antigen.zip took 0.019 seconds
[2023-01-08T21:40:00.748-0300] {processor.py:153} INFO - Started process (PID=30125) to work on /home/kallox/airflow/dags/files/iedb/downloads/antigen.zip
[2023-01-08T21:40:00.749-0300] {processor.py:743} INFO - Processing file /home/kallox/airflow/dags/files/iedb/downloads/antigen.zip for tasks to queue
[2023-01-08T21:40:00.749-0300] {logging_mixin.py:137} INFO - [2023-01-08T21:40:00.749-0300] {dagbag.py:538} INFO - Filling up the DagBag from /home/kallox/airflow/dags/files/iedb/downloads/antigen.zip
[2023-01-08T21:40:00.750-0300] {processor.py:755} WARNING - No viable dags retrieved from /home/kallox/airflow/dags/files/iedb/downloads/antigen.zip
[2023-01-08T21:40:00.763-0300] {processor.py:175} INFO - Processing /home/kallox/airflow/dags/files/iedb/downloads/antigen.zip took 0.016 seconds
[2023-01-08T21:40:31.155-0300] {processor.py:153} INFO - Started process (PID=30201) to work on /home/kallox/airflow/dags/files/iedb/downloads/antigen.zip
[2023-01-08T21:40:31.155-0300] {processor.py:743} INFO - Processing file /home/kallox/airflow/dags/files/iedb/downloads/antigen.zip for tasks to queue
[2023-01-08T21:40:31.156-0300] {logging_mixin.py:137} INFO - [2023-01-08T21:40:31.156-0300] {dagbag.py:538} INFO - Filling up the DagBag from /home/kallox/airflow/dags/files/iedb/downloads/antigen.zip
[2023-01-08T21:40:31.156-0300] {processor.py:755} WARNING - No viable dags retrieved from /home/kallox/airflow/dags/files/iedb/downloads/antigen.zip
[2023-01-08T21:40:31.169-0300] {processor.py:175} INFO - Processing /home/kallox/airflow/dags/files/iedb/downloads/antigen.zip took 0.017 seconds
[2023-01-08T21:41:01.561-0300] {processor.py:153} INFO - Started process (PID=30281) to work on /home/kallox/airflow/dags/files/iedb/downloads/antigen.zip
[2023-01-08T21:41:01.562-0300] {processor.py:743} INFO - Processing file /home/kallox/airflow/dags/files/iedb/downloads/antigen.zip for tasks to queue
[2023-01-08T21:41:01.562-0300] {logging_mixin.py:137} INFO - [2023-01-08T21:41:01.562-0300] {dagbag.py:538} INFO - Filling up the DagBag from /home/kallox/airflow/dags/files/iedb/downloads/antigen.zip
[2023-01-08T21:41:01.563-0300] {processor.py:755} WARNING - No viable dags retrieved from /home/kallox/airflow/dags/files/iedb/downloads/antigen.zip
[2023-01-08T21:41:01.576-0300] {processor.py:175} INFO - Processing /home/kallox/airflow/dags/files/iedb/downloads/antigen.zip took 0.017 seconds
[2023-01-08T21:41:32.487-0300] {processor.py:153} INFO - Started process (PID=30367) to work on /home/kallox/airflow/dags/files/iedb/downloads/antigen.zip
[2023-01-08T21:41:32.488-0300] {processor.py:743} INFO - Processing file /home/kallox/airflow/dags/files/iedb/downloads/antigen.zip for tasks to queue
[2023-01-08T21:41:32.488-0300] {logging_mixin.py:137} INFO - [2023-01-08T21:41:32.488-0300] {dagbag.py:538} INFO - Filling up the DagBag from /home/kallox/airflow/dags/files/iedb/downloads/antigen.zip
[2023-01-08T21:41:32.489-0300] {processor.py:755} WARNING - No viable dags retrieved from /home/kallox/airflow/dags/files/iedb/downloads/antigen.zip
[2023-01-08T21:41:32.501-0300] {processor.py:175} INFO - Processing /home/kallox/airflow/dags/files/iedb/downloads/antigen.zip took 0.015 seconds
[2023-01-08T21:42:03.422-0300] {processor.py:153} INFO - Started process (PID=30449) to work on /home/kallox/airflow/dags/files/iedb/downloads/antigen.zip
[2023-01-08T21:42:03.423-0300] {processor.py:743} INFO - Processing file /home/kallox/airflow/dags/files/iedb/downloads/antigen.zip for tasks to queue
[2023-01-08T21:42:03.423-0300] {logging_mixin.py:137} INFO - [2023-01-08T21:42:03.423-0300] {dagbag.py:538} INFO - Filling up the DagBag from /home/kallox/airflow/dags/files/iedb/downloads/antigen.zip
[2023-01-08T21:42:03.424-0300] {processor.py:755} WARNING - No viable dags retrieved from /home/kallox/airflow/dags/files/iedb/downloads/antigen.zip
[2023-01-08T21:42:03.440-0300] {processor.py:175} INFO - Processing /home/kallox/airflow/dags/files/iedb/downloads/antigen.zip took 0.021 seconds
[2023-01-08T21:42:33.821-0300] {processor.py:153} INFO - Started process (PID=30528) to work on /home/kallox/airflow/dags/files/iedb/downloads/antigen.zip
[2023-01-08T21:42:33.822-0300] {processor.py:743} INFO - Processing file /home/kallox/airflow/dags/files/iedb/downloads/antigen.zip for tasks to queue
[2023-01-08T21:42:33.822-0300] {logging_mixin.py:137} INFO - [2023-01-08T21:42:33.822-0300] {dagbag.py:538} INFO - Filling up the DagBag from /home/kallox/airflow/dags/files/iedb/downloads/antigen.zip
[2023-01-08T21:42:33.822-0300] {processor.py:755} WARNING - No viable dags retrieved from /home/kallox/airflow/dags/files/iedb/downloads/antigen.zip
[2023-01-08T21:42:33.836-0300] {processor.py:175} INFO - Processing /home/kallox/airflow/dags/files/iedb/downloads/antigen.zip took 0.016 seconds
[2023-01-08T21:43:04.936-0300] {processor.py:153} INFO - Started process (PID=30629) to work on /home/kallox/airflow/dags/files/iedb/downloads/antigen.zip
[2023-01-08T21:43:04.937-0300] {processor.py:743} INFO - Processing file /home/kallox/airflow/dags/files/iedb/downloads/antigen.zip for tasks to queue
[2023-01-08T21:43:04.938-0300] {logging_mixin.py:137} INFO - [2023-01-08T21:43:04.938-0300] {dagbag.py:538} INFO - Filling up the DagBag from /home/kallox/airflow/dags/files/iedb/downloads/antigen.zip
[2023-01-08T21:43:04.938-0300] {processor.py:755} WARNING - No viable dags retrieved from /home/kallox/airflow/dags/files/iedb/downloads/antigen.zip
[2023-01-08T21:43:04.953-0300] {processor.py:175} INFO - Processing /home/kallox/airflow/dags/files/iedb/downloads/antigen.zip took 0.019 seconds
