[2023-01-08T21:00:16.609-0300] {processor.py:153} INFO - Started process (PID=23077) to work on /home/kallox/airflow/dags/files/iedb/downloads/epitope.zip
[2023-01-08T21:00:16.610-0300] {processor.py:743} INFO - Processing file /home/kallox/airflow/dags/files/iedb/downloads/epitope.zip for tasks to queue
[2023-01-08T21:00:16.610-0300] {logging_mixin.py:137} INFO - [2023-01-08T21:00:16.610-0300] {dagbag.py:538} INFO - Filling up the DagBag from /home/kallox/airflow/dags/files/iedb/downloads/epitope.zip
[2023-01-08T21:00:16.611-0300] {processor.py:755} WARNING - No viable dags retrieved from /home/kallox/airflow/dags/files/iedb/downloads/epitope.zip
[2023-01-08T21:00:16.626-0300] {processor.py:175} INFO - Processing /home/kallox/airflow/dags/files/iedb/downloads/epitope.zip took 0.019 seconds
[2023-01-08T21:00:47.183-0300] {processor.py:153} INFO - Started process (PID=23197) to work on /home/kallox/airflow/dags/files/iedb/downloads/epitope.zip
[2023-01-08T21:00:47.183-0300] {processor.py:743} INFO - Processing file /home/kallox/airflow/dags/files/iedb/downloads/epitope.zip for tasks to queue
[2023-01-08T21:00:47.184-0300] {logging_mixin.py:137} INFO - [2023-01-08T21:00:47.184-0300] {dagbag.py:538} INFO - Filling up the DagBag from /home/kallox/airflow/dags/files/iedb/downloads/epitope.zip
[2023-01-08T21:00:47.184-0300] {processor.py:755} WARNING - No viable dags retrieved from /home/kallox/airflow/dags/files/iedb/downloads/epitope.zip
[2023-01-08T21:00:47.199-0300] {processor.py:175} INFO - Processing /home/kallox/airflow/dags/files/iedb/downloads/epitope.zip took 0.018 seconds
[2023-01-08T21:01:17.798-0300] {processor.py:153} INFO - Started process (PID=23304) to work on /home/kallox/airflow/dags/files/iedb/downloads/epitope.zip
[2023-01-08T21:01:17.799-0300] {processor.py:743} INFO - Processing file /home/kallox/airflow/dags/files/iedb/downloads/epitope.zip for tasks to queue
[2023-01-08T21:01:17.800-0300] {logging_mixin.py:137} INFO - [2023-01-08T21:01:17.799-0300] {dagbag.py:538} INFO - Filling up the DagBag from /home/kallox/airflow/dags/files/iedb/downloads/epitope.zip
[2023-01-08T21:01:17.800-0300] {processor.py:755} WARNING - No viable dags retrieved from /home/kallox/airflow/dags/files/iedb/downloads/epitope.zip
[2023-01-08T21:01:17.816-0300] {processor.py:175} INFO - Processing /home/kallox/airflow/dags/files/iedb/downloads/epitope.zip took 0.021 seconds
[2023-01-08T21:01:48.365-0300] {processor.py:153} INFO - Started process (PID=23424) to work on /home/kallox/airflow/dags/files/iedb/downloads/epitope.zip
[2023-01-08T21:01:48.366-0300] {processor.py:743} INFO - Processing file /home/kallox/airflow/dags/files/iedb/downloads/epitope.zip for tasks to queue
[2023-01-08T21:01:48.367-0300] {logging_mixin.py:137} INFO - [2023-01-08T21:01:48.367-0300] {dagbag.py:538} INFO - Filling up the DagBag from /home/kallox/airflow/dags/files/iedb/downloads/epitope.zip
[2023-01-08T21:01:48.367-0300] {processor.py:755} WARNING - No viable dags retrieved from /home/kallox/airflow/dags/files/iedb/downloads/epitope.zip
[2023-01-08T21:01:48.382-0300] {processor.py:175} INFO - Processing /home/kallox/airflow/dags/files/iedb/downloads/epitope.zip took 0.019 seconds
[2023-01-08T21:02:18.970-0300] {processor.py:153} INFO - Started process (PID=23516) to work on /home/kallox/airflow/dags/files/iedb/downloads/epitope.zip
[2023-01-08T21:02:18.971-0300] {processor.py:743} INFO - Processing file /home/kallox/airflow/dags/files/iedb/downloads/epitope.zip for tasks to queue
[2023-01-08T21:02:18.971-0300] {logging_mixin.py:137} INFO - [2023-01-08T21:02:18.971-0300] {dagbag.py:538} INFO - Filling up the DagBag from /home/kallox/airflow/dags/files/iedb/downloads/epitope.zip
[2023-01-08T21:02:18.971-0300] {processor.py:755} WARNING - No viable dags retrieved from /home/kallox/airflow/dags/files/iedb/downloads/epitope.zip
[2023-01-08T21:02:18.984-0300] {processor.py:175} INFO - Processing /home/kallox/airflow/dags/files/iedb/downloads/epitope.zip took 0.017 seconds
[2023-01-08T21:02:49.580-0300] {processor.py:153} INFO - Started process (PID=23609) to work on /home/kallox/airflow/dags/files/iedb/downloads/epitope.zip
[2023-01-08T21:02:49.580-0300] {processor.py:743} INFO - Processing file /home/kallox/airflow/dags/files/iedb/downloads/epitope.zip for tasks to queue
[2023-01-08T21:02:49.581-0300] {logging_mixin.py:137} INFO - [2023-01-08T21:02:49.581-0300] {dagbag.py:538} INFO - Filling up the DagBag from /home/kallox/airflow/dags/files/iedb/downloads/epitope.zip
[2023-01-08T21:02:49.581-0300] {processor.py:755} WARNING - No viable dags retrieved from /home/kallox/airflow/dags/files/iedb/downloads/epitope.zip
[2023-01-08T21:02:49.595-0300] {processor.py:175} INFO - Processing /home/kallox/airflow/dags/files/iedb/downloads/epitope.zip took 0.017 seconds
[2023-01-08T21:03:20.182-0300] {processor.py:153} INFO - Started process (PID=23704) to work on /home/kallox/airflow/dags/files/iedb/downloads/epitope.zip
[2023-01-08T21:03:20.182-0300] {processor.py:743} INFO - Processing file /home/kallox/airflow/dags/files/iedb/downloads/epitope.zip for tasks to queue
[2023-01-08T21:03:20.183-0300] {logging_mixin.py:137} INFO - [2023-01-08T21:03:20.183-0300] {dagbag.py:538} INFO - Filling up the DagBag from /home/kallox/airflow/dags/files/iedb/downloads/epitope.zip
[2023-01-08T21:03:20.183-0300] {processor.py:755} WARNING - No viable dags retrieved from /home/kallox/airflow/dags/files/iedb/downloads/epitope.zip
[2023-01-08T21:03:20.196-0300] {processor.py:175} INFO - Processing /home/kallox/airflow/dags/files/iedb/downloads/epitope.zip took 0.017 seconds
[2023-01-08T21:03:50.756-0300] {processor.py:153} INFO - Started process (PID=23797) to work on /home/kallox/airflow/dags/files/iedb/downloads/epitope.zip
[2023-01-08T21:03:50.756-0300] {processor.py:743} INFO - Processing file /home/kallox/airflow/dags/files/iedb/downloads/epitope.zip for tasks to queue
[2023-01-08T21:03:50.757-0300] {logging_mixin.py:137} INFO - [2023-01-08T21:03:50.757-0300] {dagbag.py:538} INFO - Filling up the DagBag from /home/kallox/airflow/dags/files/iedb/downloads/epitope.zip
[2023-01-08T21:03:50.757-0300] {processor.py:755} WARNING - No viable dags retrieved from /home/kallox/airflow/dags/files/iedb/downloads/epitope.zip
[2023-01-08T21:03:50.773-0300] {processor.py:175} INFO - Processing /home/kallox/airflow/dags/files/iedb/downloads/epitope.zip took 0.019 seconds
[2023-01-08T21:04:21.293-0300] {processor.py:153} INFO - Started process (PID=23892) to work on /home/kallox/airflow/dags/files/iedb/downloads/epitope.zip
[2023-01-08T21:04:21.294-0300] {processor.py:743} INFO - Processing file /home/kallox/airflow/dags/files/iedb/downloads/epitope.zip for tasks to queue
[2023-01-08T21:04:21.294-0300] {logging_mixin.py:137} INFO - [2023-01-08T21:04:21.294-0300] {dagbag.py:538} INFO - Filling up the DagBag from /home/kallox/airflow/dags/files/iedb/downloads/epitope.zip
[2023-01-08T21:04:21.295-0300] {processor.py:755} WARNING - No viable dags retrieved from /home/kallox/airflow/dags/files/iedb/downloads/epitope.zip
[2023-01-08T21:04:21.312-0300] {processor.py:175} INFO - Processing /home/kallox/airflow/dags/files/iedb/downloads/epitope.zip took 0.021 seconds
[2023-01-08T21:04:52.582-0300] {processor.py:153} INFO - Started process (PID=23992) to work on /home/kallox/airflow/dags/files/iedb/downloads/epitope.zip
[2023-01-08T21:04:52.583-0300] {processor.py:743} INFO - Processing file /home/kallox/airflow/dags/files/iedb/downloads/epitope.zip for tasks to queue
[2023-01-08T21:04:52.583-0300] {logging_mixin.py:137} INFO - [2023-01-08T21:04:52.583-0300] {dagbag.py:538} INFO - Filling up the DagBag from /home/kallox/airflow/dags/files/iedb/downloads/epitope.zip
[2023-01-08T21:04:52.584-0300] {processor.py:755} WARNING - No viable dags retrieved from /home/kallox/airflow/dags/files/iedb/downloads/epitope.zip
[2023-01-08T21:04:52.599-0300] {processor.py:175} INFO - Processing /home/kallox/airflow/dags/files/iedb/downloads/epitope.zip took 0.019 seconds
[2023-01-08T21:05:23.147-0300] {processor.py:153} INFO - Started process (PID=24087) to work on /home/kallox/airflow/dags/files/iedb/downloads/epitope.zip
[2023-01-08T21:05:23.148-0300] {processor.py:743} INFO - Processing file /home/kallox/airflow/dags/files/iedb/downloads/epitope.zip for tasks to queue
[2023-01-08T21:05:23.149-0300] {logging_mixin.py:137} INFO - [2023-01-08T21:05:23.148-0300] {dagbag.py:538} INFO - Filling up the DagBag from /home/kallox/airflow/dags/files/iedb/downloads/epitope.zip
[2023-01-08T21:05:23.149-0300] {processor.py:755} WARNING - No viable dags retrieved from /home/kallox/airflow/dags/files/iedb/downloads/epitope.zip
[2023-01-08T21:05:23.163-0300] {processor.py:175} INFO - Processing /home/kallox/airflow/dags/files/iedb/downloads/epitope.zip took 0.018 seconds
[2023-01-08T21:05:53.763-0300] {processor.py:153} INFO - Started process (PID=24181) to work on /home/kallox/airflow/dags/files/iedb/downloads/epitope.zip
[2023-01-08T21:05:53.763-0300] {processor.py:743} INFO - Processing file /home/kallox/airflow/dags/files/iedb/downloads/epitope.zip for tasks to queue
[2023-01-08T21:05:53.764-0300] {logging_mixin.py:137} INFO - [2023-01-08T21:05:53.764-0300] {dagbag.py:538} INFO - Filling up the DagBag from /home/kallox/airflow/dags/files/iedb/downloads/epitope.zip
[2023-01-08T21:05:53.764-0300] {processor.py:755} WARNING - No viable dags retrieved from /home/kallox/airflow/dags/files/iedb/downloads/epitope.zip
[2023-01-08T21:05:53.778-0300] {processor.py:175} INFO - Processing /home/kallox/airflow/dags/files/iedb/downloads/epitope.zip took 0.018 seconds
[2023-01-08T21:06:24.378-0300] {processor.py:153} INFO - Started process (PID=24272) to work on /home/kallox/airflow/dags/files/iedb/downloads/epitope.zip
[2023-01-08T21:06:24.379-0300] {processor.py:743} INFO - Processing file /home/kallox/airflow/dags/files/iedb/downloads/epitope.zip for tasks to queue
[2023-01-08T21:06:24.379-0300] {logging_mixin.py:137} INFO - [2023-01-08T21:06:24.379-0300] {dagbag.py:538} INFO - Filling up the DagBag from /home/kallox/airflow/dags/files/iedb/downloads/epitope.zip
[2023-01-08T21:06:24.380-0300] {processor.py:755} WARNING - No viable dags retrieved from /home/kallox/airflow/dags/files/iedb/downloads/epitope.zip
[2023-01-08T21:06:24.393-0300] {processor.py:175} INFO - Processing /home/kallox/airflow/dags/files/iedb/downloads/epitope.zip took 0.016 seconds
[2023-01-08T21:06:54.973-0300] {processor.py:153} INFO - Started process (PID=24365) to work on /home/kallox/airflow/dags/files/iedb/downloads/epitope.zip
[2023-01-08T21:06:54.973-0300] {processor.py:743} INFO - Processing file /home/kallox/airflow/dags/files/iedb/downloads/epitope.zip for tasks to queue
[2023-01-08T21:06:54.974-0300] {logging_mixin.py:137} INFO - [2023-01-08T21:06:54.974-0300] {dagbag.py:538} INFO - Filling up the DagBag from /home/kallox/airflow/dags/files/iedb/downloads/epitope.zip
[2023-01-08T21:06:54.975-0300] {processor.py:755} WARNING - No viable dags retrieved from /home/kallox/airflow/dags/files/iedb/downloads/epitope.zip
[2023-01-08T21:06:54.989-0300] {processor.py:175} INFO - Processing /home/kallox/airflow/dags/files/iedb/downloads/epitope.zip took 0.020 seconds
[2023-01-08T21:07:25.573-0300] {processor.py:153} INFO - Started process (PID=24457) to work on /home/kallox/airflow/dags/files/iedb/downloads/epitope.zip
[2023-01-08T21:07:25.574-0300] {processor.py:743} INFO - Processing file /home/kallox/airflow/dags/files/iedb/downloads/epitope.zip for tasks to queue
[2023-01-08T21:07:25.574-0300] {logging_mixin.py:137} INFO - [2023-01-08T21:07:25.574-0300] {dagbag.py:538} INFO - Filling up the DagBag from /home/kallox/airflow/dags/files/iedb/downloads/epitope.zip
[2023-01-08T21:07:25.575-0300] {processor.py:755} WARNING - No viable dags retrieved from /home/kallox/airflow/dags/files/iedb/downloads/epitope.zip
[2023-01-08T21:07:25.590-0300] {processor.py:175} INFO - Processing /home/kallox/airflow/dags/files/iedb/downloads/epitope.zip took 0.019 seconds
[2023-01-08T21:07:56.131-0300] {processor.py:153} INFO - Started process (PID=24547) to work on /home/kallox/airflow/dags/files/iedb/downloads/epitope.zip
[2023-01-08T21:07:56.131-0300] {processor.py:743} INFO - Processing file /home/kallox/airflow/dags/files/iedb/downloads/epitope.zip for tasks to queue
[2023-01-08T21:07:56.132-0300] {logging_mixin.py:137} INFO - [2023-01-08T21:07:56.132-0300] {dagbag.py:538} INFO - Filling up the DagBag from /home/kallox/airflow/dags/files/iedb/downloads/epitope.zip
[2023-01-08T21:07:56.132-0300] {processor.py:755} WARNING - No viable dags retrieved from /home/kallox/airflow/dags/files/iedb/downloads/epitope.zip
[2023-01-08T21:07:56.148-0300] {processor.py:175} INFO - Processing /home/kallox/airflow/dags/files/iedb/downloads/epitope.zip took 0.020 seconds
[2023-01-08T21:08:26.733-0300] {processor.py:153} INFO - Started process (PID=24641) to work on /home/kallox/airflow/dags/files/iedb/downloads/epitope.zip
[2023-01-08T21:08:26.733-0300] {processor.py:743} INFO - Processing file /home/kallox/airflow/dags/files/iedb/downloads/epitope.zip for tasks to queue
[2023-01-08T21:08:26.734-0300] {logging_mixin.py:137} INFO - [2023-01-08T21:08:26.734-0300] {dagbag.py:538} INFO - Filling up the DagBag from /home/kallox/airflow/dags/files/iedb/downloads/epitope.zip
[2023-01-08T21:08:26.734-0300] {processor.py:755} WARNING - No viable dags retrieved from /home/kallox/airflow/dags/files/iedb/downloads/epitope.zip
[2023-01-08T21:08:26.748-0300] {processor.py:175} INFO - Processing /home/kallox/airflow/dags/files/iedb/downloads/epitope.zip took 0.018 seconds
[2023-01-08T21:08:57.299-0300] {processor.py:153} INFO - Started process (PID=24732) to work on /home/kallox/airflow/dags/files/iedb/downloads/epitope.zip
[2023-01-08T21:08:57.300-0300] {processor.py:743} INFO - Processing file /home/kallox/airflow/dags/files/iedb/downloads/epitope.zip for tasks to queue
[2023-01-08T21:08:57.300-0300] {logging_mixin.py:137} INFO - [2023-01-08T21:08:57.300-0300] {dagbag.py:538} INFO - Filling up the DagBag from /home/kallox/airflow/dags/files/iedb/downloads/epitope.zip
[2023-01-08T21:08:57.301-0300] {processor.py:755} WARNING - No viable dags retrieved from /home/kallox/airflow/dags/files/iedb/downloads/epitope.zip
[2023-01-08T21:08:57.314-0300] {processor.py:175} INFO - Processing /home/kallox/airflow/dags/files/iedb/downloads/epitope.zip took 0.018 seconds
[2023-01-08T21:09:28.526-0300] {processor.py:153} INFO - Started process (PID=24825) to work on /home/kallox/airflow/dags/files/iedb/downloads/epitope.zip
[2023-01-08T21:09:28.527-0300] {processor.py:743} INFO - Processing file /home/kallox/airflow/dags/files/iedb/downloads/epitope.zip for tasks to queue
[2023-01-08T21:09:28.527-0300] {logging_mixin.py:137} INFO - [2023-01-08T21:09:28.527-0300] {dagbag.py:538} INFO - Filling up the DagBag from /home/kallox/airflow/dags/files/iedb/downloads/epitope.zip
[2023-01-08T21:09:28.528-0300] {processor.py:755} WARNING - No viable dags retrieved from /home/kallox/airflow/dags/files/iedb/downloads/epitope.zip
[2023-01-08T21:09:28.541-0300] {processor.py:175} INFO - Processing /home/kallox/airflow/dags/files/iedb/downloads/epitope.zip took 0.017 seconds
[2023-01-08T21:09:59.181-0300] {processor.py:153} INFO - Started process (PID=24920) to work on /home/kallox/airflow/dags/files/iedb/downloads/epitope.zip
[2023-01-08T21:09:59.182-0300] {processor.py:743} INFO - Processing file /home/kallox/airflow/dags/files/iedb/downloads/epitope.zip for tasks to queue
[2023-01-08T21:09:59.182-0300] {logging_mixin.py:137} INFO - [2023-01-08T21:09:59.182-0300] {dagbag.py:538} INFO - Filling up the DagBag from /home/kallox/airflow/dags/files/iedb/downloads/epitope.zip
[2023-01-08T21:09:59.183-0300] {processor.py:755} WARNING - No viable dags retrieved from /home/kallox/airflow/dags/files/iedb/downloads/epitope.zip
[2023-01-08T21:09:59.200-0300] {processor.py:175} INFO - Processing /home/kallox/airflow/dags/files/iedb/downloads/epitope.zip took 0.021 seconds
[2023-01-08T21:10:29.815-0300] {processor.py:153} INFO - Started process (PID=25012) to work on /home/kallox/airflow/dags/files/iedb/downloads/epitope.zip
[2023-01-08T21:10:29.815-0300] {processor.py:743} INFO - Processing file /home/kallox/airflow/dags/files/iedb/downloads/epitope.zip for tasks to queue
[2023-01-08T21:10:29.816-0300] {logging_mixin.py:137} INFO - [2023-01-08T21:10:29.816-0300] {dagbag.py:538} INFO - Filling up the DagBag from /home/kallox/airflow/dags/files/iedb/downloads/epitope.zip
[2023-01-08T21:10:29.816-0300] {processor.py:755} WARNING - No viable dags retrieved from /home/kallox/airflow/dags/files/iedb/downloads/epitope.zip
[2023-01-08T21:10:29.832-0300] {processor.py:175} INFO - Processing /home/kallox/airflow/dags/files/iedb/downloads/epitope.zip took 0.021 seconds
[2023-01-08T21:11:00.395-0300] {processor.py:153} INFO - Started process (PID=25108) to work on /home/kallox/airflow/dags/files/iedb/downloads/epitope.zip
[2023-01-08T21:11:00.395-0300] {processor.py:743} INFO - Processing file /home/kallox/airflow/dags/files/iedb/downloads/epitope.zip for tasks to queue
[2023-01-08T21:11:00.396-0300] {logging_mixin.py:137} INFO - [2023-01-08T21:11:00.396-0300] {dagbag.py:538} INFO - Filling up the DagBag from /home/kallox/airflow/dags/files/iedb/downloads/epitope.zip
[2023-01-08T21:11:00.396-0300] {processor.py:755} WARNING - No viable dags retrieved from /home/kallox/airflow/dags/files/iedb/downloads/epitope.zip
[2023-01-08T21:11:00.411-0300] {processor.py:175} INFO - Processing /home/kallox/airflow/dags/files/iedb/downloads/epitope.zip took 0.018 seconds
[2023-01-08T21:11:30.897-0300] {processor.py:153} INFO - Started process (PID=25201) to work on /home/kallox/airflow/dags/files/iedb/downloads/epitope.zip
[2023-01-08T21:11:30.897-0300] {processor.py:743} INFO - Processing file /home/kallox/airflow/dags/files/iedb/downloads/epitope.zip for tasks to queue
[2023-01-08T21:11:30.898-0300] {logging_mixin.py:137} INFO - [2023-01-08T21:11:30.898-0300] {dagbag.py:538} INFO - Filling up the DagBag from /home/kallox/airflow/dags/files/iedb/downloads/epitope.zip
[2023-01-08T21:11:30.898-0300] {processor.py:755} WARNING - No viable dags retrieved from /home/kallox/airflow/dags/files/iedb/downloads/epitope.zip
[2023-01-08T21:11:30.911-0300] {processor.py:175} INFO - Processing /home/kallox/airflow/dags/files/iedb/downloads/epitope.zip took 0.016 seconds
[2023-01-08T21:12:03.257-0300] {processor.py:153} INFO - Started process (PID=25301) to work on /home/kallox/airflow/dags/files/iedb/downloads/epitope.zip
[2023-01-08T21:12:03.258-0300] {processor.py:743} INFO - Processing file /home/kallox/airflow/dags/files/iedb/downloads/epitope.zip for tasks to queue
[2023-01-08T21:12:03.258-0300] {logging_mixin.py:137} INFO - [2023-01-08T21:12:03.258-0300] {dagbag.py:538} INFO - Filling up the DagBag from /home/kallox/airflow/dags/files/iedb/downloads/epitope.zip
[2023-01-08T21:12:03.260-0300] {processor.py:755} WARNING - No viable dags retrieved from /home/kallox/airflow/dags/files/iedb/downloads/epitope.zip
[2023-01-08T21:12:03.275-0300] {processor.py:175} INFO - Processing /home/kallox/airflow/dags/files/iedb/downloads/epitope.zip took 0.020 seconds
[2023-01-08T21:12:34.803-0300] {processor.py:153} INFO - Started process (PID=25393) to work on /home/kallox/airflow/dags/files/iedb/downloads/epitope.zip
[2023-01-08T21:12:34.804-0300] {processor.py:743} INFO - Processing file /home/kallox/airflow/dags/files/iedb/downloads/epitope.zip for tasks to queue
[2023-01-08T21:12:34.804-0300] {logging_mixin.py:137} INFO - [2023-01-08T21:12:34.804-0300] {dagbag.py:538} INFO - Filling up the DagBag from /home/kallox/airflow/dags/files/iedb/downloads/epitope.zip
[2023-01-08T21:12:34.805-0300] {processor.py:755} WARNING - No viable dags retrieved from /home/kallox/airflow/dags/files/iedb/downloads/epitope.zip
[2023-01-08T21:12:34.818-0300] {processor.py:175} INFO - Processing /home/kallox/airflow/dags/files/iedb/downloads/epitope.zip took 0.017 seconds
[2023-01-08T21:13:06.341-0300] {processor.py:153} INFO - Started process (PID=25486) to work on /home/kallox/airflow/dags/files/iedb/downloads/epitope.zip
[2023-01-08T21:13:06.341-0300] {processor.py:743} INFO - Processing file /home/kallox/airflow/dags/files/iedb/downloads/epitope.zip for tasks to queue
[2023-01-08T21:13:06.342-0300] {logging_mixin.py:137} INFO - [2023-01-08T21:13:06.342-0300] {dagbag.py:538} INFO - Filling up the DagBag from /home/kallox/airflow/dags/files/iedb/downloads/epitope.zip
[2023-01-08T21:13:06.343-0300] {processor.py:755} WARNING - No viable dags retrieved from /home/kallox/airflow/dags/files/iedb/downloads/epitope.zip
[2023-01-08T21:13:06.356-0300] {processor.py:175} INFO - Processing /home/kallox/airflow/dags/files/iedb/downloads/epitope.zip took 0.017 seconds
[2023-01-08T21:13:37.116-0300] {processor.py:153} INFO - Started process (PID=25593) to work on /home/kallox/airflow/dags/files/iedb/downloads/epitope.zip
[2023-01-08T21:13:37.117-0300] {processor.py:743} INFO - Processing file /home/kallox/airflow/dags/files/iedb/downloads/epitope.zip for tasks to queue
[2023-01-08T21:13:37.117-0300] {logging_mixin.py:137} INFO - [2023-01-08T21:13:37.117-0300] {dagbag.py:538} INFO - Filling up the DagBag from /home/kallox/airflow/dags/files/iedb/downloads/epitope.zip
[2023-01-08T21:13:37.118-0300] {processor.py:755} WARNING - No viable dags retrieved from /home/kallox/airflow/dags/files/iedb/downloads/epitope.zip
[2023-01-08T21:13:37.132-0300] {processor.py:175} INFO - Processing /home/kallox/airflow/dags/files/iedb/downloads/epitope.zip took 0.018 seconds
[2023-01-08T21:14:09.252-0300] {processor.py:153} INFO - Started process (PID=25695) to work on /home/kallox/airflow/dags/files/iedb/downloads/epitope.zip
[2023-01-08T21:14:09.253-0300] {processor.py:743} INFO - Processing file /home/kallox/airflow/dags/files/iedb/downloads/epitope.zip for tasks to queue
[2023-01-08T21:14:09.254-0300] {logging_mixin.py:137} INFO - [2023-01-08T21:14:09.254-0300] {dagbag.py:538} INFO - Filling up the DagBag from /home/kallox/airflow/dags/files/iedb/downloads/epitope.zip
[2023-01-08T21:14:09.255-0300] {processor.py:755} WARNING - No viable dags retrieved from /home/kallox/airflow/dags/files/iedb/downloads/epitope.zip
[2023-01-08T21:14:09.270-0300] {processor.py:175} INFO - Processing /home/kallox/airflow/dags/files/iedb/downloads/epitope.zip took 0.021 seconds
[2023-01-08T21:14:40.885-0300] {processor.py:153} INFO - Started process (PID=25791) to work on /home/kallox/airflow/dags/files/iedb/downloads/epitope.zip
[2023-01-08T21:14:40.886-0300] {processor.py:743} INFO - Processing file /home/kallox/airflow/dags/files/iedb/downloads/epitope.zip for tasks to queue
[2023-01-08T21:14:40.886-0300] {logging_mixin.py:137} INFO - [2023-01-08T21:14:40.886-0300] {dagbag.py:538} INFO - Filling up the DagBag from /home/kallox/airflow/dags/files/iedb/downloads/epitope.zip
[2023-01-08T21:14:40.887-0300] {processor.py:755} WARNING - No viable dags retrieved from /home/kallox/airflow/dags/files/iedb/downloads/epitope.zip
[2023-01-08T21:14:40.900-0300] {processor.py:175} INFO - Processing /home/kallox/airflow/dags/files/iedb/downloads/epitope.zip took 0.017 seconds
[2023-01-08T21:15:12.653-0300] {processor.py:153} INFO - Started process (PID=25884) to work on /home/kallox/airflow/dags/files/iedb/downloads/epitope.zip
[2023-01-08T21:15:12.653-0300] {processor.py:743} INFO - Processing file /home/kallox/airflow/dags/files/iedb/downloads/epitope.zip for tasks to queue
[2023-01-08T21:15:12.654-0300] {logging_mixin.py:137} INFO - [2023-01-08T21:15:12.654-0300] {dagbag.py:538} INFO - Filling up the DagBag from /home/kallox/airflow/dags/files/iedb/downloads/epitope.zip
[2023-01-08T21:15:12.655-0300] {processor.py:755} WARNING - No viable dags retrieved from /home/kallox/airflow/dags/files/iedb/downloads/epitope.zip
[2023-01-08T21:15:12.671-0300] {processor.py:175} INFO - Processing /home/kallox/airflow/dags/files/iedb/downloads/epitope.zip took 0.020 seconds
[2023-01-08T21:15:47.829-0300] {processor.py:153} INFO - Started process (PID=25981) to work on /home/kallox/airflow/dags/files/iedb/downloads/epitope.zip
[2023-01-08T21:15:47.830-0300] {processor.py:743} INFO - Processing file /home/kallox/airflow/dags/files/iedb/downloads/epitope.zip for tasks to queue
[2023-01-08T21:15:47.830-0300] {logging_mixin.py:137} INFO - [2023-01-08T21:15:47.830-0300] {dagbag.py:538} INFO - Filling up the DagBag from /home/kallox/airflow/dags/files/iedb/downloads/epitope.zip
[2023-01-08T21:15:47.832-0300] {processor.py:755} WARNING - No viable dags retrieved from /home/kallox/airflow/dags/files/iedb/downloads/epitope.zip
[2023-01-08T21:15:47.849-0300] {processor.py:175} INFO - Processing /home/kallox/airflow/dags/files/iedb/downloads/epitope.zip took 0.022 seconds
[2023-01-08T21:16:22.205-0300] {processor.py:153} INFO - Started process (PID=26082) to work on /home/kallox/airflow/dags/files/iedb/downloads/epitope.zip
[2023-01-08T21:16:22.205-0300] {processor.py:743} INFO - Processing file /home/kallox/airflow/dags/files/iedb/downloads/epitope.zip for tasks to queue
[2023-01-08T21:16:22.206-0300] {logging_mixin.py:137} INFO - [2023-01-08T21:16:22.206-0300] {dagbag.py:538} INFO - Filling up the DagBag from /home/kallox/airflow/dags/files/iedb/downloads/epitope.zip
[2023-01-08T21:16:22.208-0300] {processor.py:755} WARNING - No viable dags retrieved from /home/kallox/airflow/dags/files/iedb/downloads/epitope.zip
[2023-01-08T21:16:22.224-0300] {processor.py:175} INFO - Processing /home/kallox/airflow/dags/files/iedb/downloads/epitope.zip took 0.024 seconds
[2023-01-08T21:16:54.581-0300] {processor.py:153} INFO - Started process (PID=26177) to work on /home/kallox/airflow/dags/files/iedb/downloads/epitope.zip
[2023-01-08T21:16:54.634-0300] {processor.py:743} INFO - Processing file /home/kallox/airflow/dags/files/iedb/downloads/epitope.zip for tasks to queue
[2023-01-08T21:16:54.635-0300] {logging_mixin.py:137} INFO - [2023-01-08T21:16:54.635-0300] {dagbag.py:538} INFO - Filling up the DagBag from /home/kallox/airflow/dags/files/iedb/downloads/epitope.zip
[2023-01-08T21:16:54.636-0300] {processor.py:755} WARNING - No viable dags retrieved from /home/kallox/airflow/dags/files/iedb/downloads/epitope.zip
[2023-01-08T21:16:54.651-0300] {processor.py:175} INFO - Processing /home/kallox/airflow/dags/files/iedb/downloads/epitope.zip took 0.072 seconds
[2023-01-08T21:17:28.985-0300] {processor.py:153} INFO - Started process (PID=26278) to work on /home/kallox/airflow/dags/files/iedb/downloads/epitope.zip
[2023-01-08T21:17:28.987-0300] {processor.py:743} INFO - Processing file /home/kallox/airflow/dags/files/iedb/downloads/epitope.zip for tasks to queue
[2023-01-08T21:17:28.988-0300] {logging_mixin.py:137} INFO - [2023-01-08T21:17:28.988-0300] {dagbag.py:538} INFO - Filling up the DagBag from /home/kallox/airflow/dags/files/iedb/downloads/epitope.zip
[2023-01-08T21:17:28.988-0300] {processor.py:755} WARNING - No viable dags retrieved from /home/kallox/airflow/dags/files/iedb/downloads/epitope.zip
[2023-01-08T21:17:29.004-0300] {processor.py:175} INFO - Processing /home/kallox/airflow/dags/files/iedb/downloads/epitope.zip took 0.021 seconds
[2023-01-08T21:18:03.833-0300] {processor.py:153} INFO - Started process (PID=26373) to work on /home/kallox/airflow/dags/files/iedb/downloads/epitope.zip
[2023-01-08T21:18:03.845-0300] {processor.py:743} INFO - Processing file /home/kallox/airflow/dags/files/iedb/downloads/epitope.zip for tasks to queue
[2023-01-08T21:18:03.846-0300] {logging_mixin.py:137} INFO - [2023-01-08T21:18:03.846-0300] {dagbag.py:538} INFO - Filling up the DagBag from /home/kallox/airflow/dags/files/iedb/downloads/epitope.zip
[2023-01-08T21:18:03.848-0300] {processor.py:755} WARNING - No viable dags retrieved from /home/kallox/airflow/dags/files/iedb/downloads/epitope.zip
[2023-01-08T21:18:03.868-0300] {processor.py:175} INFO - Processing /home/kallox/airflow/dags/files/iedb/downloads/epitope.zip took 0.039 seconds
[2023-01-08T21:18:36.652-0300] {processor.py:153} INFO - Started process (PID=26475) to work on /home/kallox/airflow/dags/files/iedb/downloads/epitope.zip
[2023-01-08T21:18:36.653-0300] {processor.py:743} INFO - Processing file /home/kallox/airflow/dags/files/iedb/downloads/epitope.zip for tasks to queue
[2023-01-08T21:18:36.654-0300] {logging_mixin.py:137} INFO - [2023-01-08T21:18:36.654-0300] {dagbag.py:538} INFO - Filling up the DagBag from /home/kallox/airflow/dags/files/iedb/downloads/epitope.zip
[2023-01-08T21:18:36.657-0300] {processor.py:755} WARNING - No viable dags retrieved from /home/kallox/airflow/dags/files/iedb/downloads/epitope.zip
[2023-01-08T21:18:36.684-0300] {processor.py:175} INFO - Processing /home/kallox/airflow/dags/files/iedb/downloads/epitope.zip took 0.036 seconds
[2023-01-08T21:19:09.896-0300] {processor.py:153} INFO - Started process (PID=26571) to work on /home/kallox/airflow/dags/files/iedb/downloads/epitope.zip
[2023-01-08T21:19:09.911-0300] {processor.py:743} INFO - Processing file /home/kallox/airflow/dags/files/iedb/downloads/epitope.zip for tasks to queue
[2023-01-08T21:19:09.912-0300] {logging_mixin.py:137} INFO - [2023-01-08T21:19:09.912-0300] {dagbag.py:538} INFO - Filling up the DagBag from /home/kallox/airflow/dags/files/iedb/downloads/epitope.zip
[2023-01-08T21:19:09.940-0300] {processor.py:755} WARNING - No viable dags retrieved from /home/kallox/airflow/dags/files/iedb/downloads/epitope.zip
[2023-01-08T21:19:09.983-0300] {processor.py:175} INFO - Processing /home/kallox/airflow/dags/files/iedb/downloads/epitope.zip took 0.089 seconds
[2023-01-08T21:19:59.869-0300] {processor.py:153} INFO - Started process (PID=26682) to work on /home/kallox/airflow/dags/files/iedb/downloads/epitope.zip
[2023-01-08T21:19:59.870-0300] {processor.py:743} INFO - Processing file /home/kallox/airflow/dags/files/iedb/downloads/epitope.zip for tasks to queue
[2023-01-08T21:19:59.871-0300] {logging_mixin.py:137} INFO - [2023-01-08T21:19:59.871-0300] {dagbag.py:538} INFO - Filling up the DagBag from /home/kallox/airflow/dags/files/iedb/downloads/epitope.zip
[2023-01-08T21:19:59.872-0300] {processor.py:755} WARNING - No viable dags retrieved from /home/kallox/airflow/dags/files/iedb/downloads/epitope.zip
[2023-01-08T21:19:59.885-0300] {processor.py:175} INFO - Processing /home/kallox/airflow/dags/files/iedb/downloads/epitope.zip took 0.019 seconds
[2023-01-08T21:20:32.337-0300] {processor.py:153} INFO - Started process (PID=26778) to work on /home/kallox/airflow/dags/files/iedb/downloads/epitope.zip
[2023-01-08T21:20:32.338-0300] {processor.py:743} INFO - Processing file /home/kallox/airflow/dags/files/iedb/downloads/epitope.zip for tasks to queue
[2023-01-08T21:20:32.338-0300] {logging_mixin.py:137} INFO - [2023-01-08T21:20:32.338-0300] {dagbag.py:538} INFO - Filling up the DagBag from /home/kallox/airflow/dags/files/iedb/downloads/epitope.zip
[2023-01-08T21:20:32.339-0300] {processor.py:755} WARNING - No viable dags retrieved from /home/kallox/airflow/dags/files/iedb/downloads/epitope.zip
[2023-01-08T21:20:32.352-0300] {processor.py:175} INFO - Processing /home/kallox/airflow/dags/files/iedb/downloads/epitope.zip took 0.017 seconds
[2023-01-08T21:21:04.384-0300] {processor.py:153} INFO - Started process (PID=26873) to work on /home/kallox/airflow/dags/files/iedb/downloads/epitope.zip
[2023-01-08T21:21:04.384-0300] {processor.py:743} INFO - Processing file /home/kallox/airflow/dags/files/iedb/downloads/epitope.zip for tasks to queue
[2023-01-08T21:21:04.385-0300] {logging_mixin.py:137} INFO - [2023-01-08T21:21:04.385-0300] {dagbag.py:538} INFO - Filling up the DagBag from /home/kallox/airflow/dags/files/iedb/downloads/epitope.zip
[2023-01-08T21:21:04.385-0300] {processor.py:755} WARNING - No viable dags retrieved from /home/kallox/airflow/dags/files/iedb/downloads/epitope.zip
[2023-01-08T21:21:04.399-0300] {processor.py:175} INFO - Processing /home/kallox/airflow/dags/files/iedb/downloads/epitope.zip took 0.017 seconds
[2023-01-08T21:21:38.406-0300] {processor.py:153} INFO - Started process (PID=26965) to work on /home/kallox/airflow/dags/files/iedb/downloads/epitope.zip
[2023-01-08T21:21:38.407-0300] {processor.py:743} INFO - Processing file /home/kallox/airflow/dags/files/iedb/downloads/epitope.zip for tasks to queue
[2023-01-08T21:21:38.408-0300] {logging_mixin.py:137} INFO - [2023-01-08T21:21:38.408-0300] {dagbag.py:538} INFO - Filling up the DagBag from /home/kallox/airflow/dags/files/iedb/downloads/epitope.zip
[2023-01-08T21:21:38.412-0300] {processor.py:755} WARNING - No viable dags retrieved from /home/kallox/airflow/dags/files/iedb/downloads/epitope.zip
[2023-01-08T21:21:38.441-0300] {processor.py:175} INFO - Processing /home/kallox/airflow/dags/files/iedb/downloads/epitope.zip took 0.043 seconds
[2023-01-08T21:22:09.858-0300] {processor.py:153} INFO - Started process (PID=27060) to work on /home/kallox/airflow/dags/files/iedb/downloads/epitope.zip
[2023-01-08T21:22:09.860-0300] {processor.py:743} INFO - Processing file /home/kallox/airflow/dags/files/iedb/downloads/epitope.zip for tasks to queue
[2023-01-08T21:22:09.860-0300] {logging_mixin.py:137} INFO - [2023-01-08T21:22:09.860-0300] {dagbag.py:538} INFO - Filling up the DagBag from /home/kallox/airflow/dags/files/iedb/downloads/epitope.zip
[2023-01-08T21:22:09.861-0300] {processor.py:755} WARNING - No viable dags retrieved from /home/kallox/airflow/dags/files/iedb/downloads/epitope.zip
[2023-01-08T21:22:09.873-0300] {processor.py:175} INFO - Processing /home/kallox/airflow/dags/files/iedb/downloads/epitope.zip took 0.017 seconds
[2023-01-08T21:22:41.109-0300] {processor.py:153} INFO - Started process (PID=27158) to work on /home/kallox/airflow/dags/files/iedb/downloads/epitope.zip
[2023-01-08T21:22:41.110-0300] {processor.py:743} INFO - Processing file /home/kallox/airflow/dags/files/iedb/downloads/epitope.zip for tasks to queue
[2023-01-08T21:22:41.110-0300] {logging_mixin.py:137} INFO - [2023-01-08T21:22:41.110-0300] {dagbag.py:538} INFO - Filling up the DagBag from /home/kallox/airflow/dags/files/iedb/downloads/epitope.zip
[2023-01-08T21:22:41.111-0300] {processor.py:755} WARNING - No viable dags retrieved from /home/kallox/airflow/dags/files/iedb/downloads/epitope.zip
[2023-01-08T21:22:41.125-0300] {processor.py:175} INFO - Processing /home/kallox/airflow/dags/files/iedb/downloads/epitope.zip took 0.017 seconds
[2023-01-08T21:23:15.484-0300] {processor.py:153} INFO - Started process (PID=27258) to work on /home/kallox/airflow/dags/files/iedb/downloads/epitope.zip
[2023-01-08T21:23:15.485-0300] {processor.py:743} INFO - Processing file /home/kallox/airflow/dags/files/iedb/downloads/epitope.zip for tasks to queue
[2023-01-08T21:23:15.486-0300] {logging_mixin.py:137} INFO - [2023-01-08T21:23:15.485-0300] {dagbag.py:538} INFO - Filling up the DagBag from /home/kallox/airflow/dags/files/iedb/downloads/epitope.zip
[2023-01-08T21:23:15.486-0300] {processor.py:755} WARNING - No viable dags retrieved from /home/kallox/airflow/dags/files/iedb/downloads/epitope.zip
[2023-01-08T21:23:15.501-0300] {processor.py:175} INFO - Processing /home/kallox/airflow/dags/files/iedb/downloads/epitope.zip took 0.020 seconds
[2023-01-08T21:23:47.698-0300] {processor.py:153} INFO - Started process (PID=27356) to work on /home/kallox/airflow/dags/files/iedb/downloads/epitope.zip
[2023-01-08T21:23:47.701-0300] {processor.py:743} INFO - Processing file /home/kallox/airflow/dags/files/iedb/downloads/epitope.zip for tasks to queue
[2023-01-08T21:23:47.702-0300] {logging_mixin.py:137} INFO - [2023-01-08T21:23:47.701-0300] {dagbag.py:538} INFO - Filling up the DagBag from /home/kallox/airflow/dags/files/iedb/downloads/epitope.zip
[2023-01-08T21:23:47.724-0300] {processor.py:755} WARNING - No viable dags retrieved from /home/kallox/airflow/dags/files/iedb/downloads/epitope.zip
[2023-01-08T21:23:47.740-0300] {processor.py:175} INFO - Processing /home/kallox/airflow/dags/files/iedb/downloads/epitope.zip took 0.052 seconds
[2023-01-08T21:24:19.135-0300] {processor.py:153} INFO - Started process (PID=27453) to work on /home/kallox/airflow/dags/files/iedb/downloads/epitope.zip
[2023-01-08T21:24:19.136-0300] {processor.py:743} INFO - Processing file /home/kallox/airflow/dags/files/iedb/downloads/epitope.zip for tasks to queue
[2023-01-08T21:24:19.136-0300] {logging_mixin.py:137} INFO - [2023-01-08T21:24:19.136-0300] {dagbag.py:538} INFO - Filling up the DagBag from /home/kallox/airflow/dags/files/iedb/downloads/epitope.zip
[2023-01-08T21:24:19.137-0300] {processor.py:755} WARNING - No viable dags retrieved from /home/kallox/airflow/dags/files/iedb/downloads/epitope.zip
[2023-01-08T21:24:19.151-0300] {processor.py:175} INFO - Processing /home/kallox/airflow/dags/files/iedb/downloads/epitope.zip took 0.019 seconds
[2023-01-08T21:24:52.404-0300] {processor.py:153} INFO - Started process (PID=27545) to work on /home/kallox/airflow/dags/files/iedb/downloads/epitope.zip
[2023-01-08T21:24:52.405-0300] {processor.py:743} INFO - Processing file /home/kallox/airflow/dags/files/iedb/downloads/epitope.zip for tasks to queue
[2023-01-08T21:24:52.405-0300] {logging_mixin.py:137} INFO - [2023-01-08T21:24:52.405-0300] {dagbag.py:538} INFO - Filling up the DagBag from /home/kallox/airflow/dags/files/iedb/downloads/epitope.zip
[2023-01-08T21:24:52.406-0300] {processor.py:755} WARNING - No viable dags retrieved from /home/kallox/airflow/dags/files/iedb/downloads/epitope.zip
[2023-01-08T21:24:52.420-0300] {processor.py:175} INFO - Processing /home/kallox/airflow/dags/files/iedb/downloads/epitope.zip took 0.018 seconds
[2023-01-08T21:25:22.525-0300] {processor.py:153} INFO - Started process (PID=27613) to work on /home/kallox/airflow/dags/files/iedb/downloads/epitope.zip
[2023-01-08T21:25:22.526-0300] {processor.py:743} INFO - Processing file /home/kallox/airflow/dags/files/iedb/downloads/epitope.zip for tasks to queue
[2023-01-08T21:25:22.526-0300] {logging_mixin.py:137} INFO - [2023-01-08T21:25:22.526-0300] {dagbag.py:538} INFO - Filling up the DagBag from /home/kallox/airflow/dags/files/iedb/downloads/epitope.zip
[2023-01-08T21:25:22.527-0300] {processor.py:755} WARNING - No viable dags retrieved from /home/kallox/airflow/dags/files/iedb/downloads/epitope.zip
[2023-01-08T21:25:22.545-0300] {processor.py:175} INFO - Processing /home/kallox/airflow/dags/files/iedb/downloads/epitope.zip took 0.023 seconds
[2023-01-08T21:25:53.013-0300] {processor.py:153} INFO - Started process (PID=27697) to work on /home/kallox/airflow/dags/files/iedb/downloads/epitope.zip
[2023-01-08T21:25:53.014-0300] {processor.py:743} INFO - Processing file /home/kallox/airflow/dags/files/iedb/downloads/epitope.zip for tasks to queue
[2023-01-08T21:25:53.014-0300] {logging_mixin.py:137} INFO - [2023-01-08T21:25:53.014-0300] {dagbag.py:538} INFO - Filling up the DagBag from /home/kallox/airflow/dags/files/iedb/downloads/epitope.zip
[2023-01-08T21:25:53.015-0300] {processor.py:755} WARNING - No viable dags retrieved from /home/kallox/airflow/dags/files/iedb/downloads/epitope.zip
[2023-01-08T21:25:53.031-0300] {processor.py:175} INFO - Processing /home/kallox/airflow/dags/files/iedb/downloads/epitope.zip took 0.020 seconds
[2023-01-08T21:26:23.447-0300] {processor.py:153} INFO - Started process (PID=27771) to work on /home/kallox/airflow/dags/files/iedb/downloads/epitope.zip
[2023-01-08T21:26:23.448-0300] {processor.py:743} INFO - Processing file /home/kallox/airflow/dags/files/iedb/downloads/epitope.zip for tasks to queue
[2023-01-08T21:26:23.449-0300] {logging_mixin.py:137} INFO - [2023-01-08T21:26:23.449-0300] {dagbag.py:538} INFO - Filling up the DagBag from /home/kallox/airflow/dags/files/iedb/downloads/epitope.zip
[2023-01-08T21:26:23.449-0300] {processor.py:755} WARNING - No viable dags retrieved from /home/kallox/airflow/dags/files/iedb/downloads/epitope.zip
[2023-01-08T21:26:23.468-0300] {processor.py:175} INFO - Processing /home/kallox/airflow/dags/files/iedb/downloads/epitope.zip took 0.023 seconds
[2023-01-08T21:26:53.911-0300] {processor.py:153} INFO - Started process (PID=27848) to work on /home/kallox/airflow/dags/files/iedb/downloads/epitope.zip
[2023-01-08T21:26:53.911-0300] {processor.py:743} INFO - Processing file /home/kallox/airflow/dags/files/iedb/downloads/epitope.zip for tasks to queue
[2023-01-08T21:26:53.912-0300] {logging_mixin.py:137} INFO - [2023-01-08T21:26:53.912-0300] {dagbag.py:538} INFO - Filling up the DagBag from /home/kallox/airflow/dags/files/iedb/downloads/epitope.zip
[2023-01-08T21:26:53.913-0300] {processor.py:755} WARNING - No viable dags retrieved from /home/kallox/airflow/dags/files/iedb/downloads/epitope.zip
[2023-01-08T21:26:53.931-0300] {processor.py:175} INFO - Processing /home/kallox/airflow/dags/files/iedb/downloads/epitope.zip took 0.023 seconds
[2023-01-08T21:27:24.383-0300] {processor.py:153} INFO - Started process (PID=27922) to work on /home/kallox/airflow/dags/files/iedb/downloads/epitope.zip
[2023-01-08T21:27:24.384-0300] {processor.py:743} INFO - Processing file /home/kallox/airflow/dags/files/iedb/downloads/epitope.zip for tasks to queue
[2023-01-08T21:27:24.384-0300] {logging_mixin.py:137} INFO - [2023-01-08T21:27:24.384-0300] {dagbag.py:538} INFO - Filling up the DagBag from /home/kallox/airflow/dags/files/iedb/downloads/epitope.zip
[2023-01-08T21:27:24.385-0300] {processor.py:755} WARNING - No viable dags retrieved from /home/kallox/airflow/dags/files/iedb/downloads/epitope.zip
[2023-01-08T21:27:24.401-0300] {processor.py:175} INFO - Processing /home/kallox/airflow/dags/files/iedb/downloads/epitope.zip took 0.021 seconds
[2023-01-08T21:27:44.873-0300] {processor.py:153} INFO - Started process (PID=28174) to work on /home/kallox/airflow/dags/files/iedb/downloads/epitope.zip
[2023-01-08T21:27:44.874-0300] {processor.py:743} INFO - Processing file /home/kallox/airflow/dags/files/iedb/downloads/epitope.zip for tasks to queue
[2023-01-08T21:27:44.874-0300] {logging_mixin.py:137} INFO - [2023-01-08T21:27:44.874-0300] {dagbag.py:538} INFO - Filling up the DagBag from /home/kallox/airflow/dags/files/iedb/downloads/epitope.zip
[2023-01-08T21:27:44.875-0300] {processor.py:755} WARNING - No viable dags retrieved from /home/kallox/airflow/dags/files/iedb/downloads/epitope.zip
[2023-01-08T21:27:44.888-0300] {processor.py:175} INFO - Processing /home/kallox/airflow/dags/files/iedb/downloads/epitope.zip took 0.016 seconds
[2023-01-08T21:28:15.671-0300] {processor.py:153} INFO - Started process (PID=28256) to work on /home/kallox/airflow/dags/files/iedb/downloads/epitope.zip
[2023-01-08T21:28:15.672-0300] {processor.py:743} INFO - Processing file /home/kallox/airflow/dags/files/iedb/downloads/epitope.zip for tasks to queue
[2023-01-08T21:28:15.673-0300] {logging_mixin.py:137} INFO - [2023-01-08T21:28:15.672-0300] {dagbag.py:538} INFO - Filling up the DagBag from /home/kallox/airflow/dags/files/iedb/downloads/epitope.zip
[2023-01-08T21:28:15.673-0300] {processor.py:755} WARNING - No viable dags retrieved from /home/kallox/airflow/dags/files/iedb/downloads/epitope.zip
[2023-01-08T21:28:15.688-0300] {processor.py:175} INFO - Processing /home/kallox/airflow/dags/files/iedb/downloads/epitope.zip took 0.020 seconds
[2023-01-08T21:28:46.131-0300] {processor.py:153} INFO - Started process (PID=28334) to work on /home/kallox/airflow/dags/files/iedb/downloads/epitope.zip
[2023-01-08T21:28:46.131-0300] {processor.py:743} INFO - Processing file /home/kallox/airflow/dags/files/iedb/downloads/epitope.zip for tasks to queue
[2023-01-08T21:28:46.132-0300] {logging_mixin.py:137} INFO - [2023-01-08T21:28:46.132-0300] {dagbag.py:538} INFO - Filling up the DagBag from /home/kallox/airflow/dags/files/iedb/downloads/epitope.zip
[2023-01-08T21:28:46.132-0300] {processor.py:755} WARNING - No viable dags retrieved from /home/kallox/airflow/dags/files/iedb/downloads/epitope.zip
[2023-01-08T21:28:46.145-0300] {processor.py:175} INFO - Processing /home/kallox/airflow/dags/files/iedb/downloads/epitope.zip took 0.016 seconds
[2023-01-08T21:29:16.514-0300] {processor.py:153} INFO - Started process (PID=28410) to work on /home/kallox/airflow/dags/files/iedb/downloads/epitope.zip
[2023-01-08T21:29:16.514-0300] {processor.py:743} INFO - Processing file /home/kallox/airflow/dags/files/iedb/downloads/epitope.zip for tasks to queue
[2023-01-08T21:29:16.515-0300] {logging_mixin.py:137} INFO - [2023-01-08T21:29:16.514-0300] {dagbag.py:538} INFO - Filling up the DagBag from /home/kallox/airflow/dags/files/iedb/downloads/epitope.zip
[2023-01-08T21:29:16.515-0300] {processor.py:755} WARNING - No viable dags retrieved from /home/kallox/airflow/dags/files/iedb/downloads/epitope.zip
[2023-01-08T21:29:16.530-0300] {processor.py:175} INFO - Processing /home/kallox/airflow/dags/files/iedb/downloads/epitope.zip took 0.018 seconds
[2023-01-08T21:29:47.466-0300] {processor.py:153} INFO - Started process (PID=28505) to work on /home/kallox/airflow/dags/files/iedb/downloads/epitope.zip
[2023-01-08T21:29:47.466-0300] {processor.py:743} INFO - Processing file /home/kallox/airflow/dags/files/iedb/downloads/epitope.zip for tasks to queue
[2023-01-08T21:29:47.467-0300] {logging_mixin.py:137} INFO - [2023-01-08T21:29:47.467-0300] {dagbag.py:538} INFO - Filling up the DagBag from /home/kallox/airflow/dags/files/iedb/downloads/epitope.zip
[2023-01-08T21:29:47.467-0300] {processor.py:755} WARNING - No viable dags retrieved from /home/kallox/airflow/dags/files/iedb/downloads/epitope.zip
[2023-01-08T21:29:47.480-0300] {processor.py:175} INFO - Processing /home/kallox/airflow/dags/files/iedb/downloads/epitope.zip took 0.016 seconds
[2023-01-08T21:30:18.433-0300] {processor.py:153} INFO - Started process (PID=28586) to work on /home/kallox/airflow/dags/files/iedb/downloads/epitope.zip
[2023-01-08T21:30:18.434-0300] {processor.py:743} INFO - Processing file /home/kallox/airflow/dags/files/iedb/downloads/epitope.zip for tasks to queue
[2023-01-08T21:30:18.434-0300] {logging_mixin.py:137} INFO - [2023-01-08T21:30:18.434-0300] {dagbag.py:538} INFO - Filling up the DagBag from /home/kallox/airflow/dags/files/iedb/downloads/epitope.zip
[2023-01-08T21:30:18.434-0300] {processor.py:755} WARNING - No viable dags retrieved from /home/kallox/airflow/dags/files/iedb/downloads/epitope.zip
[2023-01-08T21:30:18.449-0300] {processor.py:175} INFO - Processing /home/kallox/airflow/dags/files/iedb/downloads/epitope.zip took 0.018 seconds
[2023-01-08T21:30:49.118-0300] {processor.py:153} INFO - Started process (PID=28666) to work on /home/kallox/airflow/dags/files/iedb/downloads/epitope.zip
[2023-01-08T21:30:49.119-0300] {processor.py:743} INFO - Processing file /home/kallox/airflow/dags/files/iedb/downloads/epitope.zip for tasks to queue
[2023-01-08T21:30:49.120-0300] {logging_mixin.py:137} INFO - [2023-01-08T21:30:49.120-0300] {dagbag.py:538} INFO - Filling up the DagBag from /home/kallox/airflow/dags/files/iedb/downloads/epitope.zip
[2023-01-08T21:30:49.120-0300] {processor.py:755} WARNING - No viable dags retrieved from /home/kallox/airflow/dags/files/iedb/downloads/epitope.zip
[2023-01-08T21:30:49.136-0300] {processor.py:175} INFO - Processing /home/kallox/airflow/dags/files/iedb/downloads/epitope.zip took 0.020 seconds
[2023-01-08T21:31:19.833-0300] {processor.py:153} INFO - Started process (PID=28746) to work on /home/kallox/airflow/dags/files/iedb/downloads/epitope.zip
[2023-01-08T21:31:19.834-0300] {processor.py:743} INFO - Processing file /home/kallox/airflow/dags/files/iedb/downloads/epitope.zip for tasks to queue
[2023-01-08T21:31:19.835-0300] {logging_mixin.py:137} INFO - [2023-01-08T21:31:19.834-0300] {dagbag.py:538} INFO - Filling up the DagBag from /home/kallox/airflow/dags/files/iedb/downloads/epitope.zip
[2023-01-08T21:31:19.835-0300] {processor.py:755} WARNING - No viable dags retrieved from /home/kallox/airflow/dags/files/iedb/downloads/epitope.zip
[2023-01-08T21:31:19.852-0300] {processor.py:175} INFO - Processing /home/kallox/airflow/dags/files/iedb/downloads/epitope.zip took 0.021 seconds
[2023-01-08T21:31:50.808-0300] {processor.py:153} INFO - Started process (PID=28825) to work on /home/kallox/airflow/dags/files/iedb/downloads/epitope.zip
[2023-01-08T21:31:50.809-0300] {processor.py:743} INFO - Processing file /home/kallox/airflow/dags/files/iedb/downloads/epitope.zip for tasks to queue
[2023-01-08T21:31:50.810-0300] {logging_mixin.py:137} INFO - [2023-01-08T21:31:50.809-0300] {dagbag.py:538} INFO - Filling up the DagBag from /home/kallox/airflow/dags/files/iedb/downloads/epitope.zip
[2023-01-08T21:31:50.810-0300] {processor.py:755} WARNING - No viable dags retrieved from /home/kallox/airflow/dags/files/iedb/downloads/epitope.zip
[2023-01-08T21:31:50.825-0300] {processor.py:175} INFO - Processing /home/kallox/airflow/dags/files/iedb/downloads/epitope.zip took 0.019 seconds
[2023-01-08T21:32:21.220-0300] {processor.py:153} INFO - Started process (PID=28901) to work on /home/kallox/airflow/dags/files/iedb/downloads/epitope.zip
[2023-01-08T21:32:21.221-0300] {processor.py:743} INFO - Processing file /home/kallox/airflow/dags/files/iedb/downloads/epitope.zip for tasks to queue
[2023-01-08T21:32:21.221-0300] {logging_mixin.py:137} INFO - [2023-01-08T21:32:21.221-0300] {dagbag.py:538} INFO - Filling up the DagBag from /home/kallox/airflow/dags/files/iedb/downloads/epitope.zip
[2023-01-08T21:32:21.222-0300] {processor.py:755} WARNING - No viable dags retrieved from /home/kallox/airflow/dags/files/iedb/downloads/epitope.zip
[2023-01-08T21:32:21.237-0300] {processor.py:175} INFO - Processing /home/kallox/airflow/dags/files/iedb/downloads/epitope.zip took 0.020 seconds
[2023-01-08T21:32:52.391-0300] {processor.py:153} INFO - Started process (PID=28984) to work on /home/kallox/airflow/dags/files/iedb/downloads/epitope.zip
[2023-01-08T21:32:52.391-0300] {processor.py:743} INFO - Processing file /home/kallox/airflow/dags/files/iedb/downloads/epitope.zip for tasks to queue
[2023-01-08T21:32:52.392-0300] {logging_mixin.py:137} INFO - [2023-01-08T21:32:52.392-0300] {dagbag.py:538} INFO - Filling up the DagBag from /home/kallox/airflow/dags/files/iedb/downloads/epitope.zip
[2023-01-08T21:32:52.392-0300] {processor.py:755} WARNING - No viable dags retrieved from /home/kallox/airflow/dags/files/iedb/downloads/epitope.zip
[2023-01-08T21:32:52.405-0300] {processor.py:175} INFO - Processing /home/kallox/airflow/dags/files/iedb/downloads/epitope.zip took 0.016 seconds
[2023-01-08T21:33:23.056-0300] {processor.py:153} INFO - Started process (PID=29065) to work on /home/kallox/airflow/dags/files/iedb/downloads/epitope.zip
[2023-01-08T21:33:23.056-0300] {processor.py:743} INFO - Processing file /home/kallox/airflow/dags/files/iedb/downloads/epitope.zip for tasks to queue
[2023-01-08T21:33:23.057-0300] {logging_mixin.py:137} INFO - [2023-01-08T21:33:23.057-0300] {dagbag.py:538} INFO - Filling up the DagBag from /home/kallox/airflow/dags/files/iedb/downloads/epitope.zip
[2023-01-08T21:33:23.057-0300] {processor.py:755} WARNING - No viable dags retrieved from /home/kallox/airflow/dags/files/iedb/downloads/epitope.zip
[2023-01-08T21:33:23.074-0300] {processor.py:175} INFO - Processing /home/kallox/airflow/dags/files/iedb/downloads/epitope.zip took 0.021 seconds
[2023-01-08T21:33:53.760-0300] {processor.py:153} INFO - Started process (PID=29144) to work on /home/kallox/airflow/dags/files/iedb/downloads/epitope.zip
[2023-01-08T21:33:53.761-0300] {processor.py:743} INFO - Processing file /home/kallox/airflow/dags/files/iedb/downloads/epitope.zip for tasks to queue
[2023-01-08T21:33:53.762-0300] {logging_mixin.py:137} INFO - [2023-01-08T21:33:53.761-0300] {dagbag.py:538} INFO - Filling up the DagBag from /home/kallox/airflow/dags/files/iedb/downloads/epitope.zip
[2023-01-08T21:33:53.762-0300] {processor.py:755} WARNING - No viable dags retrieved from /home/kallox/airflow/dags/files/iedb/downloads/epitope.zip
[2023-01-08T21:33:53.777-0300] {processor.py:175} INFO - Processing /home/kallox/airflow/dags/files/iedb/downloads/epitope.zip took 0.020 seconds
[2023-01-08T21:34:24.118-0300] {processor.py:153} INFO - Started process (PID=29223) to work on /home/kallox/airflow/dags/files/iedb/downloads/epitope.zip
[2023-01-08T21:34:24.119-0300] {processor.py:743} INFO - Processing file /home/kallox/airflow/dags/files/iedb/downloads/epitope.zip for tasks to queue
[2023-01-08T21:34:24.119-0300] {logging_mixin.py:137} INFO - [2023-01-08T21:34:24.119-0300] {dagbag.py:538} INFO - Filling up the DagBag from /home/kallox/airflow/dags/files/iedb/downloads/epitope.zip
[2023-01-08T21:34:24.120-0300] {processor.py:755} WARNING - No viable dags retrieved from /home/kallox/airflow/dags/files/iedb/downloads/epitope.zip
[2023-01-08T21:34:24.135-0300] {processor.py:175} INFO - Processing /home/kallox/airflow/dags/files/iedb/downloads/epitope.zip took 0.019 seconds
[2023-01-08T21:34:54.596-0300] {processor.py:153} INFO - Started process (PID=29309) to work on /home/kallox/airflow/dags/files/iedb/downloads/epitope.zip
[2023-01-08T21:34:54.597-0300] {processor.py:743} INFO - Processing file /home/kallox/airflow/dags/files/iedb/downloads/epitope.zip for tasks to queue
[2023-01-08T21:34:54.597-0300] {logging_mixin.py:137} INFO - [2023-01-08T21:34:54.597-0300] {dagbag.py:538} INFO - Filling up the DagBag from /home/kallox/airflow/dags/files/iedb/downloads/epitope.zip
[2023-01-08T21:34:54.598-0300] {processor.py:755} WARNING - No viable dags retrieved from /home/kallox/airflow/dags/files/iedb/downloads/epitope.zip
[2023-01-08T21:34:54.612-0300] {processor.py:175} INFO - Processing /home/kallox/airflow/dags/files/iedb/downloads/epitope.zip took 0.017 seconds
[2023-01-08T21:35:25.077-0300] {processor.py:153} INFO - Started process (PID=29393) to work on /home/kallox/airflow/dags/files/iedb/downloads/epitope.zip
[2023-01-08T21:35:25.077-0300] {processor.py:743} INFO - Processing file /home/kallox/airflow/dags/files/iedb/downloads/epitope.zip for tasks to queue
[2023-01-08T21:35:25.078-0300] {logging_mixin.py:137} INFO - [2023-01-08T21:35:25.078-0300] {dagbag.py:538} INFO - Filling up the DagBag from /home/kallox/airflow/dags/files/iedb/downloads/epitope.zip
[2023-01-08T21:35:25.078-0300] {processor.py:755} WARNING - No viable dags retrieved from /home/kallox/airflow/dags/files/iedb/downloads/epitope.zip
[2023-01-08T21:35:25.091-0300] {processor.py:175} INFO - Processing /home/kallox/airflow/dags/files/iedb/downloads/epitope.zip took 0.016 seconds
[2023-01-08T21:35:55.550-0300] {processor.py:153} INFO - Started process (PID=29472) to work on /home/kallox/airflow/dags/files/iedb/downloads/epitope.zip
[2023-01-08T21:35:55.550-0300] {processor.py:743} INFO - Processing file /home/kallox/airflow/dags/files/iedb/downloads/epitope.zip for tasks to queue
[2023-01-08T21:35:55.551-0300] {logging_mixin.py:137} INFO - [2023-01-08T21:35:55.551-0300] {dagbag.py:538} INFO - Filling up the DagBag from /home/kallox/airflow/dags/files/iedb/downloads/epitope.zip
[2023-01-08T21:35:55.551-0300] {processor.py:755} WARNING - No viable dags retrieved from /home/kallox/airflow/dags/files/iedb/downloads/epitope.zip
[2023-01-08T21:35:55.564-0300] {processor.py:175} INFO - Processing /home/kallox/airflow/dags/files/iedb/downloads/epitope.zip took 0.015 seconds
[2023-01-08T21:36:26.079-0300] {processor.py:153} INFO - Started process (PID=29551) to work on /home/kallox/airflow/dags/files/iedb/downloads/epitope.zip
[2023-01-08T21:36:26.079-0300] {processor.py:743} INFO - Processing file /home/kallox/airflow/dags/files/iedb/downloads/epitope.zip for tasks to queue
[2023-01-08T21:36:26.080-0300] {logging_mixin.py:137} INFO - [2023-01-08T21:36:26.080-0300] {dagbag.py:538} INFO - Filling up the DagBag from /home/kallox/airflow/dags/files/iedb/downloads/epitope.zip
[2023-01-08T21:36:26.080-0300] {processor.py:755} WARNING - No viable dags retrieved from /home/kallox/airflow/dags/files/iedb/downloads/epitope.zip
[2023-01-08T21:36:26.092-0300] {processor.py:175} INFO - Processing /home/kallox/airflow/dags/files/iedb/downloads/epitope.zip took 0.016 seconds
[2023-01-08T21:36:56.463-0300] {processor.py:153} INFO - Started process (PID=29630) to work on /home/kallox/airflow/dags/files/iedb/downloads/epitope.zip
[2023-01-08T21:36:56.464-0300] {processor.py:743} INFO - Processing file /home/kallox/airflow/dags/files/iedb/downloads/epitope.zip for tasks to queue
[2023-01-08T21:36:56.464-0300] {logging_mixin.py:137} INFO - [2023-01-08T21:36:56.464-0300] {dagbag.py:538} INFO - Filling up the DagBag from /home/kallox/airflow/dags/files/iedb/downloads/epitope.zip
[2023-01-08T21:36:56.465-0300] {processor.py:755} WARNING - No viable dags retrieved from /home/kallox/airflow/dags/files/iedb/downloads/epitope.zip
[2023-01-08T21:36:56.477-0300] {processor.py:175} INFO - Processing /home/kallox/airflow/dags/files/iedb/downloads/epitope.zip took 0.015 seconds
[2023-01-08T21:37:26.928-0300] {processor.py:153} INFO - Started process (PID=29711) to work on /home/kallox/airflow/dags/files/iedb/downloads/epitope.zip
[2023-01-08T21:37:26.928-0300] {processor.py:743} INFO - Processing file /home/kallox/airflow/dags/files/iedb/downloads/epitope.zip for tasks to queue
[2023-01-08T21:37:26.929-0300] {logging_mixin.py:137} INFO - [2023-01-08T21:37:26.928-0300] {dagbag.py:538} INFO - Filling up the DagBag from /home/kallox/airflow/dags/files/iedb/downloads/epitope.zip
[2023-01-08T21:37:26.929-0300] {processor.py:755} WARNING - No viable dags retrieved from /home/kallox/airflow/dags/files/iedb/downloads/epitope.zip
[2023-01-08T21:37:26.943-0300] {processor.py:175} INFO - Processing /home/kallox/airflow/dags/files/iedb/downloads/epitope.zip took 0.017 seconds
[2023-01-08T21:37:57.794-0300] {processor.py:153} INFO - Started process (PID=29794) to work on /home/kallox/airflow/dags/files/iedb/downloads/epitope.zip
[2023-01-08T21:37:57.794-0300] {processor.py:743} INFO - Processing file /home/kallox/airflow/dags/files/iedb/downloads/epitope.zip for tasks to queue
[2023-01-08T21:37:57.794-0300] {logging_mixin.py:137} INFO - [2023-01-08T21:37:57.794-0300] {dagbag.py:538} INFO - Filling up the DagBag from /home/kallox/airflow/dags/files/iedb/downloads/epitope.zip
[2023-01-08T21:37:57.795-0300] {processor.py:755} WARNING - No viable dags retrieved from /home/kallox/airflow/dags/files/iedb/downloads/epitope.zip
[2023-01-08T21:37:57.807-0300] {processor.py:175} INFO - Processing /home/kallox/airflow/dags/files/iedb/downloads/epitope.zip took 0.015 seconds
[2023-01-08T21:38:28.692-0300] {processor.py:153} INFO - Started process (PID=29878) to work on /home/kallox/airflow/dags/files/iedb/downloads/epitope.zip
[2023-01-08T21:38:28.693-0300] {processor.py:743} INFO - Processing file /home/kallox/airflow/dags/files/iedb/downloads/epitope.zip for tasks to queue
[2023-01-08T21:38:28.693-0300] {logging_mixin.py:137} INFO - [2023-01-08T21:38:28.693-0300] {dagbag.py:538} INFO - Filling up the DagBag from /home/kallox/airflow/dags/files/iedb/downloads/epitope.zip
[2023-01-08T21:38:28.694-0300] {processor.py:755} WARNING - No viable dags retrieved from /home/kallox/airflow/dags/files/iedb/downloads/epitope.zip
[2023-01-08T21:38:28.709-0300] {processor.py:175} INFO - Processing /home/kallox/airflow/dags/files/iedb/downloads/epitope.zip took 0.018 seconds
[2023-01-08T21:38:59.383-0300] {processor.py:153} INFO - Started process (PID=29959) to work on /home/kallox/airflow/dags/files/iedb/downloads/epitope.zip
[2023-01-08T21:38:59.383-0300] {processor.py:743} INFO - Processing file /home/kallox/airflow/dags/files/iedb/downloads/epitope.zip for tasks to queue
[2023-01-08T21:38:59.384-0300] {logging_mixin.py:137} INFO - [2023-01-08T21:38:59.383-0300] {dagbag.py:538} INFO - Filling up the DagBag from /home/kallox/airflow/dags/files/iedb/downloads/epitope.zip
[2023-01-08T21:38:59.384-0300] {processor.py:755} WARNING - No viable dags retrieved from /home/kallox/airflow/dags/files/iedb/downloads/epitope.zip
[2023-01-08T21:38:59.399-0300] {processor.py:175} INFO - Processing /home/kallox/airflow/dags/files/iedb/downloads/epitope.zip took 0.018 seconds
[2023-01-08T21:39:30.051-0300] {processor.py:153} INFO - Started process (PID=30038) to work on /home/kallox/airflow/dags/files/iedb/downloads/epitope.zip
[2023-01-08T21:39:30.051-0300] {processor.py:743} INFO - Processing file /home/kallox/airflow/dags/files/iedb/downloads/epitope.zip for tasks to queue
[2023-01-08T21:39:30.052-0300] {logging_mixin.py:137} INFO - [2023-01-08T21:39:30.051-0300] {dagbag.py:538} INFO - Filling up the DagBag from /home/kallox/airflow/dags/files/iedb/downloads/epitope.zip
[2023-01-08T21:39:30.052-0300] {processor.py:755} WARNING - No viable dags retrieved from /home/kallox/airflow/dags/files/iedb/downloads/epitope.zip
[2023-01-08T21:39:30.066-0300] {processor.py:175} INFO - Processing /home/kallox/airflow/dags/files/iedb/downloads/epitope.zip took 0.017 seconds
[2023-01-08T21:40:00.715-0300] {processor.py:153} INFO - Started process (PID=30119) to work on /home/kallox/airflow/dags/files/iedb/downloads/epitope.zip
[2023-01-08T21:40:00.715-0300] {processor.py:743} INFO - Processing file /home/kallox/airflow/dags/files/iedb/downloads/epitope.zip for tasks to queue
[2023-01-08T21:40:00.716-0300] {logging_mixin.py:137} INFO - [2023-01-08T21:40:00.716-0300] {dagbag.py:538} INFO - Filling up the DagBag from /home/kallox/airflow/dags/files/iedb/downloads/epitope.zip
[2023-01-08T21:40:00.716-0300] {processor.py:755} WARNING - No viable dags retrieved from /home/kallox/airflow/dags/files/iedb/downloads/epitope.zip
[2023-01-08T21:40:00.730-0300] {processor.py:175} INFO - Processing /home/kallox/airflow/dags/files/iedb/downloads/epitope.zip took 0.017 seconds
[2023-01-08T21:40:31.132-0300] {processor.py:153} INFO - Started process (PID=30195) to work on /home/kallox/airflow/dags/files/iedb/downloads/epitope.zip
[2023-01-08T21:40:31.133-0300] {processor.py:743} INFO - Processing file /home/kallox/airflow/dags/files/iedb/downloads/epitope.zip for tasks to queue
[2023-01-08T21:40:31.134-0300] {logging_mixin.py:137} INFO - [2023-01-08T21:40:31.134-0300] {dagbag.py:538} INFO - Filling up the DagBag from /home/kallox/airflow/dags/files/iedb/downloads/epitope.zip
[2023-01-08T21:40:31.135-0300] {processor.py:755} WARNING - No viable dags retrieved from /home/kallox/airflow/dags/files/iedb/downloads/epitope.zip
[2023-01-08T21:40:31.150-0300] {processor.py:175} INFO - Processing /home/kallox/airflow/dags/files/iedb/downloads/epitope.zip took 0.020 seconds
[2023-01-08T21:41:01.546-0300] {processor.py:153} INFO - Started process (PID=30277) to work on /home/kallox/airflow/dags/files/iedb/downloads/epitope.zip
[2023-01-08T21:41:01.547-0300] {processor.py:743} INFO - Processing file /home/kallox/airflow/dags/files/iedb/downloads/epitope.zip for tasks to queue
[2023-01-08T21:41:01.548-0300] {logging_mixin.py:137} INFO - [2023-01-08T21:41:01.547-0300] {dagbag.py:538} INFO - Filling up the DagBag from /home/kallox/airflow/dags/files/iedb/downloads/epitope.zip
[2023-01-08T21:41:01.548-0300] {processor.py:755} WARNING - No viable dags retrieved from /home/kallox/airflow/dags/files/iedb/downloads/epitope.zip
[2023-01-08T21:41:01.563-0300] {processor.py:175} INFO - Processing /home/kallox/airflow/dags/files/iedb/downloads/epitope.zip took 0.019 seconds
[2023-01-08T21:41:32.483-0300] {processor.py:153} INFO - Started process (PID=30364) to work on /home/kallox/airflow/dags/files/iedb/downloads/epitope.zip
[2023-01-08T21:41:32.483-0300] {processor.py:743} INFO - Processing file /home/kallox/airflow/dags/files/iedb/downloads/epitope.zip for tasks to queue
[2023-01-08T21:41:32.484-0300] {logging_mixin.py:137} INFO - [2023-01-08T21:41:32.484-0300] {dagbag.py:538} INFO - Filling up the DagBag from /home/kallox/airflow/dags/files/iedb/downloads/epitope.zip
[2023-01-08T21:41:32.484-0300] {processor.py:755} WARNING - No viable dags retrieved from /home/kallox/airflow/dags/files/iedb/downloads/epitope.zip
[2023-01-08T21:41:32.500-0300] {processor.py:175} INFO - Processing /home/kallox/airflow/dags/files/iedb/downloads/epitope.zip took 0.020 seconds
[2023-01-08T21:42:03.416-0300] {processor.py:153} INFO - Started process (PID=30446) to work on /home/kallox/airflow/dags/files/iedb/downloads/epitope.zip
[2023-01-08T21:42:03.417-0300] {processor.py:743} INFO - Processing file /home/kallox/airflow/dags/files/iedb/downloads/epitope.zip for tasks to queue
[2023-01-08T21:42:03.417-0300] {logging_mixin.py:137} INFO - [2023-01-08T21:42:03.417-0300] {dagbag.py:538} INFO - Filling up the DagBag from /home/kallox/airflow/dags/files/iedb/downloads/epitope.zip
[2023-01-08T21:42:03.418-0300] {processor.py:755} WARNING - No viable dags retrieved from /home/kallox/airflow/dags/files/iedb/downloads/epitope.zip
[2023-01-08T21:42:03.433-0300] {processor.py:175} INFO - Processing /home/kallox/airflow/dags/files/iedb/downloads/epitope.zip took 0.020 seconds
[2023-01-08T21:42:33.789-0300] {processor.py:153} INFO - Started process (PID=30522) to work on /home/kallox/airflow/dags/files/iedb/downloads/epitope.zip
[2023-01-08T21:42:33.789-0300] {processor.py:743} INFO - Processing file /home/kallox/airflow/dags/files/iedb/downloads/epitope.zip for tasks to queue
[2023-01-08T21:42:33.790-0300] {logging_mixin.py:137} INFO - [2023-01-08T21:42:33.790-0300] {dagbag.py:538} INFO - Filling up the DagBag from /home/kallox/airflow/dags/files/iedb/downloads/epitope.zip
[2023-01-08T21:42:33.790-0300] {processor.py:755} WARNING - No viable dags retrieved from /home/kallox/airflow/dags/files/iedb/downloads/epitope.zip
[2023-01-08T21:42:33.803-0300] {processor.py:175} INFO - Processing /home/kallox/airflow/dags/files/iedb/downloads/epitope.zip took 0.016 seconds
[2023-01-08T21:43:04.929-0300] {processor.py:153} INFO - Started process (PID=30626) to work on /home/kallox/airflow/dags/files/iedb/downloads/epitope.zip
[2023-01-08T21:43:04.930-0300] {processor.py:743} INFO - Processing file /home/kallox/airflow/dags/files/iedb/downloads/epitope.zip for tasks to queue
[2023-01-08T21:43:04.930-0300] {logging_mixin.py:137} INFO - [2023-01-08T21:43:04.930-0300] {dagbag.py:538} INFO - Filling up the DagBag from /home/kallox/airflow/dags/files/iedb/downloads/epitope.zip
[2023-01-08T21:43:04.931-0300] {processor.py:755} WARNING - No viable dags retrieved from /home/kallox/airflow/dags/files/iedb/downloads/epitope.zip
[2023-01-08T21:43:04.946-0300] {processor.py:175} INFO - Processing /home/kallox/airflow/dags/files/iedb/downloads/epitope.zip took 0.018 seconds
