[2022-12-29T17:28:35.579-0300] {taskinstance.py:1087} INFO - Dependencies all met for <TaskInstance: download_catnap.download_files scheduled__2022-11-23T00:00:00+00:00 [queued]>
[2022-12-29T17:28:35.600-0300] {taskinstance.py:1087} INFO - Dependencies all met for <TaskInstance: download_catnap.download_files scheduled__2022-11-23T00:00:00+00:00 [queued]>
[2022-12-29T17:28:35.601-0300] {taskinstance.py:1283} INFO - 
--------------------------------------------------------------------------------
[2022-12-29T17:28:35.601-0300] {taskinstance.py:1284} INFO - Starting attempt 1 of 1
[2022-12-29T17:28:35.601-0300] {taskinstance.py:1285} INFO - 
--------------------------------------------------------------------------------
[2022-12-29T17:28:35.626-0300] {taskinstance.py:1304} INFO - Executing <Task(PythonOperator): download_files> on 2022-11-23 00:00:00+00:00
[2022-12-29T17:28:35.633-0300] {standard_task_runner.py:55} INFO - Started process 27379 to run task
[2022-12-29T17:28:35.639-0300] {standard_task_runner.py:82} INFO - Running: ['***', 'tasks', 'run', 'download_catnap', 'download_files', 'scheduled__2022-11-23T00:00:00+00:00', '--job-id', '67', '--raw', '--subdir', 'DAGS_FOLDER/download_catnap.py', '--cfg-path', '/tmp/tmpn8upltuv']
[2022-12-29T17:28:35.641-0300] {standard_task_runner.py:83} INFO - Job 67: Subtask download_files
[2022-12-29T17:28:35.799-0300] {task_command.py:389} INFO - Running <TaskInstance: download_catnap.download_files scheduled__2022-11-23T00:00:00+00:00 [running]> on host kallo-Ubuntu
[2022-12-29T17:28:35.926-0300] {taskinstance.py:1513} INFO - Exporting the following env vars:
AIRFLOW_CTX_DAG_OWNER=admin
AIRFLOW_CTX_DAG_ID=download_catnap
AIRFLOW_CTX_TASK_ID=download_files
AIRFLOW_CTX_EXECUTION_DATE=2022-11-23T00:00:00+00:00
AIRFLOW_CTX_TRY_NUMBER=1
AIRFLOW_CTX_DAG_RUN_ID=scheduled__2022-11-23T00:00:00+00:00
[2022-12-29T17:29:12.106-0300] {logging_mixin.py:137} INFO - Assay downloaded.
[2022-12-29T17:29:12.125-0300] {logging_mixin.py:137} INFO - Assay.tsv saved.
[2022-12-29T17:29:13.587-0300] {logging_mixin.py:137} INFO - Antibodies downloaded.
[2022-12-29T17:29:13.588-0300] {logging_mixin.py:137} INFO - Antibodies.tsv saved.
[2022-12-29T17:29:14.839-0300] {logging_mixin.py:137} INFO - Antibodies_germlines downloaded.
[2022-12-29T17:29:14.841-0300] {logging_mixin.py:137} INFO - Antibodies_germlines.tsv saved.
[2022-12-29T17:29:16.691-0300] {logging_mixin.py:137} INFO - Antibody_heavy_chain_na_sequences downloaded.
[2022-12-29T17:29:16.693-0300] {logging_mixin.py:137} INFO - Antibody_heavy_chain_na_sequences.fasta saved.
[2022-12-29T17:29:18.062-0300] {logging_mixin.py:137} INFO - Antibody_heavy_chain_aa_sequences downloaded.
[2022-12-29T17:29:18.064-0300] {logging_mixin.py:137} INFO - Antibody_heavy_chain_aa_sequences.fasta saved.
[2022-12-29T17:29:19.940-0300] {logging_mixin.py:137} INFO - Antibody_light_chain_na_sequences downloaded.
[2022-12-29T17:29:19.941-0300] {logging_mixin.py:137} INFO - Antibody_light_chain_na_sequences.fasta saved.
[2022-12-29T17:29:21.247-0300] {logging_mixin.py:137} INFO - Antibody_light_chain_aa_sequences downloaded.
[2022-12-29T17:29:21.248-0300] {logging_mixin.py:137} INFO - Antibody_light_chain_aa_sequences.fasta saved.
[2022-12-29T17:29:23.386-0300] {logging_mixin.py:137} INFO - Viruses downloaded.
[2022-12-29T17:29:23.387-0300] {logging_mixin.py:137} INFO - Viruses.tsv saved.
[2022-12-29T17:29:40.644-0300] {logging_mixin.py:137} INFO - Virus_na_alignment downloaded.
[2022-12-29T17:29:40.650-0300] {logging_mixin.py:137} INFO - Virus_na_alignment.tsv saved.
[2022-12-29T17:29:47.013-0300] {logging_mixin.py:137} INFO - Virus_aa_alignment downloaded.
[2022-12-29T17:29:47.017-0300] {logging_mixin.py:137} INFO - Virus_aa_alignment.tsv saved.
[2022-12-29T17:29:47.018-0300] {python.py:177} INFO - Done. Returned value was: None
[2022-12-29T17:29:47.037-0300] {taskinstance.py:1327} INFO - Marking task as SUCCESS. dag_id=download_catnap, task_id=download_files, execution_date=20221123T000000, start_date=20221229T202835, end_date=20221229T202947
[2022-12-29T17:29:47.080-0300] {local_task_job.py:159} INFO - Task exited with return code 0
[2022-12-29T17:29:47.267-0300] {taskinstance.py:2582} INFO - 0 downstream tasks scheduled from follow-on schedule check
