[2023-01-01T20:52:39.953-0300] {taskinstance.py:1087} INFO - Dependencies all met for <TaskInstance: get_interactions.string.get_uniprot_ids scheduled__2022-12-01T00:00:00+00:00 [queued]>
[2023-01-01T20:52:39.968-0300] {taskinstance.py:1087} INFO - Dependencies all met for <TaskInstance: get_interactions.string.get_uniprot_ids scheduled__2022-12-01T00:00:00+00:00 [queued]>
[2023-01-01T20:52:39.968-0300] {taskinstance.py:1283} INFO - 
--------------------------------------------------------------------------------
[2023-01-01T20:52:39.968-0300] {taskinstance.py:1284} INFO - Starting attempt 1 of 1
[2023-01-01T20:52:39.968-0300] {taskinstance.py:1285} INFO - 
--------------------------------------------------------------------------------
[2023-01-01T20:52:40.009-0300] {taskinstance.py:1304} INFO - Executing <Task(PythonOperator): string.get_uniprot_ids> on 2022-12-01 00:00:00+00:00
[2023-01-01T20:52:40.016-0300] {standard_task_runner.py:55} INFO - Started process 9928 to run task
[2023-01-01T20:52:40.020-0300] {standard_task_runner.py:82} INFO - Running: ['***', 'tasks', 'run', 'get_interactions', 'string.get_uniprot_ids', 'scheduled__2022-12-01T00:00:00+00:00', '--job-id', '156', '--raw', '--subdir', 'DAGS_FOLDER/get_interactions.py', '--cfg-path', '/tmp/tmpyf91cjtx']
[2023-01-01T20:52:40.021-0300] {standard_task_runner.py:83} INFO - Job 156: Subtask string.get_uniprot_ids
[2023-01-01T20:52:40.121-0300] {task_command.py:389} INFO - Running <TaskInstance: get_interactions.string.get_uniprot_ids scheduled__2022-12-01T00:00:00+00:00 [running]> on host kallo-Ubuntu
[2023-01-01T20:52:40.219-0300] {taskinstance.py:1513} INFO - Exporting the following env vars:
AIRFLOW_CTX_DAG_OWNER=Kallox
AIRFLOW_CTX_DAG_ID=get_interactions
AIRFLOW_CTX_TASK_ID=string.get_uniprot_ids
AIRFLOW_CTX_EXECUTION_DATE=2022-12-01T00:00:00+00:00
AIRFLOW_CTX_TRY_NUMBER=1
AIRFLOW_CTX_DAG_RUN_ID=scheduled__2022-12-01T00:00:00+00:00
[2023-01-01T20:52:40.231-0300] {python.py:177} INFO - Done. Returned value was: None
[2023-01-01T20:52:40.249-0300] {taskinstance.py:1327} INFO - Marking task as SUCCESS. dag_id=get_interactions, task_id=string.get_uniprot_ids, execution_date=20221201T000000, start_date=20230101T235239, end_date=20230101T235240
[2023-01-01T20:52:40.311-0300] {local_task_job.py:159} INFO - Task exited with return code 0
[2023-01-01T20:52:40.368-0300] {taskinstance.py:2582} INFO - 1 downstream tasks scheduled from follow-on schedule check
