[2023-01-23T14:32:33.455-0300] {taskinstance.py:1087} INFO - Dependencies all met for <TaskInstance: get_antigens.catnap manual__2023-01-23T17:32:31.797377+00:00 [queued]>
[2023-01-23T14:32:33.471-0300] {taskinstance.py:1087} INFO - Dependencies all met for <TaskInstance: get_antigens.catnap manual__2023-01-23T17:32:31.797377+00:00 [queued]>
[2023-01-23T14:32:33.471-0300] {taskinstance.py:1283} INFO - 
--------------------------------------------------------------------------------
[2023-01-23T14:32:33.471-0300] {taskinstance.py:1284} INFO - Starting attempt 1 of 1
[2023-01-23T14:32:33.472-0300] {taskinstance.py:1285} INFO - 
--------------------------------------------------------------------------------
[2023-01-23T14:32:33.495-0300] {taskinstance.py:1304} INFO - Executing <Task(PythonOperator): catnap> on 2023-01-23 17:32:31.797377+00:00
[2023-01-23T14:32:33.500-0300] {standard_task_runner.py:55} INFO - Started process 6075 to run task
[2023-01-23T14:32:33.504-0300] {standard_task_runner.py:82} INFO - Running: ['***', 'tasks', 'run', 'get_antigens', 'catnap', 'manual__2023-01-23T17:32:31.797377+00:00', '--job-id', '342', '--raw', '--subdir', 'DAGS_FOLDER/get_antigens.py', '--cfg-path', '/tmp/tmp8anxrb7h']
[2023-01-23T14:32:33.506-0300] {standard_task_runner.py:83} INFO - Job 342: Subtask catnap
[2023-01-23T14:32:33.590-0300] {task_command.py:389} INFO - Running <TaskInstance: get_antigens.catnap manual__2023-01-23T17:32:31.797377+00:00 [running]> on host kallo-Ubuntu
[2023-01-23T14:32:33.687-0300] {taskinstance.py:1513} INFO - Exporting the following env vars:
AIRFLOW_CTX_DAG_OWNER=Kallox
AIRFLOW_CTX_DAG_ID=get_antigens
AIRFLOW_CTX_TASK_ID=catnap
AIRFLOW_CTX_EXECUTION_DATE=2023-01-23T17:32:31.797377+00:00
AIRFLOW_CTX_TRY_NUMBER=1
AIRFLOW_CTX_DAG_RUN_ID=manual__2023-01-23T17:32:31.797377+00:00
[2023-01-23T14:32:36.622-0300] {python.py:177} INFO - Done. Returned value was: None
[2023-01-23T14:32:36.636-0300] {taskinstance.py:1327} INFO - Marking task as SUCCESS. dag_id=get_antigens, task_id=catnap, execution_date=20230123T173231, start_date=20230123T173233, end_date=20230123T173236
[2023-01-23T14:32:36.684-0300] {local_task_job.py:159} INFO - Task exited with return code 0
[2023-01-23T14:32:36.728-0300] {taskinstance.py:2582} INFO - 1 downstream tasks scheduled from follow-on schedule check
