[2023-01-01T20:52:39.953-0300] {taskinstance.py:1087} INFO - Dependencies all met for <TaskInstance: get_interactions.intact.get_uniprot_ids manual__2023-01-01T23:52:35.703689+00:00 [queued]>
[2023-01-01T20:52:39.969-0300] {taskinstance.py:1087} INFO - Dependencies all met for <TaskInstance: get_interactions.intact.get_uniprot_ids manual__2023-01-01T23:52:35.703689+00:00 [queued]>
[2023-01-01T20:52:39.970-0300] {taskinstance.py:1283} INFO - 
--------------------------------------------------------------------------------
[2023-01-01T20:52:39.970-0300] {taskinstance.py:1284} INFO - Starting attempt 1 of 1
[2023-01-01T20:52:39.970-0300] {taskinstance.py:1285} INFO - 
--------------------------------------------------------------------------------
[2023-01-01T20:52:40.010-0300] {taskinstance.py:1304} INFO - Executing <Task(PythonOperator): intact.get_uniprot_ids> on 2023-01-01 23:52:35.703689+00:00
[2023-01-01T20:52:40.018-0300] {standard_task_runner.py:55} INFO - Started process 9929 to run task
[2023-01-01T20:52:40.022-0300] {standard_task_runner.py:82} INFO - Running: ['***', 'tasks', 'run', 'get_interactions', 'intact.get_uniprot_ids', 'manual__2023-01-01T23:52:35.703689+00:00', '--job-id', '158', '--raw', '--subdir', 'DAGS_FOLDER/get_interactions.py', '--cfg-path', '/tmp/tmp3s411zor']
[2023-01-01T20:52:40.024-0300] {standard_task_runner.py:83} INFO - Job 158: Subtask intact.get_uniprot_ids
[2023-01-01T20:52:40.113-0300] {task_command.py:389} INFO - Running <TaskInstance: get_interactions.intact.get_uniprot_ids manual__2023-01-01T23:52:35.703689+00:00 [running]> on host kallo-Ubuntu
[2023-01-01T20:52:40.219-0300] {taskinstance.py:1513} INFO - Exporting the following env vars:
AIRFLOW_CTX_DAG_OWNER=Kallox
AIRFLOW_CTX_DAG_ID=get_interactions
AIRFLOW_CTX_TASK_ID=intact.get_uniprot_ids
AIRFLOW_CTX_EXECUTION_DATE=2023-01-01T23:52:35.703689+00:00
AIRFLOW_CTX_TRY_NUMBER=1
AIRFLOW_CTX_DAG_RUN_ID=manual__2023-01-01T23:52:35.703689+00:00
[2023-01-01T20:52:40.231-0300] {python.py:177} INFO - Done. Returned value was: None
[2023-01-01T20:52:40.249-0300] {taskinstance.py:1327} INFO - Marking task as SUCCESS. dag_id=get_interactions, task_id=intact.get_uniprot_ids, execution_date=20230101T235235, start_date=20230101T235239, end_date=20230101T235240
[2023-01-01T20:52:40.274-0300] {local_task_job.py:159} INFO - Task exited with return code 0
[2023-01-01T20:52:40.313-0300] {taskinstance.py:2582} INFO - 1 downstream tasks scheduled from follow-on schedule check
