[2022-12-29T17:28:37.954-0300] {taskinstance.py:1087} INFO - Dependencies all met for <TaskInstance: download_catnap.download_files scheduled__2022-12-03T00:00:00+00:00 [queued]>
[2022-12-29T17:28:37.966-0300] {taskinstance.py:1087} INFO - Dependencies all met for <TaskInstance: download_catnap.download_files scheduled__2022-12-03T00:00:00+00:00 [queued]>
[2022-12-29T17:28:37.966-0300] {taskinstance.py:1283} INFO - 
--------------------------------------------------------------------------------
[2022-12-29T17:28:37.967-0300] {taskinstance.py:1284} INFO - Starting attempt 1 of 1
[2022-12-29T17:28:37.967-0300] {taskinstance.py:1285} INFO - 
--------------------------------------------------------------------------------
[2022-12-29T17:28:37.979-0300] {taskinstance.py:1304} INFO - Executing <Task(PythonOperator): download_files> on 2022-12-03 00:00:00+00:00
[2022-12-29T17:28:37.982-0300] {standard_task_runner.py:55} INFO - Started process 27606 to run task
[2022-12-29T17:28:37.985-0300] {standard_task_runner.py:82} INFO - Running: ['***', 'tasks', 'run', 'download_catnap', 'download_files', 'scheduled__2022-12-03T00:00:00+00:00', '--job-id', '77', '--raw', '--subdir', 'DAGS_FOLDER/download_catnap.py', '--cfg-path', '/tmp/tmp1dk_qnj_']
[2022-12-29T17:28:37.985-0300] {standard_task_runner.py:83} INFO - Job 77: Subtask download_files
[2022-12-29T17:28:38.056-0300] {task_command.py:389} INFO - Running <TaskInstance: download_catnap.download_files scheduled__2022-12-03T00:00:00+00:00 [running]> on host kallo-Ubuntu
[2022-12-29T17:28:38.133-0300] {taskinstance.py:1513} INFO - Exporting the following env vars:
AIRFLOW_CTX_DAG_OWNER=admin
AIRFLOW_CTX_DAG_ID=download_catnap
AIRFLOW_CTX_TASK_ID=download_files
AIRFLOW_CTX_EXECUTION_DATE=2022-12-03T00:00:00+00:00
AIRFLOW_CTX_TRY_NUMBER=1
AIRFLOW_CTX_DAG_RUN_ID=scheduled__2022-12-03T00:00:00+00:00
[2022-12-29T17:29:14.490-0300] {logging_mixin.py:137} INFO - Assay downloaded.
[2022-12-29T17:29:14.510-0300] {logging_mixin.py:137} INFO - Assay.tsv saved.
[2022-12-29T17:29:16.159-0300] {logging_mixin.py:137} INFO - Antibodies downloaded.
[2022-12-29T17:29:16.160-0300] {logging_mixin.py:137} INFO - Antibodies.tsv saved.
[2022-12-29T17:29:17.300-0300] {logging_mixin.py:137} INFO - Antibodies_germlines downloaded.
[2022-12-29T17:29:17.301-0300] {logging_mixin.py:137} INFO - Antibodies_germlines.tsv saved.
[2022-12-29T17:29:19.346-0300] {logging_mixin.py:137} INFO - Antibody_heavy_chain_na_sequences downloaded.
[2022-12-29T17:29:19.347-0300] {logging_mixin.py:137} INFO - Antibody_heavy_chain_na_sequences.fasta saved.
[2022-12-29T17:29:20.771-0300] {logging_mixin.py:137} INFO - Antibody_heavy_chain_aa_sequences downloaded.
[2022-12-29T17:29:20.773-0300] {logging_mixin.py:137} INFO - Antibody_heavy_chain_aa_sequences.fasta saved.
[2022-12-29T17:29:22.488-0300] {logging_mixin.py:137} INFO - Antibody_light_chain_na_sequences downloaded.
[2022-12-29T17:29:22.490-0300] {logging_mixin.py:137} INFO - Antibody_light_chain_na_sequences.fasta saved.
[2022-12-29T17:29:23.889-0300] {logging_mixin.py:137} INFO - Antibody_light_chain_aa_sequences downloaded.
[2022-12-29T17:29:23.890-0300] {logging_mixin.py:137} INFO - Antibody_light_chain_aa_sequences.fasta saved.
[2022-12-29T17:29:25.947-0300] {logging_mixin.py:137} INFO - Viruses downloaded.
[2022-12-29T17:29:25.948-0300] {logging_mixin.py:137} INFO - Viruses.tsv saved.
[2022-12-29T17:29:41.936-0300] {logging_mixin.py:137} INFO - Virus_na_alignment downloaded.
[2022-12-29T17:29:41.943-0300] {logging_mixin.py:137} INFO - Virus_na_alignment.tsv saved.
[2022-12-29T17:29:48.453-0300] {logging_mixin.py:137} INFO - Virus_aa_alignment downloaded.
[2022-12-29T17:29:48.456-0300] {logging_mixin.py:137} INFO - Virus_aa_alignment.tsv saved.
[2022-12-29T17:29:48.457-0300] {python.py:177} INFO - Done. Returned value was: None
[2022-12-29T17:29:48.476-0300] {taskinstance.py:1327} INFO - Marking task as SUCCESS. dag_id=download_catnap, task_id=download_files, execution_date=20221203T000000, start_date=20221229T202837, end_date=20221229T202948
[2022-12-29T17:29:48.521-0300] {local_task_job.py:159} INFO - Task exited with return code 0
[2022-12-29T17:29:48.574-0300] {taskinstance.py:2582} INFO - 1 downstream tasks scheduled from follow-on schedule check
