[2022-12-29T17:27:00.393-0300] {taskinstance.py:1087} INFO - Dependencies all met for <TaskInstance: download_catnap.download_files scheduled__2022-11-05T00:00:00+00:00 [queued]>
[2022-12-29T17:27:00.417-0300] {taskinstance.py:1087} INFO - Dependencies all met for <TaskInstance: download_catnap.download_files scheduled__2022-11-05T00:00:00+00:00 [queued]>
[2022-12-29T17:27:00.417-0300] {taskinstance.py:1283} INFO - 
--------------------------------------------------------------------------------
[2022-12-29T17:27:00.417-0300] {taskinstance.py:1284} INFO - Starting attempt 1 of 1
[2022-12-29T17:27:00.417-0300] {taskinstance.py:1285} INFO - 
--------------------------------------------------------------------------------
[2022-12-29T17:27:00.445-0300] {taskinstance.py:1304} INFO - Executing <Task(PythonOperator): download_files> on 2022-11-05 00:00:00+00:00
[2022-12-29T17:27:00.455-0300] {standard_task_runner.py:55} INFO - Started process 25070 to run task
[2022-12-29T17:27:00.462-0300] {standard_task_runner.py:82} INFO - Running: ['***', 'tasks', 'run', 'download_catnap', 'download_files', 'scheduled__2022-11-05T00:00:00+00:00', '--job-id', '35', '--raw', '--subdir', 'DAGS_FOLDER/download_catnap.py', '--cfg-path', '/tmp/tmpcmz8ik6t']
[2022-12-29T17:27:00.465-0300] {standard_task_runner.py:83} INFO - Job 35: Subtask download_files
[2022-12-29T17:27:00.631-0300] {task_command.py:389} INFO - Running <TaskInstance: download_catnap.download_files scheduled__2022-11-05T00:00:00+00:00 [running]> on host kallo-Ubuntu
[2022-12-29T17:27:00.782-0300] {taskinstance.py:1513} INFO - Exporting the following env vars:
AIRFLOW_CTX_DAG_OWNER=admin
AIRFLOW_CTX_DAG_ID=download_catnap
AIRFLOW_CTX_TASK_ID=download_files
AIRFLOW_CTX_EXECUTION_DATE=2022-11-05T00:00:00+00:00
AIRFLOW_CTX_TRY_NUMBER=1
AIRFLOW_CTX_DAG_RUN_ID=scheduled__2022-11-05T00:00:00+00:00
[2022-12-29T17:27:36.769-0300] {logging_mixin.py:137} INFO - Assay downloaded.
[2022-12-29T17:27:36.777-0300] {logging_mixin.py:137} INFO - Assay.tsv saved.
[2022-12-29T17:27:38.911-0300] {logging_mixin.py:137} INFO - Antibodies downloaded.
[2022-12-29T17:27:38.911-0300] {logging_mixin.py:137} INFO - Antibodies.tsv saved.
[2022-12-29T17:27:40.145-0300] {logging_mixin.py:137} INFO - Antibodies_germlines downloaded.
[2022-12-29T17:27:40.147-0300] {logging_mixin.py:137} INFO - Antibodies_germlines.tsv saved.
[2022-12-29T17:27:41.847-0300] {logging_mixin.py:137} INFO - Antibody_heavy_chain_na_sequences downloaded.
[2022-12-29T17:27:41.848-0300] {logging_mixin.py:137} INFO - Antibody_heavy_chain_na_sequences.fasta saved.
[2022-12-29T17:27:43.279-0300] {logging_mixin.py:137} INFO - Antibody_heavy_chain_aa_sequences downloaded.
[2022-12-29T17:27:43.280-0300] {logging_mixin.py:137} INFO - Antibody_heavy_chain_aa_sequences.fasta saved.
[2022-12-29T17:27:45.115-0300] {logging_mixin.py:137} INFO - Antibody_light_chain_na_sequences downloaded.
[2022-12-29T17:27:45.116-0300] {logging_mixin.py:137} INFO - Antibody_light_chain_na_sequences.fasta saved.
[2022-12-29T17:27:46.469-0300] {logging_mixin.py:137} INFO - Antibody_light_chain_aa_sequences downloaded.
[2022-12-29T17:27:46.470-0300] {logging_mixin.py:137} INFO - Antibody_light_chain_aa_sequences.fasta saved.
[2022-12-29T17:27:48.474-0300] {logging_mixin.py:137} INFO - Viruses downloaded.
[2022-12-29T17:27:48.476-0300] {logging_mixin.py:137} INFO - Viruses.tsv saved.
[2022-12-29T17:28:05.680-0300] {logging_mixin.py:137} INFO - Virus_na_alignment downloaded.
[2022-12-29T17:28:05.686-0300] {logging_mixin.py:137} INFO - Virus_na_alignment.tsv saved.
[2022-12-29T17:28:12.369-0300] {logging_mixin.py:137} INFO - Virus_aa_alignment downloaded.
[2022-12-29T17:28:12.372-0300] {logging_mixin.py:137} INFO - Virus_aa_alignment.tsv saved.
[2022-12-29T17:28:12.373-0300] {python.py:177} INFO - Done. Returned value was: None
[2022-12-29T17:28:12.388-0300] {taskinstance.py:1327} INFO - Marking task as SUCCESS. dag_id=download_catnap, task_id=download_files, execution_date=20221105T000000, start_date=20221229T202700, end_date=20221229T202812
[2022-12-29T17:28:12.451-0300] {local_task_job.py:159} INFO - Task exited with return code 0
[2022-12-29T17:28:12.496-0300] {taskinstance.py:2582} INFO - 1 downstream tasks scheduled from follow-on schedule check
