[2023-01-01T21:01:00.243-0300] {taskinstance.py:1087} INFO - Dependencies all met for <TaskInstance: get_interactions.string.get_uniprot_ids manual__2023-01-02T00:00:56.572641+00:00 [queued]>
[2023-01-01T21:01:00.256-0300] {taskinstance.py:1087} INFO - Dependencies all met for <TaskInstance: get_interactions.string.get_uniprot_ids manual__2023-01-02T00:00:56.572641+00:00 [queued]>
[2023-01-01T21:01:00.257-0300] {taskinstance.py:1283} INFO - 
--------------------------------------------------------------------------------
[2023-01-01T21:01:00.257-0300] {taskinstance.py:1284} INFO - Starting attempt 1 of 1
[2023-01-01T21:01:00.257-0300] {taskinstance.py:1285} INFO - 
--------------------------------------------------------------------------------
[2023-01-01T21:01:00.269-0300] {taskinstance.py:1304} INFO - Executing <Task(PythonOperator): string.get_uniprot_ids> on 2023-01-02 00:00:56.572641+00:00
[2023-01-01T21:01:00.273-0300] {standard_task_runner.py:55} INFO - Started process 11734 to run task
[2023-01-01T21:01:00.275-0300] {standard_task_runner.py:82} INFO - Running: ['***', 'tasks', 'run', 'get_interactions', 'string.get_uniprot_ids', 'manual__2023-01-02T00:00:56.572641+00:00', '--job-id', '169', '--raw', '--subdir', 'DAGS_FOLDER/get_interactions.py', '--cfg-path', '/tmp/tmpvf33pce7']
[2023-01-01T21:01:00.276-0300] {standard_task_runner.py:83} INFO - Job 169: Subtask string.get_uniprot_ids
[2023-01-01T21:01:00.348-0300] {task_command.py:389} INFO - Running <TaskInstance: get_interactions.string.get_uniprot_ids manual__2023-01-02T00:00:56.572641+00:00 [running]> on host kallo-Ubuntu
[2023-01-01T21:01:00.424-0300] {taskinstance.py:1513} INFO - Exporting the following env vars:
AIRFLOW_CTX_DAG_OWNER=Kallox
AIRFLOW_CTX_DAG_ID=get_interactions
AIRFLOW_CTX_TASK_ID=string.get_uniprot_ids
AIRFLOW_CTX_EXECUTION_DATE=2023-01-02T00:00:56.572641+00:00
AIRFLOW_CTX_TRY_NUMBER=1
AIRFLOW_CTX_DAG_RUN_ID=manual__2023-01-02T00:00:56.572641+00:00
[2023-01-01T21:01:00.435-0300] {python.py:177} INFO - Done. Returned value was: None
[2023-01-01T21:01:00.448-0300] {taskinstance.py:1327} INFO - Marking task as SUCCESS. dag_id=get_interactions, task_id=string.get_uniprot_ids, execution_date=20230102T000056, start_date=20230102T000100, end_date=20230102T000100
[2023-01-01T21:01:00.487-0300] {local_task_job.py:159} INFO - Task exited with return code 0
[2023-01-01T21:01:00.518-0300] {taskinstance.py:2582} INFO - 1 downstream tasks scheduled from follow-on schedule check
