[2023-01-01T21:02:20.916-0300] {taskinstance.py:1087} INFO - Dependencies all met for <TaskInstance: get_interactions.string.get_uniprot_ids manual__2023-01-02T00:00:56.572641+00:00 [queued]>
[2023-01-01T21:02:20.931-0300] {taskinstance.py:1087} INFO - Dependencies all met for <TaskInstance: get_interactions.string.get_uniprot_ids manual__2023-01-02T00:00:56.572641+00:00 [queued]>
[2023-01-01T21:02:20.931-0300] {taskinstance.py:1283} INFO - 
--------------------------------------------------------------------------------
[2023-01-01T21:02:20.931-0300] {taskinstance.py:1284} INFO - Starting attempt 2 of 2
[2023-01-01T21:02:20.931-0300] {taskinstance.py:1285} INFO - 
--------------------------------------------------------------------------------
[2023-01-01T21:02:20.953-0300] {taskinstance.py:1304} INFO - Executing <Task(PythonOperator): string.get_uniprot_ids> on 2023-01-02 00:00:56.572641+00:00
[2023-01-01T21:02:20.959-0300] {standard_task_runner.py:55} INFO - Started process 12105 to run task
[2023-01-01T21:02:20.963-0300] {standard_task_runner.py:82} INFO - Running: ['***', 'tasks', 'run', 'get_interactions', 'string.get_uniprot_ids', 'manual__2023-01-02T00:00:56.572641+00:00', '--job-id', '175', '--raw', '--subdir', 'DAGS_FOLDER/get_interactions.py', '--cfg-path', '/tmp/tmpnv7ejawn']
[2023-01-01T21:02:20.965-0300] {standard_task_runner.py:83} INFO - Job 175: Subtask string.get_uniprot_ids
[2023-01-01T21:02:21.059-0300] {task_command.py:389} INFO - Running <TaskInstance: get_interactions.string.get_uniprot_ids manual__2023-01-02T00:00:56.572641+00:00 [running]> on host kallo-Ubuntu
[2023-01-01T21:02:21.166-0300] {taskinstance.py:1513} INFO - Exporting the following env vars:
AIRFLOW_CTX_DAG_OWNER=Kallox
AIRFLOW_CTX_DAG_ID=get_interactions
AIRFLOW_CTX_TASK_ID=string.get_uniprot_ids
AIRFLOW_CTX_EXECUTION_DATE=2023-01-02T00:00:56.572641+00:00
AIRFLOW_CTX_TRY_NUMBER=2
AIRFLOW_CTX_DAG_RUN_ID=manual__2023-01-02T00:00:56.572641+00:00
[2023-01-01T21:02:21.175-0300] {python.py:177} INFO - Done. Returned value was: None
[2023-01-01T21:02:21.187-0300] {taskinstance.py:1327} INFO - Marking task as SUCCESS. dag_id=get_interactions, task_id=string.get_uniprot_ids, execution_date=20230102T000056, start_date=20230102T000220, end_date=20230102T000221
[2023-01-01T21:02:21.214-0300] {local_task_job.py:159} INFO - Task exited with return code 0
[2023-01-01T21:02:21.240-0300] {taskinstance.py:2582} INFO - 0 downstream tasks scheduled from follow-on schedule check
