[2023-01-05T23:52:08.910-0300] {taskinstance.py:1087} INFO - Dependencies all met for <TaskInstance: download_catnap.download_files manual__2023-01-06T02:52:06.344318+00:00 [queued]>
[2023-01-05T23:52:08.926-0300] {taskinstance.py:1087} INFO - Dependencies all met for <TaskInstance: download_catnap.download_files manual__2023-01-06T02:52:06.344318+00:00 [queued]>
[2023-01-05T23:52:08.927-0300] {taskinstance.py:1283} INFO - 
--------------------------------------------------------------------------------
[2023-01-05T23:52:08.927-0300] {taskinstance.py:1284} INFO - Starting attempt 1 of 1
[2023-01-05T23:52:08.927-0300] {taskinstance.py:1285} INFO - 
--------------------------------------------------------------------------------
[2023-01-05T23:52:08.952-0300] {taskinstance.py:1304} INFO - Executing <Task(PythonOperator): download_files> on 2023-01-06 02:52:06.344318+00:00
[2023-01-05T23:52:08.960-0300] {standard_task_runner.py:55} INFO - Started process 77146 to run task
[2023-01-05T23:52:08.965-0300] {standard_task_runner.py:82} INFO - Running: ['***', 'tasks', 'run', 'download_catnap', 'download_files', 'manual__2023-01-06T02:52:06.344318+00:00', '--job-id', '263', '--raw', '--subdir', 'DAGS_FOLDER/download_catnap.py', '--cfg-path', '/tmp/tmpi2s516vq']
[2023-01-05T23:52:08.967-0300] {standard_task_runner.py:83} INFO - Job 263: Subtask download_files
[2023-01-05T23:52:09.059-0300] {task_command.py:389} INFO - Running <TaskInstance: download_catnap.download_files manual__2023-01-06T02:52:06.344318+00:00 [running]> on host kallo-Ubuntu
[2023-01-05T23:52:09.164-0300] {taskinstance.py:1513} INFO - Exporting the following env vars:
AIRFLOW_CTX_DAG_OWNER=admin
AIRFLOW_CTX_DAG_ID=download_catnap
AIRFLOW_CTX_TASK_ID=download_files
AIRFLOW_CTX_EXECUTION_DATE=2023-01-06T02:52:06.344318+00:00
AIRFLOW_CTX_TRY_NUMBER=1
AIRFLOW_CTX_DAG_RUN_ID=manual__2023-01-06T02:52:06.344318+00:00
[2023-01-05T23:52:46.127-0300] {logging_mixin.py:137} INFO - Assay downloaded.
[2023-01-05T23:52:46.152-0300] {logging_mixin.py:137} INFO - Assay.tsv saved.
[2023-01-05T23:52:47.888-0300] {logging_mixin.py:137} INFO - Antibodies downloaded.
[2023-01-05T23:52:47.898-0300] {logging_mixin.py:137} INFO - Antibodies.tsv saved.
[2023-01-05T23:52:49.109-0300] {logging_mixin.py:137} INFO - Antibodies_germlines downloaded.
[2023-01-05T23:52:49.110-0300] {logging_mixin.py:137} INFO - Antibodies_germlines.tsv saved.
[2023-01-05T23:52:50.902-0300] {logging_mixin.py:137} INFO - Antibody_heavy_chain_na_sequences downloaded.
[2023-01-05T23:52:50.904-0300] {logging_mixin.py:137} INFO - Antibody_heavy_chain_na_sequences.fasta saved.
[2023-01-05T23:52:52.349-0300] {logging_mixin.py:137} INFO - Antibody_heavy_chain_aa_sequences downloaded.
[2023-01-05T23:52:52.351-0300] {logging_mixin.py:137} INFO - Antibody_heavy_chain_aa_sequences.fasta saved.
[2023-01-05T23:52:53.971-0300] {logging_mixin.py:137} INFO - Antibody_light_chain_na_sequences downloaded.
[2023-01-05T23:52:53.974-0300] {logging_mixin.py:137} INFO - Antibody_light_chain_na_sequences.fasta saved.
[2023-01-05T23:52:55.344-0300] {logging_mixin.py:137} INFO - Antibody_light_chain_aa_sequences downloaded.
[2023-01-05T23:52:55.344-0300] {logging_mixin.py:137} INFO - Antibody_light_chain_aa_sequences.fasta saved.
[2023-01-05T23:52:57.399-0300] {logging_mixin.py:137} INFO - Viruses downloaded.
[2023-01-05T23:52:57.401-0300] {logging_mixin.py:137} INFO - Viruses.tsv saved.
[2023-01-05T23:53:15.109-0300] {logging_mixin.py:137} INFO - Virus_na_alignment downloaded.
[2023-01-05T23:53:15.129-0300] {logging_mixin.py:137} INFO - Virus_na_alignment.tsv saved.
[2023-01-05T23:53:22.147-0300] {logging_mixin.py:137} INFO - Virus_aa_alignment downloaded.
[2023-01-05T23:53:22.152-0300] {logging_mixin.py:137} INFO - Virus_aa_alignment.tsv saved.
[2023-01-05T23:53:22.153-0300] {python.py:177} INFO - Done. Returned value was: None
[2023-01-05T23:53:22.178-0300] {taskinstance.py:1327} INFO - Marking task as SUCCESS. dag_id=download_catnap, task_id=download_files, execution_date=20230106T025206, start_date=20230106T025208, end_date=20230106T025322
[2023-01-05T23:53:22.252-0300] {local_task_job.py:159} INFO - Task exited with return code 0
[2023-01-05T23:53:22.292-0300] {taskinstance.py:2582} INFO - 1 downstream tasks scheduled from follow-on schedule check
