[2022-12-29T17:28:36.766-0300] {taskinstance.py:1087} INFO - Dependencies all met for <TaskInstance: download_catnap.download_files scheduled__2022-11-28T00:00:00+00:00 [queued]>
[2022-12-29T17:28:36.779-0300] {taskinstance.py:1087} INFO - Dependencies all met for <TaskInstance: download_catnap.download_files scheduled__2022-11-28T00:00:00+00:00 [queued]>
[2022-12-29T17:28:36.779-0300] {taskinstance.py:1283} INFO - 
--------------------------------------------------------------------------------
[2022-12-29T17:28:36.779-0300] {taskinstance.py:1284} INFO - Starting attempt 1 of 1
[2022-12-29T17:28:36.779-0300] {taskinstance.py:1285} INFO - 
--------------------------------------------------------------------------------
[2022-12-29T17:28:36.793-0300] {taskinstance.py:1304} INFO - Executing <Task(PythonOperator): download_files> on 2022-11-28 00:00:00+00:00
[2022-12-29T17:28:36.798-0300] {standard_task_runner.py:55} INFO - Started process 27526 to run task
[2022-12-29T17:28:36.800-0300] {standard_task_runner.py:82} INFO - Running: ['***', 'tasks', 'run', 'download_catnap', 'download_files', 'scheduled__2022-11-28T00:00:00+00:00', '--job-id', '72', '--raw', '--subdir', 'DAGS_FOLDER/download_catnap.py', '--cfg-path', '/tmp/tmpj2fjh4cs']
[2022-12-29T17:28:36.801-0300] {standard_task_runner.py:83} INFO - Job 72: Subtask download_files
[2022-12-29T17:28:36.906-0300] {task_command.py:389} INFO - Running <TaskInstance: download_catnap.download_files scheduled__2022-11-28T00:00:00+00:00 [running]> on host kallo-Ubuntu
[2022-12-29T17:28:37.023-0300] {taskinstance.py:1513} INFO - Exporting the following env vars:
AIRFLOW_CTX_DAG_OWNER=admin
AIRFLOW_CTX_DAG_ID=download_catnap
AIRFLOW_CTX_TASK_ID=download_files
AIRFLOW_CTX_EXECUTION_DATE=2022-11-28T00:00:00+00:00
AIRFLOW_CTX_TRY_NUMBER=1
AIRFLOW_CTX_DAG_RUN_ID=scheduled__2022-11-28T00:00:00+00:00
[2022-12-29T17:29:13.326-0300] {logging_mixin.py:137} INFO - Assay downloaded.
[2022-12-29T17:29:13.349-0300] {logging_mixin.py:137} INFO - Assay.tsv saved.
[2022-12-29T17:29:15.020-0300] {logging_mixin.py:137} INFO - Antibodies downloaded.
[2022-12-29T17:29:15.021-0300] {logging_mixin.py:137} INFO - Antibodies.tsv saved.
[2022-12-29T17:29:16.154-0300] {logging_mixin.py:137} INFO - Antibodies_germlines downloaded.
[2022-12-29T17:29:16.155-0300] {logging_mixin.py:137} INFO - Antibodies_germlines.tsv saved.
[2022-12-29T17:29:17.958-0300] {logging_mixin.py:137} INFO - Antibody_heavy_chain_na_sequences downloaded.
[2022-12-29T17:29:17.961-0300] {logging_mixin.py:137} INFO - Antibody_heavy_chain_na_sequences.fasta saved.
[2022-12-29T17:29:19.598-0300] {logging_mixin.py:137} INFO - Antibody_heavy_chain_aa_sequences downloaded.
[2022-12-29T17:29:19.599-0300] {logging_mixin.py:137} INFO - Antibody_heavy_chain_aa_sequences.fasta saved.
[2022-12-29T17:29:21.191-0300] {logging_mixin.py:137} INFO - Antibody_light_chain_na_sequences downloaded.
[2022-12-29T17:29:21.193-0300] {logging_mixin.py:137} INFO - Antibody_light_chain_na_sequences.fasta saved.
[2022-12-29T17:29:22.538-0300] {logging_mixin.py:137} INFO - Antibody_light_chain_aa_sequences downloaded.
[2022-12-29T17:29:22.538-0300] {logging_mixin.py:137} INFO - Antibody_light_chain_aa_sequences.fasta saved.
[2022-12-29T17:29:24.412-0300] {logging_mixin.py:137} INFO - Viruses downloaded.
[2022-12-29T17:29:24.412-0300] {logging_mixin.py:137} INFO - Viruses.tsv saved.
[2022-12-29T17:29:40.941-0300] {logging_mixin.py:137} INFO - Virus_na_alignment downloaded.
[2022-12-29T17:29:40.946-0300] {logging_mixin.py:137} INFO - Virus_na_alignment.tsv saved.
[2022-12-29T17:29:47.174-0300] {logging_mixin.py:137} INFO - Virus_aa_alignment downloaded.
[2022-12-29T17:29:47.177-0300] {logging_mixin.py:137} INFO - Virus_aa_alignment.tsv saved.
[2022-12-29T17:29:47.177-0300] {python.py:177} INFO - Done. Returned value was: None
[2022-12-29T17:29:47.193-0300] {taskinstance.py:1327} INFO - Marking task as SUCCESS. dag_id=download_catnap, task_id=download_files, execution_date=20221128T000000, start_date=20221229T202836, end_date=20221229T202947
[2022-12-29T17:29:47.299-0300] {local_task_job.py:159} INFO - Task exited with return code 0
[2022-12-29T17:29:47.350-0300] {taskinstance.py:2582} INFO - 1 downstream tasks scheduled from follow-on schedule check
