[2022-12-29T17:28:34.581-0300] {taskinstance.py:1087} INFO - Dependencies all met for <TaskInstance: download_catnap.download_files scheduled__2022-11-18T00:00:00+00:00 [queued]>
[2022-12-29T17:28:34.599-0300] {taskinstance.py:1087} INFO - Dependencies all met for <TaskInstance: download_catnap.download_files scheduled__2022-11-18T00:00:00+00:00 [queued]>
[2022-12-29T17:28:34.599-0300] {taskinstance.py:1283} INFO - 
--------------------------------------------------------------------------------
[2022-12-29T17:28:34.600-0300] {taskinstance.py:1284} INFO - Starting attempt 1 of 1
[2022-12-29T17:28:34.600-0300] {taskinstance.py:1285} INFO - 
--------------------------------------------------------------------------------
[2022-12-29T17:28:34.672-0300] {taskinstance.py:1304} INFO - Executing <Task(PythonOperator): download_files> on 2022-11-18 00:00:00+00:00
[2022-12-29T17:28:34.678-0300] {standard_task_runner.py:55} INFO - Started process 27243 to run task
[2022-12-29T17:28:34.681-0300] {standard_task_runner.py:82} INFO - Running: ['***', 'tasks', 'run', 'download_catnap', 'download_files', 'scheduled__2022-11-18T00:00:00+00:00', '--job-id', '62', '--raw', '--subdir', 'DAGS_FOLDER/download_catnap.py', '--cfg-path', '/tmp/tmp_shfayy0']
[2022-12-29T17:28:34.682-0300] {standard_task_runner.py:83} INFO - Job 62: Subtask download_files
[2022-12-29T17:28:34.798-0300] {task_command.py:389} INFO - Running <TaskInstance: download_catnap.download_files scheduled__2022-11-18T00:00:00+00:00 [running]> on host kallo-Ubuntu
[2022-12-29T17:28:34.917-0300] {taskinstance.py:1513} INFO - Exporting the following env vars:
AIRFLOW_CTX_DAG_OWNER=admin
AIRFLOW_CTX_DAG_ID=download_catnap
AIRFLOW_CTX_TASK_ID=download_files
AIRFLOW_CTX_EXECUTION_DATE=2022-11-18T00:00:00+00:00
AIRFLOW_CTX_TRY_NUMBER=1
AIRFLOW_CTX_DAG_RUN_ID=scheduled__2022-11-18T00:00:00+00:00
[2022-12-29T17:29:10.762-0300] {logging_mixin.py:137} INFO - Assay downloaded.
[2022-12-29T17:29:10.772-0300] {logging_mixin.py:137} INFO - Assay.tsv saved.
[2022-12-29T17:29:12.155-0300] {logging_mixin.py:137} INFO - Antibodies downloaded.
[2022-12-29T17:29:12.157-0300] {logging_mixin.py:137} INFO - Antibodies.tsv saved.
[2022-12-29T17:29:13.365-0300] {logging_mixin.py:137} INFO - Antibodies_germlines downloaded.
[2022-12-29T17:29:13.367-0300] {logging_mixin.py:137} INFO - Antibodies_germlines.tsv saved.
[2022-12-29T17:29:15.252-0300] {logging_mixin.py:137} INFO - Antibody_heavy_chain_na_sequences downloaded.
[2022-12-29T17:29:15.253-0300] {logging_mixin.py:137} INFO - Antibody_heavy_chain_na_sequences.fasta saved.
[2022-12-29T17:29:16.725-0300] {logging_mixin.py:137} INFO - Antibody_heavy_chain_aa_sequences downloaded.
[2022-12-29T17:29:16.726-0300] {logging_mixin.py:137} INFO - Antibody_heavy_chain_aa_sequences.fasta saved.
[2022-12-29T17:29:18.311-0300] {logging_mixin.py:137} INFO - Antibody_light_chain_na_sequences downloaded.
[2022-12-29T17:29:18.312-0300] {logging_mixin.py:137} INFO - Antibody_light_chain_na_sequences.fasta saved.
[2022-12-29T17:29:19.768-0300] {logging_mixin.py:137} INFO - Antibody_light_chain_aa_sequences downloaded.
[2022-12-29T17:29:19.770-0300] {logging_mixin.py:137} INFO - Antibody_light_chain_aa_sequences.fasta saved.
[2022-12-29T17:29:22.090-0300] {logging_mixin.py:137} INFO - Viruses downloaded.
[2022-12-29T17:29:22.091-0300] {logging_mixin.py:137} INFO - Viruses.tsv saved.
[2022-12-29T17:29:38.377-0300] {logging_mixin.py:137} INFO - Virus_na_alignment downloaded.
[2022-12-29T17:29:38.382-0300] {logging_mixin.py:137} INFO - Virus_na_alignment.tsv saved.
[2022-12-29T17:29:44.518-0300] {logging_mixin.py:137} INFO - Virus_aa_alignment downloaded.
[2022-12-29T17:29:44.522-0300] {logging_mixin.py:137} INFO - Virus_aa_alignment.tsv saved.
[2022-12-29T17:29:44.523-0300] {python.py:177} INFO - Done. Returned value was: None
[2022-12-29T17:29:44.539-0300] {taskinstance.py:1327} INFO - Marking task as SUCCESS. dag_id=download_catnap, task_id=download_files, execution_date=20221118T000000, start_date=20221229T202834, end_date=20221229T202944
[2022-12-29T17:29:44.572-0300] {local_task_job.py:159} INFO - Task exited with return code 0
[2022-12-29T17:29:44.606-0300] {taskinstance.py:2582} INFO - 1 downstream tasks scheduled from follow-on schedule check
