[2022-12-29T17:29:46.394-0300] {taskinstance.py:1087} INFO - Dependencies all met for <TaskInstance: download_catnap.extract_files scheduled__2022-11-18T00:00:00+00:00 [queued]>
[2022-12-29T17:29:46.406-0300] {taskinstance.py:1087} INFO - Dependencies all met for <TaskInstance: download_catnap.extract_files scheduled__2022-11-18T00:00:00+00:00 [queued]>
[2022-12-29T17:29:46.407-0300] {taskinstance.py:1283} INFO - 
--------------------------------------------------------------------------------
[2022-12-29T17:29:46.407-0300] {taskinstance.py:1284} INFO - Starting attempt 1 of 1
[2022-12-29T17:29:46.407-0300] {taskinstance.py:1285} INFO - 
--------------------------------------------------------------------------------
[2022-12-29T17:29:46.421-0300] {taskinstance.py:1304} INFO - Executing <Task(PythonOperator): extract_files> on 2022-11-18 00:00:00+00:00
[2022-12-29T17:29:46.426-0300] {standard_task_runner.py:55} INFO - Started process 29055 to run task
[2022-12-29T17:29:46.428-0300] {standard_task_runner.py:82} INFO - Running: ['***', 'tasks', 'run', 'download_catnap', 'extract_files', 'scheduled__2022-11-18T00:00:00+00:00', '--job-id', '79', '--raw', '--subdir', 'DAGS_FOLDER/download_catnap.py', '--cfg-path', '/tmp/tmppfuxszyk']
[2022-12-29T17:29:46.428-0300] {standard_task_runner.py:83} INFO - Job 79: Subtask extract_files
[2022-12-29T17:29:46.504-0300] {task_command.py:389} INFO - Running <TaskInstance: download_catnap.extract_files scheduled__2022-11-18T00:00:00+00:00 [running]> on host kallo-Ubuntu
[2022-12-29T17:29:46.583-0300] {taskinstance.py:1513} INFO - Exporting the following env vars:
AIRFLOW_CTX_DAG_OWNER=admin
AIRFLOW_CTX_DAG_ID=download_catnap
AIRFLOW_CTX_TASK_ID=extract_files
AIRFLOW_CTX_EXECUTION_DATE=2022-11-18T00:00:00+00:00
AIRFLOW_CTX_TRY_NUMBER=1
AIRFLOW_CTX_DAG_RUN_ID=scheduled__2022-11-18T00:00:00+00:00
[2022-12-29T17:29:47.901-0300] {python.py:177} INFO - Done. Returned value was: None
[2022-12-29T17:29:47.924-0300] {taskinstance.py:1327} INFO - Marking task as SUCCESS. dag_id=download_catnap, task_id=extract_files, execution_date=20221118T000000, start_date=20221229T202946, end_date=20221229T202947
[2022-12-29T17:29:48.084-0300] {local_task_job.py:159} INFO - Task exited with return code 0
[2022-12-29T17:29:48.130-0300] {taskinstance.py:2582} INFO - 1 downstream tasks scheduled from follow-on schedule check
