[2022-12-29T17:30:00.295-0300] {taskinstance.py:1087} INFO - Dependencies all met for <TaskInstance: download_catnap.download_files scheduled__2022-12-12T00:00:00+00:00 [queued]>
[2022-12-29T17:30:00.310-0300] {taskinstance.py:1087} INFO - Dependencies all met for <TaskInstance: download_catnap.download_files scheduled__2022-12-12T00:00:00+00:00 [queued]>
[2022-12-29T17:30:00.310-0300] {taskinstance.py:1283} INFO - 
--------------------------------------------------------------------------------
[2022-12-29T17:30:00.310-0300] {taskinstance.py:1284} INFO - Starting attempt 1 of 1
[2022-12-29T17:30:00.310-0300] {taskinstance.py:1285} INFO - 
--------------------------------------------------------------------------------
[2022-12-29T17:30:00.469-0300] {taskinstance.py:1304} INFO - Executing <Task(PythonOperator): download_files> on 2022-12-12 00:00:00+00:00
[2022-12-29T17:30:00.474-0300] {standard_task_runner.py:55} INFO - Started process 29547 to run task
[2022-12-29T17:30:00.476-0300] {standard_task_runner.py:82} INFO - Running: ['***', 'tasks', 'run', 'download_catnap', 'download_files', 'scheduled__2022-12-12T00:00:00+00:00', '--job-id', '102', '--raw', '--subdir', 'DAGS_FOLDER/download_catnap.py', '--cfg-path', '/tmp/tmpkjsj_49x']
[2022-12-29T17:30:00.477-0300] {standard_task_runner.py:83} INFO - Job 102: Subtask download_files
[2022-12-29T17:30:00.566-0300] {task_command.py:389} INFO - Running <TaskInstance: download_catnap.download_files scheduled__2022-12-12T00:00:00+00:00 [running]> on host kallo-Ubuntu
[2022-12-29T17:30:00.675-0300] {taskinstance.py:1513} INFO - Exporting the following env vars:
AIRFLOW_CTX_DAG_OWNER=admin
AIRFLOW_CTX_DAG_ID=download_catnap
AIRFLOW_CTX_TASK_ID=download_files
AIRFLOW_CTX_EXECUTION_DATE=2022-12-12T00:00:00+00:00
AIRFLOW_CTX_TRY_NUMBER=1
AIRFLOW_CTX_DAG_RUN_ID=scheduled__2022-12-12T00:00:00+00:00
[2022-12-29T17:30:38.761-0300] {logging_mixin.py:137} INFO - Assay downloaded.
[2022-12-29T17:30:38.774-0300] {logging_mixin.py:137} INFO - Assay.tsv saved.
[2022-12-29T17:30:40.375-0300] {logging_mixin.py:137} INFO - Antibodies downloaded.
[2022-12-29T17:30:40.376-0300] {logging_mixin.py:137} INFO - Antibodies.tsv saved.
[2022-12-29T17:30:41.549-0300] {logging_mixin.py:137} INFO - Antibodies_germlines downloaded.
[2022-12-29T17:30:41.550-0300] {logging_mixin.py:137} INFO - Antibodies_germlines.tsv saved.
[2022-12-29T17:30:43.415-0300] {logging_mixin.py:137} INFO - Antibody_heavy_chain_na_sequences downloaded.
[2022-12-29T17:30:43.417-0300] {logging_mixin.py:137} INFO - Antibody_heavy_chain_na_sequences.fasta saved.
[2022-12-29T17:30:44.798-0300] {logging_mixin.py:137} INFO - Antibody_heavy_chain_aa_sequences downloaded.
[2022-12-29T17:30:44.800-0300] {logging_mixin.py:137} INFO - Antibody_heavy_chain_aa_sequences.fasta saved.
[2022-12-29T17:30:46.350-0300] {logging_mixin.py:137} INFO - Antibody_light_chain_na_sequences downloaded.
[2022-12-29T17:30:46.352-0300] {logging_mixin.py:137} INFO - Antibody_light_chain_na_sequences.fasta saved.
[2022-12-29T17:30:47.781-0300] {logging_mixin.py:137} INFO - Antibody_light_chain_aa_sequences downloaded.
[2022-12-29T17:30:47.782-0300] {logging_mixin.py:137} INFO - Antibody_light_chain_aa_sequences.fasta saved.
[2022-12-29T17:30:49.821-0300] {logging_mixin.py:137} INFO - Viruses downloaded.
[2022-12-29T17:30:49.822-0300] {logging_mixin.py:137} INFO - Viruses.tsv saved.
[2022-12-29T17:31:06.335-0300] {logging_mixin.py:137} INFO - Virus_na_alignment downloaded.
[2022-12-29T17:31:06.340-0300] {logging_mixin.py:137} INFO - Virus_na_alignment.tsv saved.
[2022-12-29T17:31:12.398-0300] {logging_mixin.py:137} INFO - Virus_aa_alignment downloaded.
[2022-12-29T17:31:12.401-0300] {logging_mixin.py:137} INFO - Virus_aa_alignment.tsv saved.
[2022-12-29T17:31:12.401-0300] {python.py:177} INFO - Done. Returned value was: None
[2022-12-29T17:31:12.419-0300] {taskinstance.py:1327} INFO - Marking task as SUCCESS. dag_id=download_catnap, task_id=download_files, execution_date=20221212T000000, start_date=20221229T203000, end_date=20221229T203112
[2022-12-29T17:31:12.464-0300] {local_task_job.py:159} INFO - Task exited with return code 0
[2022-12-29T17:31:12.671-0300] {taskinstance.py:2582} INFO - 0 downstream tasks scheduled from follow-on schedule check
