[2022-12-29T17:28:34.931-0300] {taskinstance.py:1087} INFO - Dependencies all met for <TaskInstance: download_catnap.download_files scheduled__2022-11-20T00:00:00+00:00 [queued]>
[2022-12-29T17:28:34.953-0300] {taskinstance.py:1087} INFO - Dependencies all met for <TaskInstance: download_catnap.download_files scheduled__2022-11-20T00:00:00+00:00 [queued]>
[2022-12-29T17:28:34.953-0300] {taskinstance.py:1283} INFO - 
--------------------------------------------------------------------------------
[2022-12-29T17:28:34.953-0300] {taskinstance.py:1284} INFO - Starting attempt 1 of 1
[2022-12-29T17:28:34.953-0300] {taskinstance.py:1285} INFO - 
--------------------------------------------------------------------------------
[2022-12-29T17:28:34.976-0300] {taskinstance.py:1304} INFO - Executing <Task(PythonOperator): download_files> on 2022-11-20 00:00:00+00:00
[2022-12-29T17:28:34.983-0300] {standard_task_runner.py:55} INFO - Started process 27271 to run task
[2022-12-29T17:28:34.988-0300] {standard_task_runner.py:82} INFO - Running: ['***', 'tasks', 'run', 'download_catnap', 'download_files', 'scheduled__2022-11-20T00:00:00+00:00', '--job-id', '64', '--raw', '--subdir', 'DAGS_FOLDER/download_catnap.py', '--cfg-path', '/tmp/tmp1uaohgdw']
[2022-12-29T17:28:34.990-0300] {standard_task_runner.py:83} INFO - Job 64: Subtask download_files
[2022-12-29T17:28:35.121-0300] {task_command.py:389} INFO - Running <TaskInstance: download_catnap.download_files scheduled__2022-11-20T00:00:00+00:00 [running]> on host kallo-Ubuntu
[2022-12-29T17:28:35.245-0300] {taskinstance.py:1513} INFO - Exporting the following env vars:
AIRFLOW_CTX_DAG_OWNER=admin
AIRFLOW_CTX_DAG_ID=download_catnap
AIRFLOW_CTX_TASK_ID=download_files
AIRFLOW_CTX_EXECUTION_DATE=2022-11-20T00:00:00+00:00
AIRFLOW_CTX_TRY_NUMBER=1
AIRFLOW_CTX_DAG_RUN_ID=scheduled__2022-11-20T00:00:00+00:00
[2022-12-29T17:29:09.810-0300] {logging_mixin.py:137} INFO - Assay downloaded.
[2022-12-29T17:29:09.820-0300] {logging_mixin.py:137} INFO - Assay.tsv saved.
[2022-12-29T17:29:11.248-0300] {logging_mixin.py:137} INFO - Antibodies downloaded.
[2022-12-29T17:29:11.249-0300] {logging_mixin.py:137} INFO - Antibodies.tsv saved.
[2022-12-29T17:29:12.347-0300] {logging_mixin.py:137} INFO - Antibodies_germlines downloaded.
[2022-12-29T17:29:12.347-0300] {logging_mixin.py:137} INFO - Antibodies_germlines.tsv saved.
[2022-12-29T17:29:13.905-0300] {logging_mixin.py:137} INFO - Antibody_heavy_chain_na_sequences downloaded.
[2022-12-29T17:29:13.906-0300] {logging_mixin.py:137} INFO - Antibody_heavy_chain_na_sequences.fasta saved.
[2022-12-29T17:29:15.313-0300] {logging_mixin.py:137} INFO - Antibody_heavy_chain_aa_sequences downloaded.
[2022-12-29T17:29:15.314-0300] {logging_mixin.py:137} INFO - Antibody_heavy_chain_aa_sequences.fasta saved.
[2022-12-29T17:29:16.951-0300] {logging_mixin.py:137} INFO - Antibody_light_chain_na_sequences downloaded.
[2022-12-29T17:29:16.952-0300] {logging_mixin.py:137} INFO - Antibody_light_chain_na_sequences.fasta saved.
[2022-12-29T17:29:18.410-0300] {logging_mixin.py:137} INFO - Antibody_light_chain_aa_sequences downloaded.
[2022-12-29T17:29:18.411-0300] {logging_mixin.py:137} INFO - Antibody_light_chain_aa_sequences.fasta saved.
[2022-12-29T17:29:20.727-0300] {logging_mixin.py:137} INFO - Viruses downloaded.
[2022-12-29T17:29:20.729-0300] {logging_mixin.py:137} INFO - Viruses.tsv saved.
[2022-12-29T17:29:37.055-0300] {logging_mixin.py:137} INFO - Virus_na_alignment downloaded.
[2022-12-29T17:29:37.062-0300] {logging_mixin.py:137} INFO - Virus_na_alignment.tsv saved.
[2022-12-29T17:29:43.682-0300] {logging_mixin.py:137} INFO - Virus_aa_alignment downloaded.
[2022-12-29T17:29:43.684-0300] {logging_mixin.py:137} INFO - Virus_aa_alignment.tsv saved.
[2022-12-29T17:29:43.685-0300] {python.py:177} INFO - Done. Returned value was: None
[2022-12-29T17:29:43.697-0300] {taskinstance.py:1327} INFO - Marking task as SUCCESS. dag_id=download_catnap, task_id=download_files, execution_date=20221120T000000, start_date=20221229T202834, end_date=20221229T202943
[2022-12-29T17:29:43.748-0300] {local_task_job.py:159} INFO - Task exited with return code 0
[2022-12-29T17:29:43.779-0300] {taskinstance.py:2582} INFO - 1 downstream tasks scheduled from follow-on schedule check
