[2023-01-06T00:08:19.427-0300] {taskinstance.py:1087} INFO - Dependencies all met for <TaskInstance: download_catnap.download_files manual__2023-01-06T03:08:17.521289+00:00 [queued]>
[2023-01-06T00:08:19.442-0300] {taskinstance.py:1087} INFO - Dependencies all met for <TaskInstance: download_catnap.download_files manual__2023-01-06T03:08:17.521289+00:00 [queued]>
[2023-01-06T00:08:19.442-0300] {taskinstance.py:1283} INFO - 
--------------------------------------------------------------------------------
[2023-01-06T00:08:19.442-0300] {taskinstance.py:1284} INFO - Starting attempt 1 of 1
[2023-01-06T00:08:19.442-0300] {taskinstance.py:1285} INFO - 
--------------------------------------------------------------------------------
[2023-01-06T00:08:19.458-0300] {taskinstance.py:1304} INFO - Executing <Task(PythonOperator): download_files> on 2023-01-06 03:08:17.521289+00:00
[2023-01-06T00:08:19.464-0300] {standard_task_runner.py:55} INFO - Started process 79778 to run task
[2023-01-06T00:08:19.467-0300] {standard_task_runner.py:82} INFO - Running: ['***', 'tasks', 'run', 'download_catnap', 'download_files', 'manual__2023-01-06T03:08:17.521289+00:00', '--job-id', '265', '--raw', '--subdir', 'DAGS_FOLDER/download_catnap.py', '--cfg-path', '/tmp/tmp4l77dzcy']
[2023-01-06T00:08:19.468-0300] {standard_task_runner.py:83} INFO - Job 265: Subtask download_files
[2023-01-06T00:08:19.560-0300] {task_command.py:389} INFO - Running <TaskInstance: download_catnap.download_files manual__2023-01-06T03:08:17.521289+00:00 [running]> on host kallo-Ubuntu
[2023-01-06T00:08:19.669-0300] {taskinstance.py:1513} INFO - Exporting the following env vars:
AIRFLOW_CTX_DAG_OWNER=admin
AIRFLOW_CTX_DAG_ID=download_catnap
AIRFLOW_CTX_TASK_ID=download_files
AIRFLOW_CTX_EXECUTION_DATE=2023-01-06T03:08:17.521289+00:00
AIRFLOW_CTX_TRY_NUMBER=1
AIRFLOW_CTX_DAG_RUN_ID=manual__2023-01-06T03:08:17.521289+00:00
[2023-01-06T00:08:59.470-0300] {logging_mixin.py:137} INFO - Assay downloaded.
[2023-01-06T00:08:59.507-0300] {logging_mixin.py:137} INFO - Assay.tsv saved.
[2023-01-06T00:09:01.953-0300] {logging_mixin.py:137} INFO - Antibodies downloaded.
[2023-01-06T00:09:01.954-0300] {logging_mixin.py:137} INFO - Antibodies.tsv saved.
[2023-01-06T00:09:03.119-0300] {logging_mixin.py:137} INFO - Antibodies_germlines downloaded.
[2023-01-06T00:09:03.120-0300] {logging_mixin.py:137} INFO - Antibodies_germlines.tsv saved.
[2023-01-06T00:09:05.363-0300] {logging_mixin.py:137} INFO - Antibody_heavy_chain_na_sequences downloaded.
[2023-01-06T00:09:05.365-0300] {logging_mixin.py:137} INFO - Antibody_heavy_chain_na_sequences.fasta saved.
[2023-01-06T00:09:06.734-0300] {logging_mixin.py:137} INFO - Antibody_heavy_chain_aa_sequences downloaded.
[2023-01-06T00:09:06.736-0300] {logging_mixin.py:137} INFO - Antibody_heavy_chain_aa_sequences.fasta saved.
[2023-01-06T00:09:08.382-0300] {logging_mixin.py:137} INFO - Antibody_light_chain_na_sequences downloaded.
[2023-01-06T00:09:08.384-0300] {logging_mixin.py:137} INFO - Antibody_light_chain_na_sequences.fasta saved.
[2023-01-06T00:09:09.825-0300] {logging_mixin.py:137} INFO - Antibody_light_chain_aa_sequences downloaded.
[2023-01-06T00:09:09.827-0300] {logging_mixin.py:137} INFO - Antibody_light_chain_aa_sequences.fasta saved.
[2023-01-06T00:09:11.839-0300] {logging_mixin.py:137} INFO - Viruses downloaded.
[2023-01-06T00:09:11.841-0300] {logging_mixin.py:137} INFO - Viruses.tsv saved.
[2023-01-06T00:09:29.289-0300] {logging_mixin.py:137} INFO - Virus_na_alignment downloaded.
[2023-01-06T00:09:29.311-0300] {logging_mixin.py:137} INFO - Virus_na_alignment.tsv saved.
[2023-01-06T00:09:35.871-0300] {logging_mixin.py:137} INFO - Virus_aa_alignment downloaded.
[2023-01-06T00:09:35.876-0300] {logging_mixin.py:137} INFO - Virus_aa_alignment.tsv saved.
[2023-01-06T00:09:35.876-0300] {python.py:177} INFO - Done. Returned value was: None
[2023-01-06T00:09:35.900-0300] {taskinstance.py:1327} INFO - Marking task as SUCCESS. dag_id=download_catnap, task_id=download_files, execution_date=20230106T030817, start_date=20230106T030819, end_date=20230106T030935
[2023-01-06T00:09:35.951-0300] {local_task_job.py:159} INFO - Task exited with return code 0
[2023-01-06T00:09:35.995-0300] {taskinstance.py:2582} INFO - 1 downstream tasks scheduled from follow-on schedule check
