[2023-01-03T21:01:15.344-0300] {taskinstance.py:1087} INFO - Dependencies all met for <TaskInstance: download_catnap.extract_files scheduled__2023-01-03T00:00:00+00:00 [queued]>
[2023-01-03T21:01:15.354-0300] {taskinstance.py:1087} INFO - Dependencies all met for <TaskInstance: download_catnap.extract_files scheduled__2023-01-03T00:00:00+00:00 [queued]>
[2023-01-03T21:01:15.354-0300] {taskinstance.py:1283} INFO - 
--------------------------------------------------------------------------------
[2023-01-03T21:01:15.354-0300] {taskinstance.py:1284} INFO - Starting attempt 1 of 1
[2023-01-03T21:01:15.354-0300] {taskinstance.py:1285} INFO - 
--------------------------------------------------------------------------------
[2023-01-03T21:01:15.371-0300] {taskinstance.py:1304} INFO - Executing <Task(PythonOperator): extract_files> on 2023-01-03 00:00:00+00:00
[2023-01-03T21:01:15.375-0300] {standard_task_runner.py:55} INFO - Started process 7522 to run task
[2023-01-03T21:01:15.378-0300] {standard_task_runner.py:82} INFO - Running: ['***', 'tasks', 'run', 'download_catnap', 'extract_files', 'scheduled__2023-01-03T00:00:00+00:00', '--job-id', '220', '--raw', '--subdir', 'DAGS_FOLDER/download_catnap.py', '--cfg-path', '/tmp/tmpcunrtjd2']
[2023-01-03T21:01:15.379-0300] {standard_task_runner.py:83} INFO - Job 220: Subtask extract_files
[2023-01-03T21:01:15.444-0300] {task_command.py:389} INFO - Running <TaskInstance: download_catnap.extract_files scheduled__2023-01-03T00:00:00+00:00 [running]> on host kallo-Ubuntu
[2023-01-03T21:01:15.522-0300] {taskinstance.py:1513} INFO - Exporting the following env vars:
AIRFLOW_CTX_DAG_OWNER=admin
AIRFLOW_CTX_DAG_ID=download_catnap
AIRFLOW_CTX_TASK_ID=extract_files
AIRFLOW_CTX_EXECUTION_DATE=2023-01-03T00:00:00+00:00
AIRFLOW_CTX_TRY_NUMBER=1
AIRFLOW_CTX_DAG_RUN_ID=scheduled__2023-01-03T00:00:00+00:00
[2023-01-03T21:01:16.194-0300] {python.py:177} INFO - Done. Returned value was: None
[2023-01-03T21:01:16.205-0300] {taskinstance.py:1327} INFO - Marking task as SUCCESS. dag_id=download_catnap, task_id=extract_files, execution_date=20230103T000000, start_date=20230104T000115, end_date=20230104T000116
[2023-01-03T21:01:16.230-0300] {local_task_job.py:159} INFO - Task exited with return code 0
[2023-01-03T21:01:16.251-0300] {taskinstance.py:2582} INFO - 1 downstream tasks scheduled from follow-on schedule check
