[2023-01-06T19:09:54.890-0300] {taskinstance.py:1087} INFO - Dependencies all met for <TaskInstance: download_uniprot.extract_files manual__2023-01-06T19:17:23.772339+00:00 [queued]>
[2023-01-06T19:09:54.903-0300] {taskinstance.py:1087} INFO - Dependencies all met for <TaskInstance: download_uniprot.extract_files manual__2023-01-06T19:17:23.772339+00:00 [queued]>
[2023-01-06T19:09:54.903-0300] {taskinstance.py:1283} INFO - 
--------------------------------------------------------------------------------
[2023-01-06T19:09:54.903-0300] {taskinstance.py:1284} INFO - Starting attempt 2 of 1
[2023-01-06T19:09:54.903-0300] {taskinstance.py:1285} INFO - 
--------------------------------------------------------------------------------
[2023-01-06T19:09:54.917-0300] {taskinstance.py:1304} INFO - Executing <Task(PythonOperator): extract_files> on 2023-01-06 19:17:23.772339+00:00
[2023-01-06T19:09:54.922-0300] {standard_task_runner.py:55} INFO - Started process 15765 to run task
[2023-01-06T19:09:54.924-0300] {standard_task_runner.py:82} INFO - Running: ['***', 'tasks', 'run', 'download_uniprot', 'extract_files', 'manual__2023-01-06T19:17:23.772339+00:00', '--job-id', '271', '--raw', '--subdir', 'DAGS_FOLDER/download_uniprot.py', '--cfg-path', '/tmp/tmpsu17xqty']
[2023-01-06T19:09:54.925-0300] {standard_task_runner.py:83} INFO - Job 271: Subtask extract_files
[2023-01-06T19:09:55.010-0300] {task_command.py:389} INFO - Running <TaskInstance: download_uniprot.extract_files manual__2023-01-06T19:17:23.772339+00:00 [running]> on host kallo-Ubuntu
[2023-01-06T19:09:55.098-0300] {taskinstance.py:1513} INFO - Exporting the following env vars:
AIRFLOW_CTX_DAG_OWNER=Kallox
AIRFLOW_CTX_DAG_ID=download_uniprot
AIRFLOW_CTX_TASK_ID=extract_files
AIRFLOW_CTX_EXECUTION_DATE=2023-01-06T19:17:23.772339+00:00
AIRFLOW_CTX_TRY_NUMBER=2
AIRFLOW_CTX_DAG_RUN_ID=manual__2023-01-06T19:17:23.772339+00:00
[2023-01-06T19:10:05.894-0300] {logging_mixin.py:137} INFO - 3000
[2023-01-06T19:10:08.103-0300] {logging_mixin.py:137} INFO - 4000
[2023-01-06T19:10:10.580-0300] {logging_mixin.py:137} INFO - 5000
[2023-01-06T19:10:14.397-0300] {logging_mixin.py:137} INFO - 7000
[2023-01-06T19:10:16.864-0300] {logging_mixin.py:137} INFO - 8000
[2023-01-06T19:10:22.143-0300] {logging_mixin.py:137} INFO - 11000
[2023-01-06T19:10:26.832-0300] {logging_mixin.py:137} INFO - 12000
[2023-01-06T19:10:32.862-0300] {logging_mixin.py:137} INFO - 13000
[2023-01-06T19:10:39.982-0300] {logging_mixin.py:137} INFO - 14000
[2023-01-06T19:10:46.623-0300] {logging_mixin.py:137} INFO - 15000
[2023-01-06T19:10:54.071-0300] {logging_mixin.py:137} INFO - 16000
[2023-01-06T19:11:02.013-0300] {logging_mixin.py:137} INFO - 17000
[2023-01-06T19:11:11.175-0300] {logging_mixin.py:137} INFO - 18000
[2023-01-06T19:11:20.876-0300] {logging_mixin.py:137} INFO - 19000
[2023-01-06T19:11:29.885-0300] {logging_mixin.py:137} INFO - 20000
[2023-01-06T19:11:39.917-0300] {logging_mixin.py:137} INFO - 21000
[2023-01-06T19:11:50.043-0300] {logging_mixin.py:137} INFO - 22000
[2023-01-06T19:12:00.683-0300] {logging_mixin.py:137} INFO - 23000
[2023-01-06T19:12:12.181-0300] {logging_mixin.py:137} INFO - 24000
[2023-01-06T19:12:23.981-0300] {logging_mixin.py:137} INFO - 25000
[2023-01-06T19:12:36.622-0300] {logging_mixin.py:137} INFO - 26000
[2023-01-06T19:12:55.972-0300] {logging_mixin.py:137} INFO - 2000
[2023-01-06T19:12:58.461-0300] {logging_mixin.py:137} INFO - 3000
[2023-01-06T19:13:46.455-0300] {logging_mixin.py:137} INFO - 1000
[2023-01-06T19:13:48.096-0300] {logging_mixin.py:137} INFO - 2000
[2023-01-06T19:13:52.406-0300] {logging_mixin.py:137} INFO - 4000
[2023-01-06T19:13:55.240-0300] {logging_mixin.py:137} INFO - 5000
[2023-01-06T19:14:01.842-0300] {logging_mixin.py:137} INFO - 7000
[2023-01-06T19:14:10.946-0300] {logging_mixin.py:137} INFO - 9000
[2023-01-06T19:14:16.190-0300] {logging_mixin.py:137} INFO - 10000
[2023-01-06T19:14:21.629-0300] {logging_mixin.py:137} INFO - 11000
[2023-01-06T19:14:27.281-0300] {logging_mixin.py:137} INFO - 12000
[2023-01-06T19:14:40.238-0300] {logging_mixin.py:137} INFO - 14000
[2023-01-06T19:14:47.201-0300] {logging_mixin.py:137} INFO - 15000
[2023-01-06T19:15:02.841-0300] {logging_mixin.py:137} INFO - 17000
[2023-01-06T19:15:11.896-0300] {logging_mixin.py:137} INFO - 18000
[2023-01-06T19:15:20.379-0300] {logging_mixin.py:137} INFO - 19000
[2023-01-06T19:15:39.410-0300] {logging_mixin.py:137} INFO - 21000
[2023-01-06T19:15:49.826-0300] {logging_mixin.py:137} INFO - 22000
[2023-01-06T19:16:12.890-0300] {logging_mixin.py:137} INFO - 24000
[2023-01-06T19:16:25.484-0300] {logging_mixin.py:137} INFO - 25000
[2023-01-06T19:16:38.583-0300] {logging_mixin.py:137} INFO - 26000
[2023-01-06T19:16:53.020-0300] {logging_mixin.py:137} INFO - 27000
[2023-01-06T19:17:04.181-0300] {logging_mixin.py:137} INFO - 28000
[2023-01-06T19:17:40.806-0300] {logging_mixin.py:137} INFO - 31000
[2023-01-06T19:17:58.021-0300] {logging_mixin.py:137} INFO - 32000
[2023-01-06T19:18:16.950-0300] {logging_mixin.py:137} INFO - 33000
[2023-01-06T19:18:37.020-0300] {logging_mixin.py:137} INFO - 34000
[2023-01-06T19:19:19.230-0300] {logging_mixin.py:137} INFO - 36000
[2023-01-06T19:19:40.244-0300] {logging_mixin.py:137} INFO - 37000
[2023-01-06T19:20:03.443-0300] {logging_mixin.py:137} INFO - 38000
[2023-01-06T19:20:26.795-0300] {logging_mixin.py:137} INFO - 39000
[2023-01-06T19:20:49.641-0300] {logging_mixin.py:137} INFO - 40000
[2023-01-06T19:21:14.861-0300] {logging_mixin.py:137} INFO - 41000
[2023-01-06T19:21:40.550-0300] {logging_mixin.py:137} INFO - 42000
[2023-01-06T19:22:05.050-0300] {logging_mixin.py:137} INFO - 43000
[2023-01-06T19:22:58.029-0300] {logging_mixin.py:137} INFO - 45000
[2023-01-06T19:23:26.536-0300] {logging_mixin.py:137} INFO - 46000
[2023-01-06T19:23:54.280-0300] {logging_mixin.py:137} INFO - 47000
[2023-01-06T19:24:51.406-0300] {logging_mixin.py:137} INFO - 49000
[2023-01-06T19:25:21.246-0300] {logging_mixin.py:137} INFO - 50000
[2023-01-06T19:25:55.972-0300] {logging_mixin.py:137} INFO - 51000
[2023-01-06T19:26:31.166-0300] {logging_mixin.py:137} INFO - 52000
[2023-01-06T19:27:05.616-0300] {logging_mixin.py:137} INFO - 53000
[2023-01-06T19:27:43.878-0300] {logging_mixin.py:137} INFO - 54000
[2023-01-06T19:28:22.003-0300] {logging_mixin.py:137} INFO - 55000
[2023-01-06T19:29:03.861-0300] {logging_mixin.py:137} INFO - 56000
[2023-01-06T19:29:46.776-0300] {logging_mixin.py:137} INFO - 57000
[2023-01-06T19:30:31.026-0300] {logging_mixin.py:137} INFO - 58000
[2023-01-06T19:31:15.492-0300] {logging_mixin.py:137} INFO - 59000
[2023-01-06T19:32:00.346-0300] {logging_mixin.py:137} INFO - 60000
[2023-01-06T19:32:46.383-0300] {logging_mixin.py:137} INFO - 61000
[2023-01-06T19:33:33.088-0300] {logging_mixin.py:137} INFO - 62000
[2023-01-06T19:34:20.544-0300] {logging_mixin.py:137} INFO - 63000
[2023-01-06T19:35:08.701-0300] {logging_mixin.py:137} INFO - 64000
[2023-01-06T19:35:56.692-0300] {logging_mixin.py:137} INFO - 65000
[2023-01-06T19:36:45.882-0300] {logging_mixin.py:137} INFO - 66000
[2023-01-06T19:37:35.841-0300] {logging_mixin.py:137} INFO - 67000
[2023-01-06T19:38:26.502-0300] {logging_mixin.py:137} INFO - 68000
[2023-01-06T19:39:17.702-0300] {logging_mixin.py:137} INFO - 69000
[2023-01-06T19:40:09.649-0300] {logging_mixin.py:137} INFO - 70000
[2023-01-06T19:41:02.553-0300] {logging_mixin.py:137} INFO - 71000
[2023-01-06T19:41:56.092-0300] {logging_mixin.py:137} INFO - 72000
[2023-01-06T19:42:50.180-0300] {logging_mixin.py:137} INFO - 73000
[2023-01-06T19:43:44.490-0300] {logging_mixin.py:137} INFO - 74000
[2023-01-06T19:44:39.890-0300] {logging_mixin.py:137} INFO - 75000
[2023-01-06T19:45:36.196-0300] {logging_mixin.py:137} INFO - 76000
[2023-01-06T19:46:32.929-0300] {logging_mixin.py:137} INFO - 77000
[2023-01-06T19:47:30.386-0300] {logging_mixin.py:137} INFO - 78000
[2023-01-06T19:48:28.438-0300] {logging_mixin.py:137} INFO - 79000
[2023-01-06T19:49:27.212-0300] {logging_mixin.py:137} INFO - 80000
[2023-01-06T19:50:26.886-0300] {logging_mixin.py:137} INFO - 81000
[2023-01-06T19:51:32.487-0300] {logging_mixin.py:137} INFO - 82000
[2023-01-06T19:53:39.579-0300] {logging_mixin.py:137} INFO - 84000
[2023-01-06T19:54:29.229-0300] {local_task_job.py:224} WARNING - State of this instance has been externally set to failed. Terminating instance.
[2023-01-06T19:54:29.265-0300] {process_utils.py:133} INFO - Sending Signals.SIGTERM to group 15765. PIDs of all processes in the group: [15765]
[2023-01-06T19:54:29.266-0300] {process_utils.py:84} INFO - Sending the signal Signals.SIGTERM to group 15765
[2023-01-06T19:54:29.292-0300] {taskinstance.py:1483} ERROR - Received SIGTERM. Terminating subprocesses.
[2023-01-06T19:55:00.126-0300] {process_utils.py:79} INFO - Process psutil.Process(pid=15765, status='terminated', exitcode=0, started='19:09:54') (15765) terminated with exit code 0
