[2023-01-06T16:39:08.121-0300] {taskinstance.py:1087} INFO - Dependencies all met for <TaskInstance: download_uniprot.extract_files manual__2023-01-06T19:17:23.772339+00:00 [queued]>
[2023-01-06T16:39:08.136-0300] {taskinstance.py:1087} INFO - Dependencies all met for <TaskInstance: download_uniprot.extract_files manual__2023-01-06T19:17:23.772339+00:00 [queued]>
[2023-01-06T16:39:08.136-0300] {taskinstance.py:1283} INFO - 
--------------------------------------------------------------------------------
[2023-01-06T16:39:08.136-0300] {taskinstance.py:1284} INFO - Starting attempt 1 of 1
[2023-01-06T16:39:08.136-0300] {taskinstance.py:1285} INFO - 
--------------------------------------------------------------------------------
[2023-01-06T16:39:08.151-0300] {taskinstance.py:1304} INFO - Executing <Task(PythonOperator): extract_files> on 2023-01-06 19:17:23.772339+00:00
[2023-01-06T16:39:08.156-0300] {standard_task_runner.py:55} INFO - Started process 7988 to run task
[2023-01-06T16:39:08.159-0300] {standard_task_runner.py:82} INFO - Running: ['***', 'tasks', 'run', 'download_uniprot', 'extract_files', 'manual__2023-01-06T19:17:23.772339+00:00', '--job-id', '269', '--raw', '--subdir', 'DAGS_FOLDER/download_uniprot.py', '--cfg-path', '/tmp/tmp93u17q11']
[2023-01-06T16:39:08.160-0300] {standard_task_runner.py:83} INFO - Job 269: Subtask extract_files
[2023-01-06T16:39:08.235-0300] {task_command.py:389} INFO - Running <TaskInstance: download_uniprot.extract_files manual__2023-01-06T19:17:23.772339+00:00 [running]> on host kallo-Ubuntu
[2023-01-06T16:39:08.321-0300] {taskinstance.py:1513} INFO - Exporting the following env vars:
AIRFLOW_CTX_DAG_OWNER=Kallox
AIRFLOW_CTX_DAG_ID=download_uniprot
AIRFLOW_CTX_TASK_ID=extract_files
AIRFLOW_CTX_EXECUTION_DATE=2023-01-06T19:17:23.772339+00:00
AIRFLOW_CTX_TRY_NUMBER=1
AIRFLOW_CTX_DAG_RUN_ID=manual__2023-01-06T19:17:23.772339+00:00
[2023-01-06T16:39:20.762-0300] {logging_mixin.py:137} INFO - 3000
[2023-01-06T16:39:23.401-0300] {logging_mixin.py:137} INFO - 4000
[2023-01-06T16:39:26.375-0300] {logging_mixin.py:137} INFO - 5000
[2023-01-06T16:39:30.868-0300] {logging_mixin.py:137} INFO - 7000
[2023-01-06T16:39:33.754-0300] {logging_mixin.py:137} INFO - 8000
[2023-01-06T16:39:39.836-0300] {logging_mixin.py:137} INFO - 11000
[2023-01-06T16:39:45.513-0300] {logging_mixin.py:137} INFO - 12000
[2023-01-06T16:39:52.069-0300] {logging_mixin.py:137} INFO - 13000
[2023-01-06T16:39:59.452-0300] {logging_mixin.py:137} INFO - 14000
[2023-01-06T16:40:07.412-0300] {logging_mixin.py:137} INFO - 15000
[2023-01-06T16:40:16.376-0300] {logging_mixin.py:137} INFO - 16000
[2023-01-06T16:40:25.779-0300] {logging_mixin.py:137} INFO - 17000
[2023-01-06T16:40:35.726-0300] {logging_mixin.py:137} INFO - 18000
[2023-01-06T16:40:46.543-0300] {logging_mixin.py:137} INFO - 19000
[2023-01-06T16:40:58.075-0300] {logging_mixin.py:137} INFO - 20000
[2023-01-06T16:41:10.021-0300] {logging_mixin.py:137} INFO - 21000
[2023-01-06T16:41:23.704-0300] {logging_mixin.py:137} INFO - 22000
[2023-01-06T16:41:37.513-0300] {logging_mixin.py:137} INFO - 23000
[2023-01-06T16:41:52.391-0300] {logging_mixin.py:137} INFO - 24000
[2023-01-06T16:42:07.962-0300] {logging_mixin.py:137} INFO - 25000
[2023-01-06T16:42:24.725-0300] {logging_mixin.py:137} INFO - 26000
[2023-01-06T16:42:49.167-0300] {logging_mixin.py:137} INFO - 2000
[2023-01-06T16:42:52.325-0300] {logging_mixin.py:137} INFO - 3000
[2023-01-06T16:43:51.355-0300] {logging_mixin.py:137} INFO - 1000
[2023-01-06T16:43:53.197-0300] {logging_mixin.py:137} INFO - 2000
[2023-01-06T16:43:57.906-0300] {logging_mixin.py:137} INFO - 4000
[2023-01-06T16:44:00.991-0300] {logging_mixin.py:137} INFO - 5000
[2023-01-06T16:44:07.978-0300] {logging_mixin.py:137} INFO - 7000
[2023-01-06T16:44:16.898-0300] {logging_mixin.py:137} INFO - 9000
[2023-01-06T16:44:22.104-0300] {logging_mixin.py:137} INFO - 10000
[2023-01-06T16:44:27.525-0300] {logging_mixin.py:137} INFO - 11000
[2023-01-06T16:44:33.179-0300] {logging_mixin.py:137} INFO - 12000
[2023-01-06T16:44:45.849-0300] {logging_mixin.py:137} INFO - 14000
[2023-01-06T16:44:52.806-0300] {logging_mixin.py:137} INFO - 15000
[2023-01-06T16:45:07.848-0300] {logging_mixin.py:137} INFO - 17000
[2023-01-06T16:45:16.421-0300] {logging_mixin.py:137} INFO - 18000
[2023-01-06T16:45:24.878-0300] {logging_mixin.py:137} INFO - 19000
[2023-01-06T16:45:43.654-0300] {logging_mixin.py:137} INFO - 21000
[2023-01-06T16:45:53.557-0300] {logging_mixin.py:137} INFO - 22000
[2023-01-06T16:46:15.844-0300] {logging_mixin.py:137} INFO - 24000
[2023-01-06T16:46:28.045-0300] {logging_mixin.py:137} INFO - 25000
[2023-01-06T16:46:40.999-0300] {logging_mixin.py:137} INFO - 26000
[2023-01-06T16:46:54.827-0300] {logging_mixin.py:137} INFO - 27000
[2023-01-06T16:47:05.779-0300] {logging_mixin.py:137} INFO - 28000
[2023-01-06T16:47:41.224-0300] {logging_mixin.py:137} INFO - 31000
[2023-01-06T16:47:57.651-0300] {logging_mixin.py:137} INFO - 32000
[2023-01-06T16:48:15.562-0300] {logging_mixin.py:137} INFO - 33000
[2023-01-06T16:48:34.920-0300] {logging_mixin.py:137} INFO - 34000
[2023-01-06T16:49:14.824-0300] {logging_mixin.py:137} INFO - 36000
[2023-01-06T16:49:35.128-0300] {logging_mixin.py:137} INFO - 37000
[2023-01-06T16:49:58.212-0300] {logging_mixin.py:137} INFO - 38000
[2023-01-06T16:50:20.791-0300] {logging_mixin.py:137} INFO - 39000
[2023-01-06T16:50:42.772-0300] {logging_mixin.py:137} INFO - 40000
[2023-01-06T16:51:07.208-0300] {logging_mixin.py:137} INFO - 41000
[2023-01-06T16:51:31.902-0300] {logging_mixin.py:137} INFO - 42000
[2023-01-06T16:51:55.585-0300] {logging_mixin.py:137} INFO - 43000
[2023-01-06T16:52:47.949-0300] {logging_mixin.py:137} INFO - 45000
[2023-01-06T16:53:15.357-0300] {logging_mixin.py:137} INFO - 46000
[2023-01-06T16:53:42.090-0300] {logging_mixin.py:137} INFO - 47000
[2023-01-06T16:54:37.554-0300] {logging_mixin.py:137} INFO - 49000
[2023-01-06T16:55:06.268-0300] {logging_mixin.py:137} INFO - 50000
[2023-01-06T16:55:38.961-0300] {logging_mixin.py:137} INFO - 51000
[2023-01-06T16:56:12.172-0300] {logging_mixin.py:137} INFO - 52000
[2023-01-06T16:56:45.618-0300] {logging_mixin.py:137} INFO - 53000
[2023-01-06T16:57:22.145-0300] {logging_mixin.py:137} INFO - 54000
[2023-01-06T16:58:00.135-0300] {logging_mixin.py:137} INFO - 55000
[2023-01-06T16:58:40.380-0300] {logging_mixin.py:137} INFO - 56000
[2023-01-06T16:59:22.466-0300] {logging_mixin.py:137} INFO - 57000
[2023-01-06T17:00:05.416-0300] {logging_mixin.py:137} INFO - 58000
[2023-01-06T17:00:48.818-0300] {logging_mixin.py:137} INFO - 59000
[2023-01-06T17:01:32.307-0300] {logging_mixin.py:137} INFO - 60000
[2023-01-06T17:02:16.879-0300] {logging_mixin.py:137} INFO - 61000
[2023-01-06T17:03:02.162-0300] {logging_mixin.py:137} INFO - 62000
[2023-01-06T17:03:47.953-0300] {logging_mixin.py:137} INFO - 63000
[2023-01-06T17:04:34.378-0300] {logging_mixin.py:137} INFO - 64000
[2023-01-06T17:05:21.204-0300] {logging_mixin.py:137} INFO - 65000
[2023-01-06T17:06:09.045-0300] {logging_mixin.py:137} INFO - 66000
[2023-01-06T17:06:57.895-0300] {logging_mixin.py:137} INFO - 67000
[2023-01-06T17:07:47.142-0300] {logging_mixin.py:137} INFO - 68000
[2023-01-06T17:08:37.205-0300] {logging_mixin.py:137} INFO - 69000
[2023-01-06T17:09:27.572-0300] {logging_mixin.py:137} INFO - 70000
[2023-01-06T17:10:18.420-0300] {logging_mixin.py:137} INFO - 71000
[2023-01-06T17:11:10.048-0300] {logging_mixin.py:137} INFO - 72000
[2023-01-06T17:12:02.331-0300] {logging_mixin.py:137} INFO - 73000
[2023-01-06T17:12:55.206-0300] {logging_mixin.py:137} INFO - 74000
[2023-01-06T17:13:48.862-0300] {logging_mixin.py:137} INFO - 75000
[2023-01-06T17:14:43.135-0300] {logging_mixin.py:137} INFO - 76000
[2023-01-06T17:15:38.026-0300] {logging_mixin.py:137} INFO - 77000
[2023-01-06T17:16:33.578-0300] {logging_mixin.py:137} INFO - 78000
[2023-01-06T17:17:29.797-0300] {logging_mixin.py:137} INFO - 79000
[2023-01-06T17:18:26.857-0300] {logging_mixin.py:137} INFO - 80000
[2023-01-06T17:19:24.558-0300] {logging_mixin.py:137} INFO - 81000
[2023-01-06T17:20:22.753-0300] {logging_mixin.py:137} INFO - 82000
[2023-01-06T17:22:20.886-0300] {logging_mixin.py:137} INFO - 84000
[2023-01-06T17:23:21.370-0300] {logging_mixin.py:137} INFO - 85000
[2023-01-06T17:24:22.302-0300] {logging_mixin.py:137} INFO - 86000
[2023-01-06T17:25:23.846-0300] {logging_mixin.py:137} INFO - 87000
[2023-01-06T17:26:26.887-0300] {logging_mixin.py:137} INFO - 88000
[2023-01-06T17:27:34.855-0300] {logging_mixin.py:137} INFO - 89000
[2023-01-06T17:28:42.978-0300] {logging_mixin.py:137} INFO - 90000
[2023-01-06T17:29:54.300-0300] {logging_mixin.py:137} INFO - 91000
[2023-01-06T17:31:02.206-0300] {logging_mixin.py:137} INFO - 92000
[2023-01-06T17:32:14.183-0300] {logging_mixin.py:137} INFO - 93000
[2023-01-06T17:33:23.880-0300] {logging_mixin.py:137} INFO - 94000
[2023-01-06T17:34:38.362-0300] {logging_mixin.py:137} INFO - 95000
[2023-01-06T17:35:54.998-0300] {logging_mixin.py:137} INFO - 96000
[2023-01-06T17:37:08.049-0300] {logging_mixin.py:137} INFO - 97000
[2023-01-06T17:38:20.244-0300] {logging_mixin.py:137} INFO - 98000
[2023-01-06T17:39:31.041-0300] {logging_mixin.py:137} INFO - 99000
[2023-01-06T17:40:43.863-0300] {logging_mixin.py:137} INFO - 100000
[2023-01-06T17:41:55.700-0300] {logging_mixin.py:137} INFO - 101000
[2023-01-06T17:43:10.127-0300] {logging_mixin.py:137} INFO - 102000
[2023-01-06T17:44:23.326-0300] {logging_mixin.py:137} INFO - 103000
[2023-01-06T17:45:38.725-0300] {logging_mixin.py:137} INFO - 104000
[2023-01-06T17:46:59.352-0300] {logging_mixin.py:137} INFO - 105000
[2023-01-06T17:48:16.118-0300] {logging_mixin.py:137} INFO - 106000
