[2023-01-02T19:55:40.130-0300] {taskinstance.py:1087} INFO - Dependencies all met for <TaskInstance: download_hivmidb.download manual__2023-01-02T22:55:37.260221+00:00 [queued]>
[2023-01-02T19:55:40.145-0300] {taskinstance.py:1087} INFO - Dependencies all met for <TaskInstance: download_hivmidb.download manual__2023-01-02T22:55:37.260221+00:00 [queued]>
[2023-01-02T19:55:40.146-0300] {taskinstance.py:1283} INFO - 
--------------------------------------------------------------------------------
[2023-01-02T19:55:40.146-0300] {taskinstance.py:1284} INFO - Starting attempt 1 of 1
[2023-01-02T19:55:40.146-0300] {taskinstance.py:1285} INFO - 
--------------------------------------------------------------------------------
[2023-01-02T19:55:40.169-0300] {taskinstance.py:1304} INFO - Executing <Task(PythonOperator): download> on 2023-01-02 22:55:37.260221+00:00
[2023-01-02T19:55:40.176-0300] {standard_task_runner.py:55} INFO - Started process 6470 to run task
[2023-01-02T19:55:40.178-0300] {standard_task_runner.py:82} INFO - Running: ['***', 'tasks', 'run', 'download_hivmidb', 'download', 'manual__2023-01-02T22:55:37.260221+00:00', '--job-id', '213', '--raw', '--subdir', 'DAGS_FOLDER/download_hivmidb.py', '--cfg-path', '/tmp/tmpk1hu9w2t']
[2023-01-02T19:55:40.180-0300] {standard_task_runner.py:83} INFO - Job 213: Subtask download
[2023-01-02T19:55:40.264-0300] {task_command.py:389} INFO - Running <TaskInstance: download_hivmidb.download manual__2023-01-02T22:55:37.260221+00:00 [running]> on host kallo-Ubuntu
[2023-01-02T19:55:40.360-0300] {taskinstance.py:1513} INFO - Exporting the following env vars:
AIRFLOW_CTX_DAG_OWNER=Kallox
AIRFLOW_CTX_DAG_ID=download_hivmidb
AIRFLOW_CTX_TASK_ID=download
AIRFLOW_CTX_EXECUTION_DATE=2023-01-02T22:55:37.260221+00:00
AIRFLOW_CTX_TRY_NUMBER=1
AIRFLOW_CTX_DAG_RUN_ID=manual__2023-01-02T22:55:37.260221+00:00
[2023-01-02T19:55:42.597-0300] {logging_mixin.py:137} INFO - epitopes downloaded.
[2023-01-02T19:55:42.599-0300] {logging_mixin.py:137} INFO - epitopes.csv saved.
[2023-01-02T19:55:49.122-0300] {logging_mixin.py:137} INFO - Gag downloaded.
[2023-01-02T19:55:49.124-0300] {logging_mixin.py:137} INFO - Gag.csv saved.
[2023-01-02T19:55:51.197-0300] {logging_mixin.py:137} INFO - p17 downloaded.
[2023-01-02T19:55:51.198-0300] {logging_mixin.py:137} INFO - p17.csv saved.
[2023-01-02T19:55:54.840-0300] {logging_mixin.py:137} INFO - p24 downloaded.
[2023-01-02T19:55:54.841-0300] {logging_mixin.py:137} INFO - p24.csv saved.
[2023-01-02T19:55:56.233-0300] {logging_mixin.py:137} INFO - p2p7p1p6 downloaded.
[2023-01-02T19:55:56.234-0300] {logging_mixin.py:137} INFO - p2p7p1p6.csv saved.
[2023-01-02T19:55:59.964-0300] {logging_mixin.py:137} INFO - pol downloaded.
[2023-01-02T19:55:59.966-0300] {logging_mixin.py:137} INFO - pol.csv saved.
[2023-01-02T19:56:01.277-0300] {logging_mixin.py:137} INFO - Protease downloaded.
[2023-01-02T19:56:01.278-0300] {logging_mixin.py:137} INFO - Protease.csv saved.
[2023-01-02T19:56:02.814-0300] {logging_mixin.py:137} INFO - RT downloaded.
[2023-01-02T19:56:02.816-0300] {logging_mixin.py:137} INFO - RT.csv saved.
[2023-01-02T19:56:04.649-0300] {logging_mixin.py:137} INFO - Integrase downloaded.
[2023-01-02T19:56:04.650-0300] {logging_mixin.py:137} INFO - Integrase.csv saved.
[2023-01-02T19:56:05.931-0300] {logging_mixin.py:137} INFO - Vif downloaded.
[2023-01-02T19:56:05.932-0300] {logging_mixin.py:137} INFO - Vif.csv saved.
[2023-01-02T19:56:07.014-0300] {logging_mixin.py:137} INFO - Vpr downloaded.
[2023-01-02T19:56:07.015-0300] {logging_mixin.py:137} INFO - Vpr.csv saved.
[2023-01-02T19:56:10.117-0300] {logging_mixin.py:137} INFO - Tat downloaded.
[2023-01-02T19:56:10.126-0300] {logging_mixin.py:137} INFO - Tat.csv saved.
[2023-01-02T19:56:11.523-0300] {logging_mixin.py:137} INFO - Rev downloaded.
[2023-01-02T19:56:11.524-0300] {logging_mixin.py:137} INFO - Rev.csv saved.
[2023-01-02T19:56:12.622-0300] {logging_mixin.py:137} INFO - Vpu downloaded.
[2023-01-02T19:56:12.622-0300] {logging_mixin.py:137} INFO - Vpu.csv saved.
[2023-01-02T19:56:48.905-0300] {logging_mixin.py:137} INFO - gp160 downloaded.
[2023-01-02T19:56:48.911-0300] {logging_mixin.py:137} INFO - gp160.csv saved.
[2023-01-02T19:58:15.888-0300] {logging_mixin.py:137} INFO - Env downloaded.
[2023-01-02T19:58:15.901-0300] {logging_mixin.py:137} INFO - Env.csv saved.
[2023-01-02T19:58:18.685-0300] {logging_mixin.py:137} INFO - Nef downloaded.
[2023-01-02T19:58:18.687-0300] {logging_mixin.py:137} INFO - Nef.csv saved.
[2023-01-02T19:58:19.781-0300] {logging_mixin.py:137} INFO - ASP downloaded.
[2023-01-02T19:58:19.782-0300] {logging_mixin.py:137} INFO - ASP.csv saved.
[2023-01-02T19:58:25.161-0300] {logging_mixin.py:137} INFO - HIV-1 downloaded.
[2023-01-02T19:58:25.162-0300] {logging_mixin.py:137} INFO - HIV-1.csv saved.
[2023-01-02T19:58:26.672-0300] {logging_mixin.py:137} INFO - non-HIV downloaded.
[2023-01-02T19:58:26.674-0300] {logging_mixin.py:137} INFO - non-HIV.csv saved.
[2023-01-02T19:58:26.674-0300] {python.py:177} INFO - Done. Returned value was: None
[2023-01-02T19:58:26.698-0300] {taskinstance.py:1327} INFO - Marking task as SUCCESS. dag_id=download_hivmidb, task_id=download, execution_date=20230102T225537, start_date=20230102T225540, end_date=20230102T225826
[2023-01-02T19:58:26.770-0300] {local_task_job.py:159} INFO - Task exited with return code 0
[2023-01-02T19:58:26.816-0300] {taskinstance.py:2582} INFO - 1 downstream tasks scheduled from follow-on schedule check
