[2022-12-29T17:31:21.628-0300] {taskinstance.py:1087} INFO - Dependencies all met for <TaskInstance: download_catnap.download_files scheduled__2022-12-22T00:00:00+00:00 [queued]>
[2022-12-29T17:31:21.644-0300] {taskinstance.py:1087} INFO - Dependencies all met for <TaskInstance: download_catnap.download_files scheduled__2022-12-22T00:00:00+00:00 [queued]>
[2022-12-29T17:31:21.644-0300] {taskinstance.py:1283} INFO - 
--------------------------------------------------------------------------------
[2022-12-29T17:31:21.644-0300] {taskinstance.py:1284} INFO - Starting attempt 1 of 1
[2022-12-29T17:31:21.644-0300] {taskinstance.py:1285} INFO - 
--------------------------------------------------------------------------------
[2022-12-29T17:31:21.664-0300] {taskinstance.py:1304} INFO - Executing <Task(PythonOperator): download_files> on 2022-12-22 00:00:00+00:00
[2022-12-29T17:31:21.670-0300] {standard_task_runner.py:55} INFO - Started process 31643 to run task
[2022-12-29T17:31:21.673-0300] {standard_task_runner.py:82} INFO - Running: ['***', 'tasks', 'run', 'download_catnap', 'download_files', 'scheduled__2022-12-22T00:00:00+00:00', '--job-id', '128', '--raw', '--subdir', 'DAGS_FOLDER/download_catnap.py', '--cfg-path', '/tmp/tmpkqxeksgc']
[2022-12-29T17:31:21.674-0300] {standard_task_runner.py:83} INFO - Job 128: Subtask download_files
[2022-12-29T17:31:21.776-0300] {task_command.py:389} INFO - Running <TaskInstance: download_catnap.download_files scheduled__2022-12-22T00:00:00+00:00 [running]> on host kallo-Ubuntu
[2022-12-29T17:31:21.876-0300] {taskinstance.py:1513} INFO - Exporting the following env vars:
AIRFLOW_CTX_DAG_OWNER=admin
AIRFLOW_CTX_DAG_ID=download_catnap
AIRFLOW_CTX_TASK_ID=download_files
AIRFLOW_CTX_EXECUTION_DATE=2022-12-22T00:00:00+00:00
AIRFLOW_CTX_TRY_NUMBER=1
AIRFLOW_CTX_DAG_RUN_ID=scheduled__2022-12-22T00:00:00+00:00
[2022-12-29T17:31:58.335-0300] {logging_mixin.py:137} INFO - Assay downloaded.
[2022-12-29T17:31:58.347-0300] {logging_mixin.py:137} INFO - Assay.tsv saved.
[2022-12-29T17:31:59.773-0300] {logging_mixin.py:137} INFO - Antibodies downloaded.
[2022-12-29T17:31:59.774-0300] {logging_mixin.py:137} INFO - Antibodies.tsv saved.
[2022-12-29T17:32:01.011-0300] {logging_mixin.py:137} INFO - Antibodies_germlines downloaded.
[2022-12-29T17:32:01.013-0300] {logging_mixin.py:137} INFO - Antibodies_germlines.tsv saved.
[2022-12-29T17:32:02.696-0300] {logging_mixin.py:137} INFO - Antibody_heavy_chain_na_sequences downloaded.
[2022-12-29T17:32:02.698-0300] {logging_mixin.py:137} INFO - Antibody_heavy_chain_na_sequences.fasta saved.
[2022-12-29T17:32:04.201-0300] {logging_mixin.py:137} INFO - Antibody_heavy_chain_aa_sequences downloaded.
[2022-12-29T17:32:04.202-0300] {logging_mixin.py:137} INFO - Antibody_heavy_chain_aa_sequences.fasta saved.
[2022-12-29T17:32:05.918-0300] {logging_mixin.py:137} INFO - Antibody_light_chain_na_sequences downloaded.
[2022-12-29T17:32:05.920-0300] {logging_mixin.py:137} INFO - Antibody_light_chain_na_sequences.fasta saved.
[2022-12-29T17:32:07.386-0300] {logging_mixin.py:137} INFO - Antibody_light_chain_aa_sequences downloaded.
[2022-12-29T17:32:07.395-0300] {logging_mixin.py:137} INFO - Antibody_light_chain_aa_sequences.fasta saved.
[2022-12-29T17:32:09.629-0300] {logging_mixin.py:137} INFO - Viruses downloaded.
[2022-12-29T17:32:09.630-0300] {logging_mixin.py:137} INFO - Viruses.tsv saved.
[2022-12-29T17:32:25.998-0300] {logging_mixin.py:137} INFO - Virus_na_alignment downloaded.
[2022-12-29T17:32:26.009-0300] {logging_mixin.py:137} INFO - Virus_na_alignment.tsv saved.
[2022-12-29T17:32:32.426-0300] {logging_mixin.py:137} INFO - Virus_aa_alignment downloaded.
[2022-12-29T17:32:32.429-0300] {logging_mixin.py:137} INFO - Virus_aa_alignment.tsv saved.
[2022-12-29T17:32:32.429-0300] {python.py:177} INFO - Done. Returned value was: None
[2022-12-29T17:32:32.441-0300] {taskinstance.py:1327} INFO - Marking task as SUCCESS. dag_id=download_catnap, task_id=download_files, execution_date=20221222T000000, start_date=20221229T203121, end_date=20221229T203232
[2022-12-29T17:32:32.499-0300] {local_task_job.py:159} INFO - Task exited with return code 0
[2022-12-29T17:32:32.533-0300] {taskinstance.py:2582} INFO - 1 downstream tasks scheduled from follow-on schedule check
