[2022-12-29T17:28:34.781-0300] {taskinstance.py:1087} INFO - Dependencies all met for <TaskInstance: download_catnap.download_files scheduled__2022-11-19T00:00:00+00:00 [queued]>
[2022-12-29T17:28:34.799-0300] {taskinstance.py:1087} INFO - Dependencies all met for <TaskInstance: download_catnap.download_files scheduled__2022-11-19T00:00:00+00:00 [queued]>
[2022-12-29T17:28:34.800-0300] {taskinstance.py:1283} INFO - 
--------------------------------------------------------------------------------
[2022-12-29T17:28:34.800-0300] {taskinstance.py:1284} INFO - Starting attempt 1 of 1
[2022-12-29T17:28:34.800-0300] {taskinstance.py:1285} INFO - 
--------------------------------------------------------------------------------
[2022-12-29T17:28:34.893-0300] {taskinstance.py:1304} INFO - Executing <Task(PythonOperator): download_files> on 2022-11-19 00:00:00+00:00
[2022-12-29T17:28:34.900-0300] {standard_task_runner.py:55} INFO - Started process 27263 to run task
[2022-12-29T17:28:34.903-0300] {standard_task_runner.py:82} INFO - Running: ['***', 'tasks', 'run', 'download_catnap', 'download_files', 'scheduled__2022-11-19T00:00:00+00:00', '--job-id', '63', '--raw', '--subdir', 'DAGS_FOLDER/download_catnap.py', '--cfg-path', '/tmp/tmpi2kfjl7u']
[2022-12-29T17:28:34.904-0300] {standard_task_runner.py:83} INFO - Job 63: Subtask download_files
[2022-12-29T17:28:35.019-0300] {task_command.py:389} INFO - Running <TaskInstance: download_catnap.download_files scheduled__2022-11-19T00:00:00+00:00 [running]> on host kallo-Ubuntu
[2022-12-29T17:28:35.145-0300] {taskinstance.py:1513} INFO - Exporting the following env vars:
AIRFLOW_CTX_DAG_OWNER=admin
AIRFLOW_CTX_DAG_ID=download_catnap
AIRFLOW_CTX_TASK_ID=download_files
AIRFLOW_CTX_EXECUTION_DATE=2022-11-19T00:00:00+00:00
AIRFLOW_CTX_TRY_NUMBER=1
AIRFLOW_CTX_DAG_RUN_ID=scheduled__2022-11-19T00:00:00+00:00
[2022-12-29T17:29:11.559-0300] {logging_mixin.py:137} INFO - Assay downloaded.
[2022-12-29T17:29:11.583-0300] {logging_mixin.py:137} INFO - Assay.tsv saved.
[2022-12-29T17:29:13.197-0300] {logging_mixin.py:137} INFO - Antibodies downloaded.
[2022-12-29T17:29:13.198-0300] {logging_mixin.py:137} INFO - Antibodies.tsv saved.
[2022-12-29T17:29:14.359-0300] {logging_mixin.py:137} INFO - Antibodies_germlines downloaded.
[2022-12-29T17:29:14.360-0300] {logging_mixin.py:137} INFO - Antibodies_germlines.tsv saved.
[2022-12-29T17:29:16.283-0300] {logging_mixin.py:137} INFO - Antibody_heavy_chain_na_sequences downloaded.
[2022-12-29T17:29:16.284-0300] {logging_mixin.py:137} INFO - Antibody_heavy_chain_na_sequences.fasta saved.
[2022-12-29T17:29:17.719-0300] {logging_mixin.py:137} INFO - Antibody_heavy_chain_aa_sequences downloaded.
[2022-12-29T17:29:17.720-0300] {logging_mixin.py:137} INFO - Antibody_heavy_chain_aa_sequences.fasta saved.
[2022-12-29T17:29:19.599-0300] {logging_mixin.py:137} INFO - Antibody_light_chain_na_sequences downloaded.
[2022-12-29T17:29:19.601-0300] {logging_mixin.py:137} INFO - Antibody_light_chain_na_sequences.fasta saved.
[2022-12-29T17:29:20.980-0300] {logging_mixin.py:137} INFO - Antibody_light_chain_aa_sequences downloaded.
[2022-12-29T17:29:20.982-0300] {logging_mixin.py:137} INFO - Antibody_light_chain_aa_sequences.fasta saved.
[2022-12-29T17:29:23.010-0300] {logging_mixin.py:137} INFO - Viruses downloaded.
[2022-12-29T17:29:23.011-0300] {logging_mixin.py:137} INFO - Viruses.tsv saved.
[2022-12-29T17:29:40.038-0300] {logging_mixin.py:137} INFO - Virus_na_alignment downloaded.
[2022-12-29T17:29:40.046-0300] {logging_mixin.py:137} INFO - Virus_na_alignment.tsv saved.
[2022-12-29T17:29:46.254-0300] {logging_mixin.py:137} INFO - Virus_aa_alignment downloaded.
[2022-12-29T17:29:46.257-0300] {logging_mixin.py:137} INFO - Virus_aa_alignment.tsv saved.
[2022-12-29T17:29:46.258-0300] {python.py:177} INFO - Done. Returned value was: None
[2022-12-29T17:29:46.273-0300] {taskinstance.py:1327} INFO - Marking task as SUCCESS. dag_id=download_catnap, task_id=download_files, execution_date=20221119T000000, start_date=20221229T202834, end_date=20221229T202946
[2022-12-29T17:29:46.321-0300] {local_task_job.py:159} INFO - Task exited with return code 0
[2022-12-29T17:29:46.357-0300] {taskinstance.py:2582} INFO - 1 downstream tasks scheduled from follow-on schedule check
