[2023-01-04T19:01:19.864-0300] {taskinstance.py:1087} INFO - Dependencies all met for <TaskInstance: download_iedb.download_files manual__2023-01-04T22:01:17.874118+00:00 [queued]>
[2023-01-04T19:01:19.877-0300] {taskinstance.py:1087} INFO - Dependencies all met for <TaskInstance: download_iedb.download_files manual__2023-01-04T22:01:17.874118+00:00 [queued]>
[2023-01-04T19:01:19.877-0300] {taskinstance.py:1283} INFO - 
--------------------------------------------------------------------------------
[2023-01-04T19:01:19.877-0300] {taskinstance.py:1284} INFO - Starting attempt 1 of 1
[2023-01-04T19:01:19.877-0300] {taskinstance.py:1285} INFO - 
--------------------------------------------------------------------------------
[2023-01-04T19:01:19.898-0300] {taskinstance.py:1304} INFO - Executing <Task(PythonOperator): download_files> on 2023-01-04 22:01:17.874118+00:00
[2023-01-04T19:01:19.901-0300] {standard_task_runner.py:55} INFO - Started process 5355 to run task
[2023-01-04T19:01:19.905-0300] {standard_task_runner.py:82} INFO - Running: ['***', 'tasks', 'run', 'download_iedb', 'download_files', 'manual__2023-01-04T22:01:17.874118+00:00', '--job-id', '238', '--raw', '--subdir', 'DAGS_FOLDER/download_iedb.py', '--cfg-path', '/tmp/tmpgn5u2l8_']
[2023-01-04T19:01:19.906-0300] {standard_task_runner.py:83} INFO - Job 238: Subtask download_files
[2023-01-04T19:01:19.977-0300] {task_command.py:389} INFO - Running <TaskInstance: download_iedb.download_files manual__2023-01-04T22:01:17.874118+00:00 [running]> on host kallo-Ubuntu
[2023-01-04T19:01:20.063-0300] {taskinstance.py:1513} INFO - Exporting the following env vars:
AIRFLOW_CTX_DAG_OWNER=Kallox
AIRFLOW_CTX_DAG_ID=download_iedb
AIRFLOW_CTX_TASK_ID=download_files
AIRFLOW_CTX_EXECUTION_DATE=2023-01-04T22:01:17.874118+00:00
AIRFLOW_CTX_TRY_NUMBER=1
AIRFLOW_CTX_DAG_RUN_ID=manual__2023-01-04T22:01:17.874118+00:00
[2023-01-04T19:01:23.017-0300] {logging_mixin.py:137} INFO - antigen downloaded.
[2023-01-04T19:01:23.021-0300] {logging_mixin.py:137} INFO - antigen.zip saved.
[2023-01-04T19:01:35.459-0300] {logging_mixin.py:137} INFO - epitope downloaded.
[2023-01-04T19:01:35.532-0300] {logging_mixin.py:137} INFO - epitope.zip saved.
[2023-01-04T19:01:38.975-0300] {python.py:177} INFO - Done. Returned value was: None
[2023-01-04T19:01:38.990-0300] {taskinstance.py:1327} INFO - Marking task as SUCCESS. dag_id=download_iedb, task_id=download_files, execution_date=20230104T220117, start_date=20230104T220119, end_date=20230104T220138
[2023-01-04T19:01:39.124-0300] {local_task_job.py:159} INFO - Task exited with return code 0
[2023-01-04T19:01:39.160-0300] {taskinstance.py:2582} INFO - 1 downstream tasks scheduled from follow-on schedule check
