[2023-01-20T19:44:59.219-0300] {taskinstance.py:1087} INFO - Dependencies all met for <TaskInstance: get_antibodies.join_antigens scheduled__2022-12-01T00:00:00+00:00 [queued]>
[2023-01-20T19:44:59.229-0300] {taskinstance.py:1087} INFO - Dependencies all met for <TaskInstance: get_antibodies.join_antigens scheduled__2022-12-01T00:00:00+00:00 [queued]>
[2023-01-20T19:44:59.229-0300] {taskinstance.py:1283} INFO - 
--------------------------------------------------------------------------------
[2023-01-20T19:44:59.230-0300] {taskinstance.py:1284} INFO - Starting attempt 1 of 1
[2023-01-20T19:44:59.230-0300] {taskinstance.py:1285} INFO - 
--------------------------------------------------------------------------------
[2023-01-20T19:44:59.251-0300] {taskinstance.py:1304} INFO - Executing <Task(PythonOperator): join_antigens> on 2022-12-01 00:00:00+00:00
[2023-01-20T19:44:59.255-0300] {standard_task_runner.py:55} INFO - Started process 11640 to run task
[2023-01-20T19:44:59.257-0300] {standard_task_runner.py:82} INFO - Running: ['***', 'tasks', 'run', 'get_antibodies', 'join_antigens', 'scheduled__2022-12-01T00:00:00+00:00', '--job-id', '322', '--raw', '--subdir', 'DAGS_FOLDER/get_antibodies.py', '--cfg-path', '/tmp/tmpby2lozhf']
[2023-01-20T19:44:59.258-0300] {standard_task_runner.py:83} INFO - Job 322: Subtask join_antigens
[2023-01-20T19:44:59.314-0300] {task_command.py:389} INFO - Running <TaskInstance: get_antibodies.join_antigens scheduled__2022-12-01T00:00:00+00:00 [running]> on host kallo-Ubuntu
[2023-01-20T19:44:59.376-0300] {taskinstance.py:1513} INFO - Exporting the following env vars:
AIRFLOW_CTX_DAG_OWNER=Kallox
AIRFLOW_CTX_DAG_ID=get_antibodies
AIRFLOW_CTX_TASK_ID=join_antigens
AIRFLOW_CTX_EXECUTION_DATE=2022-12-01T00:00:00+00:00
AIRFLOW_CTX_TRY_NUMBER=1
AIRFLOW_CTX_DAG_RUN_ID=scheduled__2022-12-01T00:00:00+00:00
[2023-01-20T19:45:02.651-0300] {python.py:177} INFO - Done. Returned value was: None
[2023-01-20T19:45:02.662-0300] {taskinstance.py:1327} INFO - Marking task as SUCCESS. dag_id=get_antibodies, task_id=join_antigens, execution_date=20221201T000000, start_date=20230120T224459, end_date=20230120T224502
[2023-01-20T19:45:02.719-0300] {local_task_job.py:159} INFO - Task exited with return code 0
[2023-01-20T19:45:02.768-0300] {taskinstance.py:2582} INFO - 1 downstream tasks scheduled from follow-on schedule check
