[2022-12-29T17:31:22.499-0300] {taskinstance.py:1087} INFO - Dependencies all met for <TaskInstance: download_catnap.download_files scheduled__2022-12-27T00:00:00+00:00 [queued]>
[2022-12-29T17:31:22.512-0300] {taskinstance.py:1087} INFO - Dependencies all met for <TaskInstance: download_catnap.download_files scheduled__2022-12-27T00:00:00+00:00 [queued]>
[2022-12-29T17:31:22.512-0300] {taskinstance.py:1283} INFO - 
--------------------------------------------------------------------------------
[2022-12-29T17:31:22.512-0300] {taskinstance.py:1284} INFO - Starting attempt 1 of 1
[2022-12-29T17:31:22.512-0300] {taskinstance.py:1285} INFO - 
--------------------------------------------------------------------------------
[2022-12-29T17:31:22.525-0300] {taskinstance.py:1304} INFO - Executing <Task(PythonOperator): download_files> on 2022-12-27 00:00:00+00:00
[2022-12-29T17:31:22.529-0300] {standard_task_runner.py:55} INFO - Started process 31726 to run task
[2022-12-29T17:31:22.531-0300] {standard_task_runner.py:82} INFO - Running: ['***', 'tasks', 'run', 'download_catnap', 'download_files', 'scheduled__2022-12-27T00:00:00+00:00', '--job-id', '133', '--raw', '--subdir', 'DAGS_FOLDER/download_catnap.py', '--cfg-path', '/tmp/tmpik92h_lg']
[2022-12-29T17:31:22.532-0300] {standard_task_runner.py:83} INFO - Job 133: Subtask download_files
[2022-12-29T17:31:22.603-0300] {task_command.py:389} INFO - Running <TaskInstance: download_catnap.download_files scheduled__2022-12-27T00:00:00+00:00 [running]> on host kallo-Ubuntu
[2022-12-29T17:31:22.679-0300] {taskinstance.py:1513} INFO - Exporting the following env vars:
AIRFLOW_CTX_DAG_OWNER=admin
AIRFLOW_CTX_DAG_ID=download_catnap
AIRFLOW_CTX_TASK_ID=download_files
AIRFLOW_CTX_EXECUTION_DATE=2022-12-27T00:00:00+00:00
AIRFLOW_CTX_TRY_NUMBER=1
AIRFLOW_CTX_DAG_RUN_ID=scheduled__2022-12-27T00:00:00+00:00
[2022-12-29T17:31:57.138-0300] {logging_mixin.py:137} INFO - Assay downloaded.
[2022-12-29T17:31:57.148-0300] {logging_mixin.py:137} INFO - Assay.tsv saved.
[2022-12-29T17:31:58.535-0300] {logging_mixin.py:137} INFO - Antibodies downloaded.
[2022-12-29T17:31:58.536-0300] {logging_mixin.py:137} INFO - Antibodies.tsv saved.
[2022-12-29T17:31:59.729-0300] {logging_mixin.py:137} INFO - Antibodies_germlines downloaded.
[2022-12-29T17:31:59.731-0300] {logging_mixin.py:137} INFO - Antibodies_germlines.tsv saved.
[2022-12-29T17:32:01.488-0300] {logging_mixin.py:137} INFO - Antibody_heavy_chain_na_sequences downloaded.
[2022-12-29T17:32:01.490-0300] {logging_mixin.py:137} INFO - Antibody_heavy_chain_na_sequences.fasta saved.
[2022-12-29T17:32:02.936-0300] {logging_mixin.py:137} INFO - Antibody_heavy_chain_aa_sequences downloaded.
[2022-12-29T17:32:02.937-0300] {logging_mixin.py:137} INFO - Antibody_heavy_chain_aa_sequences.fasta saved.
[2022-12-29T17:32:04.601-0300] {logging_mixin.py:137} INFO - Antibody_light_chain_na_sequences downloaded.
[2022-12-29T17:32:04.602-0300] {logging_mixin.py:137} INFO - Antibody_light_chain_na_sequences.fasta saved.
[2022-12-29T17:32:06.043-0300] {logging_mixin.py:137} INFO - Antibody_light_chain_aa_sequences downloaded.
[2022-12-29T17:32:06.044-0300] {logging_mixin.py:137} INFO - Antibody_light_chain_aa_sequences.fasta saved.
[2022-12-29T17:32:07.939-0300] {logging_mixin.py:137} INFO - Viruses downloaded.
[2022-12-29T17:32:07.941-0300] {logging_mixin.py:137} INFO - Viruses.tsv saved.
[2022-12-29T17:32:24.590-0300] {logging_mixin.py:137} INFO - Virus_na_alignment downloaded.
[2022-12-29T17:32:24.602-0300] {logging_mixin.py:137} INFO - Virus_na_alignment.tsv saved.
[2022-12-29T17:32:31.109-0300] {logging_mixin.py:137} INFO - Virus_aa_alignment downloaded.
[2022-12-29T17:32:31.111-0300] {logging_mixin.py:137} INFO - Virus_aa_alignment.tsv saved.
[2022-12-29T17:32:31.111-0300] {python.py:177} INFO - Done. Returned value was: None
[2022-12-29T17:32:31.125-0300] {taskinstance.py:1327} INFO - Marking task as SUCCESS. dag_id=download_catnap, task_id=download_files, execution_date=20221227T000000, start_date=20221229T203122, end_date=20221229T203231
[2022-12-29T17:32:31.153-0300] {local_task_job.py:159} INFO - Task exited with return code 0
[2022-12-29T17:32:31.183-0300] {taskinstance.py:2582} INFO - 1 downstream tasks scheduled from follow-on schedule check
