[2023-01-20T19:21:39.985-0300] {taskinstance.py:1087} INFO - Dependencies all met for <TaskInstance: download_catnap.download_files scheduled__2023-01-17T00:00:00+00:00 [queued]>
[2023-01-20T19:21:39.999-0300] {taskinstance.py:1087} INFO - Dependencies all met for <TaskInstance: download_catnap.download_files scheduled__2023-01-17T00:00:00+00:00 [queued]>
[2023-01-20T19:21:39.999-0300] {taskinstance.py:1283} INFO - 
--------------------------------------------------------------------------------
[2023-01-20T19:21:39.999-0300] {taskinstance.py:1284} INFO - Starting attempt 1 of 1
[2023-01-20T19:21:40.000-0300] {taskinstance.py:1285} INFO - 
--------------------------------------------------------------------------------
[2023-01-20T19:21:40.017-0300] {taskinstance.py:1304} INFO - Executing <Task(PythonOperator): download_files> on 2023-01-17 00:00:00+00:00
[2023-01-20T19:21:40.022-0300] {standard_task_runner.py:55} INFO - Started process 6300 to run task
[2023-01-20T19:21:40.025-0300] {standard_task_runner.py:82} INFO - Running: ['***', 'tasks', 'run', 'download_catnap', 'download_files', 'scheduled__2023-01-17T00:00:00+00:00', '--job-id', '297', '--raw', '--subdir', 'DAGS_FOLDER/download_catnap.py', '--cfg-path', '/tmp/tmpq0s318vm']
[2023-01-20T19:21:40.026-0300] {standard_task_runner.py:83} INFO - Job 297: Subtask download_files
[2023-01-20T19:21:40.100-0300] {task_command.py:389} INFO - Running <TaskInstance: download_catnap.download_files scheduled__2023-01-17T00:00:00+00:00 [running]> on host kallo-Ubuntu
[2023-01-20T19:21:40.175-0300] {taskinstance.py:1513} INFO - Exporting the following env vars:
AIRFLOW_CTX_DAG_OWNER=admin
AIRFLOW_CTX_DAG_ID=download_catnap
AIRFLOW_CTX_TASK_ID=download_files
AIRFLOW_CTX_EXECUTION_DATE=2023-01-17T00:00:00+00:00
AIRFLOW_CTX_TRY_NUMBER=1
AIRFLOW_CTX_DAG_RUN_ID=scheduled__2023-01-17T00:00:00+00:00
[2023-01-20T19:22:20.812-0300] {logging_mixin.py:137} INFO - Assay downloaded.
[2023-01-20T19:22:20.827-0300] {logging_mixin.py:137} INFO - Assay.tsv saved.
[2023-01-20T19:22:22.343-0300] {logging_mixin.py:137} INFO - Antibodies downloaded.
[2023-01-20T19:22:22.343-0300] {logging_mixin.py:137} INFO - Antibodies.tsv saved.
[2023-01-20T19:22:23.497-0300] {logging_mixin.py:137} INFO - Antibodies_germlines downloaded.
[2023-01-20T19:22:23.498-0300] {logging_mixin.py:137} INFO - Antibodies_germlines.tsv saved.
[2023-01-20T19:22:25.453-0300] {logging_mixin.py:137} INFO - Antibody_heavy_chain_na_sequences downloaded.
[2023-01-20T19:22:25.454-0300] {logging_mixin.py:137} INFO - Antibody_heavy_chain_na_sequences.fasta saved.
[2023-01-20T19:22:26.927-0300] {logging_mixin.py:137} INFO - Antibody_heavy_chain_aa_sequences downloaded.
[2023-01-20T19:22:26.927-0300] {logging_mixin.py:137} INFO - Antibody_heavy_chain_aa_sequences.fasta saved.
[2023-01-20T19:22:28.533-0300] {logging_mixin.py:137} INFO - Antibody_light_chain_na_sequences downloaded.
[2023-01-20T19:22:28.534-0300] {logging_mixin.py:137} INFO - Antibody_light_chain_na_sequences.fasta saved.
[2023-01-20T19:22:29.769-0300] {logging_mixin.py:137} INFO - Antibody_light_chain_aa_sequences downloaded.
[2023-01-20T19:22:29.770-0300] {logging_mixin.py:137} INFO - Antibody_light_chain_aa_sequences.fasta saved.
[2023-01-20T19:22:31.881-0300] {logging_mixin.py:137} INFO - Viruses downloaded.
[2023-01-20T19:22:31.882-0300] {logging_mixin.py:137} INFO - Viruses.tsv saved.
[2023-01-20T19:22:53.517-0300] {logging_mixin.py:137} INFO - Virus_na_alignment downloaded.
[2023-01-20T19:22:53.529-0300] {logging_mixin.py:137} INFO - Virus_na_alignment.tsv saved.
[2023-01-20T19:23:01.046-0300] {logging_mixin.py:137} INFO - Virus_aa_alignment downloaded.
[2023-01-20T19:23:01.049-0300] {logging_mixin.py:137} INFO - Virus_aa_alignment.tsv saved.
[2023-01-20T19:23:01.050-0300] {python.py:177} INFO - Done. Returned value was: None
[2023-01-20T19:23:01.067-0300] {taskinstance.py:1327} INFO - Marking task as SUCCESS. dag_id=download_catnap, task_id=download_files, execution_date=20230117T000000, start_date=20230120T222139, end_date=20230120T222301
[2023-01-20T19:23:01.092-0300] {local_task_job.py:159} INFO - Task exited with return code 0
[2023-01-20T19:23:01.130-0300] {taskinstance.py:2582} INFO - 1 downstream tasks scheduled from follow-on schedule check
