[2023-02-15T01:33:38.478-0300] {taskinstance.py:1087} INFO - Dependencies all met for <TaskInstance: download_uniprot.drop_antibody_columns manual__2023-02-15T02:10:56.705877+00:00 [queued]>
[2023-02-15T01:33:38.493-0300] {taskinstance.py:1087} INFO - Dependencies all met for <TaskInstance: download_uniprot.drop_antibody_columns manual__2023-02-15T02:10:56.705877+00:00 [queued]>
[2023-02-15T01:33:38.493-0300] {taskinstance.py:1283} INFO - 
--------------------------------------------------------------------------------
[2023-02-15T01:33:38.493-0300] {taskinstance.py:1284} INFO - Starting attempt 1 of 1
[2023-02-15T01:33:38.493-0300] {taskinstance.py:1285} INFO - 
--------------------------------------------------------------------------------
[2023-02-15T01:33:38.508-0300] {taskinstance.py:1304} INFO - Executing <Task(PythonOperator): drop_antibody_columns> on 2023-02-15 02:10:56.705877+00:00
[2023-02-15T01:33:38.514-0300] {standard_task_runner.py:55} INFO - Started process 57558 to run task
[2023-02-15T01:33:38.518-0300] {standard_task_runner.py:82} INFO - Running: ['***', 'tasks', 'run', 'download_uniprot', 'drop_antibody_columns', 'manual__2023-02-15T02:10:56.705877+00:00', '--job-id', '406', '--raw', '--subdir', 'DAGS_FOLDER/download_uniprot.py', '--cfg-path', '/tmp/tmpbhza7vd6']
[2023-02-15T01:33:38.519-0300] {standard_task_runner.py:83} INFO - Job 406: Subtask drop_antibody_columns
[2023-02-15T01:33:38.598-0300] {task_command.py:389} INFO - Running <TaskInstance: download_uniprot.drop_antibody_columns manual__2023-02-15T02:10:56.705877+00:00 [running]> on host kallo-Ubuntu
[2023-02-15T01:33:38.681-0300] {taskinstance.py:1513} INFO - Exporting the following env vars:
AIRFLOW_CTX_DAG_OWNER=Kallox
AIRFLOW_CTX_DAG_ID=download_uniprot
AIRFLOW_CTX_TASK_ID=drop_antibody_columns
AIRFLOW_CTX_EXECUTION_DATE=2023-02-15T02:10:56.705877+00:00
AIRFLOW_CTX_TRY_NUMBER=1
AIRFLOW_CTX_DAG_RUN_ID=manual__2023-02-15T02:10:56.705877+00:00
[2023-02-15T01:33:40.149-0300] {python.py:177} INFO - Done. Returned value was: None
[2023-02-15T01:33:40.162-0300] {taskinstance.py:1327} INFO - Marking task as SUCCESS. dag_id=download_uniprot, task_id=drop_antibody_columns, execution_date=20230215T021056, start_date=20230215T043338, end_date=20230215T043340
[2023-02-15T01:33:40.213-0300] {local_task_job.py:159} INFO - Task exited with return code 0
[2023-02-15T01:33:40.232-0300] {taskinstance.py:2582} INFO - 0 downstream tasks scheduled from follow-on schedule check
