[2022-12-14T21:32:00.602-0300] {taskinstance.py:1087} INFO - Dependencies all met for <TaskInstance: download_uniprot.extract_files manual__2022-12-15T00:31:58.391242+00:00 [queued]>
[2022-12-14T21:32:00.614-0300] {taskinstance.py:1087} INFO - Dependencies all met for <TaskInstance: download_uniprot.extract_files manual__2022-12-15T00:31:58.391242+00:00 [queued]>
[2022-12-14T21:32:00.614-0300] {taskinstance.py:1283} INFO - 
--------------------------------------------------------------------------------
[2022-12-14T21:32:00.614-0300] {taskinstance.py:1284} INFO - Starting attempt 1 of 1
[2022-12-14T21:32:00.614-0300] {taskinstance.py:1285} INFO - 
--------------------------------------------------------------------------------
[2022-12-14T21:32:00.626-0300] {taskinstance.py:1304} INFO - Executing <Task(PythonOperator): extract_files> on 2022-12-15 00:31:58.391242+00:00
[2022-12-14T21:32:00.630-0300] {standard_task_runner.py:55} INFO - Started process 133864 to run task
[2022-12-14T21:32:00.632-0300] {standard_task_runner.py:82} INFO - Running: ['***', 'tasks', 'run', 'download_uniprot', 'extract_files', 'manual__2022-12-15T00:31:58.391242+00:00', '--job-id', '16', '--raw', '--subdir', 'DAGS_FOLDER/download_uniprot.py', '--cfg-path', '/tmp/tmp0ab4dngo']
[2022-12-14T21:32:00.633-0300] {standard_task_runner.py:83} INFO - Job 16: Subtask extract_files
[2022-12-14T21:32:00.703-0300] {task_command.py:389} INFO - Running <TaskInstance: download_uniprot.extract_files manual__2022-12-15T00:31:58.391242+00:00 [running]> on host kallo-Ubuntu
[2022-12-14T21:32:00.783-0300] {taskinstance.py:1513} INFO - Exporting the following env vars:
AIRFLOW_CTX_DAG_OWNER=Kallox
AIRFLOW_CTX_DAG_ID=download_uniprot
AIRFLOW_CTX_TASK_ID=extract_files
AIRFLOW_CTX_EXECUTION_DATE=2022-12-15T00:31:58.391242+00:00
AIRFLOW_CTX_TRY_NUMBER=1
AIRFLOW_CTX_DAG_RUN_ID=manual__2022-12-15T00:31:58.391242+00:00
[2022-12-14T21:32:11.415-0300] {logging_mixin.py:137} INFO - 3000
[2022-12-14T21:32:13.934-0300] {logging_mixin.py:137} INFO - 4000
[2022-12-14T21:32:17.756-0300] {logging_mixin.py:137} INFO - 5000
[2022-12-14T21:32:22.976-0300] {logging_mixin.py:137} INFO - 7000
[2022-12-14T21:32:25.996-0300] {logging_mixin.py:137} INFO - 8000
[2022-12-14T21:32:32.411-0300] {logging_mixin.py:137} INFO - 11000
[2022-12-14T21:32:38.058-0300] {logging_mixin.py:137} INFO - 12000
[2022-12-14T21:32:44.084-0300] {logging_mixin.py:137} INFO - 13000
[2022-12-14T21:32:52.110-0300] {logging_mixin.py:137} INFO - 14000
[2022-12-14T21:32:59.709-0300] {logging_mixin.py:137} INFO - 15000
[2022-12-14T21:33:07.900-0300] {logging_mixin.py:137} INFO - 16000
[2022-12-14T21:33:17.124-0300] {logging_mixin.py:137} INFO - 17000
[2022-12-14T21:33:26.780-0300] {logging_mixin.py:137} INFO - 18000
[2022-12-14T21:33:35.974-0300] {logging_mixin.py:137} INFO - 19000
[2022-12-14T21:33:45.992-0300] {logging_mixin.py:137} INFO - 20000
[2022-12-14T21:33:58.262-0300] {logging_mixin.py:137} INFO - 21000
[2022-12-14T21:34:09.348-0300] {logging_mixin.py:137} INFO - 22000
[2022-12-14T21:34:22.379-0300] {logging_mixin.py:137} INFO - 23000
[2022-12-14T21:34:35.268-0300] {logging_mixin.py:137} INFO - 24000
[2022-12-14T21:34:48.424-0300] {logging_mixin.py:137} INFO - 25000
[2022-12-14T21:35:03.763-0300] {logging_mixin.py:137} INFO - 26000
[2022-12-14T21:35:35.242-0300] {logging_mixin.py:137} INFO - 2000
[2022-12-14T21:35:38.495-0300] {logging_mixin.py:137} INFO - 3000
[2022-12-14T21:36:06.850-0300] {logging_mixin.py:137} INFO - 1000
[2022-12-14T21:36:08.986-0300] {logging_mixin.py:137} INFO - 2000
[2022-12-14T21:36:14.323-0300] {logging_mixin.py:137} INFO - 4000
[2022-12-14T21:36:17.711-0300] {logging_mixin.py:137} INFO - 5000
[2022-12-14T21:36:26.689-0300] {logging_mixin.py:137} INFO - 7000
[2022-12-14T21:36:37.231-0300] {logging_mixin.py:137} INFO - 9000
[2022-12-14T21:36:43.324-0300] {logging_mixin.py:137} INFO - 10000
[2022-12-14T21:36:49.640-0300] {logging_mixin.py:137} INFO - 11000
[2022-12-14T21:36:57.487-0300] {logging_mixin.py:137} INFO - 12000
[2022-12-14T21:37:12.446-0300] {logging_mixin.py:137} INFO - 14000
[2022-12-14T21:37:20.552-0300] {logging_mixin.py:137} INFO - 15000
[2022-12-14T21:37:39.199-0300] {logging_mixin.py:137} INFO - 17000
[2022-12-14T21:37:49.194-0300] {logging_mixin.py:137} INFO - 18000
[2022-12-14T21:38:01.080-0300] {logging_mixin.py:137} INFO - 19000
[2022-12-14T21:38:09.371-0300] {python.py:177} INFO - Done. Returned value was: None
[2022-12-14T21:38:09.385-0300] {taskinstance.py:1327} INFO - Marking task as SUCCESS. dag_id=download_uniprot, task_id=extract_files, execution_date=20221215T003158, start_date=20221215T003200, end_date=20221215T003809
[2022-12-14T21:38:09.424-0300] {local_task_job.py:159} INFO - Task exited with return code 0
[2022-12-14T21:38:09.461-0300] {taskinstance.py:2582} INFO - 1 downstream tasks scheduled from follow-on schedule check
