[2022-12-29T17:27:00.894-0300] {taskinstance.py:1087} INFO - Dependencies all met for <TaskInstance: download_catnap.download_files scheduled__2022-11-07T00:00:00+00:00 [queued]>
[2022-12-29T17:27:00.919-0300] {taskinstance.py:1087} INFO - Dependencies all met for <TaskInstance: download_catnap.download_files scheduled__2022-11-07T00:00:00+00:00 [queued]>
[2022-12-29T17:27:00.920-0300] {taskinstance.py:1283} INFO - 
--------------------------------------------------------------------------------
[2022-12-29T17:27:00.920-0300] {taskinstance.py:1284} INFO - Starting attempt 1 of 1
[2022-12-29T17:27:00.920-0300] {taskinstance.py:1285} INFO - 
--------------------------------------------------------------------------------
[2022-12-29T17:27:01.143-0300] {taskinstance.py:1304} INFO - Executing <Task(PythonOperator): download_files> on 2022-11-07 00:00:00+00:00
[2022-12-29T17:27:01.153-0300] {standard_task_runner.py:55} INFO - Started process 25136 to run task
[2022-12-29T17:27:01.159-0300] {standard_task_runner.py:82} INFO - Running: ['***', 'tasks', 'run', 'download_catnap', 'download_files', 'scheduled__2022-11-07T00:00:00+00:00', '--job-id', '37', '--raw', '--subdir', 'DAGS_FOLDER/download_catnap.py', '--cfg-path', '/tmp/tmpu8rxvdv0']
[2022-12-29T17:27:01.161-0300] {standard_task_runner.py:83} INFO - Job 37: Subtask download_files
[2022-12-29T17:27:01.320-0300] {task_command.py:389} INFO - Running <TaskInstance: download_catnap.download_files scheduled__2022-11-07T00:00:00+00:00 [running]> on host kallo-Ubuntu
[2022-12-29T17:27:01.480-0300] {taskinstance.py:1513} INFO - Exporting the following env vars:
AIRFLOW_CTX_DAG_OWNER=admin
AIRFLOW_CTX_DAG_ID=download_catnap
AIRFLOW_CTX_TASK_ID=download_files
AIRFLOW_CTX_EXECUTION_DATE=2022-11-07T00:00:00+00:00
AIRFLOW_CTX_TRY_NUMBER=1
AIRFLOW_CTX_DAG_RUN_ID=scheduled__2022-11-07T00:00:00+00:00
[2022-12-29T17:27:39.118-0300] {logging_mixin.py:137} INFO - Assay downloaded.
[2022-12-29T17:27:39.128-0300] {logging_mixin.py:137} INFO - Assay.tsv saved.
[2022-12-29T17:27:40.795-0300] {logging_mixin.py:137} INFO - Antibodies downloaded.
[2022-12-29T17:27:40.795-0300] {logging_mixin.py:137} INFO - Antibodies.tsv saved.
[2022-12-29T17:27:41.954-0300] {logging_mixin.py:137} INFO - Antibodies_germlines downloaded.
[2022-12-29T17:27:41.955-0300] {logging_mixin.py:137} INFO - Antibodies_germlines.tsv saved.
[2022-12-29T17:27:43.792-0300] {logging_mixin.py:137} INFO - Antibody_heavy_chain_na_sequences downloaded.
[2022-12-29T17:27:43.793-0300] {logging_mixin.py:137} INFO - Antibody_heavy_chain_na_sequences.fasta saved.
[2022-12-29T17:27:45.418-0300] {logging_mixin.py:137} INFO - Antibody_heavy_chain_aa_sequences downloaded.
[2022-12-29T17:27:45.420-0300] {logging_mixin.py:137} INFO - Antibody_heavy_chain_aa_sequences.fasta saved.
[2022-12-29T17:27:47.008-0300] {logging_mixin.py:137} INFO - Antibody_light_chain_na_sequences downloaded.
[2022-12-29T17:27:47.009-0300] {logging_mixin.py:137} INFO - Antibody_light_chain_na_sequences.fasta saved.
[2022-12-29T17:27:48.344-0300] {logging_mixin.py:137} INFO - Antibody_light_chain_aa_sequences downloaded.
[2022-12-29T17:27:48.346-0300] {logging_mixin.py:137} INFO - Antibody_light_chain_aa_sequences.fasta saved.
[2022-12-29T17:27:50.381-0300] {logging_mixin.py:137} INFO - Viruses downloaded.
[2022-12-29T17:27:50.382-0300] {logging_mixin.py:137} INFO - Viruses.tsv saved.
[2022-12-29T17:28:06.741-0300] {logging_mixin.py:137} INFO - Virus_na_alignment downloaded.
[2022-12-29T17:28:06.747-0300] {logging_mixin.py:137} INFO - Virus_na_alignment.tsv saved.
[2022-12-29T17:28:13.247-0300] {logging_mixin.py:137} INFO - Virus_aa_alignment downloaded.
[2022-12-29T17:28:13.250-0300] {logging_mixin.py:137} INFO - Virus_aa_alignment.tsv saved.
[2022-12-29T17:28:13.250-0300] {python.py:177} INFO - Done. Returned value was: None
[2022-12-29T17:28:13.269-0300] {taskinstance.py:1327} INFO - Marking task as SUCCESS. dag_id=download_catnap, task_id=download_files, execution_date=20221107T000000, start_date=20221229T202700, end_date=20221229T202813
[2022-12-29T17:28:13.309-0300] {local_task_job.py:159} INFO - Task exited with return code 0
[2022-12-29T17:28:13.349-0300] {taskinstance.py:2582} INFO - 1 downstream tasks scheduled from follow-on schedule check
