[2023-01-23T14:28:39.739-0300] {taskinstance.py:1087} INFO - Dependencies all met for <TaskInstance: get_antigens.catnap manual__2023-01-23T17:28:37.600385+00:00 [queued]>
[2023-01-23T14:28:39.755-0300] {taskinstance.py:1087} INFO - Dependencies all met for <TaskInstance: get_antigens.catnap manual__2023-01-23T17:28:37.600385+00:00 [queued]>
[2023-01-23T14:28:39.755-0300] {taskinstance.py:1283} INFO - 
--------------------------------------------------------------------------------
[2023-01-23T14:28:39.755-0300] {taskinstance.py:1284} INFO - Starting attempt 1 of 1
[2023-01-23T14:28:39.755-0300] {taskinstance.py:1285} INFO - 
--------------------------------------------------------------------------------
[2023-01-23T14:28:39.772-0300] {taskinstance.py:1304} INFO - Executing <Task(PythonOperator): catnap> on 2023-01-23 17:28:37.600385+00:00
[2023-01-23T14:28:39.777-0300] {standard_task_runner.py:55} INFO - Started process 5305 to run task
[2023-01-23T14:28:39.779-0300] {standard_task_runner.py:82} INFO - Running: ['***', 'tasks', 'run', 'get_antigens', 'catnap', 'manual__2023-01-23T17:28:37.600385+00:00', '--job-id', '337', '--raw', '--subdir', 'DAGS_FOLDER/get_antigens.py', '--cfg-path', '/tmp/tmpp0r61ip1']
[2023-01-23T14:28:39.780-0300] {standard_task_runner.py:83} INFO - Job 337: Subtask catnap
[2023-01-23T14:28:39.852-0300] {task_command.py:389} INFO - Running <TaskInstance: get_antigens.catnap manual__2023-01-23T17:28:37.600385+00:00 [running]> on host kallo-Ubuntu
[2023-01-23T14:28:39.936-0300] {taskinstance.py:1513} INFO - Exporting the following env vars:
AIRFLOW_CTX_DAG_OWNER=Kallox
AIRFLOW_CTX_DAG_ID=get_antigens
AIRFLOW_CTX_TASK_ID=catnap
AIRFLOW_CTX_EXECUTION_DATE=2023-01-23T17:28:37.600385+00:00
AIRFLOW_CTX_TRY_NUMBER=1
AIRFLOW_CTX_DAG_RUN_ID=manual__2023-01-23T17:28:37.600385+00:00
[2023-01-23T14:28:42.680-0300] {python.py:177} INFO - Done. Returned value was: None
[2023-01-23T14:28:42.692-0300] {taskinstance.py:1327} INFO - Marking task as SUCCESS. dag_id=get_antigens, task_id=catnap, execution_date=20230123T172837, start_date=20230123T172839, end_date=20230123T172842
[2023-01-23T14:28:42.718-0300] {local_task_job.py:159} INFO - Task exited with return code 0
[2023-01-23T14:28:42.749-0300] {taskinstance.py:2582} INFO - 1 downstream tasks scheduled from follow-on schedule check
