[2022-12-14T19:09:25.781-0300] {taskinstance.py:1087} INFO - Dependencies all met for <TaskInstance: download_uniprot.download_files manual__2022-12-14T22:09:23.603444+00:00 [queued]>
[2022-12-14T19:09:25.792-0300] {taskinstance.py:1087} INFO - Dependencies all met for <TaskInstance: download_uniprot.download_files manual__2022-12-14T22:09:23.603444+00:00 [queued]>
[2022-12-14T19:09:25.792-0300] {taskinstance.py:1283} INFO - 
--------------------------------------------------------------------------------
[2022-12-14T19:09:25.793-0300] {taskinstance.py:1284} INFO - Starting attempt 1 of 1
[2022-12-14T19:09:25.793-0300] {taskinstance.py:1285} INFO - 
--------------------------------------------------------------------------------
[2022-12-14T19:09:25.805-0300] {taskinstance.py:1304} INFO - Executing <Task(PythonOperator): download_files> on 2022-12-14 22:09:23.603444+00:00
[2022-12-14T19:09:25.809-0300] {standard_task_runner.py:55} INFO - Started process 52251 to run task
[2022-12-14T19:09:25.811-0300] {standard_task_runner.py:82} INFO - Running: ['***', 'tasks', 'run', 'download_uniprot', 'download_files', 'manual__2022-12-14T22:09:23.603444+00:00', '--job-id', '11', '--raw', '--subdir', 'DAGS_FOLDER/download_uniprot.py', '--cfg-path', '/tmp/tmpr9ip4j5w']
[2022-12-14T19:09:25.811-0300] {standard_task_runner.py:83} INFO - Job 11: Subtask download_files
[2022-12-14T19:09:25.875-0300] {task_command.py:389} INFO - Running <TaskInstance: download_uniprot.download_files manual__2022-12-14T22:09:23.603444+00:00 [running]> on host kallo-Ubuntu
[2022-12-14T19:09:25.945-0300] {taskinstance.py:1513} INFO - Exporting the following env vars:
AIRFLOW_CTX_DAG_OWNER=Kallox
AIRFLOW_CTX_DAG_ID=download_uniprot
AIRFLOW_CTX_TASK_ID=download_files
AIRFLOW_CTX_EXECUTION_DATE=2022-12-14T22:09:23.603444+00:00
AIRFLOW_CTX_TRY_NUMBER=1
AIRFLOW_CTX_DAG_RUN_ID=manual__2022-12-14T22:09:23.603444+00:00
[2022-12-14T19:09:25.946-0300] {logging_mixin.py:137} INFO - /home/kallox/***/dags
[2022-12-14T19:10:14.792-0300] {logging_mixin.py:137} INFO - antibody downloaded.
[2022-12-14T19:10:14.989-0300] {logging_mixin.py:137} INFO - antibody.json saved.
[2022-12-14T19:23:06.774-0300] {logging_mixin.py:137} INFO - abcd downloaded.
[2022-12-14T19:23:06.869-0300] {logging_mixin.py:137} INFO - abcd.json saved.
[2022-12-14T19:23:16.413-0300] {logging_mixin.py:137} INFO - imgtgene downloaded.
[2022-12-14T19:23:16.416-0300] {logging_mixin.py:137} INFO - imgtgene.json saved.
[2022-12-14T20:28:44.435-0300] {logging_mixin.py:137} INFO - antibodypedia downloaded.
[2022-12-14T20:28:44.972-0300] {logging_mixin.py:137} INFO - antibodypedia.json saved.
[2022-12-14T20:29:54.119-0300] {logging_mixin.py:137} INFO - cptc downloaded.
[2022-12-14T20:29:54.136-0300] {logging_mixin.py:137} INFO - cptc.json saved.
[2022-12-14T20:29:54.136-0300] {python.py:177} INFO - Done. Returned value was: None
[2022-12-14T20:29:54.152-0300] {taskinstance.py:1327} INFO - Marking task as SUCCESS. dag_id=download_uniprot, task_id=download_files, execution_date=20221214T220923, start_date=20221214T220925, end_date=20221214T232954
[2022-12-14T20:29:54.208-0300] {local_task_job.py:159} INFO - Task exited with return code 0
[2022-12-14T20:29:54.234-0300] {taskinstance.py:2582} INFO - 1 downstream tasks scheduled from follow-on schedule check
