[2023-01-01T21:13:14.726-0300] {taskinstance.py:1087} INFO - Dependencies all met for <TaskInstance: get_interactions.string.string_download_files manual__2023-01-02T00:13:11.834565+00:00 [queued]>
[2023-01-01T21:13:14.738-0300] {taskinstance.py:1087} INFO - Dependencies all met for <TaskInstance: get_interactions.string.string_download_files manual__2023-01-02T00:13:11.834565+00:00 [queued]>
[2023-01-01T21:13:14.739-0300] {taskinstance.py:1283} INFO - 
--------------------------------------------------------------------------------
[2023-01-01T21:13:14.739-0300] {taskinstance.py:1284} INFO - Starting attempt 1 of 1
[2023-01-01T21:13:14.739-0300] {taskinstance.py:1285} INFO - 
--------------------------------------------------------------------------------
[2023-01-01T21:13:14.758-0300] {taskinstance.py:1304} INFO - Executing <Task(PythonOperator): string.string_download_files> on 2023-01-02 00:13:11.834565+00:00
[2023-01-01T21:13:14.763-0300] {standard_task_runner.py:55} INFO - Started process 14371 to run task
[2023-01-01T21:13:14.765-0300] {standard_task_runner.py:82} INFO - Running: ['***', 'tasks', 'run', 'get_interactions', 'string.string_download_files', 'manual__2023-01-02T00:13:11.834565+00:00', '--job-id', '184', '--raw', '--subdir', 'DAGS_FOLDER/get_interactions.py', '--cfg-path', '/tmp/tmppct_v3i9']
[2023-01-01T21:13:14.765-0300] {standard_task_runner.py:83} INFO - Job 184: Subtask string.string_download_files
[2023-01-01T21:13:14.837-0300] {task_command.py:389} INFO - Running <TaskInstance: get_interactions.string.string_download_files manual__2023-01-02T00:13:11.834565+00:00 [running]> on host kallo-Ubuntu
[2023-01-01T21:13:14.910-0300] {taskinstance.py:1513} INFO - Exporting the following env vars:
AIRFLOW_CTX_DAG_OWNER=Kallox
AIRFLOW_CTX_DAG_ID=get_interactions
AIRFLOW_CTX_TASK_ID=string.string_download_files
AIRFLOW_CTX_EXECUTION_DATE=2023-01-02T00:13:11.834565+00:00
AIRFLOW_CTX_TRY_NUMBER=1
AIRFLOW_CTX_DAG_RUN_ID=manual__2023-01-02T00:13:11.834565+00:00
[2023-01-01T21:13:16.187-0300] {logging_mixin.py:137} INFO - 0
[2023-01-01T21:13:16.776-0300] {logging_mixin.py:137} INFO - 1
[2023-01-01T21:13:17.308-0300] {logging_mixin.py:137} INFO - 2
[2023-01-01T21:13:17.829-0300] {logging_mixin.py:137} INFO - 3
[2023-01-01T21:13:18.366-0300] {logging_mixin.py:137} INFO - 4
[2023-01-01T21:13:18.931-0300] {logging_mixin.py:137} INFO - 5
[2023-01-01T21:13:19.423-0300] {logging_mixin.py:137} INFO - 6
[2023-01-01T21:13:19.920-0300] {logging_mixin.py:137} INFO - 7
[2023-01-01T21:13:20.503-0300] {logging_mixin.py:137} INFO - 8
[2023-01-01T21:13:20.506-0300] {python.py:177} INFO - Done. Returned value was: None
[2023-01-01T21:13:20.522-0300] {taskinstance.py:1327} INFO - Marking task as SUCCESS. dag_id=get_interactions, task_id=string.string_download_files, execution_date=20230102T001311, start_date=20230102T001314, end_date=20230102T001320
[2023-01-01T21:13:20.590-0300] {local_task_job.py:159} INFO - Task exited with return code 0
[2023-01-01T21:13:20.648-0300] {taskinstance.py:2582} INFO - 1 downstream tasks scheduled from follow-on schedule check
