[2023-01-20T19:44:57.571-0300] {taskinstance.py:1087} INFO - Dependencies all met for <TaskInstance: get_antibodies.vdjdb manual__2023-01-20T22:44:49.587029+00:00 [queued]>
[2023-01-20T19:44:57.581-0300] {taskinstance.py:1087} INFO - Dependencies all met for <TaskInstance: get_antibodies.vdjdb manual__2023-01-20T22:44:49.587029+00:00 [queued]>
[2023-01-20T19:44:57.582-0300] {taskinstance.py:1283} INFO - 
--------------------------------------------------------------------------------
[2023-01-20T19:44:57.582-0300] {taskinstance.py:1284} INFO - Starting attempt 1 of 1
[2023-01-20T19:44:57.582-0300] {taskinstance.py:1285} INFO - 
--------------------------------------------------------------------------------
[2023-01-20T19:44:57.608-0300] {taskinstance.py:1304} INFO - Executing <Task(PythonOperator): vdjdb> on 2023-01-20 22:44:49.587029+00:00
[2023-01-20T19:44:57.612-0300] {standard_task_runner.py:55} INFO - Started process 11604 to run task
[2023-01-20T19:44:57.614-0300] {standard_task_runner.py:82} INFO - Running: ['***', 'tasks', 'run', 'get_antibodies', 'vdjdb', 'manual__2023-01-20T22:44:49.587029+00:00', '--job-id', '319', '--raw', '--subdir', 'DAGS_FOLDER/get_antibodies.py', '--cfg-path', '/tmp/tmpvuizhh7b']
[2023-01-20T19:44:57.615-0300] {standard_task_runner.py:83} INFO - Job 319: Subtask vdjdb
[2023-01-20T19:44:57.669-0300] {task_command.py:389} INFO - Running <TaskInstance: get_antibodies.vdjdb manual__2023-01-20T22:44:49.587029+00:00 [running]> on host kallo-Ubuntu
[2023-01-20T19:44:57.730-0300] {taskinstance.py:1513} INFO - Exporting the following env vars:
AIRFLOW_CTX_DAG_OWNER=Kallox
AIRFLOW_CTX_DAG_ID=get_antibodies
AIRFLOW_CTX_TASK_ID=vdjdb
AIRFLOW_CTX_EXECUTION_DATE=2023-01-20T22:44:49.587029+00:00
AIRFLOW_CTX_TRY_NUMBER=1
AIRFLOW_CTX_DAG_RUN_ID=manual__2023-01-20T22:44:49.587029+00:00
[2023-01-20T19:44:58.312-0300] {python.py:177} INFO - Done. Returned value was: None
[2023-01-20T19:44:58.322-0300] {taskinstance.py:1327} INFO - Marking task as SUCCESS. dag_id=get_antibodies, task_id=vdjdb, execution_date=20230120T224449, start_date=20230120T224457, end_date=20230120T224458
[2023-01-20T19:44:58.348-0300] {local_task_job.py:159} INFO - Task exited with return code 0
[2023-01-20T19:44:58.372-0300] {taskinstance.py:2582} INFO - 1 downstream tasks scheduled from follow-on schedule check
