[2023-01-03T21:00:01.439-0300] {taskinstance.py:1087} INFO - Dependencies all met for <TaskInstance: download_catnap.download_files scheduled__2023-01-03T00:00:00+00:00 [queued]>
[2023-01-03T21:00:01.450-0300] {taskinstance.py:1087} INFO - Dependencies all met for <TaskInstance: download_catnap.download_files scheduled__2023-01-03T00:00:00+00:00 [queued]>
[2023-01-03T21:00:01.450-0300] {taskinstance.py:1283} INFO - 
--------------------------------------------------------------------------------
[2023-01-03T21:00:01.450-0300] {taskinstance.py:1284} INFO - Starting attempt 1 of 1
[2023-01-03T21:00:01.450-0300] {taskinstance.py:1285} INFO - 
--------------------------------------------------------------------------------
[2023-01-03T21:00:01.469-0300] {taskinstance.py:1304} INFO - Executing <Task(PythonOperator): download_files> on 2023-01-03 00:00:00+00:00
[2023-01-03T21:00:01.473-0300] {standard_task_runner.py:55} INFO - Started process 7249 to run task
[2023-01-03T21:00:01.476-0300] {standard_task_runner.py:82} INFO - Running: ['***', 'tasks', 'run', 'download_catnap', 'download_files', 'scheduled__2023-01-03T00:00:00+00:00', '--job-id', '219', '--raw', '--subdir', 'DAGS_FOLDER/download_catnap.py', '--cfg-path', '/tmp/tmpw9d2d88v']
[2023-01-03T21:00:01.476-0300] {standard_task_runner.py:83} INFO - Job 219: Subtask download_files
[2023-01-03T21:00:01.548-0300] {task_command.py:389} INFO - Running <TaskInstance: download_catnap.download_files scheduled__2023-01-03T00:00:00+00:00 [running]> on host kallo-Ubuntu
[2023-01-03T21:00:01.628-0300] {taskinstance.py:1513} INFO - Exporting the following env vars:
AIRFLOW_CTX_DAG_OWNER=admin
AIRFLOW_CTX_DAG_ID=download_catnap
AIRFLOW_CTX_TASK_ID=download_files
AIRFLOW_CTX_EXECUTION_DATE=2023-01-03T00:00:00+00:00
AIRFLOW_CTX_TRY_NUMBER=1
AIRFLOW_CTX_DAG_RUN_ID=scheduled__2023-01-03T00:00:00+00:00
[2023-01-03T21:00:39.621-0300] {logging_mixin.py:137} INFO - Assay downloaded.
[2023-01-03T21:00:39.636-0300] {logging_mixin.py:137} INFO - Assay.tsv saved.
[2023-01-03T21:00:41.619-0300] {logging_mixin.py:137} INFO - Antibodies downloaded.
[2023-01-03T21:00:41.620-0300] {logging_mixin.py:137} INFO - Antibodies.tsv saved.
[2023-01-03T21:00:42.757-0300] {logging_mixin.py:137} INFO - Antibodies_germlines downloaded.
[2023-01-03T21:00:42.759-0300] {logging_mixin.py:137} INFO - Antibodies_germlines.tsv saved.
[2023-01-03T21:00:44.742-0300] {logging_mixin.py:137} INFO - Antibody_heavy_chain_na_sequences downloaded.
[2023-01-03T21:00:44.751-0300] {logging_mixin.py:137} INFO - Antibody_heavy_chain_na_sequences.fasta saved.
[2023-01-03T21:00:46.176-0300] {logging_mixin.py:137} INFO - Antibody_heavy_chain_aa_sequences downloaded.
[2023-01-03T21:00:46.177-0300] {logging_mixin.py:137} INFO - Antibody_heavy_chain_aa_sequences.fasta saved.
[2023-01-03T21:00:47.779-0300] {logging_mixin.py:137} INFO - Antibody_light_chain_na_sequences downloaded.
[2023-01-03T21:00:47.779-0300] {logging_mixin.py:137} INFO - Antibody_light_chain_na_sequences.fasta saved.
[2023-01-03T21:00:49.207-0300] {logging_mixin.py:137} INFO - Antibody_light_chain_aa_sequences downloaded.
[2023-01-03T21:00:49.207-0300] {logging_mixin.py:137} INFO - Antibody_light_chain_aa_sequences.fasta saved.
[2023-01-03T21:00:51.428-0300] {logging_mixin.py:137} INFO - Viruses downloaded.
[2023-01-03T21:00:51.429-0300] {logging_mixin.py:137} INFO - Viruses.tsv saved.
[2023-01-03T21:01:07.131-0300] {logging_mixin.py:137} INFO - Virus_na_alignment downloaded.
[2023-01-03T21:01:07.136-0300] {logging_mixin.py:137} INFO - Virus_na_alignment.tsv saved.
[2023-01-03T21:01:14.064-0300] {logging_mixin.py:137} INFO - Virus_aa_alignment downloaded.
[2023-01-03T21:01:14.067-0300] {logging_mixin.py:137} INFO - Virus_aa_alignment.tsv saved.
[2023-01-03T21:01:14.076-0300] {python.py:177} INFO - Done. Returned value was: None
[2023-01-03T21:01:14.092-0300] {taskinstance.py:1327} INFO - Marking task as SUCCESS. dag_id=download_catnap, task_id=download_files, execution_date=20230103T000000, start_date=20230104T000001, end_date=20230104T000114
[2023-01-03T21:01:14.145-0300] {local_task_job.py:159} INFO - Task exited with return code 0
[2023-01-03T21:01:14.187-0300] {taskinstance.py:2582} INFO - 1 downstream tasks scheduled from follow-on schedule check
