[2023-01-07T21:00:02.435-0300] {taskinstance.py:1087} INFO - Dependencies all met for <TaskInstance: download_catnap.download_files scheduled__2023-01-07T00:00:00+00:00 [queued]>
[2023-01-07T21:00:02.450-0300] {taskinstance.py:1087} INFO - Dependencies all met for <TaskInstance: download_catnap.download_files scheduled__2023-01-07T00:00:00+00:00 [queued]>
[2023-01-07T21:00:02.450-0300] {taskinstance.py:1283} INFO - 
--------------------------------------------------------------------------------
[2023-01-07T21:00:02.450-0300] {taskinstance.py:1284} INFO - Starting attempt 1 of 1
[2023-01-07T21:00:02.450-0300] {taskinstance.py:1285} INFO - 
--------------------------------------------------------------------------------
[2023-01-07T21:00:02.473-0300] {taskinstance.py:1304} INFO - Executing <Task(PythonOperator): download_files> on 2023-01-07 00:00:00+00:00
[2023-01-07T21:00:02.478-0300] {standard_task_runner.py:55} INFO - Started process 8124 to run task
[2023-01-07T21:00:02.481-0300] {standard_task_runner.py:82} INFO - Running: ['***', 'tasks', 'run', 'download_catnap', 'download_files', 'scheduled__2023-01-07T00:00:00+00:00', '--job-id', '277', '--raw', '--subdir', 'DAGS_FOLDER/download_catnap.py', '--cfg-path', '/tmp/tmp95iclklj']
[2023-01-07T21:00:02.482-0300] {standard_task_runner.py:83} INFO - Job 277: Subtask download_files
[2023-01-07T21:00:02.560-0300] {task_command.py:389} INFO - Running <TaskInstance: download_catnap.download_files scheduled__2023-01-07T00:00:00+00:00 [running]> on host kallo-Ubuntu
[2023-01-07T21:00:02.642-0300] {taskinstance.py:1513} INFO - Exporting the following env vars:
AIRFLOW_CTX_DAG_OWNER=admin
AIRFLOW_CTX_DAG_ID=download_catnap
AIRFLOW_CTX_TASK_ID=download_files
AIRFLOW_CTX_EXECUTION_DATE=2023-01-07T00:00:00+00:00
AIRFLOW_CTX_TRY_NUMBER=1
AIRFLOW_CTX_DAG_RUN_ID=scheduled__2023-01-07T00:00:00+00:00
[2023-01-07T21:00:42.662-0300] {logging_mixin.py:137} INFO - Assay downloaded.
[2023-01-07T21:00:42.680-0300] {logging_mixin.py:137} INFO - Assay.tsv saved.
[2023-01-07T21:00:44.738-0300] {logging_mixin.py:137} INFO - Antibodies downloaded.
[2023-01-07T21:00:44.740-0300] {logging_mixin.py:137} INFO - Antibodies.tsv saved.
[2023-01-07T21:00:46.100-0300] {logging_mixin.py:137} INFO - Antibodies_germlines downloaded.
[2023-01-07T21:00:46.101-0300] {logging_mixin.py:137} INFO - Antibodies_germlines.tsv saved.
[2023-01-07T21:00:48.214-0300] {logging_mixin.py:137} INFO - Antibody_heavy_chain_na_sequences downloaded.
[2023-01-07T21:00:48.217-0300] {logging_mixin.py:137} INFO - Antibody_heavy_chain_na_sequences.fasta saved.
[2023-01-07T21:00:50.076-0300] {logging_mixin.py:137} INFO - Antibody_heavy_chain_aa_sequences downloaded.
[2023-01-07T21:00:50.078-0300] {logging_mixin.py:137} INFO - Antibody_heavy_chain_aa_sequences.fasta saved.
[2023-01-07T21:00:51.645-0300] {logging_mixin.py:137} INFO - Antibody_light_chain_na_sequences downloaded.
[2023-01-07T21:00:51.648-0300] {logging_mixin.py:137} INFO - Antibody_light_chain_na_sequences.fasta saved.
[2023-01-07T21:00:53.019-0300] {logging_mixin.py:137} INFO - Antibody_light_chain_aa_sequences downloaded.
[2023-01-07T21:00:53.022-0300] {logging_mixin.py:137} INFO - Antibody_light_chain_aa_sequences.fasta saved.
[2023-01-07T21:00:55.310-0300] {logging_mixin.py:137} INFO - Viruses downloaded.
[2023-01-07T21:00:55.311-0300] {logging_mixin.py:137} INFO - Viruses.tsv saved.
[2023-01-07T21:01:11.920-0300] {logging_mixin.py:137} INFO - Virus_na_alignment downloaded.
[2023-01-07T21:01:11.931-0300] {logging_mixin.py:137} INFO - Virus_na_alignment.tsv saved.
[2023-01-07T21:01:19.452-0300] {logging_mixin.py:137} INFO - Virus_aa_alignment downloaded.
[2023-01-07T21:01:19.457-0300] {logging_mixin.py:137} INFO - Virus_aa_alignment.tsv saved.
[2023-01-07T21:01:19.466-0300] {python.py:177} INFO - Done. Returned value was: None
[2023-01-07T21:01:19.487-0300] {taskinstance.py:1327} INFO - Marking task as SUCCESS. dag_id=download_catnap, task_id=download_files, execution_date=20230107T000000, start_date=20230108T000002, end_date=20230108T000119
[2023-01-07T21:01:19.520-0300] {local_task_job.py:159} INFO - Task exited with return code 0
[2023-01-07T21:01:19.557-0300] {taskinstance.py:2582} INFO - 1 downstream tasks scheduled from follow-on schedule check
