[2023-01-01T20:30:45.498-0300] {processor.py:153} INFO - Started process (PID=3548) to work on /home/kallox/airflow/dags/files/iedb/downloads/antigen.zip
[2023-01-01T20:30:45.499-0300] {processor.py:743} INFO - Processing file /home/kallox/airflow/dags/files/iedb/downloads/antigen.zip for tasks to queue
[2023-01-01T20:30:45.500-0300] {logging_mixin.py:137} INFO - [2023-01-01T20:30:45.499-0300] {dagbag.py:538} INFO - Filling up the DagBag from /home/kallox/airflow/dags/files/iedb/downloads/antigen.zip
[2023-01-01T20:30:45.500-0300] {processor.py:755} WARNING - No viable dags retrieved from /home/kallox/airflow/dags/files/iedb/downloads/antigen.zip
[2023-01-01T20:30:45.517-0300] {processor.py:175} INFO - Processing /home/kallox/airflow/dags/files/iedb/downloads/antigen.zip took 0.021 seconds
[2023-01-01T20:31:15.953-0300] {processor.py:153} INFO - Started process (PID=4812) to work on /home/kallox/airflow/dags/files/iedb/downloads/antigen.zip
[2023-01-01T20:31:15.953-0300] {processor.py:743} INFO - Processing file /home/kallox/airflow/dags/files/iedb/downloads/antigen.zip for tasks to queue
[2023-01-01T20:31:15.954-0300] {logging_mixin.py:137} INFO - [2023-01-01T20:31:15.954-0300] {dagbag.py:538} INFO - Filling up the DagBag from /home/kallox/airflow/dags/files/iedb/downloads/antigen.zip
[2023-01-01T20:31:15.955-0300] {processor.py:755} WARNING - No viable dags retrieved from /home/kallox/airflow/dags/files/iedb/downloads/antigen.zip
[2023-01-01T20:31:15.973-0300] {processor.py:175} INFO - Processing /home/kallox/airflow/dags/files/iedb/downloads/antigen.zip took 0.025 seconds
[2023-01-01T20:31:46.023-0300] {processor.py:153} INFO - Started process (PID=5189) to work on /home/kallox/airflow/dags/files/iedb/downloads/antigen.zip
[2023-01-01T20:31:46.024-0300] {processor.py:743} INFO - Processing file /home/kallox/airflow/dags/files/iedb/downloads/antigen.zip for tasks to queue
[2023-01-01T20:31:46.026-0300] {logging_mixin.py:137} INFO - [2023-01-01T20:31:46.026-0300] {dagbag.py:538} INFO - Filling up the DagBag from /home/kallox/airflow/dags/files/iedb/downloads/antigen.zip
[2023-01-01T20:31:46.028-0300] {processor.py:755} WARNING - No viable dags retrieved from /home/kallox/airflow/dags/files/iedb/downloads/antigen.zip
[2023-01-01T20:31:46.056-0300] {processor.py:175} INFO - Processing /home/kallox/airflow/dags/files/iedb/downloads/antigen.zip took 0.038 seconds
[2023-01-01T20:32:16.797-0300] {processor.py:153} INFO - Started process (PID=5557) to work on /home/kallox/airflow/dags/files/iedb/downloads/antigen.zip
[2023-01-01T20:32:16.798-0300] {processor.py:743} INFO - Processing file /home/kallox/airflow/dags/files/iedb/downloads/antigen.zip for tasks to queue
[2023-01-01T20:32:16.799-0300] {logging_mixin.py:137} INFO - [2023-01-01T20:32:16.799-0300] {dagbag.py:538} INFO - Filling up the DagBag from /home/kallox/airflow/dags/files/iedb/downloads/antigen.zip
[2023-01-01T20:32:16.800-0300] {processor.py:755} WARNING - No viable dags retrieved from /home/kallox/airflow/dags/files/iedb/downloads/antigen.zip
[2023-01-01T20:32:16.820-0300] {processor.py:175} INFO - Processing /home/kallox/airflow/dags/files/iedb/downloads/antigen.zip took 0.025 seconds
[2023-01-01T20:32:47.187-0300] {processor.py:153} INFO - Started process (PID=5872) to work on /home/kallox/airflow/dags/files/iedb/downloads/antigen.zip
[2023-01-01T20:32:47.188-0300] {processor.py:743} INFO - Processing file /home/kallox/airflow/dags/files/iedb/downloads/antigen.zip for tasks to queue
[2023-01-01T20:32:47.189-0300] {logging_mixin.py:137} INFO - [2023-01-01T20:32:47.189-0300] {dagbag.py:538} INFO - Filling up the DagBag from /home/kallox/airflow/dags/files/iedb/downloads/antigen.zip
[2023-01-01T20:32:47.190-0300] {processor.py:755} WARNING - No viable dags retrieved from /home/kallox/airflow/dags/files/iedb/downloads/antigen.zip
[2023-01-01T20:32:47.210-0300] {processor.py:175} INFO - Processing /home/kallox/airflow/dags/files/iedb/downloads/antigen.zip took 0.026 seconds
[2023-01-01T20:33:18.034-0300] {processor.py:153} INFO - Started process (PID=6174) to work on /home/kallox/airflow/dags/files/iedb/downloads/antigen.zip
[2023-01-01T20:33:18.035-0300] {processor.py:743} INFO - Processing file /home/kallox/airflow/dags/files/iedb/downloads/antigen.zip for tasks to queue
[2023-01-01T20:33:18.035-0300] {logging_mixin.py:137} INFO - [2023-01-01T20:33:18.035-0300] {dagbag.py:538} INFO - Filling up the DagBag from /home/kallox/airflow/dags/files/iedb/downloads/antigen.zip
[2023-01-01T20:33:18.036-0300] {processor.py:755} WARNING - No viable dags retrieved from /home/kallox/airflow/dags/files/iedb/downloads/antigen.zip
[2023-01-01T20:33:18.055-0300] {processor.py:175} INFO - Processing /home/kallox/airflow/dags/files/iedb/downloads/antigen.zip took 0.025 seconds
[2023-01-01T20:34:48.261-0300] {processor.py:153} INFO - Started process (PID=7008) to work on /home/kallox/airflow/dags/files/iedb/downloads/antigen.zip
[2023-01-01T20:34:48.262-0300] {processor.py:743} INFO - Processing file /home/kallox/airflow/dags/files/iedb/downloads/antigen.zip for tasks to queue
[2023-01-01T20:34:48.263-0300] {logging_mixin.py:137} INFO - [2023-01-01T20:34:48.263-0300] {dagbag.py:538} INFO - Filling up the DagBag from /home/kallox/airflow/dags/files/iedb/downloads/antigen.zip
[2023-01-01T20:34:48.263-0300] {processor.py:755} WARNING - No viable dags retrieved from /home/kallox/airflow/dags/files/iedb/downloads/antigen.zip
[2023-01-01T20:34:48.279-0300] {processor.py:175} INFO - Processing /home/kallox/airflow/dags/files/iedb/downloads/antigen.zip took 0.020 seconds
[2023-01-01T20:35:18.541-0300] {processor.py:153} INFO - Started process (PID=7098) to work on /home/kallox/airflow/dags/files/iedb/downloads/antigen.zip
[2023-01-01T20:35:18.543-0300] {processor.py:743} INFO - Processing file /home/kallox/airflow/dags/files/iedb/downloads/antigen.zip for tasks to queue
[2023-01-01T20:35:18.543-0300] {logging_mixin.py:137} INFO - [2023-01-01T20:35:18.543-0300] {dagbag.py:538} INFO - Filling up the DagBag from /home/kallox/airflow/dags/files/iedb/downloads/antigen.zip
[2023-01-01T20:35:18.544-0300] {processor.py:755} WARNING - No viable dags retrieved from /home/kallox/airflow/dags/files/iedb/downloads/antigen.zip
[2023-01-01T20:35:18.563-0300] {processor.py:175} INFO - Processing /home/kallox/airflow/dags/files/iedb/downloads/antigen.zip took 0.025 seconds
[2023-01-01T20:35:49.102-0300] {processor.py:153} INFO - Started process (PID=7177) to work on /home/kallox/airflow/dags/files/iedb/downloads/antigen.zip
[2023-01-01T20:35:49.103-0300] {processor.py:743} INFO - Processing file /home/kallox/airflow/dags/files/iedb/downloads/antigen.zip for tasks to queue
[2023-01-01T20:35:49.104-0300] {logging_mixin.py:137} INFO - [2023-01-01T20:35:49.104-0300] {dagbag.py:538} INFO - Filling up the DagBag from /home/kallox/airflow/dags/files/iedb/downloads/antigen.zip
[2023-01-01T20:35:49.104-0300] {processor.py:755} WARNING - No viable dags retrieved from /home/kallox/airflow/dags/files/iedb/downloads/antigen.zip
[2023-01-01T20:35:49.131-0300] {processor.py:175} INFO - Processing /home/kallox/airflow/dags/files/iedb/downloads/antigen.zip took 0.032 seconds
[2023-01-01T20:36:19.648-0300] {processor.py:153} INFO - Started process (PID=7252) to work on /home/kallox/airflow/dags/files/iedb/downloads/antigen.zip
[2023-01-01T20:36:19.649-0300] {processor.py:743} INFO - Processing file /home/kallox/airflow/dags/files/iedb/downloads/antigen.zip for tasks to queue
[2023-01-01T20:36:19.649-0300] {logging_mixin.py:137} INFO - [2023-01-01T20:36:19.649-0300] {dagbag.py:538} INFO - Filling up the DagBag from /home/kallox/airflow/dags/files/iedb/downloads/antigen.zip
[2023-01-01T20:36:19.650-0300] {processor.py:755} WARNING - No viable dags retrieved from /home/kallox/airflow/dags/files/iedb/downloads/antigen.zip
[2023-01-01T20:36:19.672-0300] {processor.py:175} INFO - Processing /home/kallox/airflow/dags/files/iedb/downloads/antigen.zip took 0.027 seconds
[2023-01-01T20:36:50.335-0300] {processor.py:153} INFO - Started process (PID=7334) to work on /home/kallox/airflow/dags/files/iedb/downloads/antigen.zip
[2023-01-01T20:36:50.336-0300] {processor.py:743} INFO - Processing file /home/kallox/airflow/dags/files/iedb/downloads/antigen.zip for tasks to queue
[2023-01-01T20:36:50.336-0300] {logging_mixin.py:137} INFO - [2023-01-01T20:36:50.336-0300] {dagbag.py:538} INFO - Filling up the DagBag from /home/kallox/airflow/dags/files/iedb/downloads/antigen.zip
[2023-01-01T20:36:50.337-0300] {processor.py:755} WARNING - No viable dags retrieved from /home/kallox/airflow/dags/files/iedb/downloads/antigen.zip
[2023-01-01T20:36:50.355-0300] {processor.py:175} INFO - Processing /home/kallox/airflow/dags/files/iedb/downloads/antigen.zip took 0.023 seconds
[2023-01-01T20:37:20.935-0300] {processor.py:153} INFO - Started process (PID=7419) to work on /home/kallox/airflow/dags/files/iedb/downloads/antigen.zip
[2023-01-01T20:37:20.939-0300] {processor.py:743} INFO - Processing file /home/kallox/airflow/dags/files/iedb/downloads/antigen.zip for tasks to queue
[2023-01-01T20:37:20.939-0300] {logging_mixin.py:137} INFO - [2023-01-01T20:37:20.939-0300] {dagbag.py:538} INFO - Filling up the DagBag from /home/kallox/airflow/dags/files/iedb/downloads/antigen.zip
[2023-01-01T20:37:20.940-0300] {processor.py:755} WARNING - No viable dags retrieved from /home/kallox/airflow/dags/files/iedb/downloads/antigen.zip
[2023-01-01T20:37:20.957-0300] {processor.py:175} INFO - Processing /home/kallox/airflow/dags/files/iedb/downloads/antigen.zip took 0.024 seconds
[2023-01-01T20:37:51.852-0300] {processor.py:153} INFO - Started process (PID=7494) to work on /home/kallox/airflow/dags/files/iedb/downloads/antigen.zip
[2023-01-01T20:37:51.855-0300] {processor.py:743} INFO - Processing file /home/kallox/airflow/dags/files/iedb/downloads/antigen.zip for tasks to queue
[2023-01-01T20:37:51.856-0300] {logging_mixin.py:137} INFO - [2023-01-01T20:37:51.856-0300] {dagbag.py:538} INFO - Filling up the DagBag from /home/kallox/airflow/dags/files/iedb/downloads/antigen.zip
[2023-01-01T20:37:51.856-0300] {processor.py:755} WARNING - No viable dags retrieved from /home/kallox/airflow/dags/files/iedb/downloads/antigen.zip
[2023-01-01T20:37:51.875-0300] {processor.py:175} INFO - Processing /home/kallox/airflow/dags/files/iedb/downloads/antigen.zip took 0.026 seconds
[2023-01-01T20:38:22.581-0300] {processor.py:153} INFO - Started process (PID=7574) to work on /home/kallox/airflow/dags/files/iedb/downloads/antigen.zip
[2023-01-01T20:38:22.583-0300] {processor.py:743} INFO - Processing file /home/kallox/airflow/dags/files/iedb/downloads/antigen.zip for tasks to queue
[2023-01-01T20:38:22.583-0300] {logging_mixin.py:137} INFO - [2023-01-01T20:38:22.583-0300] {dagbag.py:538} INFO - Filling up the DagBag from /home/kallox/airflow/dags/files/iedb/downloads/antigen.zip
[2023-01-01T20:38:22.584-0300] {processor.py:755} WARNING - No viable dags retrieved from /home/kallox/airflow/dags/files/iedb/downloads/antigen.zip
[2023-01-01T20:38:22.604-0300] {processor.py:175} INFO - Processing /home/kallox/airflow/dags/files/iedb/downloads/antigen.zip took 0.025 seconds
[2023-01-01T20:38:53.204-0300] {processor.py:153} INFO - Started process (PID=7660) to work on /home/kallox/airflow/dags/files/iedb/downloads/antigen.zip
[2023-01-01T20:38:53.207-0300] {processor.py:743} INFO - Processing file /home/kallox/airflow/dags/files/iedb/downloads/antigen.zip for tasks to queue
[2023-01-01T20:38:53.207-0300] {logging_mixin.py:137} INFO - [2023-01-01T20:38:53.207-0300] {dagbag.py:538} INFO - Filling up the DagBag from /home/kallox/airflow/dags/files/iedb/downloads/antigen.zip
[2023-01-01T20:38:53.208-0300] {processor.py:755} WARNING - No viable dags retrieved from /home/kallox/airflow/dags/files/iedb/downloads/antigen.zip
[2023-01-01T20:38:53.226-0300] {processor.py:175} INFO - Processing /home/kallox/airflow/dags/files/iedb/downloads/antigen.zip took 0.025 seconds
[2023-01-01T20:39:23.833-0300] {processor.py:153} INFO - Started process (PID=7737) to work on /home/kallox/airflow/dags/files/iedb/downloads/antigen.zip
[2023-01-01T20:39:23.838-0300] {processor.py:743} INFO - Processing file /home/kallox/airflow/dags/files/iedb/downloads/antigen.zip for tasks to queue
[2023-01-01T20:39:23.839-0300] {logging_mixin.py:137} INFO - [2023-01-01T20:39:23.838-0300] {dagbag.py:538} INFO - Filling up the DagBag from /home/kallox/airflow/dags/files/iedb/downloads/antigen.zip
[2023-01-01T20:39:23.839-0300] {processor.py:755} WARNING - No viable dags retrieved from /home/kallox/airflow/dags/files/iedb/downloads/antigen.zip
[2023-01-01T20:39:23.859-0300] {processor.py:175} INFO - Processing /home/kallox/airflow/dags/files/iedb/downloads/antigen.zip took 0.028 seconds
[2023-01-01T20:39:54.582-0300] {processor.py:153} INFO - Started process (PID=7810) to work on /home/kallox/airflow/dags/files/iedb/downloads/antigen.zip
[2023-01-01T20:39:54.583-0300] {processor.py:743} INFO - Processing file /home/kallox/airflow/dags/files/iedb/downloads/antigen.zip for tasks to queue
[2023-01-01T20:39:54.583-0300] {logging_mixin.py:137} INFO - [2023-01-01T20:39:54.583-0300] {dagbag.py:538} INFO - Filling up the DagBag from /home/kallox/airflow/dags/files/iedb/downloads/antigen.zip
[2023-01-01T20:39:54.584-0300] {processor.py:755} WARNING - No viable dags retrieved from /home/kallox/airflow/dags/files/iedb/downloads/antigen.zip
[2023-01-01T20:39:54.605-0300] {processor.py:175} INFO - Processing /home/kallox/airflow/dags/files/iedb/downloads/antigen.zip took 0.027 seconds
[2023-01-01T20:40:25.227-0300] {processor.py:153} INFO - Started process (PID=7892) to work on /home/kallox/airflow/dags/files/iedb/downloads/antigen.zip
[2023-01-01T20:40:25.227-0300] {processor.py:743} INFO - Processing file /home/kallox/airflow/dags/files/iedb/downloads/antigen.zip for tasks to queue
[2023-01-01T20:40:25.228-0300] {logging_mixin.py:137} INFO - [2023-01-01T20:40:25.228-0300] {dagbag.py:538} INFO - Filling up the DagBag from /home/kallox/airflow/dags/files/iedb/downloads/antigen.zip
[2023-01-01T20:40:25.229-0300] {processor.py:755} WARNING - No viable dags retrieved from /home/kallox/airflow/dags/files/iedb/downloads/antigen.zip
[2023-01-01T20:40:25.249-0300] {processor.py:175} INFO - Processing /home/kallox/airflow/dags/files/iedb/downloads/antigen.zip took 0.026 seconds
[2023-01-01T20:40:55.824-0300] {processor.py:153} INFO - Started process (PID=7973) to work on /home/kallox/airflow/dags/files/iedb/downloads/antigen.zip
[2023-01-01T20:40:55.825-0300] {processor.py:743} INFO - Processing file /home/kallox/airflow/dags/files/iedb/downloads/antigen.zip for tasks to queue
[2023-01-01T20:40:55.825-0300] {logging_mixin.py:137} INFO - [2023-01-01T20:40:55.825-0300] {dagbag.py:538} INFO - Filling up the DagBag from /home/kallox/airflow/dags/files/iedb/downloads/antigen.zip
[2023-01-01T20:40:55.826-0300] {processor.py:755} WARNING - No viable dags retrieved from /home/kallox/airflow/dags/files/iedb/downloads/antigen.zip
[2023-01-01T20:40:55.845-0300] {processor.py:175} INFO - Processing /home/kallox/airflow/dags/files/iedb/downloads/antigen.zip took 0.025 seconds
[2023-01-01T20:41:26.407-0300] {processor.py:153} INFO - Started process (PID=8046) to work on /home/kallox/airflow/dags/files/iedb/downloads/antigen.zip
[2023-01-01T20:41:26.407-0300] {processor.py:743} INFO - Processing file /home/kallox/airflow/dags/files/iedb/downloads/antigen.zip for tasks to queue
[2023-01-01T20:41:26.408-0300] {logging_mixin.py:137} INFO - [2023-01-01T20:41:26.408-0300] {dagbag.py:538} INFO - Filling up the DagBag from /home/kallox/airflow/dags/files/iedb/downloads/antigen.zip
[2023-01-01T20:41:26.409-0300] {processor.py:755} WARNING - No viable dags retrieved from /home/kallox/airflow/dags/files/iedb/downloads/antigen.zip
[2023-01-01T20:41:26.429-0300] {processor.py:175} INFO - Processing /home/kallox/airflow/dags/files/iedb/downloads/antigen.zip took 0.025 seconds
[2023-01-01T20:41:57.058-0300] {processor.py:153} INFO - Started process (PID=8133) to work on /home/kallox/airflow/dags/files/iedb/downloads/antigen.zip
[2023-01-01T20:41:57.059-0300] {processor.py:743} INFO - Processing file /home/kallox/airflow/dags/files/iedb/downloads/antigen.zip for tasks to queue
[2023-01-01T20:41:57.060-0300] {logging_mixin.py:137} INFO - [2023-01-01T20:41:57.059-0300] {dagbag.py:538} INFO - Filling up the DagBag from /home/kallox/airflow/dags/files/iedb/downloads/antigen.zip
[2023-01-01T20:41:57.060-0300] {processor.py:755} WARNING - No viable dags retrieved from /home/kallox/airflow/dags/files/iedb/downloads/antigen.zip
[2023-01-01T20:41:57.081-0300] {processor.py:175} INFO - Processing /home/kallox/airflow/dags/files/iedb/downloads/antigen.zip took 0.025 seconds
[2023-01-01T20:42:27.778-0300] {processor.py:153} INFO - Started process (PID=8241) to work on /home/kallox/airflow/dags/files/iedb/downloads/antigen.zip
[2023-01-01T20:42:27.779-0300] {processor.py:743} INFO - Processing file /home/kallox/airflow/dags/files/iedb/downloads/antigen.zip for tasks to queue
[2023-01-01T20:42:27.780-0300] {logging_mixin.py:137} INFO - [2023-01-01T20:42:27.780-0300] {dagbag.py:538} INFO - Filling up the DagBag from /home/kallox/airflow/dags/files/iedb/downloads/antigen.zip
[2023-01-01T20:42:27.781-0300] {processor.py:755} WARNING - No viable dags retrieved from /home/kallox/airflow/dags/files/iedb/downloads/antigen.zip
[2023-01-01T20:42:27.809-0300] {processor.py:175} INFO - Processing /home/kallox/airflow/dags/files/iedb/downloads/antigen.zip took 0.036 seconds
[2023-01-01T20:42:58.175-0300] {processor.py:153} INFO - Started process (PID=8317) to work on /home/kallox/airflow/dags/files/iedb/downloads/antigen.zip
[2023-01-01T20:42:58.176-0300] {processor.py:743} INFO - Processing file /home/kallox/airflow/dags/files/iedb/downloads/antigen.zip for tasks to queue
[2023-01-01T20:42:58.177-0300] {logging_mixin.py:137} INFO - [2023-01-01T20:42:58.177-0300] {dagbag.py:538} INFO - Filling up the DagBag from /home/kallox/airflow/dags/files/iedb/downloads/antigen.zip
[2023-01-01T20:42:58.177-0300] {processor.py:755} WARNING - No viable dags retrieved from /home/kallox/airflow/dags/files/iedb/downloads/antigen.zip
[2023-01-01T20:42:58.196-0300] {processor.py:175} INFO - Processing /home/kallox/airflow/dags/files/iedb/downloads/antigen.zip took 0.024 seconds
[2023-01-01T20:43:28.819-0300] {processor.py:153} INFO - Started process (PID=8391) to work on /home/kallox/airflow/dags/files/iedb/downloads/antigen.zip
[2023-01-01T20:43:28.821-0300] {processor.py:743} INFO - Processing file /home/kallox/airflow/dags/files/iedb/downloads/antigen.zip for tasks to queue
[2023-01-01T20:43:28.821-0300] {logging_mixin.py:137} INFO - [2023-01-01T20:43:28.821-0300] {dagbag.py:538} INFO - Filling up the DagBag from /home/kallox/airflow/dags/files/iedb/downloads/antigen.zip
[2023-01-01T20:43:28.822-0300] {processor.py:755} WARNING - No viable dags retrieved from /home/kallox/airflow/dags/files/iedb/downloads/antigen.zip
[2023-01-01T20:43:28.842-0300] {processor.py:175} INFO - Processing /home/kallox/airflow/dags/files/iedb/downloads/antigen.zip took 0.027 seconds
[2023-01-01T20:43:59.466-0300] {processor.py:153} INFO - Started process (PID=8472) to work on /home/kallox/airflow/dags/files/iedb/downloads/antigen.zip
[2023-01-01T20:43:59.468-0300] {processor.py:743} INFO - Processing file /home/kallox/airflow/dags/files/iedb/downloads/antigen.zip for tasks to queue
[2023-01-01T20:43:59.469-0300] {logging_mixin.py:137} INFO - [2023-01-01T20:43:59.469-0300] {dagbag.py:538} INFO - Filling up the DagBag from /home/kallox/airflow/dags/files/iedb/downloads/antigen.zip
[2023-01-01T20:43:59.469-0300] {processor.py:755} WARNING - No viable dags retrieved from /home/kallox/airflow/dags/files/iedb/downloads/antigen.zip
[2023-01-01T20:43:59.492-0300] {processor.py:175} INFO - Processing /home/kallox/airflow/dags/files/iedb/downloads/antigen.zip took 0.029 seconds
[2023-01-01T20:44:30.036-0300] {processor.py:153} INFO - Started process (PID=8579) to work on /home/kallox/airflow/dags/files/iedb/downloads/antigen.zip
[2023-01-01T20:44:30.039-0300] {processor.py:743} INFO - Processing file /home/kallox/airflow/dags/files/iedb/downloads/antigen.zip for tasks to queue
[2023-01-01T20:44:30.040-0300] {logging_mixin.py:137} INFO - [2023-01-01T20:44:30.040-0300] {dagbag.py:538} INFO - Filling up the DagBag from /home/kallox/airflow/dags/files/iedb/downloads/antigen.zip
[2023-01-01T20:44:30.040-0300] {processor.py:755} WARNING - No viable dags retrieved from /home/kallox/airflow/dags/files/iedb/downloads/antigen.zip
[2023-01-01T20:44:30.061-0300] {processor.py:175} INFO - Processing /home/kallox/airflow/dags/files/iedb/downloads/antigen.zip took 0.028 seconds
[2023-01-01T20:45:00.907-0300] {processor.py:153} INFO - Started process (PID=8659) to work on /home/kallox/airflow/dags/files/iedb/downloads/antigen.zip
[2023-01-01T20:45:00.908-0300] {processor.py:743} INFO - Processing file /home/kallox/airflow/dags/files/iedb/downloads/antigen.zip for tasks to queue
[2023-01-01T20:45:00.909-0300] {logging_mixin.py:137} INFO - [2023-01-01T20:45:00.909-0300] {dagbag.py:538} INFO - Filling up the DagBag from /home/kallox/airflow/dags/files/iedb/downloads/antigen.zip
[2023-01-01T20:45:00.910-0300] {processor.py:755} WARNING - No viable dags retrieved from /home/kallox/airflow/dags/files/iedb/downloads/antigen.zip
[2023-01-01T20:45:00.929-0300] {processor.py:175} INFO - Processing /home/kallox/airflow/dags/files/iedb/downloads/antigen.zip took 0.026 seconds
[2023-01-01T20:45:31.359-0300] {processor.py:153} INFO - Started process (PID=8754) to work on /home/kallox/airflow/dags/files/iedb/downloads/antigen.zip
[2023-01-01T20:45:31.364-0300] {processor.py:743} INFO - Processing file /home/kallox/airflow/dags/files/iedb/downloads/antigen.zip for tasks to queue
[2023-01-01T20:45:31.365-0300] {logging_mixin.py:137} INFO - [2023-01-01T20:45:31.365-0300] {dagbag.py:538} INFO - Filling up the DagBag from /home/kallox/airflow/dags/files/iedb/downloads/antigen.zip
[2023-01-01T20:45:31.365-0300] {processor.py:755} WARNING - No viable dags retrieved from /home/kallox/airflow/dags/files/iedb/downloads/antigen.zip
[2023-01-01T20:45:31.386-0300] {processor.py:175} INFO - Processing /home/kallox/airflow/dags/files/iedb/downloads/antigen.zip took 0.029 seconds
[2023-01-01T20:46:01.717-0300] {processor.py:153} INFO - Started process (PID=8843) to work on /home/kallox/airflow/dags/files/iedb/downloads/antigen.zip
[2023-01-01T20:46:01.720-0300] {processor.py:743} INFO - Processing file /home/kallox/airflow/dags/files/iedb/downloads/antigen.zip for tasks to queue
[2023-01-01T20:46:01.720-0300] {logging_mixin.py:137} INFO - [2023-01-01T20:46:01.720-0300] {dagbag.py:538} INFO - Filling up the DagBag from /home/kallox/airflow/dags/files/iedb/downloads/antigen.zip
[2023-01-01T20:46:01.721-0300] {processor.py:755} WARNING - No viable dags retrieved from /home/kallox/airflow/dags/files/iedb/downloads/antigen.zip
[2023-01-01T20:46:01.740-0300] {processor.py:175} INFO - Processing /home/kallox/airflow/dags/files/iedb/downloads/antigen.zip took 0.026 seconds
[2023-01-01T20:46:32.173-0300] {processor.py:153} INFO - Started process (PID=8933) to work on /home/kallox/airflow/dags/files/iedb/downloads/antigen.zip
[2023-01-01T20:46:32.176-0300] {processor.py:743} INFO - Processing file /home/kallox/airflow/dags/files/iedb/downloads/antigen.zip for tasks to queue
[2023-01-01T20:46:32.177-0300] {logging_mixin.py:137} INFO - [2023-01-01T20:46:32.177-0300] {dagbag.py:538} INFO - Filling up the DagBag from /home/kallox/airflow/dags/files/iedb/downloads/antigen.zip
[2023-01-01T20:46:32.178-0300] {processor.py:755} WARNING - No viable dags retrieved from /home/kallox/airflow/dags/files/iedb/downloads/antigen.zip
[2023-01-01T20:46:32.199-0300] {processor.py:175} INFO - Processing /home/kallox/airflow/dags/files/iedb/downloads/antigen.zip took 0.029 seconds
[2023-01-01T20:47:02.881-0300] {processor.py:153} INFO - Started process (PID=9008) to work on /home/kallox/airflow/dags/files/iedb/downloads/antigen.zip
[2023-01-01T20:47:02.885-0300] {processor.py:743} INFO - Processing file /home/kallox/airflow/dags/files/iedb/downloads/antigen.zip for tasks to queue
[2023-01-01T20:47:02.886-0300] {logging_mixin.py:137} INFO - [2023-01-01T20:47:02.886-0300] {dagbag.py:538} INFO - Filling up the DagBag from /home/kallox/airflow/dags/files/iedb/downloads/antigen.zip
[2023-01-01T20:47:02.887-0300] {processor.py:755} WARNING - No viable dags retrieved from /home/kallox/airflow/dags/files/iedb/downloads/antigen.zip
[2023-01-01T20:47:02.907-0300] {processor.py:175} INFO - Processing /home/kallox/airflow/dags/files/iedb/downloads/antigen.zip took 0.028 seconds
[2023-01-01T20:47:33.181-0300] {processor.py:153} INFO - Started process (PID=9088) to work on /home/kallox/airflow/dags/files/iedb/downloads/antigen.zip
[2023-01-01T20:47:33.187-0300] {processor.py:743} INFO - Processing file /home/kallox/airflow/dags/files/iedb/downloads/antigen.zip for tasks to queue
[2023-01-01T20:47:33.188-0300] {logging_mixin.py:137} INFO - [2023-01-01T20:47:33.188-0300] {dagbag.py:538} INFO - Filling up the DagBag from /home/kallox/airflow/dags/files/iedb/downloads/antigen.zip
[2023-01-01T20:47:33.189-0300] {processor.py:755} WARNING - No viable dags retrieved from /home/kallox/airflow/dags/files/iedb/downloads/antigen.zip
[2023-01-01T20:47:33.209-0300] {processor.py:175} INFO - Processing /home/kallox/airflow/dags/files/iedb/downloads/antigen.zip took 0.029 seconds
[2023-01-01T20:48:03.773-0300] {processor.py:153} INFO - Started process (PID=9161) to work on /home/kallox/airflow/dags/files/iedb/downloads/antigen.zip
[2023-01-01T20:48:03.777-0300] {processor.py:743} INFO - Processing file /home/kallox/airflow/dags/files/iedb/downloads/antigen.zip for tasks to queue
[2023-01-01T20:48:03.778-0300] {logging_mixin.py:137} INFO - [2023-01-01T20:48:03.778-0300] {dagbag.py:538} INFO - Filling up the DagBag from /home/kallox/airflow/dags/files/iedb/downloads/antigen.zip
[2023-01-01T20:48:03.779-0300] {processor.py:755} WARNING - No viable dags retrieved from /home/kallox/airflow/dags/files/iedb/downloads/antigen.zip
[2023-01-01T20:48:03.795-0300] {processor.py:175} INFO - Processing /home/kallox/airflow/dags/files/iedb/downloads/antigen.zip took 0.024 seconds
[2023-01-01T20:48:34.243-0300] {processor.py:153} INFO - Started process (PID=9250) to work on /home/kallox/airflow/dags/files/iedb/downloads/antigen.zip
[2023-01-01T20:48:34.246-0300] {processor.py:743} INFO - Processing file /home/kallox/airflow/dags/files/iedb/downloads/antigen.zip for tasks to queue
[2023-01-01T20:48:34.247-0300] {logging_mixin.py:137} INFO - [2023-01-01T20:48:34.247-0300] {dagbag.py:538} INFO - Filling up the DagBag from /home/kallox/airflow/dags/files/iedb/downloads/antigen.zip
[2023-01-01T20:48:34.247-0300] {processor.py:755} WARNING - No viable dags retrieved from /home/kallox/airflow/dags/files/iedb/downloads/antigen.zip
[2023-01-01T20:48:34.264-0300] {processor.py:175} INFO - Processing /home/kallox/airflow/dags/files/iedb/downloads/antigen.zip took 0.023 seconds
[2023-01-01T20:49:04.733-0300] {processor.py:153} INFO - Started process (PID=9330) to work on /home/kallox/airflow/dags/files/iedb/downloads/antigen.zip
[2023-01-01T20:49:04.734-0300] {processor.py:743} INFO - Processing file /home/kallox/airflow/dags/files/iedb/downloads/antigen.zip for tasks to queue
[2023-01-01T20:49:04.735-0300] {logging_mixin.py:137} INFO - [2023-01-01T20:49:04.735-0300] {dagbag.py:538} INFO - Filling up the DagBag from /home/kallox/airflow/dags/files/iedb/downloads/antigen.zip
[2023-01-01T20:49:04.736-0300] {processor.py:755} WARNING - No viable dags retrieved from /home/kallox/airflow/dags/files/iedb/downloads/antigen.zip
[2023-01-01T20:49:04.762-0300] {processor.py:175} INFO - Processing /home/kallox/airflow/dags/files/iedb/downloads/antigen.zip took 0.033 seconds
[2023-01-01T20:49:35.128-0300] {processor.py:153} INFO - Started process (PID=9406) to work on /home/kallox/airflow/dags/files/iedb/downloads/antigen.zip
[2023-01-01T20:49:35.129-0300] {processor.py:743} INFO - Processing file /home/kallox/airflow/dags/files/iedb/downloads/antigen.zip for tasks to queue
[2023-01-01T20:49:35.130-0300] {logging_mixin.py:137} INFO - [2023-01-01T20:49:35.129-0300] {dagbag.py:538} INFO - Filling up the DagBag from /home/kallox/airflow/dags/files/iedb/downloads/antigen.zip
[2023-01-01T20:49:35.130-0300] {processor.py:755} WARNING - No viable dags retrieved from /home/kallox/airflow/dags/files/iedb/downloads/antigen.zip
[2023-01-01T20:49:35.149-0300] {processor.py:175} INFO - Processing /home/kallox/airflow/dags/files/iedb/downloads/antigen.zip took 0.025 seconds
[2023-01-01T20:50:05.289-0300] {processor.py:153} INFO - Started process (PID=9483) to work on /home/kallox/airflow/dags/files/iedb/downloads/antigen.zip
[2023-01-01T20:50:05.291-0300] {processor.py:743} INFO - Processing file /home/kallox/airflow/dags/files/iedb/downloads/antigen.zip for tasks to queue
[2023-01-01T20:50:05.291-0300] {logging_mixin.py:137} INFO - [2023-01-01T20:50:05.291-0300] {dagbag.py:538} INFO - Filling up the DagBag from /home/kallox/airflow/dags/files/iedb/downloads/antigen.zip
[2023-01-01T20:50:05.292-0300] {processor.py:755} WARNING - No viable dags retrieved from /home/kallox/airflow/dags/files/iedb/downloads/antigen.zip
[2023-01-01T20:50:05.314-0300] {processor.py:175} INFO - Processing /home/kallox/airflow/dags/files/iedb/downloads/antigen.zip took 0.028 seconds
[2023-01-01T20:50:35.879-0300] {processor.py:153} INFO - Started process (PID=9561) to work on /home/kallox/airflow/dags/files/iedb/downloads/antigen.zip
[2023-01-01T20:50:35.880-0300] {processor.py:743} INFO - Processing file /home/kallox/airflow/dags/files/iedb/downloads/antigen.zip for tasks to queue
[2023-01-01T20:50:35.880-0300] {logging_mixin.py:137} INFO - [2023-01-01T20:50:35.880-0300] {dagbag.py:538} INFO - Filling up the DagBag from /home/kallox/airflow/dags/files/iedb/downloads/antigen.zip
[2023-01-01T20:50:35.881-0300] {processor.py:755} WARNING - No viable dags retrieved from /home/kallox/airflow/dags/files/iedb/downloads/antigen.zip
[2023-01-01T20:50:35.900-0300] {processor.py:175} INFO - Processing /home/kallox/airflow/dags/files/iedb/downloads/antigen.zip took 0.023 seconds
[2023-01-01T20:51:06.491-0300] {processor.py:153} INFO - Started process (PID=9640) to work on /home/kallox/airflow/dags/files/iedb/downloads/antigen.zip
[2023-01-01T20:51:06.494-0300] {processor.py:743} INFO - Processing file /home/kallox/airflow/dags/files/iedb/downloads/antigen.zip for tasks to queue
[2023-01-01T20:51:06.495-0300] {logging_mixin.py:137} INFO - [2023-01-01T20:51:06.495-0300] {dagbag.py:538} INFO - Filling up the DagBag from /home/kallox/airflow/dags/files/iedb/downloads/antigen.zip
[2023-01-01T20:51:06.496-0300] {processor.py:755} WARNING - No viable dags retrieved from /home/kallox/airflow/dags/files/iedb/downloads/antigen.zip
[2023-01-01T20:51:06.516-0300] {processor.py:175} INFO - Processing /home/kallox/airflow/dags/files/iedb/downloads/antigen.zip took 0.028 seconds
[2023-01-01T20:51:36.860-0300] {processor.py:153} INFO - Started process (PID=9732) to work on /home/kallox/airflow/dags/files/iedb/downloads/antigen.zip
[2023-01-01T20:51:36.861-0300] {processor.py:743} INFO - Processing file /home/kallox/airflow/dags/files/iedb/downloads/antigen.zip for tasks to queue
[2023-01-01T20:51:36.862-0300] {logging_mixin.py:137} INFO - [2023-01-01T20:51:36.862-0300] {dagbag.py:538} INFO - Filling up the DagBag from /home/kallox/airflow/dags/files/iedb/downloads/antigen.zip
[2023-01-01T20:51:36.863-0300] {processor.py:755} WARNING - No viable dags retrieved from /home/kallox/airflow/dags/files/iedb/downloads/antigen.zip
[2023-01-01T20:51:36.887-0300] {processor.py:175} INFO - Processing /home/kallox/airflow/dags/files/iedb/downloads/antigen.zip took 0.031 seconds
[2023-01-01T20:52:06.961-0300] {processor.py:153} INFO - Started process (PID=9810) to work on /home/kallox/airflow/dags/files/iedb/downloads/antigen.zip
[2023-01-01T20:52:06.962-0300] {processor.py:743} INFO - Processing file /home/kallox/airflow/dags/files/iedb/downloads/antigen.zip for tasks to queue
[2023-01-01T20:52:06.962-0300] {logging_mixin.py:137} INFO - [2023-01-01T20:52:06.962-0300] {dagbag.py:538} INFO - Filling up the DagBag from /home/kallox/airflow/dags/files/iedb/downloads/antigen.zip
[2023-01-01T20:52:06.963-0300] {processor.py:755} WARNING - No viable dags retrieved from /home/kallox/airflow/dags/files/iedb/downloads/antigen.zip
[2023-01-01T20:52:06.985-0300] {processor.py:175} INFO - Processing /home/kallox/airflow/dags/files/iedb/downloads/antigen.zip took 0.026 seconds
[2023-01-01T20:52:37.403-0300] {processor.py:153} INFO - Started process (PID=9888) to work on /home/kallox/airflow/dags/files/iedb/downloads/antigen.zip
[2023-01-01T20:52:37.404-0300] {processor.py:743} INFO - Processing file /home/kallox/airflow/dags/files/iedb/downloads/antigen.zip for tasks to queue
[2023-01-01T20:52:37.405-0300] {logging_mixin.py:137} INFO - [2023-01-01T20:52:37.405-0300] {dagbag.py:538} INFO - Filling up the DagBag from /home/kallox/airflow/dags/files/iedb/downloads/antigen.zip
[2023-01-01T20:52:37.406-0300] {processor.py:755} WARNING - No viable dags retrieved from /home/kallox/airflow/dags/files/iedb/downloads/antigen.zip
[2023-01-01T20:52:37.426-0300] {processor.py:175} INFO - Processing /home/kallox/airflow/dags/files/iedb/downloads/antigen.zip took 0.026 seconds
[2023-01-01T20:53:07.874-0300] {processor.py:153} INFO - Started process (PID=10154) to work on /home/kallox/airflow/dags/files/iedb/downloads/antigen.zip
[2023-01-01T20:53:07.875-0300] {processor.py:743} INFO - Processing file /home/kallox/airflow/dags/files/iedb/downloads/antigen.zip for tasks to queue
[2023-01-01T20:53:07.875-0300] {logging_mixin.py:137} INFO - [2023-01-01T20:53:07.875-0300] {dagbag.py:538} INFO - Filling up the DagBag from /home/kallox/airflow/dags/files/iedb/downloads/antigen.zip
[2023-01-01T20:53:07.876-0300] {processor.py:755} WARNING - No viable dags retrieved from /home/kallox/airflow/dags/files/iedb/downloads/antigen.zip
[2023-01-01T20:53:07.902-0300] {processor.py:175} INFO - Processing /home/kallox/airflow/dags/files/iedb/downloads/antigen.zip took 0.031 seconds
[2023-01-01T20:53:37.940-0300] {processor.py:153} INFO - Started process (PID=10324) to work on /home/kallox/airflow/dags/files/iedb/downloads/antigen.zip
[2023-01-01T20:53:37.941-0300] {processor.py:743} INFO - Processing file /home/kallox/airflow/dags/files/iedb/downloads/antigen.zip for tasks to queue
[2023-01-01T20:53:37.942-0300] {logging_mixin.py:137} INFO - [2023-01-01T20:53:37.941-0300] {dagbag.py:538} INFO - Filling up the DagBag from /home/kallox/airflow/dags/files/iedb/downloads/antigen.zip
[2023-01-01T20:53:37.942-0300] {processor.py:755} WARNING - No viable dags retrieved from /home/kallox/airflow/dags/files/iedb/downloads/antigen.zip
[2023-01-01T20:53:37.961-0300] {processor.py:175} INFO - Processing /home/kallox/airflow/dags/files/iedb/downloads/antigen.zip took 0.024 seconds
[2023-01-01T20:54:08.699-0300] {processor.py:153} INFO - Started process (PID=10455) to work on /home/kallox/airflow/dags/files/iedb/downloads/antigen.zip
[2023-01-01T20:54:08.700-0300] {processor.py:743} INFO - Processing file /home/kallox/airflow/dags/files/iedb/downloads/antigen.zip for tasks to queue
[2023-01-01T20:54:08.700-0300] {logging_mixin.py:137} INFO - [2023-01-01T20:54:08.700-0300] {dagbag.py:538} INFO - Filling up the DagBag from /home/kallox/airflow/dags/files/iedb/downloads/antigen.zip
[2023-01-01T20:54:08.701-0300] {processor.py:755} WARNING - No viable dags retrieved from /home/kallox/airflow/dags/files/iedb/downloads/antigen.zip
[2023-01-01T20:54:08.720-0300] {processor.py:175} INFO - Processing /home/kallox/airflow/dags/files/iedb/downloads/antigen.zip took 0.023 seconds
[2023-01-01T20:54:39.288-0300] {processor.py:153} INFO - Started process (PID=10566) to work on /home/kallox/airflow/dags/files/iedb/downloads/antigen.zip
[2023-01-01T20:54:39.288-0300] {processor.py:743} INFO - Processing file /home/kallox/airflow/dags/files/iedb/downloads/antigen.zip for tasks to queue
[2023-01-01T20:54:39.289-0300] {logging_mixin.py:137} INFO - [2023-01-01T20:54:39.289-0300] {dagbag.py:538} INFO - Filling up the DagBag from /home/kallox/airflow/dags/files/iedb/downloads/antigen.zip
[2023-01-01T20:54:39.290-0300] {processor.py:755} WARNING - No viable dags retrieved from /home/kallox/airflow/dags/files/iedb/downloads/antigen.zip
[2023-01-01T20:54:39.309-0300] {processor.py:175} INFO - Processing /home/kallox/airflow/dags/files/iedb/downloads/antigen.zip took 0.024 seconds
[2023-01-01T20:55:09.669-0300] {processor.py:153} INFO - Started process (PID=10686) to work on /home/kallox/airflow/dags/files/iedb/downloads/antigen.zip
[2023-01-01T20:55:09.670-0300] {processor.py:743} INFO - Processing file /home/kallox/airflow/dags/files/iedb/downloads/antigen.zip for tasks to queue
[2023-01-01T20:55:09.670-0300] {logging_mixin.py:137} INFO - [2023-01-01T20:55:09.670-0300] {dagbag.py:538} INFO - Filling up the DagBag from /home/kallox/airflow/dags/files/iedb/downloads/antigen.zip
[2023-01-01T20:55:09.671-0300] {processor.py:755} WARNING - No viable dags retrieved from /home/kallox/airflow/dags/files/iedb/downloads/antigen.zip
[2023-01-01T20:55:09.686-0300] {processor.py:175} INFO - Processing /home/kallox/airflow/dags/files/iedb/downloads/antigen.zip took 0.019 seconds
[2023-01-01T20:55:40.281-0300] {processor.py:153} INFO - Started process (PID=10799) to work on /home/kallox/airflow/dags/files/iedb/downloads/antigen.zip
[2023-01-01T20:55:40.282-0300] {processor.py:743} INFO - Processing file /home/kallox/airflow/dags/files/iedb/downloads/antigen.zip for tasks to queue
[2023-01-01T20:55:40.283-0300] {logging_mixin.py:137} INFO - [2023-01-01T20:55:40.283-0300] {dagbag.py:538} INFO - Filling up the DagBag from /home/kallox/airflow/dags/files/iedb/downloads/antigen.zip
[2023-01-01T20:55:40.284-0300] {processor.py:755} WARNING - No viable dags retrieved from /home/kallox/airflow/dags/files/iedb/downloads/antigen.zip
[2023-01-01T20:55:40.302-0300] {processor.py:175} INFO - Processing /home/kallox/airflow/dags/files/iedb/downloads/antigen.zip took 0.024 seconds
[2023-01-01T20:56:10.707-0300] {processor.py:153} INFO - Started process (PID=10903) to work on /home/kallox/airflow/dags/files/iedb/downloads/antigen.zip
[2023-01-01T20:56:10.712-0300] {processor.py:743} INFO - Processing file /home/kallox/airflow/dags/files/iedb/downloads/antigen.zip for tasks to queue
[2023-01-01T20:56:10.712-0300] {logging_mixin.py:137} INFO - [2023-01-01T20:56:10.712-0300] {dagbag.py:538} INFO - Filling up the DagBag from /home/kallox/airflow/dags/files/iedb/downloads/antigen.zip
[2023-01-01T20:56:10.713-0300] {processor.py:755} WARNING - No viable dags retrieved from /home/kallox/airflow/dags/files/iedb/downloads/antigen.zip
[2023-01-01T20:56:10.731-0300] {processor.py:175} INFO - Processing /home/kallox/airflow/dags/files/iedb/downloads/antigen.zip took 0.026 seconds
[2023-01-01T20:56:41.435-0300] {processor.py:153} INFO - Started process (PID=10985) to work on /home/kallox/airflow/dags/files/iedb/downloads/antigen.zip
[2023-01-01T20:56:41.440-0300] {processor.py:743} INFO - Processing file /home/kallox/airflow/dags/files/iedb/downloads/antigen.zip for tasks to queue
[2023-01-01T20:56:41.440-0300] {logging_mixin.py:137} INFO - [2023-01-01T20:56:41.440-0300] {dagbag.py:538} INFO - Filling up the DagBag from /home/kallox/airflow/dags/files/iedb/downloads/antigen.zip
[2023-01-01T20:56:41.441-0300] {processor.py:755} WARNING - No viable dags retrieved from /home/kallox/airflow/dags/files/iedb/downloads/antigen.zip
[2023-01-01T20:56:41.460-0300] {processor.py:175} INFO - Processing /home/kallox/airflow/dags/files/iedb/downloads/antigen.zip took 0.028 seconds
[2023-01-01T20:57:12.070-0300] {processor.py:153} INFO - Started process (PID=11058) to work on /home/kallox/airflow/dags/files/iedb/downloads/antigen.zip
[2023-01-01T20:57:12.071-0300] {processor.py:743} INFO - Processing file /home/kallox/airflow/dags/files/iedb/downloads/antigen.zip for tasks to queue
[2023-01-01T20:57:12.072-0300] {logging_mixin.py:137} INFO - [2023-01-01T20:57:12.072-0300] {dagbag.py:538} INFO - Filling up the DagBag from /home/kallox/airflow/dags/files/iedb/downloads/antigen.zip
[2023-01-01T20:57:12.072-0300] {processor.py:755} WARNING - No viable dags retrieved from /home/kallox/airflow/dags/files/iedb/downloads/antigen.zip
[2023-01-01T20:57:12.091-0300] {processor.py:175} INFO - Processing /home/kallox/airflow/dags/files/iedb/downloads/antigen.zip took 0.024 seconds
[2023-01-01T20:57:42.690-0300] {processor.py:153} INFO - Started process (PID=11136) to work on /home/kallox/airflow/dags/files/iedb/downloads/antigen.zip
[2023-01-01T20:57:42.693-0300] {processor.py:743} INFO - Processing file /home/kallox/airflow/dags/files/iedb/downloads/antigen.zip for tasks to queue
[2023-01-01T20:57:42.694-0300] {logging_mixin.py:137} INFO - [2023-01-01T20:57:42.694-0300] {dagbag.py:538} INFO - Filling up the DagBag from /home/kallox/airflow/dags/files/iedb/downloads/antigen.zip
[2023-01-01T20:57:42.694-0300] {processor.py:755} WARNING - No viable dags retrieved from /home/kallox/airflow/dags/files/iedb/downloads/antigen.zip
[2023-01-01T20:57:42.714-0300] {processor.py:175} INFO - Processing /home/kallox/airflow/dags/files/iedb/downloads/antigen.zip took 0.027 seconds
[2023-01-01T20:58:13.275-0300] {processor.py:153} INFO - Started process (PID=11209) to work on /home/kallox/airflow/dags/files/iedb/downloads/antigen.zip
[2023-01-01T20:58:13.277-0300] {processor.py:743} INFO - Processing file /home/kallox/airflow/dags/files/iedb/downloads/antigen.zip for tasks to queue
[2023-01-01T20:58:13.278-0300] {logging_mixin.py:137} INFO - [2023-01-01T20:58:13.278-0300] {dagbag.py:538} INFO - Filling up the DagBag from /home/kallox/airflow/dags/files/iedb/downloads/antigen.zip
[2023-01-01T20:58:13.278-0300] {processor.py:755} WARNING - No viable dags retrieved from /home/kallox/airflow/dags/files/iedb/downloads/antigen.zip
[2023-01-01T20:58:13.300-0300] {processor.py:175} INFO - Processing /home/kallox/airflow/dags/files/iedb/downloads/antigen.zip took 0.028 seconds
[2023-01-01T20:58:43.862-0300] {processor.py:153} INFO - Started process (PID=11284) to work on /home/kallox/airflow/dags/files/iedb/downloads/antigen.zip
[2023-01-01T20:58:43.869-0300] {processor.py:743} INFO - Processing file /home/kallox/airflow/dags/files/iedb/downloads/antigen.zip for tasks to queue
[2023-01-01T20:58:43.869-0300] {logging_mixin.py:137} INFO - [2023-01-01T20:58:43.869-0300] {dagbag.py:538} INFO - Filling up the DagBag from /home/kallox/airflow/dags/files/iedb/downloads/antigen.zip
[2023-01-01T20:58:43.870-0300] {processor.py:755} WARNING - No viable dags retrieved from /home/kallox/airflow/dags/files/iedb/downloads/antigen.zip
[2023-01-01T20:58:43.893-0300] {processor.py:175} INFO - Processing /home/kallox/airflow/dags/files/iedb/downloads/antigen.zip took 0.034 seconds
[2023-01-01T20:59:14.565-0300] {processor.py:153} INFO - Started process (PID=11364) to work on /home/kallox/airflow/dags/files/iedb/downloads/antigen.zip
[2023-01-01T20:59:14.567-0300] {processor.py:743} INFO - Processing file /home/kallox/airflow/dags/files/iedb/downloads/antigen.zip for tasks to queue
[2023-01-01T20:59:14.567-0300] {logging_mixin.py:137} INFO - [2023-01-01T20:59:14.567-0300] {dagbag.py:538} INFO - Filling up the DagBag from /home/kallox/airflow/dags/files/iedb/downloads/antigen.zip
[2023-01-01T20:59:14.568-0300] {processor.py:755} WARNING - No viable dags retrieved from /home/kallox/airflow/dags/files/iedb/downloads/antigen.zip
[2023-01-01T20:59:14.590-0300] {processor.py:175} INFO - Processing /home/kallox/airflow/dags/files/iedb/downloads/antigen.zip took 0.028 seconds
[2023-01-01T20:59:45.194-0300] {processor.py:153} INFO - Started process (PID=11449) to work on /home/kallox/airflow/dags/files/iedb/downloads/antigen.zip
[2023-01-01T20:59:45.195-0300] {processor.py:743} INFO - Processing file /home/kallox/airflow/dags/files/iedb/downloads/antigen.zip for tasks to queue
[2023-01-01T20:59:45.197-0300] {logging_mixin.py:137} INFO - [2023-01-01T20:59:45.196-0300] {dagbag.py:538} INFO - Filling up the DagBag from /home/kallox/airflow/dags/files/iedb/downloads/antigen.zip
[2023-01-01T20:59:45.197-0300] {processor.py:755} WARNING - No viable dags retrieved from /home/kallox/airflow/dags/files/iedb/downloads/antigen.zip
[2023-01-01T20:59:45.217-0300] {processor.py:175} INFO - Processing /home/kallox/airflow/dags/files/iedb/downloads/antigen.zip took 0.026 seconds
