[2023-01-07T21:11:51.872-0300] {taskinstance.py:1087} INFO - Dependencies all met for <TaskInstance: download_uniprot.extract_files manual__2023-01-08T00:07:11.395065+00:00 [queued]>
[2023-01-07T21:11:51.884-0300] {taskinstance.py:1087} INFO - Dependencies all met for <TaskInstance: download_uniprot.extract_files manual__2023-01-08T00:07:11.395065+00:00 [queued]>
[2023-01-07T21:11:51.885-0300] {taskinstance.py:1283} INFO - 
--------------------------------------------------------------------------------
[2023-01-07T21:11:51.885-0300] {taskinstance.py:1284} INFO - Starting attempt 1 of 1
[2023-01-07T21:11:51.885-0300] {taskinstance.py:1285} INFO - 
--------------------------------------------------------------------------------
[2023-01-07T21:11:51.899-0300] {taskinstance.py:1304} INFO - Executing <Task(PythonOperator): extract_files> on 2023-01-08 00:07:11.395065+00:00
[2023-01-07T21:11:51.902-0300] {standard_task_runner.py:55} INFO - Started process 10449 to run task
[2023-01-07T21:11:51.906-0300] {standard_task_runner.py:82} INFO - Running: ['***', 'tasks', 'run', 'download_uniprot', 'extract_files', 'manual__2023-01-08T00:07:11.395065+00:00', '--job-id', '280', '--raw', '--subdir', 'DAGS_FOLDER/download_uniprot.py', '--cfg-path', '/tmp/tmp_mj2ng69']
[2023-01-07T21:11:51.907-0300] {standard_task_runner.py:83} INFO - Job 280: Subtask extract_files
[2023-01-07T21:11:51.981-0300] {task_command.py:389} INFO - Running <TaskInstance: download_uniprot.extract_files manual__2023-01-08T00:07:11.395065+00:00 [running]> on host kallo-Ubuntu
[2023-01-07T21:11:52.073-0300] {taskinstance.py:1513} INFO - Exporting the following env vars:
AIRFLOW_CTX_DAG_OWNER=Kallox
AIRFLOW_CTX_DAG_ID=download_uniprot
AIRFLOW_CTX_TASK_ID=extract_files
AIRFLOW_CTX_EXECUTION_DATE=2023-01-08T00:07:11.395065+00:00
AIRFLOW_CTX_TRY_NUMBER=1
AIRFLOW_CTX_DAG_RUN_ID=manual__2023-01-08T00:07:11.395065+00:00
[2023-01-07T21:12:02.784-0300] {logging_mixin.py:137} INFO - 3000
[2023-01-07T21:12:04.941-0300] {logging_mixin.py:137} INFO - 4000
[2023-01-07T21:12:07.432-0300] {logging_mixin.py:137} INFO - 5000
[2023-01-07T21:12:11.200-0300] {logging_mixin.py:137} INFO - 7000
[2023-01-07T21:12:13.698-0300] {logging_mixin.py:137} INFO - 8000
[2023-01-07T21:12:18.884-0300] {logging_mixin.py:137} INFO - 11000
[2023-01-07T21:12:23.456-0300] {logging_mixin.py:137} INFO - 12000
[2023-01-07T21:12:28.875-0300] {logging_mixin.py:137} INFO - 13000
[2023-01-07T21:12:35.147-0300] {logging_mixin.py:137} INFO - 14000
[2023-01-07T21:12:41.745-0300] {logging_mixin.py:137} INFO - 15000
[2023-01-07T21:12:48.860-0300] {logging_mixin.py:137} INFO - 16000
[2023-01-07T21:12:56.598-0300] {logging_mixin.py:137} INFO - 17000
[2023-01-07T21:13:04.964-0300] {logging_mixin.py:137} INFO - 18000
[2023-01-07T21:13:13.608-0300] {logging_mixin.py:137} INFO - 19000
[2023-01-07T21:13:23.463-0300] {logging_mixin.py:137} INFO - 20000
[2023-01-07T21:13:33.823-0300] {logging_mixin.py:137} INFO - 21000
[2023-01-07T21:13:44.321-0300] {logging_mixin.py:137} INFO - 22000
[2023-01-07T21:13:55.670-0300] {logging_mixin.py:137} INFO - 23000
[2023-01-07T21:14:07.451-0300] {logging_mixin.py:137} INFO - 24000
[2023-01-07T21:14:19.742-0300] {logging_mixin.py:137} INFO - 25000
[2023-01-07T21:14:33.964-0300] {logging_mixin.py:137} INFO - 26000
[2023-01-07T21:14:56.311-0300] {logging_mixin.py:137} INFO - 2000
[2023-01-07T21:14:58.856-0300] {logging_mixin.py:137} INFO - 3000
[2023-01-07T21:15:51.289-0300] {logging_mixin.py:137} INFO - 1000
[2023-01-07T21:15:53.402-0300] {logging_mixin.py:137} INFO - 2000
[2023-01-07T21:15:59.776-0300] {logging_mixin.py:137} INFO - 4000
[2023-01-07T21:16:03.470-0300] {logging_mixin.py:137} INFO - 5000
[2023-01-07T21:16:10.550-0300] {logging_mixin.py:137} INFO - 7000
[2023-01-07T21:16:19.985-0300] {logging_mixin.py:137} INFO - 9000
[2023-01-07T21:16:25.649-0300] {logging_mixin.py:137} INFO - 10000
[2023-01-07T21:16:31.213-0300] {logging_mixin.py:137} INFO - 11000
[2023-01-07T21:16:37.233-0300] {logging_mixin.py:137} INFO - 12000
[2023-01-07T21:16:50.512-0300] {logging_mixin.py:137} INFO - 14000
[2023-01-07T21:16:57.859-0300] {logging_mixin.py:137} INFO - 15000
[2023-01-07T21:17:14.384-0300] {logging_mixin.py:137} INFO - 17000
[2023-01-07T21:17:24.655-0300] {logging_mixin.py:137} INFO - 18000
[2023-01-07T21:17:33.335-0300] {logging_mixin.py:137} INFO - 19000
[2023-01-07T21:17:52.504-0300] {logging_mixin.py:137} INFO - 21000
[2023-01-07T21:18:02.764-0300] {logging_mixin.py:137} INFO - 22000
[2023-01-07T21:18:27.382-0300] {logging_mixin.py:137} INFO - 24000
[2023-01-07T21:18:41.220-0300] {logging_mixin.py:137} INFO - 25000
[2023-01-07T21:18:54.713-0300] {logging_mixin.py:137} INFO - 26000
[2023-01-07T21:19:10.318-0300] {logging_mixin.py:137} INFO - 27000
[2023-01-07T21:19:23.219-0300] {logging_mixin.py:137} INFO - 28000
[2023-01-07T21:20:03.296-0300] {logging_mixin.py:137} INFO - 31000
[2023-01-07T21:20:21.886-0300] {logging_mixin.py:137} INFO - 32000
[2023-01-07T21:20:44.396-0300] {logging_mixin.py:137} INFO - 33000
[2023-01-07T21:21:07.469-0300] {logging_mixin.py:137} INFO - 34000
[2023-01-07T21:21:54.905-0300] {logging_mixin.py:137} INFO - 36000
[2023-01-07T21:22:20.574-0300] {logging_mixin.py:137} INFO - 37000
[2023-01-07T21:22:45.461-0300] {logging_mixin.py:137} INFO - 38000
[2023-01-07T21:23:10.847-0300] {logging_mixin.py:137} INFO - 39000
[2023-01-07T21:23:36.400-0300] {logging_mixin.py:137} INFO - 40000
[2023-01-07T21:24:03.258-0300] {logging_mixin.py:137} INFO - 41000
[2023-01-07T21:24:32.437-0300] {logging_mixin.py:137} INFO - 42000
[2023-01-07T21:25:01.378-0300] {logging_mixin.py:137} INFO - 43000
[2023-01-07T21:26:05.512-0300] {logging_mixin.py:137} INFO - 45000
[2023-01-07T21:26:39.645-0300] {logging_mixin.py:137} INFO - 46000
[2023-01-07T21:27:09.816-0300] {logging_mixin.py:137} INFO - 47000
[2023-01-07T21:28:10.039-0300] {logging_mixin.py:137} INFO - 49000
[2023-01-07T21:28:41.135-0300] {logging_mixin.py:137} INFO - 50000
[2023-01-07T21:29:16.611-0300] {logging_mixin.py:137} INFO - 51000
[2023-01-07T21:29:53.086-0300] {logging_mixin.py:137} INFO - 52000
[2023-01-07T21:30:28.597-0300] {logging_mixin.py:137} INFO - 53000
[2023-01-07T21:31:07.853-0300] {logging_mixin.py:137} INFO - 54000
[2023-01-07T21:31:46.568-0300] {logging_mixin.py:137} INFO - 55000
[2023-01-07T21:32:28.503-0300] {logging_mixin.py:137} INFO - 56000
[2023-01-07T21:33:12.194-0300] {logging_mixin.py:137} INFO - 57000
[2023-01-07T21:33:56.761-0300] {logging_mixin.py:137} INFO - 58000
[2023-01-07T21:34:41.877-0300] {logging_mixin.py:137} INFO - 59000
[2023-01-07T21:35:27.189-0300] {logging_mixin.py:137} INFO - 60000
[2023-01-07T21:36:13.552-0300] {logging_mixin.py:137} INFO - 61000
[2023-01-07T21:37:00.641-0300] {logging_mixin.py:137} INFO - 62000
[2023-01-07T21:37:48.132-0300] {logging_mixin.py:137} INFO - 63000
[2023-01-07T21:38:36.156-0300] {logging_mixin.py:137} INFO - 64000
[2023-01-07T21:39:24.953-0300] {logging_mixin.py:137} INFO - 65000
[2023-01-07T21:40:14.610-0300] {logging_mixin.py:137} INFO - 66000
[2023-01-07T21:41:05.055-0300] {logging_mixin.py:137} INFO - 67000
[2023-01-07T21:41:56.047-0300] {logging_mixin.py:137} INFO - 68000
[2023-01-07T21:42:47.787-0300] {logging_mixin.py:137} INFO - 69000
[2023-01-07T21:43:40.040-0300] {logging_mixin.py:137} INFO - 70000
[2023-01-07T21:44:33.525-0300] {logging_mixin.py:137} INFO - 71000
[2023-01-07T21:45:27.781-0300] {logging_mixin.py:137} INFO - 72000
[2023-01-07T21:46:22.279-0300] {logging_mixin.py:137} INFO - 73000
[2023-01-07T21:47:17.003-0300] {logging_mixin.py:137} INFO - 74000
[2023-01-07T21:48:12.874-0300] {logging_mixin.py:137} INFO - 75000
[2023-01-07T21:49:12.410-0300] {logging_mixin.py:137} INFO - 76000
[2023-01-07T21:50:12.469-0300] {logging_mixin.py:137} INFO - 77000
[2023-01-07T21:51:10.889-0300] {logging_mixin.py:137} INFO - 78000
[2023-01-07T21:52:10.299-0300] {logging_mixin.py:137} INFO - 79000
[2023-01-07T21:53:09.568-0300] {logging_mixin.py:137} INFO - 80000
[2023-01-07T21:54:10.732-0300] {logging_mixin.py:137} INFO - 81000
[2023-01-07T21:55:12.310-0300] {logging_mixin.py:137} INFO - 82000
[2023-01-07T21:55:44.272-0300] {taskinstance.py:1483} ERROR - Received SIGTERM. Terminating subprocesses.
[2023-01-07T21:55:45.406-0300] {standard_task_runner.py:105} ERROR - Failed to execute job 280 for task extract_files ((psycopg2.OperationalError) connection to server at "localhost" (127.0.0.1), port 5432 failed: Connection refused
	Is the server running on that host and accepting TCP/IP connections?

(Background on this error at: https://sqlalche.me/e/14/e3q8); 10449)
