[2023-01-08T19:59:21.128-0300] {taskinstance.py:1087} INFO - Dependencies all met for <TaskInstance: download_uniprot.extract_files manual__2023-01-08T00:07:11.395065+00:00 [queued]>
[2023-01-08T19:59:21.139-0300] {taskinstance.py:1087} INFO - Dependencies all met for <TaskInstance: download_uniprot.extract_files manual__2023-01-08T00:07:11.395065+00:00 [queued]>
[2023-01-08T19:59:21.139-0300] {taskinstance.py:1283} INFO - 
--------------------------------------------------------------------------------
[2023-01-08T19:59:21.140-0300] {taskinstance.py:1284} INFO - Starting attempt 3 of 1
[2023-01-08T19:59:21.140-0300] {taskinstance.py:1285} INFO - 
--------------------------------------------------------------------------------
[2023-01-08T19:59:21.150-0300] {taskinstance.py:1304} INFO - Executing <Task(PythonOperator): extract_files> on 2023-01-08 00:07:11.395065+00:00
[2023-01-08T19:59:21.155-0300] {standard_task_runner.py:55} INFO - Started process 11731 to run task
[2023-01-08T19:59:21.158-0300] {standard_task_runner.py:82} INFO - Running: ['***', 'tasks', 'run', 'download_uniprot', 'extract_files', 'manual__2023-01-08T00:07:11.395065+00:00', '--job-id', '284', '--raw', '--subdir', 'DAGS_FOLDER/download_uniprot.py', '--cfg-path', '/tmp/tmp6a0guv_s']
[2023-01-08T19:59:21.159-0300] {standard_task_runner.py:83} INFO - Job 284: Subtask extract_files
[2023-01-08T19:59:21.226-0300] {task_command.py:389} INFO - Running <TaskInstance: download_uniprot.extract_files manual__2023-01-08T00:07:11.395065+00:00 [running]> on host kallo-Ubuntu
[2023-01-08T19:59:21.297-0300] {taskinstance.py:1513} INFO - Exporting the following env vars:
AIRFLOW_CTX_DAG_OWNER=Kallox
AIRFLOW_CTX_DAG_ID=download_uniprot
AIRFLOW_CTX_TASK_ID=extract_files
AIRFLOW_CTX_EXECUTION_DATE=2023-01-08T00:07:11.395065+00:00
AIRFLOW_CTX_TRY_NUMBER=3
AIRFLOW_CTX_DAG_RUN_ID=manual__2023-01-08T00:07:11.395065+00:00
[2023-01-08T19:59:33.523-0300] {logging_mixin.py:137} INFO - 3000
[2023-01-08T19:59:35.867-0300] {logging_mixin.py:137} INFO - 4000
[2023-01-08T19:59:38.592-0300] {logging_mixin.py:137} INFO - 5000
[2023-01-08T19:59:42.737-0300] {logging_mixin.py:137} INFO - 7000
[2023-01-08T19:59:45.439-0300] {logging_mixin.py:137} INFO - 8000
[2023-01-08T19:59:51.142-0300] {logging_mixin.py:137} INFO - 11000
[2023-01-08T19:59:56.482-0300] {logging_mixin.py:137} INFO - 12000
[2023-01-08T20:00:02.609-0300] {logging_mixin.py:137} INFO - 13000
[2023-01-08T20:00:09.488-0300] {logging_mixin.py:137} INFO - 14000
[2023-01-08T20:00:16.945-0300] {logging_mixin.py:137} INFO - 15000
[2023-01-08T20:00:25.060-0300] {logging_mixin.py:137} INFO - 16000
[2023-01-08T20:00:34.105-0300] {logging_mixin.py:137} INFO - 17000
[2023-01-08T20:00:43.512-0300] {logging_mixin.py:137} INFO - 18000
[2023-01-08T20:00:53.257-0300] {logging_mixin.py:137} INFO - 19000
[2023-01-08T20:01:04.002-0300] {logging_mixin.py:137} INFO - 20000
[2023-01-08T20:01:14.907-0300] {logging_mixin.py:137} INFO - 21000
[2023-01-08T20:01:26.511-0300] {logging_mixin.py:137} INFO - 22000
[2023-01-08T20:01:39.184-0300] {logging_mixin.py:137} INFO - 23000
[2023-01-08T20:01:52.121-0300] {logging_mixin.py:137} INFO - 24000
[2023-01-08T20:02:06.438-0300] {logging_mixin.py:137} INFO - 25000
[2023-01-08T20:02:20.958-0300] {logging_mixin.py:137} INFO - 26000
[2023-01-08T20:02:43.857-0300] {logging_mixin.py:137} INFO - 2000
[2023-01-08T20:02:46.638-0300] {logging_mixin.py:137} INFO - 3000
[2023-01-08T20:04:00.812-0300] {logging_mixin.py:137} INFO - 1000
[2023-01-08T20:04:02.521-0300] {logging_mixin.py:137} INFO - 2000
[2023-01-08T20:04:07.219-0300] {logging_mixin.py:137} INFO - 4000
[2023-01-08T20:04:10.092-0300] {logging_mixin.py:137} INFO - 5000
[2023-01-08T20:04:16.825-0300] {logging_mixin.py:137} INFO - 7000
[2023-01-08T20:04:27.545-0300] {logging_mixin.py:137} INFO - 9000
[2023-01-08T20:04:35.637-0300] {logging_mixin.py:137} INFO - 10000
[2023-01-08T20:04:43.617-0300] {logging_mixin.py:137} INFO - 11000
[2023-01-08T20:04:51.092-0300] {logging_mixin.py:137} INFO - 12000
[2023-01-08T20:05:04.212-0300] {logging_mixin.py:137} INFO - 14000
[2023-01-08T20:05:11.468-0300] {logging_mixin.py:137} INFO - 15000
[2023-01-08T20:05:26.632-0300] {logging_mixin.py:137} INFO - 17000
[2023-01-08T20:05:35.375-0300] {logging_mixin.py:137} INFO - 18000
[2023-01-08T20:05:44.278-0300] {logging_mixin.py:137} INFO - 19000
[2023-01-08T20:06:03.690-0300] {logging_mixin.py:137} INFO - 21000
[2023-01-08T20:06:14.130-0300] {logging_mixin.py:137} INFO - 22000
[2023-01-08T20:06:36.867-0300] {logging_mixin.py:137} INFO - 24000
[2023-01-08T20:06:49.763-0300] {logging_mixin.py:137} INFO - 25000
[2023-01-08T20:07:03.145-0300] {logging_mixin.py:137} INFO - 26000
[2023-01-08T20:07:17.870-0300] {logging_mixin.py:137} INFO - 27000
[2023-01-08T20:07:29.121-0300] {logging_mixin.py:137} INFO - 28000
[2023-01-08T20:08:06.219-0300] {logging_mixin.py:137} INFO - 31000
[2023-01-08T20:08:23.970-0300] {logging_mixin.py:137} INFO - 32000
[2023-01-08T20:08:42.923-0300] {logging_mixin.py:137} INFO - 33000
[2023-01-08T20:09:03.249-0300] {logging_mixin.py:137} INFO - 34000
[2023-01-08T20:09:46.557-0300] {logging_mixin.py:137} INFO - 36000
[2023-01-08T20:10:07.771-0300] {logging_mixin.py:137} INFO - 37000
[2023-01-08T20:10:31.047-0300] {logging_mixin.py:137} INFO - 38000
[2023-01-08T20:10:55.147-0300] {logging_mixin.py:137} INFO - 39000
[2023-01-08T20:11:18.489-0300] {logging_mixin.py:137} INFO - 40000
[2023-01-08T20:11:43.934-0300] {logging_mixin.py:137} INFO - 41000
[2023-01-08T20:12:10.206-0300] {logging_mixin.py:137} INFO - 42000
[2023-01-08T20:12:35.158-0300] {logging_mixin.py:137} INFO - 43000
[2023-01-08T20:13:28.735-0300] {logging_mixin.py:137} INFO - 45000
[2023-01-08T20:13:57.627-0300] {logging_mixin.py:137} INFO - 46000
[2023-01-08T20:14:25.757-0300] {logging_mixin.py:137} INFO - 47000
[2023-01-08T20:15:23.343-0300] {logging_mixin.py:137} INFO - 49000
[2023-01-08T20:15:53.144-0300] {logging_mixin.py:137} INFO - 50000
[2023-01-08T20:16:27.096-0300] {logging_mixin.py:137} INFO - 51000
[2023-01-08T20:17:01.522-0300] {logging_mixin.py:137} INFO - 52000
[2023-01-08T20:17:35.231-0300] {logging_mixin.py:137} INFO - 53000
[2023-01-08T20:18:12.378-0300] {logging_mixin.py:137} INFO - 54000
[2023-01-08T20:18:49.581-0300] {logging_mixin.py:137} INFO - 55000
[2023-01-08T20:19:31.006-0300] {logging_mixin.py:137} INFO - 56000
[2023-01-08T20:20:13.615-0300] {logging_mixin.py:137} INFO - 57000
[2023-01-08T20:20:56.955-0300] {logging_mixin.py:137} INFO - 58000
[2023-01-08T20:21:40.905-0300] {logging_mixin.py:137} INFO - 59000
[2023-01-08T20:22:25.363-0300] {logging_mixin.py:137} INFO - 60000
[2023-01-08T20:23:10.739-0300] {logging_mixin.py:137} INFO - 61000
[2023-01-08T20:23:57.077-0300] {logging_mixin.py:137} INFO - 62000
[2023-01-08T20:24:44.304-0300] {logging_mixin.py:137} INFO - 63000
[2023-01-08T20:25:32.213-0300] {logging_mixin.py:137} INFO - 64000
[2023-01-08T20:26:20.604-0300] {logging_mixin.py:137} INFO - 65000
[2023-01-08T20:27:10.035-0300] {logging_mixin.py:137} INFO - 66000
[2023-01-08T20:28:00.287-0300] {logging_mixin.py:137} INFO - 67000
[2023-01-08T20:28:51.097-0300] {logging_mixin.py:137} INFO - 68000
[2023-01-08T20:29:42.995-0300] {logging_mixin.py:137} INFO - 69000
[2023-01-08T20:30:34.969-0300] {logging_mixin.py:137} INFO - 70000
[2023-01-08T20:31:27.708-0300] {logging_mixin.py:137} INFO - 71000
[2023-01-08T20:32:21.491-0300] {logging_mixin.py:137} INFO - 72000
[2023-01-08T20:33:15.601-0300] {logging_mixin.py:137} INFO - 73000
[2023-01-08T20:34:10.058-0300] {logging_mixin.py:137} INFO - 74000
[2023-01-08T20:35:05.642-0300] {logging_mixin.py:137} INFO - 75000
[2023-01-08T20:36:01.648-0300] {logging_mixin.py:137} INFO - 76000
[2023-01-08T20:36:58.322-0300] {logging_mixin.py:137} INFO - 77000
[2023-01-08T20:37:55.591-0300] {logging_mixin.py:137} INFO - 78000
[2023-01-08T20:38:53.923-0300] {logging_mixin.py:137} INFO - 79000
[2023-01-08T20:39:53.582-0300] {logging_mixin.py:137} INFO - 80000
[2023-01-08T20:40:52.852-0300] {logging_mixin.py:137} INFO - 81000
[2023-01-08T20:41:52.875-0300] {logging_mixin.py:137} INFO - 82000
[2023-01-08T20:43:54.270-0300] {logging_mixin.py:137} INFO - 84000
[2023-01-08T20:44:56.049-0300] {logging_mixin.py:137} INFO - 85000
[2023-01-08T20:45:58.906-0300] {logging_mixin.py:137} INFO - 86000
[2023-01-08T20:47:02.382-0300] {logging_mixin.py:137} INFO - 87000
[2023-01-08T20:48:06.667-0300] {logging_mixin.py:137} INFO - 88000
[2023-01-08T20:49:11.419-0300] {logging_mixin.py:137} INFO - 89000
[2023-01-08T20:50:17.185-0300] {logging_mixin.py:137} INFO - 90000
[2023-01-08T20:51:28.279-0300] {logging_mixin.py:137} INFO - 91000
[2023-01-08T20:52:35.803-0300] {logging_mixin.py:137} INFO - 92000
[2023-01-08T20:53:44.342-0300] {logging_mixin.py:137} INFO - 93000
[2023-01-08T20:54:53.498-0300] {logging_mixin.py:137} INFO - 94000
[2023-01-08T20:56:02.856-0300] {logging_mixin.py:137} INFO - 95000
[2023-01-08T20:57:12.914-0300] {logging_mixin.py:137} INFO - 96000
[2023-01-08T20:58:23.767-0300] {logging_mixin.py:137} INFO - 97000
[2023-01-08T20:59:35.377-0300] {logging_mixin.py:137} INFO - 98000
[2023-01-08T21:00:47.759-0300] {logging_mixin.py:137} INFO - 99000
[2023-01-08T21:02:00.858-0300] {logging_mixin.py:137} INFO - 100000
[2023-01-08T21:03:14.513-0300] {logging_mixin.py:137} INFO - 101000
[2023-01-08T21:04:29.330-0300] {logging_mixin.py:137} INFO - 102000
[2023-01-08T21:05:44.395-0300] {logging_mixin.py:137} INFO - 103000
[2023-01-08T21:06:59.821-0300] {logging_mixin.py:137} INFO - 104000
[2023-01-08T21:08:16.325-0300] {logging_mixin.py:137} INFO - 105000
[2023-01-08T21:09:33.859-0300] {logging_mixin.py:137} INFO - 106000
[2023-01-08T21:24:39.757-0300] {local_task_job.py:159} INFO - Task exited with return code Negsignal.SIGKILL
[2023-01-08T21:24:40.046-0300] {taskinstance.py:2582} INFO - 0 downstream tasks scheduled from follow-on schedule check
