[2023-02-15T01:33:34.408-0300] {taskinstance.py:1087} INFO - Dependencies all met for <TaskInstance: download_uniprot.join_antibodies_files manual__2023-02-15T02:10:56.705877+00:00 [queued]>
[2023-02-15T01:33:34.422-0300] {taskinstance.py:1087} INFO - Dependencies all met for <TaskInstance: download_uniprot.join_antibodies_files manual__2023-02-15T02:10:56.705877+00:00 [queued]>
[2023-02-15T01:33:34.422-0300] {taskinstance.py:1283} INFO - 
--------------------------------------------------------------------------------
[2023-02-15T01:33:34.422-0300] {taskinstance.py:1284} INFO - Starting attempt 1 of 1
[2023-02-15T01:33:34.422-0300] {taskinstance.py:1285} INFO - 
--------------------------------------------------------------------------------
[2023-02-15T01:33:34.433-0300] {taskinstance.py:1304} INFO - Executing <Task(PythonOperator): join_antibodies_files> on 2023-02-15 02:10:56.705877+00:00
[2023-02-15T01:33:34.437-0300] {standard_task_runner.py:55} INFO - Started process 57524 to run task
[2023-02-15T01:33:34.439-0300] {standard_task_runner.py:82} INFO - Running: ['***', 'tasks', 'run', 'download_uniprot', 'join_antibodies_files', 'manual__2023-02-15T02:10:56.705877+00:00', '--job-id', '404', '--raw', '--subdir', 'DAGS_FOLDER/download_uniprot.py', '--cfg-path', '/tmp/tmpcrix9ftr']
[2023-02-15T01:33:34.440-0300] {standard_task_runner.py:83} INFO - Job 404: Subtask join_antibodies_files
[2023-02-15T01:33:34.502-0300] {task_command.py:389} INFO - Running <TaskInstance: download_uniprot.join_antibodies_files manual__2023-02-15T02:10:56.705877+00:00 [running]> on host kallo-Ubuntu
[2023-02-15T01:33:34.571-0300] {taskinstance.py:1513} INFO - Exporting the following env vars:
AIRFLOW_CTX_DAG_OWNER=Kallox
AIRFLOW_CTX_DAG_ID=download_uniprot
AIRFLOW_CTX_TASK_ID=join_antibodies_files
AIRFLOW_CTX_EXECUTION_DATE=2023-02-15T02:10:56.705877+00:00
AIRFLOW_CTX_TRY_NUMBER=1
AIRFLOW_CTX_DAG_RUN_ID=manual__2023-02-15T02:10:56.705877+00:00
[2023-02-15T01:33:36.986-0300] {python.py:177} INFO - Done. Returned value was: None
[2023-02-15T01:33:36.997-0300] {taskinstance.py:1327} INFO - Marking task as SUCCESS. dag_id=download_uniprot, task_id=join_antibodies_files, execution_date=20230215T021056, start_date=20230215T043334, end_date=20230215T043336
[2023-02-15T01:33:37.057-0300] {local_task_job.py:159} INFO - Task exited with return code 0
[2023-02-15T01:33:37.085-0300] {taskinstance.py:2582} INFO - 2 downstream tasks scheduled from follow-on schedule check
