[2022-12-29T17:27:00.646-0300] {taskinstance.py:1087} INFO - Dependencies all met for <TaskInstance: download_catnap.download_files scheduled__2022-11-06T00:00:00+00:00 [queued]>
[2022-12-29T17:27:00.668-0300] {taskinstance.py:1087} INFO - Dependencies all met for <TaskInstance: download_catnap.download_files scheduled__2022-11-06T00:00:00+00:00 [queued]>
[2022-12-29T17:27:00.668-0300] {taskinstance.py:1283} INFO - 
--------------------------------------------------------------------------------
[2022-12-29T17:27:00.669-0300] {taskinstance.py:1284} INFO - Starting attempt 1 of 1
[2022-12-29T17:27:00.669-0300] {taskinstance.py:1285} INFO - 
--------------------------------------------------------------------------------
[2022-12-29T17:27:00.804-0300] {taskinstance.py:1304} INFO - Executing <Task(PythonOperator): download_files> on 2022-11-06 00:00:00+00:00
[2022-12-29T17:27:00.811-0300] {standard_task_runner.py:55} INFO - Started process 25096 to run task
[2022-12-29T17:27:00.814-0300] {standard_task_runner.py:82} INFO - Running: ['***', 'tasks', 'run', 'download_catnap', 'download_files', 'scheduled__2022-11-06T00:00:00+00:00', '--job-id', '36', '--raw', '--subdir', 'DAGS_FOLDER/download_catnap.py', '--cfg-path', '/tmp/tmpknoo1bqg']
[2022-12-29T17:27:00.815-0300] {standard_task_runner.py:83} INFO - Job 36: Subtask download_files
[2022-12-29T17:27:00.988-0300] {task_command.py:389} INFO - Running <TaskInstance: download_catnap.download_files scheduled__2022-11-06T00:00:00+00:00 [running]> on host kallo-Ubuntu
[2022-12-29T17:27:01.137-0300] {taskinstance.py:1513} INFO - Exporting the following env vars:
AIRFLOW_CTX_DAG_OWNER=admin
AIRFLOW_CTX_DAG_ID=download_catnap
AIRFLOW_CTX_TASK_ID=download_files
AIRFLOW_CTX_EXECUTION_DATE=2022-11-06T00:00:00+00:00
AIRFLOW_CTX_TRY_NUMBER=1
AIRFLOW_CTX_DAG_RUN_ID=scheduled__2022-11-06T00:00:00+00:00
[2022-12-29T17:27:36.969-0300] {logging_mixin.py:137} INFO - Assay downloaded.
[2022-12-29T17:27:36.979-0300] {logging_mixin.py:137} INFO - Assay.tsv saved.
[2022-12-29T17:27:39.328-0300] {logging_mixin.py:137} INFO - Antibodies downloaded.
[2022-12-29T17:27:39.329-0300] {logging_mixin.py:137} INFO - Antibodies.tsv saved.
[2022-12-29T17:27:40.744-0300] {logging_mixin.py:137} INFO - Antibodies_germlines downloaded.
[2022-12-29T17:27:40.745-0300] {logging_mixin.py:137} INFO - Antibodies_germlines.tsv saved.
[2022-12-29T17:27:42.448-0300] {logging_mixin.py:137} INFO - Antibody_heavy_chain_na_sequences downloaded.
[2022-12-29T17:27:42.450-0300] {logging_mixin.py:137} INFO - Antibody_heavy_chain_na_sequences.fasta saved.
[2022-12-29T17:27:44.118-0300] {logging_mixin.py:137} INFO - Antibody_heavy_chain_aa_sequences downloaded.
[2022-12-29T17:27:44.119-0300] {logging_mixin.py:137} INFO - Antibody_heavy_chain_aa_sequences.fasta saved.
[2022-12-29T17:27:45.771-0300] {logging_mixin.py:137} INFO - Antibody_light_chain_na_sequences downloaded.
[2022-12-29T17:27:45.772-0300] {logging_mixin.py:137} INFO - Antibody_light_chain_na_sequences.fasta saved.
[2022-12-29T17:27:47.171-0300] {logging_mixin.py:137} INFO - Antibody_light_chain_aa_sequences downloaded.
[2022-12-29T17:27:47.172-0300] {logging_mixin.py:137} INFO - Antibody_light_chain_aa_sequences.fasta saved.
[2022-12-29T17:27:49.247-0300] {logging_mixin.py:137} INFO - Viruses downloaded.
[2022-12-29T17:27:49.247-0300] {logging_mixin.py:137} INFO - Viruses.tsv saved.
[2022-12-29T17:28:05.960-0300] {logging_mixin.py:137} INFO - Virus_na_alignment downloaded.
[2022-12-29T17:28:05.966-0300] {logging_mixin.py:137} INFO - Virus_na_alignment.tsv saved.
[2022-12-29T17:28:12.449-0300] {logging_mixin.py:137} INFO - Virus_aa_alignment downloaded.
[2022-12-29T17:28:12.453-0300] {logging_mixin.py:137} INFO - Virus_aa_alignment.tsv saved.
[2022-12-29T17:28:12.453-0300] {python.py:177} INFO - Done. Returned value was: None
[2022-12-29T17:28:12.473-0300] {taskinstance.py:1327} INFO - Marking task as SUCCESS. dag_id=download_catnap, task_id=download_files, execution_date=20221106T000000, start_date=20221229T202700, end_date=20221229T202812
[2022-12-29T17:28:12.533-0300] {local_task_job.py:159} INFO - Task exited with return code 0
[2022-12-29T17:28:12.568-0300] {taskinstance.py:2582} INFO - 1 downstream tasks scheduled from follow-on schedule check
