[2022-12-29T17:31:21.768-0300] {taskinstance.py:1087} INFO - Dependencies all met for <TaskInstance: download_catnap.download_files scheduled__2022-12-23T00:00:00+00:00 [queued]>
[2022-12-29T17:31:21.784-0300] {taskinstance.py:1087} INFO - Dependencies all met for <TaskInstance: download_catnap.download_files scheduled__2022-12-23T00:00:00+00:00 [queued]>
[2022-12-29T17:31:21.784-0300] {taskinstance.py:1283} INFO - 
--------------------------------------------------------------------------------
[2022-12-29T17:31:21.785-0300] {taskinstance.py:1284} INFO - Starting attempt 1 of 1
[2022-12-29T17:31:21.785-0300] {taskinstance.py:1285} INFO - 
--------------------------------------------------------------------------------
[2022-12-29T17:31:21.801-0300] {taskinstance.py:1304} INFO - Executing <Task(PythonOperator): download_files> on 2022-12-23 00:00:00+00:00
[2022-12-29T17:31:21.807-0300] {standard_task_runner.py:55} INFO - Started process 31658 to run task
[2022-12-29T17:31:21.810-0300] {standard_task_runner.py:82} INFO - Running: ['***', 'tasks', 'run', 'download_catnap', 'download_files', 'scheduled__2022-12-23T00:00:00+00:00', '--job-id', '129', '--raw', '--subdir', 'DAGS_FOLDER/download_catnap.py', '--cfg-path', '/tmp/tmpft3_jygd']
[2022-12-29T17:31:21.811-0300] {standard_task_runner.py:83} INFO - Job 129: Subtask download_files
[2022-12-29T17:31:21.905-0300] {task_command.py:389} INFO - Running <TaskInstance: download_catnap.download_files scheduled__2022-12-23T00:00:00+00:00 [running]> on host kallo-Ubuntu
[2022-12-29T17:31:22.002-0300] {taskinstance.py:1513} INFO - Exporting the following env vars:
AIRFLOW_CTX_DAG_OWNER=admin
AIRFLOW_CTX_DAG_ID=download_catnap
AIRFLOW_CTX_TASK_ID=download_files
AIRFLOW_CTX_EXECUTION_DATE=2022-12-23T00:00:00+00:00
AIRFLOW_CTX_TRY_NUMBER=1
AIRFLOW_CTX_DAG_RUN_ID=scheduled__2022-12-23T00:00:00+00:00
[2022-12-29T17:31:57.229-0300] {logging_mixin.py:137} INFO - Assay downloaded.
[2022-12-29T17:31:57.250-0300] {logging_mixin.py:137} INFO - Assay.tsv saved.
[2022-12-29T17:31:58.740-0300] {logging_mixin.py:137} INFO - Antibodies downloaded.
[2022-12-29T17:31:58.741-0300] {logging_mixin.py:137} INFO - Antibodies.tsv saved.
[2022-12-29T17:32:00.001-0300] {logging_mixin.py:137} INFO - Antibodies_germlines downloaded.
[2022-12-29T17:32:00.003-0300] {logging_mixin.py:137} INFO - Antibodies_germlines.tsv saved.
[2022-12-29T17:32:01.620-0300] {logging_mixin.py:137} INFO - Antibody_heavy_chain_na_sequences downloaded.
[2022-12-29T17:32:01.621-0300] {logging_mixin.py:137} INFO - Antibody_heavy_chain_na_sequences.fasta saved.
[2022-12-29T17:32:03.034-0300] {logging_mixin.py:137} INFO - Antibody_heavy_chain_aa_sequences downloaded.
[2022-12-29T17:32:03.035-0300] {logging_mixin.py:137} INFO - Antibody_heavy_chain_aa_sequences.fasta saved.
[2022-12-29T17:32:04.660-0300] {logging_mixin.py:137} INFO - Antibody_light_chain_na_sequences downloaded.
[2022-12-29T17:32:04.661-0300] {logging_mixin.py:137} INFO - Antibody_light_chain_na_sequences.fasta saved.
[2022-12-29T17:32:06.134-0300] {logging_mixin.py:137} INFO - Antibody_light_chain_aa_sequences downloaded.
[2022-12-29T17:32:06.135-0300] {logging_mixin.py:137} INFO - Antibody_light_chain_aa_sequences.fasta saved.
[2022-12-29T17:32:08.069-0300] {logging_mixin.py:137} INFO - Viruses downloaded.
[2022-12-29T17:32:08.070-0300] {logging_mixin.py:137} INFO - Viruses.tsv saved.
[2022-12-29T17:32:23.990-0300] {logging_mixin.py:137} INFO - Virus_na_alignment downloaded.
[2022-12-29T17:32:24.001-0300] {logging_mixin.py:137} INFO - Virus_na_alignment.tsv saved.
[2022-12-29T17:32:30.137-0300] {logging_mixin.py:137} INFO - Virus_aa_alignment downloaded.
[2022-12-29T17:32:30.142-0300] {logging_mixin.py:137} INFO - Virus_aa_alignment.tsv saved.
[2022-12-29T17:32:30.143-0300] {python.py:177} INFO - Done. Returned value was: None
[2022-12-29T17:32:30.160-0300] {taskinstance.py:1327} INFO - Marking task as SUCCESS. dag_id=download_catnap, task_id=download_files, execution_date=20221223T000000, start_date=20221229T203121, end_date=20221229T203230
[2022-12-29T17:32:30.214-0300] {local_task_job.py:159} INFO - Task exited with return code 0
[2022-12-29T17:32:30.253-0300] {taskinstance.py:2582} INFO - 1 downstream tasks scheduled from follow-on schedule check
