[2023-01-23T14:28:17.237-0300] {taskinstance.py:1087} INFO - Dependencies all met for <TaskInstance: download_catnap.extract_files scheduled__2023-01-22T00:00:00+00:00 [queued]>
[2023-01-23T14:28:17.252-0300] {taskinstance.py:1087} INFO - Dependencies all met for <TaskInstance: download_catnap.extract_files scheduled__2023-01-22T00:00:00+00:00 [queued]>
[2023-01-23T14:28:17.252-0300] {taskinstance.py:1283} INFO - 
--------------------------------------------------------------------------------
[2023-01-23T14:28:17.252-0300] {taskinstance.py:1284} INFO - Starting attempt 1 of 1
[2023-01-23T14:28:17.252-0300] {taskinstance.py:1285} INFO - 
--------------------------------------------------------------------------------
[2023-01-23T14:28:17.274-0300] {taskinstance.py:1304} INFO - Executing <Task(PythonOperator): extract_files> on 2023-01-22 00:00:00+00:00
[2023-01-23T14:28:17.280-0300] {standard_task_runner.py:55} INFO - Started process 5203 to run task
[2023-01-23T14:28:17.282-0300] {standard_task_runner.py:82} INFO - Running: ['***', 'tasks', 'run', 'download_catnap', 'extract_files', 'scheduled__2023-01-22T00:00:00+00:00', '--job-id', '335', '--raw', '--subdir', 'DAGS_FOLDER/download_catnap.py', '--cfg-path', '/tmp/tmpothu6n7l']
[2023-01-23T14:28:17.284-0300] {standard_task_runner.py:83} INFO - Job 335: Subtask extract_files
[2023-01-23T14:28:17.370-0300] {task_command.py:389} INFO - Running <TaskInstance: download_catnap.extract_files scheduled__2023-01-22T00:00:00+00:00 [running]> on host kallo-Ubuntu
[2023-01-23T14:28:17.467-0300] {taskinstance.py:1513} INFO - Exporting the following env vars:
AIRFLOW_CTX_DAG_OWNER=admin
AIRFLOW_CTX_DAG_ID=download_catnap
AIRFLOW_CTX_TASK_ID=extract_files
AIRFLOW_CTX_EXECUTION_DATE=2023-01-22T00:00:00+00:00
AIRFLOW_CTX_TRY_NUMBER=1
AIRFLOW_CTX_DAG_RUN_ID=scheduled__2023-01-22T00:00:00+00:00
[2023-01-23T14:28:20.240-0300] {python.py:177} INFO - Done. Returned value was: None
[2023-01-23T14:28:20.255-0300] {taskinstance.py:1327} INFO - Marking task as SUCCESS. dag_id=download_catnap, task_id=extract_files, execution_date=20230122T000000, start_date=20230123T172817, end_date=20230123T172820
[2023-01-23T14:28:20.303-0300] {local_task_job.py:159} INFO - Task exited with return code 0
[2023-01-23T14:28:20.343-0300] {taskinstance.py:2582} INFO - 1 downstream tasks scheduled from follow-on schedule check
