[2023-02-14T22:37:13.438-0300] {taskinstance.py:1087} INFO - Dependencies all met for <TaskInstance: download_uniprot.download_files manual__2023-02-15T01:37:11.265628+00:00 [queued]>
[2023-02-14T22:37:13.449-0300] {taskinstance.py:1087} INFO - Dependencies all met for <TaskInstance: download_uniprot.download_files manual__2023-02-15T01:37:11.265628+00:00 [queued]>
[2023-02-14T22:37:13.449-0300] {taskinstance.py:1283} INFO - 
--------------------------------------------------------------------------------
[2023-02-14T22:37:13.449-0300] {taskinstance.py:1284} INFO - Starting attempt 1 of 1
[2023-02-14T22:37:13.449-0300] {taskinstance.py:1285} INFO - 
--------------------------------------------------------------------------------
[2023-02-14T22:37:13.459-0300] {taskinstance.py:1304} INFO - Executing <Task(PythonOperator): download_files> on 2023-02-15 01:37:11.265628+00:00
[2023-02-14T22:37:13.463-0300] {standard_task_runner.py:55} INFO - Started process 15647 to run task
[2023-02-14T22:37:13.466-0300] {standard_task_runner.py:82} INFO - Running: ['***', 'tasks', 'run', 'download_uniprot', 'download_files', 'manual__2023-02-15T01:37:11.265628+00:00', '--job-id', '400', '--raw', '--subdir', 'DAGS_FOLDER/download_uniprot.py', '--cfg-path', '/tmp/tmpvq7mza0i']
[2023-02-14T22:37:13.466-0300] {standard_task_runner.py:83} INFO - Job 400: Subtask download_files
[2023-02-14T22:37:13.523-0300] {task_command.py:389} INFO - Running <TaskInstance: download_uniprot.download_files manual__2023-02-15T01:37:11.265628+00:00 [running]> on host kallo-Ubuntu
[2023-02-14T22:37:13.589-0300] {taskinstance.py:1513} INFO - Exporting the following env vars:
AIRFLOW_CTX_DAG_OWNER=Kallox
AIRFLOW_CTX_DAG_ID=download_uniprot
AIRFLOW_CTX_TASK_ID=download_files
AIRFLOW_CTX_EXECUTION_DATE=2023-02-15T01:37:11.265628+00:00
AIRFLOW_CTX_TRY_NUMBER=1
AIRFLOW_CTX_DAG_RUN_ID=manual__2023-02-15T01:37:11.265628+00:00
[2023-02-14T22:37:44.599-0300] {logging_mixin.py:137} INFO - antibody.json saved.
[2023-02-14T22:38:20.544-0300] {logging_mixin.py:137} INFO - abcd.json saved.
[2023-02-14T22:38:34.515-0300] {logging_mixin.py:137} INFO - imgtgene.json saved.
[2023-02-14T22:46:31.360-0300] {logging_mixin.py:137} INFO - antibodypedia.json saved.
[2023-02-14T22:46:40.261-0300] {logging_mixin.py:137} INFO - cptc.json saved.
[2023-02-14T22:50:26.054-0300] {logging_mixin.py:137} INFO - antigens.tsv saved.
[2023-02-14T22:50:26.054-0300] {python.py:177} INFO - Done. Returned value was: None
[2023-02-14T22:50:26.065-0300] {taskinstance.py:1327} INFO - Marking task as SUCCESS. dag_id=download_uniprot, task_id=download_files, execution_date=20230215T013711, start_date=20230215T013713, end_date=20230215T015026
[2023-02-14T22:50:26.126-0300] {local_task_job.py:159} INFO - Task exited with return code 0
[2023-02-14T22:50:26.154-0300] {taskinstance.py:2582} INFO - 1 downstream tasks scheduled from follow-on schedule check
